[ {
    "Program_details": {
        "program": "hts_Primers",
        "version": "1.3.2",
        "options": {
            "flip": true,
            "float": 0,
            "force": false,
            "keep": false,
            "min_primer_matches": 2,
            "notes": "",
            "primer_end_mismatches": 0,
            "primer_mismatches": 0,
            "primers_3p": "../lc_primers.fasta",
            "primers_5p": "GATCACCAGTGGTATCAACGCAGAGTACATGGGG",
            "read1-input": [ "/nmspipeline//01-Processing/TRIMMER0090_P79/00-RawData/TRIMMER_Plate79_S1_L001_R1_001_sub.fastq.gz"],
            "read2-input": [ "/nmspipeline//01-Processing/TRIMMER0090_P79/00-RawData/TRIMMER_Plate79_S1_L001_R2_001_sub.fastq.gz"],
            "stats-file": "/nmspipeline//01-Processing/TRIMMER0090_P79/01-PrimerTrim/02-SMARTindex_LC_primers.log",
            "uncompressed": false
        },
        "primers": [ ["p5primer1","GATCACCAGTGGTATCAACGCAGAGTACATGGGG"], ["KaLC.6_REV_LC","GGATACAGTTGGTGCAGCATC"], ["LaLC.R-mIGL","ATCGTACACACCAGTGTGGC"], ["p5primer1","GATCACCAGTGGTATCAACGCAGAGTACATGGGG"], ["KaLC.6_REV_LC","GGATACAGTTGGTGCAGCATC"], ["LaLC.R-mIGL","ATCGTACACACCAGTGTGGC"] ]
    },
    "Fragment": {
        "in": 100000,
        "out": 465,
        "basepairs_in": 60000000,
        "basepairs_out": 253432,
        "flipped": 197,
        "primers_counts": [ ["p5primer1","LaLC.R-mIGL",7], ["p5primer1","None",450], ["p5primer1","KaLC.6_REV_LC",458], ["None","None",39924], ["None","KaLC.6_REV_LC",56322], ["None","LaLC.R-mIGL",2839] ]
    },
    "Single_end": {
        "in": 0,
        "out": 0,
        "basepairs_in": 0,
        "basepairs_out": 0,
        "primerTrim": 0,
        "primerBpTrim": 0,
        "discarded": 0
    },
    "Paired_end": {
        "in": 100000,
        "out": 465,
        "discarded": 99535,
        "Read1": {
            "basepairs_in": 30000000,
            "basepairs_out": 123690,
            "primerTrim": 465,
            "primerBpTrim": 15810
        },
        "Read2": {
            "basepairs_in": 30000000,
            "basepairs_out": 129742,
            "primerTrim": 465,
            "primerBpTrim": 9758
        }
    }
  }, {
    "Program_details": {
        "program": "hts_NTrimmer",
        "version": "1.3.2",
        "options": {
            "append-stats-file": "/nmspipeline//01-Processing/TRIMMER0090_P79/01-PrimerTrim/02-SMARTindex_LC_primers.log",
            "exclude": true,
            "force": false,
            "notes": "",
            "uncompressed": false
        }
    },
    "Fragment": {
        "in": 465,
        "out": 465,
        "basepairs_in": 253432,
        "basepairs_out": 253432
    },
    "Single_end": {
        "in": 0,
        "out": 0,
        "basepairs_in": 0,
        "basepairs_out": 0,
        "rightTrim": 0,
        "leftTrim": 0,
        "discarded": 0
    },
    "Paired_end": {
        "in": 465,
        "out": 465,
        "discarded": 0,
        "Read1": {
            "basepairs_in": 123690,
            "basepairs_out": 123690,
            "leftTrim": 0,
            "rightTrim": 0
        },
        "Read2": {
            "basepairs_in": 129742,
            "basepairs_out": 129742,
            "leftTrim": 0,
            "rightTrim": 0
        }
    }
  }, {
    "Program_details": {
        "program": "hts_SeqScreener",
        "version": "1.3.2",
        "options": {
            "append-stats-file": "/nmspipeline//01-Processing/TRIMMER0090_P79/01-PrimerTrim/02-SMARTindex_LC_primers.log",
            "check-read-2": true,
            "force": false,
            "inverse": false,
            "kmer": 21,
            "notes": "",
            "percentage-hits": 0.01,
            "record": true,
            "seq": "../aberrant_LC.fasta",
            "uncompressed": false
        },
        "screen_info": {
            "screenBP": 96,
            "lookupKmers": 8
        }
    },
    "Fragment": {
        "in": 465,
        "out": 465,
        "basepairs_in": 253432,
        "basepairs_out": 253432
    },
    "Single_end": {
        "in": 0,
        "out": 0,
        "basepairs_in": 0,
        "basepairs_out": 0,
        "hits": 0
    },
    "Paired_end": {
        "in": 465,
        "out": 465,
        "hits": 71,
        "Read1": {
            "basepairs_in": 123690,
            "basepairs_out": 123690
        },
        "Read2": {
            "basepairs_in": 129742,
            "basepairs_out": 129742
        }
    }
  }, {
    "Program_details": {
        "program": "hts_QWindowTrim",
        "version": "1.3.2",
        "options": {
            "append-stats-file": "/nmspipeline//01-Processing/TRIMMER0090_P79/01-PrimerTrim/02-SMARTindex_LC_primers.log",
            "avg-qual-score": 10,
            "force": false,
            "no-left": true,
            "no-right": false,
            "notes": "",
            "qual-offset": 33,
            "uncompressed": false,
            "window-size": 10
        }
    },
    "Fragment": {
        "in": 465,
        "out": 465,
        "basepairs_in": 253432,
        "basepairs_out": 252636
    },
    "Single_end": {
        "in": 0,
        "out": 0,
        "basepairs_in": 0,
        "basepairs_out": 0,
        "rightTrim": 0,
        "leftTrim": 0
    },
    "Paired_end": {
        "in": 465,
        "out": 465,
        "Read1": {
            "basepairs_in": 123690,
            "basepairs_out": 123350,
            "leftTrim": 0,
            "rightTrim": 340
        },
        "Read2": {
            "basepairs_in": 129742,
            "basepairs_out": 129286,
            "leftTrim": 0,
            "rightTrim": 456
        }
    }
  }, {
    "Program_details": {
        "program": "hts_Overlapper",
        "version": "1.3.2",
        "options": {
            "append-stats-file": "/nmspipeline//01-Processing/TRIMMER0090_P79/01-PrimerTrim/02-SMARTindex_LC_primers.log",
            "check-lengths": 20,
            "force": false,
            "force-pairs": false,
            "kmer": 8,
            "kmer-offset": 1,
            "max-mismatch": 100,
            "max-mismatch-errorDensity": 0.25,
            "min-overlap": 8,
            "notes": "",
            "number-of-threads": 1,
            "uncompressed": false
        }
    },
    "Fragment": {
        "in": 465,
        "out": 465,
        "basepairs_in": 252636,
        "basepairs_out": 195603,
        "inserts": {
            "short": 33,
            "medium": 394,
            "long": 38
        },
        "overlap_histogram": [ [14,1], [15,3], [20,1], [26,1], [30,1], [47,2], [49,2], [64,1], [73,1], [81,1], [85,1], [87,2], [88,1], [89,1], [91,1], [93,2], [105,1], [115,1], [121,1], [125,1], [127,1], [136,1], [137,1], [158,1], [206,1], [213,1], [242,1], [284,1], [290,1], [298,1], [336,1], [345,3], [346,1], [360,2], [390,2], [392,1], [396,2], [397,1], [398,1], [399,1], [401,1], [402,1], [404,1], [410,1], [411,1], [413,1], [418,18], [420,2], [421,5], [422,8], [423,10], [425,1], [432,1], [433,1], [434,1], [437,3], [438,3], [439,1], [440,19], [441,36], [442,18], [443,6], [444,181], [445,49], [446,3], [454,1], [463,1], [506,1], [528,1] ]
    },
    "Single_end": {
        "in": 0,
        "out": 427,
        "basepairs_in": 0,
        "basepairs_out": 175022
    },
    "Paired_end": {
        "in": 465,
        "out": 38,
        "Read1": {
            "basepairs_in": 123350,
            "basepairs_out": 10087
        },
        "Read2": {
            "basepairs_in": 129286,
            "basepairs_out": 10494
        }
    }
  }, {
    "Program_details": {
        "program": "hts_LengthFilter",
        "version": "1.3.2",
        "options": {
            "append-stats-file": "/nmspipeline//01-Processing/TRIMMER0090_P79/01-PrimerTrim/02-SMARTindex_LC_primers.log",
            "fastq-output": "/nmspipeline//01-Processing/TRIMMER0090_P79/01-PrimerTrim/02-SMARTindex_LC_primers",
            "force": true,
            "max-length": 0,
            "min-length": 385,
            "no-orphans": false,
            "notes": "",
            "stranded": false,
            "uncompressed": false
        }
    },
    "Fragment": {
        "in": 465,
        "out": 384,
        "basepairs_in": 195603,
        "basepairs_out": 168770
    },
    "Single_end": {
        "in": 427,
        "out": 384,
        "basepairs_in": 175022,
        "basepairs_out": 168770,
        "discarded": 43
    },
    "Paired_end": {
        "in": 38,
        "out": 0,
        "discarded": 38,
        "Read1": {
            "basepairs_in": 10087,
            "basepairs_out": 0,
            "discarded": 0
        },
        "Read2": {
            "basepairs_in": 10494,
            "basepairs_out": 0,
            "discarded": 0
        }
    }
  }
]
