[ {
    "Program_details": {
        "program": "hts_Primers",
        "version": "1.3.2",
        "options": {
            "flip": true,
            "float": 0,
            "force": false,
            "keep": false,
            "min_primer_matches": 2,
            "notes": "",
            "primer_end_mismatches": 0,
            "primer_mismatches": 0,
            "primers_3p": "../lc_primers.fasta",
            "primers_5p": "ACCAGTCAGTGGTATCAACGCAGAGTACATGGGG",
            "read1-input": [ "/nmspipeline//01-Processing/TRIMMER0090_P79/00-RawData/TRIMMER_Plate79_S1_L001_R1_001_sub.fastq.gz"],
            "read2-input": [ "/nmspipeline//01-Processing/TRIMMER0090_P79/00-RawData/TRIMMER_Plate79_S1_L001_R2_001_sub.fastq.gz"],
            "stats-file": "/nmspipeline//01-Processing/TRIMMER0090_P79/01-PrimerTrim/03-SMARTindex_LC_primers.log",
            "uncompressed": false
        },
        "primers": [ ["p5primer1","ACCAGTCAGTGGTATCAACGCAGAGTACATGGGG"], ["KaLC.6_REV_LC","GGATACAGTTGGTGCAGCATC"], ["LaLC.R-mIGL","ATCGTACACACCAGTGTGGC"], ["p5primer1","ACCAGTCAGTGGTATCAACGCAGAGTACATGGGG"], ["KaLC.6_REV_LC","GGATACAGTTGGTGCAGCATC"], ["LaLC.R-mIGL","ATCGTACACACCAGTGTGGC"] ]
    },
    "Fragment": {
        "in": 100000,
        "out": 58,
        "basepairs_in": 60000000,
        "basepairs_out": 31628,
        "flipped": 19,
        "primers_counts": [ ["p5primer1","KaLC.6_REV_LC",40], ["p5primer1","None",59], ["p5primer1","LaLC.R-mIGL",18], ["None","None",40315], ["None","KaLC.6_REV_LC",56740], ["None","LaLC.R-mIGL",2828] ]
    },
    "Single_end": {
        "in": 0,
        "out": 0,
        "basepairs_in": 0,
        "basepairs_out": 0,
        "primerTrim": 0,
        "primerBpTrim": 0,
        "discarded": 0
    },
    "Paired_end": {
        "in": 100000,
        "out": 58,
        "discarded": 99942,
        "Read1": {
            "basepairs_in": 30000000,
            "basepairs_out": 15428,
            "primerTrim": 58,
            "primerBpTrim": 1972
        },
        "Read2": {
            "basepairs_in": 30000000,
            "basepairs_out": 16200,
            "primerTrim": 58,
            "primerBpTrim": 1200
        }
    }
  }, {
    "Program_details": {
        "program": "hts_NTrimmer",
        "version": "1.3.2",
        "options": {
            "append-stats-file": "/nmspipeline//01-Processing/TRIMMER0090_P79/01-PrimerTrim/03-SMARTindex_LC_primers.log",
            "exclude": true,
            "force": false,
            "notes": "",
            "uncompressed": false
        }
    },
    "Fragment": {
        "in": 58,
        "out": 58,
        "basepairs_in": 31628,
        "basepairs_out": 31628
    },
    "Single_end": {
        "in": 0,
        "out": 0,
        "basepairs_in": 0,
        "basepairs_out": 0,
        "rightTrim": 0,
        "leftTrim": 0,
        "discarded": 0
    },
    "Paired_end": {
        "in": 58,
        "out": 58,
        "discarded": 0,
        "Read1": {
            "basepairs_in": 15428,
            "basepairs_out": 15428,
            "leftTrim": 0,
            "rightTrim": 0
        },
        "Read2": {
            "basepairs_in": 16200,
            "basepairs_out": 16200,
            "leftTrim": 0,
            "rightTrim": 0
        }
    }
  }, {
    "Program_details": {
        "program": "hts_SeqScreener",
        "version": "1.3.2",
        "options": {
            "append-stats-file": "/nmspipeline//01-Processing/TRIMMER0090_P79/01-PrimerTrim/03-SMARTindex_LC_primers.log",
            "check-read-2": true,
            "force": false,
            "inverse": false,
            "kmer": 21,
            "notes": "",
            "percentage-hits": 0.01,
            "record": true,
            "seq": "../aberrant_LC.fasta",
            "uncompressed": false
        },
        "screen_info": {
            "screenBP": 96,
            "lookupKmers": 8
        }
    },
    "Fragment": {
        "in": 58,
        "out": 58,
        "basepairs_in": 31628,
        "basepairs_out": 31628
    },
    "Single_end": {
        "in": 0,
        "out": 0,
        "basepairs_in": 0,
        "basepairs_out": 0,
        "hits": 0
    },
    "Paired_end": {
        "in": 58,
        "out": 58,
        "hits": 33,
        "Read1": {
            "basepairs_in": 15428,
            "basepairs_out": 15428
        },
        "Read2": {
            "basepairs_in": 16200,
            "basepairs_out": 16200
        }
    }
  }, {
    "Program_details": {
        "program": "hts_QWindowTrim",
        "version": "1.3.2",
        "options": {
            "append-stats-file": "/nmspipeline//01-Processing/TRIMMER0090_P79/01-PrimerTrim/03-SMARTindex_LC_primers.log",
            "avg-qual-score": 10,
            "force": false,
            "no-left": true,
            "no-right": false,
            "notes": "",
            "qual-offset": 33,
            "uncompressed": false,
            "window-size": 10
        }
    },
    "Fragment": {
        "in": 58,
        "out": 58,
        "basepairs_in": 31628,
        "basepairs_out": 31541
    },
    "Single_end": {
        "in": 0,
        "out": 0,
        "basepairs_in": 0,
        "basepairs_out": 0,
        "rightTrim": 0,
        "leftTrim": 0
    },
    "Paired_end": {
        "in": 58,
        "out": 58,
        "Read1": {
            "basepairs_in": 15428,
            "basepairs_out": 15388,
            "leftTrim": 0,
            "rightTrim": 40
        },
        "Read2": {
            "basepairs_in": 16200,
            "basepairs_out": 16153,
            "leftTrim": 0,
            "rightTrim": 47
        }
    }
  }, {
    "Program_details": {
        "program": "hts_Overlapper",
        "version": "1.3.2",
        "options": {
            "append-stats-file": "/nmspipeline//01-Processing/TRIMMER0090_P79/01-PrimerTrim/03-SMARTindex_LC_primers.log",
            "check-lengths": 20,
            "force": false,
            "force-pairs": false,
            "kmer": 8,
            "kmer-offset": 1,
            "max-mismatch": 100,
            "max-mismatch-errorDensity": 0.25,
            "min-overlap": 8,
            "notes": "",
            "number-of-threads": 1,
            "uncompressed": false
        }
    },
    "Fragment": {
        "in": 58,
        "out": 58,
        "basepairs_in": 31541,
        "basepairs_out": 23228,
        "inserts": {
            "short": 7,
            "medium": 49,
            "long": 2
        },
        "overlap_histogram": [ [88,1], [93,1], [97,1], [121,1], [145,1], [170,1], [212,1], [305,1], [354,1], [371,1], [398,1], [399,2], [405,1], [407,1], [416,1], [417,1], [418,11], [420,1], [421,2], [422,5], [423,5], [424,3], [440,1], [492,1], [493,1], [495,2], [496,1], [498,1], [499,1], [519,2], [520,2] ]
    },
    "Single_end": {
        "in": 0,
        "out": 56,
        "basepairs_in": 0,
        "basepairs_out": 22140
    },
    "Paired_end": {
        "in": 58,
        "out": 2,
        "Read1": {
            "basepairs_in": 15388,
            "basepairs_out": 531
        },
        "Read2": {
            "basepairs_in": 16153,
            "basepairs_out": 557
        }
    }
  }, {
    "Program_details": {
        "program": "hts_LengthFilter",
        "version": "1.3.2",
        "options": {
            "append-stats-file": "/nmspipeline//01-Processing/TRIMMER0090_P79/01-PrimerTrim/03-SMARTindex_LC_primers.log",
            "fastq-output": "/nmspipeline//01-Processing/TRIMMER0090_P79/01-PrimerTrim/03-SMARTindex_LC_primers",
            "force": true,
            "max-length": 0,
            "min-length": 385,
            "no-orphans": false,
            "notes": "",
            "stranded": false,
            "uncompressed": false
        }
    },
    "Fragment": {
        "in": 58,
        "out": 46,
        "basepairs_in": 23228,
        "basepairs_out": 20184
    },
    "Single_end": {
        "in": 56,
        "out": 46,
        "basepairs_in": 22140,
        "basepairs_out": 20184,
        "discarded": 10
    },
    "Paired_end": {
        "in": 2,
        "out": 0,
        "discarded": 2,
        "Read1": {
            "basepairs_in": 531,
            "basepairs_out": 0,
            "discarded": 0
        },
        "Read2": {
            "basepairs_in": 557,
            "basepairs_out": 0,
            "discarded": 0
        }
    }
  }
]
