[ {
    "Program_details": {
        "program": "hts_Primers",
        "version": "1.3.2",
        "options": {
            "flip": true,
            "float": 0,
            "force": false,
            "keep": false,
            "min_primer_matches": 2,
            "notes": "",
            "primer_end_mismatches": 0,
            "primer_mismatches": 0,
            "primers_3p": "../hc_primers.fasta",
            "primers_5p": "ACCAGTCAGTGGTATCAACGCAGAGTACATGGGG",
            "read1-input": [ "/nmspipeline//01-Processing/TRIMMER0090_P79/00-RawData/TRIMMER_Plate79_S1_L001_R1_001_sub.fastq.gz"],
            "read2-input": [ "/nmspipeline//01-Processing/TRIMMER0090_P79/00-RawData/TRIMMER_Plate79_S1_L001_R2_001_sub.fastq.gz"],
            "stats-file": "/nmspipeline//01-Processing/TRIMMER0090_P79/01-PrimerTrim/03-SMARTindex_HC_primers.log",
            "uncompressed": false
        },
        "primers": [ ["p5primer1","ACCAGTCAGTGGTATCAACGCAGAGTACATGGGG"], ["Ga3.10for_mIGH3","GGATAGACAGATGGGGCTGTTGTTGT"], ["Ga12HC.10_REV_CHI","ATAGACAGATGGGGGTGTCGTTTTGG"], ["p5primer1","ACCAGTCAGTGGTATCAACGCAGAGTACATGGGG"], ["Ga3.10for_mIGH3","GGATAGACAGATGGGGCTGTTGTTGT"], ["Ga12HC.10_REV_CHI","ATAGACAGATGGGGGTGTCGTTTTGG"] ]
    },
    "Fragment": {
        "in": 100000,
        "out": 34,
        "basepairs_in": 60000000,
        "basepairs_out": 18360,
        "flipped": 19,
        "primers_counts": [ ["p5primer1","Ga12HC.10_REV_CHI",34], ["p5primer1","None",83], ["None","Ga3.10for_mIGH3",573], ["None","Ga12HC.10_REV_CHI",25766], ["None","None",73544] ]
    },
    "Single_end": {
        "in": 0,
        "out": 0,
        "basepairs_in": 0,
        "basepairs_out": 0,
        "primerTrim": 0,
        "primerBpTrim": 0,
        "discarded": 0
    },
    "Paired_end": {
        "in": 100000,
        "out": 34,
        "discarded": 99966,
        "Read1": {
            "basepairs_in": 30000000,
            "basepairs_out": 9044,
            "primerTrim": 34,
            "primerBpTrim": 1156
        },
        "Read2": {
            "basepairs_in": 30000000,
            "basepairs_out": 9316,
            "primerTrim": 34,
            "primerBpTrim": 884
        }
    }
  }, {
    "Program_details": {
        "program": "hts_NTrimmer",
        "version": "1.3.2",
        "options": {
            "append-stats-file": "/nmspipeline//01-Processing/TRIMMER0090_P79/01-PrimerTrim/03-SMARTindex_HC_primers.log",
            "exclude": true,
            "force": false,
            "notes": "",
            "uncompressed": false
        }
    },
    "Fragment": {
        "in": 34,
        "out": 34,
        "basepairs_in": 18360,
        "basepairs_out": 18360
    },
    "Single_end": {
        "in": 0,
        "out": 0,
        "basepairs_in": 0,
        "basepairs_out": 0,
        "rightTrim": 0,
        "leftTrim": 0,
        "discarded": 0
    },
    "Paired_end": {
        "in": 34,
        "out": 34,
        "discarded": 0,
        "Read1": {
            "basepairs_in": 9044,
            "basepairs_out": 9044,
            "leftTrim": 0,
            "rightTrim": 0
        },
        "Read2": {
            "basepairs_in": 9316,
            "basepairs_out": 9316,
            "leftTrim": 0,
            "rightTrim": 0
        }
    }
  }, {
    "Program_details": {
        "program": "hts_SeqScreener",
        "version": "1.3.2",
        "options": {
            "append-stats-file": "/nmspipeline//01-Processing/TRIMMER0090_P79/01-PrimerTrim/03-SMARTindex_HC_primers.log",
            "check-read-2": true,
            "force": false,
            "inverse": false,
            "kmer": 21,
            "notes": "",
            "percentage-hits": 0.01,
            "record": true,
            "seq": "../aberrant_LC.fasta",
            "uncompressed": false
        },
        "screen_info": {
            "screenBP": 96,
            "lookupKmers": 8
        }
    },
    "Fragment": {
        "in": 34,
        "out": 34,
        "basepairs_in": 18360,
        "basepairs_out": 18360
    },
    "Single_end": {
        "in": 0,
        "out": 0,
        "basepairs_in": 0,
        "basepairs_out": 0,
        "hits": 0
    },
    "Paired_end": {
        "in": 34,
        "out": 34,
        "hits": 0,
        "Read1": {
            "basepairs_in": 9044,
            "basepairs_out": 9044
        },
        "Read2": {
            "basepairs_in": 9316,
            "basepairs_out": 9316
        }
    }
  }, {
    "Program_details": {
        "program": "hts_QWindowTrim",
        "version": "1.3.2",
        "options": {
            "append-stats-file": "/nmspipeline//01-Processing/TRIMMER0090_P79/01-PrimerTrim/03-SMARTindex_HC_primers.log",
            "avg-qual-score": 10,
            "force": false,
            "no-left": true,
            "no-right": false,
            "notes": "",
            "qual-offset": 33,
            "uncompressed": false,
            "window-size": 10
        }
    },
    "Fragment": {
        "in": 34,
        "out": 34,
        "basepairs_in": 18360,
        "basepairs_out": 18158
    },
    "Single_end": {
        "in": 0,
        "out": 0,
        "basepairs_in": 0,
        "basepairs_out": 0,
        "rightTrim": 0,
        "leftTrim": 0
    },
    "Paired_end": {
        "in": 34,
        "out": 34,
        "Read1": {
            "basepairs_in": 9044,
            "basepairs_out": 8964,
            "leftTrim": 0,
            "rightTrim": 80
        },
        "Read2": {
            "basepairs_in": 9316,
            "basepairs_out": 9194,
            "leftTrim": 0,
            "rightTrim": 122
        }
    }
  }, {
    "Program_details": {
        "program": "hts_Overlapper",
        "version": "1.3.2",
        "options": {
            "append-stats-file": "/nmspipeline//01-Processing/TRIMMER0090_P79/01-PrimerTrim/03-SMARTindex_HC_primers.log",
            "check-lengths": 20,
            "force": false,
            "force-pairs": false,
            "kmer": 8,
            "kmer-offset": 1,
            "max-mismatch": 100,
            "max-mismatch-errorDensity": 0.25,
            "min-overlap": 8,
            "notes": "",
            "number-of-threads": 1,
            "uncompressed": false
        }
    },
    "Fragment": {
        "in": 34,
        "out": 34,
        "basepairs_in": 18158,
        "basepairs_out": 13543,
        "inserts": {
            "short": 8,
            "medium": 18,
            "long": 8
        },
        "overlap_histogram": [ [45,1], [53,1], [54,1], [76,1], [90,1], [105,1], [125,1], [158,1], [364,1], [412,1], [435,1], [441,3], [442,1], [465,1], [466,1], [512,1], [513,2], [514,1], [515,1], [516,3], [517,1] ]
    },
    "Single_end": {
        "in": 0,
        "out": 26,
        "basepairs_in": 0,
        "basepairs_out": 9245
    },
    "Paired_end": {
        "in": 34,
        "out": 8,
        "Read1": {
            "basepairs_in": 8964,
            "basepairs_out": 2113
        },
        "Read2": {
            "basepairs_in": 9194,
            "basepairs_out": 2185
        }
    }
  }, {
    "Program_details": {
        "program": "hts_LengthFilter",
        "version": "1.3.2",
        "options": {
            "append-stats-file": "/nmspipeline//01-Processing/TRIMMER0090_P79/01-PrimerTrim/03-SMARTindex_HC_primers.log",
            "fastq-output": "/nmspipeline//01-Processing/TRIMMER0090_P79/01-PrimerTrim/03-SMARTindex_HC_primers",
            "force": true,
            "max-length": 0,
            "min-length": 385,
            "no-orphans": false,
            "notes": "",
            "stranded": false,
            "uncompressed": false
        }
    },
    "Fragment": {
        "in": 34,
        "out": 17,
        "basepairs_in": 13543,
        "basepairs_out": 8175
    },
    "Single_end": {
        "in": 26,
        "out": 17,
        "basepairs_in": 9245,
        "basepairs_out": 8175,
        "discarded": 9
    },
    "Paired_end": {
        "in": 8,
        "out": 0,
        "discarded": 8,
        "Read1": {
            "basepairs_in": 2113,
            "basepairs_out": 0,
            "discarded": 0
        },
        "Read2": {
            "basepairs_in": 2185,
            "basepairs_out": 0,
            "discarded": 0
        }
    }
  }
]
