[ {
    "Program_details": {
        "program": "hts_Primers",
        "version": "1.3.2",
        "options": {
            "flip": true,
            "float": 0,
            "force": false,
            "keep": false,
            "min_primer_matches": 2,
            "notes": "",
            "primer_end_mismatches": 0,
            "primer_mismatches": 0,
            "primers_3p": "../hc_primers.fasta",
            "primers_5p": "ACATTACAGTGGTATCAACGCAGAGTACATGGGG",
            "read1-input": [ "/nmspipeline//01-Processing/TRIMMER0090_P79/00-RawData/TRIMMER_Plate79_S1_L001_R1_001_sub.fastq.gz"],
            "read2-input": [ "/nmspipeline//01-Processing/TRIMMER0090_P79/00-RawData/TRIMMER_Plate79_S1_L001_R2_001_sub.fastq.gz"],
            "stats-file": "/nmspipeline//01-Processing/TRIMMER0090_P79/01-PrimerTrim/05-SMARTindex_HC_primers.log",
            "uncompressed": false
        },
        "primers": [ ["p5primer1","ACATTACAGTGGTATCAACGCAGAGTACATGGGG"], ["Ga3.10for_mIGH3","GGATAGACAGATGGGGCTGTTGTTGT"], ["Ga12HC.10_REV_CHI","ATAGACAGATGGGGGTGTCGTTTTGG"], ["p5primer1","ACATTACAGTGGTATCAACGCAGAGTACATGGGG"], ["Ga3.10for_mIGH3","GGATAGACAGATGGGGCTGTTGTTGT"], ["Ga12HC.10_REV_CHI","ATAGACAGATGGGGGTGTCGTTTTGG"] ]
    },
    "Fragment": {
        "in": 100000,
        "out": 178,
        "basepairs_in": 60000000,
        "basepairs_out": 96120,
        "flipped": 79,
        "primers_counts": [ ["p5primer1","None",624], ["p5primer1","Ga12HC.10_REV_CHI",177], ["p5primer1","Ga3.10for_mIGH3",1], ["None","Ga3.10for_mIGH3",572], ["None","Ga12HC.10_REV_CHI",25623], ["None","None",73003] ]
    },
    "Single_end": {
        "in": 0,
        "out": 0,
        "basepairs_in": 0,
        "basepairs_out": 0,
        "primerTrim": 0,
        "primerBpTrim": 0,
        "discarded": 0
    },
    "Paired_end": {
        "in": 100000,
        "out": 178,
        "discarded": 99822,
        "Read1": {
            "basepairs_in": 30000000,
            "basepairs_out": 47348,
            "primerTrim": 178,
            "primerBpTrim": 6052
        },
        "Read2": {
            "basepairs_in": 30000000,
            "basepairs_out": 48772,
            "primerTrim": 178,
            "primerBpTrim": 4628
        }
    }
  }, {
    "Program_details": {
        "program": "hts_NTrimmer",
        "version": "1.3.2",
        "options": {
            "append-stats-file": "/nmspipeline//01-Processing/TRIMMER0090_P79/01-PrimerTrim/05-SMARTindex_HC_primers.log",
            "exclude": true,
            "force": false,
            "notes": "",
            "uncompressed": false
        }
    },
    "Fragment": {
        "in": 178,
        "out": 178,
        "basepairs_in": 96120,
        "basepairs_out": 96120
    },
    "Single_end": {
        "in": 0,
        "out": 0,
        "basepairs_in": 0,
        "basepairs_out": 0,
        "rightTrim": 0,
        "leftTrim": 0,
        "discarded": 0
    },
    "Paired_end": {
        "in": 178,
        "out": 178,
        "discarded": 0,
        "Read1": {
            "basepairs_in": 47348,
            "basepairs_out": 47348,
            "leftTrim": 0,
            "rightTrim": 0
        },
        "Read2": {
            "basepairs_in": 48772,
            "basepairs_out": 48772,
            "leftTrim": 0,
            "rightTrim": 0
        }
    }
  }, {
    "Program_details": {
        "program": "hts_SeqScreener",
        "version": "1.3.2",
        "options": {
            "append-stats-file": "/nmspipeline//01-Processing/TRIMMER0090_P79/01-PrimerTrim/05-SMARTindex_HC_primers.log",
            "check-read-2": true,
            "force": false,
            "inverse": false,
            "kmer": 21,
            "notes": "",
            "percentage-hits": 0.01,
            "record": true,
            "seq": "../aberrant_LC.fasta",
            "uncompressed": false
        },
        "screen_info": {
            "screenBP": 96,
            "lookupKmers": 8
        }
    },
    "Fragment": {
        "in": 178,
        "out": 178,
        "basepairs_in": 96120,
        "basepairs_out": 96120
    },
    "Single_end": {
        "in": 0,
        "out": 0,
        "basepairs_in": 0,
        "basepairs_out": 0,
        "hits": 0
    },
    "Paired_end": {
        "in": 178,
        "out": 178,
        "hits": 0,
        "Read1": {
            "basepairs_in": 47348,
            "basepairs_out": 47348
        },
        "Read2": {
            "basepairs_in": 48772,
            "basepairs_out": 48772
        }
    }
  }, {
    "Program_details": {
        "program": "hts_QWindowTrim",
        "version": "1.3.2",
        "options": {
            "append-stats-file": "/nmspipeline//01-Processing/TRIMMER0090_P79/01-PrimerTrim/05-SMARTindex_HC_primers.log",
            "avg-qual-score": 10,
            "force": false,
            "no-left": true,
            "no-right": false,
            "notes": "",
            "qual-offset": 33,
            "uncompressed": false,
            "window-size": 10
        }
    },
    "Fragment": {
        "in": 178,
        "out": 178,
        "basepairs_in": 96120,
        "basepairs_out": 95718
    },
    "Single_end": {
        "in": 0,
        "out": 0,
        "basepairs_in": 0,
        "basepairs_out": 0,
        "rightTrim": 0,
        "leftTrim": 0
    },
    "Paired_end": {
        "in": 178,
        "out": 178,
        "Read1": {
            "basepairs_in": 47348,
            "basepairs_out": 47112,
            "leftTrim": 0,
            "rightTrim": 236
        },
        "Read2": {
            "basepairs_in": 48772,
            "basepairs_out": 48606,
            "leftTrim": 0,
            "rightTrim": 166
        }
    }
  }, {
    "Program_details": {
        "program": "hts_Overlapper",
        "version": "1.3.2",
        "options": {
            "append-stats-file": "/nmspipeline//01-Processing/TRIMMER0090_P79/01-PrimerTrim/05-SMARTindex_HC_primers.log",
            "check-lengths": 20,
            "force": false,
            "force-pairs": false,
            "kmer": 8,
            "kmer-offset": 1,
            "max-mismatch": 100,
            "max-mismatch-errorDensity": 0.25,
            "min-overlap": 8,
            "notes": "",
            "number-of-threads": 1,
            "uncompressed": false
        }
    },
    "Fragment": {
        "in": 178,
        "out": 178,
        "basepairs_in": 95718,
        "basepairs_out": 74177,
        "inserts": {
            "short": 23,
            "medium": 145,
            "long": 10
        },
        "overlap_histogram": [ [31,1], [51,2], [56,1], [66,1], [86,1], [90,1], [93,1], [100,1], [107,1], [111,1], [119,1], [125,2], [126,1], [154,1], [160,1], [162,1], [172,1], [198,1], [207,1], [239,1], [255,1], [280,1], [288,1], [419,1], [421,1], [422,3], [423,6], [432,1], [433,1], [450,3], [452,5], [453,1], [454,1], [455,15], [456,6], [457,22], [458,2], [459,13], [460,17], [461,6], [462,7], [463,1], [464,2], [466,9], [467,3], [468,2], [469,2], [470,7], [471,1], [472,1], [473,1], [479,1], [481,1], [483,1] ]
    },
    "Single_end": {
        "in": 0,
        "out": 168,
        "basepairs_in": 0,
        "basepairs_out": 68805
    },
    "Paired_end": {
        "in": 178,
        "out": 10,
        "Read1": {
            "basepairs_in": 47112,
            "basepairs_out": 2650
        },
        "Read2": {
            "basepairs_in": 48606,
            "basepairs_out": 2722
        }
    }
  }, {
    "Program_details": {
        "program": "hts_LengthFilter",
        "version": "1.3.2",
        "options": {
            "append-stats-file": "/nmspipeline//01-Processing/TRIMMER0090_P79/01-PrimerTrim/05-SMARTindex_HC_primers.log",
            "fastq-output": "/nmspipeline//01-Processing/TRIMMER0090_P79/01-PrimerTrim/05-SMARTindex_HC_primers",
            "force": true,
            "max-length": 0,
            "min-length": 385,
            "no-orphans": false,
            "notes": "",
            "stranded": false,
            "uncompressed": false
        }
    },
    "Fragment": {
        "in": 178,
        "out": 143,
        "basepairs_in": 74177,
        "basepairs_out": 65353
    },
    "Single_end": {
        "in": 168,
        "out": 143,
        "basepairs_in": 68805,
        "basepairs_out": 65353,
        "discarded": 25
    },
    "Paired_end": {
        "in": 10,
        "out": 0,
        "discarded": 10,
        "Read1": {
            "basepairs_in": 2650,
            "basepairs_out": 0,
            "discarded": 0
        },
        "Read2": {
            "basepairs_in": 2722,
            "basepairs_out": 0,
            "discarded": 0
        }
    }
  }
]
