[ {
    "Program_details": {
        "program": "hts_Primers",
        "version": "1.3.2",
        "options": {
            "flip": true,
            "float": 0,
            "force": false,
            "keep": false,
            "min_primer_matches": 2,
            "notes": "",
            "primer_end_mismatches": 0,
            "primer_mismatches": 0,
            "primers_3p": "../lc_primers.fasta",
            "primers_5p": "ACATTACAGTGGTATCAACGCAGAGTACATGGGG",
            "read1-input": [ "/nmspipeline//01-Processing/TRIMMER0090_P79/00-RawData/TRIMMER_Plate79_S1_L001_R1_001_sub.fastq.gz"],
            "read2-input": [ "/nmspipeline//01-Processing/TRIMMER0090_P79/00-RawData/TRIMMER_Plate79_S1_L001_R2_001_sub.fastq.gz"],
            "stats-file": "/nmspipeline//01-Processing/TRIMMER0090_P79/01-PrimerTrim/05-SMARTindex_LC_primers.log",
            "uncompressed": false
        },
        "primers": [ ["p5primer1","ACATTACAGTGGTATCAACGCAGAGTACATGGGG"], ["KaLC.6_REV_LC","GGATACAGTTGGTGCAGCATC"], ["LaLC.R-mIGL","ATCGTACACACCAGTGTGGC"], ["p5primer1","ACATTACAGTGGTATCAACGCAGAGTACATGGGG"], ["KaLC.6_REV_LC","GGATACAGTTGGTGCAGCATC"], ["LaLC.R-mIGL","ATCGTACACACCAGTGTGGC"] ]
    },
    "Fragment": {
        "in": 100000,
        "out": 518,
        "basepairs_in": 60000000,
        "basepairs_out": 282391,
        "flipped": 240,
        "primers_counts": [ ["p5primer1","LaLC.R-mIGL",81], ["p5primer1","KaLC.6_REV_LC",437], ["p5primer1","None",284], ["None","None",40090], ["None","KaLC.6_REV_LC",56343], ["None","LaLC.R-mIGL",2765] ]
    },
    "Single_end": {
        "in": 0,
        "out": 0,
        "basepairs_in": 0,
        "basepairs_out": 0,
        "primerTrim": 0,
        "primerBpTrim": 0,
        "discarded": 0
    },
    "Paired_end": {
        "in": 100000,
        "out": 518,
        "discarded": 99482,
        "Read1": {
            "basepairs_in": 30000000,
            "basepairs_out": 137788,
            "primerTrim": 518,
            "primerBpTrim": 17612
        },
        "Read2": {
            "basepairs_in": 30000000,
            "basepairs_out": 144603,
            "primerTrim": 518,
            "primerBpTrim": 10797
        }
    }
  }, {
    "Program_details": {
        "program": "hts_NTrimmer",
        "version": "1.3.2",
        "options": {
            "append-stats-file": "/nmspipeline//01-Processing/TRIMMER0090_P79/01-PrimerTrim/05-SMARTindex_LC_primers.log",
            "exclude": true,
            "force": false,
            "notes": "",
            "uncompressed": false
        }
    },
    "Fragment": {
        "in": 518,
        "out": 517,
        "basepairs_in": 282391,
        "basepairs_out": 281846
    },
    "Single_end": {
        "in": 0,
        "out": 0,
        "basepairs_in": 0,
        "basepairs_out": 0,
        "rightTrim": 0,
        "leftTrim": 0,
        "discarded": 0
    },
    "Paired_end": {
        "in": 518,
        "out": 517,
        "discarded": 1,
        "Read1": {
            "basepairs_in": 137788,
            "basepairs_out": 137522,
            "leftTrim": 0,
            "rightTrim": 0
        },
        "Read2": {
            "basepairs_in": 144603,
            "basepairs_out": 144324,
            "leftTrim": 0,
            "rightTrim": 0
        }
    }
  }, {
    "Program_details": {
        "program": "hts_SeqScreener",
        "version": "1.3.2",
        "options": {
            "append-stats-file": "/nmspipeline//01-Processing/TRIMMER0090_P79/01-PrimerTrim/05-SMARTindex_LC_primers.log",
            "check-read-2": true,
            "force": false,
            "inverse": false,
            "kmer": 21,
            "notes": "",
            "percentage-hits": 0.01,
            "record": true,
            "seq": "../aberrant_LC.fasta",
            "uncompressed": false
        },
        "screen_info": {
            "screenBP": 96,
            "lookupKmers": 8
        }
    },
    "Fragment": {
        "in": 517,
        "out": 517,
        "basepairs_in": 281846,
        "basepairs_out": 281846
    },
    "Single_end": {
        "in": 0,
        "out": 0,
        "basepairs_in": 0,
        "basepairs_out": 0,
        "hits": 0
    },
    "Paired_end": {
        "in": 517,
        "out": 517,
        "hits": 406,
        "Read1": {
            "basepairs_in": 137522,
            "basepairs_out": 137522
        },
        "Read2": {
            "basepairs_in": 144324,
            "basepairs_out": 144324
        }
    }
  }, {
    "Program_details": {
        "program": "hts_QWindowTrim",
        "version": "1.3.2",
        "options": {
            "append-stats-file": "/nmspipeline//01-Processing/TRIMMER0090_P79/01-PrimerTrim/05-SMARTindex_LC_primers.log",
            "avg-qual-score": 10,
            "force": false,
            "no-left": true,
            "no-right": false,
            "notes": "",
            "qual-offset": 33,
            "uncompressed": false,
            "window-size": 10
        }
    },
    "Fragment": {
        "in": 517,
        "out": 517,
        "basepairs_in": 281846,
        "basepairs_out": 281090
    },
    "Single_end": {
        "in": 0,
        "out": 0,
        "basepairs_in": 0,
        "basepairs_out": 0,
        "rightTrim": 0,
        "leftTrim": 0
    },
    "Paired_end": {
        "in": 517,
        "out": 517,
        "Read1": {
            "basepairs_in": 137522,
            "basepairs_out": 137240,
            "leftTrim": 0,
            "rightTrim": 282
        },
        "Read2": {
            "basepairs_in": 144324,
            "basepairs_out": 143850,
            "leftTrim": 0,
            "rightTrim": 474
        }
    }
  }, {
    "Program_details": {
        "program": "hts_Overlapper",
        "version": "1.3.2",
        "options": {
            "append-stats-file": "/nmspipeline//01-Processing/TRIMMER0090_P79/01-PrimerTrim/05-SMARTindex_LC_primers.log",
            "check-lengths": 20,
            "force": false,
            "force-pairs": false,
            "kmer": 8,
            "kmer-offset": 1,
            "max-mismatch": 100,
            "max-mismatch-errorDensity": 0.25,
            "min-overlap": 8,
            "notes": "",
            "number-of-threads": 1,
            "uncompressed": false
        }
    },
    "Fragment": {
        "in": 517,
        "out": 517,
        "basepairs_in": 281090,
        "basepairs_out": 219149,
        "inserts": {
            "short": 44,
            "medium": 431,
            "long": 42
        },
        "overlap_histogram": [ [23,1], [32,1], [42,1], [48,1], [49,2], [67,1], [68,1], [71,1], [87,1], [88,2], [89,1], [90,1], [97,1], [103,1], [112,1], [115,1], [117,2], [118,1], [122,3], [123,1], [128,1], [136,1], [138,1], [141,1], [146,1], [153,1], [159,1], [166,2], [176,1], [219,1], [223,1], [227,2], [238,1], [239,1], [263,2], [278,1], [303,1], [329,1], [333,1], [336,1], [357,1], [361,1], [378,1], [382,1], [387,1], [398,3], [399,8], [401,1], [404,1], [418,24], [419,1], [420,8], [421,11], [422,9], [423,14], [427,2], [428,1], [432,1], [435,1], [436,2], [437,2], [440,24], [441,25], [442,16], [443,6], [444,168], [445,35], [446,4], [452,1], [453,2], [463,1], [466,1], [469,1], [482,1], [489,5], [490,18], [491,3], [492,6], [493,11], [494,2], [495,2], [514,1] ]
    },
    "Single_end": {
        "in": 0,
        "out": 475,
        "basepairs_in": 0,
        "basepairs_out": 196368
    },
    "Paired_end": {
        "in": 517,
        "out": 42,
        "Read1": {
            "basepairs_in": 137240,
            "basepairs_out": 11119
        },
        "Read2": {
            "basepairs_in": 143850,
            "basepairs_out": 11662
        }
    }
  }, {
    "Program_details": {
        "program": "hts_LengthFilter",
        "version": "1.3.2",
        "options": {
            "append-stats-file": "/nmspipeline//01-Processing/TRIMMER0090_P79/01-PrimerTrim/05-SMARTindex_LC_primers.log",
            "fastq-output": "/nmspipeline//01-Processing/TRIMMER0090_P79/01-PrimerTrim/05-SMARTindex_LC_primers",
            "force": true,
            "max-length": 0,
            "min-length": 385,
            "no-orphans": false,
            "notes": "",
            "stranded": false,
            "uncompressed": false
        }
    },
    "Fragment": {
        "in": 517,
        "out": 423,
        "basepairs_in": 219149,
        "basepairs_out": 187744
    },
    "Single_end": {
        "in": 475,
        "out": 423,
        "basepairs_in": 196368,
        "basepairs_out": 187744,
        "discarded": 52
    },
    "Paired_end": {
        "in": 42,
        "out": 0,
        "discarded": 42,
        "Read1": {
            "basepairs_in": 11119,
            "basepairs_out": 0,
            "discarded": 0
        },
        "Read2": {
            "basepairs_in": 11662,
            "basepairs_out": 0,
            "discarded": 0
        }
    }
  }
]
