[ {
    "Program_details": {
        "program": "hts_Primers",
        "version": "1.3.2",
        "options": {
            "flip": true,
            "float": 0,
            "force": false,
            "keep": false,
            "min_primer_matches": 2,
            "notes": "",
            "primer_end_mismatches": 0,
            "primer_mismatches": 0,
            "primers_3p": "../lc_primers.fasta",
            "primers_5p": "GTGTAGCAGTGGTATCAACGCAGAGTACATGGGG",
            "read1-input": [ "/nmspipeline//01-Processing/TRIMMER0090_P79/00-RawData/TRIMMER_Plate79_S1_L001_R1_001_sub.fastq.gz"],
            "read2-input": [ "/nmspipeline//01-Processing/TRIMMER0090_P79/00-RawData/TRIMMER_Plate79_S1_L001_R2_001_sub.fastq.gz"],
            "stats-file": "/nmspipeline//01-Processing/TRIMMER0090_P79/01-PrimerTrim/06-SMARTindex_LC_primers.log",
            "uncompressed": false
        },
        "primers": [ ["p5primer1","GTGTAGCAGTGGTATCAACGCAGAGTACATGGGG"], ["KaLC.6_REV_LC","GGATACAGTTGGTGCAGCATC"], ["LaLC.R-mIGL","ATCGTACACACCAGTGTGGC"], ["p5primer1","GTGTAGCAGTGGTATCAACGCAGAGTACATGGGG"], ["KaLC.6_REV_LC","GGATACAGTTGGTGCAGCATC"], ["LaLC.R-mIGL","ATCGTACACACCAGTGTGGC"] ]
    },
    "Fragment": {
        "in": 100000,
        "out": 285,
        "basepairs_in": 60000000,
        "basepairs_out": 155326,
        "flipped": 128,
        "primers_counts": [ ["p5primer1","LaLC.R-mIGL",1], ["p5primer1","None",56], ["p5primer1","KaLC.6_REV_LC",284], ["None","None",40318], ["None","KaLC.6_REV_LC",56496], ["None","LaLC.R-mIGL",2845] ]
    },
    "Single_end": {
        "in": 0,
        "out": 0,
        "basepairs_in": 0,
        "basepairs_out": 0,
        "primerTrim": 0,
        "primerBpTrim": 0,
        "discarded": 0
    },
    "Paired_end": {
        "in": 100000,
        "out": 285,
        "discarded": 99715,
        "Read1": {
            "basepairs_in": 30000000,
            "basepairs_out": 75810,
            "primerTrim": 285,
            "primerBpTrim": 9690
        },
        "Read2": {
            "basepairs_in": 30000000,
            "basepairs_out": 79516,
            "primerTrim": 285,
            "primerBpTrim": 5984
        }
    }
  }, {
    "Program_details": {
        "program": "hts_NTrimmer",
        "version": "1.3.2",
        "options": {
            "append-stats-file": "/nmspipeline//01-Processing/TRIMMER0090_P79/01-PrimerTrim/06-SMARTindex_LC_primers.log",
            "exclude": true,
            "force": false,
            "notes": "",
            "uncompressed": false
        }
    },
    "Fragment": {
        "in": 285,
        "out": 285,
        "basepairs_in": 155326,
        "basepairs_out": 155326
    },
    "Single_end": {
        "in": 0,
        "out": 0,
        "basepairs_in": 0,
        "basepairs_out": 0,
        "rightTrim": 0,
        "leftTrim": 0,
        "discarded": 0
    },
    "Paired_end": {
        "in": 285,
        "out": 285,
        "discarded": 0,
        "Read1": {
            "basepairs_in": 75810,
            "basepairs_out": 75810,
            "leftTrim": 0,
            "rightTrim": 0
        },
        "Read2": {
            "basepairs_in": 79516,
            "basepairs_out": 79516,
            "leftTrim": 0,
            "rightTrim": 0
        }
    }
  }, {
    "Program_details": {
        "program": "hts_SeqScreener",
        "version": "1.3.2",
        "options": {
            "append-stats-file": "/nmspipeline//01-Processing/TRIMMER0090_P79/01-PrimerTrim/06-SMARTindex_LC_primers.log",
            "check-read-2": true,
            "force": false,
            "inverse": false,
            "kmer": 21,
            "notes": "",
            "percentage-hits": 0.01,
            "record": true,
            "seq": "../aberrant_LC.fasta",
            "uncompressed": false
        },
        "screen_info": {
            "screenBP": 96,
            "lookupKmers": 8
        }
    },
    "Fragment": {
        "in": 285,
        "out": 285,
        "basepairs_in": 155326,
        "basepairs_out": 155326
    },
    "Single_end": {
        "in": 0,
        "out": 0,
        "basepairs_in": 0,
        "basepairs_out": 0,
        "hits": 0
    },
    "Paired_end": {
        "in": 285,
        "out": 285,
        "hits": 91,
        "Read1": {
            "basepairs_in": 75810,
            "basepairs_out": 75810
        },
        "Read2": {
            "basepairs_in": 79516,
            "basepairs_out": 79516
        }
    }
  }, {
    "Program_details": {
        "program": "hts_QWindowTrim",
        "version": "1.3.2",
        "options": {
            "append-stats-file": "/nmspipeline//01-Processing/TRIMMER0090_P79/01-PrimerTrim/06-SMARTindex_LC_primers.log",
            "avg-qual-score": 10,
            "force": false,
            "no-left": true,
            "no-right": false,
            "notes": "",
            "qual-offset": 33,
            "uncompressed": false,
            "window-size": 10
        }
    },
    "Fragment": {
        "in": 285,
        "out": 285,
        "basepairs_in": 155326,
        "basepairs_out": 154753
    },
    "Single_end": {
        "in": 0,
        "out": 0,
        "basepairs_in": 0,
        "basepairs_out": 0,
        "rightTrim": 0,
        "leftTrim": 0
    },
    "Paired_end": {
        "in": 285,
        "out": 285,
        "Read1": {
            "basepairs_in": 75810,
            "basepairs_out": 75663,
            "leftTrim": 0,
            "rightTrim": 147
        },
        "Read2": {
            "basepairs_in": 79516,
            "basepairs_out": 79090,
            "leftTrim": 0,
            "rightTrim": 426
        }
    }
  }, {
    "Program_details": {
        "program": "hts_Overlapper",
        "version": "1.3.2",
        "options": {
            "append-stats-file": "/nmspipeline//01-Processing/TRIMMER0090_P79/01-PrimerTrim/06-SMARTindex_LC_primers.log",
            "check-lengths": 20,
            "force": false,
            "force-pairs": false,
            "kmer": 8,
            "kmer-offset": 1,
            "max-mismatch": 100,
            "max-mismatch-errorDensity": 0.25,
            "min-overlap": 8,
            "notes": "",
            "number-of-threads": 1,
            "uncompressed": false
        }
    },
    "Fragment": {
        "in": 285,
        "out": 285,
        "basepairs_in": 154753,
        "basepairs_out": 118376,
        "inserts": {
            "short": 21,
            "medium": 248,
            "long": 16
        },
        "overlap_histogram": [ [26,1], [29,1], [36,1], [42,2], [49,1], [50,1], [59,1], [60,1], [71,1], [91,1], [99,1], [115,1], [119,1], [124,1], [142,1], [154,1], [164,1], [171,1], [187,1], [201,1], [338,1], [341,1], [343,1], [344,1], [345,1], [366,1], [395,1], [398,2], [399,6], [401,1], [418,29], [419,6], [420,3], [421,6], [422,10], [423,9], [425,2], [428,1], [429,1], [431,1], [439,2], [440,11], [441,9], [442,14], [443,2], [444,98], [445,17], [446,1], [447,1], [449,1], [454,1], [465,1], [471,1], [473,1], [474,1], [492,1], [507,1], [530,1] ]
    },
    "Single_end": {
        "in": 0,
        "out": 269,
        "basepairs_in": 0,
        "basepairs_out": 109727
    },
    "Paired_end": {
        "in": 285,
        "out": 16,
        "Read1": {
            "basepairs_in": 75663,
            "basepairs_out": 4252
        },
        "Read2": {
            "basepairs_in": 79090,
            "basepairs_out": 4397
        }
    }
  }, {
    "Program_details": {
        "program": "hts_LengthFilter",
        "version": "1.3.2",
        "options": {
            "append-stats-file": "/nmspipeline//01-Processing/TRIMMER0090_P79/01-PrimerTrim/06-SMARTindex_LC_primers.log",
            "fastq-output": "/nmspipeline//01-Processing/TRIMMER0090_P79/01-PrimerTrim/06-SMARTindex_LC_primers",
            "force": true,
            "max-length": 0,
            "min-length": 385,
            "no-orphans": false,
            "notes": "",
            "stranded": false,
            "uncompressed": false
        }
    },
    "Fragment": {
        "in": 285,
        "out": 242,
        "basepairs_in": 118376,
        "basepairs_out": 105619
    },
    "Single_end": {
        "in": 269,
        "out": 242,
        "basepairs_in": 109727,
        "basepairs_out": 105619,
        "discarded": 27
    },
    "Paired_end": {
        "in": 16,
        "out": 0,
        "discarded": 16,
        "Read1": {
            "basepairs_in": 4252,
            "basepairs_out": 0,
            "discarded": 0
        },
        "Read2": {
            "basepairs_in": 4397,
            "basepairs_out": 0,
            "discarded": 0
        }
    }
  }
]
