[ {
    "Program_details": {
        "program": "hts_Primers",
        "version": "1.3.2",
        "options": {
            "flip": true,
            "float": 0,
            "force": false,
            "keep": false,
            "min_primer_matches": 2,
            "notes": "",
            "primer_end_mismatches": 0,
            "primer_mismatches": 0,
            "primers_3p": "../lc_primers.fasta",
            "primers_5p": "CTAGTCCAGTGGTATCAACGCAGAGTACATGGGG",
            "read1-input": [ "/nmspipeline//01-Processing/TRIMMER0090_P79/00-RawData/TRIMMER_Plate79_S1_L001_R1_001_sub.fastq.gz"],
            "read2-input": [ "/nmspipeline//01-Processing/TRIMMER0090_P79/00-RawData/TRIMMER_Plate79_S1_L001_R2_001_sub.fastq.gz"],
            "stats-file": "/nmspipeline//01-Processing/TRIMMER0090_P79/01-PrimerTrim/07-SMARTindex_LC_primers.log",
            "uncompressed": false
        },
        "primers": [ ["p5primer1","CTAGTCCAGTGGTATCAACGCAGAGTACATGGGG"], ["KaLC.6_REV_LC","GGATACAGTTGGTGCAGCATC"], ["LaLC.R-mIGL","ATCGTACACACCAGTGTGGC"], ["p5primer1","CTAGTCCAGTGGTATCAACGCAGAGTACATGGGG"], ["KaLC.6_REV_LC","GGATACAGTTGGTGCAGCATC"], ["LaLC.R-mIGL","ATCGTACACACCAGTGTGGC"] ]
    },
    "Fragment": {
        "in": 100000,
        "out": 264,
        "basepairs_in": 60000000,
        "basepairs_out": 143889,
        "flipped": 113,
        "primers_counts": [ ["p5primer1","LaLC.R-mIGL",9], ["p5primer1","KaLC.6_REV_LC",255], ["p5primer1","None",185], ["None","None",40189], ["None","KaLC.6_REV_LC",56525], ["None","LaLC.R-mIGL",2837] ]
    },
    "Single_end": {
        "in": 0,
        "out": 0,
        "basepairs_in": 0,
        "basepairs_out": 0,
        "primerTrim": 0,
        "primerBpTrim": 0,
        "discarded": 0
    },
    "Paired_end": {
        "in": 100000,
        "out": 264,
        "discarded": 99736,
        "Read1": {
            "basepairs_in": 30000000,
            "basepairs_out": 70224,
            "primerTrim": 264,
            "primerBpTrim": 8976
        },
        "Read2": {
            "basepairs_in": 30000000,
            "basepairs_out": 73665,
            "primerTrim": 264,
            "primerBpTrim": 5535
        }
    }
  }, {
    "Program_details": {
        "program": "hts_NTrimmer",
        "version": "1.3.2",
        "options": {
            "append-stats-file": "/nmspipeline//01-Processing/TRIMMER0090_P79/01-PrimerTrim/07-SMARTindex_LC_primers.log",
            "exclude": true,
            "force": false,
            "notes": "",
            "uncompressed": false
        }
    },
    "Fragment": {
        "in": 264,
        "out": 264,
        "basepairs_in": 143889,
        "basepairs_out": 143889
    },
    "Single_end": {
        "in": 0,
        "out": 0,
        "basepairs_in": 0,
        "basepairs_out": 0,
        "rightTrim": 0,
        "leftTrim": 0,
        "discarded": 0
    },
    "Paired_end": {
        "in": 264,
        "out": 264,
        "discarded": 0,
        "Read1": {
            "basepairs_in": 70224,
            "basepairs_out": 70224,
            "leftTrim": 0,
            "rightTrim": 0
        },
        "Read2": {
            "basepairs_in": 73665,
            "basepairs_out": 73665,
            "leftTrim": 0,
            "rightTrim": 0
        }
    }
  }, {
    "Program_details": {
        "program": "hts_SeqScreener",
        "version": "1.3.2",
        "options": {
            "append-stats-file": "/nmspipeline//01-Processing/TRIMMER0090_P79/01-PrimerTrim/07-SMARTindex_LC_primers.log",
            "check-read-2": true,
            "force": false,
            "inverse": false,
            "kmer": 21,
            "notes": "",
            "percentage-hits": 0.01,
            "record": true,
            "seq": "../aberrant_LC.fasta",
            "uncompressed": false
        },
        "screen_info": {
            "screenBP": 96,
            "lookupKmers": 8
        }
    },
    "Fragment": {
        "in": 264,
        "out": 264,
        "basepairs_in": 143889,
        "basepairs_out": 143889
    },
    "Single_end": {
        "in": 0,
        "out": 0,
        "basepairs_in": 0,
        "basepairs_out": 0,
        "hits": 0
    },
    "Paired_end": {
        "in": 264,
        "out": 264,
        "hits": 57,
        "Read1": {
            "basepairs_in": 70224,
            "basepairs_out": 70224
        },
        "Read2": {
            "basepairs_in": 73665,
            "basepairs_out": 73665
        }
    }
  }, {
    "Program_details": {
        "program": "hts_QWindowTrim",
        "version": "1.3.2",
        "options": {
            "append-stats-file": "/nmspipeline//01-Processing/TRIMMER0090_P79/01-PrimerTrim/07-SMARTindex_LC_primers.log",
            "avg-qual-score": 10,
            "force": false,
            "no-left": true,
            "no-right": false,
            "notes": "",
            "qual-offset": 33,
            "uncompressed": false,
            "window-size": 10
        }
    },
    "Fragment": {
        "in": 264,
        "out": 264,
        "basepairs_in": 143889,
        "basepairs_out": 143664
    },
    "Single_end": {
        "in": 0,
        "out": 0,
        "basepairs_in": 0,
        "basepairs_out": 0,
        "rightTrim": 0,
        "leftTrim": 0
    },
    "Paired_end": {
        "in": 264,
        "out": 264,
        "Read1": {
            "basepairs_in": 70224,
            "basepairs_out": 70130,
            "leftTrim": 0,
            "rightTrim": 94
        },
        "Read2": {
            "basepairs_in": 73665,
            "basepairs_out": 73534,
            "leftTrim": 0,
            "rightTrim": 131
        }
    }
  }, {
    "Program_details": {
        "program": "hts_Overlapper",
        "version": "1.3.2",
        "options": {
            "append-stats-file": "/nmspipeline//01-Processing/TRIMMER0090_P79/01-PrimerTrim/07-SMARTindex_LC_primers.log",
            "check-lengths": 20,
            "force": false,
            "force-pairs": false,
            "kmer": 8,
            "kmer-offset": 1,
            "max-mismatch": 100,
            "max-mismatch-errorDensity": 0.25,
            "min-overlap": 8,
            "notes": "",
            "number-of-threads": 1,
            "uncompressed": false
        }
    },
    "Fragment": {
        "in": 264,
        "out": 264,
        "basepairs_in": 143664,
        "basepairs_out": 114097,
        "inserts": {
            "short": 9,
            "medium": 243,
            "long": 12
        },
        "overlap_histogram": [ [66,1], [78,1], [113,1], [119,1], [133,1], [139,1], [161,1], [181,1], [218,1], [279,1], [345,1], [361,1], [366,1], [375,1], [396,1], [399,2], [416,1], [417,1], [418,26], [419,1], [420,1], [421,3], [422,5], [423,7], [424,1], [425,3], [437,1], [440,8], [441,17], [442,10], [443,4], [444,112], [445,18], [446,3], [452,1], [453,4], [459,1], [471,1], [488,2], [490,3], [517,1] ]
    },
    "Single_end": {
        "in": 0,
        "out": 252,
        "basepairs_in": 0,
        "basepairs_out": 107580
    },
    "Paired_end": {
        "in": 264,
        "out": 12,
        "Read1": {
            "basepairs_in": 70130,
            "basepairs_out": 3187
        },
        "Read2": {
            "basepairs_in": 73534,
            "basepairs_out": 3330
        }
    }
  }, {
    "Program_details": {
        "program": "hts_LengthFilter",
        "version": "1.3.2",
        "options": {
            "append-stats-file": "/nmspipeline//01-Processing/TRIMMER0090_P79/01-PrimerTrim/07-SMARTindex_LC_primers.log",
            "fastq-output": "/nmspipeline//01-Processing/TRIMMER0090_P79/01-PrimerTrim/07-SMARTindex_LC_primers",
            "force": true,
            "max-length": 0,
            "min-length": 385,
            "no-orphans": false,
            "notes": "",
            "stranded": false,
            "uncompressed": false
        }
    },
    "Fragment": {
        "in": 264,
        "out": 238,
        "basepairs_in": 114097,
        "basepairs_out": 104646
    },
    "Single_end": {
        "in": 252,
        "out": 238,
        "basepairs_in": 107580,
        "basepairs_out": 104646,
        "discarded": 14
    },
    "Paired_end": {
        "in": 12,
        "out": 0,
        "discarded": 12,
        "Read1": {
            "basepairs_in": 3187,
            "basepairs_out": 0,
            "discarded": 0
        },
        "Read2": {
            "basepairs_in": 3330,
            "basepairs_out": 0,
            "discarded": 0
        }
    }
  }
]
