[ {
    "Program_details": {
        "program": "hts_Primers",
        "version": "1.3.2",
        "options": {
            "flip": true,
            "float": 0,
            "force": false,
            "keep": false,
            "min_primer_matches": 2,
            "notes": "",
            "primer_end_mismatches": 0,
            "primer_mismatches": 0,
            "primers_3p": "../hc_primers.fasta",
            "primers_5p": "CTAGTCCAGTGGTATCAACGCAGAGTACATGGGG",
            "read1-input": [ "/nmspipeline//01-Processing/TRIMMER0090_P79/00-RawData/TRIMMER_Plate79_S1_L001_R1_001_sub.fastq.gz"],
            "read2-input": [ "/nmspipeline//01-Processing/TRIMMER0090_P79/00-RawData/TRIMMER_Plate79_S1_L001_R2_001_sub.fastq.gz"],
            "stats-file": "/nmspipeline//01-Processing/TRIMMER0090_P79/01-PrimerTrim/07-SMARTindex_HC_primers.log",
            "uncompressed": false
        },
        "primers": [ ["p5primer1","CTAGTCCAGTGGTATCAACGCAGAGTACATGGGG"], ["Ga3.10for_mIGH3","GGATAGACAGATGGGGCTGTTGTTGT"], ["Ga12HC.10_REV_CHI","ATAGACAGATGGGGGTGTCGTTTTGG"], ["p5primer1","CTAGTCCAGTGGTATCAACGCAGAGTACATGGGG"], ["Ga3.10for_mIGH3","GGATAGACAGATGGGGCTGTTGTTGT"], ["Ga12HC.10_REV_CHI","ATAGACAGATGGGGGTGTCGTTTTGG"] ]
    },
    "Fragment": {
        "in": 100000,
        "out": 116,
        "basepairs_in": 60000000,
        "basepairs_out": 62640,
        "flipped": 45,
        "primers_counts": [ ["p5primer1","None",333], ["p5primer1","Ga12HC.10_REV_CHI",116], ["None","Ga3.10for_mIGH3",573], ["None","Ga12HC.10_REV_CHI",25684], ["None","None",73294] ]
    },
    "Single_end": {
        "in": 0,
        "out": 0,
        "basepairs_in": 0,
        "basepairs_out": 0,
        "primerTrim": 0,
        "primerBpTrim": 0,
        "discarded": 0
    },
    "Paired_end": {
        "in": 100000,
        "out": 116,
        "discarded": 99884,
        "Read1": {
            "basepairs_in": 30000000,
            "basepairs_out": 30856,
            "primerTrim": 116,
            "primerBpTrim": 3944
        },
        "Read2": {
            "basepairs_in": 30000000,
            "basepairs_out": 31784,
            "primerTrim": 116,
            "primerBpTrim": 3016
        }
    }
  }, {
    "Program_details": {
        "program": "hts_NTrimmer",
        "version": "1.3.2",
        "options": {
            "append-stats-file": "/nmspipeline//01-Processing/TRIMMER0090_P79/01-PrimerTrim/07-SMARTindex_HC_primers.log",
            "exclude": true,
            "force": false,
            "notes": "",
            "uncompressed": false
        }
    },
    "Fragment": {
        "in": 116,
        "out": 116,
        "basepairs_in": 62640,
        "basepairs_out": 62640
    },
    "Single_end": {
        "in": 0,
        "out": 0,
        "basepairs_in": 0,
        "basepairs_out": 0,
        "rightTrim": 0,
        "leftTrim": 0,
        "discarded": 0
    },
    "Paired_end": {
        "in": 116,
        "out": 116,
        "discarded": 0,
        "Read1": {
            "basepairs_in": 30856,
            "basepairs_out": 30856,
            "leftTrim": 0,
            "rightTrim": 0
        },
        "Read2": {
            "basepairs_in": 31784,
            "basepairs_out": 31784,
            "leftTrim": 0,
            "rightTrim": 0
        }
    }
  }, {
    "Program_details": {
        "program": "hts_SeqScreener",
        "version": "1.3.2",
        "options": {
            "append-stats-file": "/nmspipeline//01-Processing/TRIMMER0090_P79/01-PrimerTrim/07-SMARTindex_HC_primers.log",
            "check-read-2": true,
            "force": false,
            "inverse": false,
            "kmer": 21,
            "notes": "",
            "percentage-hits": 0.01,
            "record": true,
            "seq": "../aberrant_LC.fasta",
            "uncompressed": false
        },
        "screen_info": {
            "screenBP": 96,
            "lookupKmers": 8
        }
    },
    "Fragment": {
        "in": 116,
        "out": 116,
        "basepairs_in": 62640,
        "basepairs_out": 62640
    },
    "Single_end": {
        "in": 0,
        "out": 0,
        "basepairs_in": 0,
        "basepairs_out": 0,
        "hits": 0
    },
    "Paired_end": {
        "in": 116,
        "out": 116,
        "hits": 0,
        "Read1": {
            "basepairs_in": 30856,
            "basepairs_out": 30856
        },
        "Read2": {
            "basepairs_in": 31784,
            "basepairs_out": 31784
        }
    }
  }, {
    "Program_details": {
        "program": "hts_QWindowTrim",
        "version": "1.3.2",
        "options": {
            "append-stats-file": "/nmspipeline//01-Processing/TRIMMER0090_P79/01-PrimerTrim/07-SMARTindex_HC_primers.log",
            "avg-qual-score": 10,
            "force": false,
            "no-left": true,
            "no-right": false,
            "notes": "",
            "qual-offset": 33,
            "uncompressed": false,
            "window-size": 10
        }
    },
    "Fragment": {
        "in": 116,
        "out": 116,
        "basepairs_in": 62640,
        "basepairs_out": 62409
    },
    "Single_end": {
        "in": 0,
        "out": 0,
        "basepairs_in": 0,
        "basepairs_out": 0,
        "rightTrim": 0,
        "leftTrim": 0
    },
    "Paired_end": {
        "in": 116,
        "out": 116,
        "Read1": {
            "basepairs_in": 30856,
            "basepairs_out": 30752,
            "leftTrim": 0,
            "rightTrim": 104
        },
        "Read2": {
            "basepairs_in": 31784,
            "basepairs_out": 31657,
            "leftTrim": 0,
            "rightTrim": 127
        }
    }
  }, {
    "Program_details": {
        "program": "hts_Overlapper",
        "version": "1.3.2",
        "options": {
            "append-stats-file": "/nmspipeline//01-Processing/TRIMMER0090_P79/01-PrimerTrim/07-SMARTindex_HC_primers.log",
            "check-lengths": 20,
            "force": false,
            "force-pairs": false,
            "kmer": 8,
            "kmer-offset": 1,
            "max-mismatch": 100,
            "max-mismatch-errorDensity": 0.25,
            "min-overlap": 8,
            "notes": "",
            "number-of-threads": 1,
            "uncompressed": false
        }
    },
    "Fragment": {
        "in": 116,
        "out": 116,
        "basepairs_in": 62409,
        "basepairs_out": 53914,
        "inserts": {
            "short": 8,
            "medium": 92,
            "long": 16
        },
        "overlap_histogram": [ [28,1], [58,1], [81,1], [112,1], [132,1], [135,1], [241,1], [251,1], [352,1], [477,1], [478,5], [480,8], [481,13], [482,8], [483,4], [484,48], [485,2], [505,1], [509,1] ]
    },
    "Single_end": {
        "in": 0,
        "out": 100,
        "basepairs_in": 0,
        "basepairs_out": 45354
    },
    "Paired_end": {
        "in": 116,
        "out": 16,
        "Read1": {
            "basepairs_in": 30752,
            "basepairs_out": 4209
        },
        "Read2": {
            "basepairs_in": 31657,
            "basepairs_out": 4351
        }
    }
  }, {
    "Program_details": {
        "program": "hts_LengthFilter",
        "version": "1.3.2",
        "options": {
            "append-stats-file": "/nmspipeline//01-Processing/TRIMMER0090_P79/01-PrimerTrim/07-SMARTindex_HC_primers.log",
            "fastq-output": "/nmspipeline//01-Processing/TRIMMER0090_P79/01-PrimerTrim/07-SMARTindex_HC_primers",
            "force": true,
            "max-length": 0,
            "min-length": 385,
            "no-orphans": false,
            "notes": "",
            "stranded": false,
            "uncompressed": false
        }
    },
    "Fragment": {
        "in": 116,
        "out": 91,
        "basepairs_in": 53914,
        "basepairs_out": 43964
    },
    "Single_end": {
        "in": 100,
        "out": 91,
        "basepairs_in": 45354,
        "basepairs_out": 43964,
        "discarded": 9
    },
    "Paired_end": {
        "in": 16,
        "out": 0,
        "discarded": 16,
        "Read1": {
            "basepairs_in": 4209,
            "basepairs_out": 0,
            "discarded": 0
        },
        "Read2": {
            "basepairs_in": 4351,
            "basepairs_out": 0,
            "discarded": 0
        }
    }
  }
]
