[ {
    "Program_details": {
        "program": "hts_Primers",
        "version": "1.3.2",
        "options": {
            "flip": true,
            "float": 0,
            "force": false,
            "keep": false,
            "min_primer_matches": 2,
            "notes": "",
            "primer_end_mismatches": 0,
            "primer_mismatches": 0,
            "primers_3p": "../lc_primers.fasta",
            "primers_5p": "TCAGGAACAGTGGTATCAACGCAGAGTACATGGGG",
            "read1-input": [ "/nmspipeline//01-Processing/TRIMMER0090_P79/00-RawData/TRIMMER_Plate79_S1_L001_R1_001_sub.fastq.gz"],
            "read2-input": [ "/nmspipeline//01-Processing/TRIMMER0090_P79/00-RawData/TRIMMER_Plate79_S1_L001_R2_001_sub.fastq.gz"],
            "stats-file": "/nmspipeline//01-Processing/TRIMMER0090_P79/01-PrimerTrim/09-SMARTindex_LC_primers.log",
            "uncompressed": false
        },
        "primers": [ ["p5primer1","TCAGGAACAGTGGTATCAACGCAGAGTACATGGGG"], ["KaLC.6_REV_LC","GGATACAGTTGGTGCAGCATC"], ["LaLC.R-mIGL","ATCGTACACACCAGTGTGGC"], ["p5primer1","TCAGGAACAGTGGTATCAACGCAGAGTACATGGGG"], ["KaLC.6_REV_LC","GGATACAGTTGGTGCAGCATC"], ["LaLC.R-mIGL","ATCGTACACACCAGTGTGGC"] ]
    },
    "Fragment": {
        "in": 100000,
        "out": 615,
        "basepairs_in": 60000000,
        "basepairs_out": 334562,
        "flipped": 283,
        "primers_counts": [ ["p5primer1","LaLC.R-mIGL",2], ["p5primer1","None",451], ["p5primer1","KaLC.6_REV_LC",613], ["None","None",39923], ["None","KaLC.6_REV_LC",56167], ["None","LaLC.R-mIGL",2844] ]
    },
    "Single_end": {
        "in": 0,
        "out": 0,
        "basepairs_in": 0,
        "basepairs_out": 0,
        "primerTrim": 0,
        "primerBpTrim": 0,
        "discarded": 0
    },
    "Paired_end": {
        "in": 100000,
        "out": 615,
        "discarded": 99385,
        "Read1": {
            "basepairs_in": 30000000,
            "basepairs_out": 162975,
            "primerTrim": 615,
            "primerBpTrim": 21525
        },
        "Read2": {
            "basepairs_in": 30000000,
            "basepairs_out": 171587,
            "primerTrim": 615,
            "primerBpTrim": 12913
        }
    }
  }, {
    "Program_details": {
        "program": "hts_NTrimmer",
        "version": "1.3.2",
        "options": {
            "append-stats-file": "/nmspipeline//01-Processing/TRIMMER0090_P79/01-PrimerTrim/09-SMARTindex_LC_primers.log",
            "exclude": true,
            "force": false,
            "notes": "",
            "uncompressed": false
        }
    },
    "Fragment": {
        "in": 615,
        "out": 615,
        "basepairs_in": 334562,
        "basepairs_out": 334562
    },
    "Single_end": {
        "in": 0,
        "out": 0,
        "basepairs_in": 0,
        "basepairs_out": 0,
        "rightTrim": 0,
        "leftTrim": 0,
        "discarded": 0
    },
    "Paired_end": {
        "in": 615,
        "out": 615,
        "discarded": 0,
        "Read1": {
            "basepairs_in": 162975,
            "basepairs_out": 162975,
            "leftTrim": 0,
            "rightTrim": 0
        },
        "Read2": {
            "basepairs_in": 171587,
            "basepairs_out": 171587,
            "leftTrim": 0,
            "rightTrim": 0
        }
    }
  }, {
    "Program_details": {
        "program": "hts_SeqScreener",
        "version": "1.3.2",
        "options": {
            "append-stats-file": "/nmspipeline//01-Processing/TRIMMER0090_P79/01-PrimerTrim/09-SMARTindex_LC_primers.log",
            "check-read-2": true,
            "force": false,
            "inverse": false,
            "kmer": 21,
            "notes": "",
            "percentage-hits": 0.01,
            "record": true,
            "seq": "../aberrant_LC.fasta",
            "uncompressed": false
        },
        "screen_info": {
            "screenBP": 96,
            "lookupKmers": 8
        }
    },
    "Fragment": {
        "in": 615,
        "out": 615,
        "basepairs_in": 334562,
        "basepairs_out": 334562
    },
    "Single_end": {
        "in": 0,
        "out": 0,
        "basepairs_in": 0,
        "basepairs_out": 0,
        "hits": 0
    },
    "Paired_end": {
        "in": 615,
        "out": 615,
        "hits": 153,
        "Read1": {
            "basepairs_in": 162975,
            "basepairs_out": 162975
        },
        "Read2": {
            "basepairs_in": 171587,
            "basepairs_out": 171587
        }
    }
  }, {
    "Program_details": {
        "program": "hts_QWindowTrim",
        "version": "1.3.2",
        "options": {
            "append-stats-file": "/nmspipeline//01-Processing/TRIMMER0090_P79/01-PrimerTrim/09-SMARTindex_LC_primers.log",
            "avg-qual-score": 10,
            "force": false,
            "no-left": true,
            "no-right": false,
            "notes": "",
            "qual-offset": 33,
            "uncompressed": false,
            "window-size": 10
        }
    },
    "Fragment": {
        "in": 615,
        "out": 615,
        "basepairs_in": 334562,
        "basepairs_out": 333650
    },
    "Single_end": {
        "in": 0,
        "out": 0,
        "basepairs_in": 0,
        "basepairs_out": 0,
        "rightTrim": 0,
        "leftTrim": 0
    },
    "Paired_end": {
        "in": 615,
        "out": 615,
        "Read1": {
            "basepairs_in": 162975,
            "basepairs_out": 162283,
            "leftTrim": 0,
            "rightTrim": 692
        },
        "Read2": {
            "basepairs_in": 171587,
            "basepairs_out": 171367,
            "leftTrim": 0,
            "rightTrim": 220
        }
    }
  }, {
    "Program_details": {
        "program": "hts_Overlapper",
        "version": "1.3.2",
        "options": {
            "append-stats-file": "/nmspipeline//01-Processing/TRIMMER0090_P79/01-PrimerTrim/09-SMARTindex_LC_primers.log",
            "check-lengths": 20,
            "force": false,
            "force-pairs": false,
            "kmer": 8,
            "kmer-offset": 1,
            "max-mismatch": 100,
            "max-mismatch-errorDensity": 0.25,
            "min-overlap": 8,
            "notes": "",
            "number-of-threads": 1,
            "uncompressed": false
        }
    },
    "Fragment": {
        "in": 615,
        "out": 615,
        "basepairs_in": 333650,
        "basepairs_out": 255713,
        "inserts": {
            "short": 33,
            "medium": 535,
            "long": 47
        },
        "overlap_histogram": [ [9,1], [15,1], [24,1], [60,2], [62,1], [69,1], [80,1], [86,1], [92,1], [93,1], [100,1], [102,1], [113,1], [114,1], [124,1], [127,1], [133,1], [136,1], [137,1], [141,1], [157,1], [158,2], [161,1], [170,1], [173,3], [219,1], [239,1], [270,1], [278,1], [298,1], [306,1], [366,2], [380,2], [385,1], [388,1], [390,1], [398,4], [399,13], [400,1], [402,1], [406,5], [407,1], [408,2], [409,33], [410,19], [411,9], [412,7], [413,2], [415,1], [418,49], [419,4], [420,9], [421,149], [422,44], [423,26], [424,4], [425,1], [426,1], [427,2], [428,1], [430,1], [432,8], [434,1], [438,2], [439,61], [440,16], [441,15], [442,9], [443,3], [444,15], [445,3], [446,1], [449,1], [450,1], [485,1] ]
    },
    "Single_end": {
        "in": 0,
        "out": 568,
        "basepairs_in": 0,
        "basepairs_out": 230234
    },
    "Paired_end": {
        "in": 615,
        "out": 47,
        "Read1": {
            "basepairs_in": 162283,
            "basepairs_out": 12392
        },
        "Read2": {
            "basepairs_in": 171367,
            "basepairs_out": 13087
        }
    }
  }, {
    "Program_details": {
        "program": "hts_LengthFilter",
        "version": "1.3.2",
        "options": {
            "append-stats-file": "/nmspipeline//01-Processing/TRIMMER0090_P79/01-PrimerTrim/09-SMARTindex_LC_primers.log",
            "fastq-output": "/nmspipeline//01-Processing/TRIMMER0090_P79/01-PrimerTrim/09-SMARTindex_LC_primers",
            "force": true,
            "max-length": 0,
            "min-length": 385,
            "no-orphans": false,
            "notes": "",
            "stranded": false,
            "uncompressed": false
        }
    },
    "Fragment": {
        "in": 615,
        "out": 529,
        "basepairs_in": 255713,
        "basepairs_out": 223932
    },
    "Single_end": {
        "in": 568,
        "out": 529,
        "basepairs_in": 230234,
        "basepairs_out": 223932,
        "discarded": 39
    },
    "Paired_end": {
        "in": 47,
        "out": 0,
        "discarded": 47,
        "Read1": {
            "basepairs_in": 12392,
            "basepairs_out": 0,
            "discarded": 0
        },
        "Read2": {
            "basepairs_in": 13087,
            "basepairs_out": 0,
            "discarded": 0
        }
    }
  }
]
