[ {
    "Program_details": {
        "program": "hts_Primers",
        "version": "1.3.2",
        "options": {
            "flip": true,
            "float": 0,
            "force": false,
            "keep": false,
            "min_primer_matches": 2,
            "notes": "",
            "primer_end_mismatches": 0,
            "primer_mismatches": 0,
            "primers_3p": "../hc_primers.fasta",
            "primers_5p": "CGGTTAACAGTGGTATCAACGCAGAGTACATGGGG",
            "read1-input": [ "/nmspipeline//01-Processing/TRIMMER0090_P79/00-RawData/TRIMMER_Plate79_S1_L001_R1_001_sub.fastq.gz"],
            "read2-input": [ "/nmspipeline//01-Processing/TRIMMER0090_P79/00-RawData/TRIMMER_Plate79_S1_L001_R2_001_sub.fastq.gz"],
            "stats-file": "/nmspipeline//01-Processing/TRIMMER0090_P79/01-PrimerTrim/10-SMARTindex_HC_primers.log",
            "uncompressed": false
        },
        "primers": [ ["p5primer1","CGGTTAACAGTGGTATCAACGCAGAGTACATGGGG"], ["Ga3.10for_mIGH3","GGATAGACAGATGGGGCTGTTGTTGT"], ["Ga12HC.10_REV_CHI","ATAGACAGATGGGGGTGTCGTTTTGG"], ["p5primer1","CGGTTAACAGTGGTATCAACGCAGAGTACATGGGG"], ["Ga3.10for_mIGH3","GGATAGACAGATGGGGCTGTTGTTGT"], ["Ga12HC.10_REV_CHI","ATAGACAGATGGGGGTGTCGTTTTGG"] ]
    },
    "Fragment": {
        "in": 100000,
        "out": 34,
        "basepairs_in": 60000000,
        "basepairs_out": 18326,
        "flipped": 17,
        "primers_counts": [ ["p5primer1","Ga12HC.10_REV_CHI",34], ["p5primer1","None",194], ["None","Ga3.10for_mIGH3",573], ["None","Ga12HC.10_REV_CHI",25766], ["None","None",73433] ]
    },
    "Single_end": {
        "in": 0,
        "out": 0,
        "basepairs_in": 0,
        "basepairs_out": 0,
        "primerTrim": 0,
        "primerBpTrim": 0,
        "discarded": 0
    },
    "Paired_end": {
        "in": 100000,
        "out": 34,
        "discarded": 99966,
        "Read1": {
            "basepairs_in": 30000000,
            "basepairs_out": 9010,
            "primerTrim": 34,
            "primerBpTrim": 1190
        },
        "Read2": {
            "basepairs_in": 30000000,
            "basepairs_out": 9316,
            "primerTrim": 34,
            "primerBpTrim": 884
        }
    }
  }, {
    "Program_details": {
        "program": "hts_NTrimmer",
        "version": "1.3.2",
        "options": {
            "append-stats-file": "/nmspipeline//01-Processing/TRIMMER0090_P79/01-PrimerTrim/10-SMARTindex_HC_primers.log",
            "exclude": true,
            "force": false,
            "notes": "",
            "uncompressed": false
        }
    },
    "Fragment": {
        "in": 34,
        "out": 34,
        "basepairs_in": 18326,
        "basepairs_out": 18326
    },
    "Single_end": {
        "in": 0,
        "out": 0,
        "basepairs_in": 0,
        "basepairs_out": 0,
        "rightTrim": 0,
        "leftTrim": 0,
        "discarded": 0
    },
    "Paired_end": {
        "in": 34,
        "out": 34,
        "discarded": 0,
        "Read1": {
            "basepairs_in": 9010,
            "basepairs_out": 9010,
            "leftTrim": 0,
            "rightTrim": 0
        },
        "Read2": {
            "basepairs_in": 9316,
            "basepairs_out": 9316,
            "leftTrim": 0,
            "rightTrim": 0
        }
    }
  }, {
    "Program_details": {
        "program": "hts_SeqScreener",
        "version": "1.3.2",
        "options": {
            "append-stats-file": "/nmspipeline//01-Processing/TRIMMER0090_P79/01-PrimerTrim/10-SMARTindex_HC_primers.log",
            "check-read-2": true,
            "force": false,
            "inverse": false,
            "kmer": 21,
            "notes": "",
            "percentage-hits": 0.01,
            "record": true,
            "seq": "../aberrant_LC.fasta",
            "uncompressed": false
        },
        "screen_info": {
            "screenBP": 96,
            "lookupKmers": 8
        }
    },
    "Fragment": {
        "in": 34,
        "out": 34,
        "basepairs_in": 18326,
        "basepairs_out": 18326
    },
    "Single_end": {
        "in": 0,
        "out": 0,
        "basepairs_in": 0,
        "basepairs_out": 0,
        "hits": 0
    },
    "Paired_end": {
        "in": 34,
        "out": 34,
        "hits": 0,
        "Read1": {
            "basepairs_in": 9010,
            "basepairs_out": 9010
        },
        "Read2": {
            "basepairs_in": 9316,
            "basepairs_out": 9316
        }
    }
  }, {
    "Program_details": {
        "program": "hts_QWindowTrim",
        "version": "1.3.2",
        "options": {
            "append-stats-file": "/nmspipeline//01-Processing/TRIMMER0090_P79/01-PrimerTrim/10-SMARTindex_HC_primers.log",
            "avg-qual-score": 10,
            "force": false,
            "no-left": true,
            "no-right": false,
            "notes": "",
            "qual-offset": 33,
            "uncompressed": false,
            "window-size": 10
        }
    },
    "Fragment": {
        "in": 34,
        "out": 34,
        "basepairs_in": 18326,
        "basepairs_out": 18281
    },
    "Single_end": {
        "in": 0,
        "out": 0,
        "basepairs_in": 0,
        "basepairs_out": 0,
        "rightTrim": 0,
        "leftTrim": 0
    },
    "Paired_end": {
        "in": 34,
        "out": 34,
        "Read1": {
            "basepairs_in": 9010,
            "basepairs_out": 8985,
            "leftTrim": 0,
            "rightTrim": 25
        },
        "Read2": {
            "basepairs_in": 9316,
            "basepairs_out": 9296,
            "leftTrim": 0,
            "rightTrim": 20
        }
    }
  }, {
    "Program_details": {
        "program": "hts_Overlapper",
        "version": "1.3.2",
        "options": {
            "append-stats-file": "/nmspipeline//01-Processing/TRIMMER0090_P79/01-PrimerTrim/10-SMARTindex_HC_primers.log",
            "check-lengths": 20,
            "force": false,
            "force-pairs": false,
            "kmer": 8,
            "kmer-offset": 1,
            "max-mismatch": 100,
            "max-mismatch-errorDensity": 0.25,
            "min-overlap": 8,
            "notes": "",
            "number-of-threads": 1,
            "uncompressed": false
        }
    },
    "Fragment": {
        "in": 34,
        "out": 34,
        "basepairs_in": 18281,
        "basepairs_out": 14768,
        "inserts": {
            "short": 5,
            "medium": 27,
            "long": 2
        },
        "overlap_histogram": [ [73,2], [90,1], [132,1], [255,1], [446,1], [476,1], [479,1], [481,1], [482,3], [483,5], [485,3], [486,3], [488,1], [489,7], [501,1] ]
    },
    "Single_end": {
        "in": 0,
        "out": 32,
        "basepairs_in": 0,
        "basepairs_out": 13691
    },
    "Paired_end": {
        "in": 34,
        "out": 2,
        "Read1": {
            "basepairs_in": 8985,
            "basepairs_out": 530
        },
        "Read2": {
            "basepairs_in": 9296,
            "basepairs_out": 547
        }
    }
  }, {
    "Program_details": {
        "program": "hts_LengthFilter",
        "version": "1.3.2",
        "options": {
            "append-stats-file": "/nmspipeline//01-Processing/TRIMMER0090_P79/01-PrimerTrim/10-SMARTindex_HC_primers.log",
            "fastq-output": "/nmspipeline//01-Processing/TRIMMER0090_P79/01-PrimerTrim/10-SMARTindex_HC_primers",
            "force": true,
            "max-length": 0,
            "min-length": 385,
            "no-orphans": false,
            "notes": "",
            "stranded": false,
            "uncompressed": false
        }
    },
    "Fragment": {
        "in": 34,
        "out": 27,
        "basepairs_in": 14768,
        "basepairs_out": 13068
    },
    "Single_end": {
        "in": 32,
        "out": 27,
        "basepairs_in": 13691,
        "basepairs_out": 13068,
        "discarded": 5
    },
    "Paired_end": {
        "in": 2,
        "out": 0,
        "discarded": 2,
        "Read1": {
            "basepairs_in": 530,
            "basepairs_out": 0,
            "discarded": 0
        },
        "Read2": {
            "basepairs_in": 547,
            "basepairs_out": 0,
            "discarded": 0
        }
    }
  }
]
