[ {
    "Program_details": {
        "program": "hts_Primers",
        "version": "1.3.2",
        "options": {
            "flip": true,
            "float": 0,
            "force": false,
            "keep": false,
            "min_primer_matches": 2,
            "notes": "",
            "primer_end_mismatches": 0,
            "primer_mismatches": 0,
            "primers_3p": "../lc_primers.fasta",
            "primers_5p": "CGGTTAACAGTGGTATCAACGCAGAGTACATGGGG",
            "read1-input": [ "/nmspipeline//01-Processing/TRIMMER0090_P79/00-RawData/TRIMMER_Plate79_S1_L001_R1_001_sub.fastq.gz"],
            "read2-input": [ "/nmspipeline//01-Processing/TRIMMER0090_P79/00-RawData/TRIMMER_Plate79_S1_L001_R2_001_sub.fastq.gz"],
            "stats-file": "/nmspipeline//01-Processing/TRIMMER0090_P79/01-PrimerTrim/10-SMARTindex_LC_primers.log",
            "uncompressed": false
        },
        "primers": [ ["p5primer1","CGGTTAACAGTGGTATCAACGCAGAGTACATGGGG"], ["KaLC.6_REV_LC","GGATACAGTTGGTGCAGCATC"], ["LaLC.R-mIGL","ATCGTACACACCAGTGTGGC"], ["p5primer1","CGGTTAACAGTGGTATCAACGCAGAGTACATGGGG"], ["KaLC.6_REV_LC","GGATACAGTTGGTGCAGCATC"], ["LaLC.R-mIGL","ATCGTACACACCAGTGTGGC"] ]
    },
    "Fragment": {
        "in": 100000,
        "out": 153,
        "basepairs_in": 60000000,
        "basepairs_out": 83233,
        "flipped": 66,
        "primers_counts": [ ["p5primer1","LaLC.R-mIGL",1], ["p5primer1","None",75], ["p5primer1","KaLC.6_REV_LC",152], ["None","None",40299], ["None","KaLC.6_REV_LC",56628], ["None","LaLC.R-mIGL",2845] ]
    },
    "Single_end": {
        "in": 0,
        "out": 0,
        "basepairs_in": 0,
        "basepairs_out": 0,
        "primerTrim": 0,
        "primerBpTrim": 0,
        "discarded": 0
    },
    "Paired_end": {
        "in": 100000,
        "out": 153,
        "discarded": 99847,
        "Read1": {
            "basepairs_in": 30000000,
            "basepairs_out": 40545,
            "primerTrim": 153,
            "primerBpTrim": 5355
        },
        "Read2": {
            "basepairs_in": 30000000,
            "basepairs_out": 42688,
            "primerTrim": 153,
            "primerBpTrim": 3212
        }
    }
  }, {
    "Program_details": {
        "program": "hts_NTrimmer",
        "version": "1.3.2",
        "options": {
            "append-stats-file": "/nmspipeline//01-Processing/TRIMMER0090_P79/01-PrimerTrim/10-SMARTindex_LC_primers.log",
            "exclude": true,
            "force": false,
            "notes": "",
            "uncompressed": false
        }
    },
    "Fragment": {
        "in": 153,
        "out": 153,
        "basepairs_in": 83233,
        "basepairs_out": 83233
    },
    "Single_end": {
        "in": 0,
        "out": 0,
        "basepairs_in": 0,
        "basepairs_out": 0,
        "rightTrim": 0,
        "leftTrim": 0,
        "discarded": 0
    },
    "Paired_end": {
        "in": 153,
        "out": 153,
        "discarded": 0,
        "Read1": {
            "basepairs_in": 40545,
            "basepairs_out": 40545,
            "leftTrim": 0,
            "rightTrim": 0
        },
        "Read2": {
            "basepairs_in": 42688,
            "basepairs_out": 42688,
            "leftTrim": 0,
            "rightTrim": 0
        }
    }
  }, {
    "Program_details": {
        "program": "hts_SeqScreener",
        "version": "1.3.2",
        "options": {
            "append-stats-file": "/nmspipeline//01-Processing/TRIMMER0090_P79/01-PrimerTrim/10-SMARTindex_LC_primers.log",
            "check-read-2": true,
            "force": false,
            "inverse": false,
            "kmer": 21,
            "notes": "",
            "percentage-hits": 0.01,
            "record": true,
            "seq": "../aberrant_LC.fasta",
            "uncompressed": false
        },
        "screen_info": {
            "screenBP": 96,
            "lookupKmers": 8
        }
    },
    "Fragment": {
        "in": 153,
        "out": 153,
        "basepairs_in": 83233,
        "basepairs_out": 83233
    },
    "Single_end": {
        "in": 0,
        "out": 0,
        "basepairs_in": 0,
        "basepairs_out": 0,
        "hits": 0
    },
    "Paired_end": {
        "in": 153,
        "out": 153,
        "hits": 13,
        "Read1": {
            "basepairs_in": 40545,
            "basepairs_out": 40545
        },
        "Read2": {
            "basepairs_in": 42688,
            "basepairs_out": 42688
        }
    }
  }, {
    "Program_details": {
        "program": "hts_QWindowTrim",
        "version": "1.3.2",
        "options": {
            "append-stats-file": "/nmspipeline//01-Processing/TRIMMER0090_P79/01-PrimerTrim/10-SMARTindex_LC_primers.log",
            "avg-qual-score": 10,
            "force": false,
            "no-left": true,
            "no-right": false,
            "notes": "",
            "qual-offset": 33,
            "uncompressed": false,
            "window-size": 10
        }
    },
    "Fragment": {
        "in": 153,
        "out": 153,
        "basepairs_in": 83233,
        "basepairs_out": 83052
    },
    "Single_end": {
        "in": 0,
        "out": 0,
        "basepairs_in": 0,
        "basepairs_out": 0,
        "rightTrim": 0,
        "leftTrim": 0
    },
    "Paired_end": {
        "in": 153,
        "out": 153,
        "Read1": {
            "basepairs_in": 40545,
            "basepairs_out": 40474,
            "leftTrim": 0,
            "rightTrim": 71
        },
        "Read2": {
            "basepairs_in": 42688,
            "basepairs_out": 42578,
            "leftTrim": 0,
            "rightTrim": 110
        }
    }
  }, {
    "Program_details": {
        "program": "hts_Overlapper",
        "version": "1.3.2",
        "options": {
            "append-stats-file": "/nmspipeline//01-Processing/TRIMMER0090_P79/01-PrimerTrim/10-SMARTindex_LC_primers.log",
            "check-lengths": 20,
            "force": false,
            "force-pairs": false,
            "kmer": 8,
            "kmer-offset": 1,
            "max-mismatch": 100,
            "max-mismatch-errorDensity": 0.25,
            "min-overlap": 8,
            "notes": "",
            "number-of-threads": 1,
            "uncompressed": false
        }
    },
    "Fragment": {
        "in": 153,
        "out": 153,
        "basepairs_in": 83052,
        "basepairs_out": 64245,
        "inserts": {
            "short": 7,
            "medium": 142,
            "long": 4
        },
        "overlap_histogram": [ [83,1], [86,2], [99,1], [148,1], [183,1], [270,1], [282,1], [337,1], [338,1], [418,6], [421,1], [422,3], [423,2], [430,8], [431,30], [432,1], [433,1], [434,82], [435,3], [485,1], [508,1] ]
    },
    "Single_end": {
        "in": 0,
        "out": 149,
        "basepairs_in": 0,
        "basepairs_out": 62074
    },
    "Paired_end": {
        "in": 153,
        "out": 4,
        "Read1": {
            "basepairs_in": 40474,
            "basepairs_out": 1058
        },
        "Read2": {
            "basepairs_in": 42578,
            "basepairs_out": 1113
        }
    }
  }, {
    "Program_details": {
        "program": "hts_LengthFilter",
        "version": "1.3.2",
        "options": {
            "append-stats-file": "/nmspipeline//01-Processing/TRIMMER0090_P79/01-PrimerTrim/10-SMARTindex_LC_primers.log",
            "fastq-output": "/nmspipeline//01-Processing/TRIMMER0090_P79/01-PrimerTrim/10-SMARTindex_LC_primers",
            "force": true,
            "max-length": 0,
            "min-length": 385,
            "no-orphans": false,
            "notes": "",
            "stranded": false,
            "uncompressed": false
        }
    },
    "Fragment": {
        "in": 153,
        "out": 139,
        "basepairs_in": 64245,
        "basepairs_out": 60162
    },
    "Single_end": {
        "in": 149,
        "out": 139,
        "basepairs_in": 62074,
        "basepairs_out": 60162,
        "discarded": 10
    },
    "Paired_end": {
        "in": 4,
        "out": 0,
        "discarded": 4,
        "Read1": {
            "basepairs_in": 1058,
            "basepairs_out": 0,
            "discarded": 0
        },
        "Read2": {
            "basepairs_in": 1113,
            "basepairs_out": 0,
            "discarded": 0
        }
    }
  }
]
