[ {
    "Program_details": {
        "program": "hts_Primers",
        "version": "1.3.2",
        "options": {
            "flip": true,
            "float": 0,
            "force": false,
            "keep": false,
            "min_primer_matches": 2,
            "notes": "",
            "primer_end_mismatches": 0,
            "primer_mismatches": 0,
            "primers_3p": "../lc_primers.fasta",
            "primers_5p": "TTAACTACAGTGGTATCAACGCAGAGTACATGGGG",
            "read1-input": [ "/nmspipeline//01-Processing/TRIMMER0090_P79/00-RawData/TRIMMER_Plate79_S1_L001_R1_001_sub.fastq.gz"],
            "read2-input": [ "/nmspipeline//01-Processing/TRIMMER0090_P79/00-RawData/TRIMMER_Plate79_S1_L001_R2_001_sub.fastq.gz"],
            "stats-file": "/nmspipeline//01-Processing/TRIMMER0090_P79/01-PrimerTrim/11-SMARTindex_LC_primers.log",
            "uncompressed": false
        },
        "primers": [ ["p5primer1","TTAACTACAGTGGTATCAACGCAGAGTACATGGGG"], ["KaLC.6_REV_LC","GGATACAGTTGGTGCAGCATC"], ["LaLC.R-mIGL","ATCGTACACACCAGTGTGGC"], ["p5primer1","TTAACTACAGTGGTATCAACGCAGAGTACATGGGG"], ["KaLC.6_REV_LC","GGATACAGTTGGTGCAGCATC"], ["LaLC.R-mIGL","ATCGTACACACCAGTGTGGC"] ]
    },
    "Fragment": {
        "in": 100000,
        "out": 515,
        "basepairs_in": 60000000,
        "basepairs_out": 280162,
        "flipped": 235,
        "primers_counts": [ ["p5primer1","LaLC.R-mIGL",2], ["p5primer1","None",367], ["p5primer1","KaLC.6_REV_LC",513], ["None","None",40007], ["None","KaLC.6_REV_LC",56267], ["None","LaLC.R-mIGL",2844] ]
    },
    "Single_end": {
        "in": 0,
        "out": 0,
        "basepairs_in": 0,
        "basepairs_out": 0,
        "primerTrim": 0,
        "primerBpTrim": 0,
        "discarded": 0
    },
    "Paired_end": {
        "in": 100000,
        "out": 515,
        "discarded": 99485,
        "Read1": {
            "basepairs_in": 30000000,
            "basepairs_out": 136475,
            "primerTrim": 515,
            "primerBpTrim": 18025
        },
        "Read2": {
            "basepairs_in": 30000000,
            "basepairs_out": 143687,
            "primerTrim": 515,
            "primerBpTrim": 10813
        }
    }
  }, {
    "Program_details": {
        "program": "hts_NTrimmer",
        "version": "1.3.2",
        "options": {
            "append-stats-file": "/nmspipeline//01-Processing/TRIMMER0090_P79/01-PrimerTrim/11-SMARTindex_LC_primers.log",
            "exclude": true,
            "force": false,
            "notes": "",
            "uncompressed": false
        }
    },
    "Fragment": {
        "in": 515,
        "out": 514,
        "basepairs_in": 280162,
        "basepairs_out": 279618
    },
    "Single_end": {
        "in": 0,
        "out": 0,
        "basepairs_in": 0,
        "basepairs_out": 0,
        "rightTrim": 0,
        "leftTrim": 0,
        "discarded": 0
    },
    "Paired_end": {
        "in": 515,
        "out": 514,
        "discarded": 1,
        "Read1": {
            "basepairs_in": 136475,
            "basepairs_out": 136210,
            "leftTrim": 0,
            "rightTrim": 0
        },
        "Read2": {
            "basepairs_in": 143687,
            "basepairs_out": 143408,
            "leftTrim": 0,
            "rightTrim": 0
        }
    }
  }, {
    "Program_details": {
        "program": "hts_SeqScreener",
        "version": "1.3.2",
        "options": {
            "append-stats-file": "/nmspipeline//01-Processing/TRIMMER0090_P79/01-PrimerTrim/11-SMARTindex_LC_primers.log",
            "check-read-2": true,
            "force": false,
            "inverse": false,
            "kmer": 21,
            "notes": "",
            "percentage-hits": 0.01,
            "record": true,
            "seq": "../aberrant_LC.fasta",
            "uncompressed": false
        },
        "screen_info": {
            "screenBP": 96,
            "lookupKmers": 8
        }
    },
    "Fragment": {
        "in": 514,
        "out": 514,
        "basepairs_in": 279618,
        "basepairs_out": 279618
    },
    "Single_end": {
        "in": 0,
        "out": 0,
        "basepairs_in": 0,
        "basepairs_out": 0,
        "hits": 0
    },
    "Paired_end": {
        "in": 514,
        "out": 514,
        "hits": 22,
        "Read1": {
            "basepairs_in": 136210,
            "basepairs_out": 136210
        },
        "Read2": {
            "basepairs_in": 143408,
            "basepairs_out": 143408
        }
    }
  }, {
    "Program_details": {
        "program": "hts_QWindowTrim",
        "version": "1.3.2",
        "options": {
            "append-stats-file": "/nmspipeline//01-Processing/TRIMMER0090_P79/01-PrimerTrim/11-SMARTindex_LC_primers.log",
            "avg-qual-score": 10,
            "force": false,
            "no-left": true,
            "no-right": false,
            "notes": "",
            "qual-offset": 33,
            "uncompressed": false,
            "window-size": 10
        }
    },
    "Fragment": {
        "in": 514,
        "out": 514,
        "basepairs_in": 279618,
        "basepairs_out": 278240
    },
    "Single_end": {
        "in": 0,
        "out": 0,
        "basepairs_in": 0,
        "basepairs_out": 0,
        "rightTrim": 0,
        "leftTrim": 0
    },
    "Paired_end": {
        "in": 514,
        "out": 514,
        "Read1": {
            "basepairs_in": 136210,
            "basepairs_out": 135677,
            "leftTrim": 0,
            "rightTrim": 533
        },
        "Read2": {
            "basepairs_in": 143408,
            "basepairs_out": 142563,
            "leftTrim": 0,
            "rightTrim": 845
        }
    }
  }, {
    "Program_details": {
        "program": "hts_Overlapper",
        "version": "1.3.2",
        "options": {
            "append-stats-file": "/nmspipeline//01-Processing/TRIMMER0090_P79/01-PrimerTrim/11-SMARTindex_LC_primers.log",
            "check-lengths": 20,
            "force": false,
            "force-pairs": false,
            "kmer": 8,
            "kmer-offset": 1,
            "max-mismatch": 100,
            "max-mismatch-errorDensity": 0.25,
            "min-overlap": 8,
            "notes": "",
            "number-of-threads": 1,
            "uncompressed": false
        }
    },
    "Fragment": {
        "in": 514,
        "out": 514,
        "basepairs_in": 278240,
        "basepairs_out": 214225,
        "inserts": {
            "short": 32,
            "medium": 443,
            "long": 39
        },
        "overlap_histogram": [ [16,1], [39,1], [47,1], [48,1], [50,2], [59,1], [67,1], [80,1], [83,1], [86,1], [91,1], [92,1], [122,1], [123,1], [124,1], [125,2], [130,1], [131,1], [158,1], [160,1], [164,3], [175,1], [219,1], [241,2], [242,1], [254,1], [267,1], [288,1], [291,1], [292,1], [324,1], [326,1], [363,1], [370,1], [381,1], [396,1], [398,2], [400,1], [403,6], [409,1], [416,1], [418,5], [420,2], [421,2], [422,41], [423,9], [424,19], [425,80], [426,109], [427,62], [428,2], [429,1], [430,1], [439,2], [440,17], [441,1], [442,2], [443,9], [444,46], [445,5], [446,3], [447,1], [448,1], [454,1], [464,1], [470,1] ]
    },
    "Single_end": {
        "in": 0,
        "out": 475,
        "basepairs_in": 0,
        "basepairs_out": 193107
    },
    "Paired_end": {
        "in": 514,
        "out": 39,
        "Read1": {
            "basepairs_in": 135677,
            "basepairs_out": 10301
        },
        "Read2": {
            "basepairs_in": 142563,
            "basepairs_out": 10817
        }
    }
  }, {
    "Program_details": {
        "program": "hts_LengthFilter",
        "version": "1.3.2",
        "options": {
            "append-stats-file": "/nmspipeline//01-Processing/TRIMMER0090_P79/01-PrimerTrim/11-SMARTindex_LC_primers.log",
            "fastq-output": "/nmspipeline//01-Processing/TRIMMER0090_P79/01-PrimerTrim/11-SMARTindex_LC_primers",
            "force": true,
            "max-length": 0,
            "min-length": 385,
            "no-orphans": false,
            "notes": "",
            "stranded": false,
            "uncompressed": false
        }
    },
    "Fragment": {
        "in": 514,
        "out": 435,
        "basepairs_in": 214225,
        "basepairs_out": 186335
    },
    "Single_end": {
        "in": 475,
        "out": 435,
        "basepairs_in": 193107,
        "basepairs_out": 186335,
        "discarded": 40
    },
    "Paired_end": {
        "in": 39,
        "out": 0,
        "discarded": 39,
        "Read1": {
            "basepairs_in": 10301,
            "basepairs_out": 0,
            "discarded": 0
        },
        "Read2": {
            "basepairs_in": 10817,
            "basepairs_out": 0,
            "discarded": 0
        }
    }
  }
]
