[ {
    "Program_details": {
        "program": "hts_Primers",
        "version": "1.3.2",
        "options": {
            "flip": true,
            "float": 0,
            "force": false,
            "keep": false,
            "min_primer_matches": 2,
            "notes": "",
            "primer_end_mismatches": 0,
            "primer_mismatches": 0,
            "primers_3p": "../hc_primers.fasta",
            "primers_5p": "TTAACTACAGTGGTATCAACGCAGAGTACATGGGG",
            "read1-input": [ "/nmspipeline//01-Processing/TRIMMER0090_P79/00-RawData/TRIMMER_Plate79_S1_L001_R1_001_sub.fastq.gz"],
            "read2-input": [ "/nmspipeline//01-Processing/TRIMMER0090_P79/00-RawData/TRIMMER_Plate79_S1_L001_R2_001_sub.fastq.gz"],
            "stats-file": "/nmspipeline//01-Processing/TRIMMER0090_P79/01-PrimerTrim/11-SMARTindex_HC_primers.log",
            "uncompressed": false
        },
        "primers": [ ["p5primer1","TTAACTACAGTGGTATCAACGCAGAGTACATGGGG"], ["Ga3.10for_mIGH3","GGATAGACAGATGGGGCTGTTGTTGT"], ["Ga12HC.10_REV_CHI","ATAGACAGATGGGGGTGTCGTTTTGG"], ["p5primer1","TTAACTACAGTGGTATCAACGCAGAGTACATGGGG"], ["Ga3.10for_mIGH3","GGATAGACAGATGGGGCTGTTGTTGT"], ["Ga12HC.10_REV_CHI","ATAGACAGATGGGGGTGTCGTTTTGG"] ]
    },
    "Fragment": {
        "in": 100000,
        "out": 248,
        "basepairs_in": 60000000,
        "basepairs_out": 133672,
        "flipped": 106,
        "primers_counts": [ ["p5primer1","Ga12HC.10_REV_CHI",248], ["None","Ga3.10for_mIGH3",573], ["p5primer1","None",634], ["None","Ga12HC.10_REV_CHI",25552], ["None","None",72993] ]
    },
    "Single_end": {
        "in": 0,
        "out": 0,
        "basepairs_in": 0,
        "basepairs_out": 0,
        "primerTrim": 0,
        "primerBpTrim": 0,
        "discarded": 0
    },
    "Paired_end": {
        "in": 100000,
        "out": 248,
        "discarded": 99752,
        "Read1": {
            "basepairs_in": 30000000,
            "basepairs_out": 65720,
            "primerTrim": 248,
            "primerBpTrim": 8680
        },
        "Read2": {
            "basepairs_in": 30000000,
            "basepairs_out": 67952,
            "primerTrim": 248,
            "primerBpTrim": 6448
        }
    }
  }, {
    "Program_details": {
        "program": "hts_NTrimmer",
        "version": "1.3.2",
        "options": {
            "append-stats-file": "/nmspipeline//01-Processing/TRIMMER0090_P79/01-PrimerTrim/11-SMARTindex_HC_primers.log",
            "exclude": true,
            "force": false,
            "notes": "",
            "uncompressed": false
        }
    },
    "Fragment": {
        "in": 248,
        "out": 248,
        "basepairs_in": 133672,
        "basepairs_out": 133672
    },
    "Single_end": {
        "in": 0,
        "out": 0,
        "basepairs_in": 0,
        "basepairs_out": 0,
        "rightTrim": 0,
        "leftTrim": 0,
        "discarded": 0
    },
    "Paired_end": {
        "in": 248,
        "out": 248,
        "discarded": 0,
        "Read1": {
            "basepairs_in": 65720,
            "basepairs_out": 65720,
            "leftTrim": 0,
            "rightTrim": 0
        },
        "Read2": {
            "basepairs_in": 67952,
            "basepairs_out": 67952,
            "leftTrim": 0,
            "rightTrim": 0
        }
    }
  }, {
    "Program_details": {
        "program": "hts_SeqScreener",
        "version": "1.3.2",
        "options": {
            "append-stats-file": "/nmspipeline//01-Processing/TRIMMER0090_P79/01-PrimerTrim/11-SMARTindex_HC_primers.log",
            "check-read-2": true,
            "force": false,
            "inverse": false,
            "kmer": 21,
            "notes": "",
            "percentage-hits": 0.01,
            "record": true,
            "seq": "../aberrant_LC.fasta",
            "uncompressed": false
        },
        "screen_info": {
            "screenBP": 96,
            "lookupKmers": 8
        }
    },
    "Fragment": {
        "in": 248,
        "out": 248,
        "basepairs_in": 133672,
        "basepairs_out": 133672
    },
    "Single_end": {
        "in": 0,
        "out": 0,
        "basepairs_in": 0,
        "basepairs_out": 0,
        "hits": 0
    },
    "Paired_end": {
        "in": 248,
        "out": 248,
        "hits": 0,
        "Read1": {
            "basepairs_in": 65720,
            "basepairs_out": 65720
        },
        "Read2": {
            "basepairs_in": 67952,
            "basepairs_out": 67952
        }
    }
  }, {
    "Program_details": {
        "program": "hts_QWindowTrim",
        "version": "1.3.2",
        "options": {
            "append-stats-file": "/nmspipeline//01-Processing/TRIMMER0090_P79/01-PrimerTrim/11-SMARTindex_HC_primers.log",
            "avg-qual-score": 10,
            "force": false,
            "no-left": true,
            "no-right": false,
            "notes": "",
            "qual-offset": 33,
            "uncompressed": false,
            "window-size": 10
        }
    },
    "Fragment": {
        "in": 248,
        "out": 248,
        "basepairs_in": 133672,
        "basepairs_out": 133347
    },
    "Single_end": {
        "in": 0,
        "out": 0,
        "basepairs_in": 0,
        "basepairs_out": 0,
        "rightTrim": 0,
        "leftTrim": 0
    },
    "Paired_end": {
        "in": 248,
        "out": 248,
        "Read1": {
            "basepairs_in": 65720,
            "basepairs_out": 65571,
            "leftTrim": 0,
            "rightTrim": 149
        },
        "Read2": {
            "basepairs_in": 67952,
            "basepairs_out": 67776,
            "leftTrim": 0,
            "rightTrim": 176
        }
    }
  }, {
    "Program_details": {
        "program": "hts_Overlapper",
        "version": "1.3.2",
        "options": {
            "append-stats-file": "/nmspipeline//01-Processing/TRIMMER0090_P79/01-PrimerTrim/11-SMARTindex_HC_primers.log",
            "check-lengths": 20,
            "force": false,
            "force-pairs": false,
            "kmer": 8,
            "kmer-offset": 1,
            "max-mismatch": 100,
            "max-mismatch-errorDensity": 0.25,
            "min-overlap": 8,
            "notes": "",
            "number-of-threads": 1,
            "uncompressed": false
        }
    },
    "Fragment": {
        "in": 248,
        "out": 248,
        "basepairs_in": 133347,
        "basepairs_out": 116979,
        "inserts": {
            "short": 10,
            "medium": 214,
            "long": 24
        },
        "overlap_histogram": [ [31,1], [48,1], [57,1], [79,1], [125,1], [133,2], [176,1], [190,1], [231,1], [300,2], [311,1], [396,1], [430,1], [431,1], [461,3], [462,1], [463,2], [464,1], [473,4], [474,1], [477,1], [479,1], [480,1], [481,20], [482,2], [483,1], [484,82], [485,11], [486,16], [487,6], [488,29], [489,22], [490,2], [495,1], [503,1] ]
    },
    "Single_end": {
        "in": 0,
        "out": 224,
        "basepairs_in": 0,
        "basepairs_out": 104084
    },
    "Paired_end": {
        "in": 248,
        "out": 24,
        "Read1": {
            "basepairs_in": 65571,
            "basepairs_out": 6344
        },
        "Read2": {
            "basepairs_in": 67776,
            "basepairs_out": 6551
        }
    }
  }, {
    "Program_details": {
        "program": "hts_LengthFilter",
        "version": "1.3.2",
        "options": {
            "append-stats-file": "/nmspipeline//01-Processing/TRIMMER0090_P79/01-PrimerTrim/11-SMARTindex_HC_primers.log",
            "fastq-output": "/nmspipeline//01-Processing/TRIMMER0090_P79/01-PrimerTrim/11-SMARTindex_HC_primers",
            "force": true,
            "max-length": 0,
            "min-length": 385,
            "no-orphans": false,
            "notes": "",
            "stranded": false,
            "uncompressed": false
        }
    },
    "Fragment": {
        "in": 248,
        "out": 211,
        "basepairs_in": 116979,
        "basepairs_out": 101970
    },
    "Single_end": {
        "in": 224,
        "out": 211,
        "basepairs_in": 104084,
        "basepairs_out": 101970,
        "discarded": 13
    },
    "Paired_end": {
        "in": 24,
        "out": 0,
        "discarded": 24,
        "Read1": {
            "basepairs_in": 6344,
            "basepairs_out": 0,
            "discarded": 0
        },
        "Read2": {
            "basepairs_in": 6551,
            "basepairs_out": 0,
            "discarded": 0
        }
    }
  }
]
