[ {
    "Program_details": {
        "program": "hts_Primers",
        "version": "1.3.2",
        "options": {
            "flip": true,
            "float": 0,
            "force": false,
            "keep": false,
            "min_primer_matches": 2,
            "notes": "",
            "primer_end_mismatches": 0,
            "primer_mismatches": 0,
            "primers_3p": "../lc_primers.fasta",
            "primers_5p": "ATGAACACAGTGGTATCAACGCAGAGTACATGGGG",
            "read1-input": [ "/nmspipeline//01-Processing/TRIMMER0090_P79/00-RawData/TRIMMER_Plate79_S1_L001_R1_001_sub.fastq.gz"],
            "read2-input": [ "/nmspipeline//01-Processing/TRIMMER0090_P79/00-RawData/TRIMMER_Plate79_S1_L001_R2_001_sub.fastq.gz"],
            "stats-file": "/nmspipeline//01-Processing/TRIMMER0090_P79/01-PrimerTrim/12-SMARTindex_LC_primers.log",
            "uncompressed": false
        },
        "primers": [ ["p5primer1","ATGAACACAGTGGTATCAACGCAGAGTACATGGGG"], ["KaLC.6_REV_LC","GGATACAGTTGGTGCAGCATC"], ["LaLC.R-mIGL","ATCGTACACACCAGTGTGGC"], ["p5primer1","ATGAACACAGTGGTATCAACGCAGAGTACATGGGG"], ["KaLC.6_REV_LC","GGATACAGTTGGTGCAGCATC"], ["LaLC.R-mIGL","ATCGTACACACCAGTGTGGC"] ]
    },
    "Fragment": {
        "in": 100000,
        "out": 383,
        "basepairs_in": 60000000,
        "basepairs_out": 208352,
        "flipped": 167,
        "primers_counts": [ ["p5primer1","None",57], ["p5primer1","KaLC.6_REV_LC",383], ["None","None",40317], ["None","KaLC.6_REV_LC",56397], ["None","LaLC.R-mIGL",2846] ]
    },
    "Single_end": {
        "in": 0,
        "out": 0,
        "basepairs_in": 0,
        "basepairs_out": 0,
        "primerTrim": 0,
        "primerBpTrim": 0,
        "discarded": 0
    },
    "Paired_end": {
        "in": 100000,
        "out": 383,
        "discarded": 99617,
        "Read1": {
            "basepairs_in": 30000000,
            "basepairs_out": 101495,
            "primerTrim": 383,
            "primerBpTrim": 13405
        },
        "Read2": {
            "basepairs_in": 30000000,
            "basepairs_out": 106857,
            "primerTrim": 383,
            "primerBpTrim": 8043
        }
    }
  }, {
    "Program_details": {
        "program": "hts_NTrimmer",
        "version": "1.3.2",
        "options": {
            "append-stats-file": "/nmspipeline//01-Processing/TRIMMER0090_P79/01-PrimerTrim/12-SMARTindex_LC_primers.log",
            "exclude": true,
            "force": false,
            "notes": "",
            "uncompressed": false
        }
    },
    "Fragment": {
        "in": 383,
        "out": 383,
        "basepairs_in": 208352,
        "basepairs_out": 208352
    },
    "Single_end": {
        "in": 0,
        "out": 0,
        "basepairs_in": 0,
        "basepairs_out": 0,
        "rightTrim": 0,
        "leftTrim": 0,
        "discarded": 0
    },
    "Paired_end": {
        "in": 383,
        "out": 383,
        "discarded": 0,
        "Read1": {
            "basepairs_in": 101495,
            "basepairs_out": 101495,
            "leftTrim": 0,
            "rightTrim": 0
        },
        "Read2": {
            "basepairs_in": 106857,
            "basepairs_out": 106857,
            "leftTrim": 0,
            "rightTrim": 0
        }
    }
  }, {
    "Program_details": {
        "program": "hts_SeqScreener",
        "version": "1.3.2",
        "options": {
            "append-stats-file": "/nmspipeline//01-Processing/TRIMMER0090_P79/01-PrimerTrim/12-SMARTindex_LC_primers.log",
            "check-read-2": true,
            "force": false,
            "inverse": false,
            "kmer": 21,
            "notes": "",
            "percentage-hits": 0.01,
            "record": true,
            "seq": "../aberrant_LC.fasta",
            "uncompressed": false
        },
        "screen_info": {
            "screenBP": 96,
            "lookupKmers": 8
        }
    },
    "Fragment": {
        "in": 383,
        "out": 383,
        "basepairs_in": 208352,
        "basepairs_out": 208352
    },
    "Single_end": {
        "in": 0,
        "out": 0,
        "basepairs_in": 0,
        "basepairs_out": 0,
        "hits": 0
    },
    "Paired_end": {
        "in": 383,
        "out": 383,
        "hits": 71,
        "Read1": {
            "basepairs_in": 101495,
            "basepairs_out": 101495
        },
        "Read2": {
            "basepairs_in": 106857,
            "basepairs_out": 106857
        }
    }
  }, {
    "Program_details": {
        "program": "hts_QWindowTrim",
        "version": "1.3.2",
        "options": {
            "append-stats-file": "/nmspipeline//01-Processing/TRIMMER0090_P79/01-PrimerTrim/12-SMARTindex_LC_primers.log",
            "avg-qual-score": 10,
            "force": false,
            "no-left": true,
            "no-right": false,
            "notes": "",
            "qual-offset": 33,
            "uncompressed": false,
            "window-size": 10
        }
    },
    "Fragment": {
        "in": 383,
        "out": 383,
        "basepairs_in": 208352,
        "basepairs_out": 207807
    },
    "Single_end": {
        "in": 0,
        "out": 0,
        "basepairs_in": 0,
        "basepairs_out": 0,
        "rightTrim": 0,
        "leftTrim": 0
    },
    "Paired_end": {
        "in": 383,
        "out": 383,
        "Read1": {
            "basepairs_in": 101495,
            "basepairs_out": 101383,
            "leftTrim": 0,
            "rightTrim": 112
        },
        "Read2": {
            "basepairs_in": 106857,
            "basepairs_out": 106424,
            "leftTrim": 0,
            "rightTrim": 433
        }
    }
  }, {
    "Program_details": {
        "program": "hts_Overlapper",
        "version": "1.3.2",
        "options": {
            "append-stats-file": "/nmspipeline//01-Processing/TRIMMER0090_P79/01-PrimerTrim/12-SMARTindex_LC_primers.log",
            "check-lengths": 20,
            "force": false,
            "force-pairs": false,
            "kmer": 8,
            "kmer-offset": 1,
            "max-mismatch": 100,
            "max-mismatch-errorDensity": 0.25,
            "min-overlap": 8,
            "notes": "",
            "number-of-threads": 1,
            "uncompressed": false
        }
    },
    "Fragment": {
        "in": 383,
        "out": 383,
        "basepairs_in": 207807,
        "basepairs_out": 159644,
        "inserts": {
            "short": 11,
            "medium": 351,
            "long": 21
        },
        "overlap_histogram": [ [9,1], [25,2], [31,1], [68,1], [89,1], [131,1], [177,2], [242,1], [246,1], [338,1], [386,1], [391,1], [396,1], [398,3], [399,4], [400,1], [406,1], [407,1], [410,1], [412,4], [414,4], [415,7], [416,41], [417,170], [418,38], [419,3], [420,1], [421,5], [422,7], [423,3], [424,2], [426,2], [429,2], [430,2], [431,13], [432,8], [433,2], [434,7], [435,2], [439,2], [440,6], [441,1], [449,2], [467,1], [474,1] ]
    },
    "Single_end": {
        "in": 0,
        "out": 362,
        "basepairs_in": 0,
        "basepairs_out": 148237
    },
    "Paired_end": {
        "in": 383,
        "out": 21,
        "Read1": {
            "basepairs_in": 101383,
            "basepairs_out": 5562
        },
        "Read2": {
            "basepairs_in": 106424,
            "basepairs_out": 5845
        }
    }
  }, {
    "Program_details": {
        "program": "hts_LengthFilter",
        "version": "1.3.2",
        "options": {
            "append-stats-file": "/nmspipeline//01-Processing/TRIMMER0090_P79/01-PrimerTrim/12-SMARTindex_LC_primers.log",
            "fastq-output": "/nmspipeline//01-Processing/TRIMMER0090_P79/01-PrimerTrim/12-SMARTindex_LC_primers",
            "force": true,
            "max-length": 0,
            "min-length": 385,
            "no-orphans": false,
            "notes": "",
            "stranded": false,
            "uncompressed": false
        }
    },
    "Fragment": {
        "in": 383,
        "out": 350,
        "basepairs_in": 159644,
        "basepairs_out": 146679
    },
    "Single_end": {
        "in": 362,
        "out": 350,
        "basepairs_in": 148237,
        "basepairs_out": 146679,
        "discarded": 12
    },
    "Paired_end": {
        "in": 21,
        "out": 0,
        "discarded": 21,
        "Read1": {
            "basepairs_in": 5562,
            "basepairs_out": 0,
            "discarded": 0
        },
        "Read2": {
            "basepairs_in": 5845,
            "basepairs_out": 0,
            "discarded": 0
        }
    }
  }
]
