[ {
    "Program_details": {
        "program": "hts_Primers",
        "version": "1.3.2",
        "options": {
            "flip": true,
            "float": 0,
            "force": false,
            "keep": false,
            "min_primer_matches": 2,
            "notes": "",
            "primer_end_mismatches": 0,
            "primer_mismatches": 0,
            "primers_3p": "../lc_primers.fasta",
            "primers_5p": "CCTAAGACAGTGGTATCAACGCAGAGTACATGGGG",
            "read1-input": [ "/nmspipeline//01-Processing/TRIMMER0090_P79/00-RawData/TRIMMER_Plate79_S1_L001_R1_001_sub.fastq.gz"],
            "read2-input": [ "/nmspipeline//01-Processing/TRIMMER0090_P79/00-RawData/TRIMMER_Plate79_S1_L001_R2_001_sub.fastq.gz"],
            "stats-file": "/nmspipeline//01-Processing/TRIMMER0090_P79/01-PrimerTrim/13-SMARTindex_LC_primers.log",
            "uncompressed": false
        },
        "primers": [ ["p5primer1","CCTAAGACAGTGGTATCAACGCAGAGTACATGGGG"], ["KaLC.6_REV_LC","GGATACAGTTGGTGCAGCATC"], ["LaLC.R-mIGL","ATCGTACACACCAGTGTGGC"], ["p5primer1","CCTAAGACAGTGGTATCAACGCAGAGTACATGGGG"], ["KaLC.6_REV_LC","GGATACAGTTGGTGCAGCATC"], ["LaLC.R-mIGL","ATCGTACACACCAGTGTGGC"] ]
    },
    "Fragment": {
        "in": 100000,
        "out": 567,
        "basepairs_in": 60000000,
        "basepairs_out": 308448,
        "flipped": 238,
        "primers_counts": [ ["p5primer1","None",565], ["p5primer1","KaLC.6_REV_LC",567], ["None","None",39809], ["None","KaLC.6_REV_LC",56213], ["None","LaLC.R-mIGL",2846] ]
    },
    "Single_end": {
        "in": 0,
        "out": 0,
        "basepairs_in": 0,
        "basepairs_out": 0,
        "primerTrim": 0,
        "primerBpTrim": 0,
        "discarded": 0
    },
    "Paired_end": {
        "in": 100000,
        "out": 567,
        "discarded": 99433,
        "Read1": {
            "basepairs_in": 30000000,
            "basepairs_out": 150255,
            "primerTrim": 567,
            "primerBpTrim": 19845
        },
        "Read2": {
            "basepairs_in": 30000000,
            "basepairs_out": 158193,
            "primerTrim": 567,
            "primerBpTrim": 11907
        }
    }
  }, {
    "Program_details": {
        "program": "hts_NTrimmer",
        "version": "1.3.2",
        "options": {
            "append-stats-file": "/nmspipeline//01-Processing/TRIMMER0090_P79/01-PrimerTrim/13-SMARTindex_LC_primers.log",
            "exclude": true,
            "force": false,
            "notes": "",
            "uncompressed": false
        }
    },
    "Fragment": {
        "in": 567,
        "out": 567,
        "basepairs_in": 308448,
        "basepairs_out": 308448
    },
    "Single_end": {
        "in": 0,
        "out": 0,
        "basepairs_in": 0,
        "basepairs_out": 0,
        "rightTrim": 0,
        "leftTrim": 0,
        "discarded": 0
    },
    "Paired_end": {
        "in": 567,
        "out": 567,
        "discarded": 0,
        "Read1": {
            "basepairs_in": 150255,
            "basepairs_out": 150255,
            "leftTrim": 0,
            "rightTrim": 0
        },
        "Read2": {
            "basepairs_in": 158193,
            "basepairs_out": 158193,
            "leftTrim": 0,
            "rightTrim": 0
        }
    }
  }, {
    "Program_details": {
        "program": "hts_SeqScreener",
        "version": "1.3.2",
        "options": {
            "append-stats-file": "/nmspipeline//01-Processing/TRIMMER0090_P79/01-PrimerTrim/13-SMARTindex_LC_primers.log",
            "check-read-2": true,
            "force": false,
            "inverse": false,
            "kmer": 21,
            "notes": "",
            "percentage-hits": 0.01,
            "record": true,
            "seq": "../aberrant_LC.fasta",
            "uncompressed": false
        },
        "screen_info": {
            "screenBP": 96,
            "lookupKmers": 8
        }
    },
    "Fragment": {
        "in": 567,
        "out": 567,
        "basepairs_in": 308448,
        "basepairs_out": 308448
    },
    "Single_end": {
        "in": 0,
        "out": 0,
        "basepairs_in": 0,
        "basepairs_out": 0,
        "hits": 0
    },
    "Paired_end": {
        "in": 567,
        "out": 567,
        "hits": 131,
        "Read1": {
            "basepairs_in": 150255,
            "basepairs_out": 150255
        },
        "Read2": {
            "basepairs_in": 158193,
            "basepairs_out": 158193
        }
    }
  }, {
    "Program_details": {
        "program": "hts_QWindowTrim",
        "version": "1.3.2",
        "options": {
            "append-stats-file": "/nmspipeline//01-Processing/TRIMMER0090_P79/01-PrimerTrim/13-SMARTindex_LC_primers.log",
            "avg-qual-score": 10,
            "force": false,
            "no-left": true,
            "no-right": false,
            "notes": "",
            "qual-offset": 33,
            "uncompressed": false,
            "window-size": 10
        }
    },
    "Fragment": {
        "in": 567,
        "out": 567,
        "basepairs_in": 308448,
        "basepairs_out": 307532
    },
    "Single_end": {
        "in": 0,
        "out": 0,
        "basepairs_in": 0,
        "basepairs_out": 0,
        "rightTrim": 0,
        "leftTrim": 0
    },
    "Paired_end": {
        "in": 567,
        "out": 567,
        "Read1": {
            "basepairs_in": 150255,
            "basepairs_out": 149884,
            "leftTrim": 0,
            "rightTrim": 371
        },
        "Read2": {
            "basepairs_in": 158193,
            "basepairs_out": 157648,
            "leftTrim": 0,
            "rightTrim": 545
        }
    }
  }, {
    "Program_details": {
        "program": "hts_Overlapper",
        "version": "1.3.2",
        "options": {
            "append-stats-file": "/nmspipeline//01-Processing/TRIMMER0090_P79/01-PrimerTrim/13-SMARTindex_LC_primers.log",
            "check-lengths": 20,
            "force": false,
            "force-pairs": false,
            "kmer": 8,
            "kmer-offset": 1,
            "max-mismatch": 100,
            "max-mismatch-errorDensity": 0.25,
            "min-overlap": 8,
            "notes": "",
            "number-of-threads": 1,
            "uncompressed": false
        }
    },
    "Fragment": {
        "in": 567,
        "out": 567,
        "basepairs_in": 307532,
        "basepairs_out": 237309,
        "inserts": {
            "short": 18,
            "medium": 515,
            "long": 34
        },
        "overlap_histogram": [ [33,1], [47,1], [49,2], [74,1], [90,1], [113,1], [156,1], [157,1], [158,1], [164,1], [201,1], [214,1], [219,2], [234,1], [249,1], [266,1], [281,1], [282,1], [290,1], [298,1], [319,1], [375,1], [384,1], [387,1], [390,2], [392,2], [393,1], [394,23], [395,3], [397,2], [398,3], [399,10], [400,2], [406,1], [408,1], [409,1], [413,2], [416,1], [417,1], [418,47], [419,7], [420,8], [421,52], [422,28], [423,25], [424,7], [425,234], [426,14], [428,13], [429,1], [431,1], [433,1], [436,1], [439,1], [440,4], [441,1], [442,2], [445,2], [447,1], [449,1], [506,1] ]
    },
    "Single_end": {
        "in": 0,
        "out": 533,
        "basepairs_in": 0,
        "basepairs_out": 218885
    },
    "Paired_end": {
        "in": 567,
        "out": 34,
        "Read1": {
            "basepairs_in": 149884,
            "basepairs_out": 8960
        },
        "Read2": {
            "basepairs_in": 157648,
            "basepairs_out": 9464
        }
    }
  }, {
    "Program_details": {
        "program": "hts_LengthFilter",
        "version": "1.3.2",
        "options": {
            "append-stats-file": "/nmspipeline//01-Processing/TRIMMER0090_P79/01-PrimerTrim/13-SMARTindex_LC_primers.log",
            "fastq-output": "/nmspipeline//01-Processing/TRIMMER0090_P79/01-PrimerTrim/13-SMARTindex_LC_primers",
            "force": true,
            "max-length": 0,
            "min-length": 385,
            "no-orphans": false,
            "notes": "",
            "stranded": false,
            "uncompressed": false
        }
    },
    "Fragment": {
        "in": 567,
        "out": 508,
        "basepairs_in": 237309,
        "basepairs_out": 213964
    },
    "Single_end": {
        "in": 533,
        "out": 508,
        "basepairs_in": 218885,
        "basepairs_out": 213964,
        "discarded": 25
    },
    "Paired_end": {
        "in": 34,
        "out": 0,
        "discarded": 34,
        "Read1": {
            "basepairs_in": 8960,
            "basepairs_out": 0,
            "discarded": 0
        },
        "Read2": {
            "basepairs_in": 9464,
            "basepairs_out": 0,
            "discarded": 0
        }
    }
  }
]
