[ {
    "Program_details": {
        "program": "hts_Primers",
        "version": "1.3.2",
        "options": {
            "flip": true,
            "float": 0,
            "force": false,
            "keep": false,
            "min_primer_matches": 2,
            "notes": "",
            "primer_end_mismatches": 0,
            "primer_mismatches": 0,
            "primers_3p": "../hc_primers.fasta",
            "primers_5p": "AATCCGACAGTGGTATCAACGCAGAGTACATGGGG",
            "read1-input": [ "/nmspipeline//01-Processing/TRIMMER0090_P79/00-RawData/TRIMMER_Plate79_S1_L001_R1_001_sub.fastq.gz"],
            "read2-input": [ "/nmspipeline//01-Processing/TRIMMER0090_P79/00-RawData/TRIMMER_Plate79_S1_L001_R2_001_sub.fastq.gz"],
            "stats-file": "/nmspipeline//01-Processing/TRIMMER0090_P79/01-PrimerTrim/14-SMARTindex_HC_primers.log",
            "uncompressed": false
        },
        "primers": [ ["p5primer1","AATCCGACAGTGGTATCAACGCAGAGTACATGGGG"], ["Ga3.10for_mIGH3","GGATAGACAGATGGGGCTGTTGTTGT"], ["Ga12HC.10_REV_CHI","ATAGACAGATGGGGGTGTCGTTTTGG"], ["p5primer1","AATCCGACAGTGGTATCAACGCAGAGTACATGGGG"], ["Ga3.10for_mIGH3","GGATAGACAGATGGGGCTGTTGTTGT"], ["Ga12HC.10_REV_CHI","ATAGACAGATGGGGGTGTCGTTTTGG"] ]
    },
    "Fragment": {
        "in": 100000,
        "out": 100,
        "basepairs_in": 60000000,
        "basepairs_out": 53900,
        "flipped": 46,
        "primers_counts": [ ["p5primer1","Ga12HC.10_REV_CHI",100], ["None","Ga3.10for_mIGH3",573], ["p5primer1","None",461], ["None","Ga12HC.10_REV_CHI",25700], ["None","None",73166] ]
    },
    "Single_end": {
        "in": 0,
        "out": 0,
        "basepairs_in": 0,
        "basepairs_out": 0,
        "primerTrim": 0,
        "primerBpTrim": 0,
        "discarded": 0
    },
    "Paired_end": {
        "in": 100000,
        "out": 100,
        "discarded": 99900,
        "Read1": {
            "basepairs_in": 30000000,
            "basepairs_out": 26500,
            "primerTrim": 100,
            "primerBpTrim": 3500
        },
        "Read2": {
            "basepairs_in": 30000000,
            "basepairs_out": 27400,
            "primerTrim": 100,
            "primerBpTrim": 2600
        }
    }
  }, {
    "Program_details": {
        "program": "hts_NTrimmer",
        "version": "1.3.2",
        "options": {
            "append-stats-file": "/nmspipeline//01-Processing/TRIMMER0090_P79/01-PrimerTrim/14-SMARTindex_HC_primers.log",
            "exclude": true,
            "force": false,
            "notes": "",
            "uncompressed": false
        }
    },
    "Fragment": {
        "in": 100,
        "out": 100,
        "basepairs_in": 53900,
        "basepairs_out": 53900
    },
    "Single_end": {
        "in": 0,
        "out": 0,
        "basepairs_in": 0,
        "basepairs_out": 0,
        "rightTrim": 0,
        "leftTrim": 0,
        "discarded": 0
    },
    "Paired_end": {
        "in": 100,
        "out": 100,
        "discarded": 0,
        "Read1": {
            "basepairs_in": 26500,
            "basepairs_out": 26500,
            "leftTrim": 0,
            "rightTrim": 0
        },
        "Read2": {
            "basepairs_in": 27400,
            "basepairs_out": 27400,
            "leftTrim": 0,
            "rightTrim": 0
        }
    }
  }, {
    "Program_details": {
        "program": "hts_SeqScreener",
        "version": "1.3.2",
        "options": {
            "append-stats-file": "/nmspipeline//01-Processing/TRIMMER0090_P79/01-PrimerTrim/14-SMARTindex_HC_primers.log",
            "check-read-2": true,
            "force": false,
            "inverse": false,
            "kmer": 21,
            "notes": "",
            "percentage-hits": 0.01,
            "record": true,
            "seq": "../aberrant_LC.fasta",
            "uncompressed": false
        },
        "screen_info": {
            "screenBP": 96,
            "lookupKmers": 8
        }
    },
    "Fragment": {
        "in": 100,
        "out": 100,
        "basepairs_in": 53900,
        "basepairs_out": 53900
    },
    "Single_end": {
        "in": 0,
        "out": 0,
        "basepairs_in": 0,
        "basepairs_out": 0,
        "hits": 0
    },
    "Paired_end": {
        "in": 100,
        "out": 100,
        "hits": 0,
        "Read1": {
            "basepairs_in": 26500,
            "basepairs_out": 26500
        },
        "Read2": {
            "basepairs_in": 27400,
            "basepairs_out": 27400
        }
    }
  }, {
    "Program_details": {
        "program": "hts_QWindowTrim",
        "version": "1.3.2",
        "options": {
            "append-stats-file": "/nmspipeline//01-Processing/TRIMMER0090_P79/01-PrimerTrim/14-SMARTindex_HC_primers.log",
            "avg-qual-score": 10,
            "force": false,
            "no-left": true,
            "no-right": false,
            "notes": "",
            "qual-offset": 33,
            "uncompressed": false,
            "window-size": 10
        }
    },
    "Fragment": {
        "in": 100,
        "out": 100,
        "basepairs_in": 53900,
        "basepairs_out": 53637
    },
    "Single_end": {
        "in": 0,
        "out": 0,
        "basepairs_in": 0,
        "basepairs_out": 0,
        "rightTrim": 0,
        "leftTrim": 0
    },
    "Paired_end": {
        "in": 100,
        "out": 100,
        "Read1": {
            "basepairs_in": 26500,
            "basepairs_out": 26422,
            "leftTrim": 0,
            "rightTrim": 78
        },
        "Read2": {
            "basepairs_in": 27400,
            "basepairs_out": 27215,
            "leftTrim": 0,
            "rightTrim": 185
        }
    }
  }, {
    "Program_details": {
        "program": "hts_Overlapper",
        "version": "1.3.2",
        "options": {
            "append-stats-file": "/nmspipeline//01-Processing/TRIMMER0090_P79/01-PrimerTrim/14-SMARTindex_HC_primers.log",
            "check-lengths": 20,
            "force": false,
            "force-pairs": false,
            "kmer": 8,
            "kmer-offset": 1,
            "max-mismatch": 100,
            "max-mismatch-errorDensity": 0.25,
            "min-overlap": 8,
            "notes": "",
            "number-of-threads": 1,
            "uncompressed": false
        }
    },
    "Fragment": {
        "in": 100,
        "out": 100,
        "basepairs_in": 53637,
        "basepairs_out": 41935,
        "inserts": {
            "short": 17,
            "medium": 81,
            "long": 2
        },
        "overlap_histogram": [ [28,1], [57,2], [84,1], [178,1], [204,8], [206,1], [209,2], [214,1], [440,1], [446,1], [459,1], [464,2], [465,1], [466,7], [468,4], [469,34], [470,4], [471,8], [472,3], [473,9], [474,2], [475,3], [480,1] ]
    },
    "Single_end": {
        "in": 0,
        "out": 98,
        "basepairs_in": 0,
        "basepairs_out": 40866
    },
    "Paired_end": {
        "in": 100,
        "out": 2,
        "Read1": {
            "basepairs_in": 26422,
            "basepairs_out": 525
        },
        "Read2": {
            "basepairs_in": 27215,
            "basepairs_out": 544
        }
    }
  }, {
    "Program_details": {
        "program": "hts_LengthFilter",
        "version": "1.3.2",
        "options": {
            "append-stats-file": "/nmspipeline//01-Processing/TRIMMER0090_P79/01-PrimerTrim/14-SMARTindex_HC_primers.log",
            "fastq-output": "/nmspipeline//01-Processing/TRIMMER0090_P79/01-PrimerTrim/14-SMARTindex_HC_primers",
            "force": true,
            "max-length": 0,
            "min-length": 385,
            "no-orphans": false,
            "notes": "",
            "stranded": false,
            "uncompressed": false
        }
    },
    "Fragment": {
        "in": 100,
        "out": 81,
        "basepairs_in": 41935,
        "basepairs_out": 37992
    },
    "Single_end": {
        "in": 98,
        "out": 81,
        "basepairs_in": 40866,
        "basepairs_out": 37992,
        "discarded": 17
    },
    "Paired_end": {
        "in": 2,
        "out": 0,
        "discarded": 2,
        "Read1": {
            "basepairs_in": 525,
            "basepairs_out": 0,
            "discarded": 0
        },
        "Read2": {
            "basepairs_in": 544,
            "basepairs_out": 0,
            "discarded": 0
        }
    }
  }
]
