[ {
    "Program_details": {
        "program": "hts_Primers",
        "version": "1.3.2",
        "options": {
            "flip": true,
            "float": 0,
            "force": false,
            "keep": false,
            "min_primer_matches": 2,
            "notes": "",
            "primer_end_mismatches": 0,
            "primer_mismatches": 0,
            "primers_3p": "../lc_primers.fasta",
            "primers_5p": "GGCTGCACAGTGGTATCAACGCAGAGTACATGGGG",
            "read1-input": [ "/nmspipeline//01-Processing/TRIMMER0090_P79/00-RawData/TRIMMER_Plate79_S1_L001_R1_001_sub.fastq.gz"],
            "read2-input": [ "/nmspipeline//01-Processing/TRIMMER0090_P79/00-RawData/TRIMMER_Plate79_S1_L001_R2_001_sub.fastq.gz"],
            "stats-file": "/nmspipeline//01-Processing/TRIMMER0090_P79/01-PrimerTrim/15-SMARTindex_LC_primers.log",
            "uncompressed": false
        },
        "primers": [ ["p5primer1","GGCTGCACAGTGGTATCAACGCAGAGTACATGGGG"], ["KaLC.6_REV_LC","GGATACAGTTGGTGCAGCATC"], ["LaLC.R-mIGL","ATCGTACACACCAGTGTGGC"], ["p5primer1","GGCTGCACAGTGGTATCAACGCAGAGTACATGGGG"], ["KaLC.6_REV_LC","GGATACAGTTGGTGCAGCATC"], ["LaLC.R-mIGL","ATCGTACACACCAGTGTGGC"] ]
    },
    "Fragment": {
        "in": 100000,
        "out": 43,
        "basepairs_in": 60000000,
        "basepairs_out": 23404,
        "flipped": 22,
        "primers_counts": [ ["p5primer1","None",47], ["p5primer1","KaLC.6_REV_LC",31], ["p5primer1","LaLC.R-mIGL",12], ["None","None",40327], ["None","KaLC.6_REV_LC",56749], ["None","LaLC.R-mIGL",2834] ]
    },
    "Single_end": {
        "in": 0,
        "out": 0,
        "basepairs_in": 0,
        "basepairs_out": 0,
        "primerTrim": 0,
        "primerBpTrim": 0,
        "discarded": 0
    },
    "Paired_end": {
        "in": 100000,
        "out": 43,
        "discarded": 99957,
        "Read1": {
            "basepairs_in": 30000000,
            "basepairs_out": 11395,
            "primerTrim": 43,
            "primerBpTrim": 1505
        },
        "Read2": {
            "basepairs_in": 30000000,
            "basepairs_out": 12009,
            "primerTrim": 43,
            "primerBpTrim": 891
        }
    }
  }, {
    "Program_details": {
        "program": "hts_NTrimmer",
        "version": "1.3.2",
        "options": {
            "append-stats-file": "/nmspipeline//01-Processing/TRIMMER0090_P79/01-PrimerTrim/15-SMARTindex_LC_primers.log",
            "exclude": true,
            "force": false,
            "notes": "",
            "uncompressed": false
        }
    },
    "Fragment": {
        "in": 43,
        "out": 43,
        "basepairs_in": 23404,
        "basepairs_out": 23404
    },
    "Single_end": {
        "in": 0,
        "out": 0,
        "basepairs_in": 0,
        "basepairs_out": 0,
        "rightTrim": 0,
        "leftTrim": 0,
        "discarded": 0
    },
    "Paired_end": {
        "in": 43,
        "out": 43,
        "discarded": 0,
        "Read1": {
            "basepairs_in": 11395,
            "basepairs_out": 11395,
            "leftTrim": 0,
            "rightTrim": 0
        },
        "Read2": {
            "basepairs_in": 12009,
            "basepairs_out": 12009,
            "leftTrim": 0,
            "rightTrim": 0
        }
    }
  }, {
    "Program_details": {
        "program": "hts_SeqScreener",
        "version": "1.3.2",
        "options": {
            "append-stats-file": "/nmspipeline//01-Processing/TRIMMER0090_P79/01-PrimerTrim/15-SMARTindex_LC_primers.log",
            "check-read-2": true,
            "force": false,
            "inverse": false,
            "kmer": 21,
            "notes": "",
            "percentage-hits": 0.01,
            "record": true,
            "seq": "../aberrant_LC.fasta",
            "uncompressed": false
        },
        "screen_info": {
            "screenBP": 96,
            "lookupKmers": 8
        }
    },
    "Fragment": {
        "in": 43,
        "out": 43,
        "basepairs_in": 23404,
        "basepairs_out": 23404
    },
    "Single_end": {
        "in": 0,
        "out": 0,
        "basepairs_in": 0,
        "basepairs_out": 0,
        "hits": 0
    },
    "Paired_end": {
        "in": 43,
        "out": 43,
        "hits": 16,
        "Read1": {
            "basepairs_in": 11395,
            "basepairs_out": 11395
        },
        "Read2": {
            "basepairs_in": 12009,
            "basepairs_out": 12009
        }
    }
  }, {
    "Program_details": {
        "program": "hts_QWindowTrim",
        "version": "1.3.2",
        "options": {
            "append-stats-file": "/nmspipeline//01-Processing/TRIMMER0090_P79/01-PrimerTrim/15-SMARTindex_LC_primers.log",
            "avg-qual-score": 10,
            "force": false,
            "no-left": true,
            "no-right": false,
            "notes": "",
            "qual-offset": 33,
            "uncompressed": false,
            "window-size": 10
        }
    },
    "Fragment": {
        "in": 43,
        "out": 43,
        "basepairs_in": 23404,
        "basepairs_out": 23346
    },
    "Single_end": {
        "in": 0,
        "out": 0,
        "basepairs_in": 0,
        "basepairs_out": 0,
        "rightTrim": 0,
        "leftTrim": 0
    },
    "Paired_end": {
        "in": 43,
        "out": 43,
        "Read1": {
            "basepairs_in": 11395,
            "basepairs_out": 11365,
            "leftTrim": 0,
            "rightTrim": 30
        },
        "Read2": {
            "basepairs_in": 12009,
            "basepairs_out": 11981,
            "leftTrim": 0,
            "rightTrim": 28
        }
    }
  }, {
    "Program_details": {
        "program": "hts_Overlapper",
        "version": "1.3.2",
        "options": {
            "append-stats-file": "/nmspipeline//01-Processing/TRIMMER0090_P79/01-PrimerTrim/15-SMARTindex_LC_primers.log",
            "check-lengths": 20,
            "force": false,
            "force-pairs": false,
            "kmer": 8,
            "kmer-offset": 1,
            "max-mismatch": 100,
            "max-mismatch-errorDensity": 0.25,
            "min-overlap": 8,
            "notes": "",
            "number-of-threads": 1,
            "uncompressed": false
        }
    },
    "Fragment": {
        "in": 43,
        "out": 43,
        "basepairs_in": 23346,
        "basepairs_out": 19016,
        "inserts": {
            "short": 1,
            "medium": 39,
            "long": 3
        },
        "overlap_histogram": [ [67,1], [344,1], [377,1], [418,7], [419,1], [421,1], [422,3], [427,1], [433,1], [440,3], [442,1], [444,7], [445,1], [487,1], [489,2], [490,4], [492,1], [493,3] ]
    },
    "Single_end": {
        "in": 0,
        "out": 40,
        "basepairs_in": 0,
        "basepairs_out": 17391
    },
    "Paired_end": {
        "in": 43,
        "out": 3,
        "Read1": {
            "basepairs_in": 11365,
            "basepairs_out": 787
        },
        "Read2": {
            "basepairs_in": 11981,
            "basepairs_out": 838
        }
    }
  }, {
    "Program_details": {
        "program": "hts_LengthFilter",
        "version": "1.3.2",
        "options": {
            "append-stats-file": "/nmspipeline//01-Processing/TRIMMER0090_P79/01-PrimerTrim/15-SMARTindex_LC_primers.log",
            "fastq-output": "/nmspipeline//01-Processing/TRIMMER0090_P79/01-PrimerTrim/15-SMARTindex_LC_primers",
            "force": true,
            "max-length": 0,
            "min-length": 385,
            "no-orphans": false,
            "notes": "",
            "stranded": false,
            "uncompressed": false
        }
    },
    "Fragment": {
        "in": 43,
        "out": 37,
        "basepairs_in": 19016,
        "basepairs_out": 16603
    },
    "Single_end": {
        "in": 40,
        "out": 37,
        "basepairs_in": 17391,
        "basepairs_out": 16603,
        "discarded": 3
    },
    "Paired_end": {
        "in": 3,
        "out": 0,
        "discarded": 3,
        "Read1": {
            "basepairs_in": 787,
            "basepairs_out": 0,
            "discarded": 0
        },
        "Read2": {
            "basepairs_in": 838,
            "basepairs_out": 0,
            "discarded": 0
        }
    }
  }
]
