[ {
    "Program_details": {
        "program": "hts_Primers",
        "version": "1.3.2",
        "options": {
            "flip": true,
            "float": 0,
            "force": false,
            "keep": false,
            "min_primer_matches": 2,
            "notes": "",
            "primer_end_mismatches": 0,
            "primer_mismatches": 0,
            "primers_3p": "../hc_primers.fasta",
            "primers_5p": "TCTTAATCAGTGGTATCAACGCAGAGTACATGGGG",
            "read1-input": [ "/nmspipeline//01-Processing/TRIMMER0090_P79/00-RawData/TRIMMER_Plate79_S1_L001_R1_001_sub.fastq.gz"],
            "read2-input": [ "/nmspipeline//01-Processing/TRIMMER0090_P79/00-RawData/TRIMMER_Plate79_S1_L001_R2_001_sub.fastq.gz"],
            "stats-file": "/nmspipeline//01-Processing/TRIMMER0090_P79/01-PrimerTrim/17-SMARTindex_HC_primers.log",
            "uncompressed": false
        },
        "primers": [ ["p5primer1","TCTTAATCAGTGGTATCAACGCAGAGTACATGGGG"], ["Ga3.10for_mIGH3","GGATAGACAGATGGGGCTGTTGTTGT"], ["Ga12HC.10_REV_CHI","ATAGACAGATGGGGGTGTCGTTTTGG"], ["p5primer1","TCTTAATCAGTGGTATCAACGCAGAGTACATGGGG"], ["Ga3.10for_mIGH3","GGATAGACAGATGGGGCTGTTGTTGT"], ["Ga12HC.10_REV_CHI","ATAGACAGATGGGGGTGTCGTTTTGG"] ]
    },
    "Fragment": {
        "in": 100000,
        "out": 164,
        "basepairs_in": 60000000,
        "basepairs_out": 88396,
        "flipped": 75,
        "primers_counts": [ ["p5primer1","Ga12HC.10_REV_CHI",164], ["p5primer1","None",364], ["None","Ga3.10for_mIGH3",573], ["None","Ga12HC.10_REV_CHI",25636], ["None","None",73263] ]
    },
    "Single_end": {
        "in": 0,
        "out": 0,
        "basepairs_in": 0,
        "basepairs_out": 0,
        "primerTrim": 0,
        "primerBpTrim": 0,
        "discarded": 0
    },
    "Paired_end": {
        "in": 100000,
        "out": 164,
        "discarded": 99836,
        "Read1": {
            "basepairs_in": 30000000,
            "basepairs_out": 43460,
            "primerTrim": 164,
            "primerBpTrim": 5740
        },
        "Read2": {
            "basepairs_in": 30000000,
            "basepairs_out": 44936,
            "primerTrim": 164,
            "primerBpTrim": 4264
        }
    }
  }, {
    "Program_details": {
        "program": "hts_NTrimmer",
        "version": "1.3.2",
        "options": {
            "append-stats-file": "/nmspipeline//01-Processing/TRIMMER0090_P79/01-PrimerTrim/17-SMARTindex_HC_primers.log",
            "exclude": true,
            "force": false,
            "notes": "",
            "uncompressed": false
        }
    },
    "Fragment": {
        "in": 164,
        "out": 164,
        "basepairs_in": 88396,
        "basepairs_out": 88396
    },
    "Single_end": {
        "in": 0,
        "out": 0,
        "basepairs_in": 0,
        "basepairs_out": 0,
        "rightTrim": 0,
        "leftTrim": 0,
        "discarded": 0
    },
    "Paired_end": {
        "in": 164,
        "out": 164,
        "discarded": 0,
        "Read1": {
            "basepairs_in": 43460,
            "basepairs_out": 43460,
            "leftTrim": 0,
            "rightTrim": 0
        },
        "Read2": {
            "basepairs_in": 44936,
            "basepairs_out": 44936,
            "leftTrim": 0,
            "rightTrim": 0
        }
    }
  }, {
    "Program_details": {
        "program": "hts_SeqScreener",
        "version": "1.3.2",
        "options": {
            "append-stats-file": "/nmspipeline//01-Processing/TRIMMER0090_P79/01-PrimerTrim/17-SMARTindex_HC_primers.log",
            "check-read-2": true,
            "force": false,
            "inverse": false,
            "kmer": 21,
            "notes": "",
            "percentage-hits": 0.01,
            "record": true,
            "seq": "../aberrant_LC.fasta",
            "uncompressed": false
        },
        "screen_info": {
            "screenBP": 96,
            "lookupKmers": 8
        }
    },
    "Fragment": {
        "in": 164,
        "out": 164,
        "basepairs_in": 88396,
        "basepairs_out": 88396
    },
    "Single_end": {
        "in": 0,
        "out": 0,
        "basepairs_in": 0,
        "basepairs_out": 0,
        "hits": 0
    },
    "Paired_end": {
        "in": 164,
        "out": 164,
        "hits": 0,
        "Read1": {
            "basepairs_in": 43460,
            "basepairs_out": 43460
        },
        "Read2": {
            "basepairs_in": 44936,
            "basepairs_out": 44936
        }
    }
  }, {
    "Program_details": {
        "program": "hts_QWindowTrim",
        "version": "1.3.2",
        "options": {
            "append-stats-file": "/nmspipeline//01-Processing/TRIMMER0090_P79/01-PrimerTrim/17-SMARTindex_HC_primers.log",
            "avg-qual-score": 10,
            "force": false,
            "no-left": true,
            "no-right": false,
            "notes": "",
            "qual-offset": 33,
            "uncompressed": false,
            "window-size": 10
        }
    },
    "Fragment": {
        "in": 164,
        "out": 164,
        "basepairs_in": 88396,
        "basepairs_out": 87984
    },
    "Single_end": {
        "in": 0,
        "out": 0,
        "basepairs_in": 0,
        "basepairs_out": 0,
        "rightTrim": 0,
        "leftTrim": 0
    },
    "Paired_end": {
        "in": 164,
        "out": 164,
        "Read1": {
            "basepairs_in": 43460,
            "basepairs_out": 43315,
            "leftTrim": 0,
            "rightTrim": 145
        },
        "Read2": {
            "basepairs_in": 44936,
            "basepairs_out": 44669,
            "leftTrim": 0,
            "rightTrim": 267
        }
    }
  }, {
    "Program_details": {
        "program": "hts_Overlapper",
        "version": "1.3.2",
        "options": {
            "append-stats-file": "/nmspipeline//01-Processing/TRIMMER0090_P79/01-PrimerTrim/17-SMARTindex_HC_primers.log",
            "check-lengths": 20,
            "force": false,
            "force-pairs": false,
            "kmer": 8,
            "kmer-offset": 1,
            "max-mismatch": 100,
            "max-mismatch-errorDensity": 0.25,
            "min-overlap": 8,
            "notes": "",
            "number-of-threads": 1,
            "uncompressed": false
        }
    },
    "Fragment": {
        "in": 164,
        "out": 164,
        "basepairs_in": 87984,
        "basepairs_out": 67362,
        "inserts": {
            "short": 19,
            "medium": 132,
            "long": 13
        },
        "overlap_histogram": [ [24,1], [31,2], [32,1], [33,1], [49,1], [55,1], [85,1], [127,1], [133,1], [148,1], [154,1], [195,1], [206,2], [217,1], [218,1], [236,2], [274,1], [283,1], [288,1], [305,1], [331,2], [397,1], [416,1], [418,1], [419,15], [428,5], [429,1], [430,1], [446,1], [448,35], [449,4], [450,12], [451,7], [452,4], [453,10], [454,11], [455,10], [456,1], [457,1], [458,2], [471,1], [503,1], [505,1] ]
    },
    "Single_end": {
        "in": 0,
        "out": 151,
        "basepairs_in": 0,
        "basepairs_out": 60412
    },
    "Paired_end": {
        "in": 164,
        "out": 13,
        "Read1": {
            "basepairs_in": 43315,
            "basepairs_out": 3422
        },
        "Read2": {
            "basepairs_in": 44669,
            "basepairs_out": 3528
        }
    }
  }, {
    "Program_details": {
        "program": "hts_LengthFilter",
        "version": "1.3.2",
        "options": {
            "append-stats-file": "/nmspipeline//01-Processing/TRIMMER0090_P79/01-PrimerTrim/17-SMARTindex_HC_primers.log",
            "fastq-output": "/nmspipeline//01-Processing/TRIMMER0090_P79/01-PrimerTrim/17-SMARTindex_HC_primers",
            "force": true,
            "max-length": 0,
            "min-length": 385,
            "no-orphans": false,
            "notes": "",
            "stranded": false,
            "uncompressed": false
        }
    },
    "Fragment": {
        "in": 164,
        "out": 126,
        "basepairs_in": 67362,
        "basepairs_out": 56184
    },
    "Single_end": {
        "in": 151,
        "out": 126,
        "basepairs_in": 60412,
        "basepairs_out": 56184,
        "discarded": 25
    },
    "Paired_end": {
        "in": 13,
        "out": 0,
        "discarded": 13,
        "Read1": {
            "basepairs_in": 3422,
            "basepairs_out": 0,
            "discarded": 0
        },
        "Read2": {
            "basepairs_in": 3528,
            "basepairs_out": 0,
            "discarded": 0
        }
    }
  }
]
