[ {
    "Program_details": {
        "program": "hts_Primers",
        "version": "1.3.2",
        "options": {
            "flip": true,
            "float": 0,
            "force": false,
            "keep": false,
            "min_primer_matches": 2,
            "notes": "",
            "primer_end_mismatches": 0,
            "primer_mismatches": 0,
            "primers_3p": "../lc_primers.fasta",
            "primers_5p": "TCTTAATCAGTGGTATCAACGCAGAGTACATGGGG",
            "read1-input": [ "/nmspipeline//01-Processing/TRIMMER0090_P79/00-RawData/TRIMMER_Plate79_S1_L001_R1_001_sub.fastq.gz"],
            "read2-input": [ "/nmspipeline//01-Processing/TRIMMER0090_P79/00-RawData/TRIMMER_Plate79_S1_L001_R2_001_sub.fastq.gz"],
            "stats-file": "/nmspipeline//01-Processing/TRIMMER0090_P79/01-PrimerTrim/17-SMARTindex_LC_primers.log",
            "uncompressed": false
        },
        "primers": [ ["p5primer1","TCTTAATCAGTGGTATCAACGCAGAGTACATGGGG"], ["KaLC.6_REV_LC","GGATACAGTTGGTGCAGCATC"], ["LaLC.R-mIGL","ATCGTACACACCAGTGTGGC"], ["p5primer1","TCTTAATCAGTGGTATCAACGCAGAGTACATGGGG"], ["KaLC.6_REV_LC","GGATACAGTTGGTGCAGCATC"], ["LaLC.R-mIGL","ATCGTACACACCAGTGTGGC"] ]
    },
    "Fragment": {
        "in": 100000,
        "out": 286,
        "basepairs_in": 60000000,
        "basepairs_out": 155584,
        "flipped": 139,
        "primers_counts": [ ["p5primer1","None",242], ["p5primer1","KaLC.6_REV_LC",286], ["None","None",40132], ["None","KaLC.6_REV_LC",56494], ["None","LaLC.R-mIGL",2846] ]
    },
    "Single_end": {
        "in": 0,
        "out": 0,
        "basepairs_in": 0,
        "basepairs_out": 0,
        "primerTrim": 0,
        "primerBpTrim": 0,
        "discarded": 0
    },
    "Paired_end": {
        "in": 100000,
        "out": 286,
        "discarded": 99714,
        "Read1": {
            "basepairs_in": 30000000,
            "basepairs_out": 75790,
            "primerTrim": 286,
            "primerBpTrim": 10010
        },
        "Read2": {
            "basepairs_in": 30000000,
            "basepairs_out": 79794,
            "primerTrim": 286,
            "primerBpTrim": 6006
        }
    }
  }, {
    "Program_details": {
        "program": "hts_NTrimmer",
        "version": "1.3.2",
        "options": {
            "append-stats-file": "/nmspipeline//01-Processing/TRIMMER0090_P79/01-PrimerTrim/17-SMARTindex_LC_primers.log",
            "exclude": true,
            "force": false,
            "notes": "",
            "uncompressed": false
        }
    },
    "Fragment": {
        "in": 286,
        "out": 286,
        "basepairs_in": 155584,
        "basepairs_out": 155584
    },
    "Single_end": {
        "in": 0,
        "out": 0,
        "basepairs_in": 0,
        "basepairs_out": 0,
        "rightTrim": 0,
        "leftTrim": 0,
        "discarded": 0
    },
    "Paired_end": {
        "in": 286,
        "out": 286,
        "discarded": 0,
        "Read1": {
            "basepairs_in": 75790,
            "basepairs_out": 75790,
            "leftTrim": 0,
            "rightTrim": 0
        },
        "Read2": {
            "basepairs_in": 79794,
            "basepairs_out": 79794,
            "leftTrim": 0,
            "rightTrim": 0
        }
    }
  }, {
    "Program_details": {
        "program": "hts_SeqScreener",
        "version": "1.3.2",
        "options": {
            "append-stats-file": "/nmspipeline//01-Processing/TRIMMER0090_P79/01-PrimerTrim/17-SMARTindex_LC_primers.log",
            "check-read-2": true,
            "force": false,
            "inverse": false,
            "kmer": 21,
            "notes": "",
            "percentage-hits": 0.01,
            "record": true,
            "seq": "../aberrant_LC.fasta",
            "uncompressed": false
        },
        "screen_info": {
            "screenBP": 96,
            "lookupKmers": 8
        }
    },
    "Fragment": {
        "in": 286,
        "out": 286,
        "basepairs_in": 155584,
        "basepairs_out": 155584
    },
    "Single_end": {
        "in": 0,
        "out": 0,
        "basepairs_in": 0,
        "basepairs_out": 0,
        "hits": 0
    },
    "Paired_end": {
        "in": 286,
        "out": 286,
        "hits": 77,
        "Read1": {
            "basepairs_in": 75790,
            "basepairs_out": 75790
        },
        "Read2": {
            "basepairs_in": 79794,
            "basepairs_out": 79794
        }
    }
  }, {
    "Program_details": {
        "program": "hts_QWindowTrim",
        "version": "1.3.2",
        "options": {
            "append-stats-file": "/nmspipeline//01-Processing/TRIMMER0090_P79/01-PrimerTrim/17-SMARTindex_LC_primers.log",
            "avg-qual-score": 10,
            "force": false,
            "no-left": true,
            "no-right": false,
            "notes": "",
            "qual-offset": 33,
            "uncompressed": false,
            "window-size": 10
        }
    },
    "Fragment": {
        "in": 286,
        "out": 286,
        "basepairs_in": 155584,
        "basepairs_out": 155032
    },
    "Single_end": {
        "in": 0,
        "out": 0,
        "basepairs_in": 0,
        "basepairs_out": 0,
        "rightTrim": 0,
        "leftTrim": 0
    },
    "Paired_end": {
        "in": 286,
        "out": 286,
        "Read1": {
            "basepairs_in": 75790,
            "basepairs_out": 75464,
            "leftTrim": 0,
            "rightTrim": 326
        },
        "Read2": {
            "basepairs_in": 79794,
            "basepairs_out": 79568,
            "leftTrim": 0,
            "rightTrim": 226
        }
    }
  }, {
    "Program_details": {
        "program": "hts_Overlapper",
        "version": "1.3.2",
        "options": {
            "append-stats-file": "/nmspipeline//01-Processing/TRIMMER0090_P79/01-PrimerTrim/17-SMARTindex_LC_primers.log",
            "check-lengths": 20,
            "force": false,
            "force-pairs": false,
            "kmer": 8,
            "kmer-offset": 1,
            "max-mismatch": 100,
            "max-mismatch-errorDensity": 0.25,
            "min-overlap": 8,
            "notes": "",
            "number-of-threads": 1,
            "uncompressed": false
        }
    },
    "Fragment": {
        "in": 286,
        "out": 286,
        "basepairs_in": 155032,
        "basepairs_out": 117038,
        "inserts": {
            "short": 22,
            "medium": 237,
            "long": 27
        },
        "overlap_histogram": [ [9,1], [15,1], [25,1], [26,2], [27,1], [40,1], [73,1], [83,1], [127,1], [136,1], [153,1], [158,3], [179,1], [193,1], [243,1], [247,1], [258,1], [263,1], [276,1], [282,1], [327,1], [333,1], [351,1], [366,4], [374,1], [386,1], [388,1], [393,1], [396,1], [398,2], [399,6], [406,1], [407,6], [408,1], [409,10], [410,6], [411,10], [412,1], [415,1], [417,1], [418,23], [419,2], [420,4], [421,63], [422,15], [423,9], [432,1], [433,1], [435,2], [438,1], [439,26], [440,6], [441,7], [442,5], [443,1], [444,10], [445,1], [449,1], [451,1] ]
    },
    "Single_end": {
        "in": 0,
        "out": 259,
        "basepairs_in": 0,
        "basepairs_out": 102461
    },
    "Paired_end": {
        "in": 286,
        "out": 27,
        "Read1": {
            "basepairs_in": 75464,
            "basepairs_out": 7079
        },
        "Read2": {
            "basepairs_in": 79568,
            "basepairs_out": 7498
        }
    }
  }, {
    "Program_details": {
        "program": "hts_LengthFilter",
        "version": "1.3.2",
        "options": {
            "append-stats-file": "/nmspipeline//01-Processing/TRIMMER0090_P79/01-PrimerTrim/17-SMARTindex_LC_primers.log",
            "fastq-output": "/nmspipeline//01-Processing/TRIMMER0090_P79/01-PrimerTrim/17-SMARTindex_LC_primers",
            "force": true,
            "max-length": 0,
            "min-length": 385,
            "no-orphans": false,
            "notes": "",
            "stranded": false,
            "uncompressed": false
        }
    },
    "Fragment": {
        "in": 286,
        "out": 228,
        "basepairs_in": 117038,
        "basepairs_out": 96457
    },
    "Single_end": {
        "in": 259,
        "out": 228,
        "basepairs_in": 102461,
        "basepairs_out": 96457,
        "discarded": 31
    },
    "Paired_end": {
        "in": 27,
        "out": 0,
        "discarded": 27,
        "Read1": {
            "basepairs_in": 7079,
            "basepairs_out": 0,
            "discarded": 0
        },
        "Read2": {
            "basepairs_in": 7498,
            "basepairs_out": 0,
            "discarded": 0
        }
    }
  }
]
