[ {
    "Program_details": {
        "program": "hts_Primers",
        "version": "1.3.2",
        "options": {
            "flip": true,
            "float": 0,
            "force": false,
            "keep": false,
            "min_primer_matches": 2,
            "notes": "",
            "primer_end_mismatches": 0,
            "primer_mismatches": 0,
            "primers_3p": "../lc_primers.fasta",
            "primers_5p": "ATACTGTCAGTGGTATCAACGCAGAGTACATGGGG",
            "read1-input": [ "/nmspipeline//01-Processing/TRIMMER0090_P79/00-RawData/TRIMMER_Plate79_S1_L001_R1_001_sub.fastq.gz"],
            "read2-input": [ "/nmspipeline//01-Processing/TRIMMER0090_P79/00-RawData/TRIMMER_Plate79_S1_L001_R2_001_sub.fastq.gz"],
            "stats-file": "/nmspipeline//01-Processing/TRIMMER0090_P79/01-PrimerTrim/19-SMARTindex_LC_primers.log",
            "uncompressed": false
        },
        "primers": [ ["p5primer1","ATACTGTCAGTGGTATCAACGCAGAGTACATGGGG"], ["KaLC.6_REV_LC","GGATACAGTTGGTGCAGCATC"], ["LaLC.R-mIGL","ATCGTACACACCAGTGTGGC"], ["p5primer1","ATACTGTCAGTGGTATCAACGCAGAGTACATGGGG"], ["KaLC.6_REV_LC","GGATACAGTTGGTGCAGCATC"], ["LaLC.R-mIGL","ATCGTACACACCAGTGTGGC"] ]
    },
    "Fragment": {
        "in": 100000,
        "out": 508,
        "basepairs_in": 60000000,
        "basepairs_out": 276360,
        "flipped": 238,
        "primers_counts": [ ["p5primer1","LaLC.R-mIGL",8], ["p5primer1","None",450], ["p5primer1","KaLC.6_REV_LC",500], ["None","None",39924], ["None","KaLC.6_REV_LC",56280], ["None","LaLC.R-mIGL",2838] ]
    },
    "Single_end": {
        "in": 0,
        "out": 0,
        "basepairs_in": 0,
        "basepairs_out": 0,
        "primerTrim": 0,
        "primerBpTrim": 0,
        "discarded": 0
    },
    "Paired_end": {
        "in": 100000,
        "out": 508,
        "discarded": 99492,
        "Read1": {
            "basepairs_in": 30000000,
            "basepairs_out": 134620,
            "primerTrim": 508,
            "primerBpTrim": 17780
        },
        "Read2": {
            "basepairs_in": 30000000,
            "basepairs_out": 141740,
            "primerTrim": 508,
            "primerBpTrim": 10660
        }
    }
  }, {
    "Program_details": {
        "program": "hts_NTrimmer",
        "version": "1.3.2",
        "options": {
            "append-stats-file": "/nmspipeline//01-Processing/TRIMMER0090_P79/01-PrimerTrim/19-SMARTindex_LC_primers.log",
            "exclude": true,
            "force": false,
            "notes": "",
            "uncompressed": false
        }
    },
    "Fragment": {
        "in": 508,
        "out": 508,
        "basepairs_in": 276360,
        "basepairs_out": 276360
    },
    "Single_end": {
        "in": 0,
        "out": 0,
        "basepairs_in": 0,
        "basepairs_out": 0,
        "rightTrim": 0,
        "leftTrim": 0,
        "discarded": 0
    },
    "Paired_end": {
        "in": 508,
        "out": 508,
        "discarded": 0,
        "Read1": {
            "basepairs_in": 134620,
            "basepairs_out": 134620,
            "leftTrim": 0,
            "rightTrim": 0
        },
        "Read2": {
            "basepairs_in": 141740,
            "basepairs_out": 141740,
            "leftTrim": 0,
            "rightTrim": 0
        }
    }
  }, {
    "Program_details": {
        "program": "hts_SeqScreener",
        "version": "1.3.2",
        "options": {
            "append-stats-file": "/nmspipeline//01-Processing/TRIMMER0090_P79/01-PrimerTrim/19-SMARTindex_LC_primers.log",
            "check-read-2": true,
            "force": false,
            "inverse": false,
            "kmer": 21,
            "notes": "",
            "percentage-hits": 0.01,
            "record": true,
            "seq": "../aberrant_LC.fasta",
            "uncompressed": false
        },
        "screen_info": {
            "screenBP": 96,
            "lookupKmers": 8
        }
    },
    "Fragment": {
        "in": 508,
        "out": 508,
        "basepairs_in": 276360,
        "basepairs_out": 276360
    },
    "Single_end": {
        "in": 0,
        "out": 0,
        "basepairs_in": 0,
        "basepairs_out": 0,
        "hits": 0
    },
    "Paired_end": {
        "in": 508,
        "out": 508,
        "hits": 125,
        "Read1": {
            "basepairs_in": 134620,
            "basepairs_out": 134620
        },
        "Read2": {
            "basepairs_in": 141740,
            "basepairs_out": 141740
        }
    }
  }, {
    "Program_details": {
        "program": "hts_QWindowTrim",
        "version": "1.3.2",
        "options": {
            "append-stats-file": "/nmspipeline//01-Processing/TRIMMER0090_P79/01-PrimerTrim/19-SMARTindex_LC_primers.log",
            "avg-qual-score": 10,
            "force": false,
            "no-left": true,
            "no-right": false,
            "notes": "",
            "qual-offset": 33,
            "uncompressed": false,
            "window-size": 10
        }
    },
    "Fragment": {
        "in": 508,
        "out": 508,
        "basepairs_in": 276360,
        "basepairs_out": 275448
    },
    "Single_end": {
        "in": 0,
        "out": 0,
        "basepairs_in": 0,
        "basepairs_out": 0,
        "rightTrim": 0,
        "leftTrim": 0
    },
    "Paired_end": {
        "in": 508,
        "out": 508,
        "Read1": {
            "basepairs_in": 134620,
            "basepairs_out": 134215,
            "leftTrim": 0,
            "rightTrim": 405
        },
        "Read2": {
            "basepairs_in": 141740,
            "basepairs_out": 141233,
            "leftTrim": 0,
            "rightTrim": 507
        }
    }
  }, {
    "Program_details": {
        "program": "hts_Overlapper",
        "version": "1.3.2",
        "options": {
            "append-stats-file": "/nmspipeline//01-Processing/TRIMMER0090_P79/01-PrimerTrim/19-SMARTindex_LC_primers.log",
            "check-lengths": 20,
            "force": false,
            "force-pairs": false,
            "kmer": 8,
            "kmer-offset": 1,
            "max-mismatch": 100,
            "max-mismatch-errorDensity": 0.25,
            "min-overlap": 8,
            "notes": "",
            "number-of-threads": 1,
            "uncompressed": false
        }
    },
    "Fragment": {
        "in": 508,
        "out": 508,
        "basepairs_in": 275448,
        "basepairs_out": 208377,
        "inserts": {
            "short": 44,
            "medium": 432,
            "long": 32
        },
        "overlap_histogram": [ [14,1], [25,1], [27,1], [32,1], [42,1], [47,2], [58,1], [69,1], [77,1], [78,1], [79,1], [81,1], [82,1], [85,1], [88,1], [89,1], [90,1], [93,1], [97,1], [98,1], [101,1], [111,1], [113,1], [122,1], [124,1], [127,1], [144,1], [145,1], [149,1], [154,1], [155,1], [156,1], [158,1], [163,1], [176,1], [180,1], [206,1], [213,1], [218,1], [220,1], [227,1], [231,1], [271,1], [304,1], [319,1], [322,1], [346,1], [360,1], [381,1], [384,3], [385,1], [393,1], [395,1], [398,5], [399,14], [403,3], [407,1], [409,1], [410,5], [411,8], [413,32], [414,12], [416,1], [418,42], [420,1], [421,9], [422,15], [423,13], [424,3], [426,2], [436,1], [437,6], [440,22], [441,24], [442,22], [443,10], [444,139], [445,23], [446,2], [453,2], [465,1], [472,1] ]
    },
    "Single_end": {
        "in": 0,
        "out": 476,
        "basepairs_in": 0,
        "basepairs_out": 191038
    },
    "Paired_end": {
        "in": 508,
        "out": 32,
        "Read1": {
            "basepairs_in": 134215,
            "basepairs_out": 8429
        },
        "Read2": {
            "basepairs_in": 141233,
            "basepairs_out": 8910
        }
    }
  }, {
    "Program_details": {
        "program": "hts_LengthFilter",
        "version": "1.3.2",
        "options": {
            "append-stats-file": "/nmspipeline//01-Processing/TRIMMER0090_P79/01-PrimerTrim/19-SMARTindex_LC_primers.log",
            "fastq-output": "/nmspipeline//01-Processing/TRIMMER0090_P79/01-PrimerTrim/19-SMARTindex_LC_primers",
            "force": true,
            "max-length": 0,
            "min-length": 385,
            "no-orphans": false,
            "notes": "",
            "stranded": false,
            "uncompressed": false
        }
    },
    "Fragment": {
        "in": 508,
        "out": 423,
        "basepairs_in": 208377,
        "basepairs_out": 182592
    },
    "Single_end": {
        "in": 476,
        "out": 423,
        "basepairs_in": 191038,
        "basepairs_out": 182592,
        "discarded": 53
    },
    "Paired_end": {
        "in": 32,
        "out": 0,
        "discarded": 32,
        "Read1": {
            "basepairs_in": 8429,
            "basepairs_out": 0,
            "discarded": 0
        },
        "Read2": {
            "basepairs_in": 8910,
            "basepairs_out": 0,
            "discarded": 0
        }
    }
  }
]
