[ {
    "Program_details": {
        "program": "hts_Primers",
        "version": "1.3.2",
        "options": {
            "flip": true,
            "float": 0,
            "force": false,
            "keep": false,
            "min_primer_matches": 2,
            "notes": "",
            "primer_end_mismatches": 0,
            "primer_mismatches": 0,
            "primers_3p": "../hc_primers.fasta",
            "primers_5p": "ATACTGTCAGTGGTATCAACGCAGAGTACATGGGG",
            "read1-input": [ "/nmspipeline//01-Processing/TRIMMER0090_P79/00-RawData/TRIMMER_Plate79_S1_L001_R1_001_sub.fastq.gz"],
            "read2-input": [ "/nmspipeline//01-Processing/TRIMMER0090_P79/00-RawData/TRIMMER_Plate79_S1_L001_R2_001_sub.fastq.gz"],
            "stats-file": "/nmspipeline//01-Processing/TRIMMER0090_P79/01-PrimerTrim/19-SMARTindex_HC_primers.log",
            "uncompressed": false
        },
        "primers": [ ["p5primer1","ATACTGTCAGTGGTATCAACGCAGAGTACATGGGG"], ["Ga3.10for_mIGH3","GGATAGACAGATGGGGCTGTTGTTGT"], ["Ga12HC.10_REV_CHI","ATAGACAGATGGGGGTGTCGTTTTGG"], ["p5primer1","ATACTGTCAGTGGTATCAACGCAGAGTACATGGGG"], ["Ga3.10for_mIGH3","GGATAGACAGATGGGGCTGTTGTTGT"], ["Ga12HC.10_REV_CHI","ATAGACAGATGGGGGTGTCGTTTTGG"] ]
    },
    "Fragment": {
        "in": 100000,
        "out": 322,
        "basepairs_in": 60000000,
        "basepairs_out": 173558,
        "flipped": 135,
        "primers_counts": [ ["p5primer1","Ga12HC.10_REV_CHI",322], ["None","Ga3.10for_mIGH3",573], ["p5primer1","None",636], ["None","Ga12HC.10_REV_CHI",25478], ["None","None",72991] ]
    },
    "Single_end": {
        "in": 0,
        "out": 0,
        "basepairs_in": 0,
        "basepairs_out": 0,
        "primerTrim": 0,
        "primerBpTrim": 0,
        "discarded": 0
    },
    "Paired_end": {
        "in": 100000,
        "out": 322,
        "discarded": 99678,
        "Read1": {
            "basepairs_in": 30000000,
            "basepairs_out": 85330,
            "primerTrim": 322,
            "primerBpTrim": 11270
        },
        "Read2": {
            "basepairs_in": 30000000,
            "basepairs_out": 88228,
            "primerTrim": 322,
            "primerBpTrim": 8372
        }
    }
  }, {
    "Program_details": {
        "program": "hts_NTrimmer",
        "version": "1.3.2",
        "options": {
            "append-stats-file": "/nmspipeline//01-Processing/TRIMMER0090_P79/01-PrimerTrim/19-SMARTindex_HC_primers.log",
            "exclude": true,
            "force": false,
            "notes": "",
            "uncompressed": false
        }
    },
    "Fragment": {
        "in": 322,
        "out": 321,
        "basepairs_in": 173558,
        "basepairs_out": 173019
    },
    "Single_end": {
        "in": 0,
        "out": 0,
        "basepairs_in": 0,
        "basepairs_out": 0,
        "rightTrim": 0,
        "leftTrim": 0,
        "discarded": 0
    },
    "Paired_end": {
        "in": 322,
        "out": 321,
        "discarded": 1,
        "Read1": {
            "basepairs_in": 85330,
            "basepairs_out": 85065,
            "leftTrim": 0,
            "rightTrim": 0
        },
        "Read2": {
            "basepairs_in": 88228,
            "basepairs_out": 87954,
            "leftTrim": 0,
            "rightTrim": 0
        }
    }
  }, {
    "Program_details": {
        "program": "hts_SeqScreener",
        "version": "1.3.2",
        "options": {
            "append-stats-file": "/nmspipeline//01-Processing/TRIMMER0090_P79/01-PrimerTrim/19-SMARTindex_HC_primers.log",
            "check-read-2": true,
            "force": false,
            "inverse": false,
            "kmer": 21,
            "notes": "",
            "percentage-hits": 0.01,
            "record": true,
            "seq": "../aberrant_LC.fasta",
            "uncompressed": false
        },
        "screen_info": {
            "screenBP": 96,
            "lookupKmers": 8
        }
    },
    "Fragment": {
        "in": 321,
        "out": 321,
        "basepairs_in": 173019,
        "basepairs_out": 173019
    },
    "Single_end": {
        "in": 0,
        "out": 0,
        "basepairs_in": 0,
        "basepairs_out": 0,
        "hits": 0
    },
    "Paired_end": {
        "in": 321,
        "out": 321,
        "hits": 0,
        "Read1": {
            "basepairs_in": 85065,
            "basepairs_out": 85065
        },
        "Read2": {
            "basepairs_in": 87954,
            "basepairs_out": 87954
        }
    }
  }, {
    "Program_details": {
        "program": "hts_QWindowTrim",
        "version": "1.3.2",
        "options": {
            "append-stats-file": "/nmspipeline//01-Processing/TRIMMER0090_P79/01-PrimerTrim/19-SMARTindex_HC_primers.log",
            "avg-qual-score": 10,
            "force": false,
            "no-left": true,
            "no-right": false,
            "notes": "",
            "qual-offset": 33,
            "uncompressed": false,
            "window-size": 10
        }
    },
    "Fragment": {
        "in": 321,
        "out": 321,
        "basepairs_in": 173019,
        "basepairs_out": 172519
    },
    "Single_end": {
        "in": 0,
        "out": 0,
        "basepairs_in": 0,
        "basepairs_out": 0,
        "rightTrim": 0,
        "leftTrim": 0
    },
    "Paired_end": {
        "in": 321,
        "out": 321,
        "Read1": {
            "basepairs_in": 85065,
            "basepairs_out": 84825,
            "leftTrim": 0,
            "rightTrim": 240
        },
        "Read2": {
            "basepairs_in": 87954,
            "basepairs_out": 87694,
            "leftTrim": 0,
            "rightTrim": 260
        }
    }
  }, {
    "Program_details": {
        "program": "hts_Overlapper",
        "version": "1.3.2",
        "options": {
            "append-stats-file": "/nmspipeline//01-Processing/TRIMMER0090_P79/01-PrimerTrim/19-SMARTindex_HC_primers.log",
            "check-lengths": 20,
            "force": false,
            "force-pairs": false,
            "kmer": 8,
            "kmer-offset": 1,
            "max-mismatch": 100,
            "max-mismatch-errorDensity": 0.25,
            "min-overlap": 8,
            "notes": "",
            "number-of-threads": 1,
            "uncompressed": false
        }
    },
    "Fragment": {
        "in": 321,
        "out": 321,
        "basepairs_in": 172519,
        "basepairs_out": 141811,
        "inserts": {
            "short": 23,
            "medium": 279,
            "long": 19
        },
        "overlap_histogram": [ [9,1], [23,1], [30,1], [36,1], [39,1], [51,1], [61,1], [95,1], [101,1], [111,1], [112,1], [118,1], [136,1], [145,1], [151,1], [166,1], [188,1], [189,1], [226,1], [236,1], [244,1], [248,1], [251,1], [311,1], [365,1], [375,2], [430,3], [431,3], [434,2], [438,2], [446,1], [452,16], [453,1], [456,1], [458,2], [459,2], [460,20], [461,2], [462,12], [463,102], [464,13], [465,18], [466,5], [467,32], [468,29], [469,5], [474,1], [504,1], [506,1], [513,1] ]
    },
    "Single_end": {
        "in": 0,
        "out": 302,
        "basepairs_in": 0,
        "basepairs_out": 131622
    },
    "Paired_end": {
        "in": 321,
        "out": 19,
        "Read1": {
            "basepairs_in": 84825,
            "basepairs_out": 5008
        },
        "Read2": {
            "basepairs_in": 87694,
            "basepairs_out": 5181
        }
    }
  }, {
    "Program_details": {
        "program": "hts_LengthFilter",
        "version": "1.3.2",
        "options": {
            "append-stats-file": "/nmspipeline//01-Processing/TRIMMER0090_P79/01-PrimerTrim/19-SMARTindex_HC_primers.log",
            "fastq-output": "/nmspipeline//01-Processing/TRIMMER0090_P79/01-PrimerTrim/19-SMARTindex_HC_primers",
            "force": true,
            "max-length": 0,
            "min-length": 385,
            "no-orphans": false,
            "notes": "",
            "stranded": false,
            "uncompressed": false
        }
    },
    "Fragment": {
        "in": 321,
        "out": 275,
        "basepairs_in": 141811,
        "basepairs_out": 127230
    },
    "Single_end": {
        "in": 302,
        "out": 275,
        "basepairs_in": 131622,
        "basepairs_out": 127230,
        "discarded": 27
    },
    "Paired_end": {
        "in": 19,
        "out": 0,
        "discarded": 19,
        "Read1": {
            "basepairs_in": 5008,
            "basepairs_out": 0,
            "discarded": 0
        },
        "Read2": {
            "basepairs_in": 5181,
            "basepairs_out": 0,
            "discarded": 0
        }
    }
  }
]
