[ {
    "Program_details": {
        "program": "hts_Primers",
        "version": "1.3.2",
        "options": {
            "flip": true,
            "float": 0,
            "force": false,
            "keep": false,
            "min_primer_matches": 2,
            "notes": "",
            "primer_end_mismatches": 0,
            "primer_mismatches": 0,
            "primers_3p": "../lc_primers.fasta",
            "primers_5p": "TATGTCTCAGTGGTATCAACGCAGAGTACATGGGG",
            "read1-input": [ "/nmspipeline//01-Processing/TRIMMER0090_P79/00-RawData/TRIMMER_Plate79_S1_L001_R1_001_sub.fastq.gz"],
            "read2-input": [ "/nmspipeline//01-Processing/TRIMMER0090_P79/00-RawData/TRIMMER_Plate79_S1_L001_R2_001_sub.fastq.gz"],
            "stats-file": "/nmspipeline//01-Processing/TRIMMER0090_P79/01-PrimerTrim/20-SMARTindex_LC_primers.log",
            "uncompressed": false
        },
        "primers": [ ["p5primer1","TATGTCTCAGTGGTATCAACGCAGAGTACATGGGG"], ["KaLC.6_REV_LC","GGATACAGTTGGTGCAGCATC"], ["LaLC.R-mIGL","ATCGTACACACCAGTGTGGC"], ["p5primer1","TATGTCTCAGTGGTATCAACGCAGAGTACATGGGG"], ["KaLC.6_REV_LC","GGATACAGTTGGTGCAGCATC"], ["LaLC.R-mIGL","ATCGTACACACCAGTGTGGC"] ]
    },
    "Fragment": {
        "in": 100000,
        "out": 421,
        "basepairs_in": 60000000,
        "basepairs_out": 229367,
        "flipped": 191,
        "primers_counts": [ ["p5primer1","KaLC.6_REV_LC",78], ["p5primer1","None",502], ["p5primer1","LaLC.R-mIGL",343], ["None","None",39872], ["None","KaLC.6_REV_LC",56702], ["None","LaLC.R-mIGL",2503] ]
    },
    "Single_end": {
        "in": 0,
        "out": 0,
        "basepairs_in": 0,
        "basepairs_out": 0,
        "primerTrim": 0,
        "primerBpTrim": 0,
        "discarded": 0
    },
    "Paired_end": {
        "in": 100000,
        "out": 421,
        "discarded": 99579,
        "Read1": {
            "basepairs_in": 30000000,
            "basepairs_out": 111565,
            "primerTrim": 421,
            "primerBpTrim": 14735
        },
        "Read2": {
            "basepairs_in": 30000000,
            "basepairs_out": 117802,
            "primerTrim": 421,
            "primerBpTrim": 8498
        }
    }
  }, {
    "Program_details": {
        "program": "hts_NTrimmer",
        "version": "1.3.2",
        "options": {
            "append-stats-file": "/nmspipeline//01-Processing/TRIMMER0090_P79/01-PrimerTrim/20-SMARTindex_LC_primers.log",
            "exclude": true,
            "force": false,
            "notes": "",
            "uncompressed": false
        }
    },
    "Fragment": {
        "in": 421,
        "out": 421,
        "basepairs_in": 229367,
        "basepairs_out": 229367
    },
    "Single_end": {
        "in": 0,
        "out": 0,
        "basepairs_in": 0,
        "basepairs_out": 0,
        "rightTrim": 0,
        "leftTrim": 0,
        "discarded": 0
    },
    "Paired_end": {
        "in": 421,
        "out": 421,
        "discarded": 0,
        "Read1": {
            "basepairs_in": 111565,
            "basepairs_out": 111565,
            "leftTrim": 0,
            "rightTrim": 0
        },
        "Read2": {
            "basepairs_in": 117802,
            "basepairs_out": 117802,
            "leftTrim": 0,
            "rightTrim": 0
        }
    }
  }, {
    "Program_details": {
        "program": "hts_SeqScreener",
        "version": "1.3.2",
        "options": {
            "append-stats-file": "/nmspipeline//01-Processing/TRIMMER0090_P79/01-PrimerTrim/20-SMARTindex_LC_primers.log",
            "check-read-2": true,
            "force": false,
            "inverse": false,
            "kmer": 21,
            "notes": "",
            "percentage-hits": 0.01,
            "record": true,
            "seq": "../aberrant_LC.fasta",
            "uncompressed": false
        },
        "screen_info": {
            "screenBP": 96,
            "lookupKmers": 8
        }
    },
    "Fragment": {
        "in": 421,
        "out": 421,
        "basepairs_in": 229367,
        "basepairs_out": 229367
    },
    "Single_end": {
        "in": 0,
        "out": 0,
        "basepairs_in": 0,
        "basepairs_out": 0,
        "hits": 0
    },
    "Paired_end": {
        "in": 421,
        "out": 421,
        "hits": 71,
        "Read1": {
            "basepairs_in": 111565,
            "basepairs_out": 111565
        },
        "Read2": {
            "basepairs_in": 117802,
            "basepairs_out": 117802
        }
    }
  }, {
    "Program_details": {
        "program": "hts_QWindowTrim",
        "version": "1.3.2",
        "options": {
            "append-stats-file": "/nmspipeline//01-Processing/TRIMMER0090_P79/01-PrimerTrim/20-SMARTindex_LC_primers.log",
            "avg-qual-score": 10,
            "force": false,
            "no-left": true,
            "no-right": false,
            "notes": "",
            "qual-offset": 33,
            "uncompressed": false,
            "window-size": 10
        }
    },
    "Fragment": {
        "in": 421,
        "out": 421,
        "basepairs_in": 229367,
        "basepairs_out": 228387
    },
    "Single_end": {
        "in": 0,
        "out": 0,
        "basepairs_in": 0,
        "basepairs_out": 0,
        "rightTrim": 0,
        "leftTrim": 0
    },
    "Paired_end": {
        "in": 421,
        "out": 421,
        "Read1": {
            "basepairs_in": 111565,
            "basepairs_out": 111094,
            "leftTrim": 0,
            "rightTrim": 471
        },
        "Read2": {
            "basepairs_in": 117802,
            "basepairs_out": 117293,
            "leftTrim": 0,
            "rightTrim": 509
        }
    }
  }, {
    "Program_details": {
        "program": "hts_Overlapper",
        "version": "1.3.2",
        "options": {
            "append-stats-file": "/nmspipeline//01-Processing/TRIMMER0090_P79/01-PrimerTrim/20-SMARTindex_LC_primers.log",
            "check-lengths": 20,
            "force": false,
            "force-pairs": false,
            "kmer": 8,
            "kmer-offset": 1,
            "max-mismatch": 100,
            "max-mismatch-errorDensity": 0.25,
            "min-overlap": 8,
            "notes": "",
            "number-of-threads": 1,
            "uncompressed": false
        }
    },
    "Fragment": {
        "in": 421,
        "out": 421,
        "basepairs_in": 228387,
        "basepairs_out": 196736,
        "inserts": {
            "short": 17,
            "medium": 365,
            "long": 39
        },
        "overlap_histogram": [ [9,1], [17,1], [20,1], [63,1], [68,1], [101,1], [102,1], [113,1], [116,2], [125,1], [127,1], [144,1], [263,1], [265,1], [266,1], [275,1], [282,1], [298,1], [316,1], [336,1], [337,1], [396,1], [397,1], [398,1], [399,14], [400,2], [411,1], [418,19], [420,1], [421,3], [422,4], [423,9], [424,1], [436,2], [437,1], [440,2], [442,1], [446,1], [477,1], [484,5], [486,2], [487,26], [488,126], [489,14], [490,19], [491,59], [492,1], [493,5], [495,3], [496,12], [497,3], [503,1], [504,1], [505,1], [512,1], [514,1], [517,1], [518,3], [519,7], [520,4] ]
    },
    "Single_end": {
        "in": 0,
        "out": 382,
        "basepairs_in": 0,
        "basepairs_out": 175719
    },
    "Paired_end": {
        "in": 421,
        "out": 39,
        "Read1": {
            "basepairs_in": 111094,
            "basepairs_out": 10165
        },
        "Read2": {
            "basepairs_in": 117293,
            "basepairs_out": 10852
        }
    }
  }, {
    "Program_details": {
        "program": "hts_LengthFilter",
        "version": "1.3.2",
        "options": {
            "append-stats-file": "/nmspipeline//01-Processing/TRIMMER0090_P79/01-PrimerTrim/20-SMARTindex_LC_primers.log",
            "fastq-output": "/nmspipeline//01-Processing/TRIMMER0090_P79/01-PrimerTrim/20-SMARTindex_LC_primers",
            "force": true,
            "max-length": 0,
            "min-length": 385,
            "no-orphans": false,
            "notes": "",
            "stranded": false,
            "uncompressed": false
        }
    },
    "Fragment": {
        "in": 421,
        "out": 360,
        "basepairs_in": 196736,
        "basepairs_out": 171960
    },
    "Single_end": {
        "in": 382,
        "out": 360,
        "basepairs_in": 175719,
        "basepairs_out": 171960,
        "discarded": 22
    },
    "Paired_end": {
        "in": 39,
        "out": 0,
        "discarded": 39,
        "Read1": {
            "basepairs_in": 10165,
            "basepairs_out": 0,
            "discarded": 0
        },
        "Read2": {
            "basepairs_in": 10852,
            "basepairs_out": 0,
            "discarded": 0
        }
    }
  }
]
