[ {
    "Program_details": {
        "program": "hts_Primers",
        "version": "1.3.2",
        "options": {
            "flip": true,
            "float": 0,
            "force": false,
            "keep": false,
            "min_primer_matches": 2,
            "notes": "",
            "primer_end_mismatches": 0,
            "primer_mismatches": 0,
            "primers_3p": "../hc_primers.fasta",
            "primers_5p": "GAGTCCTCAGTGGTATCAACGCAGAGTACATGGGG",
            "read1-input": [ "/nmspipeline//01-Processing/TRIMMER0090_P79/00-RawData/TRIMMER_Plate79_S1_L001_R1_001_sub.fastq.gz"],
            "read2-input": [ "/nmspipeline//01-Processing/TRIMMER0090_P79/00-RawData/TRIMMER_Plate79_S1_L001_R2_001_sub.fastq.gz"],
            "stats-file": "/nmspipeline//01-Processing/TRIMMER0090_P79/01-PrimerTrim/21-SMARTindex_HC_primers.log",
            "uncompressed": false
        },
        "primers": [ ["p5primer1","GAGTCCTCAGTGGTATCAACGCAGAGTACATGGGG"], ["Ga3.10for_mIGH3","GGATAGACAGATGGGGCTGTTGTTGT"], ["Ga12HC.10_REV_CHI","ATAGACAGATGGGGGTGTCGTTTTGG"], ["p5primer1","GAGTCCTCAGTGGTATCAACGCAGAGTACATGGGG"], ["Ga3.10for_mIGH3","GGATAGACAGATGGGGCTGTTGTTGT"], ["Ga12HC.10_REV_CHI","ATAGACAGATGGGGGTGTCGTTTTGG"] ]
    },
    "Fragment": {
        "in": 100000,
        "out": 300,
        "basepairs_in": 60000000,
        "basepairs_out": 161700,
        "flipped": 151,
        "primers_counts": [ ["p5primer1","None",411], ["p5primer1","Ga3.10for_mIGH3",2], ["None","Ga3.10for_mIGH3",571], ["p5primer1","Ga12HC.10_REV_CHI",298], ["None","Ga12HC.10_REV_CHI",25502], ["None","None",73216] ]
    },
    "Single_end": {
        "in": 0,
        "out": 0,
        "basepairs_in": 0,
        "basepairs_out": 0,
        "primerTrim": 0,
        "primerBpTrim": 0,
        "discarded": 0
    },
    "Paired_end": {
        "in": 100000,
        "out": 300,
        "discarded": 99700,
        "Read1": {
            "basepairs_in": 30000000,
            "basepairs_out": 79500,
            "primerTrim": 300,
            "primerBpTrim": 10500
        },
        "Read2": {
            "basepairs_in": 30000000,
            "basepairs_out": 82200,
            "primerTrim": 300,
            "primerBpTrim": 7800
        }
    }
  }, {
    "Program_details": {
        "program": "hts_NTrimmer",
        "version": "1.3.2",
        "options": {
            "append-stats-file": "/nmspipeline//01-Processing/TRIMMER0090_P79/01-PrimerTrim/21-SMARTindex_HC_primers.log",
            "exclude": true,
            "force": false,
            "notes": "",
            "uncompressed": false
        }
    },
    "Fragment": {
        "in": 300,
        "out": 300,
        "basepairs_in": 161700,
        "basepairs_out": 161700
    },
    "Single_end": {
        "in": 0,
        "out": 0,
        "basepairs_in": 0,
        "basepairs_out": 0,
        "rightTrim": 0,
        "leftTrim": 0,
        "discarded": 0
    },
    "Paired_end": {
        "in": 300,
        "out": 300,
        "discarded": 0,
        "Read1": {
            "basepairs_in": 79500,
            "basepairs_out": 79500,
            "leftTrim": 0,
            "rightTrim": 0
        },
        "Read2": {
            "basepairs_in": 82200,
            "basepairs_out": 82200,
            "leftTrim": 0,
            "rightTrim": 0
        }
    }
  }, {
    "Program_details": {
        "program": "hts_SeqScreener",
        "version": "1.3.2",
        "options": {
            "append-stats-file": "/nmspipeline//01-Processing/TRIMMER0090_P79/01-PrimerTrim/21-SMARTindex_HC_primers.log",
            "check-read-2": true,
            "force": false,
            "inverse": false,
            "kmer": 21,
            "notes": "",
            "percentage-hits": 0.01,
            "record": true,
            "seq": "../aberrant_LC.fasta",
            "uncompressed": false
        },
        "screen_info": {
            "screenBP": 96,
            "lookupKmers": 8
        }
    },
    "Fragment": {
        "in": 300,
        "out": 300,
        "basepairs_in": 161700,
        "basepairs_out": 161700
    },
    "Single_end": {
        "in": 0,
        "out": 0,
        "basepairs_in": 0,
        "basepairs_out": 0,
        "hits": 0
    },
    "Paired_end": {
        "in": 300,
        "out": 300,
        "hits": 0,
        "Read1": {
            "basepairs_in": 79500,
            "basepairs_out": 79500
        },
        "Read2": {
            "basepairs_in": 82200,
            "basepairs_out": 82200
        }
    }
  }, {
    "Program_details": {
        "program": "hts_QWindowTrim",
        "version": "1.3.2",
        "options": {
            "append-stats-file": "/nmspipeline//01-Processing/TRIMMER0090_P79/01-PrimerTrim/21-SMARTindex_HC_primers.log",
            "avg-qual-score": 10,
            "force": false,
            "no-left": true,
            "no-right": false,
            "notes": "",
            "qual-offset": 33,
            "uncompressed": false,
            "window-size": 10
        }
    },
    "Fragment": {
        "in": 300,
        "out": 300,
        "basepairs_in": 161700,
        "basepairs_out": 161357
    },
    "Single_end": {
        "in": 0,
        "out": 0,
        "basepairs_in": 0,
        "basepairs_out": 0,
        "rightTrim": 0,
        "leftTrim": 0
    },
    "Paired_end": {
        "in": 300,
        "out": 300,
        "Read1": {
            "basepairs_in": 79500,
            "basepairs_out": 79245,
            "leftTrim": 0,
            "rightTrim": 255
        },
        "Read2": {
            "basepairs_in": 82200,
            "basepairs_out": 82112,
            "leftTrim": 0,
            "rightTrim": 88
        }
    }
  }, {
    "Program_details": {
        "program": "hts_Overlapper",
        "version": "1.3.2",
        "options": {
            "append-stats-file": "/nmspipeline//01-Processing/TRIMMER0090_P79/01-PrimerTrim/21-SMARTindex_HC_primers.log",
            "check-lengths": 20,
            "force": false,
            "force-pairs": false,
            "kmer": 8,
            "kmer-offset": 1,
            "max-mismatch": 100,
            "max-mismatch-errorDensity": 0.25,
            "min-overlap": 8,
            "notes": "",
            "number-of-threads": 1,
            "uncompressed": false
        }
    },
    "Fragment": {
        "in": 300,
        "out": 300,
        "basepairs_in": 161357,
        "basepairs_out": 135377,
        "inserts": {
            "short": 10,
            "medium": 267,
            "long": 23
        },
        "overlap_histogram": [ [10,1], [19,1], [39,1], [63,1], [69,1], [71,1], [72,1], [124,1], [202,1], [221,1], [289,1], [317,1], [330,1], [374,2], [383,1], [401,2], [406,2], [432,4], [433,12], [434,1], [435,3], [436,1], [440,3], [442,17], [459,1], [460,25], [461,3], [462,28], [463,2], [464,26], [465,7], [466,49], [467,25], [468,29], [469,15], [470,2], [474,1], [476,1], [492,1], [496,1] ]
    },
    "Single_end": {
        "in": 0,
        "out": 277,
        "basepairs_in": 0,
        "basepairs_out": 123021
    },
    "Paired_end": {
        "in": 300,
        "out": 23,
        "Read1": {
            "basepairs_in": 79245,
            "basepairs_out": 6076
        },
        "Read2": {
            "basepairs_in": 82112,
            "basepairs_out": 6280
        }
    }
  }, {
    "Program_details": {
        "program": "hts_LengthFilter",
        "version": "1.3.2",
        "options": {
            "append-stats-file": "/nmspipeline//01-Processing/TRIMMER0090_P79/01-PrimerTrim/21-SMARTindex_HC_primers.log",
            "fastq-output": "/nmspipeline//01-Processing/TRIMMER0090_P79/01-PrimerTrim/21-SMARTindex_HC_primers",
            "force": true,
            "max-length": 0,
            "min-length": 385,
            "no-orphans": false,
            "notes": "",
            "stranded": false,
            "uncompressed": false
        }
    },
    "Fragment": {
        "in": 300,
        "out": 261,
        "basepairs_in": 135377,
        "basepairs_out": 120064
    },
    "Single_end": {
        "in": 277,
        "out": 261,
        "basepairs_in": 123021,
        "basepairs_out": 120064,
        "discarded": 16
    },
    "Paired_end": {
        "in": 23,
        "out": 0,
        "discarded": 23,
        "Read1": {
            "basepairs_in": 6076,
            "basepairs_out": 0,
            "discarded": 0
        },
        "Read2": {
            "basepairs_in": 6280,
            "basepairs_out": 0,
            "discarded": 0
        }
    }
  }
]
