[ {
    "Program_details": {
        "program": "hts_Primers",
        "version": "1.3.2",
        "options": {
            "flip": true,
            "float": 0,
            "force": false,
            "keep": false,
            "min_primer_matches": 2,
            "notes": "",
            "primer_end_mismatches": 0,
            "primer_mismatches": 0,
            "primers_3p": "../lc_primers.fasta",
            "primers_5p": "GAGTCCTCAGTGGTATCAACGCAGAGTACATGGGG",
            "read1-input": [ "/nmspipeline//01-Processing/TRIMMER0090_P79/00-RawData/TRIMMER_Plate79_S1_L001_R1_001_sub.fastq.gz"],
            "read2-input": [ "/nmspipeline//01-Processing/TRIMMER0090_P79/00-RawData/TRIMMER_Plate79_S1_L001_R2_001_sub.fastq.gz"],
            "stats-file": "/nmspipeline//01-Processing/TRIMMER0090_P79/01-PrimerTrim/21-SMARTindex_LC_primers.log",
            "uncompressed": false
        },
        "primers": [ ["p5primer1","GAGTCCTCAGTGGTATCAACGCAGAGTACATGGGG"], ["KaLC.6_REV_LC","GGATACAGTTGGTGCAGCATC"], ["LaLC.R-mIGL","ATCGTACACACCAGTGTGGC"], ["p5primer1","GAGTCCTCAGTGGTATCAACGCAGAGTACATGGGG"], ["KaLC.6_REV_LC","GGATACAGTTGGTGCAGCATC"], ["LaLC.R-mIGL","ATCGTACACACCAGTGTGGC"] ]
    },
    "Fragment": {
        "in": 100000,
        "out": 325,
        "basepairs_in": 60000000,
        "basepairs_out": 176804,
        "flipped": 139,
        "primers_counts": [ ["p5primer1","LaLC.R-mIGL",4], ["p5primer1","KaLC.6_REV_LC",321], ["p5primer1","None",386], ["None","None",39988], ["None","KaLC.6_REV_LC",56459], ["None","LaLC.R-mIGL",2842] ]
    },
    "Single_end": {
        "in": 0,
        "out": 0,
        "basepairs_in": 0,
        "basepairs_out": 0,
        "primerTrim": 0,
        "primerBpTrim": 0,
        "discarded": 0
    },
    "Paired_end": {
        "in": 100000,
        "out": 325,
        "discarded": 99675,
        "Read1": {
            "basepairs_in": 30000000,
            "basepairs_out": 86125,
            "primerTrim": 325,
            "primerBpTrim": 11375
        },
        "Read2": {
            "basepairs_in": 30000000,
            "basepairs_out": 90679,
            "primerTrim": 325,
            "primerBpTrim": 6821
        }
    }
  }, {
    "Program_details": {
        "program": "hts_NTrimmer",
        "version": "1.3.2",
        "options": {
            "append-stats-file": "/nmspipeline//01-Processing/TRIMMER0090_P79/01-PrimerTrim/21-SMARTindex_LC_primers.log",
            "exclude": true,
            "force": false,
            "notes": "",
            "uncompressed": false
        }
    },
    "Fragment": {
        "in": 325,
        "out": 325,
        "basepairs_in": 176804,
        "basepairs_out": 176804
    },
    "Single_end": {
        "in": 0,
        "out": 0,
        "basepairs_in": 0,
        "basepairs_out": 0,
        "rightTrim": 0,
        "leftTrim": 0,
        "discarded": 0
    },
    "Paired_end": {
        "in": 325,
        "out": 325,
        "discarded": 0,
        "Read1": {
            "basepairs_in": 86125,
            "basepairs_out": 86125,
            "leftTrim": 0,
            "rightTrim": 0
        },
        "Read2": {
            "basepairs_in": 90679,
            "basepairs_out": 90679,
            "leftTrim": 0,
            "rightTrim": 0
        }
    }
  }, {
    "Program_details": {
        "program": "hts_SeqScreener",
        "version": "1.3.2",
        "options": {
            "append-stats-file": "/nmspipeline//01-Processing/TRIMMER0090_P79/01-PrimerTrim/21-SMARTindex_LC_primers.log",
            "check-read-2": true,
            "force": false,
            "inverse": false,
            "kmer": 21,
            "notes": "",
            "percentage-hits": 0.01,
            "record": true,
            "seq": "../aberrant_LC.fasta",
            "uncompressed": false
        },
        "screen_info": {
            "screenBP": 96,
            "lookupKmers": 8
        }
    },
    "Fragment": {
        "in": 325,
        "out": 325,
        "basepairs_in": 176804,
        "basepairs_out": 176804
    },
    "Single_end": {
        "in": 0,
        "out": 0,
        "basepairs_in": 0,
        "basepairs_out": 0,
        "hits": 0
    },
    "Paired_end": {
        "in": 325,
        "out": 325,
        "hits": 158,
        "Read1": {
            "basepairs_in": 86125,
            "basepairs_out": 86125
        },
        "Read2": {
            "basepairs_in": 90679,
            "basepairs_out": 90679
        }
    }
  }, {
    "Program_details": {
        "program": "hts_QWindowTrim",
        "version": "1.3.2",
        "options": {
            "append-stats-file": "/nmspipeline//01-Processing/TRIMMER0090_P79/01-PrimerTrim/21-SMARTindex_LC_primers.log",
            "avg-qual-score": 10,
            "force": false,
            "no-left": true,
            "no-right": false,
            "notes": "",
            "qual-offset": 33,
            "uncompressed": false,
            "window-size": 10
        }
    },
    "Fragment": {
        "in": 325,
        "out": 325,
        "basepairs_in": 176804,
        "basepairs_out": 176230
    },
    "Single_end": {
        "in": 0,
        "out": 0,
        "basepairs_in": 0,
        "basepairs_out": 0,
        "rightTrim": 0,
        "leftTrim": 0
    },
    "Paired_end": {
        "in": 325,
        "out": 325,
        "Read1": {
            "basepairs_in": 86125,
            "basepairs_out": 85937,
            "leftTrim": 0,
            "rightTrim": 188
        },
        "Read2": {
            "basepairs_in": 90679,
            "basepairs_out": 90293,
            "leftTrim": 0,
            "rightTrim": 386
        }
    }
  }, {
    "Program_details": {
        "program": "hts_Overlapper",
        "version": "1.3.2",
        "options": {
            "append-stats-file": "/nmspipeline//01-Processing/TRIMMER0090_P79/01-PrimerTrim/21-SMARTindex_LC_primers.log",
            "check-lengths": 20,
            "force": false,
            "force-pairs": false,
            "kmer": 8,
            "kmer-offset": 1,
            "max-mismatch": 100,
            "max-mismatch-errorDensity": 0.25,
            "min-overlap": 8,
            "notes": "",
            "number-of-threads": 1,
            "uncompressed": false
        }
    },
    "Fragment": {
        "in": 325,
        "out": 325,
        "basepairs_in": 176230,
        "basepairs_out": 134887,
        "inserts": {
            "short": 14,
            "medium": 292,
            "long": 19
        },
        "overlap_histogram": [ [24,1], [27,1], [50,1], [86,1], [88,1], [104,1], [108,1], [119,1], [122,1], [158,1], [180,1], [208,1], [264,1], [267,1], [300,1], [331,1], [342,1], [344,1], [348,1], [352,1], [354,1], [361,1], [380,1], [398,5], [399,11], [400,1], [401,2], [407,1], [408,20], [409,11], [410,3], [411,5], [412,5], [413,4], [414,1], [418,35], [419,1], [420,2], [421,4], [422,22], [423,15], [424,1], [426,3], [428,5], [429,1], [430,1], [432,68], [433,6], [434,2], [435,35], [436,5], [437,2], [440,5], [444,1] ]
    },
    "Single_end": {
        "in": 0,
        "out": 306,
        "basepairs_in": 0,
        "basepairs_out": 124643
    },
    "Paired_end": {
        "in": 325,
        "out": 19,
        "Read1": {
            "basepairs_in": 85937,
            "basepairs_out": 4982
        },
        "Read2": {
            "basepairs_in": 90293,
            "basepairs_out": 5262
        }
    }
  }, {
    "Program_details": {
        "program": "hts_LengthFilter",
        "version": "1.3.2",
        "options": {
            "append-stats-file": "/nmspipeline//01-Processing/TRIMMER0090_P79/01-PrimerTrim/21-SMARTindex_LC_primers.log",
            "fastq-output": "/nmspipeline//01-Processing/TRIMMER0090_P79/01-PrimerTrim/21-SMARTindex_LC_primers",
            "force": true,
            "max-length": 0,
            "min-length": 385,
            "no-orphans": false,
            "notes": "",
            "stranded": false,
            "uncompressed": false
        }
    },
    "Fragment": {
        "in": 325,
        "out": 283,
        "basepairs_in": 134887,
        "basepairs_out": 119726
    },
    "Single_end": {
        "in": 306,
        "out": 283,
        "basepairs_in": 124643,
        "basepairs_out": 119726,
        "discarded": 23
    },
    "Paired_end": {
        "in": 19,
        "out": 0,
        "discarded": 19,
        "Read1": {
            "basepairs_in": 4982,
            "basepairs_out": 0,
            "discarded": 0
        },
        "Read2": {
            "basepairs_in": 5262,
            "basepairs_out": 0,
            "discarded": 0
        }
    }
  }
]
