[ {
    "Program_details": {
        "program": "hts_Primers",
        "version": "1.3.2",
        "options": {
            "flip": true,
            "float": 0,
            "force": false,
            "keep": false,
            "min_primer_matches": 2,
            "notes": "",
            "primer_end_mismatches": 0,
            "primer_mismatches": 0,
            "primers_3p": "../hc_primers.fasta",
            "primers_5p": "CACACTTCAGTGGTATCAACGCAGAGTACATGGGG",
            "read1-input": [ "/nmspipeline//01-Processing/TRIMMER0090_P79/00-RawData/TRIMMER_Plate79_S1_L001_R1_001_sub.fastq.gz"],
            "read2-input": [ "/nmspipeline//01-Processing/TRIMMER0090_P79/00-RawData/TRIMMER_Plate79_S1_L001_R2_001_sub.fastq.gz"],
            "stats-file": "/nmspipeline//01-Processing/TRIMMER0090_P79/01-PrimerTrim/23-SMARTindex_HC_primers.log",
            "uncompressed": false
        },
        "primers": [ ["p5primer1","CACACTTCAGTGGTATCAACGCAGAGTACATGGGG"], ["Ga3.10for_mIGH3","GGATAGACAGATGGGGCTGTTGTTGT"], ["Ga12HC.10_REV_CHI","ATAGACAGATGGGGGTGTCGTTTTGG"], ["p5primer1","CACACTTCAGTGGTATCAACGCAGAGTACATGGGG"], ["Ga3.10for_mIGH3","GGATAGACAGATGGGGCTGTTGTTGT"], ["Ga12HC.10_REV_CHI","ATAGACAGATGGGGGTGTCGTTTTGG"] ]
    },
    "Fragment": {
        "in": 100000,
        "out": 36,
        "basepairs_in": 60000000,
        "basepairs_out": 19404,
        "flipped": 17,
        "primers_counts": [ ["p5primer1","None",1168], ["None","Ga3.10for_mIGH3",573], ["p5primer1","Ga12HC.10_REV_CHI",36], ["None","Ga12HC.10_REV_CHI",25764], ["None","None",72459] ]
    },
    "Single_end": {
        "in": 0,
        "out": 0,
        "basepairs_in": 0,
        "basepairs_out": 0,
        "primerTrim": 0,
        "primerBpTrim": 0,
        "discarded": 0
    },
    "Paired_end": {
        "in": 100000,
        "out": 36,
        "discarded": 99964,
        "Read1": {
            "basepairs_in": 30000000,
            "basepairs_out": 9540,
            "primerTrim": 36,
            "primerBpTrim": 1260
        },
        "Read2": {
            "basepairs_in": 30000000,
            "basepairs_out": 9864,
            "primerTrim": 36,
            "primerBpTrim": 936
        }
    }
  }, {
    "Program_details": {
        "program": "hts_NTrimmer",
        "version": "1.3.2",
        "options": {
            "append-stats-file": "/nmspipeline//01-Processing/TRIMMER0090_P79/01-PrimerTrim/23-SMARTindex_HC_primers.log",
            "exclude": true,
            "force": false,
            "notes": "",
            "uncompressed": false
        }
    },
    "Fragment": {
        "in": 36,
        "out": 36,
        "basepairs_in": 19404,
        "basepairs_out": 19404
    },
    "Single_end": {
        "in": 0,
        "out": 0,
        "basepairs_in": 0,
        "basepairs_out": 0,
        "rightTrim": 0,
        "leftTrim": 0,
        "discarded": 0
    },
    "Paired_end": {
        "in": 36,
        "out": 36,
        "discarded": 0,
        "Read1": {
            "basepairs_in": 9540,
            "basepairs_out": 9540,
            "leftTrim": 0,
            "rightTrim": 0
        },
        "Read2": {
            "basepairs_in": 9864,
            "basepairs_out": 9864,
            "leftTrim": 0,
            "rightTrim": 0
        }
    }
  }, {
    "Program_details": {
        "program": "hts_SeqScreener",
        "version": "1.3.2",
        "options": {
            "append-stats-file": "/nmspipeline//01-Processing/TRIMMER0090_P79/01-PrimerTrim/23-SMARTindex_HC_primers.log",
            "check-read-2": true,
            "force": false,
            "inverse": false,
            "kmer": 21,
            "notes": "",
            "percentage-hits": 0.01,
            "record": true,
            "seq": "../aberrant_LC.fasta",
            "uncompressed": false
        },
        "screen_info": {
            "screenBP": 96,
            "lookupKmers": 8
        }
    },
    "Fragment": {
        "in": 36,
        "out": 36,
        "basepairs_in": 19404,
        "basepairs_out": 19404
    },
    "Single_end": {
        "in": 0,
        "out": 0,
        "basepairs_in": 0,
        "basepairs_out": 0,
        "hits": 0
    },
    "Paired_end": {
        "in": 36,
        "out": 36,
        "hits": 0,
        "Read1": {
            "basepairs_in": 9540,
            "basepairs_out": 9540
        },
        "Read2": {
            "basepairs_in": 9864,
            "basepairs_out": 9864
        }
    }
  }, {
    "Program_details": {
        "program": "hts_QWindowTrim",
        "version": "1.3.2",
        "options": {
            "append-stats-file": "/nmspipeline//01-Processing/TRIMMER0090_P79/01-PrimerTrim/23-SMARTindex_HC_primers.log",
            "avg-qual-score": 10,
            "force": false,
            "no-left": true,
            "no-right": false,
            "notes": "",
            "qual-offset": 33,
            "uncompressed": false,
            "window-size": 10
        }
    },
    "Fragment": {
        "in": 36,
        "out": 36,
        "basepairs_in": 19404,
        "basepairs_out": 19221
    },
    "Single_end": {
        "in": 0,
        "out": 0,
        "basepairs_in": 0,
        "basepairs_out": 0,
        "rightTrim": 0,
        "leftTrim": 0
    },
    "Paired_end": {
        "in": 36,
        "out": 36,
        "Read1": {
            "basepairs_in": 9540,
            "basepairs_out": 9409,
            "leftTrim": 0,
            "rightTrim": 131
        },
        "Read2": {
            "basepairs_in": 9864,
            "basepairs_out": 9812,
            "leftTrim": 0,
            "rightTrim": 52
        }
    }
  }, {
    "Program_details": {
        "program": "hts_Overlapper",
        "version": "1.3.2",
        "options": {
            "append-stats-file": "/nmspipeline//01-Processing/TRIMMER0090_P79/01-PrimerTrim/23-SMARTindex_HC_primers.log",
            "check-lengths": 20,
            "force": false,
            "force-pairs": false,
            "kmer": 8,
            "kmer-offset": 1,
            "max-mismatch": 100,
            "max-mismatch-errorDensity": 0.25,
            "min-overlap": 8,
            "notes": "",
            "number-of-threads": 1,
            "uncompressed": false
        }
    },
    "Fragment": {
        "in": 36,
        "out": 36,
        "basepairs_in": 19221,
        "basepairs_out": 12761,
        "inserts": {
            "short": 12,
            "medium": 21,
            "long": 3
        },
        "overlap_histogram": [ [28,1], [30,1], [31,1], [48,1], [73,1], [79,1], [112,1], [169,1], [190,1], [235,1], [236,1], [272,1], [283,1], [294,1], [472,1], [473,4], [475,3], [476,3], [478,2], [479,5], [498,1] ]
    },
    "Single_end": {
        "in": 0,
        "out": 33,
        "basepairs_in": 0,
        "basepairs_out": 11146
    },
    "Paired_end": {
        "in": 36,
        "out": 3,
        "Read1": {
            "basepairs_in": 9409,
            "basepairs_out": 795
        },
        "Read2": {
            "basepairs_in": 9812,
            "basepairs_out": 820
        }
    }
  }, {
    "Program_details": {
        "program": "hts_LengthFilter",
        "version": "1.3.2",
        "options": {
            "append-stats-file": "/nmspipeline//01-Processing/TRIMMER0090_P79/01-PrimerTrim/23-SMARTindex_HC_primers.log",
            "fastq-output": "/nmspipeline//01-Processing/TRIMMER0090_P79/01-PrimerTrim/23-SMARTindex_HC_primers",
            "force": true,
            "max-length": 0,
            "min-length": 385,
            "no-orphans": false,
            "notes": "",
            "stranded": false,
            "uncompressed": false
        }
    },
    "Fragment": {
        "in": 36,
        "out": 19,
        "basepairs_in": 12761,
        "basepairs_out": 9066
    },
    "Single_end": {
        "in": 33,
        "out": 19,
        "basepairs_in": 11146,
        "basepairs_out": 9066,
        "discarded": 14
    },
    "Paired_end": {
        "in": 3,
        "out": 0,
        "discarded": 3,
        "Read1": {
            "basepairs_in": 795,
            "basepairs_out": 0,
            "discarded": 0
        },
        "Read2": {
            "basepairs_in": 820,
            "basepairs_out": 0,
            "discarded": 0
        }
    }
  }
]
