[ {
    "Program_details": {
        "program": "hts_Primers",
        "version": "1.3.2",
        "options": {
            "flip": true,
            "float": 0,
            "force": false,
            "keep": false,
            "min_primer_matches": 2,
            "notes": "",
            "primer_end_mismatches": 0,
            "primer_mismatches": 0,
            "primers_3p": "../lc_primers.fasta",
            "primers_5p": "CACACTTCAGTGGTATCAACGCAGAGTACATGGGG",
            "read1-input": [ "/nmspipeline//01-Processing/TRIMMER0090_P79/00-RawData/TRIMMER_Plate79_S1_L001_R1_001_sub.fastq.gz"],
            "read2-input": [ "/nmspipeline//01-Processing/TRIMMER0090_P79/00-RawData/TRIMMER_Plate79_S1_L001_R2_001_sub.fastq.gz"],
            "stats-file": "/nmspipeline//01-Processing/TRIMMER0090_P79/01-PrimerTrim/23-SMARTindex_LC_primers.log",
            "uncompressed": false
        },
        "primers": [ ["p5primer1","CACACTTCAGTGGTATCAACGCAGAGTACATGGGG"], ["KaLC.6_REV_LC","GGATACAGTTGGTGCAGCATC"], ["LaLC.R-mIGL","ATCGTACACACCAGTGTGGC"], ["p5primer1","CACACTTCAGTGGTATCAACGCAGAGTACATGGGG"], ["KaLC.6_REV_LC","GGATACAGTTGGTGCAGCATC"], ["LaLC.R-mIGL","ATCGTACACACCAGTGTGGC"] ]
    },
    "Fragment": {
        "in": 100000,
        "out": 1027,
        "basepairs_in": 60000000,
        "basepairs_out": 558703,
        "flipped": 437,
        "primers_counts": [ ["p5primer1","LaLC.R-mIGL",15], ["p5primer1","KaLC.6_REV_LC",1012], ["p5primer1","None",177], ["None","None",40197], ["None","KaLC.6_REV_LC",55768], ["None","LaLC.R-mIGL",2831] ]
    },
    "Single_end": {
        "in": 0,
        "out": 0,
        "basepairs_in": 0,
        "basepairs_out": 0,
        "primerTrim": 0,
        "primerBpTrim": 0,
        "discarded": 0
    },
    "Paired_end": {
        "in": 100000,
        "out": 1027,
        "discarded": 98973,
        "Read1": {
            "basepairs_in": 30000000,
            "basepairs_out": 272155,
            "primerTrim": 1027,
            "primerBpTrim": 35945
        },
        "Read2": {
            "basepairs_in": 30000000,
            "basepairs_out": 286548,
            "primerTrim": 1027,
            "primerBpTrim": 21552
        }
    }
  }, {
    "Program_details": {
        "program": "hts_NTrimmer",
        "version": "1.3.2",
        "options": {
            "append-stats-file": "/nmspipeline//01-Processing/TRIMMER0090_P79/01-PrimerTrim/23-SMARTindex_LC_primers.log",
            "exclude": true,
            "force": false,
            "notes": "",
            "uncompressed": false
        }
    },
    "Fragment": {
        "in": 1027,
        "out": 1027,
        "basepairs_in": 558703,
        "basepairs_out": 558703
    },
    "Single_end": {
        "in": 0,
        "out": 0,
        "basepairs_in": 0,
        "basepairs_out": 0,
        "rightTrim": 0,
        "leftTrim": 0,
        "discarded": 0
    },
    "Paired_end": {
        "in": 1027,
        "out": 1027,
        "discarded": 0,
        "Read1": {
            "basepairs_in": 272155,
            "basepairs_out": 272155,
            "leftTrim": 0,
            "rightTrim": 0
        },
        "Read2": {
            "basepairs_in": 286548,
            "basepairs_out": 286548,
            "leftTrim": 0,
            "rightTrim": 0
        }
    }
  }, {
    "Program_details": {
        "program": "hts_SeqScreener",
        "version": "1.3.2",
        "options": {
            "append-stats-file": "/nmspipeline//01-Processing/TRIMMER0090_P79/01-PrimerTrim/23-SMARTindex_LC_primers.log",
            "check-read-2": true,
            "force": false,
            "inverse": false,
            "kmer": 21,
            "notes": "",
            "percentage-hits": 0.01,
            "record": true,
            "seq": "../aberrant_LC.fasta",
            "uncompressed": false
        },
        "screen_info": {
            "screenBP": 96,
            "lookupKmers": 8
        }
    },
    "Fragment": {
        "in": 1027,
        "out": 1027,
        "basepairs_in": 558703,
        "basepairs_out": 558703
    },
    "Single_end": {
        "in": 0,
        "out": 0,
        "basepairs_in": 0,
        "basepairs_out": 0,
        "hits": 0
    },
    "Paired_end": {
        "in": 1027,
        "out": 1027,
        "hits": 277,
        "Read1": {
            "basepairs_in": 272155,
            "basepairs_out": 272155
        },
        "Read2": {
            "basepairs_in": 286548,
            "basepairs_out": 286548
        }
    }
  }, {
    "Program_details": {
        "program": "hts_QWindowTrim",
        "version": "1.3.2",
        "options": {
            "append-stats-file": "/nmspipeline//01-Processing/TRIMMER0090_P79/01-PrimerTrim/23-SMARTindex_LC_primers.log",
            "avg-qual-score": 10,
            "force": false,
            "no-left": true,
            "no-right": false,
            "notes": "",
            "qual-offset": 33,
            "uncompressed": false,
            "window-size": 10
        }
    },
    "Fragment": {
        "in": 1027,
        "out": 1027,
        "basepairs_in": 558703,
        "basepairs_out": 556656
    },
    "Single_end": {
        "in": 0,
        "out": 0,
        "basepairs_in": 0,
        "basepairs_out": 0,
        "rightTrim": 0,
        "leftTrim": 0
    },
    "Paired_end": {
        "in": 1027,
        "out": 1027,
        "Read1": {
            "basepairs_in": 272155,
            "basepairs_out": 271363,
            "leftTrim": 0,
            "rightTrim": 792
        },
        "Read2": {
            "basepairs_in": 286548,
            "basepairs_out": 285293,
            "leftTrim": 0,
            "rightTrim": 1255
        }
    }
  }, {
    "Program_details": {
        "program": "hts_Overlapper",
        "version": "1.3.2",
        "options": {
            "append-stats-file": "/nmspipeline//01-Processing/TRIMMER0090_P79/01-PrimerTrim/23-SMARTindex_LC_primers.log",
            "check-lengths": 20,
            "force": false,
            "force-pairs": false,
            "kmer": 8,
            "kmer-offset": 1,
            "max-mismatch": 100,
            "max-mismatch-errorDensity": 0.25,
            "min-overlap": 8,
            "notes": "",
            "number-of-threads": 1,
            "uncompressed": false
        }
    },
    "Fragment": {
        "in": 1027,
        "out": 1027,
        "basepairs_in": 556656,
        "basepairs_out": 417177,
        "inserts": {
            "short": 82,
            "medium": 876,
            "long": 69
        },
        "overlap_histogram": [ [14,1], [15,1], [38,1], [47,2], [48,2], [49,2], [50,1], [54,1], [55,1], [67,2], [73,1], [76,1], [77,1], [80,1], [83,1], [86,1], [87,2], [88,1], [89,1], [90,1], [91,1], [92,1], [100,1], [101,1], [105,1], [109,1], [110,1], [112,1], [116,1], [119,2], [121,2], [123,1], [127,1], [128,1], [131,1], [132,1], [133,2], [134,1], [136,1], [137,2], [138,1], [139,1], [144,1], [145,1], [148,1], [153,2], [154,2], [158,3], [159,1], [161,3], [162,1], [165,2], [176,2], [193,1], [212,1], [213,1], [228,1], [235,1], [241,1], [249,1], [251,1], [252,1], [258,1], [262,1], [265,1], [282,1], [286,1], [287,1], [288,1], [290,1], [292,1], [293,2], [300,1], [305,1], [314,1], [326,1], [327,1], [332,1], [350,1], [363,1], [366,1], [380,3], [389,1], [391,1], [393,2], [395,5], [396,8], [397,5], [398,6], [399,39], [400,66], [401,10], [402,23], [403,32], [409,1], [410,1], [411,1], [412,1], [417,1], [418,66], [419,4], [420,9], [421,10], [422,96], [423,55], [424,13], [425,13], [426,14], [427,175], [428,13], [430,2], [431,1], [432,1], [434,2], [436,2], [437,8], [438,3], [439,1], [440,17], [441,35], [442,3], [443,5], [444,14], [445,60], [446,6], [447,5], [451,1], [452,2], [469,1], [470,1], [528,2], [533,12], [534,1] ]
    },
    "Single_end": {
        "in": 0,
        "out": 958,
        "basepairs_in": 0,
        "basepairs_out": 379862
    },
    "Paired_end": {
        "in": 1027,
        "out": 69,
        "Read1": {
            "basepairs_in": 271363,
            "basepairs_out": 18231
        },
        "Read2": {
            "basepairs_in": 285293,
            "basepairs_out": 19084
        }
    }
  }, {
    "Program_details": {
        "program": "hts_LengthFilter",
        "version": "1.3.2",
        "options": {
            "append-stats-file": "/nmspipeline//01-Processing/TRIMMER0090_P79/01-PrimerTrim/23-SMARTindex_LC_primers.log",
            "fastq-output": "/nmspipeline//01-Processing/TRIMMER0090_P79/01-PrimerTrim/23-SMARTindex_LC_primers",
            "force": true,
            "max-length": 0,
            "min-length": 385,
            "no-orphans": false,
            "notes": "",
            "stranded": false,
            "uncompressed": false
        }
    },
    "Fragment": {
        "in": 1027,
        "out": 856,
        "basepairs_in": 417177,
        "basepairs_out": 362850
    },
    "Single_end": {
        "in": 958,
        "out": 856,
        "basepairs_in": 379862,
        "basepairs_out": 362850,
        "discarded": 102
    },
    "Paired_end": {
        "in": 69,
        "out": 0,
        "discarded": 69,
        "Read1": {
            "basepairs_in": 18231,
            "basepairs_out": 0,
            "discarded": 0
        },
        "Read2": {
            "basepairs_in": 19084,
            "basepairs_out": 0,
            "discarded": 0
        }
    }
  }
]
