[ {
    "Program_details": {
        "program": "hts_Primers",
        "version": "1.3.2",
        "options": {
            "flip": true,
            "float": 0,
            "force": false,
            "keep": false,
            "min_primer_matches": 2,
            "notes": "",
            "primer_end_mismatches": 0,
            "primer_mismatches": 0,
            "primers_3p": "../lc_primers.fasta",
            "primers_5p": "CCGCAATCAGTGGTATCAACGCAGAGTACATGGGG",
            "read1-input": [ "/nmspipeline//01-Processing/TRIMMER0090_P79/00-RawData/TRIMMER_Plate79_S1_L001_R1_001_sub.fastq.gz"],
            "read2-input": [ "/nmspipeline//01-Processing/TRIMMER0090_P79/00-RawData/TRIMMER_Plate79_S1_L001_R2_001_sub.fastq.gz"],
            "stats-file": "/nmspipeline//01-Processing/TRIMMER0090_P79/01-PrimerTrim/24-SMARTindex_LC_primers.log",
            "uncompressed": false
        },
        "primers": [ ["p5primer1","CCGCAATCAGTGGTATCAACGCAGAGTACATGGGG"], ["KaLC.6_REV_LC","GGATACAGTTGGTGCAGCATC"], ["LaLC.R-mIGL","ATCGTACACACCAGTGTGGC"], ["p5primer1","CCGCAATCAGTGGTATCAACGCAGAGTACATGGGG"], ["KaLC.6_REV_LC","GGATACAGTTGGTGCAGCATC"], ["LaLC.R-mIGL","ATCGTACACACCAGTGTGGC"] ]
    },
    "Fragment": {
        "in": 100000,
        "out": 597,
        "basepairs_in": 60000000,
        "basepairs_out": 324772,
        "flipped": 267,
        "primers_counts": [ ["p5primer1","LaLC.R-mIGL",4], ["p5primer1","None",300], ["p5primer1","KaLC.6_REV_LC",593], ["None","None",40074], ["None","KaLC.6_REV_LC",56187], ["None","LaLC.R-mIGL",2842] ]
    },
    "Single_end": {
        "in": 0,
        "out": 0,
        "basepairs_in": 0,
        "basepairs_out": 0,
        "primerTrim": 0,
        "primerBpTrim": 0,
        "discarded": 0
    },
    "Paired_end": {
        "in": 100000,
        "out": 597,
        "discarded": 99403,
        "Read1": {
            "basepairs_in": 30000000,
            "basepairs_out": 158205,
            "primerTrim": 597,
            "primerBpTrim": 20895
        },
        "Read2": {
            "basepairs_in": 30000000,
            "basepairs_out": 166567,
            "primerTrim": 597,
            "primerBpTrim": 12533
        }
    }
  }, {
    "Program_details": {
        "program": "hts_NTrimmer",
        "version": "1.3.2",
        "options": {
            "append-stats-file": "/nmspipeline//01-Processing/TRIMMER0090_P79/01-PrimerTrim/24-SMARTindex_LC_primers.log",
            "exclude": true,
            "force": false,
            "notes": "",
            "uncompressed": false
        }
    },
    "Fragment": {
        "in": 597,
        "out": 597,
        "basepairs_in": 324772,
        "basepairs_out": 324772
    },
    "Single_end": {
        "in": 0,
        "out": 0,
        "basepairs_in": 0,
        "basepairs_out": 0,
        "rightTrim": 0,
        "leftTrim": 0,
        "discarded": 0
    },
    "Paired_end": {
        "in": 597,
        "out": 597,
        "discarded": 0,
        "Read1": {
            "basepairs_in": 158205,
            "basepairs_out": 158205,
            "leftTrim": 0,
            "rightTrim": 0
        },
        "Read2": {
            "basepairs_in": 166567,
            "basepairs_out": 166567,
            "leftTrim": 0,
            "rightTrim": 0
        }
    }
  }, {
    "Program_details": {
        "program": "hts_SeqScreener",
        "version": "1.3.2",
        "options": {
            "append-stats-file": "/nmspipeline//01-Processing/TRIMMER0090_P79/01-PrimerTrim/24-SMARTindex_LC_primers.log",
            "check-read-2": true,
            "force": false,
            "inverse": false,
            "kmer": 21,
            "notes": "",
            "percentage-hits": 0.01,
            "record": true,
            "seq": "../aberrant_LC.fasta",
            "uncompressed": false
        },
        "screen_info": {
            "screenBP": 96,
            "lookupKmers": 8
        }
    },
    "Fragment": {
        "in": 597,
        "out": 597,
        "basepairs_in": 324772,
        "basepairs_out": 324772
    },
    "Single_end": {
        "in": 0,
        "out": 0,
        "basepairs_in": 0,
        "basepairs_out": 0,
        "hits": 0
    },
    "Paired_end": {
        "in": 597,
        "out": 597,
        "hits": 92,
        "Read1": {
            "basepairs_in": 158205,
            "basepairs_out": 158205
        },
        "Read2": {
            "basepairs_in": 166567,
            "basepairs_out": 166567
        }
    }
  }, {
    "Program_details": {
        "program": "hts_QWindowTrim",
        "version": "1.3.2",
        "options": {
            "append-stats-file": "/nmspipeline//01-Processing/TRIMMER0090_P79/01-PrimerTrim/24-SMARTindex_LC_primers.log",
            "avg-qual-score": 10,
            "force": false,
            "no-left": true,
            "no-right": false,
            "notes": "",
            "qual-offset": 33,
            "uncompressed": false,
            "window-size": 10
        }
    },
    "Fragment": {
        "in": 597,
        "out": 597,
        "basepairs_in": 324772,
        "basepairs_out": 323435
    },
    "Single_end": {
        "in": 0,
        "out": 0,
        "basepairs_in": 0,
        "basepairs_out": 0,
        "rightTrim": 0,
        "leftTrim": 0
    },
    "Paired_end": {
        "in": 597,
        "out": 597,
        "Read1": {
            "basepairs_in": 158205,
            "basepairs_out": 157811,
            "leftTrim": 0,
            "rightTrim": 394
        },
        "Read2": {
            "basepairs_in": 166567,
            "basepairs_out": 165624,
            "leftTrim": 0,
            "rightTrim": 943
        }
    }
  }, {
    "Program_details": {
        "program": "hts_Overlapper",
        "version": "1.3.2",
        "options": {
            "append-stats-file": "/nmspipeline//01-Processing/TRIMMER0090_P79/01-PrimerTrim/24-SMARTindex_LC_primers.log",
            "check-lengths": 20,
            "force": false,
            "force-pairs": false,
            "kmer": 8,
            "kmer-offset": 1,
            "max-mismatch": 100,
            "max-mismatch-errorDensity": 0.25,
            "min-overlap": 8,
            "notes": "",
            "number-of-threads": 1,
            "uncompressed": false
        }
    },
    "Fragment": {
        "in": 597,
        "out": 597,
        "basepairs_in": 323435,
        "basepairs_out": 248101,
        "inserts": {
            "short": 40,
            "medium": 509,
            "long": 48
        },
        "overlap_histogram": [ [15,2], [26,1], [31,1], [32,1], [43,1], [45,1], [55,1], [64,2], [74,1], [75,1], [80,1], [87,1], [94,1], [96,1], [117,1], [121,1], [124,1], [125,2], [130,1], [132,1], [133,1], [138,1], [149,2], [156,1], [162,1], [164,1], [172,1], [213,2], [219,1], [228,1], [237,1], [247,1], [261,1], [264,1], [269,1], [307,1], [323,2], [326,1], [327,1], [328,1], [347,1], [394,1], [397,1], [398,5], [399,5], [400,1], [402,1], [403,9], [409,1], [410,1], [411,1], [413,2], [414,2], [416,1], [418,22], [419,1], [420,4], [421,11], [422,57], [423,9], [424,13], [425,77], [426,93], [427,51], [428,4], [429,1], [430,1], [436,1], [438,1], [439,3], [440,27], [441,8], [442,5], [443,11], [444,61], [445,8], [450,1], [472,1] ]
    },
    "Single_end": {
        "in": 0,
        "out": 549,
        "basepairs_in": 0,
        "basepairs_out": 222168
    },
    "Paired_end": {
        "in": 597,
        "out": 48,
        "Read1": {
            "basepairs_in": 157811,
            "basepairs_out": 12667
        },
        "Read2": {
            "basepairs_in": 165624,
            "basepairs_out": 13266
        }
    }
  }, {
    "Program_details": {
        "program": "hts_LengthFilter",
        "version": "1.3.2",
        "options": {
            "append-stats-file": "/nmspipeline//01-Processing/TRIMMER0090_P79/01-PrimerTrim/24-SMARTindex_LC_primers.log",
            "fastq-output": "/nmspipeline//01-Processing/TRIMMER0090_P79/01-PrimerTrim/24-SMARTindex_LC_primers",
            "force": true,
            "max-length": 0,
            "min-length": 385,
            "no-orphans": false,
            "notes": "",
            "stranded": false,
            "uncompressed": false
        }
    },
    "Fragment": {
        "in": 597,
        "out": 502,
        "basepairs_in": 248101,
        "basepairs_out": 214743
    },
    "Single_end": {
        "in": 549,
        "out": 502,
        "basepairs_in": 222168,
        "basepairs_out": 214743,
        "discarded": 47
    },
    "Paired_end": {
        "in": 48,
        "out": 0,
        "discarded": 48,
        "Read1": {
            "basepairs_in": 12667,
            "basepairs_out": 0,
            "discarded": 0
        },
        "Read2": {
            "basepairs_in": 13266,
            "basepairs_out": 0,
            "discarded": 0
        }
    }
  }
]
