[ {
    "Program_details": {
        "program": "hts_Primers",
        "version": "1.3.2",
        "options": {
            "flip": true,
            "float": 0,
            "force": false,
            "keep": false,
            "min_primer_matches": 2,
            "notes": "",
            "primer_end_mismatches": 0,
            "primer_mismatches": 0,
            "primers_3p": "../lc_primers.fasta",
            "primers_5p": "TTTATGCAGTGGTATCAACGCAGAGTACATGGGG",
            "read1-input": [ "/nmspipeline//01-Processing/TRIMMER0090_P79/00-RawData/TRIMMER_Plate79_S1_L001_R1_001_sub.fastq.gz"],
            "read2-input": [ "/nmspipeline//01-Processing/TRIMMER0090_P79/00-RawData/TRIMMER_Plate79_S1_L001_R2_001_sub.fastq.gz"],
            "stats-file": "/nmspipeline//01-Processing/TRIMMER0090_P79/01-PrimerTrim/25-SMARTindex_LC_primers.log",
            "uncompressed": false
        },
        "primers": [ ["p5primer1","TTTATGCAGTGGTATCAACGCAGAGTACATGGGG"], ["KaLC.6_REV_LC","GGATACAGTTGGTGCAGCATC"], ["LaLC.R-mIGL","ATCGTACACACCAGTGTGGC"], ["p5primer1","TTTATGCAGTGGTATCAACGCAGAGTACATGGGG"], ["KaLC.6_REV_LC","GGATACAGTTGGTGCAGCATC"], ["LaLC.R-mIGL","ATCGTACACACCAGTGTGGC"] ]
    },
    "Fragment": {
        "in": 100000,
        "out": 396,
        "basepairs_in": 60000000,
        "basepairs_out": 215820,
        "flipped": 168,
        "primers_counts": [ ["p5primer1","None",212], ["p5primer1","KaLC.6_REV_LC",396], ["None","None",40162], ["None","KaLC.6_REV_LC",56384], ["None","LaLC.R-mIGL",2846] ]
    },
    "Single_end": {
        "in": 0,
        "out": 0,
        "basepairs_in": 0,
        "basepairs_out": 0,
        "primerTrim": 0,
        "primerBpTrim": 0,
        "discarded": 0
    },
    "Paired_end": {
        "in": 100000,
        "out": 396,
        "discarded": 99604,
        "Read1": {
            "basepairs_in": 30000000,
            "basepairs_out": 105336,
            "primerTrim": 396,
            "primerBpTrim": 13464
        },
        "Read2": {
            "basepairs_in": 30000000,
            "basepairs_out": 110484,
            "primerTrim": 396,
            "primerBpTrim": 8316
        }
    }
  }, {
    "Program_details": {
        "program": "hts_NTrimmer",
        "version": "1.3.2",
        "options": {
            "append-stats-file": "/nmspipeline//01-Processing/TRIMMER0090_P79/01-PrimerTrim/25-SMARTindex_LC_primers.log",
            "exclude": true,
            "force": false,
            "notes": "",
            "uncompressed": false
        }
    },
    "Fragment": {
        "in": 396,
        "out": 396,
        "basepairs_in": 215820,
        "basepairs_out": 215820
    },
    "Single_end": {
        "in": 0,
        "out": 0,
        "basepairs_in": 0,
        "basepairs_out": 0,
        "rightTrim": 0,
        "leftTrim": 0,
        "discarded": 0
    },
    "Paired_end": {
        "in": 396,
        "out": 396,
        "discarded": 0,
        "Read1": {
            "basepairs_in": 105336,
            "basepairs_out": 105336,
            "leftTrim": 0,
            "rightTrim": 0
        },
        "Read2": {
            "basepairs_in": 110484,
            "basepairs_out": 110484,
            "leftTrim": 0,
            "rightTrim": 0
        }
    }
  }, {
    "Program_details": {
        "program": "hts_SeqScreener",
        "version": "1.3.2",
        "options": {
            "append-stats-file": "/nmspipeline//01-Processing/TRIMMER0090_P79/01-PrimerTrim/25-SMARTindex_LC_primers.log",
            "check-read-2": true,
            "force": false,
            "inverse": false,
            "kmer": 21,
            "notes": "",
            "percentage-hits": 0.01,
            "record": true,
            "seq": "../aberrant_LC.fasta",
            "uncompressed": false
        },
        "screen_info": {
            "screenBP": 96,
            "lookupKmers": 8
        }
    },
    "Fragment": {
        "in": 396,
        "out": 396,
        "basepairs_in": 215820,
        "basepairs_out": 215820
    },
    "Single_end": {
        "in": 0,
        "out": 0,
        "basepairs_in": 0,
        "basepairs_out": 0,
        "hits": 0
    },
    "Paired_end": {
        "in": 396,
        "out": 396,
        "hits": 163,
        "Read1": {
            "basepairs_in": 105336,
            "basepairs_out": 105336
        },
        "Read2": {
            "basepairs_in": 110484,
            "basepairs_out": 110484
        }
    }
  }, {
    "Program_details": {
        "program": "hts_QWindowTrim",
        "version": "1.3.2",
        "options": {
            "append-stats-file": "/nmspipeline//01-Processing/TRIMMER0090_P79/01-PrimerTrim/25-SMARTindex_LC_primers.log",
            "avg-qual-score": 10,
            "force": false,
            "no-left": true,
            "no-right": false,
            "notes": "",
            "qual-offset": 33,
            "uncompressed": false,
            "window-size": 10
        }
    },
    "Fragment": {
        "in": 396,
        "out": 396,
        "basepairs_in": 215820,
        "basepairs_out": 214997
    },
    "Single_end": {
        "in": 0,
        "out": 0,
        "basepairs_in": 0,
        "basepairs_out": 0,
        "rightTrim": 0,
        "leftTrim": 0
    },
    "Paired_end": {
        "in": 396,
        "out": 396,
        "Read1": {
            "basepairs_in": 105336,
            "basepairs_out": 105081,
            "leftTrim": 0,
            "rightTrim": 255
        },
        "Read2": {
            "basepairs_in": 110484,
            "basepairs_out": 109916,
            "leftTrim": 0,
            "rightTrim": 568
        }
    }
  }, {
    "Program_details": {
        "program": "hts_Overlapper",
        "version": "1.3.2",
        "options": {
            "append-stats-file": "/nmspipeline//01-Processing/TRIMMER0090_P79/01-PrimerTrim/25-SMARTindex_LC_primers.log",
            "check-lengths": 20,
            "force": false,
            "force-pairs": false,
            "kmer": 8,
            "kmer-offset": 1,
            "max-mismatch": 100,
            "max-mismatch-errorDensity": 0.25,
            "min-overlap": 8,
            "notes": "",
            "number-of-threads": 1,
            "uncompressed": false
        }
    },
    "Fragment": {
        "in": 396,
        "out": 396,
        "basepairs_in": 214997,
        "basepairs_out": 166515,
        "inserts": {
            "short": 20,
            "medium": 343,
            "long": 33
        },
        "overlap_histogram": [ [15,2], [36,1], [42,1], [52,2], [101,1], [125,1], [127,1], [140,1], [141,1], [149,1], [153,1], [154,1], [158,1], [181,1], [219,1], [246,1], [263,1], [264,1], [287,1], [327,1], [335,2], [344,1], [386,1], [387,1], [389,1], [393,1], [398,3], [399,11], [400,1], [403,1], [405,1], [407,1], [411,1], [412,1], [415,1], [416,1], [417,1], [418,52], [419,7], [420,4], [421,10], [422,21], [423,16], [424,4], [425,1], [428,4], [429,2], [430,1], [432,100], [433,12], [434,9], [435,35], [436,4], [437,1], [440,13], [442,1], [444,3], [445,1], [449,2], [454,1], [455,1], [456,1], [460,1], [463,1], [464,1], [472,1], [507,1] ]
    },
    "Single_end": {
        "in": 0,
        "out": 363,
        "basepairs_in": 0,
        "basepairs_out": 148671
    },
    "Paired_end": {
        "in": 396,
        "out": 33,
        "Read1": {
            "basepairs_in": 105081,
            "basepairs_out": 8705
        },
        "Read2": {
            "basepairs_in": 109916,
            "basepairs_out": 9139
        }
    }
  }, {
    "Program_details": {
        "program": "hts_LengthFilter",
        "version": "1.3.2",
        "options": {
            "append-stats-file": "/nmspipeline//01-Processing/TRIMMER0090_P79/01-PrimerTrim/25-SMARTindex_LC_primers.log",
            "fastq-output": "/nmspipeline//01-Processing/TRIMMER0090_P79/01-PrimerTrim/25-SMARTindex_LC_primers",
            "force": true,
            "max-length": 0,
            "min-length": 385,
            "no-orphans": false,
            "notes": "",
            "stranded": false,
            "uncompressed": false
        }
    },
    "Fragment": {
        "in": 396,
        "out": 338,
        "basepairs_in": 166515,
        "basepairs_out": 144410
    },
    "Single_end": {
        "in": 363,
        "out": 338,
        "basepairs_in": 148671,
        "basepairs_out": 144410,
        "discarded": 25
    },
    "Paired_end": {
        "in": 33,
        "out": 0,
        "discarded": 33,
        "Read1": {
            "basepairs_in": 8705,
            "basepairs_out": 0,
            "discarded": 0
        },
        "Read2": {
            "basepairs_in": 9139,
            "basepairs_out": 0,
            "discarded": 0
        }
    }
  }
]
