[ {
    "Program_details": {
        "program": "hts_Primers",
        "version": "1.3.2",
        "options": {
            "flip": true,
            "float": 0,
            "force": false,
            "keep": false,
            "min_primer_matches": 2,
            "notes": "",
            "primer_end_mismatches": 0,
            "primer_mismatches": 0,
            "primers_3p": "../hc_primers.fasta",
            "primers_5p": "TTTATGCAGTGGTATCAACGCAGAGTACATGGGG",
            "read1-input": [ "/nmspipeline//01-Processing/TRIMMER0090_P79/00-RawData/TRIMMER_Plate79_S1_L001_R1_001_sub.fastq.gz"],
            "read2-input": [ "/nmspipeline//01-Processing/TRIMMER0090_P79/00-RawData/TRIMMER_Plate79_S1_L001_R2_001_sub.fastq.gz"],
            "stats-file": "/nmspipeline//01-Processing/TRIMMER0090_P79/01-PrimerTrim/25-SMARTindex_HC_primers.log",
            "uncompressed": false
        },
        "primers": [ ["p5primer1","TTTATGCAGTGGTATCAACGCAGAGTACATGGGG"], ["Ga3.10for_mIGH3","GGATAGACAGATGGGGCTGTTGTTGT"], ["Ga12HC.10_REV_CHI","ATAGACAGATGGGGGTGTCGTTTTGG"], ["p5primer1","TTTATGCAGTGGTATCAACGCAGAGTACATGGGG"], ["Ga3.10for_mIGH3","GGATAGACAGATGGGGCTGTTGTTGT"], ["Ga12HC.10_REV_CHI","ATAGACAGATGGGGGTGTCGTTTTGG"] ]
    },
    "Fragment": {
        "in": 100000,
        "out": 118,
        "basepairs_in": 60000000,
        "basepairs_out": 63720,
        "flipped": 54,
        "primers_counts": [ ["p5primer1","Ga12HC.10_REV_CHI",118], ["p5primer1","None",490], ["None","Ga3.10for_mIGH3",573], ["None","Ga12HC.10_REV_CHI",25682], ["None","None",73137] ]
    },
    "Single_end": {
        "in": 0,
        "out": 0,
        "basepairs_in": 0,
        "basepairs_out": 0,
        "primerTrim": 0,
        "primerBpTrim": 0,
        "discarded": 0
    },
    "Paired_end": {
        "in": 100000,
        "out": 118,
        "discarded": 99882,
        "Read1": {
            "basepairs_in": 30000000,
            "basepairs_out": 31388,
            "primerTrim": 118,
            "primerBpTrim": 4012
        },
        "Read2": {
            "basepairs_in": 30000000,
            "basepairs_out": 32332,
            "primerTrim": 118,
            "primerBpTrim": 3068
        }
    }
  }, {
    "Program_details": {
        "program": "hts_NTrimmer",
        "version": "1.3.2",
        "options": {
            "append-stats-file": "/nmspipeline//01-Processing/TRIMMER0090_P79/01-PrimerTrim/25-SMARTindex_HC_primers.log",
            "exclude": true,
            "force": false,
            "notes": "",
            "uncompressed": false
        }
    },
    "Fragment": {
        "in": 118,
        "out": 118,
        "basepairs_in": 63720,
        "basepairs_out": 63720
    },
    "Single_end": {
        "in": 0,
        "out": 0,
        "basepairs_in": 0,
        "basepairs_out": 0,
        "rightTrim": 0,
        "leftTrim": 0,
        "discarded": 0
    },
    "Paired_end": {
        "in": 118,
        "out": 118,
        "discarded": 0,
        "Read1": {
            "basepairs_in": 31388,
            "basepairs_out": 31388,
            "leftTrim": 0,
            "rightTrim": 0
        },
        "Read2": {
            "basepairs_in": 32332,
            "basepairs_out": 32332,
            "leftTrim": 0,
            "rightTrim": 0
        }
    }
  }, {
    "Program_details": {
        "program": "hts_SeqScreener",
        "version": "1.3.2",
        "options": {
            "append-stats-file": "/nmspipeline//01-Processing/TRIMMER0090_P79/01-PrimerTrim/25-SMARTindex_HC_primers.log",
            "check-read-2": true,
            "force": false,
            "inverse": false,
            "kmer": 21,
            "notes": "",
            "percentage-hits": 0.01,
            "record": true,
            "seq": "../aberrant_LC.fasta",
            "uncompressed": false
        },
        "screen_info": {
            "screenBP": 96,
            "lookupKmers": 8
        }
    },
    "Fragment": {
        "in": 118,
        "out": 118,
        "basepairs_in": 63720,
        "basepairs_out": 63720
    },
    "Single_end": {
        "in": 0,
        "out": 0,
        "basepairs_in": 0,
        "basepairs_out": 0,
        "hits": 0
    },
    "Paired_end": {
        "in": 118,
        "out": 118,
        "hits": 0,
        "Read1": {
            "basepairs_in": 31388,
            "basepairs_out": 31388
        },
        "Read2": {
            "basepairs_in": 32332,
            "basepairs_out": 32332
        }
    }
  }, {
    "Program_details": {
        "program": "hts_QWindowTrim",
        "version": "1.3.2",
        "options": {
            "append-stats-file": "/nmspipeline//01-Processing/TRIMMER0090_P79/01-PrimerTrim/25-SMARTindex_HC_primers.log",
            "avg-qual-score": 10,
            "force": false,
            "no-left": true,
            "no-right": false,
            "notes": "",
            "qual-offset": 33,
            "uncompressed": false,
            "window-size": 10
        }
    },
    "Fragment": {
        "in": 118,
        "out": 118,
        "basepairs_in": 63720,
        "basepairs_out": 63468
    },
    "Single_end": {
        "in": 0,
        "out": 0,
        "basepairs_in": 0,
        "basepairs_out": 0,
        "rightTrim": 0,
        "leftTrim": 0
    },
    "Paired_end": {
        "in": 118,
        "out": 118,
        "Read1": {
            "basepairs_in": 31388,
            "basepairs_out": 31274,
            "leftTrim": 0,
            "rightTrim": 114
        },
        "Read2": {
            "basepairs_in": 32332,
            "basepairs_out": 32194,
            "leftTrim": 0,
            "rightTrim": 138
        }
    }
  }, {
    "Program_details": {
        "program": "hts_Overlapper",
        "version": "1.3.2",
        "options": {
            "append-stats-file": "/nmspipeline//01-Processing/TRIMMER0090_P79/01-PrimerTrim/25-SMARTindex_HC_primers.log",
            "check-lengths": 20,
            "force": false,
            "force-pairs": false,
            "kmer": 8,
            "kmer-offset": 1,
            "max-mismatch": 100,
            "max-mismatch-errorDensity": 0.25,
            "min-overlap": 8,
            "notes": "",
            "number-of-threads": 1,
            "uncompressed": false
        }
    },
    "Fragment": {
        "in": 118,
        "out": 118,
        "basepairs_in": 63468,
        "basepairs_out": 53037,
        "inserts": {
            "short": 7,
            "medium": 101,
            "long": 10
        },
        "overlap_histogram": [ [12,1], [41,1], [73,1], [76,1], [121,1], [253,1], [263,1], [387,1], [425,1], [436,2], [437,7], [438,4], [444,1], [446,2], [450,1], [458,1], [460,1], [464,3], [466,20], [467,7], [468,11], [469,7], [470,6], [471,7], [472,7], [473,7], [474,3], [519,1], [530,1] ]
    },
    "Single_end": {
        "in": 0,
        "out": 108,
        "basepairs_in": 0,
        "basepairs_out": 47653
    },
    "Paired_end": {
        "in": 118,
        "out": 10,
        "Read1": {
            "basepairs_in": 31274,
            "basepairs_out": 2649
        },
        "Read2": {
            "basepairs_in": 32194,
            "basepairs_out": 2735
        }
    }
  }, {
    "Program_details": {
        "program": "hts_LengthFilter",
        "version": "1.3.2",
        "options": {
            "append-stats-file": "/nmspipeline//01-Processing/TRIMMER0090_P79/01-PrimerTrim/25-SMARTindex_HC_primers.log",
            "fastq-output": "/nmspipeline//01-Processing/TRIMMER0090_P79/01-PrimerTrim/25-SMARTindex_HC_primers",
            "force": true,
            "max-length": 0,
            "min-length": 385,
            "no-orphans": false,
            "notes": "",
            "stranded": false,
            "uncompressed": false
        }
    },
    "Fragment": {
        "in": 118,
        "out": 101,
        "basepairs_in": 53037,
        "basepairs_out": 46814
    },
    "Single_end": {
        "in": 108,
        "out": 101,
        "basepairs_in": 47653,
        "basepairs_out": 46814,
        "discarded": 7
    },
    "Paired_end": {
        "in": 10,
        "out": 0,
        "discarded": 10,
        "Read1": {
            "basepairs_in": 2649,
            "basepairs_out": 0,
            "discarded": 0
        },
        "Read2": {
            "basepairs_in": 2735,
            "basepairs_out": 0,
            "discarded": 0
        }
    }
  }
]
