[ {
    "Program_details": {
        "program": "hts_Primers",
        "version": "1.3.2",
        "options": {
            "flip": true,
            "float": 0,
            "force": false,
            "keep": false,
            "min_primer_matches": 2,
            "notes": "",
            "primer_end_mismatches": 0,
            "primer_mismatches": 0,
            "primers_3p": "../lc_primers.fasta",
            "primers_5p": "AACGCCCAGTGGTATCAACGCAGAGTACATGGGG",
            "read1-input": [ "/nmspipeline//01-Processing/TRIMMER0090_P79/00-RawData/TRIMMER_Plate79_S1_L001_R1_001_sub.fastq.gz"],
            "read2-input": [ "/nmspipeline//01-Processing/TRIMMER0090_P79/00-RawData/TRIMMER_Plate79_S1_L001_R2_001_sub.fastq.gz"],
            "stats-file": "/nmspipeline//01-Processing/TRIMMER0090_P79/01-PrimerTrim/26-SMARTindex_LC_primers.log",
            "uncompressed": false
        },
        "primers": [ ["p5primer1","AACGCCCAGTGGTATCAACGCAGAGTACATGGGG"], ["KaLC.6_REV_LC","GGATACAGTTGGTGCAGCATC"], ["LaLC.R-mIGL","ATCGTACACACCAGTGTGGC"], ["p5primer1","AACGCCCAGTGGTATCAACGCAGAGTACATGGGG"], ["KaLC.6_REV_LC","GGATACAGTTGGTGCAGCATC"], ["LaLC.R-mIGL","ATCGTACACACCAGTGTGGC"] ]
    },
    "Fragment": {
        "in": 100000,
        "out": 176,
        "basepairs_in": 60000000,
        "basepairs_out": 95925,
        "flipped": 83,
        "primers_counts": [ ["p5primer1","LaLC.R-mIGL",5], ["p5primer1","None",47], ["p5primer1","KaLC.6_REV_LC",171], ["None","None",40327], ["None","KaLC.6_REV_LC",56609], ["None","LaLC.R-mIGL",2841] ]
    },
    "Single_end": {
        "in": 0,
        "out": 0,
        "basepairs_in": 0,
        "basepairs_out": 0,
        "primerTrim": 0,
        "primerBpTrim": 0,
        "discarded": 0
    },
    "Paired_end": {
        "in": 100000,
        "out": 176,
        "discarded": 99824,
        "Read1": {
            "basepairs_in": 30000000,
            "basepairs_out": 46816,
            "primerTrim": 176,
            "primerBpTrim": 5984
        },
        "Read2": {
            "basepairs_in": 30000000,
            "basepairs_out": 49109,
            "primerTrim": 176,
            "primerBpTrim": 3691
        }
    }
  }, {
    "Program_details": {
        "program": "hts_NTrimmer",
        "version": "1.3.2",
        "options": {
            "append-stats-file": "/nmspipeline//01-Processing/TRIMMER0090_P79/01-PrimerTrim/26-SMARTindex_LC_primers.log",
            "exclude": true,
            "force": false,
            "notes": "",
            "uncompressed": false
        }
    },
    "Fragment": {
        "in": 176,
        "out": 176,
        "basepairs_in": 95925,
        "basepairs_out": 95925
    },
    "Single_end": {
        "in": 0,
        "out": 0,
        "basepairs_in": 0,
        "basepairs_out": 0,
        "rightTrim": 0,
        "leftTrim": 0,
        "discarded": 0
    },
    "Paired_end": {
        "in": 176,
        "out": 176,
        "discarded": 0,
        "Read1": {
            "basepairs_in": 46816,
            "basepairs_out": 46816,
            "leftTrim": 0,
            "rightTrim": 0
        },
        "Read2": {
            "basepairs_in": 49109,
            "basepairs_out": 49109,
            "leftTrim": 0,
            "rightTrim": 0
        }
    }
  }, {
    "Program_details": {
        "program": "hts_SeqScreener",
        "version": "1.3.2",
        "options": {
            "append-stats-file": "/nmspipeline//01-Processing/TRIMMER0090_P79/01-PrimerTrim/26-SMARTindex_LC_primers.log",
            "check-read-2": true,
            "force": false,
            "inverse": false,
            "kmer": 21,
            "notes": "",
            "percentage-hits": 0.01,
            "record": true,
            "seq": "../aberrant_LC.fasta",
            "uncompressed": false
        },
        "screen_info": {
            "screenBP": 96,
            "lookupKmers": 8
        }
    },
    "Fragment": {
        "in": 176,
        "out": 176,
        "basepairs_in": 95925,
        "basepairs_out": 95925
    },
    "Single_end": {
        "in": 0,
        "out": 0,
        "basepairs_in": 0,
        "basepairs_out": 0,
        "hits": 0
    },
    "Paired_end": {
        "in": 176,
        "out": 176,
        "hits": 51,
        "Read1": {
            "basepairs_in": 46816,
            "basepairs_out": 46816
        },
        "Read2": {
            "basepairs_in": 49109,
            "basepairs_out": 49109
        }
    }
  }, {
    "Program_details": {
        "program": "hts_QWindowTrim",
        "version": "1.3.2",
        "options": {
            "append-stats-file": "/nmspipeline//01-Processing/TRIMMER0090_P79/01-PrimerTrim/26-SMARTindex_LC_primers.log",
            "avg-qual-score": 10,
            "force": false,
            "no-left": true,
            "no-right": false,
            "notes": "",
            "qual-offset": 33,
            "uncompressed": false,
            "window-size": 10
        }
    },
    "Fragment": {
        "in": 176,
        "out": 176,
        "basepairs_in": 95925,
        "basepairs_out": 95480
    },
    "Single_end": {
        "in": 0,
        "out": 0,
        "basepairs_in": 0,
        "basepairs_out": 0,
        "rightTrim": 0,
        "leftTrim": 0
    },
    "Paired_end": {
        "in": 176,
        "out": 176,
        "Read1": {
            "basepairs_in": 46816,
            "basepairs_out": 46623,
            "leftTrim": 0,
            "rightTrim": 193
        },
        "Read2": {
            "basepairs_in": 49109,
            "basepairs_out": 48857,
            "leftTrim": 0,
            "rightTrim": 252
        }
    }
  }, {
    "Program_details": {
        "program": "hts_Overlapper",
        "version": "1.3.2",
        "options": {
            "append-stats-file": "/nmspipeline//01-Processing/TRIMMER0090_P79/01-PrimerTrim/26-SMARTindex_LC_primers.log",
            "check-lengths": 20,
            "force": false,
            "force-pairs": false,
            "kmer": 8,
            "kmer-offset": 1,
            "max-mismatch": 100,
            "max-mismatch-errorDensity": 0.25,
            "min-overlap": 8,
            "notes": "",
            "number-of-threads": 1,
            "uncompressed": false
        }
    },
    "Fragment": {
        "in": 176,
        "out": 176,
        "basepairs_in": 95480,
        "basepairs_out": 66577,
        "inserts": {
            "short": 28,
            "medium": 138,
            "long": 10
        },
        "overlap_histogram": [ [32,1], [47,1], [51,1], [67,2], [68,1], [72,1], [91,1], [95,1], [111,1], [123,1], [133,1], [141,3], [147,1], [151,1], [158,1], [164,1], [189,1], [209,1], [219,1], [220,1], [224,1], [233,1], [240,1], [264,1], [265,1], [282,1], [285,2], [297,1], [321,1], [323,2], [378,1], [391,1], [398,1], [399,5], [400,1], [402,1], [403,15], [414,3], [418,19], [421,1], [422,38], [423,7], [424,1], [425,5], [426,8], [427,12], [436,1], [440,3], [444,6], [445,1], [446,1] ]
    },
    "Single_end": {
        "in": 0,
        "out": 166,
        "basepairs_in": 0,
        "basepairs_out": 61182
    },
    "Paired_end": {
        "in": 176,
        "out": 10,
        "Read1": {
            "basepairs_in": 46623,
            "basepairs_out": 2627
        },
        "Read2": {
            "basepairs_in": 48857,
            "basepairs_out": 2768
        }
    }
  }, {
    "Program_details": {
        "program": "hts_LengthFilter",
        "version": "1.3.2",
        "options": {
            "append-stats-file": "/nmspipeline//01-Processing/TRIMMER0090_P79/01-PrimerTrim/26-SMARTindex_LC_primers.log",
            "fastq-output": "/nmspipeline//01-Processing/TRIMMER0090_P79/01-PrimerTrim/26-SMARTindex_LC_primers",
            "force": true,
            "max-length": 0,
            "min-length": 385,
            "no-orphans": false,
            "notes": "",
            "stranded": false,
            "uncompressed": false
        }
    },
    "Fragment": {
        "in": 176,
        "out": 130,
        "basepairs_in": 66577,
        "basepairs_out": 54625
    },
    "Single_end": {
        "in": 166,
        "out": 130,
        "basepairs_in": 61182,
        "basepairs_out": 54625,
        "discarded": 36
    },
    "Paired_end": {
        "in": 10,
        "out": 0,
        "discarded": 10,
        "Read1": {
            "basepairs_in": 2627,
            "basepairs_out": 0,
            "discarded": 0
        },
        "Read2": {
            "basepairs_in": 2768,
            "basepairs_out": 0,
            "discarded": 0
        }
    }
  }
]
