[ {
    "Program_details": {
        "program": "hts_Primers",
        "version": "1.3.2",
        "options": {
            "flip": true,
            "float": 0,
            "force": false,
            "keep": false,
            "min_primer_matches": 2,
            "notes": "",
            "primer_end_mismatches": 0,
            "primer_mismatches": 0,
            "primers_3p": "../hc_primers.fasta",
            "primers_5p": "AACGCCCAGTGGTATCAACGCAGAGTACATGGGG",
            "read1-input": [ "/nmspipeline/01-Processing/TRIMMER0090_P79/00-RawData/TRIMMER_Plate79_S1_L001_R1_001_sub.fastq.gz"],
            "read2-input": [ "/nmspipeline/01-Processing/TRIMMER0090_P79/00-RawData/TRIMMER_Plate79_S1_L001_R2_001_sub.fastq.gz"],
            "stats-file": "/nmspipeline/01-Processing/TRIMMER0090_P79/01-PrimerTrim/26-SMARTindex_HC_primers.log",
            "uncompressed": false
        },
        "primers": [ ["p5primer1","AACGCCCAGTGGTATCAACGCAGAGTACATGGGG"], ["Ga3.10for_mIGH3","GGATAGACAGATGGGGCTGTTGTTGT"], ["Ga12HC.10_REV_CHI","ATAGACAGATGGGGGTGTCGTTTTGG"], ["p5primer1","AACGCCCAGTGGTATCAACGCAGAGTACATGGGG"], ["Ga3.10for_mIGH3","GGATAGACAGATGGGGCTGTTGTTGT"], ["Ga12HC.10_REV_CHI","ATAGACAGATGGGGGTGTCGTTTTGG"] ]
    },
    "Fragment": {
        "in": 100000,
        "out": 4,
        "basepairs_in": 60000000,
        "basepairs_out": 2160,
        "flipped": 1,
        "primers_counts": [ ["p5primer1","Ga12HC.10_REV_CHI",4], ["p5primer1","None",219], ["None","Ga3.10for_mIGH3",573], ["None","Ga12HC.10_REV_CHI",25796], ["None","None",73408] ]
    },
    "Single_end": {
        "in": 0,
        "out": 0,
        "basepairs_in": 0,
        "basepairs_out": 0,
        "primerTrim": 0,
        "primerBpTrim": 0,
        "discarded": 0
    },
    "Paired_end": {
        "in": 100000,
        "out": 4,
        "discarded": 99996,
        "Read1": {
            "basepairs_in": 30000000,
            "basepairs_out": 1064,
            "primerTrim": 4,
            "primerBpTrim": 136
        },
        "Read2": {
            "basepairs_in": 30000000,
            "basepairs_out": 1096,
            "primerTrim": 4,
            "primerBpTrim": 104
        }
    }
  }, {
    "Program_details": {
        "program": "hts_NTrimmer",
        "version": "1.3.2",
        "options": {
            "append-stats-file": "/nmspipeline/01-Processing/TRIMMER0090_P79/01-PrimerTrim/26-SMARTindex_HC_primers.log",
            "exclude": true,
            "force": false,
            "notes": "",
            "uncompressed": false
        }
    },
    "Fragment": {
        "in": 4,
        "out": 4,
        "basepairs_in": 2160,
        "basepairs_out": 2160
    },
    "Single_end": {
        "in": 0,
        "out": 0,
        "basepairs_in": 0,
        "basepairs_out": 0,
        "rightTrim": 0,
        "leftTrim": 0,
        "discarded": 0
    },
    "Paired_end": {
        "in": 4,
        "out": 4,
        "discarded": 0,
        "Read1": {
            "basepairs_in": 1064,
            "basepairs_out": 1064,
            "leftTrim": 0,
            "rightTrim": 0
        },
        "Read2": {
            "basepairs_in": 1096,
            "basepairs_out": 1096,
            "leftTrim": 0,
            "rightTrim": 0
        }
    }
  }, {
    "Program_details": {
        "program": "hts_SeqScreener",
        "version": "1.3.2",
        "options": {
            "append-stats-file": "/nmspipeline/01-Processing/TRIMMER0090_P79/01-PrimerTrim/26-SMARTindex_HC_primers.log",
            "check-read-2": true,
            "force": false,
            "inverse": false,
            "kmer": 21,
            "notes": "",
            "percentage-hits": 0.01,
            "record": true,
            "seq": "../aberrant_LC.fasta",
            "uncompressed": false
        },
        "screen_info": {
            "screenBP": 96,
            "lookupKmers": 8
        }
    },
    "Fragment": {
        "in": 4,
        "out": 4,
        "basepairs_in": 2160,
        "basepairs_out": 2160
    },
    "Single_end": {
        "in": 0,
        "out": 0,
        "basepairs_in": 0,
        "basepairs_out": 0,
        "hits": 0
    },
    "Paired_end": {
        "in": 4,
        "out": 4,
        "hits": 0,
        "Read1": {
            "basepairs_in": 1064,
            "basepairs_out": 1064
        },
        "Read2": {
            "basepairs_in": 1096,
            "basepairs_out": 1096
        }
    }
  }, {
    "Program_details": {
        "program": "hts_QWindowTrim",
        "version": "1.3.2",
        "options": {
            "append-stats-file": "/nmspipeline/01-Processing/TRIMMER0090_P79/01-PrimerTrim/26-SMARTindex_HC_primers.log",
            "avg-qual-score": 10,
            "force": false,
            "no-left": true,
            "no-right": false,
            "notes": "",
            "qual-offset": 33,
            "uncompressed": false,
            "window-size": 10
        }
    },
    "Fragment": {
        "in": 4,
        "out": 4,
        "basepairs_in": 2160,
        "basepairs_out": 2094
    },
    "Single_end": {
        "in": 0,
        "out": 0,
        "basepairs_in": 0,
        "basepairs_out": 0,
        "rightTrim": 0,
        "leftTrim": 0
    },
    "Paired_end": {
        "in": 4,
        "out": 4,
        "Read1": {
            "basepairs_in": 1064,
            "basepairs_out": 1056,
            "leftTrim": 0,
            "rightTrim": 8
        },
        "Read2": {
            "basepairs_in": 1096,
            "basepairs_out": 1038,
            "leftTrim": 0,
            "rightTrim": 58
        }
    }
  }, {
    "Program_details": {
        "program": "hts_Overlapper",
        "version": "1.3.2",
        "options": {
            "append-stats-file": "/nmspipeline/01-Processing/TRIMMER0090_P79/01-PrimerTrim/26-SMARTindex_HC_primers.log",
            "check-lengths": 20,
            "force": false,
            "force-pairs": false,
            "kmer": 8,
            "kmer-offset": 1,
            "max-mismatch": 100,
            "max-mismatch-errorDensity": 0.25,
            "min-overlap": 8,
            "notes": "",
            "number-of-threads": 1,
            "uncompressed": false
        }
    },
    "Fragment": {
        "in": 4,
        "out": 4,
        "basepairs_in": 2094,
        "basepairs_out": 213,
        "inserts": {
            "short": 4,
            "medium": 0,
            "long": 0
        },
        "overlap_histogram": [ [28,1], [48,1], [51,1], [86,1] ]
    },
    "Single_end": {
        "in": 0,
        "out": 4,
        "basepairs_in": 0,
        "basepairs_out": 213
    },
    "Paired_end": {
        "in": 4,
        "out": 0,
        "Read1": {
            "basepairs_in": 1056,
            "basepairs_out": 0
        },
        "Read2": {
            "basepairs_in": 1038,
            "basepairs_out": 0
        }
    }
  }, {
    "Program_details": {
        "program": "hts_LengthFilter",
        "version": "1.3.2",
        "options": {
            "append-stats-file": "/nmspipeline/01-Processing/TRIMMER0090_P79/01-PrimerTrim/26-SMARTindex_HC_primers.log",
            "fastq-output": "/nmspipeline/01-Processing/TRIMMER0090_P79/01-PrimerTrim/26-SMARTindex_HC_primers",
            "force": true,
            "max-length": 0,
            "min-length": 385,
            "no-orphans": false,
            "notes": "",
            "stranded": false,
            "uncompressed": false
        }
    },
    "Fragment": {
        "in": 4,
        "out": 0,
        "basepairs_in": 213,
        "basepairs_out": 0
    },
    "Single_end": {
        "in": 4,
        "out": 0,
        "basepairs_in": 213,
        "basepairs_out": 0,
        "discarded": 4
    },
    "Paired_end": {
        "in": 0,
        "out": 0,
        "discarded": 0,
        "Read1": {
            "basepairs_in": 0,
            "basepairs_out": 0,
            "discarded": 0
        },
        "Read2": {
            "basepairs_in": 0,
            "basepairs_out": 0,
            "discarded": 0
        }
    }
  }
]
