[ {
    "Program_details": {
        "program": "hts_Primers",
        "version": "1.3.2",
        "options": {
            "flip": true,
            "float": 0,
            "force": false,
            "keep": false,
            "min_primer_matches": 2,
            "notes": "",
            "primer_end_mismatches": 0,
            "primer_mismatches": 0,
            "primers_3p": "../lc_primers.fasta",
            "primers_5p": "CAAGCACAGTGGTATCAACGCAGAGTACATGGGG",
            "read1-input": [ "/nmspipeline//01-Processing/TRIMMER0090_P79/00-RawData/TRIMMER_Plate79_S1_L001_R1_001_sub.fastq.gz"],
            "read2-input": [ "/nmspipeline//01-Processing/TRIMMER0090_P79/00-RawData/TRIMMER_Plate79_S1_L001_R2_001_sub.fastq.gz"],
            "stats-file": "/nmspipeline//01-Processing/TRIMMER0090_P79/01-PrimerTrim/27-SMARTindex_LC_primers.log",
            "uncompressed": false
        },
        "primers": [ ["p5primer1","CAAGCACAGTGGTATCAACGCAGAGTACATGGGG"], ["KaLC.6_REV_LC","GGATACAGTTGGTGCAGCATC"], ["LaLC.R-mIGL","ATCGTACACACCAGTGTGGC"], ["p5primer1","CAAGCACAGTGGTATCAACGCAGAGTACATGGGG"], ["KaLC.6_REV_LC","GGATACAGTTGGTGCAGCATC"], ["LaLC.R-mIGL","ATCGTACACACCAGTGTGGC"] ]
    },
    "Fragment": {
        "in": 100000,
        "out": 167,
        "basepairs_in": 60000000,
        "basepairs_out": 91018,
        "flipped": 71,
        "primers_counts": [ ["p5primer1","LaLC.R-mIGL",3], ["p5primer1","KaLC.6_REV_LC",164], ["p5primer1","None",160], ["None","None",40214], ["None","KaLC.6_REV_LC",56616], ["None","LaLC.R-mIGL",2843] ]
    },
    "Single_end": {
        "in": 0,
        "out": 0,
        "basepairs_in": 0,
        "basepairs_out": 0,
        "primerTrim": 0,
        "primerBpTrim": 0,
        "discarded": 0
    },
    "Paired_end": {
        "in": 100000,
        "out": 167,
        "discarded": 99833,
        "Read1": {
            "basepairs_in": 30000000,
            "basepairs_out": 44422,
            "primerTrim": 167,
            "primerBpTrim": 5678
        },
        "Read2": {
            "basepairs_in": 30000000,
            "basepairs_out": 46596,
            "primerTrim": 167,
            "primerBpTrim": 3504
        }
    }
  }, {
    "Program_details": {
        "program": "hts_NTrimmer",
        "version": "1.3.2",
        "options": {
            "append-stats-file": "/nmspipeline//01-Processing/TRIMMER0090_P79/01-PrimerTrim/27-SMARTindex_LC_primers.log",
            "exclude": true,
            "force": false,
            "notes": "",
            "uncompressed": false
        }
    },
    "Fragment": {
        "in": 167,
        "out": 167,
        "basepairs_in": 91018,
        "basepairs_out": 91018
    },
    "Single_end": {
        "in": 0,
        "out": 0,
        "basepairs_in": 0,
        "basepairs_out": 0,
        "rightTrim": 0,
        "leftTrim": 0,
        "discarded": 0
    },
    "Paired_end": {
        "in": 167,
        "out": 167,
        "discarded": 0,
        "Read1": {
            "basepairs_in": 44422,
            "basepairs_out": 44422,
            "leftTrim": 0,
            "rightTrim": 0
        },
        "Read2": {
            "basepairs_in": 46596,
            "basepairs_out": 46596,
            "leftTrim": 0,
            "rightTrim": 0
        }
    }
  }, {
    "Program_details": {
        "program": "hts_SeqScreener",
        "version": "1.3.2",
        "options": {
            "append-stats-file": "/nmspipeline//01-Processing/TRIMMER0090_P79/01-PrimerTrim/27-SMARTindex_LC_primers.log",
            "check-read-2": true,
            "force": false,
            "inverse": false,
            "kmer": 21,
            "notes": "",
            "percentage-hits": 0.01,
            "record": true,
            "seq": "../aberrant_LC.fasta",
            "uncompressed": false
        },
        "screen_info": {
            "screenBP": 96,
            "lookupKmers": 8
        }
    },
    "Fragment": {
        "in": 167,
        "out": 167,
        "basepairs_in": 91018,
        "basepairs_out": 91018
    },
    "Single_end": {
        "in": 0,
        "out": 0,
        "basepairs_in": 0,
        "basepairs_out": 0,
        "hits": 0
    },
    "Paired_end": {
        "in": 167,
        "out": 167,
        "hits": 29,
        "Read1": {
            "basepairs_in": 44422,
            "basepairs_out": 44422
        },
        "Read2": {
            "basepairs_in": 46596,
            "basepairs_out": 46596
        }
    }
  }, {
    "Program_details": {
        "program": "hts_QWindowTrim",
        "version": "1.3.2",
        "options": {
            "append-stats-file": "/nmspipeline//01-Processing/TRIMMER0090_P79/01-PrimerTrim/27-SMARTindex_LC_primers.log",
            "avg-qual-score": 10,
            "force": false,
            "no-left": true,
            "no-right": false,
            "notes": "",
            "qual-offset": 33,
            "uncompressed": false,
            "window-size": 10
        }
    },
    "Fragment": {
        "in": 167,
        "out": 167,
        "basepairs_in": 91018,
        "basepairs_out": 90837
    },
    "Single_end": {
        "in": 0,
        "out": 0,
        "basepairs_in": 0,
        "basepairs_out": 0,
        "rightTrim": 0,
        "leftTrim": 0
    },
    "Paired_end": {
        "in": 167,
        "out": 167,
        "Read1": {
            "basepairs_in": 44422,
            "basepairs_out": 44353,
            "leftTrim": 0,
            "rightTrim": 69
        },
        "Read2": {
            "basepairs_in": 46596,
            "basepairs_out": 46484,
            "leftTrim": 0,
            "rightTrim": 112
        }
    }
  }, {
    "Program_details": {
        "program": "hts_Overlapper",
        "version": "1.3.2",
        "options": {
            "append-stats-file": "/nmspipeline//01-Processing/TRIMMER0090_P79/01-PrimerTrim/27-SMARTindex_LC_primers.log",
            "check-lengths": 20,
            "force": false,
            "force-pairs": false,
            "kmer": 8,
            "kmer-offset": 1,
            "max-mismatch": 100,
            "max-mismatch-errorDensity": 0.25,
            "min-overlap": 8,
            "notes": "",
            "number-of-threads": 1,
            "uncompressed": false
        }
    },
    "Fragment": {
        "in": 167,
        "out": 167,
        "basepairs_in": 90837,
        "basepairs_out": 69061,
        "inserts": {
            "short": 8,
            "medium": 151,
            "long": 8
        },
        "overlap_histogram": [ [20,1], [89,1], [101,1], [218,1], [219,1], [263,2], [268,1], [280,1], [281,1], [290,1], [301,1], [331,1], [339,1], [344,2], [346,1], [397,1], [399,9], [404,3], [410,1], [412,8], [413,5], [418,7], [419,1], [423,4], [424,3], [427,2], [429,2], [430,51], [431,5], [432,25], [433,6], [434,1], [435,1], [436,2], [440,3], [441,2] ]
    },
    "Single_end": {
        "in": 0,
        "out": 159,
        "basepairs_in": 0,
        "basepairs_out": 64715
    },
    "Paired_end": {
        "in": 167,
        "out": 8,
        "Read1": {
            "basepairs_in": 44353,
            "basepairs_out": 2127
        },
        "Read2": {
            "basepairs_in": 46484,
            "basepairs_out": 2219
        }
    }
  }, {
    "Program_details": {
        "program": "hts_LengthFilter",
        "version": "1.3.2",
        "options": {
            "append-stats-file": "/nmspipeline//01-Processing/TRIMMER0090_P79/01-PrimerTrim/27-SMARTindex_LC_primers.log",
            "fastq-output": "/nmspipeline//01-Processing/TRIMMER0090_P79/01-PrimerTrim/27-SMARTindex_LC_primers",
            "force": true,
            "max-length": 0,
            "min-length": 385,
            "no-orphans": false,
            "notes": "",
            "stranded": false,
            "uncompressed": false
        }
    },
    "Fragment": {
        "in": 167,
        "out": 142,
        "basepairs_in": 69061,
        "basepairs_out": 60418
    },
    "Single_end": {
        "in": 159,
        "out": 142,
        "basepairs_in": 64715,
        "basepairs_out": 60418,
        "discarded": 17
    },
    "Paired_end": {
        "in": 8,
        "out": 0,
        "discarded": 8,
        "Read1": {
            "basepairs_in": 2127,
            "basepairs_out": 0,
            "discarded": 0
        },
        "Read2": {
            "basepairs_in": 2219,
            "basepairs_out": 0,
            "discarded": 0
        }
    }
  }
]
