[ {
    "Program_details": {
        "program": "hts_Primers",
        "version": "1.3.2",
        "options": {
            "flip": true,
            "float": 0,
            "force": false,
            "keep": false,
            "min_primer_matches": 2,
            "notes": "",
            "primer_end_mismatches": 0,
            "primer_mismatches": 0,
            "primers_3p": "../lc_primers.fasta",
            "primers_5p": "GCTCGACAGTGGTATCAACGCAGAGTACATGGGG",
            "read1-input": [ "/nmspipeline//01-Processing/TRIMMER0090_P79/00-RawData/TRIMMER_Plate79_S1_L001_R1_001_sub.fastq.gz"],
            "read2-input": [ "/nmspipeline//01-Processing/TRIMMER0090_P79/00-RawData/TRIMMER_Plate79_S1_L001_R2_001_sub.fastq.gz"],
            "stats-file": "/nmspipeline//01-Processing/TRIMMER0090_P79/01-PrimerTrim/28-SMARTindex_LC_primers.log",
            "uncompressed": false
        },
        "primers": [ ["p5primer1","GCTCGACAGTGGTATCAACGCAGAGTACATGGGG"], ["KaLC.6_REV_LC","GGATACAGTTGGTGCAGCATC"], ["LaLC.R-mIGL","ATCGTACACACCAGTGTGGC"], ["p5primer1","GCTCGACAGTGGTATCAACGCAGAGTACATGGGG"], ["KaLC.6_REV_LC","GGATACAGTTGGTGCAGCATC"], ["LaLC.R-mIGL","ATCGTACACACCAGTGTGGC"] ]
    },
    "Fragment": {
        "in": 100000,
        "out": 251,
        "basepairs_in": 60000000,
        "basepairs_out": 136798,
        "flipped": 98,
        "primers_counts": [ ["p5primer1","LaLC.R-mIGL",3], ["p5primer1","KaLC.6_REV_LC",248], ["p5primer1","None",233], ["None","None",40141], ["None","KaLC.6_REV_LC",56532], ["None","LaLC.R-mIGL",2843] ]
    },
    "Single_end": {
        "in": 0,
        "out": 0,
        "basepairs_in": 0,
        "basepairs_out": 0,
        "primerTrim": 0,
        "primerBpTrim": 0,
        "discarded": 0
    },
    "Paired_end": {
        "in": 100000,
        "out": 251,
        "discarded": 99749,
        "Read1": {
            "basepairs_in": 30000000,
            "basepairs_out": 66766,
            "primerTrim": 251,
            "primerBpTrim": 8534
        },
        "Read2": {
            "basepairs_in": 30000000,
            "basepairs_out": 70032,
            "primerTrim": 251,
            "primerBpTrim": 5268
        }
    }
  }, {
    "Program_details": {
        "program": "hts_NTrimmer",
        "version": "1.3.2",
        "options": {
            "append-stats-file": "/nmspipeline//01-Processing/TRIMMER0090_P79/01-PrimerTrim/28-SMARTindex_LC_primers.log",
            "exclude": true,
            "force": false,
            "notes": "",
            "uncompressed": false
        }
    },
    "Fragment": {
        "in": 251,
        "out": 251,
        "basepairs_in": 136798,
        "basepairs_out": 136798
    },
    "Single_end": {
        "in": 0,
        "out": 0,
        "basepairs_in": 0,
        "basepairs_out": 0,
        "rightTrim": 0,
        "leftTrim": 0,
        "discarded": 0
    },
    "Paired_end": {
        "in": 251,
        "out": 251,
        "discarded": 0,
        "Read1": {
            "basepairs_in": 66766,
            "basepairs_out": 66766,
            "leftTrim": 0,
            "rightTrim": 0
        },
        "Read2": {
            "basepairs_in": 70032,
            "basepairs_out": 70032,
            "leftTrim": 0,
            "rightTrim": 0
        }
    }
  }, {
    "Program_details": {
        "program": "hts_SeqScreener",
        "version": "1.3.2",
        "options": {
            "append-stats-file": "/nmspipeline//01-Processing/TRIMMER0090_P79/01-PrimerTrim/28-SMARTindex_LC_primers.log",
            "check-read-2": true,
            "force": false,
            "inverse": false,
            "kmer": 21,
            "notes": "",
            "percentage-hits": 0.01,
            "record": true,
            "seq": "../aberrant_LC.fasta",
            "uncompressed": false
        },
        "screen_info": {
            "screenBP": 96,
            "lookupKmers": 8
        }
    },
    "Fragment": {
        "in": 251,
        "out": 251,
        "basepairs_in": 136798,
        "basepairs_out": 136798
    },
    "Single_end": {
        "in": 0,
        "out": 0,
        "basepairs_in": 0,
        "basepairs_out": 0,
        "hits": 0
    },
    "Paired_end": {
        "in": 251,
        "out": 251,
        "hits": 136,
        "Read1": {
            "basepairs_in": 66766,
            "basepairs_out": 66766
        },
        "Read2": {
            "basepairs_in": 70032,
            "basepairs_out": 70032
        }
    }
  }, {
    "Program_details": {
        "program": "hts_QWindowTrim",
        "version": "1.3.2",
        "options": {
            "append-stats-file": "/nmspipeline//01-Processing/TRIMMER0090_P79/01-PrimerTrim/28-SMARTindex_LC_primers.log",
            "avg-qual-score": 10,
            "force": false,
            "no-left": true,
            "no-right": false,
            "notes": "",
            "qual-offset": 33,
            "uncompressed": false,
            "window-size": 10
        }
    },
    "Fragment": {
        "in": 251,
        "out": 251,
        "basepairs_in": 136798,
        "basepairs_out": 136267
    },
    "Single_end": {
        "in": 0,
        "out": 0,
        "basepairs_in": 0,
        "basepairs_out": 0,
        "rightTrim": 0,
        "leftTrim": 0
    },
    "Paired_end": {
        "in": 251,
        "out": 251,
        "Read1": {
            "basepairs_in": 66766,
            "basepairs_out": 66594,
            "leftTrim": 0,
            "rightTrim": 172
        },
        "Read2": {
            "basepairs_in": 70032,
            "basepairs_out": 69673,
            "leftTrim": 0,
            "rightTrim": 359
        }
    }
  }, {
    "Program_details": {
        "program": "hts_Overlapper",
        "version": "1.3.2",
        "options": {
            "append-stats-file": "/nmspipeline//01-Processing/TRIMMER0090_P79/01-PrimerTrim/28-SMARTindex_LC_primers.log",
            "check-lengths": 20,
            "force": false,
            "force-pairs": false,
            "kmer": 8,
            "kmer-offset": 1,
            "max-mismatch": 100,
            "max-mismatch-errorDensity": 0.25,
            "min-overlap": 8,
            "notes": "",
            "number-of-threads": 1,
            "uncompressed": false
        }
    },
    "Fragment": {
        "in": 251,
        "out": 251,
        "basepairs_in": 136267,
        "basepairs_out": 100933,
        "inserts": {
            "short": 23,
            "medium": 210,
            "long": 18
        },
        "overlap_histogram": [ [53,1], [77,1], [103,1], [110,1], [112,1], [113,1], [143,1], [164,1], [165,1], [176,1], [182,1], [185,1], [186,5], [187,1], [192,1], [205,1], [223,1], [258,1], [264,1], [281,1], [336,1], [346,2], [362,1], [385,1], [391,1], [394,1], [399,8], [401,1], [403,3], [406,1], [408,1], [412,11], [413,2], [415,8], [416,1], [417,1], [418,86], [419,12], [420,5], [421,6], [422,25], [423,16], [424,1], [427,1], [428,3], [429,1], [430,2], [431,1], [436,1], [440,3], [444,1], [458,1] ]
    },
    "Single_end": {
        "in": 0,
        "out": 233,
        "basepairs_in": 0,
        "basepairs_out": 91243
    },
    "Paired_end": {
        "in": 251,
        "out": 18,
        "Read1": {
            "basepairs_in": 66594,
            "basepairs_out": 4746
        },
        "Read2": {
            "basepairs_in": 69673,
            "basepairs_out": 4944
        }
    }
  }, {
    "Program_details": {
        "program": "hts_LengthFilter",
        "version": "1.3.2",
        "options": {
            "append-stats-file": "/nmspipeline//01-Processing/TRIMMER0090_P79/01-PrimerTrim/28-SMARTindex_LC_primers.log",
            "fastq-output": "/nmspipeline//01-Processing/TRIMMER0090_P79/01-PrimerTrim/28-SMARTindex_LC_primers",
            "force": true,
            "max-length": 0,
            "min-length": 385,
            "no-orphans": false,
            "notes": "",
            "stranded": false,
            "uncompressed": false
        }
    },
    "Fragment": {
        "in": 251,
        "out": 205,
        "basepairs_in": 100933,
        "basepairs_out": 85730
    },
    "Single_end": {
        "in": 233,
        "out": 205,
        "basepairs_in": 91243,
        "basepairs_out": 85730,
        "discarded": 28
    },
    "Paired_end": {
        "in": 18,
        "out": 0,
        "discarded": 18,
        "Read1": {
            "basepairs_in": 4746,
            "basepairs_out": 0,
            "discarded": 0
        },
        "Read2": {
            "basepairs_in": 4944,
            "basepairs_out": 0,
            "discarded": 0
        }
    }
  }
]
