[ {
    "Program_details": {
        "program": "hts_Primers",
        "version": "1.3.2",
        "options": {
            "flip": true,
            "float": 0,
            "force": false,
            "keep": false,
            "min_primer_matches": 2,
            "notes": "",
            "primer_end_mismatches": 0,
            "primer_mismatches": 0,
            "primers_3p": "../hc_primers.fasta",
            "primers_5p": "GCTCGACAGTGGTATCAACGCAGAGTACATGGGG",
            "read1-input": [ "/nmspipeline//01-Processing/TRIMMER0090_P79/00-RawData/TRIMMER_Plate79_S1_L001_R1_001_sub.fastq.gz"],
            "read2-input": [ "/nmspipeline//01-Processing/TRIMMER0090_P79/00-RawData/TRIMMER_Plate79_S1_L001_R2_001_sub.fastq.gz"],
            "stats-file": "/nmspipeline//01-Processing/TRIMMER0090_P79/01-PrimerTrim/28-SMARTindex_HC_primers.log",
            "uncompressed": false
        },
        "primers": [ ["p5primer1","GCTCGACAGTGGTATCAACGCAGAGTACATGGGG"], ["Ga3.10for_mIGH3","GGATAGACAGATGGGGCTGTTGTTGT"], ["Ga12HC.10_REV_CHI","ATAGACAGATGGGGGTGTCGTTTTGG"], ["p5primer1","GCTCGACAGTGGTATCAACGCAGAGTACATGGGG"], ["Ga3.10for_mIGH3","GGATAGACAGATGGGGCTGTTGTTGT"], ["Ga12HC.10_REV_CHI","ATAGACAGATGGGGGTGTCGTTTTGG"] ]
    },
    "Fragment": {
        "in": 100000,
        "out": 170,
        "basepairs_in": 60000000,
        "basepairs_out": 91800,
        "flipped": 79,
        "primers_counts": [ ["p5primer1","None",314], ["p5primer1","Ga12HC.10_REV_CHI",170], ["None","Ga3.10for_mIGH3",573], ["None","Ga12HC.10_REV_CHI",25630], ["None","None",73313] ]
    },
    "Single_end": {
        "in": 0,
        "out": 0,
        "basepairs_in": 0,
        "basepairs_out": 0,
        "primerTrim": 0,
        "primerBpTrim": 0,
        "discarded": 0
    },
    "Paired_end": {
        "in": 100000,
        "out": 170,
        "discarded": 99830,
        "Read1": {
            "basepairs_in": 30000000,
            "basepairs_out": 45220,
            "primerTrim": 170,
            "primerBpTrim": 5780
        },
        "Read2": {
            "basepairs_in": 30000000,
            "basepairs_out": 46580,
            "primerTrim": 170,
            "primerBpTrim": 4420
        }
    }
  }, {
    "Program_details": {
        "program": "hts_NTrimmer",
        "version": "1.3.2",
        "options": {
            "append-stats-file": "/nmspipeline//01-Processing/TRIMMER0090_P79/01-PrimerTrim/28-SMARTindex_HC_primers.log",
            "exclude": true,
            "force": false,
            "notes": "",
            "uncompressed": false
        }
    },
    "Fragment": {
        "in": 170,
        "out": 170,
        "basepairs_in": 91800,
        "basepairs_out": 91800
    },
    "Single_end": {
        "in": 0,
        "out": 0,
        "basepairs_in": 0,
        "basepairs_out": 0,
        "rightTrim": 0,
        "leftTrim": 0,
        "discarded": 0
    },
    "Paired_end": {
        "in": 170,
        "out": 170,
        "discarded": 0,
        "Read1": {
            "basepairs_in": 45220,
            "basepairs_out": 45220,
            "leftTrim": 0,
            "rightTrim": 0
        },
        "Read2": {
            "basepairs_in": 46580,
            "basepairs_out": 46580,
            "leftTrim": 0,
            "rightTrim": 0
        }
    }
  }, {
    "Program_details": {
        "program": "hts_SeqScreener",
        "version": "1.3.2",
        "options": {
            "append-stats-file": "/nmspipeline//01-Processing/TRIMMER0090_P79/01-PrimerTrim/28-SMARTindex_HC_primers.log",
            "check-read-2": true,
            "force": false,
            "inverse": false,
            "kmer": 21,
            "notes": "",
            "percentage-hits": 0.01,
            "record": true,
            "seq": "../aberrant_LC.fasta",
            "uncompressed": false
        },
        "screen_info": {
            "screenBP": 96,
            "lookupKmers": 8
        }
    },
    "Fragment": {
        "in": 170,
        "out": 170,
        "basepairs_in": 91800,
        "basepairs_out": 91800
    },
    "Single_end": {
        "in": 0,
        "out": 0,
        "basepairs_in": 0,
        "basepairs_out": 0,
        "hits": 0
    },
    "Paired_end": {
        "in": 170,
        "out": 170,
        "hits": 0,
        "Read1": {
            "basepairs_in": 45220,
            "basepairs_out": 45220
        },
        "Read2": {
            "basepairs_in": 46580,
            "basepairs_out": 46580
        }
    }
  }, {
    "Program_details": {
        "program": "hts_QWindowTrim",
        "version": "1.3.2",
        "options": {
            "append-stats-file": "/nmspipeline//01-Processing/TRIMMER0090_P79/01-PrimerTrim/28-SMARTindex_HC_primers.log",
            "avg-qual-score": 10,
            "force": false,
            "no-left": true,
            "no-right": false,
            "notes": "",
            "qual-offset": 33,
            "uncompressed": false,
            "window-size": 10
        }
    },
    "Fragment": {
        "in": 170,
        "out": 170,
        "basepairs_in": 91800,
        "basepairs_out": 91417
    },
    "Single_end": {
        "in": 0,
        "out": 0,
        "basepairs_in": 0,
        "basepairs_out": 0,
        "rightTrim": 0,
        "leftTrim": 0
    },
    "Paired_end": {
        "in": 170,
        "out": 170,
        "Read1": {
            "basepairs_in": 45220,
            "basepairs_out": 45014,
            "leftTrim": 0,
            "rightTrim": 206
        },
        "Read2": {
            "basepairs_in": 46580,
            "basepairs_out": 46403,
            "leftTrim": 0,
            "rightTrim": 177
        }
    }
  }, {
    "Program_details": {
        "program": "hts_Overlapper",
        "version": "1.3.2",
        "options": {
            "append-stats-file": "/nmspipeline//01-Processing/TRIMMER0090_P79/01-PrimerTrim/28-SMARTindex_HC_primers.log",
            "check-lengths": 20,
            "force": false,
            "force-pairs": false,
            "kmer": 8,
            "kmer-offset": 1,
            "max-mismatch": 100,
            "max-mismatch-errorDensity": 0.25,
            "min-overlap": 8,
            "notes": "",
            "number-of-threads": 1,
            "uncompressed": false
        }
    },
    "Fragment": {
        "in": 170,
        "out": 170,
        "basepairs_in": 91417,
        "basepairs_out": 66892,
        "inserts": {
            "short": 41,
            "medium": 117,
            "long": 12
        },
        "overlap_histogram": [ [23,2], [52,1], [60,1], [76,1], [79,1], [125,1], [178,1], [195,5], [199,26], [201,1], [252,1], [324,1], [372,1], [404,1], [425,2], [432,1], [435,1], [437,1], [438,3], [439,10], [442,6], [443,1], [451,17], [452,1], [453,14], [454,6], [455,3], [458,7], [459,1], [460,1], [462,2], [463,22], [467,2], [471,1], [472,1], [476,1], [477,1], [491,1], [500,2], [504,1], [505,1], [508,2], [512,1], [524,1] ]
    },
    "Single_end": {
        "in": 0,
        "out": 158,
        "basepairs_in": 0,
        "basepairs_out": 60438
    },
    "Paired_end": {
        "in": 170,
        "out": 12,
        "Read1": {
            "basepairs_in": 45014,
            "basepairs_out": 3171
        },
        "Read2": {
            "basepairs_in": 46403,
            "basepairs_out": 3283
        }
    }
  }, {
    "Program_details": {
        "program": "hts_LengthFilter",
        "version": "1.3.2",
        "options": {
            "append-stats-file": "/nmspipeline//01-Processing/TRIMMER0090_P79/01-PrimerTrim/28-SMARTindex_HC_primers.log",
            "fastq-output": "/nmspipeline//01-Processing/TRIMMER0090_P79/01-PrimerTrim/28-SMARTindex_HC_primers",
            "force": true,
            "max-length": 0,
            "min-length": 385,
            "no-orphans": false,
            "notes": "",
            "stranded": false,
            "uncompressed": false
        }
    },
    "Fragment": {
        "in": 170,
        "out": 115,
        "basepairs_in": 66892,
        "basepairs_out": 52524
    },
    "Single_end": {
        "in": 158,
        "out": 115,
        "basepairs_in": 60438,
        "basepairs_out": 52524,
        "discarded": 43
    },
    "Paired_end": {
        "in": 12,
        "out": 0,
        "discarded": 12,
        "Read1": {
            "basepairs_in": 3171,
            "basepairs_out": 0,
            "discarded": 0
        },
        "Read2": {
            "basepairs_in": 3283,
            "basepairs_out": 0,
            "discarded": 0
        }
    }
  }
]
