[ {
    "Program_details": {
        "program": "hts_Primers",
        "version": "1.3.2",
        "options": {
            "flip": true,
            "float": 0,
            "force": false,
            "keep": false,
            "min_primer_matches": 2,
            "notes": "",
            "primer_end_mismatches": 0,
            "primer_mismatches": 0,
            "primers_3p": "../lc_primers.fasta",
            "primers_5p": "GCGAATCAGTGGTATCAACGCAGAGTACATGGGG",
            "read1-input": [ "/nmspipeline//01-Processing/TRIMMER0090_P79/00-RawData/TRIMMER_Plate79_S1_L001_R1_001_sub.fastq.gz"],
            "read2-input": [ "/nmspipeline//01-Processing/TRIMMER0090_P79/00-RawData/TRIMMER_Plate79_S1_L001_R2_001_sub.fastq.gz"],
            "stats-file": "/nmspipeline//01-Processing/TRIMMER0090_P79/01-PrimerTrim/29-SMARTindex_LC_primers.log",
            "uncompressed": false
        },
        "primers": [ ["p5primer1","GCGAATCAGTGGTATCAACGCAGAGTACATGGGG"], ["KaLC.6_REV_LC","GGATACAGTTGGTGCAGCATC"], ["LaLC.R-mIGL","ATCGTACACACCAGTGTGGC"], ["p5primer1","GCGAATCAGTGGTATCAACGCAGAGTACATGGGG"], ["KaLC.6_REV_LC","GGATACAGTTGGTGCAGCATC"], ["LaLC.R-mIGL","ATCGTACACACCAGTGTGGC"] ]
    },
    "Fragment": {
        "in": 100000,
        "out": 238,
        "basepairs_in": 60000000,
        "basepairs_out": 129712,
        "flipped": 113,
        "primers_counts": [ ["p5primer1","LaLC.R-mIGL",2], ["p5primer1","None",56], ["p5primer1","KaLC.6_REV_LC",236], ["None","None",40318], ["None","KaLC.6_REV_LC",56544], ["None","LaLC.R-mIGL",2844] ]
    },
    "Single_end": {
        "in": 0,
        "out": 0,
        "basepairs_in": 0,
        "basepairs_out": 0,
        "primerTrim": 0,
        "primerBpTrim": 0,
        "discarded": 0
    },
    "Paired_end": {
        "in": 100000,
        "out": 238,
        "discarded": 99762,
        "Read1": {
            "basepairs_in": 30000000,
            "basepairs_out": 63308,
            "primerTrim": 238,
            "primerBpTrim": 8092
        },
        "Read2": {
            "basepairs_in": 30000000,
            "basepairs_out": 66404,
            "primerTrim": 238,
            "primerBpTrim": 4996
        }
    }
  }, {
    "Program_details": {
        "program": "hts_NTrimmer",
        "version": "1.3.2",
        "options": {
            "append-stats-file": "/nmspipeline//01-Processing/TRIMMER0090_P79/01-PrimerTrim/29-SMARTindex_LC_primers.log",
            "exclude": true,
            "force": false,
            "notes": "",
            "uncompressed": false
        }
    },
    "Fragment": {
        "in": 238,
        "out": 238,
        "basepairs_in": 129712,
        "basepairs_out": 129712
    },
    "Single_end": {
        "in": 0,
        "out": 0,
        "basepairs_in": 0,
        "basepairs_out": 0,
        "rightTrim": 0,
        "leftTrim": 0,
        "discarded": 0
    },
    "Paired_end": {
        "in": 238,
        "out": 238,
        "discarded": 0,
        "Read1": {
            "basepairs_in": 63308,
            "basepairs_out": 63308,
            "leftTrim": 0,
            "rightTrim": 0
        },
        "Read2": {
            "basepairs_in": 66404,
            "basepairs_out": 66404,
            "leftTrim": 0,
            "rightTrim": 0
        }
    }
  }, {
    "Program_details": {
        "program": "hts_SeqScreener",
        "version": "1.3.2",
        "options": {
            "append-stats-file": "/nmspipeline//01-Processing/TRIMMER0090_P79/01-PrimerTrim/29-SMARTindex_LC_primers.log",
            "check-read-2": true,
            "force": false,
            "inverse": false,
            "kmer": 21,
            "notes": "",
            "percentage-hits": 0.01,
            "record": true,
            "seq": "../aberrant_LC.fasta",
            "uncompressed": false
        },
        "screen_info": {
            "screenBP": 96,
            "lookupKmers": 8
        }
    },
    "Fragment": {
        "in": 238,
        "out": 238,
        "basepairs_in": 129712,
        "basepairs_out": 129712
    },
    "Single_end": {
        "in": 0,
        "out": 0,
        "basepairs_in": 0,
        "basepairs_out": 0,
        "hits": 0
    },
    "Paired_end": {
        "in": 238,
        "out": 238,
        "hits": 6,
        "Read1": {
            "basepairs_in": 63308,
            "basepairs_out": 63308
        },
        "Read2": {
            "basepairs_in": 66404,
            "basepairs_out": 66404
        }
    }
  }, {
    "Program_details": {
        "program": "hts_QWindowTrim",
        "version": "1.3.2",
        "options": {
            "append-stats-file": "/nmspipeline//01-Processing/TRIMMER0090_P79/01-PrimerTrim/29-SMARTindex_LC_primers.log",
            "avg-qual-score": 10,
            "force": false,
            "no-left": true,
            "no-right": false,
            "notes": "",
            "qual-offset": 33,
            "uncompressed": false,
            "window-size": 10
        }
    },
    "Fragment": {
        "in": 238,
        "out": 238,
        "basepairs_in": 129712,
        "basepairs_out": 129205
    },
    "Single_end": {
        "in": 0,
        "out": 0,
        "basepairs_in": 0,
        "basepairs_out": 0,
        "rightTrim": 0,
        "leftTrim": 0
    },
    "Paired_end": {
        "in": 238,
        "out": 238,
        "Read1": {
            "basepairs_in": 63308,
            "basepairs_out": 63129,
            "leftTrim": 0,
            "rightTrim": 179
        },
        "Read2": {
            "basepairs_in": 66404,
            "basepairs_out": 66076,
            "leftTrim": 0,
            "rightTrim": 328
        }
    }
  }, {
    "Program_details": {
        "program": "hts_Overlapper",
        "version": "1.3.2",
        "options": {
            "append-stats-file": "/nmspipeline//01-Processing/TRIMMER0090_P79/01-PrimerTrim/29-SMARTindex_LC_primers.log",
            "check-lengths": 20,
            "force": false,
            "force-pairs": false,
            "kmer": 8,
            "kmer-offset": 1,
            "max-mismatch": 100,
            "max-mismatch-errorDensity": 0.25,
            "min-overlap": 8,
            "notes": "",
            "number-of-threads": 1,
            "uncompressed": false
        }
    },
    "Fragment": {
        "in": 238,
        "out": 238,
        "basepairs_in": 129205,
        "basepairs_out": 100487,
        "inserts": {
            "short": 7,
            "medium": 210,
            "long": 21
        },
        "overlap_histogram": [ [86,1], [119,1], [131,1], [141,1], [142,1], [153,1], [154,1], [350,1], [399,1], [408,2], [409,1], [410,1], [411,3], [412,6], [413,7], [414,21], [417,4], [418,9], [419,4], [420,12], [421,4], [422,112], [423,12], [425,5], [426,1], [427,1], [440,1], [442,1], [472,1] ]
    },
    "Single_end": {
        "in": 0,
        "out": 217,
        "basepairs_in": 0,
        "basepairs_out": 89102
    },
    "Paired_end": {
        "in": 238,
        "out": 21,
        "Read1": {
            "basepairs_in": 63129,
            "basepairs_out": 5536
        },
        "Read2": {
            "basepairs_in": 66076,
            "basepairs_out": 5849
        }
    }
  }, {
    "Program_details": {
        "program": "hts_LengthFilter",
        "version": "1.3.2",
        "options": {
            "append-stats-file": "/nmspipeline//01-Processing/TRIMMER0090_P79/01-PrimerTrim/29-SMARTindex_LC_primers.log",
            "fastq-output": "/nmspipeline//01-Processing/TRIMMER0090_P79/01-PrimerTrim/29-SMARTindex_LC_primers",
            "force": true,
            "max-length": 0,
            "min-length": 385,
            "no-orphans": false,
            "notes": "",
            "stranded": false,
            "uncompressed": false
        }
    },
    "Fragment": {
        "in": 238,
        "out": 209,
        "basepairs_in": 100487,
        "basepairs_out": 87826
    },
    "Single_end": {
        "in": 217,
        "out": 209,
        "basepairs_in": 89102,
        "basepairs_out": 87826,
        "discarded": 8
    },
    "Paired_end": {
        "in": 21,
        "out": 0,
        "discarded": 21,
        "Read1": {
            "basepairs_in": 5536,
            "basepairs_out": 0,
            "discarded": 0
        },
        "Read2": {
            "basepairs_in": 5849,
            "basepairs_out": 0,
            "discarded": 0
        }
    }
  }
]
