[ {
    "Program_details": {
        "program": "hts_Primers",
        "version": "1.3.2",
        "options": {
            "flip": true,
            "float": 0,
            "force": false,
            "keep": false,
            "min_primer_matches": 2,
            "notes": "",
            "primer_end_mismatches": 0,
            "primer_mismatches": 0,
            "primers_3p": "../lc_primers.fasta",
            "primers_5p": "TGGATTCAGTGGTATCAACGCAGAGTACATGGGG",
            "read1-input": [ "/nmspipeline//01-Processing/TRIMMER0090_P79/00-RawData/TRIMMER_Plate79_S1_L001_R1_001_sub.fastq.gz"],
            "read2-input": [ "/nmspipeline//01-Processing/TRIMMER0090_P79/00-RawData/TRIMMER_Plate79_S1_L001_R2_001_sub.fastq.gz"],
            "stats-file": "/nmspipeline//01-Processing/TRIMMER0090_P79/01-PrimerTrim/30-SMARTindex_LC_primers.log",
            "uncompressed": false
        },
        "primers": [ ["p5primer1","TGGATTCAGTGGTATCAACGCAGAGTACATGGGG"], ["KaLC.6_REV_LC","GGATACAGTTGGTGCAGCATC"], ["LaLC.R-mIGL","ATCGTACACACCAGTGTGGC"], ["p5primer1","TGGATTCAGTGGTATCAACGCAGAGTACATGGGG"], ["KaLC.6_REV_LC","GGATACAGTTGGTGCAGCATC"], ["LaLC.R-mIGL","ATCGTACACACCAGTGTGGC"] ]
    },
    "Fragment": {
        "in": 100000,
        "out": 669,
        "basepairs_in": 60000000,
        "basepairs_out": 364608,
        "flipped": 297,
        "primers_counts": [ ["p5primer1","LaLC.R-mIGL",3], ["None","None",39918], ["None","KaLC.6_REV_LC",56114], ["p5primer1","None",456], ["p5primer1","KaLC.6_REV_LC",666], ["None","LaLC.R-mIGL",2843] ]
    },
    "Single_end": {
        "in": 0,
        "out": 0,
        "basepairs_in": 0,
        "basepairs_out": 0,
        "primerTrim": 0,
        "primerBpTrim": 0,
        "discarded": 0
    },
    "Paired_end": {
        "in": 100000,
        "out": 669,
        "discarded": 99331,
        "Read1": {
            "basepairs_in": 30000000,
            "basepairs_out": 177954,
            "primerTrim": 669,
            "primerBpTrim": 22746
        },
        "Read2": {
            "basepairs_in": 30000000,
            "basepairs_out": 186654,
            "primerTrim": 669,
            "primerBpTrim": 14046
        }
    }
  }, {
    "Program_details": {
        "program": "hts_NTrimmer",
        "version": "1.3.2",
        "options": {
            "append-stats-file": "/nmspipeline//01-Processing/TRIMMER0090_P79/01-PrimerTrim/30-SMARTindex_LC_primers.log",
            "exclude": true,
            "force": false,
            "notes": "",
            "uncompressed": false
        }
    },
    "Fragment": {
        "in": 669,
        "out": 669,
        "basepairs_in": 364608,
        "basepairs_out": 364608
    },
    "Single_end": {
        "in": 0,
        "out": 0,
        "basepairs_in": 0,
        "basepairs_out": 0,
        "rightTrim": 0,
        "leftTrim": 0,
        "discarded": 0
    },
    "Paired_end": {
        "in": 669,
        "out": 669,
        "discarded": 0,
        "Read1": {
            "basepairs_in": 177954,
            "basepairs_out": 177954,
            "leftTrim": 0,
            "rightTrim": 0
        },
        "Read2": {
            "basepairs_in": 186654,
            "basepairs_out": 186654,
            "leftTrim": 0,
            "rightTrim": 0
        }
    }
  }, {
    "Program_details": {
        "program": "hts_SeqScreener",
        "version": "1.3.2",
        "options": {
            "append-stats-file": "/nmspipeline//01-Processing/TRIMMER0090_P79/01-PrimerTrim/30-SMARTindex_LC_primers.log",
            "check-read-2": true,
            "force": false,
            "inverse": false,
            "kmer": 21,
            "notes": "",
            "percentage-hits": 0.01,
            "record": true,
            "seq": "../aberrant_LC.fasta",
            "uncompressed": false
        },
        "screen_info": {
            "screenBP": 96,
            "lookupKmers": 8
        }
    },
    "Fragment": {
        "in": 669,
        "out": 669,
        "basepairs_in": 364608,
        "basepairs_out": 364608
    },
    "Single_end": {
        "in": 0,
        "out": 0,
        "basepairs_in": 0,
        "basepairs_out": 0,
        "hits": 0
    },
    "Paired_end": {
        "in": 669,
        "out": 669,
        "hits": 79,
        "Read1": {
            "basepairs_in": 177954,
            "basepairs_out": 177954
        },
        "Read2": {
            "basepairs_in": 186654,
            "basepairs_out": 186654
        }
    }
  }, {
    "Program_details": {
        "program": "hts_QWindowTrim",
        "version": "1.3.2",
        "options": {
            "append-stats-file": "/nmspipeline//01-Processing/TRIMMER0090_P79/01-PrimerTrim/30-SMARTindex_LC_primers.log",
            "avg-qual-score": 10,
            "force": false,
            "no-left": true,
            "no-right": false,
            "notes": "",
            "qual-offset": 33,
            "uncompressed": false,
            "window-size": 10
        }
    },
    "Fragment": {
        "in": 669,
        "out": 669,
        "basepairs_in": 364608,
        "basepairs_out": 363669
    },
    "Single_end": {
        "in": 0,
        "out": 0,
        "basepairs_in": 0,
        "basepairs_out": 0,
        "rightTrim": 0,
        "leftTrim": 0
    },
    "Paired_end": {
        "in": 669,
        "out": 669,
        "Read1": {
            "basepairs_in": 177954,
            "basepairs_out": 177730,
            "leftTrim": 0,
            "rightTrim": 224
        },
        "Read2": {
            "basepairs_in": 186654,
            "basepairs_out": 185939,
            "leftTrim": 0,
            "rightTrim": 715
        }
    }
  }, {
    "Program_details": {
        "program": "hts_Overlapper",
        "version": "1.3.2",
        "options": {
            "append-stats-file": "/nmspipeline//01-Processing/TRIMMER0090_P79/01-PrimerTrim/30-SMARTindex_LC_primers.log",
            "check-lengths": 20,
            "force": false,
            "force-pairs": false,
            "kmer": 8,
            "kmer-offset": 1,
            "max-mismatch": 100,
            "max-mismatch-errorDensity": 0.25,
            "min-overlap": 8,
            "notes": "",
            "number-of-threads": 1,
            "uncompressed": false
        }
    },
    "Fragment": {
        "in": 669,
        "out": 669,
        "basepairs_in": 363669,
        "basepairs_out": 278067,
        "inserts": {
            "short": 18,
            "medium": 614,
            "long": 37
        },
        "overlap_histogram": [ [64,1], [67,1], [89,1], [93,1], [95,1], [96,1], [100,1], [116,1], [128,1], [129,1], [136,1], [149,1], [157,1], [158,1], [177,1], [189,1], [223,1], [259,1], [280,1], [294,1], [328,1], [346,1], [379,1], [381,1], [385,1], [386,3], [390,1], [396,1], [397,1], [399,7], [408,2], [411,1], [412,11], [414,5], [415,15], [416,82], [417,382], [418,42], [419,3], [420,3], [421,8], [422,13], [423,8], [424,2], [425,2], [426,2], [427,1], [438,2], [440,5], [441,1], [442,3], [444,1] ]
    },
    "Single_end": {
        "in": 0,
        "out": 632,
        "basepairs_in": 0,
        "basepairs_out": 257987
    },
    "Paired_end": {
        "in": 669,
        "out": 37,
        "Read1": {
            "basepairs_in": 177730,
            "basepairs_out": 9813
        },
        "Read2": {
            "basepairs_in": 185939,
            "basepairs_out": 10267
        }
    }
  }, {
    "Program_details": {
        "program": "hts_LengthFilter",
        "version": "1.3.2",
        "options": {
            "append-stats-file": "/nmspipeline//01-Processing/TRIMMER0090_P79/01-PrimerTrim/30-SMARTindex_LC_primers.log",
            "fastq-output": "/nmspipeline//01-Processing/TRIMMER0090_P79/01-PrimerTrim/30-SMARTindex_LC_primers",
            "force": true,
            "max-length": 0,
            "min-length": 385,
            "no-orphans": false,
            "notes": "",
            "stranded": false,
            "uncompressed": false
        }
    },
    "Fragment": {
        "in": 669,
        "out": 608,
        "basepairs_in": 278067,
        "basepairs_out": 253554
    },
    "Single_end": {
        "in": 632,
        "out": 608,
        "basepairs_in": 257987,
        "basepairs_out": 253554,
        "discarded": 24
    },
    "Paired_end": {
        "in": 37,
        "out": 0,
        "discarded": 37,
        "Read1": {
            "basepairs_in": 9813,
            "basepairs_out": 0,
            "discarded": 0
        },
        "Read2": {
            "basepairs_in": 10267,
            "basepairs_out": 0,
            "discarded": 0
        }
    }
  }
]
