[ {
    "Program_details": {
        "program": "hts_Primers",
        "version": "1.3.2",
        "options": {
            "flip": true,
            "float": 0,
            "force": false,
            "keep": false,
            "min_primer_matches": 2,
            "notes": "",
            "primer_end_mismatches": 0,
            "primer_mismatches": 0,
            "primers_3p": "../hc_primers.fasta",
            "primers_5p": "TGGATTCAGTGGTATCAACGCAGAGTACATGGGG",
            "read1-input": [ "/nmspipeline//01-Processing/TRIMMER0090_P79/00-RawData/TRIMMER_Plate79_S1_L001_R1_001_sub.fastq.gz"],
            "read2-input": [ "/nmspipeline//01-Processing/TRIMMER0090_P79/00-RawData/TRIMMER_Plate79_S1_L001_R2_001_sub.fastq.gz"],
            "stats-file": "/nmspipeline//01-Processing/TRIMMER0090_P79/01-PrimerTrim/30-SMARTindex_HC_primers.log",
            "uncompressed": false
        },
        "primers": [ ["p5primer1","TGGATTCAGTGGTATCAACGCAGAGTACATGGGG"], ["Ga3.10for_mIGH3","GGATAGACAGATGGGGCTGTTGTTGT"], ["Ga12HC.10_REV_CHI","ATAGACAGATGGGGGTGTCGTTTTGG"], ["p5primer1","TGGATTCAGTGGTATCAACGCAGAGTACATGGGG"], ["Ga3.10for_mIGH3","GGATAGACAGATGGGGCTGTTGTTGT"], ["Ga12HC.10_REV_CHI","ATAGACAGATGGGGGTGTCGTTTTGG"] ]
    },
    "Fragment": {
        "in": 100000,
        "out": 355,
        "basepairs_in": 60000000,
        "basepairs_out": 191700,
        "flipped": 187,
        "primers_counts": [ ["p5primer1","Ga12HC.10_REV_CHI",12], ["None","Ga3.10for_mIGH3",230], ["p5primer1","Ga3.10for_mIGH3",343], ["None","Ga12HC.10_REV_CHI",25788], ["p5primer1","None",770], ["None","None",72857] ]
    },
    "Single_end": {
        "in": 0,
        "out": 0,
        "basepairs_in": 0,
        "basepairs_out": 0,
        "primerTrim": 0,
        "primerBpTrim": 0,
        "discarded": 0
    },
    "Paired_end": {
        "in": 100000,
        "out": 355,
        "discarded": 99645,
        "Read1": {
            "basepairs_in": 30000000,
            "basepairs_out": 94430,
            "primerTrim": 355,
            "primerBpTrim": 12070
        },
        "Read2": {
            "basepairs_in": 30000000,
            "basepairs_out": 97270,
            "primerTrim": 355,
            "primerBpTrim": 9230
        }
    }
  }, {
    "Program_details": {
        "program": "hts_NTrimmer",
        "version": "1.3.2",
        "options": {
            "append-stats-file": "/nmspipeline//01-Processing/TRIMMER0090_P79/01-PrimerTrim/30-SMARTindex_HC_primers.log",
            "exclude": true,
            "force": false,
            "notes": "",
            "uncompressed": false
        }
    },
    "Fragment": {
        "in": 355,
        "out": 355,
        "basepairs_in": 191700,
        "basepairs_out": 191700
    },
    "Single_end": {
        "in": 0,
        "out": 0,
        "basepairs_in": 0,
        "basepairs_out": 0,
        "rightTrim": 0,
        "leftTrim": 0,
        "discarded": 0
    },
    "Paired_end": {
        "in": 355,
        "out": 355,
        "discarded": 0,
        "Read1": {
            "basepairs_in": 94430,
            "basepairs_out": 94430,
            "leftTrim": 0,
            "rightTrim": 0
        },
        "Read2": {
            "basepairs_in": 97270,
            "basepairs_out": 97270,
            "leftTrim": 0,
            "rightTrim": 0
        }
    }
  }, {
    "Program_details": {
        "program": "hts_SeqScreener",
        "version": "1.3.2",
        "options": {
            "append-stats-file": "/nmspipeline//01-Processing/TRIMMER0090_P79/01-PrimerTrim/30-SMARTindex_HC_primers.log",
            "check-read-2": true,
            "force": false,
            "inverse": false,
            "kmer": 21,
            "notes": "",
            "percentage-hits": 0.01,
            "record": true,
            "seq": "../aberrant_LC.fasta",
            "uncompressed": false
        },
        "screen_info": {
            "screenBP": 96,
            "lookupKmers": 8
        }
    },
    "Fragment": {
        "in": 355,
        "out": 355,
        "basepairs_in": 191700,
        "basepairs_out": 191700
    },
    "Single_end": {
        "in": 0,
        "out": 0,
        "basepairs_in": 0,
        "basepairs_out": 0,
        "hits": 0
    },
    "Paired_end": {
        "in": 355,
        "out": 355,
        "hits": 0,
        "Read1": {
            "basepairs_in": 94430,
            "basepairs_out": 94430
        },
        "Read2": {
            "basepairs_in": 97270,
            "basepairs_out": 97270
        }
    }
  }, {
    "Program_details": {
        "program": "hts_QWindowTrim",
        "version": "1.3.2",
        "options": {
            "append-stats-file": "/nmspipeline//01-Processing/TRIMMER0090_P79/01-PrimerTrim/30-SMARTindex_HC_primers.log",
            "avg-qual-score": 10,
            "force": false,
            "no-left": true,
            "no-right": false,
            "notes": "",
            "qual-offset": 33,
            "uncompressed": false,
            "window-size": 10
        }
    },
    "Fragment": {
        "in": 355,
        "out": 355,
        "basepairs_in": 191700,
        "basepairs_out": 191120
    },
    "Single_end": {
        "in": 0,
        "out": 0,
        "basepairs_in": 0,
        "basepairs_out": 0,
        "rightTrim": 0,
        "leftTrim": 0
    },
    "Paired_end": {
        "in": 355,
        "out": 355,
        "Read1": {
            "basepairs_in": 94430,
            "basepairs_out": 94035,
            "leftTrim": 0,
            "rightTrim": 395
        },
        "Read2": {
            "basepairs_in": 97270,
            "basepairs_out": 97085,
            "leftTrim": 0,
            "rightTrim": 185
        }
    }
  }, {
    "Program_details": {
        "program": "hts_Overlapper",
        "version": "1.3.2",
        "options": {
            "append-stats-file": "/nmspipeline//01-Processing/TRIMMER0090_P79/01-PrimerTrim/30-SMARTindex_HC_primers.log",
            "check-lengths": 20,
            "force": false,
            "force-pairs": false,
            "kmer": 8,
            "kmer-offset": 1,
            "max-mismatch": 100,
            "max-mismatch-errorDensity": 0.25,
            "min-overlap": 8,
            "notes": "",
            "number-of-threads": 1,
            "uncompressed": false
        }
    },
    "Fragment": {
        "in": 355,
        "out": 355,
        "basepairs_in": 191120,
        "basepairs_out": 175543,
        "inserts": {
            "short": 13,
            "medium": 288,
            "long": 54
        },
        "overlap_histogram": [ [18,1], [22,1], [25,1], [27,1], [30,1], [33,1], [66,1], [73,1], [90,1], [120,1], [124,1], [196,1], [245,1], [312,2], [455,1], [471,1], [486,2], [495,1], [498,1], [499,1], [500,11], [501,2], [502,17], [503,39], [504,2], [505,14], [506,30], [507,9], [508,15], [509,129], [510,9], [531,2] ]
    },
    "Single_end": {
        "in": 0,
        "out": 301,
        "basepairs_in": 0,
        "basepairs_out": 146490
    },
    "Paired_end": {
        "in": 355,
        "out": 54,
        "Read1": {
            "basepairs_in": 94035,
            "basepairs_out": 14299
        },
        "Read2": {
            "basepairs_in": 97085,
            "basepairs_out": 14754
        }
    }
  }, {
    "Program_details": {
        "program": "hts_LengthFilter",
        "version": "1.3.2",
        "options": {
            "append-stats-file": "/nmspipeline//01-Processing/TRIMMER0090_P79/01-PrimerTrim/30-SMARTindex_HC_primers.log",
            "fastq-output": "/nmspipeline//01-Processing/TRIMMER0090_P79/01-PrimerTrim/30-SMARTindex_HC_primers",
            "force": true,
            "max-length": 0,
            "min-length": 385,
            "no-orphans": false,
            "notes": "",
            "stranded": false,
            "uncompressed": false
        }
    },
    "Fragment": {
        "in": 355,
        "out": 286,
        "basepairs_in": 175543,
        "basepairs_out": 144797
    },
    "Single_end": {
        "in": 301,
        "out": 286,
        "basepairs_in": 146490,
        "basepairs_out": 144797,
        "discarded": 15
    },
    "Paired_end": {
        "in": 54,
        "out": 0,
        "discarded": 54,
        "Read1": {
            "basepairs_in": 14299,
            "basepairs_out": 0,
            "discarded": 0
        },
        "Read2": {
            "basepairs_in": 14754,
            "basepairs_out": 0,
            "discarded": 0
        }
    }
  }
]
