[ {
    "Program_details": {
        "program": "hts_Primers",
        "version": "1.3.2",
        "options": {
            "flip": true,
            "float": 0,
            "force": false,
            "keep": false,
            "min_primer_matches": 2,
            "notes": "",
            "primer_end_mismatches": 0,
            "primer_mismatches": 0,
            "primers_3p": "../lc_primers.fasta",
            "primers_5p": "ACCTACCAGTGGTATCAACGCAGAGTACATGGGG",
            "read1-input": [ "/nmspipeline//01-Processing/TRIMMER0090_P79/00-RawData/TRIMMER_Plate79_S1_L001_R1_001_sub.fastq.gz"],
            "read2-input": [ "/nmspipeline//01-Processing/TRIMMER0090_P79/00-RawData/TRIMMER_Plate79_S1_L001_R2_001_sub.fastq.gz"],
            "stats-file": "/nmspipeline//01-Processing/TRIMMER0090_P79/01-PrimerTrim/31-SMARTindex_LC_primers.log",
            "uncompressed": false
        },
        "primers": [ ["p5primer1","ACCTACCAGTGGTATCAACGCAGAGTACATGGGG"], ["KaLC.6_REV_LC","GGATACAGTTGGTGCAGCATC"], ["LaLC.R-mIGL","ATCGTACACACCAGTGTGGC"], ["p5primer1","ACCTACCAGTGGTATCAACGCAGAGTACATGGGG"], ["KaLC.6_REV_LC","GGATACAGTTGGTGCAGCATC"], ["LaLC.R-mIGL","ATCGTACACACCAGTGTGGC"] ]
    },
    "Fragment": {
        "in": 100000,
        "out": 379,
        "basepairs_in": 60000000,
        "basepairs_out": 206556,
        "flipped": 169,
        "primers_counts": [ ["p5primer1","LaLC.R-mIGL",1], ["p5primer1","KaLC.6_REV_LC",378], ["p5primer1","None",72], ["None","None",40302], ["None","KaLC.6_REV_LC",56402], ["None","LaLC.R-mIGL",2845] ]
    },
    "Single_end": {
        "in": 0,
        "out": 0,
        "basepairs_in": 0,
        "basepairs_out": 0,
        "primerTrim": 0,
        "primerBpTrim": 0,
        "discarded": 0
    },
    "Paired_end": {
        "in": 100000,
        "out": 379,
        "discarded": 99621,
        "Read1": {
            "basepairs_in": 30000000,
            "basepairs_out": 100814,
            "primerTrim": 379,
            "primerBpTrim": 12886
        },
        "Read2": {
            "basepairs_in": 30000000,
            "basepairs_out": 105742,
            "primerTrim": 379,
            "primerBpTrim": 7958
        }
    }
  }, {
    "Program_details": {
        "program": "hts_NTrimmer",
        "version": "1.3.2",
        "options": {
            "append-stats-file": "/nmspipeline//01-Processing/TRIMMER0090_P79/01-PrimerTrim/31-SMARTindex_LC_primers.log",
            "exclude": true,
            "force": false,
            "notes": "",
            "uncompressed": false
        }
    },
    "Fragment": {
        "in": 379,
        "out": 379,
        "basepairs_in": 206556,
        "basepairs_out": 206556
    },
    "Single_end": {
        "in": 0,
        "out": 0,
        "basepairs_in": 0,
        "basepairs_out": 0,
        "rightTrim": 0,
        "leftTrim": 0,
        "discarded": 0
    },
    "Paired_end": {
        "in": 379,
        "out": 379,
        "discarded": 0,
        "Read1": {
            "basepairs_in": 100814,
            "basepairs_out": 100814,
            "leftTrim": 0,
            "rightTrim": 0
        },
        "Read2": {
            "basepairs_in": 105742,
            "basepairs_out": 105742,
            "leftTrim": 0,
            "rightTrim": 0
        }
    }
  }, {
    "Program_details": {
        "program": "hts_SeqScreener",
        "version": "1.3.2",
        "options": {
            "append-stats-file": "/nmspipeline//01-Processing/TRIMMER0090_P79/01-PrimerTrim/31-SMARTindex_LC_primers.log",
            "check-read-2": true,
            "force": false,
            "inverse": false,
            "kmer": 21,
            "notes": "",
            "percentage-hits": 0.01,
            "record": true,
            "seq": "../aberrant_LC.fasta",
            "uncompressed": false
        },
        "screen_info": {
            "screenBP": 96,
            "lookupKmers": 8
        }
    },
    "Fragment": {
        "in": 379,
        "out": 379,
        "basepairs_in": 206556,
        "basepairs_out": 206556
    },
    "Single_end": {
        "in": 0,
        "out": 0,
        "basepairs_in": 0,
        "basepairs_out": 0,
        "hits": 0
    },
    "Paired_end": {
        "in": 379,
        "out": 379,
        "hits": 54,
        "Read1": {
            "basepairs_in": 100814,
            "basepairs_out": 100814
        },
        "Read2": {
            "basepairs_in": 105742,
            "basepairs_out": 105742
        }
    }
  }, {
    "Program_details": {
        "program": "hts_QWindowTrim",
        "version": "1.3.2",
        "options": {
            "append-stats-file": "/nmspipeline//01-Processing/TRIMMER0090_P79/01-PrimerTrim/31-SMARTindex_LC_primers.log",
            "avg-qual-score": 10,
            "force": false,
            "no-left": true,
            "no-right": false,
            "notes": "",
            "qual-offset": 33,
            "uncompressed": false,
            "window-size": 10
        }
    },
    "Fragment": {
        "in": 379,
        "out": 379,
        "basepairs_in": 206556,
        "basepairs_out": 205640
    },
    "Single_end": {
        "in": 0,
        "out": 0,
        "basepairs_in": 0,
        "basepairs_out": 0,
        "rightTrim": 0,
        "leftTrim": 0
    },
    "Paired_end": {
        "in": 379,
        "out": 379,
        "Read1": {
            "basepairs_in": 100814,
            "basepairs_out": 100454,
            "leftTrim": 0,
            "rightTrim": 360
        },
        "Read2": {
            "basepairs_in": 105742,
            "basepairs_out": 105186,
            "leftTrim": 0,
            "rightTrim": 556
        }
    }
  }, {
    "Program_details": {
        "program": "hts_Overlapper",
        "version": "1.3.2",
        "options": {
            "append-stats-file": "/nmspipeline//01-Processing/TRIMMER0090_P79/01-PrimerTrim/31-SMARTindex_LC_primers.log",
            "check-lengths": 20,
            "force": false,
            "force-pairs": false,
            "kmer": 8,
            "kmer-offset": 1,
            "max-mismatch": 100,
            "max-mismatch-errorDensity": 0.25,
            "min-overlap": 8,
            "notes": "",
            "number-of-threads": 1,
            "uncompressed": false
        }
    },
    "Fragment": {
        "in": 379,
        "out": 379,
        "basepairs_in": 205640,
        "basepairs_out": 156414,
        "inserts": {
            "short": 28,
            "medium": 313,
            "long": 38
        },
        "overlap_histogram": [ [15,1], [24,1], [39,1], [47,1], [67,1], [77,2], [82,1], [86,1], [90,2], [95,1], [96,1], [130,1], [131,1], [133,1], [137,1], [157,2], [158,3], [159,1], [164,1], [176,1], [213,1], [267,1], [269,1], [334,1], [338,1], [357,1], [381,1], [391,1], [396,4], [397,2], [398,1], [399,16], [400,24], [401,3], [402,8], [403,15], [404,1], [416,1], [417,1], [418,11], [420,1], [421,4], [422,21], [423,18], [424,3], [425,5], [426,3], [427,90], [428,6], [431,1], [436,1], [440,2], [441,17], [442,4], [443,2], [444,5], [445,28], [446,4], [452,1], [467,2], [470,1], [533,2] ]
    },
    "Single_end": {
        "in": 0,
        "out": 341,
        "basepairs_in": 0,
        "basepairs_out": 135849
    },
    "Paired_end": {
        "in": 379,
        "out": 38,
        "Read1": {
            "basepairs_in": 100454,
            "basepairs_out": 10050
        },
        "Read2": {
            "basepairs_in": 105186,
            "basepairs_out": 10515
        }
    }
  }, {
    "Program_details": {
        "program": "hts_LengthFilter",
        "version": "1.3.2",
        "options": {
            "append-stats-file": "/nmspipeline//01-Processing/TRIMMER0090_P79/01-PrimerTrim/31-SMARTindex_LC_primers.log",
            "fastq-output": "/nmspipeline//01-Processing/TRIMMER0090_P79/01-PrimerTrim/31-SMARTindex_LC_primers",
            "force": true,
            "max-length": 0,
            "min-length": 385,
            "no-orphans": false,
            "notes": "",
            "stranded": false,
            "uncompressed": false
        }
    },
    "Fragment": {
        "in": 379,
        "out": 309,
        "basepairs_in": 156414,
        "basepairs_out": 130987
    },
    "Single_end": {
        "in": 341,
        "out": 309,
        "basepairs_in": 135849,
        "basepairs_out": 130987,
        "discarded": 32
    },
    "Paired_end": {
        "in": 38,
        "out": 0,
        "discarded": 38,
        "Read1": {
            "basepairs_in": 10050,
            "basepairs_out": 0,
            "discarded": 0
        },
        "Read2": {
            "basepairs_in": 10515,
            "basepairs_out": 0,
            "discarded": 0
        }
    }
  }
]
