[ {
    "Program_details": {
        "program": "hts_Primers",
        "version": "1.3.2",
        "options": {
            "flip": true,
            "float": 0,
            "force": false,
            "keep": false,
            "min_primer_matches": 2,
            "notes": "",
            "primer_end_mismatches": 0,
            "primer_mismatches": 0,
            "primers_3p": "../hc_primers.fasta",
            "primers_5p": "CGAAGGCAGTGGTATCAACGCAGAGTACATGGGG",
            "read1-input": [ "/nmspipeline//01-Processing/TRIMMER0090_P79/00-RawData/TRIMMER_Plate79_S1_L001_R1_001_sub.fastq.gz"],
            "read2-input": [ "/nmspipeline//01-Processing/TRIMMER0090_P79/00-RawData/TRIMMER_Plate79_S1_L001_R2_001_sub.fastq.gz"],
            "stats-file": "/nmspipeline//01-Processing/TRIMMER0090_P79/01-PrimerTrim/32-SMARTindex_HC_primers.log",
            "uncompressed": false
        },
        "primers": [ ["p5primer1","CGAAGGCAGTGGTATCAACGCAGAGTACATGGGG"], ["Ga3.10for_mIGH3","GGATAGACAGATGGGGCTGTTGTTGT"], ["Ga12HC.10_REV_CHI","ATAGACAGATGGGGGTGTCGTTTTGG"], ["p5primer1","CGAAGGCAGTGGTATCAACGCAGAGTACATGGGG"], ["Ga3.10for_mIGH3","GGATAGACAGATGGGGCTGTTGTTGT"], ["Ga12HC.10_REV_CHI","ATAGACAGATGGGGGTGTCGTTTTGG"] ]
    },
    "Fragment": {
        "in": 100000,
        "out": 466,
        "basepairs_in": 60000000,
        "basepairs_out": 251640,
        "flipped": 226,
        "primers_counts": [ ["p5primer1","None",674], ["None","Ga3.10for_mIGH3",573], ["p5primer1","Ga12HC.10_REV_CHI",466], ["None","Ga12HC.10_REV_CHI",25334], ["None","None",72953] ]
    },
    "Single_end": {
        "in": 0,
        "out": 0,
        "basepairs_in": 0,
        "basepairs_out": 0,
        "primerTrim": 0,
        "primerBpTrim": 0,
        "discarded": 0
    },
    "Paired_end": {
        "in": 100000,
        "out": 466,
        "discarded": 99534,
        "Read1": {
            "basepairs_in": 30000000,
            "basepairs_out": 123956,
            "primerTrim": 466,
            "primerBpTrim": 15844
        },
        "Read2": {
            "basepairs_in": 30000000,
            "basepairs_out": 127684,
            "primerTrim": 466,
            "primerBpTrim": 12116
        }
    }
  }, {
    "Program_details": {
        "program": "hts_NTrimmer",
        "version": "1.3.2",
        "options": {
            "append-stats-file": "/nmspipeline//01-Processing/TRIMMER0090_P79/01-PrimerTrim/32-SMARTindex_HC_primers.log",
            "exclude": true,
            "force": false,
            "notes": "",
            "uncompressed": false
        }
    },
    "Fragment": {
        "in": 466,
        "out": 466,
        "basepairs_in": 251640,
        "basepairs_out": 251640
    },
    "Single_end": {
        "in": 0,
        "out": 0,
        "basepairs_in": 0,
        "basepairs_out": 0,
        "rightTrim": 0,
        "leftTrim": 0,
        "discarded": 0
    },
    "Paired_end": {
        "in": 466,
        "out": 466,
        "discarded": 0,
        "Read1": {
            "basepairs_in": 123956,
            "basepairs_out": 123956,
            "leftTrim": 0,
            "rightTrim": 0
        },
        "Read2": {
            "basepairs_in": 127684,
            "basepairs_out": 127684,
            "leftTrim": 0,
            "rightTrim": 0
        }
    }
  }, {
    "Program_details": {
        "program": "hts_SeqScreener",
        "version": "1.3.2",
        "options": {
            "append-stats-file": "/nmspipeline//01-Processing/TRIMMER0090_P79/01-PrimerTrim/32-SMARTindex_HC_primers.log",
            "check-read-2": true,
            "force": false,
            "inverse": false,
            "kmer": 21,
            "notes": "",
            "percentage-hits": 0.01,
            "record": true,
            "seq": "../aberrant_LC.fasta",
            "uncompressed": false
        },
        "screen_info": {
            "screenBP": 96,
            "lookupKmers": 8
        }
    },
    "Fragment": {
        "in": 466,
        "out": 466,
        "basepairs_in": 251640,
        "basepairs_out": 251640
    },
    "Single_end": {
        "in": 0,
        "out": 0,
        "basepairs_in": 0,
        "basepairs_out": 0,
        "hits": 0
    },
    "Paired_end": {
        "in": 466,
        "out": 466,
        "hits": 0,
        "Read1": {
            "basepairs_in": 123956,
            "basepairs_out": 123956
        },
        "Read2": {
            "basepairs_in": 127684,
            "basepairs_out": 127684
        }
    }
  }, {
    "Program_details": {
        "program": "hts_QWindowTrim",
        "version": "1.3.2",
        "options": {
            "append-stats-file": "/nmspipeline//01-Processing/TRIMMER0090_P79/01-PrimerTrim/32-SMARTindex_HC_primers.log",
            "avg-qual-score": 10,
            "force": false,
            "no-left": true,
            "no-right": false,
            "notes": "",
            "qual-offset": 33,
            "uncompressed": false,
            "window-size": 10
        }
    },
    "Fragment": {
        "in": 466,
        "out": 466,
        "basepairs_in": 251640,
        "basepairs_out": 250925
    },
    "Single_end": {
        "in": 0,
        "out": 0,
        "basepairs_in": 0,
        "basepairs_out": 0,
        "rightTrim": 0,
        "leftTrim": 0
    },
    "Paired_end": {
        "in": 466,
        "out": 466,
        "Read1": {
            "basepairs_in": 123956,
            "basepairs_out": 123508,
            "leftTrim": 0,
            "rightTrim": 448
        },
        "Read2": {
            "basepairs_in": 127684,
            "basepairs_out": 127417,
            "leftTrim": 0,
            "rightTrim": 267
        }
    }
  }, {
    "Program_details": {
        "program": "hts_Overlapper",
        "version": "1.3.2",
        "options": {
            "append-stats-file": "/nmspipeline//01-Processing/TRIMMER0090_P79/01-PrimerTrim/32-SMARTindex_HC_primers.log",
            "check-lengths": 20,
            "force": false,
            "force-pairs": false,
            "kmer": 8,
            "kmer-offset": 1,
            "max-mismatch": 100,
            "max-mismatch-errorDensity": 0.25,
            "min-overlap": 8,
            "notes": "",
            "number-of-threads": 1,
            "uncompressed": false
        }
    },
    "Fragment": {
        "in": 466,
        "out": 466,
        "basepairs_in": 250925,
        "basepairs_out": 206749,
        "inserts": {
            "short": 23,
            "medium": 415,
            "long": 28
        },
        "overlap_histogram": [ [26,1], [27,1], [38,1], [40,1], [50,1], [62,1], [83,1], [86,1], [87,3], [125,1], [130,1], [157,1], [163,1], [166,1], [180,1], [181,1], [189,1], [194,1], [231,1], [244,1], [261,1], [292,1], [308,1], [309,1], [321,1], [363,1], [372,1], [376,1], [377,1], [386,1], [398,1], [406,2], [420,1], [427,1], [429,1], [454,2], [455,54], [456,8], [457,233], [458,16], [459,60], [460,9], [461,4], [463,1], [464,1], [466,1], [468,1], [474,1], [478,1], [479,1], [482,1], [484,1], [485,1], [486,1], [495,1], [496,1], [513,1] ]
    },
    "Single_end": {
        "in": 0,
        "out": 438,
        "basepairs_in": 0,
        "basepairs_out": 191676
    },
    "Paired_end": {
        "in": 466,
        "out": 28,
        "Read1": {
            "basepairs_in": 123508,
            "basepairs_out": 7431
        },
        "Read2": {
            "basepairs_in": 127417,
            "basepairs_out": 7642
        }
    }
  }, {
    "Program_details": {
        "program": "hts_LengthFilter",
        "version": "1.3.2",
        "options": {
            "append-stats-file": "/nmspipeline//01-Processing/TRIMMER0090_P79/01-PrimerTrim/32-SMARTindex_HC_primers.log",
            "fastq-output": "/nmspipeline//01-Processing/TRIMMER0090_P79/01-PrimerTrim/32-SMARTindex_HC_primers",
            "force": true,
            "max-length": 0,
            "min-length": 385,
            "no-orphans": false,
            "notes": "",
            "stranded": false,
            "uncompressed": false
        }
    },
    "Fragment": {
        "in": 466,
        "out": 407,
        "basepairs_in": 206749,
        "basepairs_out": 186064
    },
    "Single_end": {
        "in": 438,
        "out": 407,
        "basepairs_in": 191676,
        "basepairs_out": 186064,
        "discarded": 31
    },
    "Paired_end": {
        "in": 28,
        "out": 0,
        "discarded": 28,
        "Read1": {
            "basepairs_in": 7431,
            "basepairs_out": 0,
            "discarded": 0
        },
        "Read2": {
            "basepairs_in": 7642,
            "basepairs_out": 0,
            "discarded": 0
        }
    }
  }
]
