[ {
    "Program_details": {
        "program": "hts_Primers",
        "version": "1.3.2",
        "options": {
            "flip": true,
            "float": 0,
            "force": false,
            "keep": false,
            "min_primer_matches": 2,
            "notes": "",
            "primer_end_mismatches": 0,
            "primer_mismatches": 0,
            "primers_3p": "../lc_primers.fasta",
            "primers_5p": "CGAAGGCAGTGGTATCAACGCAGAGTACATGGGG",
            "read1-input": [ "/nmspipeline//01-Processing/TRIMMER0090_P79/00-RawData/TRIMMER_Plate79_S1_L001_R1_001_sub.fastq.gz"],
            "read2-input": [ "/nmspipeline//01-Processing/TRIMMER0090_P79/00-RawData/TRIMMER_Plate79_S1_L001_R2_001_sub.fastq.gz"],
            "stats-file": "/nmspipeline//01-Processing/TRIMMER0090_P79/01-PrimerTrim/32-SMARTindex_LC_primers.log",
            "uncompressed": false
        },
        "primers": [ ["p5primer1","CGAAGGCAGTGGTATCAACGCAGAGTACATGGGG"], ["KaLC.6_REV_LC","GGATACAGTTGGTGCAGCATC"], ["LaLC.R-mIGL","ATCGTACACACCAGTGTGGC"], ["p5primer1","CGAAGGCAGTGGTATCAACGCAGAGTACATGGGG"], ["KaLC.6_REV_LC","GGATACAGTTGGTGCAGCATC"], ["LaLC.R-mIGL","ATCGTACACACCAGTGTGGC"] ]
    },
    "Fragment": {
        "in": 100000,
        "out": 514,
        "basepairs_in": 60000000,
        "basepairs_out": 280132,
        "flipped": 218,
        "primers_counts": [ ["p5primer1","LaLC.R-mIGL",2], ["p5primer1","KaLC.6_REV_LC",512], ["p5primer1","None",626], ["None","None",39748], ["None","KaLC.6_REV_LC",56268], ["None","LaLC.R-mIGL",2844] ]
    },
    "Single_end": {
        "in": 0,
        "out": 0,
        "basepairs_in": 0,
        "basepairs_out": 0,
        "primerTrim": 0,
        "primerBpTrim": 0,
        "discarded": 0
    },
    "Paired_end": {
        "in": 100000,
        "out": 514,
        "discarded": 99486,
        "Read1": {
            "basepairs_in": 30000000,
            "basepairs_out": 136724,
            "primerTrim": 514,
            "primerBpTrim": 17476
        },
        "Read2": {
            "basepairs_in": 30000000,
            "basepairs_out": 143408,
            "primerTrim": 514,
            "primerBpTrim": 10792
        }
    }
  }, {
    "Program_details": {
        "program": "hts_NTrimmer",
        "version": "1.3.2",
        "options": {
            "append-stats-file": "/nmspipeline//01-Processing/TRIMMER0090_P79/01-PrimerTrim/32-SMARTindex_LC_primers.log",
            "exclude": true,
            "force": false,
            "notes": "",
            "uncompressed": false
        }
    },
    "Fragment": {
        "in": 514,
        "out": 514,
        "basepairs_in": 280132,
        "basepairs_out": 280132
    },
    "Single_end": {
        "in": 0,
        "out": 0,
        "basepairs_in": 0,
        "basepairs_out": 0,
        "rightTrim": 0,
        "leftTrim": 0,
        "discarded": 0
    },
    "Paired_end": {
        "in": 514,
        "out": 514,
        "discarded": 0,
        "Read1": {
            "basepairs_in": 136724,
            "basepairs_out": 136724,
            "leftTrim": 0,
            "rightTrim": 0
        },
        "Read2": {
            "basepairs_in": 143408,
            "basepairs_out": 143408,
            "leftTrim": 0,
            "rightTrim": 0
        }
    }
  }, {
    "Program_details": {
        "program": "hts_SeqScreener",
        "version": "1.3.2",
        "options": {
            "append-stats-file": "/nmspipeline//01-Processing/TRIMMER0090_P79/01-PrimerTrim/32-SMARTindex_LC_primers.log",
            "check-read-2": true,
            "force": false,
            "inverse": false,
            "kmer": 21,
            "notes": "",
            "percentage-hits": 0.01,
            "record": true,
            "seq": "../aberrant_LC.fasta",
            "uncompressed": false
        },
        "screen_info": {
            "screenBP": 96,
            "lookupKmers": 8
        }
    },
    "Fragment": {
        "in": 514,
        "out": 514,
        "basepairs_in": 280132,
        "basepairs_out": 280132
    },
    "Single_end": {
        "in": 0,
        "out": 0,
        "basepairs_in": 0,
        "basepairs_out": 0,
        "hits": 0
    },
    "Paired_end": {
        "in": 514,
        "out": 514,
        "hits": 145,
        "Read1": {
            "basepairs_in": 136724,
            "basepairs_out": 136724
        },
        "Read2": {
            "basepairs_in": 143408,
            "basepairs_out": 143408
        }
    }
  }, {
    "Program_details": {
        "program": "hts_QWindowTrim",
        "version": "1.3.2",
        "options": {
            "append-stats-file": "/nmspipeline//01-Processing/TRIMMER0090_P79/01-PrimerTrim/32-SMARTindex_LC_primers.log",
            "avg-qual-score": 10,
            "force": false,
            "no-left": true,
            "no-right": false,
            "notes": "",
            "qual-offset": 33,
            "uncompressed": false,
            "window-size": 10
        }
    },
    "Fragment": {
        "in": 514,
        "out": 514,
        "basepairs_in": 280132,
        "basepairs_out": 279059
    },
    "Single_end": {
        "in": 0,
        "out": 0,
        "basepairs_in": 0,
        "basepairs_out": 0,
        "rightTrim": 0,
        "leftTrim": 0
    },
    "Paired_end": {
        "in": 514,
        "out": 514,
        "Read1": {
            "basepairs_in": 136724,
            "basepairs_out": 136376,
            "leftTrim": 0,
            "rightTrim": 348
        },
        "Read2": {
            "basepairs_in": 143408,
            "basepairs_out": 142683,
            "leftTrim": 0,
            "rightTrim": 725
        }
    }
  }, {
    "Program_details": {
        "program": "hts_Overlapper",
        "version": "1.3.2",
        "options": {
            "append-stats-file": "/nmspipeline//01-Processing/TRIMMER0090_P79/01-PrimerTrim/32-SMARTindex_LC_primers.log",
            "check-lengths": 20,
            "force": false,
            "force-pairs": false,
            "kmer": 8,
            "kmer-offset": 1,
            "max-mismatch": 100,
            "max-mismatch-errorDensity": 0.25,
            "min-overlap": 8,
            "notes": "",
            "number-of-threads": 1,
            "uncompressed": false
        }
    },
    "Fragment": {
        "in": 514,
        "out": 514,
        "basepairs_in": 279059,
        "basepairs_out": 212855,
        "inserts": {
            "short": 34,
            "medium": 438,
            "long": 42
        },
        "overlap_histogram": [ [32,1], [40,2], [41,1], [42,1], [64,1], [69,1], [79,1], [88,1], [90,1], [94,1], [98,1], [108,1], [119,2], [123,2], [128,1], [133,1], [139,1], [148,1], [165,2], [166,4], [175,1], [192,1], [207,1], [225,1], [234,1], [256,1], [267,1], [292,1], [298,1], [305,1], [338,1], [361,1], [372,1], [378,1], [388,1], [389,1], [390,6], [396,1], [398,2], [399,9], [400,2], [401,1], [403,1], [406,3], [407,9], [411,4], [412,2], [413,2], [414,1], [415,39], [416,8], [417,4], [418,67], [419,1], [420,4], [421,11], [422,15], [423,16], [426,1], [428,1], [430,3], [431,3], [432,132], [433,14], [435,29], [436,5], [437,1], [438,2], [439,2], [440,6], [441,2], [443,1], [444,2], [446,1], [447,1], [450,2], [453,6], [455,1], [457,1], [461,2], [476,1], [488,1], [502,1] ]
    },
    "Single_end": {
        "in": 0,
        "out": 472,
        "basepairs_in": 0,
        "basepairs_out": 190092
    },
    "Paired_end": {
        "in": 514,
        "out": 42,
        "Read1": {
            "basepairs_in": 136376,
            "basepairs_out": 11116
        },
        "Read2": {
            "basepairs_in": 142683,
            "basepairs_out": 11647
        }
    }
  }, {
    "Program_details": {
        "program": "hts_LengthFilter",
        "version": "1.3.2",
        "options": {
            "append-stats-file": "/nmspipeline//01-Processing/TRIMMER0090_P79/01-PrimerTrim/32-SMARTindex_LC_primers.log",
            "fastq-output": "/nmspipeline//01-Processing/TRIMMER0090_P79/01-PrimerTrim/32-SMARTindex_LC_primers",
            "force": true,
            "max-length": 0,
            "min-length": 385,
            "no-orphans": false,
            "notes": "",
            "stranded": false,
            "uncompressed": false
        }
    },
    "Fragment": {
        "in": 514,
        "out": 431,
        "basepairs_in": 212855,
        "basepairs_out": 183281
    },
    "Single_end": {
        "in": 472,
        "out": 431,
        "basepairs_in": 190092,
        "basepairs_out": 183281,
        "discarded": 41
    },
    "Paired_end": {
        "in": 42,
        "out": 0,
        "discarded": 42,
        "Read1": {
            "basepairs_in": 11116,
            "basepairs_out": 0,
            "discarded": 0
        },
        "Read2": {
            "basepairs_in": 11647,
            "basepairs_out": 0,
            "discarded": 0
        }
    }
  }
]
