[ {
    "Program_details": {
        "program": "hts_Primers",
        "version": "1.3.2",
        "options": {
            "flip": true,
            "float": 0,
            "force": false,
            "keep": false,
            "min_primer_matches": 2,
            "notes": "",
            "primer_end_mismatches": 0,
            "primer_mismatches": 0,
            "primers_3p": "../lc_primers.fasta",
            "primers_5p": "AGATAGAACAGTGGTATCAACGCAGAGTACATGGGG",
            "read1-input": [ "/nmspipeline//01-Processing/TRIMMER0090_P79/00-RawData/TRIMMER_Plate79_S1_L001_R1_001_sub.fastq.gz"],
            "read2-input": [ "/nmspipeline//01-Processing/TRIMMER0090_P79/00-RawData/TRIMMER_Plate79_S1_L001_R2_001_sub.fastq.gz"],
            "stats-file": "/nmspipeline//01-Processing/TRIMMER0090_P79/01-PrimerTrim/33-SMARTindex_LC_primers.log",
            "uncompressed": false
        },
        "primers": [ ["p5primer1","AGATAGAACAGTGGTATCAACGCAGAGTACATGGGG"], ["KaLC.6_REV_LC","GGATACAGTTGGTGCAGCATC"], ["LaLC.R-mIGL","ATCGTACACACCAGTGTGGC"], ["p5primer1","AGATAGAACAGTGGTATCAACGCAGAGTACATGGGG"], ["KaLC.6_REV_LC","GGATACAGTTGGTGCAGCATC"], ["LaLC.R-mIGL","ATCGTACACACCAGTGTGGC"] ]
    },
    "Fragment": {
        "in": 100000,
        "out": 690,
        "basepairs_in": 60000000,
        "basepairs_out": 374670,
        "flipped": 314,
        "primers_counts": [ ["p5primer1","None",473], ["p5primer1","KaLC.6_REV_LC",690], ["None","None",39901], ["None","KaLC.6_REV_LC",56090], ["None","LaLC.R-mIGL",2846] ]
    },
    "Single_end": {
        "in": 0,
        "out": 0,
        "basepairs_in": 0,
        "basepairs_out": 0,
        "primerTrim": 0,
        "primerBpTrim": 0,
        "discarded": 0
    },
    "Paired_end": {
        "in": 100000,
        "out": 690,
        "discarded": 99310,
        "Read1": {
            "basepairs_in": 30000000,
            "basepairs_out": 182160,
            "primerTrim": 690,
            "primerBpTrim": 24840
        },
        "Read2": {
            "basepairs_in": 30000000,
            "basepairs_out": 192510,
            "primerTrim": 690,
            "primerBpTrim": 14490
        }
    }
  }, {
    "Program_details": {
        "program": "hts_NTrimmer",
        "version": "1.3.2",
        "options": {
            "append-stats-file": "/nmspipeline//01-Processing/TRIMMER0090_P79/01-PrimerTrim/33-SMARTindex_LC_primers.log",
            "exclude": true,
            "force": false,
            "notes": "",
            "uncompressed": false
        }
    },
    "Fragment": {
        "in": 690,
        "out": 690,
        "basepairs_in": 374670,
        "basepairs_out": 374670
    },
    "Single_end": {
        "in": 0,
        "out": 0,
        "basepairs_in": 0,
        "basepairs_out": 0,
        "rightTrim": 0,
        "leftTrim": 0,
        "discarded": 0
    },
    "Paired_end": {
        "in": 690,
        "out": 690,
        "discarded": 0,
        "Read1": {
            "basepairs_in": 182160,
            "basepairs_out": 182160,
            "leftTrim": 0,
            "rightTrim": 0
        },
        "Read2": {
            "basepairs_in": 192510,
            "basepairs_out": 192510,
            "leftTrim": 0,
            "rightTrim": 0
        }
    }
  }, {
    "Program_details": {
        "program": "hts_SeqScreener",
        "version": "1.3.2",
        "options": {
            "append-stats-file": "/nmspipeline//01-Processing/TRIMMER0090_P79/01-PrimerTrim/33-SMARTindex_LC_primers.log",
            "check-read-2": true,
            "force": false,
            "inverse": false,
            "kmer": 21,
            "notes": "",
            "percentage-hits": 0.01,
            "record": true,
            "seq": "../aberrant_LC.fasta",
            "uncompressed": false
        },
        "screen_info": {
            "screenBP": 96,
            "lookupKmers": 8
        }
    },
    "Fragment": {
        "in": 690,
        "out": 690,
        "basepairs_in": 374670,
        "basepairs_out": 374670
    },
    "Single_end": {
        "in": 0,
        "out": 0,
        "basepairs_in": 0,
        "basepairs_out": 0,
        "hits": 0
    },
    "Paired_end": {
        "in": 690,
        "out": 690,
        "hits": 351,
        "Read1": {
            "basepairs_in": 182160,
            "basepairs_out": 182160
        },
        "Read2": {
            "basepairs_in": 192510,
            "basepairs_out": 192510
        }
    }
  }, {
    "Program_details": {
        "program": "hts_QWindowTrim",
        "version": "1.3.2",
        "options": {
            "append-stats-file": "/nmspipeline//01-Processing/TRIMMER0090_P79/01-PrimerTrim/33-SMARTindex_LC_primers.log",
            "avg-qual-score": 10,
            "force": false,
            "no-left": true,
            "no-right": false,
            "notes": "",
            "qual-offset": 33,
            "uncompressed": false,
            "window-size": 10
        }
    },
    "Fragment": {
        "in": 690,
        "out": 690,
        "basepairs_in": 374670,
        "basepairs_out": 373814
    },
    "Single_end": {
        "in": 0,
        "out": 0,
        "basepairs_in": 0,
        "basepairs_out": 0,
        "rightTrim": 0,
        "leftTrim": 0
    },
    "Paired_end": {
        "in": 690,
        "out": 690,
        "Read1": {
            "basepairs_in": 182160,
            "basepairs_out": 181754,
            "leftTrim": 0,
            "rightTrim": 406
        },
        "Read2": {
            "basepairs_in": 192510,
            "basepairs_out": 192060,
            "leftTrim": 0,
            "rightTrim": 450
        }
    }
  }, {
    "Program_details": {
        "program": "hts_Overlapper",
        "version": "1.3.2",
        "options": {
            "append-stats-file": "/nmspipeline//01-Processing/TRIMMER0090_P79/01-PrimerTrim/33-SMARTindex_LC_primers.log",
            "check-lengths": 20,
            "force": false,
            "force-pairs": false,
            "kmer": 8,
            "kmer-offset": 1,
            "max-mismatch": 100,
            "max-mismatch-errorDensity": 0.25,
            "min-overlap": 8,
            "notes": "",
            "number-of-threads": 1,
            "uncompressed": false
        }
    },
    "Fragment": {
        "in": 690,
        "out": 690,
        "basepairs_in": 373814,
        "basepairs_out": 288162,
        "inserts": {
            "short": 31,
            "medium": 620,
            "long": 39
        },
        "overlap_histogram": [ [15,1], [45,1], [46,1], [49,1], [56,1], [58,1], [62,2], [67,2], [70,1], [73,1], [83,1], [86,1], [91,1], [93,1], [98,1], [101,2], [119,1], [137,1], [141,1], [145,1], [170,1], [172,1], [192,1], [228,2], [241,1], [249,1], [265,1], [292,1], [295,1], [304,1], [324,4], [327,2], [353,1], [363,1], [384,1], [386,1], [389,1], [390,2], [393,1], [398,7], [399,13], [400,8], [402,3], [403,1], [404,2], [405,2], [406,4], [407,10], [409,1], [411,8], [413,1], [414,1], [415,1], [417,33], [418,68], [419,4], [420,9], [421,6], [422,28], [423,26], [424,5], [425,4], [426,20], [427,3], [428,36], [429,6], [430,4], [431,1], [432,116], [433,8], [434,1], [435,12], [436,8], [437,5], [438,3], [439,84], [440,30], [441,4], [442,1], [444,1], [445,1], [447,2], [453,7], [455,2], [461,1], [471,1], [491,1] ]
    },
    "Single_end": {
        "in": 0,
        "out": 651,
        "basepairs_in": 0,
        "basepairs_out": 267053
    },
    "Paired_end": {
        "in": 690,
        "out": 39,
        "Read1": {
            "basepairs_in": 181754,
            "basepairs_out": 10252
        },
        "Read2": {
            "basepairs_in": 192060,
            "basepairs_out": 10857
        }
    }
  }, {
    "Program_details": {
        "program": "hts_LengthFilter",
        "version": "1.3.2",
        "options": {
            "append-stats-file": "/nmspipeline//01-Processing/TRIMMER0090_P79/01-PrimerTrim/33-SMARTindex_LC_primers.log",
            "fastq-output": "/nmspipeline//01-Processing/TRIMMER0090_P79/01-PrimerTrim/33-SMARTindex_LC_primers",
            "force": true,
            "max-length": 0,
            "min-length": 385,
            "no-orphans": false,
            "notes": "",
            "stranded": false,
            "uncompressed": false
        }
    },
    "Fragment": {
        "in": 690,
        "out": 608,
        "basepairs_in": 288162,
        "basepairs_out": 259502
    },
    "Single_end": {
        "in": 651,
        "out": 608,
        "basepairs_in": 267053,
        "basepairs_out": 259502,
        "discarded": 43
    },
    "Paired_end": {
        "in": 39,
        "out": 0,
        "discarded": 39,
        "Read1": {
            "basepairs_in": 10252,
            "basepairs_out": 0,
            "discarded": 0
        },
        "Read2": {
            "basepairs_in": 10857,
            "basepairs_out": 0,
            "discarded": 0
        }
    }
  }
]
