[ {
    "Program_details": {
        "program": "hts_Primers",
        "version": "1.3.2",
        "options": {
            "flip": true,
            "float": 0,
            "force": false,
            "keep": false,
            "min_primer_matches": 2,
            "notes": "",
            "primer_end_mismatches": 0,
            "primer_mismatches": 0,
            "primers_3p": "../hc_primers.fasta",
            "primers_5p": "TTGGTAAACAGTGGTATCAACGCAGAGTACATGGGG",
            "read1-input": [ "/nmspipeline//01-Processing/TRIMMER0090_P79/00-RawData/TRIMMER_Plate79_S1_L001_R1_001_sub.fastq.gz"],
            "read2-input": [ "/nmspipeline//01-Processing/TRIMMER0090_P79/00-RawData/TRIMMER_Plate79_S1_L001_R2_001_sub.fastq.gz"],
            "stats-file": "/nmspipeline//01-Processing/TRIMMER0090_P79/01-PrimerTrim/34-SMARTindex_HC_primers.log",
            "uncompressed": false
        },
        "primers": [ ["p5primer1","TTGGTAAACAGTGGTATCAACGCAGAGTACATGGGG"], ["Ga3.10for_mIGH3","GGATAGACAGATGGGGCTGTTGTTGT"], ["Ga12HC.10_REV_CHI","ATAGACAGATGGGGGTGTCGTTTTGG"], ["p5primer1","TTGGTAAACAGTGGTATCAACGCAGAGTACATGGGG"], ["Ga3.10for_mIGH3","GGATAGACAGATGGGGCTGTTGTTGT"], ["Ga12HC.10_REV_CHI","ATAGACAGATGGGGGTGTCGTTTTGG"] ]
    },
    "Fragment": {
        "in": 100000,
        "out": 307,
        "basepairs_in": 60000000,
        "basepairs_out": 165166,
        "flipped": 154,
        "primers_counts": [ ["p5primer1","Ga12HC.10_REV_CHI",307], ["None","Ga3.10for_mIGH3",573], ["p5primer1","None",665], ["None","Ga12HC.10_REV_CHI",25493], ["None","None",72962] ]
    },
    "Single_end": {
        "in": 0,
        "out": 0,
        "basepairs_in": 0,
        "basepairs_out": 0,
        "primerTrim": 0,
        "primerBpTrim": 0,
        "discarded": 0
    },
    "Paired_end": {
        "in": 100000,
        "out": 307,
        "discarded": 99693,
        "Read1": {
            "basepairs_in": 30000000,
            "basepairs_out": 81048,
            "primerTrim": 307,
            "primerBpTrim": 11052
        },
        "Read2": {
            "basepairs_in": 30000000,
            "basepairs_out": 84118,
            "primerTrim": 307,
            "primerBpTrim": 7982
        }
    }
  }, {
    "Program_details": {
        "program": "hts_NTrimmer",
        "version": "1.3.2",
        "options": {
            "append-stats-file": "/nmspipeline//01-Processing/TRIMMER0090_P79/01-PrimerTrim/34-SMARTindex_HC_primers.log",
            "exclude": true,
            "force": false,
            "notes": "",
            "uncompressed": false
        }
    },
    "Fragment": {
        "in": 307,
        "out": 307,
        "basepairs_in": 165166,
        "basepairs_out": 165166
    },
    "Single_end": {
        "in": 0,
        "out": 0,
        "basepairs_in": 0,
        "basepairs_out": 0,
        "rightTrim": 0,
        "leftTrim": 0,
        "discarded": 0
    },
    "Paired_end": {
        "in": 307,
        "out": 307,
        "discarded": 0,
        "Read1": {
            "basepairs_in": 81048,
            "basepairs_out": 81048,
            "leftTrim": 0,
            "rightTrim": 0
        },
        "Read2": {
            "basepairs_in": 84118,
            "basepairs_out": 84118,
            "leftTrim": 0,
            "rightTrim": 0
        }
    }
  }, {
    "Program_details": {
        "program": "hts_SeqScreener",
        "version": "1.3.2",
        "options": {
            "append-stats-file": "/nmspipeline//01-Processing/TRIMMER0090_P79/01-PrimerTrim/34-SMARTindex_HC_primers.log",
            "check-read-2": true,
            "force": false,
            "inverse": false,
            "kmer": 21,
            "notes": "",
            "percentage-hits": 0.01,
            "record": true,
            "seq": "../aberrant_LC.fasta",
            "uncompressed": false
        },
        "screen_info": {
            "screenBP": 96,
            "lookupKmers": 8
        }
    },
    "Fragment": {
        "in": 307,
        "out": 307,
        "basepairs_in": 165166,
        "basepairs_out": 165166
    },
    "Single_end": {
        "in": 0,
        "out": 0,
        "basepairs_in": 0,
        "basepairs_out": 0,
        "hits": 0
    },
    "Paired_end": {
        "in": 307,
        "out": 307,
        "hits": 0,
        "Read1": {
            "basepairs_in": 81048,
            "basepairs_out": 81048
        },
        "Read2": {
            "basepairs_in": 84118,
            "basepairs_out": 84118
        }
    }
  }, {
    "Program_details": {
        "program": "hts_QWindowTrim",
        "version": "1.3.2",
        "options": {
            "append-stats-file": "/nmspipeline//01-Processing/TRIMMER0090_P79/01-PrimerTrim/34-SMARTindex_HC_primers.log",
            "avg-qual-score": 10,
            "force": false,
            "no-left": true,
            "no-right": false,
            "notes": "",
            "qual-offset": 33,
            "uncompressed": false,
            "window-size": 10
        }
    },
    "Fragment": {
        "in": 307,
        "out": 307,
        "basepairs_in": 165166,
        "basepairs_out": 164709
    },
    "Single_end": {
        "in": 0,
        "out": 0,
        "basepairs_in": 0,
        "basepairs_out": 0,
        "rightTrim": 0,
        "leftTrim": 0
    },
    "Paired_end": {
        "in": 307,
        "out": 307,
        "Read1": {
            "basepairs_in": 81048,
            "basepairs_out": 80827,
            "leftTrim": 0,
            "rightTrim": 221
        },
        "Read2": {
            "basepairs_in": 84118,
            "basepairs_out": 83882,
            "leftTrim": 0,
            "rightTrim": 236
        }
    }
  }, {
    "Program_details": {
        "program": "hts_Overlapper",
        "version": "1.3.2",
        "options": {
            "append-stats-file": "/nmspipeline//01-Processing/TRIMMER0090_P79/01-PrimerTrim/34-SMARTindex_HC_primers.log",
            "check-lengths": 20,
            "force": false,
            "force-pairs": false,
            "kmer": 8,
            "kmer-offset": 1,
            "max-mismatch": 100,
            "max-mismatch-errorDensity": 0.25,
            "min-overlap": 8,
            "notes": "",
            "number-of-threads": 1,
            "uncompressed": false
        }
    },
    "Fragment": {
        "in": 307,
        "out": 307,
        "basepairs_in": 164709,
        "basepairs_out": 128590,
        "inserts": {
            "short": 15,
            "medium": 264,
            "long": 28
        },
        "overlap_histogram": [ [9,1], [32,1], [40,2], [51,2], [117,1], [118,1], [125,1], [158,1], [179,1], [183,1], [189,1], [201,1], [254,1], [282,1], [290,1], [358,2], [409,1], [417,2], [418,11], [419,5], [420,20], [421,2], [424,33], [425,5], [426,160], [427,7], [428,6], [432,2], [435,2], [441,1], [451,2], [511,1] ]
    },
    "Single_end": {
        "in": 0,
        "out": 279,
        "basepairs_in": 0,
        "basepairs_out": 113635
    },
    "Paired_end": {
        "in": 307,
        "out": 28,
        "Read1": {
            "basepairs_in": 80827,
            "basepairs_out": 7344
        },
        "Read2": {
            "basepairs_in": 83882,
            "basepairs_out": 7611
        }
    }
  }, {
    "Program_details": {
        "program": "hts_LengthFilter",
        "version": "1.3.2",
        "options": {
            "append-stats-file": "/nmspipeline//01-Processing/TRIMMER0090_P79/01-PrimerTrim/34-SMARTindex_HC_primers.log",
            "fastq-output": "/nmspipeline//01-Processing/TRIMMER0090_P79/01-PrimerTrim/34-SMARTindex_HC_primers",
            "force": true,
            "max-length": 0,
            "min-length": 385,
            "no-orphans": false,
            "notes": "",
            "stranded": false,
            "uncompressed": false
        }
    },
    "Fragment": {
        "in": 307,
        "out": 260,
        "basepairs_in": 128590,
        "basepairs_out": 110600
    },
    "Single_end": {
        "in": 279,
        "out": 260,
        "basepairs_in": 113635,
        "basepairs_out": 110600,
        "discarded": 19
    },
    "Paired_end": {
        "in": 28,
        "out": 0,
        "discarded": 28,
        "Read1": {
            "basepairs_in": 7344,
            "basepairs_out": 0,
            "discarded": 0
        },
        "Read2": {
            "basepairs_in": 7611,
            "basepairs_out": 0,
            "discarded": 0
        }
    }
  }
]
