[ {
    "Program_details": {
        "program": "hts_Primers",
        "version": "1.3.2",
        "options": {
            "flip": true,
            "float": 0,
            "force": false,
            "keep": false,
            "min_primer_matches": 2,
            "notes": "",
            "primer_end_mismatches": 0,
            "primer_mismatches": 0,
            "primers_3p": "../lc_primers.fasta",
            "primers_5p": "TTGGTAAACAGTGGTATCAACGCAGAGTACATGGGG",
            "read1-input": [ "/nmspipeline//01-Processing/TRIMMER0090_P79/00-RawData/TRIMMER_Plate79_S1_L001_R1_001_sub.fastq.gz"],
            "read2-input": [ "/nmspipeline//01-Processing/TRIMMER0090_P79/00-RawData/TRIMMER_Plate79_S1_L001_R2_001_sub.fastq.gz"],
            "stats-file": "/nmspipeline//01-Processing/TRIMMER0090_P79/01-PrimerTrim/34-SMARTindex_LC_primers.log",
            "uncompressed": false
        },
        "primers": [ ["p5primer1","TTGGTAAACAGTGGTATCAACGCAGAGTACATGGGG"], ["KaLC.6_REV_LC","GGATACAGTTGGTGCAGCATC"], ["LaLC.R-mIGL","ATCGTACACACCAGTGTGGC"], ["p5primer1","TTGGTAAACAGTGGTATCAACGCAGAGTACATGGGG"], ["KaLC.6_REV_LC","GGATACAGTTGGTGCAGCATC"], ["LaLC.R-mIGL","ATCGTACACACCAGTGTGGC"] ]
    },
    "Fragment": {
        "in": 100000,
        "out": 538,
        "basepairs_in": 60000000,
        "basepairs_out": 292140,
        "flipped": 217,
        "primers_counts": [ ["p5primer1","LaLC.R-mIGL",6], ["p5primer1","KaLC.6_REV_LC",532], ["p5primer1","None",434], ["None","None",39940], ["None","KaLC.6_REV_LC",56248], ["None","LaLC.R-mIGL",2840] ]
    },
    "Single_end": {
        "in": 0,
        "out": 0,
        "basepairs_in": 0,
        "basepairs_out": 0,
        "primerTrim": 0,
        "primerBpTrim": 0,
        "discarded": 0
    },
    "Paired_end": {
        "in": 100000,
        "out": 538,
        "discarded": 99462,
        "Read1": {
            "basepairs_in": 30000000,
            "basepairs_out": 142032,
            "primerTrim": 538,
            "primerBpTrim": 19368
        },
        "Read2": {
            "basepairs_in": 30000000,
            "basepairs_out": 150108,
            "primerTrim": 538,
            "primerBpTrim": 11292
        }
    }
  }, {
    "Program_details": {
        "program": "hts_NTrimmer",
        "version": "1.3.2",
        "options": {
            "append-stats-file": "/nmspipeline//01-Processing/TRIMMER0090_P79/01-PrimerTrim/34-SMARTindex_LC_primers.log",
            "exclude": true,
            "force": false,
            "notes": "",
            "uncompressed": false
        }
    },
    "Fragment": {
        "in": 538,
        "out": 538,
        "basepairs_in": 292140,
        "basepairs_out": 292140
    },
    "Single_end": {
        "in": 0,
        "out": 0,
        "basepairs_in": 0,
        "basepairs_out": 0,
        "rightTrim": 0,
        "leftTrim": 0,
        "discarded": 0
    },
    "Paired_end": {
        "in": 538,
        "out": 538,
        "discarded": 0,
        "Read1": {
            "basepairs_in": 142032,
            "basepairs_out": 142032,
            "leftTrim": 0,
            "rightTrim": 0
        },
        "Read2": {
            "basepairs_in": 150108,
            "basepairs_out": 150108,
            "leftTrim": 0,
            "rightTrim": 0
        }
    }
  }, {
    "Program_details": {
        "program": "hts_SeqScreener",
        "version": "1.3.2",
        "options": {
            "append-stats-file": "/nmspipeline//01-Processing/TRIMMER0090_P79/01-PrimerTrim/34-SMARTindex_LC_primers.log",
            "check-read-2": true,
            "force": false,
            "inverse": false,
            "kmer": 21,
            "notes": "",
            "percentage-hits": 0.01,
            "record": true,
            "seq": "../aberrant_LC.fasta",
            "uncompressed": false
        },
        "screen_info": {
            "screenBP": 96,
            "lookupKmers": 8
        }
    },
    "Fragment": {
        "in": 538,
        "out": 538,
        "basepairs_in": 292140,
        "basepairs_out": 292140
    },
    "Single_end": {
        "in": 0,
        "out": 0,
        "basepairs_in": 0,
        "basepairs_out": 0,
        "hits": 0
    },
    "Paired_end": {
        "in": 538,
        "out": 538,
        "hits": 67,
        "Read1": {
            "basepairs_in": 142032,
            "basepairs_out": 142032
        },
        "Read2": {
            "basepairs_in": 150108,
            "basepairs_out": 150108
        }
    }
  }, {
    "Program_details": {
        "program": "hts_QWindowTrim",
        "version": "1.3.2",
        "options": {
            "append-stats-file": "/nmspipeline//01-Processing/TRIMMER0090_P79/01-PrimerTrim/34-SMARTindex_LC_primers.log",
            "avg-qual-score": 10,
            "force": false,
            "no-left": true,
            "no-right": false,
            "notes": "",
            "qual-offset": 33,
            "uncompressed": false,
            "window-size": 10
        }
    },
    "Fragment": {
        "in": 538,
        "out": 538,
        "basepairs_in": 292140,
        "basepairs_out": 291565
    },
    "Single_end": {
        "in": 0,
        "out": 0,
        "basepairs_in": 0,
        "basepairs_out": 0,
        "rightTrim": 0,
        "leftTrim": 0
    },
    "Paired_end": {
        "in": 538,
        "out": 538,
        "Read1": {
            "basepairs_in": 142032,
            "basepairs_out": 141704,
            "leftTrim": 0,
            "rightTrim": 328
        },
        "Read2": {
            "basepairs_in": 150108,
            "basepairs_out": 149861,
            "leftTrim": 0,
            "rightTrim": 247
        }
    }
  }, {
    "Program_details": {
        "program": "hts_Overlapper",
        "version": "1.3.2",
        "options": {
            "append-stats-file": "/nmspipeline//01-Processing/TRIMMER0090_P79/01-PrimerTrim/34-SMARTindex_LC_primers.log",
            "check-lengths": 20,
            "force": false,
            "force-pairs": false,
            "kmer": 8,
            "kmer-offset": 1,
            "max-mismatch": 100,
            "max-mismatch-errorDensity": 0.25,
            "min-overlap": 8,
            "notes": "",
            "number-of-threads": 1,
            "uncompressed": false
        }
    },
    "Fragment": {
        "in": 538,
        "out": 538,
        "basepairs_in": 291565,
        "basepairs_out": 223972,
        "inserts": {
            "short": 26,
            "medium": 483,
            "long": 29
        },
        "overlap_histogram": [ [32,1], [39,1], [47,1], [49,2], [53,1], [58,1], [60,1], [89,1], [93,1], [97,1], [100,1], [109,1], [112,1], [116,1], [119,1], [124,1], [130,1], [133,1], [137,1], [145,1], [149,1], [186,1], [204,1], [206,1], [213,1], [332,1], [355,1], [364,1], [366,3], [369,1], [370,1], [381,1], [389,1], [396,1], [398,4], [399,5], [406,1], [407,6], [409,48], [410,26], [411,8], [412,5], [413,1], [414,1], [415,1], [417,1], [418,25], [419,2], [420,1], [421,154], [422,17], [423,13], [424,3], [426,1], [427,2], [433,1], [438,3], [439,69], [440,8], [441,9], [442,5], [443,4], [444,24], [445,1], [450,1], [476,1], [490,8], [492,11], [497,1], [503,1] ]
    },
    "Single_end": {
        "in": 0,
        "out": 509,
        "basepairs_in": 0,
        "basepairs_out": 208272
    },
    "Paired_end": {
        "in": 538,
        "out": 29,
        "Read1": {
            "basepairs_in": 141704,
            "basepairs_out": 7616
        },
        "Read2": {
            "basepairs_in": 149861,
            "basepairs_out": 8084
        }
    }
  }, {
    "Program_details": {
        "program": "hts_LengthFilter",
        "version": "1.3.2",
        "options": {
            "append-stats-file": "/nmspipeline//01-Processing/TRIMMER0090_P79/01-PrimerTrim/34-SMARTindex_LC_primers.log",
            "fastq-output": "/nmspipeline//01-Processing/TRIMMER0090_P79/01-PrimerTrim/34-SMARTindex_LC_primers",
            "force": true,
            "max-length": 0,
            "min-length": 385,
            "no-orphans": false,
            "notes": "",
            "stranded": false,
            "uncompressed": false
        }
    },
    "Fragment": {
        "in": 538,
        "out": 474,
        "basepairs_in": 223972,
        "basepairs_out": 202154
    },
    "Single_end": {
        "in": 509,
        "out": 474,
        "basepairs_in": 208272,
        "basepairs_out": 202154,
        "discarded": 35
    },
    "Paired_end": {
        "in": 29,
        "out": 0,
        "discarded": 29,
        "Read1": {
            "basepairs_in": 7616,
            "basepairs_out": 0,
            "discarded": 0
        },
        "Read2": {
            "basepairs_in": 8084,
            "basepairs_out": 0,
            "discarded": 0
        }
    }
  }
]
