[ {
    "Program_details": {
        "program": "hts_Primers",
        "version": "1.3.2",
        "options": {
            "flip": true,
            "float": 0,
            "force": false,
            "keep": false,
            "min_primer_matches": 2,
            "notes": "",
            "primer_end_mismatches": 0,
            "primer_mismatches": 0,
            "primers_3p": "../lc_primers.fasta",
            "primers_5p": "GTTACCAACAGTGGTATCAACGCAGAGTACATGGGG",
            "read1-input": [ "/nmspipeline//01-Processing/TRIMMER0090_P79/00-RawData/TRIMMER_Plate79_S1_L001_R1_001_sub.fastq.gz"],
            "read2-input": [ "/nmspipeline//01-Processing/TRIMMER0090_P79/00-RawData/TRIMMER_Plate79_S1_L001_R2_001_sub.fastq.gz"],
            "stats-file": "/nmspipeline//01-Processing/TRIMMER0090_P79/01-PrimerTrim/35-SMARTindex_LC_primers.log",
            "uncompressed": false
        },
        "primers": [ ["p5primer1","GTTACCAACAGTGGTATCAACGCAGAGTACATGGGG"], ["KaLC.6_REV_LC","GGATACAGTTGGTGCAGCATC"], ["LaLC.R-mIGL","ATCGTACACACCAGTGTGGC"], ["p5primer1","GTTACCAACAGTGGTATCAACGCAGAGTACATGGGG"], ["KaLC.6_REV_LC","GGATACAGTTGGTGCAGCATC"], ["LaLC.R-mIGL","ATCGTACACACCAGTGTGGC"] ]
    },
    "Fragment": {
        "in": 100000,
        "out": 27,
        "basepairs_in": 60000000,
        "basepairs_out": 14661,
        "flipped": 7,
        "primers_counts": [ ["p5primer1","KaLC.6_REV_LC",27], ["p5primer1","None",31], ["None","None",40343], ["None","KaLC.6_REV_LC",56753], ["None","LaLC.R-mIGL",2846] ]
    },
    "Single_end": {
        "in": 0,
        "out": 0,
        "basepairs_in": 0,
        "basepairs_out": 0,
        "primerTrim": 0,
        "primerBpTrim": 0,
        "discarded": 0
    },
    "Paired_end": {
        "in": 100000,
        "out": 27,
        "discarded": 99973,
        "Read1": {
            "basepairs_in": 30000000,
            "basepairs_out": 7128,
            "primerTrim": 27,
            "primerBpTrim": 972
        },
        "Read2": {
            "basepairs_in": 30000000,
            "basepairs_out": 7533,
            "primerTrim": 27,
            "primerBpTrim": 567
        }
    }
  }, {
    "Program_details": {
        "program": "hts_NTrimmer",
        "version": "1.3.2",
        "options": {
            "append-stats-file": "/nmspipeline//01-Processing/TRIMMER0090_P79/01-PrimerTrim/35-SMARTindex_LC_primers.log",
            "exclude": true,
            "force": false,
            "notes": "",
            "uncompressed": false
        }
    },
    "Fragment": {
        "in": 27,
        "out": 27,
        "basepairs_in": 14661,
        "basepairs_out": 14661
    },
    "Single_end": {
        "in": 0,
        "out": 0,
        "basepairs_in": 0,
        "basepairs_out": 0,
        "rightTrim": 0,
        "leftTrim": 0,
        "discarded": 0
    },
    "Paired_end": {
        "in": 27,
        "out": 27,
        "discarded": 0,
        "Read1": {
            "basepairs_in": 7128,
            "basepairs_out": 7128,
            "leftTrim": 0,
            "rightTrim": 0
        },
        "Read2": {
            "basepairs_in": 7533,
            "basepairs_out": 7533,
            "leftTrim": 0,
            "rightTrim": 0
        }
    }
  }, {
    "Program_details": {
        "program": "hts_SeqScreener",
        "version": "1.3.2",
        "options": {
            "append-stats-file": "/nmspipeline//01-Processing/TRIMMER0090_P79/01-PrimerTrim/35-SMARTindex_LC_primers.log",
            "check-read-2": true,
            "force": false,
            "inverse": false,
            "kmer": 21,
            "notes": "",
            "percentage-hits": 0.01,
            "record": true,
            "seq": "../aberrant_LC.fasta",
            "uncompressed": false
        },
        "screen_info": {
            "screenBP": 96,
            "lookupKmers": 8
        }
    },
    "Fragment": {
        "in": 27,
        "out": 27,
        "basepairs_in": 14661,
        "basepairs_out": 14661
    },
    "Single_end": {
        "in": 0,
        "out": 0,
        "basepairs_in": 0,
        "basepairs_out": 0,
        "hits": 0
    },
    "Paired_end": {
        "in": 27,
        "out": 27,
        "hits": 2,
        "Read1": {
            "basepairs_in": 7128,
            "basepairs_out": 7128
        },
        "Read2": {
            "basepairs_in": 7533,
            "basepairs_out": 7533
        }
    }
  }, {
    "Program_details": {
        "program": "hts_QWindowTrim",
        "version": "1.3.2",
        "options": {
            "append-stats-file": "/nmspipeline//01-Processing/TRIMMER0090_P79/01-PrimerTrim/35-SMARTindex_LC_primers.log",
            "avg-qual-score": 10,
            "force": false,
            "no-left": true,
            "no-right": false,
            "notes": "",
            "qual-offset": 33,
            "uncompressed": false,
            "window-size": 10
        }
    },
    "Fragment": {
        "in": 27,
        "out": 27,
        "basepairs_in": 14661,
        "basepairs_out": 14527
    },
    "Single_end": {
        "in": 0,
        "out": 0,
        "basepairs_in": 0,
        "basepairs_out": 0,
        "rightTrim": 0,
        "leftTrim": 0
    },
    "Paired_end": {
        "in": 27,
        "out": 27,
        "Read1": {
            "basepairs_in": 7128,
            "basepairs_out": 7113,
            "leftTrim": 0,
            "rightTrim": 15
        },
        "Read2": {
            "basepairs_in": 7533,
            "basepairs_out": 7414,
            "leftTrim": 0,
            "rightTrim": 119
        }
    }
  }, {
    "Program_details": {
        "program": "hts_Overlapper",
        "version": "1.3.2",
        "options": {
            "append-stats-file": "/nmspipeline//01-Processing/TRIMMER0090_P79/01-PrimerTrim/35-SMARTindex_LC_primers.log",
            "check-lengths": 20,
            "force": false,
            "force-pairs": false,
            "kmer": 8,
            "kmer-offset": 1,
            "max-mismatch": 100,
            "max-mismatch-errorDensity": 0.25,
            "min-overlap": 8,
            "notes": "",
            "number-of-threads": 1,
            "uncompressed": false
        }
    },
    "Fragment": {
        "in": 27,
        "out": 27,
        "basepairs_in": 14527,
        "basepairs_out": 8527,
        "inserts": {
            "short": 9,
            "medium": 17,
            "long": 1
        },
        "overlap_histogram": [ [9,1], [14,1], [15,1], [36,1], [47,2], [137,1], [167,1], [174,1], [375,1], [385,1], [416,1], [420,1], [427,1], [435,1], [440,1], [444,10] ]
    },
    "Single_end": {
        "in": 0,
        "out": 26,
        "basepairs_in": 0,
        "basepairs_out": 7984
    },
    "Paired_end": {
        "in": 27,
        "out": 1,
        "Read1": {
            "basepairs_in": 7113,
            "basepairs_out": 264
        },
        "Read2": {
            "basepairs_in": 7414,
            "basepairs_out": 279
        }
    }
  }, {
    "Program_details": {
        "program": "hts_LengthFilter",
        "version": "1.3.2",
        "options": {
            "append-stats-file": "/nmspipeline//01-Processing/TRIMMER0090_P79/01-PrimerTrim/35-SMARTindex_LC_primers.log",
            "fastq-output": "/nmspipeline//01-Processing/TRIMMER0090_P79/01-PrimerTrim/35-SMARTindex_LC_primers",
            "force": true,
            "max-length": 0,
            "min-length": 385,
            "no-orphans": false,
            "notes": "",
            "stranded": false,
            "uncompressed": false
        }
    },
    "Fragment": {
        "in": 27,
        "out": 16,
        "basepairs_in": 8527,
        "basepairs_out": 6963
    },
    "Single_end": {
        "in": 26,
        "out": 16,
        "basepairs_in": 7984,
        "basepairs_out": 6963,
        "discarded": 10
    },
    "Paired_end": {
        "in": 1,
        "out": 0,
        "discarded": 1,
        "Read1": {
            "basepairs_in": 264,
            "basepairs_out": 0,
            "discarded": 0
        },
        "Read2": {
            "basepairs_in": 279,
            "basepairs_out": 0,
            "discarded": 0
        }
    }
  }
]
