[ {
    "Program_details": {
        "program": "hts_Primers",
        "version": "1.3.2",
        "options": {
            "flip": true,
            "float": 0,
            "force": false,
            "keep": false,
            "min_primer_matches": 2,
            "notes": "",
            "primer_end_mismatches": 0,
            "primer_mismatches": 0,
            "primers_3p": "../hc_primers.fasta",
            "primers_5p": "GTTACCAACAGTGGTATCAACGCAGAGTACATGGGG",
            "read1-input": [ "/nmspipeline//01-Processing/TRIMMER0090_P79/00-RawData/TRIMMER_Plate79_S1_L001_R1_001_sub.fastq.gz"],
            "read2-input": [ "/nmspipeline//01-Processing/TRIMMER0090_P79/00-RawData/TRIMMER_Plate79_S1_L001_R2_001_sub.fastq.gz"],
            "stats-file": "/nmspipeline//01-Processing/TRIMMER0090_P79/01-PrimerTrim/35-SMARTindex_HC_primers.log",
            "uncompressed": false
        },
        "primers": [ ["p5primer1","GTTACCAACAGTGGTATCAACGCAGAGTACATGGGG"], ["Ga3.10for_mIGH3","GGATAGACAGATGGGGCTGTTGTTGT"], ["Ga12HC.10_REV_CHI","ATAGACAGATGGGGGTGTCGTTTTGG"], ["p5primer1","GTTACCAACAGTGGTATCAACGCAGAGTACATGGGG"], ["Ga3.10for_mIGH3","GGATAGACAGATGGGGCTGTTGTTGT"], ["Ga12HC.10_REV_CHI","ATAGACAGATGGGGGTGTCGTTTTGG"] ]
    },
    "Fragment": {
        "in": 100000,
        "out": 14,
        "basepairs_in": 60000000,
        "basepairs_out": 7532,
        "flipped": 7,
        "primers_counts": [ ["p5primer1","None",44], ["p5primer1","Ga12HC.10_REV_CHI",14], ["None","Ga3.10for_mIGH3",573], ["None","Ga12HC.10_REV_CHI",25786], ["None","None",73583] ]
    },
    "Single_end": {
        "in": 0,
        "out": 0,
        "basepairs_in": 0,
        "basepairs_out": 0,
        "primerTrim": 0,
        "primerBpTrim": 0,
        "discarded": 0
    },
    "Paired_end": {
        "in": 100000,
        "out": 14,
        "discarded": 99986,
        "Read1": {
            "basepairs_in": 30000000,
            "basepairs_out": 3696,
            "primerTrim": 14,
            "primerBpTrim": 504
        },
        "Read2": {
            "basepairs_in": 30000000,
            "basepairs_out": 3836,
            "primerTrim": 14,
            "primerBpTrim": 364
        }
    }
  }, {
    "Program_details": {
        "program": "hts_NTrimmer",
        "version": "1.3.2",
        "options": {
            "append-stats-file": "/nmspipeline//01-Processing/TRIMMER0090_P79/01-PrimerTrim/35-SMARTindex_HC_primers.log",
            "exclude": true,
            "force": false,
            "notes": "",
            "uncompressed": false
        }
    },
    "Fragment": {
        "in": 14,
        "out": 14,
        "basepairs_in": 7532,
        "basepairs_out": 7532
    },
    "Single_end": {
        "in": 0,
        "out": 0,
        "basepairs_in": 0,
        "basepairs_out": 0,
        "rightTrim": 0,
        "leftTrim": 0,
        "discarded": 0
    },
    "Paired_end": {
        "in": 14,
        "out": 14,
        "discarded": 0,
        "Read1": {
            "basepairs_in": 3696,
            "basepairs_out": 3696,
            "leftTrim": 0,
            "rightTrim": 0
        },
        "Read2": {
            "basepairs_in": 3836,
            "basepairs_out": 3836,
            "leftTrim": 0,
            "rightTrim": 0
        }
    }
  }, {
    "Program_details": {
        "program": "hts_SeqScreener",
        "version": "1.3.2",
        "options": {
            "append-stats-file": "/nmspipeline//01-Processing/TRIMMER0090_P79/01-PrimerTrim/35-SMARTindex_HC_primers.log",
            "check-read-2": true,
            "force": false,
            "inverse": false,
            "kmer": 21,
            "notes": "",
            "percentage-hits": 0.01,
            "record": true,
            "seq": "../aberrant_LC.fasta",
            "uncompressed": false
        },
        "screen_info": {
            "screenBP": 96,
            "lookupKmers": 8
        }
    },
    "Fragment": {
        "in": 14,
        "out": 14,
        "basepairs_in": 7532,
        "basepairs_out": 7532
    },
    "Single_end": {
        "in": 0,
        "out": 0,
        "basepairs_in": 0,
        "basepairs_out": 0,
        "hits": 0
    },
    "Paired_end": {
        "in": 14,
        "out": 14,
        "hits": 0,
        "Read1": {
            "basepairs_in": 3696,
            "basepairs_out": 3696
        },
        "Read2": {
            "basepairs_in": 3836,
            "basepairs_out": 3836
        }
    }
  }, {
    "Program_details": {
        "program": "hts_QWindowTrim",
        "version": "1.3.2",
        "options": {
            "append-stats-file": "/nmspipeline//01-Processing/TRIMMER0090_P79/01-PrimerTrim/35-SMARTindex_HC_primers.log",
            "avg-qual-score": 10,
            "force": false,
            "no-left": true,
            "no-right": false,
            "notes": "",
            "qual-offset": 33,
            "uncompressed": false,
            "window-size": 10
        }
    },
    "Fragment": {
        "in": 14,
        "out": 14,
        "basepairs_in": 7532,
        "basepairs_out": 7476
    },
    "Single_end": {
        "in": 0,
        "out": 0,
        "basepairs_in": 0,
        "basepairs_out": 0,
        "rightTrim": 0,
        "leftTrim": 0
    },
    "Paired_end": {
        "in": 14,
        "out": 14,
        "Read1": {
            "basepairs_in": 3696,
            "basepairs_out": 3683,
            "leftTrim": 0,
            "rightTrim": 13
        },
        "Read2": {
            "basepairs_in": 3836,
            "basepairs_out": 3793,
            "leftTrim": 0,
            "rightTrim": 43
        }
    }
  }, {
    "Program_details": {
        "program": "hts_Overlapper",
        "version": "1.3.2",
        "options": {
            "append-stats-file": "/nmspipeline//01-Processing/TRIMMER0090_P79/01-PrimerTrim/35-SMARTindex_HC_primers.log",
            "check-lengths": 20,
            "force": false,
            "force-pairs": false,
            "kmer": 8,
            "kmer-offset": 1,
            "max-mismatch": 100,
            "max-mismatch-errorDensity": 0.25,
            "min-overlap": 8,
            "notes": "",
            "number-of-threads": 1,
            "uncompressed": false
        }
    },
    "Fragment": {
        "in": 14,
        "out": 14,
        "basepairs_in": 7476,
        "basepairs_out": 5976,
        "inserts": {
            "short": 2,
            "medium": 9,
            "long": 3
        },
        "overlap_histogram": [ [155,1], [181,1], [291,1], [409,1], [460,1], [462,1], [466,1], [486,1], [489,1], [491,1], [492,1] ]
    },
    "Single_end": {
        "in": 0,
        "out": 11,
        "basepairs_in": 0,
        "basepairs_out": 4382
    },
    "Paired_end": {
        "in": 14,
        "out": 3,
        "Read1": {
            "basepairs_in": 3683,
            "basepairs_out": 791
        },
        "Read2": {
            "basepairs_in": 3793,
            "basepairs_out": 803
        }
    }
  }, {
    "Program_details": {
        "program": "hts_LengthFilter",
        "version": "1.3.2",
        "options": {
            "append-stats-file": "/nmspipeline//01-Processing/TRIMMER0090_P79/01-PrimerTrim/35-SMARTindex_HC_primers.log",
            "fastq-output": "/nmspipeline//01-Processing/TRIMMER0090_P79/01-PrimerTrim/35-SMARTindex_HC_primers",
            "force": true,
            "max-length": 0,
            "min-length": 385,
            "no-orphans": false,
            "notes": "",
            "stranded": false,
            "uncompressed": false
        }
    },
    "Fragment": {
        "in": 14,
        "out": 8,
        "basepairs_in": 5976,
        "basepairs_out": 3755
    },
    "Single_end": {
        "in": 11,
        "out": 8,
        "basepairs_in": 4382,
        "basepairs_out": 3755,
        "discarded": 3
    },
    "Paired_end": {
        "in": 3,
        "out": 0,
        "discarded": 3,
        "Read1": {
            "basepairs_in": 791,
            "basepairs_out": 0,
            "discarded": 0
        },
        "Read2": {
            "basepairs_in": 803,
            "basepairs_out": 0,
            "discarded": 0
        }
    }
  }
]
