[ {
    "Program_details": {
        "program": "hts_Primers",
        "version": "1.3.2",
        "options": {
            "flip": true,
            "float": 0,
            "force": false,
            "keep": false,
            "min_primer_matches": 2,
            "notes": "",
            "primer_end_mismatches": 0,
            "primer_mismatches": 0,
            "primers_3p": "../lc_primers.fasta",
            "primers_5p": "CGCAACAACAGTGGTATCAACGCAGAGTACATGGGG",
            "read1-input": [ "/nmspipeline//01-Processing/TRIMMER0090_P79/00-RawData/TRIMMER_Plate79_S1_L001_R1_001_sub.fastq.gz"],
            "read2-input": [ "/nmspipeline//01-Processing/TRIMMER0090_P79/00-RawData/TRIMMER_Plate79_S1_L001_R2_001_sub.fastq.gz"],
            "stats-file": "/nmspipeline//01-Processing/TRIMMER0090_P79/01-PrimerTrim/36-SMARTindex_LC_primers.log",
            "uncompressed": false
        },
        "primers": [ ["p5primer1","CGCAACAACAGTGGTATCAACGCAGAGTACATGGGG"], ["KaLC.6_REV_LC","GGATACAGTTGGTGCAGCATC"], ["LaLC.R-mIGL","ATCGTACACACCAGTGTGGC"], ["p5primer1","CGCAACAACAGTGGTATCAACGCAGAGTACATGGGG"], ["KaLC.6_REV_LC","GGATACAGTTGGTGCAGCATC"], ["LaLC.R-mIGL","ATCGTACACACCAGTGTGGC"] ]
    },
    "Fragment": {
        "in": 100000,
        "out": 26,
        "basepairs_in": 60000000,
        "basepairs_out": 14123,
        "flipped": 13,
        "primers_counts": [ ["p5primer1","LaLC.R-mIGL",5], ["p5primer1","KaLC.6_REV_LC",21], ["p5primer1","None",115], ["None","None",40259], ["None","KaLC.6_REV_LC",56759], ["None","LaLC.R-mIGL",2841] ]
    },
    "Single_end": {
        "in": 0,
        "out": 0,
        "basepairs_in": 0,
        "basepairs_out": 0,
        "primerTrim": 0,
        "primerBpTrim": 0,
        "discarded": 0
    },
    "Paired_end": {
        "in": 100000,
        "out": 26,
        "discarded": 99974,
        "Read1": {
            "basepairs_in": 30000000,
            "basepairs_out": 6864,
            "primerTrim": 26,
            "primerBpTrim": 936
        },
        "Read2": {
            "basepairs_in": 30000000,
            "basepairs_out": 7259,
            "primerTrim": 26,
            "primerBpTrim": 541
        }
    }
  }, {
    "Program_details": {
        "program": "hts_NTrimmer",
        "version": "1.3.2",
        "options": {
            "append-stats-file": "/nmspipeline//01-Processing/TRIMMER0090_P79/01-PrimerTrim/36-SMARTindex_LC_primers.log",
            "exclude": true,
            "force": false,
            "notes": "",
            "uncompressed": false
        }
    },
    "Fragment": {
        "in": 26,
        "out": 26,
        "basepairs_in": 14123,
        "basepairs_out": 14123
    },
    "Single_end": {
        "in": 0,
        "out": 0,
        "basepairs_in": 0,
        "basepairs_out": 0,
        "rightTrim": 0,
        "leftTrim": 0,
        "discarded": 0
    },
    "Paired_end": {
        "in": 26,
        "out": 26,
        "discarded": 0,
        "Read1": {
            "basepairs_in": 6864,
            "basepairs_out": 6864,
            "leftTrim": 0,
            "rightTrim": 0
        },
        "Read2": {
            "basepairs_in": 7259,
            "basepairs_out": 7259,
            "leftTrim": 0,
            "rightTrim": 0
        }
    }
  }, {
    "Program_details": {
        "program": "hts_SeqScreener",
        "version": "1.3.2",
        "options": {
            "append-stats-file": "/nmspipeline//01-Processing/TRIMMER0090_P79/01-PrimerTrim/36-SMARTindex_LC_primers.log",
            "check-read-2": true,
            "force": false,
            "inverse": false,
            "kmer": 21,
            "notes": "",
            "percentage-hits": 0.01,
            "record": true,
            "seq": "../aberrant_LC.fasta",
            "uncompressed": false
        },
        "screen_info": {
            "screenBP": 96,
            "lookupKmers": 8
        }
    },
    "Fragment": {
        "in": 26,
        "out": 26,
        "basepairs_in": 14123,
        "basepairs_out": 14123
    },
    "Single_end": {
        "in": 0,
        "out": 0,
        "basepairs_in": 0,
        "basepairs_out": 0,
        "hits": 0
    },
    "Paired_end": {
        "in": 26,
        "out": 26,
        "hits": 10,
        "Read1": {
            "basepairs_in": 6864,
            "basepairs_out": 6864
        },
        "Read2": {
            "basepairs_in": 7259,
            "basepairs_out": 7259
        }
    }
  }, {
    "Program_details": {
        "program": "hts_QWindowTrim",
        "version": "1.3.2",
        "options": {
            "append-stats-file": "/nmspipeline//01-Processing/TRIMMER0090_P79/01-PrimerTrim/36-SMARTindex_LC_primers.log",
            "avg-qual-score": 10,
            "force": false,
            "no-left": true,
            "no-right": false,
            "notes": "",
            "qual-offset": 33,
            "uncompressed": false,
            "window-size": 10
        }
    },
    "Fragment": {
        "in": 26,
        "out": 26,
        "basepairs_in": 14123,
        "basepairs_out": 13939
    },
    "Single_end": {
        "in": 0,
        "out": 0,
        "basepairs_in": 0,
        "basepairs_out": 0,
        "rightTrim": 0,
        "leftTrim": 0
    },
    "Paired_end": {
        "in": 26,
        "out": 26,
        "Read1": {
            "basepairs_in": 6864,
            "basepairs_out": 6774,
            "leftTrim": 0,
            "rightTrim": 90
        },
        "Read2": {
            "basepairs_in": 7259,
            "basepairs_out": 7165,
            "leftTrim": 0,
            "rightTrim": 94
        }
    }
  }, {
    "Program_details": {
        "program": "hts_Overlapper",
        "version": "1.3.2",
        "options": {
            "append-stats-file": "/nmspipeline//01-Processing/TRIMMER0090_P79/01-PrimerTrim/36-SMARTindex_LC_primers.log",
            "check-lengths": 20,
            "force": false,
            "force-pairs": false,
            "kmer": 8,
            "kmer-offset": 1,
            "max-mismatch": 100,
            "max-mismatch-errorDensity": 0.25,
            "min-overlap": 8,
            "notes": "",
            "number-of-threads": 1,
            "uncompressed": false
        }
    },
    "Fragment": {
        "in": 26,
        "out": 26,
        "basepairs_in": 13939,
        "basepairs_out": 7994,
        "inserts": {
            "short": 11,
            "medium": 13,
            "long": 2
        },
        "overlap_histogram": [ [76,1], [80,1], [84,5], [87,1], [88,1], [94,1], [202,1], [393,1], [418,3], [421,1], [422,3], [496,3], [519,1], [520,1] ]
    },
    "Single_end": {
        "in": 0,
        "out": 24,
        "basepairs_in": 0,
        "basepairs_out": 6908
    },
    "Paired_end": {
        "in": 26,
        "out": 2,
        "Read1": {
            "basepairs_in": 6774,
            "basepairs_out": 528
        },
        "Read2": {
            "basepairs_in": 7165,
            "basepairs_out": 558
        }
    }
  }, {
    "Program_details": {
        "program": "hts_LengthFilter",
        "version": "1.3.2",
        "options": {
            "append-stats-file": "/nmspipeline//01-Processing/TRIMMER0090_P79/01-PrimerTrim/36-SMARTindex_LC_primers.log",
            "fastq-output": "/nmspipeline//01-Processing/TRIMMER0090_P79/01-PrimerTrim/36-SMARTindex_LC_primers",
            "force": true,
            "max-length": 0,
            "min-length": 385,
            "no-orphans": false,
            "notes": "",
            "stranded": false,
            "uncompressed": false
        }
    },
    "Fragment": {
        "in": 26,
        "out": 13,
        "basepairs_in": 7994,
        "basepairs_out": 5861
    },
    "Single_end": {
        "in": 24,
        "out": 13,
        "basepairs_in": 6908,
        "basepairs_out": 5861,
        "discarded": 11
    },
    "Paired_end": {
        "in": 2,
        "out": 0,
        "discarded": 2,
        "Read1": {
            "basepairs_in": 528,
            "basepairs_out": 0,
            "discarded": 0
        },
        "Read2": {
            "basepairs_in": 558,
            "basepairs_out": 0,
            "discarded": 0
        }
    }
  }
]
