[ {
    "Program_details": {
        "program": "hts_Primers",
        "version": "1.3.2",
        "options": {
            "flip": true,
            "float": 0,
            "force": false,
            "keep": false,
            "min_primer_matches": 2,
            "notes": "",
            "primer_end_mismatches": 0,
            "primer_mismatches": 0,
            "primers_3p": "../hc_primers.fasta",
            "primers_5p": "CGCAACAACAGTGGTATCAACGCAGAGTACATGGGG",
            "read1-input": [ "/nmspipeline//01-Processing/TRIMMER0090_P79/00-RawData/TRIMMER_Plate79_S1_L001_R1_001_sub.fastq.gz"],
            "read2-input": [ "/nmspipeline//01-Processing/TRIMMER0090_P79/00-RawData/TRIMMER_Plate79_S1_L001_R2_001_sub.fastq.gz"],
            "stats-file": "/nmspipeline//01-Processing/TRIMMER0090_P79/01-PrimerTrim/36-SMARTindex_HC_primers.log",
            "uncompressed": false
        },
        "primers": [ ["p5primer1","CGCAACAACAGTGGTATCAACGCAGAGTACATGGGG"], ["Ga3.10for_mIGH3","GGATAGACAGATGGGGCTGTTGTTGT"], ["Ga12HC.10_REV_CHI","ATAGACAGATGGGGGTGTCGTTTTGG"], ["p5primer1","CGCAACAACAGTGGTATCAACGCAGAGTACATGGGG"], ["Ga3.10for_mIGH3","GGATAGACAGATGGGGCTGTTGTTGT"], ["Ga12HC.10_REV_CHI","ATAGACAGATGGGGGTGTCGTTTTGG"] ]
    },
    "Fragment": {
        "in": 100000,
        "out": 81,
        "basepairs_in": 60000000,
        "basepairs_out": 43578,
        "flipped": 35,
        "primers_counts": [ ["p5primer1","None",60], ["p5primer1","Ga12HC.10_REV_CHI",81], ["None","Ga3.10for_mIGH3",573], ["None","Ga12HC.10_REV_CHI",25719], ["None","None",73567] ]
    },
    "Single_end": {
        "in": 0,
        "out": 0,
        "basepairs_in": 0,
        "basepairs_out": 0,
        "primerTrim": 0,
        "primerBpTrim": 0,
        "discarded": 0
    },
    "Paired_end": {
        "in": 100000,
        "out": 81,
        "discarded": 99919,
        "Read1": {
            "basepairs_in": 30000000,
            "basepairs_out": 21384,
            "primerTrim": 81,
            "primerBpTrim": 2916
        },
        "Read2": {
            "basepairs_in": 30000000,
            "basepairs_out": 22194,
            "primerTrim": 81,
            "primerBpTrim": 2106
        }
    }
  }, {
    "Program_details": {
        "program": "hts_NTrimmer",
        "version": "1.3.2",
        "options": {
            "append-stats-file": "/nmspipeline//01-Processing/TRIMMER0090_P79/01-PrimerTrim/36-SMARTindex_HC_primers.log",
            "exclude": true,
            "force": false,
            "notes": "",
            "uncompressed": false
        }
    },
    "Fragment": {
        "in": 81,
        "out": 81,
        "basepairs_in": 43578,
        "basepairs_out": 43578
    },
    "Single_end": {
        "in": 0,
        "out": 0,
        "basepairs_in": 0,
        "basepairs_out": 0,
        "rightTrim": 0,
        "leftTrim": 0,
        "discarded": 0
    },
    "Paired_end": {
        "in": 81,
        "out": 81,
        "discarded": 0,
        "Read1": {
            "basepairs_in": 21384,
            "basepairs_out": 21384,
            "leftTrim": 0,
            "rightTrim": 0
        },
        "Read2": {
            "basepairs_in": 22194,
            "basepairs_out": 22194,
            "leftTrim": 0,
            "rightTrim": 0
        }
    }
  }, {
    "Program_details": {
        "program": "hts_SeqScreener",
        "version": "1.3.2",
        "options": {
            "append-stats-file": "/nmspipeline//01-Processing/TRIMMER0090_P79/01-PrimerTrim/36-SMARTindex_HC_primers.log",
            "check-read-2": true,
            "force": false,
            "inverse": false,
            "kmer": 21,
            "notes": "",
            "percentage-hits": 0.01,
            "record": true,
            "seq": "../aberrant_LC.fasta",
            "uncompressed": false
        },
        "screen_info": {
            "screenBP": 96,
            "lookupKmers": 8
        }
    },
    "Fragment": {
        "in": 81,
        "out": 81,
        "basepairs_in": 43578,
        "basepairs_out": 43578
    },
    "Single_end": {
        "in": 0,
        "out": 0,
        "basepairs_in": 0,
        "basepairs_out": 0,
        "hits": 0
    },
    "Paired_end": {
        "in": 81,
        "out": 81,
        "hits": 0,
        "Read1": {
            "basepairs_in": 21384,
            "basepairs_out": 21384
        },
        "Read2": {
            "basepairs_in": 22194,
            "basepairs_out": 22194
        }
    }
  }, {
    "Program_details": {
        "program": "hts_QWindowTrim",
        "version": "1.3.2",
        "options": {
            "append-stats-file": "/nmspipeline//01-Processing/TRIMMER0090_P79/01-PrimerTrim/36-SMARTindex_HC_primers.log",
            "avg-qual-score": 10,
            "force": false,
            "no-left": true,
            "no-right": false,
            "notes": "",
            "qual-offset": 33,
            "uncompressed": false,
            "window-size": 10
        }
    },
    "Fragment": {
        "in": 81,
        "out": 81,
        "basepairs_in": 43578,
        "basepairs_out": 43449
    },
    "Single_end": {
        "in": 0,
        "out": 0,
        "basepairs_in": 0,
        "basepairs_out": 0,
        "rightTrim": 0,
        "leftTrim": 0
    },
    "Paired_end": {
        "in": 81,
        "out": 81,
        "Read1": {
            "basepairs_in": 21384,
            "basepairs_out": 21342,
            "leftTrim": 0,
            "rightTrim": 42
        },
        "Read2": {
            "basepairs_in": 22194,
            "basepairs_out": 22107,
            "leftTrim": 0,
            "rightTrim": 87
        }
    }
  }, {
    "Program_details": {
        "program": "hts_Overlapper",
        "version": "1.3.2",
        "options": {
            "append-stats-file": "/nmspipeline//01-Processing/TRIMMER0090_P79/01-PrimerTrim/36-SMARTindex_HC_primers.log",
            "check-lengths": 20,
            "force": false,
            "force-pairs": false,
            "kmer": 8,
            "kmer-offset": 1,
            "max-mismatch": 100,
            "max-mismatch-errorDensity": 0.25,
            "min-overlap": 8,
            "notes": "",
            "number-of-threads": 1,
            "uncompressed": false
        }
    },
    "Fragment": {
        "in": 81,
        "out": 81,
        "basepairs_in": 43449,
        "basepairs_out": 37548,
        "inserts": {
            "short": 1,
            "medium": 72,
            "long": 8
        },
        "overlap_histogram": [ [114,1], [325,1], [352,1], [462,56], [463,4], [465,1], [466,1], [468,1], [472,3], [473,1], [474,1], [476,1], [500,1] ]
    },
    "Single_end": {
        "in": 0,
        "out": 73,
        "basepairs_in": 0,
        "basepairs_out": 33253
    },
    "Paired_end": {
        "in": 81,
        "out": 8,
        "Read1": {
            "basepairs_in": 21342,
            "basepairs_out": 2112
        },
        "Read2": {
            "basepairs_in": 22107,
            "basepairs_out": 2183
        }
    }
  }, {
    "Program_details": {
        "program": "hts_LengthFilter",
        "version": "1.3.2",
        "options": {
            "append-stats-file": "/nmspipeline//01-Processing/TRIMMER0090_P79/01-PrimerTrim/36-SMARTindex_HC_primers.log",
            "fastq-output": "/nmspipeline//01-Processing/TRIMMER0090_P79/01-PrimerTrim/36-SMARTindex_HC_primers",
            "force": true,
            "max-length": 0,
            "min-length": 385,
            "no-orphans": false,
            "notes": "",
            "stranded": false,
            "uncompressed": false
        }
    },
    "Fragment": {
        "in": 81,
        "out": 70,
        "basepairs_in": 37548,
        "basepairs_out": 32462
    },
    "Single_end": {
        "in": 73,
        "out": 70,
        "basepairs_in": 33253,
        "basepairs_out": 32462,
        "discarded": 3
    },
    "Paired_end": {
        "in": 8,
        "out": 0,
        "discarded": 8,
        "Read1": {
            "basepairs_in": 2112,
            "basepairs_out": 0,
            "discarded": 0
        },
        "Read2": {
            "basepairs_in": 2183,
            "basepairs_out": 0,
            "discarded": 0
        }
    }
  }
]
