[ {
    "Program_details": {
        "program": "hts_Primers",
        "version": "1.3.2",
        "options": {
            "flip": true,
            "float": 0,
            "force": false,
            "keep": false,
            "min_primer_matches": 2,
            "notes": "",
            "primer_end_mismatches": 0,
            "primer_mismatches": 0,
            "primers_3p": "../lc_primers.fasta",
            "primers_5p": "TGGCGAAACAGTGGTATCAACGCAGAGTACATGGGG",
            "read1-input": [ "/nmspipeline//01-Processing/TRIMMER0090_P79/00-RawData/TRIMMER_Plate79_S1_L001_R1_001_sub.fastq.gz"],
            "read2-input": [ "/nmspipeline//01-Processing/TRIMMER0090_P79/00-RawData/TRIMMER_Plate79_S1_L001_R2_001_sub.fastq.gz"],
            "stats-file": "/nmspipeline//01-Processing/TRIMMER0090_P79/01-PrimerTrim/37-SMARTindex_LC_primers.log",
            "uncompressed": false
        },
        "primers": [ ["p5primer1","TGGCGAAACAGTGGTATCAACGCAGAGTACATGGGG"], ["KaLC.6_REV_LC","GGATACAGTTGGTGCAGCATC"], ["LaLC.R-mIGL","ATCGTACACACCAGTGTGGC"], ["p5primer1","TGGCGAAACAGTGGTATCAACGCAGAGTACATGGGG"], ["KaLC.6_REV_LC","GGATACAGTTGGTGCAGCATC"], ["LaLC.R-mIGL","ATCGTACACACCAGTGTGGC"] ]
    },
    "Fragment": {
        "in": 100000,
        "out": 542,
        "basepairs_in": 60000000,
        "basepairs_out": 294311,
        "flipped": 265,
        "primers_counts": [ ["p5primer1","LaLC.R-mIGL",5], ["p5primer1","None",96], ["p5primer1","KaLC.6_REV_LC",537], ["None","None",40278], ["None","KaLC.6_REV_LC",56243], ["None","LaLC.R-mIGL",2841] ]
    },
    "Single_end": {
        "in": 0,
        "out": 0,
        "basepairs_in": 0,
        "basepairs_out": 0,
        "primerTrim": 0,
        "primerBpTrim": 0,
        "discarded": 0
    },
    "Paired_end": {
        "in": 100000,
        "out": 542,
        "discarded": 99458,
        "Read1": {
            "basepairs_in": 30000000,
            "basepairs_out": 143088,
            "primerTrim": 542,
            "primerBpTrim": 19512
        },
        "Read2": {
            "basepairs_in": 30000000,
            "basepairs_out": 151223,
            "primerTrim": 542,
            "primerBpTrim": 11377
        }
    }
  }, {
    "Program_details": {
        "program": "hts_NTrimmer",
        "version": "1.3.2",
        "options": {
            "append-stats-file": "/nmspipeline//01-Processing/TRIMMER0090_P79/01-PrimerTrim/37-SMARTindex_LC_primers.log",
            "exclude": true,
            "force": false,
            "notes": "",
            "uncompressed": false
        }
    },
    "Fragment": {
        "in": 542,
        "out": 542,
        "basepairs_in": 294311,
        "basepairs_out": 294311
    },
    "Single_end": {
        "in": 0,
        "out": 0,
        "basepairs_in": 0,
        "basepairs_out": 0,
        "rightTrim": 0,
        "leftTrim": 0,
        "discarded": 0
    },
    "Paired_end": {
        "in": 542,
        "out": 542,
        "discarded": 0,
        "Read1": {
            "basepairs_in": 143088,
            "basepairs_out": 143088,
            "leftTrim": 0,
            "rightTrim": 0
        },
        "Read2": {
            "basepairs_in": 151223,
            "basepairs_out": 151223,
            "leftTrim": 0,
            "rightTrim": 0
        }
    }
  }, {
    "Program_details": {
        "program": "hts_SeqScreener",
        "version": "1.3.2",
        "options": {
            "append-stats-file": "/nmspipeline//01-Processing/TRIMMER0090_P79/01-PrimerTrim/37-SMARTindex_LC_primers.log",
            "check-read-2": true,
            "force": false,
            "inverse": false,
            "kmer": 21,
            "notes": "",
            "percentage-hits": 0.01,
            "record": true,
            "seq": "../aberrant_LC.fasta",
            "uncompressed": false
        },
        "screen_info": {
            "screenBP": 96,
            "lookupKmers": 8
        }
    },
    "Fragment": {
        "in": 542,
        "out": 542,
        "basepairs_in": 294311,
        "basepairs_out": 294311
    },
    "Single_end": {
        "in": 0,
        "out": 0,
        "basepairs_in": 0,
        "basepairs_out": 0,
        "hits": 0
    },
    "Paired_end": {
        "in": 542,
        "out": 542,
        "hits": 119,
        "Read1": {
            "basepairs_in": 143088,
            "basepairs_out": 143088
        },
        "Read2": {
            "basepairs_in": 151223,
            "basepairs_out": 151223
        }
    }
  }, {
    "Program_details": {
        "program": "hts_QWindowTrim",
        "version": "1.3.2",
        "options": {
            "append-stats-file": "/nmspipeline//01-Processing/TRIMMER0090_P79/01-PrimerTrim/37-SMARTindex_LC_primers.log",
            "avg-qual-score": 10,
            "force": false,
            "no-left": true,
            "no-right": false,
            "notes": "",
            "qual-offset": 33,
            "uncompressed": false,
            "window-size": 10
        }
    },
    "Fragment": {
        "in": 542,
        "out": 542,
        "basepairs_in": 294311,
        "basepairs_out": 293560
    },
    "Single_end": {
        "in": 0,
        "out": 0,
        "basepairs_in": 0,
        "basepairs_out": 0,
        "rightTrim": 0,
        "leftTrim": 0
    },
    "Paired_end": {
        "in": 542,
        "out": 542,
        "Read1": {
            "basepairs_in": 143088,
            "basepairs_out": 142684,
            "leftTrim": 0,
            "rightTrim": 404
        },
        "Read2": {
            "basepairs_in": 151223,
            "basepairs_out": 150876,
            "leftTrim": 0,
            "rightTrim": 347
        }
    }
  }, {
    "Program_details": {
        "program": "hts_Overlapper",
        "version": "1.3.2",
        "options": {
            "append-stats-file": "/nmspipeline//01-Processing/TRIMMER0090_P79/01-PrimerTrim/37-SMARTindex_LC_primers.log",
            "check-lengths": 20,
            "force": false,
            "force-pairs": false,
            "kmer": 8,
            "kmer-offset": 1,
            "max-mismatch": 100,
            "max-mismatch-errorDensity": 0.25,
            "min-overlap": 8,
            "notes": "",
            "number-of-threads": 1,
            "uncompressed": false
        }
    },
    "Fragment": {
        "in": 542,
        "out": 542,
        "basepairs_in": 293560,
        "basepairs_out": 234978,
        "inserts": {
            "short": 23,
            "medium": 475,
            "long": 44
        },
        "overlap_histogram": [ [15,1], [37,1], [47,1], [48,1], [55,1], [88,1], [95,1], [106,1], [117,1], [127,1], [130,1], [145,1], [157,2], [158,2], [159,1], [170,1], [182,1], [214,1], [241,1], [242,1], [264,1], [346,1], [351,1], [385,1], [396,2], [397,2], [398,1], [399,5], [403,1], [417,2], [418,37], [419,3], [420,3], [421,9], [422,10], [423,11], [424,1], [433,2], [434,1], [435,1], [437,2], [438,3], [440,20], [441,38], [442,28], [443,5], [444,231], [445,49], [446,1], [453,2], [456,1], [466,1] ]
    },
    "Single_end": {
        "in": 0,
        "out": 498,
        "basepairs_in": 0,
        "basepairs_out": 211194
    },
    "Paired_end": {
        "in": 542,
        "out": 44,
        "Read1": {
            "basepairs_in": 142684,
            "basepairs_out": 11541
        },
        "Read2": {
            "basepairs_in": 150876,
            "basepairs_out": 12243
        }
    }
  }, {
    "Program_details": {
        "program": "hts_LengthFilter",
        "version": "1.3.2",
        "options": {
            "append-stats-file": "/nmspipeline//01-Processing/TRIMMER0090_P79/01-PrimerTrim/37-SMARTindex_LC_primers.log",
            "fastq-output": "/nmspipeline//01-Processing/TRIMMER0090_P79/01-PrimerTrim/37-SMARTindex_LC_primers",
            "force": true,
            "max-length": 0,
            "min-length": 385,
            "no-orphans": false,
            "notes": "",
            "stranded": false,
            "uncompressed": false
        }
    },
    "Fragment": {
        "in": 542,
        "out": 473,
        "basepairs_in": 234978,
        "basepairs_out": 207385
    },
    "Single_end": {
        "in": 498,
        "out": 473,
        "basepairs_in": 211194,
        "basepairs_out": 207385,
        "discarded": 25
    },
    "Paired_end": {
        "in": 44,
        "out": 0,
        "discarded": 44,
        "Read1": {
            "basepairs_in": 11541,
            "basepairs_out": 0,
            "discarded": 0
        },
        "Read2": {
            "basepairs_in": 12243,
            "basepairs_out": 0,
            "discarded": 0
        }
    }
  }
]
