[ {
    "Program_details": {
        "program": "hts_Primers",
        "version": "1.3.2",
        "options": {
            "flip": true,
            "float": 0,
            "force": false,
            "keep": false,
            "min_primer_matches": 2,
            "notes": "",
            "primer_end_mismatches": 0,
            "primer_mismatches": 0,
            "primers_3p": "../hc_primers.fasta",
            "primers_5p": "TGGCGAAACAGTGGTATCAACGCAGAGTACATGGGG",
            "read1-input": [ "/nmspipeline//01-Processing/TRIMMER0090_P79/00-RawData/TRIMMER_Plate79_S1_L001_R1_001_sub.fastq.gz"],
            "read2-input": [ "/nmspipeline//01-Processing/TRIMMER0090_P79/00-RawData/TRIMMER_Plate79_S1_L001_R2_001_sub.fastq.gz"],
            "stats-file": "/nmspipeline//01-Processing/TRIMMER0090_P79/01-PrimerTrim/37-SMARTindex_HC_primers.log",
            "uncompressed": false
        },
        "primers": [ ["p5primer1","TGGCGAAACAGTGGTATCAACGCAGAGTACATGGGG"], ["Ga3.10for_mIGH3","GGATAGACAGATGGGGCTGTTGTTGT"], ["Ga12HC.10_REV_CHI","ATAGACAGATGGGGGTGTCGTTTTGG"], ["p5primer1","TGGCGAAACAGTGGTATCAACGCAGAGTACATGGGG"], ["Ga3.10for_mIGH3","GGATAGACAGATGGGGCTGTTGTTGT"], ["Ga12HC.10_REV_CHI","ATAGACAGATGGGGGTGTCGTTTTGG"] ]
    },
    "Fragment": {
        "in": 100000,
        "out": 22,
        "basepairs_in": 60000000,
        "basepairs_out": 11836,
        "flipped": 12,
        "primers_counts": [ ["p5primer1","Ga12HC.10_REV_CHI",22], ["None","Ga3.10for_mIGH3",573], ["p5primer1","None",616], ["None","Ga12HC.10_REV_CHI",25778], ["None","None",73011] ]
    },
    "Single_end": {
        "in": 0,
        "out": 0,
        "basepairs_in": 0,
        "basepairs_out": 0,
        "primerTrim": 0,
        "primerBpTrim": 0,
        "discarded": 0
    },
    "Paired_end": {
        "in": 100000,
        "out": 22,
        "discarded": 99978,
        "Read1": {
            "basepairs_in": 30000000,
            "basepairs_out": 5808,
            "primerTrim": 22,
            "primerBpTrim": 792
        },
        "Read2": {
            "basepairs_in": 30000000,
            "basepairs_out": 6028,
            "primerTrim": 22,
            "primerBpTrim": 572
        }
    }
  }, {
    "Program_details": {
        "program": "hts_NTrimmer",
        "version": "1.3.2",
        "options": {
            "append-stats-file": "/nmspipeline//01-Processing/TRIMMER0090_P79/01-PrimerTrim/37-SMARTindex_HC_primers.log",
            "exclude": true,
            "force": false,
            "notes": "",
            "uncompressed": false
        }
    },
    "Fragment": {
        "in": 22,
        "out": 22,
        "basepairs_in": 11836,
        "basepairs_out": 11836
    },
    "Single_end": {
        "in": 0,
        "out": 0,
        "basepairs_in": 0,
        "basepairs_out": 0,
        "rightTrim": 0,
        "leftTrim": 0,
        "discarded": 0
    },
    "Paired_end": {
        "in": 22,
        "out": 22,
        "discarded": 0,
        "Read1": {
            "basepairs_in": 5808,
            "basepairs_out": 5808,
            "leftTrim": 0,
            "rightTrim": 0
        },
        "Read2": {
            "basepairs_in": 6028,
            "basepairs_out": 6028,
            "leftTrim": 0,
            "rightTrim": 0
        }
    }
  }, {
    "Program_details": {
        "program": "hts_SeqScreener",
        "version": "1.3.2",
        "options": {
            "append-stats-file": "/nmspipeline//01-Processing/TRIMMER0090_P79/01-PrimerTrim/37-SMARTindex_HC_primers.log",
            "check-read-2": true,
            "force": false,
            "inverse": false,
            "kmer": 21,
            "notes": "",
            "percentage-hits": 0.01,
            "record": true,
            "seq": "../aberrant_LC.fasta",
            "uncompressed": false
        },
        "screen_info": {
            "screenBP": 96,
            "lookupKmers": 8
        }
    },
    "Fragment": {
        "in": 22,
        "out": 22,
        "basepairs_in": 11836,
        "basepairs_out": 11836
    },
    "Single_end": {
        "in": 0,
        "out": 0,
        "basepairs_in": 0,
        "basepairs_out": 0,
        "hits": 0
    },
    "Paired_end": {
        "in": 22,
        "out": 22,
        "hits": 0,
        "Read1": {
            "basepairs_in": 5808,
            "basepairs_out": 5808
        },
        "Read2": {
            "basepairs_in": 6028,
            "basepairs_out": 6028
        }
    }
  }, {
    "Program_details": {
        "program": "hts_QWindowTrim",
        "version": "1.3.2",
        "options": {
            "append-stats-file": "/nmspipeline//01-Processing/TRIMMER0090_P79/01-PrimerTrim/37-SMARTindex_HC_primers.log",
            "avg-qual-score": 10,
            "force": false,
            "no-left": true,
            "no-right": false,
            "notes": "",
            "qual-offset": 33,
            "uncompressed": false,
            "window-size": 10
        }
    },
    "Fragment": {
        "in": 22,
        "out": 22,
        "basepairs_in": 11836,
        "basepairs_out": 11728
    },
    "Single_end": {
        "in": 0,
        "out": 0,
        "basepairs_in": 0,
        "basepairs_out": 0,
        "rightTrim": 0,
        "leftTrim": 0
    },
    "Paired_end": {
        "in": 22,
        "out": 22,
        "Read1": {
            "basepairs_in": 5808,
            "basepairs_out": 5739,
            "leftTrim": 0,
            "rightTrim": 69
        },
        "Read2": {
            "basepairs_in": 6028,
            "basepairs_out": 5989,
            "leftTrim": 0,
            "rightTrim": 39
        }
    }
  }, {
    "Program_details": {
        "program": "hts_Overlapper",
        "version": "1.3.2",
        "options": {
            "append-stats-file": "/nmspipeline//01-Processing/TRIMMER0090_P79/01-PrimerTrim/37-SMARTindex_HC_primers.log",
            "check-lengths": 20,
            "force": false,
            "force-pairs": false,
            "kmer": 8,
            "kmer-offset": 1,
            "max-mismatch": 100,
            "max-mismatch-errorDensity": 0.25,
            "min-overlap": 8,
            "notes": "",
            "number-of-threads": 1,
            "uncompressed": false
        }
    },
    "Fragment": {
        "in": 22,
        "out": 22,
        "basepairs_in": 11728,
        "basepairs_out": 7964,
        "inserts": {
            "short": 4,
            "medium": 15,
            "long": 3
        },
        "overlap_histogram": [ [24,1], [33,1], [66,1], [91,1], [281,1], [334,1], [339,1], [427,1], [429,1], [431,6], [433,3], [443,1] ]
    },
    "Single_end": {
        "in": 0,
        "out": 19,
        "basepairs_in": 0,
        "basepairs_out": 6352
    },
    "Paired_end": {
        "in": 22,
        "out": 3,
        "Read1": {
            "basepairs_in": 5739,
            "basepairs_out": 790
        },
        "Read2": {
            "basepairs_in": 5989,
            "basepairs_out": 822
        }
    }
  }, {
    "Program_details": {
        "program": "hts_LengthFilter",
        "version": "1.3.2",
        "options": {
            "append-stats-file": "/nmspipeline//01-Processing/TRIMMER0090_P79/01-PrimerTrim/37-SMARTindex_HC_primers.log",
            "fastq-output": "/nmspipeline//01-Processing/TRIMMER0090_P79/01-PrimerTrim/37-SMARTindex_HC_primers",
            "force": true,
            "max-length": 0,
            "min-length": 385,
            "no-orphans": false,
            "notes": "",
            "stranded": false,
            "uncompressed": false
        }
    },
    "Fragment": {
        "in": 22,
        "out": 12,
        "basepairs_in": 7964,
        "basepairs_out": 5184
    },
    "Single_end": {
        "in": 19,
        "out": 12,
        "basepairs_in": 6352,
        "basepairs_out": 5184,
        "discarded": 7
    },
    "Paired_end": {
        "in": 3,
        "out": 0,
        "discarded": 3,
        "Read1": {
            "basepairs_in": 790,
            "basepairs_out": 0,
            "discarded": 0
        },
        "Read2": {
            "basepairs_in": 822,
            "basepairs_out": 0,
            "discarded": 0
        }
    }
  }
]
