[ {
    "Program_details": {
        "program": "hts_Primers",
        "version": "1.3.2",
        "options": {
            "flip": true,
            "float": 0,
            "force": false,
            "keep": false,
            "min_primer_matches": 2,
            "notes": "",
            "primer_end_mismatches": 0,
            "primer_mismatches": 0,
            "primers_3p": "../hc_primers.fasta",
            "primers_5p": "ACCGTGAACAGTGGTATCAACGCAGAGTACATGGGG",
            "read1-input": [ "/nmspipeline//01-Processing/TRIMMER0090_P79/00-RawData/TRIMMER_Plate79_S1_L001_R1_001_sub.fastq.gz"],
            "read2-input": [ "/nmspipeline//01-Processing/TRIMMER0090_P79/00-RawData/TRIMMER_Plate79_S1_L001_R2_001_sub.fastq.gz"],
            "stats-file": "/nmspipeline//01-Processing/TRIMMER0090_P79/01-PrimerTrim/38-SMARTindex_HC_primers.log",
            "uncompressed": false
        },
        "primers": [ ["p5primer1","ACCGTGAACAGTGGTATCAACGCAGAGTACATGGGG"], ["Ga3.10for_mIGH3","GGATAGACAGATGGGGCTGTTGTTGT"], ["Ga12HC.10_REV_CHI","ATAGACAGATGGGGGTGTCGTTTTGG"], ["p5primer1","ACCGTGAACAGTGGTATCAACGCAGAGTACATGGGG"], ["Ga3.10for_mIGH3","GGATAGACAGATGGGGCTGTTGTTGT"], ["Ga12HC.10_REV_CHI","ATAGACAGATGGGGGTGTCGTTTTGG"] ]
    },
    "Fragment": {
        "in": 100000,
        "out": 80,
        "basepairs_in": 60000000,
        "basepairs_out": 43040,
        "flipped": 43,
        "primers_counts": [ ["p5primer1","None",445], ["p5primer1","Ga12HC.10_REV_CHI",79], ["p5primer1","Ga3.10for_mIGH3",1], ["None","Ga3.10for_mIGH3",572], ["None","Ga12HC.10_REV_CHI",25721], ["None","None",73182] ]
    },
    "Single_end": {
        "in": 0,
        "out": 0,
        "basepairs_in": 0,
        "basepairs_out": 0,
        "primerTrim": 0,
        "primerBpTrim": 0,
        "discarded": 0
    },
    "Paired_end": {
        "in": 100000,
        "out": 80,
        "discarded": 99920,
        "Read1": {
            "basepairs_in": 30000000,
            "basepairs_out": 21120,
            "primerTrim": 80,
            "primerBpTrim": 2880
        },
        "Read2": {
            "basepairs_in": 30000000,
            "basepairs_out": 21920,
            "primerTrim": 80,
            "primerBpTrim": 2080
        }
    }
  }, {
    "Program_details": {
        "program": "hts_NTrimmer",
        "version": "1.3.2",
        "options": {
            "append-stats-file": "/nmspipeline//01-Processing/TRIMMER0090_P79/01-PrimerTrim/38-SMARTindex_HC_primers.log",
            "exclude": true,
            "force": false,
            "notes": "",
            "uncompressed": false
        }
    },
    "Fragment": {
        "in": 80,
        "out": 80,
        "basepairs_in": 43040,
        "basepairs_out": 43040
    },
    "Single_end": {
        "in": 0,
        "out": 0,
        "basepairs_in": 0,
        "basepairs_out": 0,
        "rightTrim": 0,
        "leftTrim": 0,
        "discarded": 0
    },
    "Paired_end": {
        "in": 80,
        "out": 80,
        "discarded": 0,
        "Read1": {
            "basepairs_in": 21120,
            "basepairs_out": 21120,
            "leftTrim": 0,
            "rightTrim": 0
        },
        "Read2": {
            "basepairs_in": 21920,
            "basepairs_out": 21920,
            "leftTrim": 0,
            "rightTrim": 0
        }
    }
  }, {
    "Program_details": {
        "program": "hts_SeqScreener",
        "version": "1.3.2",
        "options": {
            "append-stats-file": "/nmspipeline//01-Processing/TRIMMER0090_P79/01-PrimerTrim/38-SMARTindex_HC_primers.log",
            "check-read-2": true,
            "force": false,
            "inverse": false,
            "kmer": 21,
            "notes": "",
            "percentage-hits": 0.01,
            "record": true,
            "seq": "../aberrant_LC.fasta",
            "uncompressed": false
        },
        "screen_info": {
            "screenBP": 96,
            "lookupKmers": 8
        }
    },
    "Fragment": {
        "in": 80,
        "out": 80,
        "basepairs_in": 43040,
        "basepairs_out": 43040
    },
    "Single_end": {
        "in": 0,
        "out": 0,
        "basepairs_in": 0,
        "basepairs_out": 0,
        "hits": 0
    },
    "Paired_end": {
        "in": 80,
        "out": 80,
        "hits": 0,
        "Read1": {
            "basepairs_in": 21120,
            "basepairs_out": 21120
        },
        "Read2": {
            "basepairs_in": 21920,
            "basepairs_out": 21920
        }
    }
  }, {
    "Program_details": {
        "program": "hts_QWindowTrim",
        "version": "1.3.2",
        "options": {
            "append-stats-file": "/nmspipeline//01-Processing/TRIMMER0090_P79/01-PrimerTrim/38-SMARTindex_HC_primers.log",
            "avg-qual-score": 10,
            "force": false,
            "no-left": true,
            "no-right": false,
            "notes": "",
            "qual-offset": 33,
            "uncompressed": false,
            "window-size": 10
        }
    },
    "Fragment": {
        "in": 80,
        "out": 80,
        "basepairs_in": 43040,
        "basepairs_out": 42969
    },
    "Single_end": {
        "in": 0,
        "out": 0,
        "basepairs_in": 0,
        "basepairs_out": 0,
        "rightTrim": 0,
        "leftTrim": 0
    },
    "Paired_end": {
        "in": 80,
        "out": 80,
        "Read1": {
            "basepairs_in": 21120,
            "basepairs_out": 21092,
            "leftTrim": 0,
            "rightTrim": 28
        },
        "Read2": {
            "basepairs_in": 21920,
            "basepairs_out": 21877,
            "leftTrim": 0,
            "rightTrim": 43
        }
    }
  }, {
    "Program_details": {
        "program": "hts_Overlapper",
        "version": "1.3.2",
        "options": {
            "append-stats-file": "/nmspipeline//01-Processing/TRIMMER0090_P79/01-PrimerTrim/38-SMARTindex_HC_primers.log",
            "check-lengths": 20,
            "force": false,
            "force-pairs": false,
            "kmer": 8,
            "kmer-offset": 1,
            "max-mismatch": 100,
            "max-mismatch-errorDensity": 0.25,
            "min-overlap": 8,
            "notes": "",
            "number-of-threads": 1,
            "uncompressed": false
        }
    },
    "Fragment": {
        "in": 80,
        "out": 80,
        "basepairs_in": 42969,
        "basepairs_out": 36041,
        "inserts": {
            "short": 8,
            "medium": 61,
            "long": 11
        },
        "overlap_histogram": [ [160,1], [203,1], [204,5], [268,1], [331,1], [458,3], [464,1], [466,6], [467,1], [469,27], [470,4], [471,5], [472,1], [473,7], [474,3], [475,2] ]
    },
    "Single_end": {
        "in": 0,
        "out": 69,
        "basepairs_in": 0,
        "basepairs_out": 30136
    },
    "Paired_end": {
        "in": 80,
        "out": 11,
        "Read1": {
            "basepairs_in": 21092,
            "basepairs_out": 2898
        },
        "Read2": {
            "basepairs_in": 21877,
            "basepairs_out": 3007
        }
    }
  }, {
    "Program_details": {
        "program": "hts_LengthFilter",
        "version": "1.3.2",
        "options": {
            "append-stats-file": "/nmspipeline//01-Processing/TRIMMER0090_P79/01-PrimerTrim/38-SMARTindex_HC_primers.log",
            "fastq-output": "/nmspipeline//01-Processing/TRIMMER0090_P79/01-PrimerTrim/38-SMARTindex_HC_primers",
            "force": true,
            "max-length": 0,
            "min-length": 385,
            "no-orphans": false,
            "notes": "",
            "stranded": false,
            "uncompressed": false
        }
    },
    "Fragment": {
        "in": 80,
        "out": 60,
        "basepairs_in": 36041,
        "basepairs_out": 28154
    },
    "Single_end": {
        "in": 69,
        "out": 60,
        "basepairs_in": 30136,
        "basepairs_out": 28154,
        "discarded": 9
    },
    "Paired_end": {
        "in": 11,
        "out": 0,
        "discarded": 11,
        "Read1": {
            "basepairs_in": 2898,
            "basepairs_out": 0,
            "discarded": 0
        },
        "Read2": {
            "basepairs_in": 3007,
            "basepairs_out": 0,
            "discarded": 0
        }
    }
  }
]
