[ {
    "Program_details": {
        "program": "hts_Primers",
        "version": "1.3.2",
        "options": {
            "flip": true,
            "float": 0,
            "force": false,
            "keep": false,
            "min_primer_matches": 2,
            "notes": "",
            "primer_end_mismatches": 0,
            "primer_mismatches": 0,
            "primers_3p": "../hc_primers.fasta",
            "primers_5p": "CAACAGAACAGTGGTATCAACGCAGAGTACATGGGG",
            "read1-input": [ "/nmspipeline//01-Processing/TRIMMER0090_P79/00-RawData/TRIMMER_Plate79_S1_L001_R1_001_sub.fastq.gz"],
            "read2-input": [ "/nmspipeline//01-Processing/TRIMMER0090_P79/00-RawData/TRIMMER_Plate79_S1_L001_R2_001_sub.fastq.gz"],
            "stats-file": "/nmspipeline//01-Processing/TRIMMER0090_P79/01-PrimerTrim/39-SMARTindex_HC_primers.log",
            "uncompressed": false
        },
        "primers": [ ["p5primer1","CAACAGAACAGTGGTATCAACGCAGAGTACATGGGG"], ["Ga3.10for_mIGH3","GGATAGACAGATGGGGCTGTTGTTGT"], ["Ga12HC.10_REV_CHI","ATAGACAGATGGGGGTGTCGTTTTGG"], ["p5primer1","CAACAGAACAGTGGTATCAACGCAGAGTACATGGGG"], ["Ga3.10for_mIGH3","GGATAGACAGATGGGGCTGTTGTTGT"], ["Ga12HC.10_REV_CHI","ATAGACAGATGGGGGTGTCGTTTTGG"] ]
    },
    "Fragment": {
        "in": 100000,
        "out": 191,
        "basepairs_in": 60000000,
        "basepairs_out": 102758,
        "flipped": 86,
        "primers_counts": [ ["p5primer1","Ga12HC.10_REV_CHI",188], ["p5primer1","Ga3.10for_mIGH3",3], ["None","Ga3.10for_mIGH3",570], ["None","Ga12HC.10_REV_CHI",25612], ["None","None",72834], ["p5primer1","None",793] ]
    },
    "Single_end": {
        "in": 0,
        "out": 0,
        "basepairs_in": 0,
        "basepairs_out": 0,
        "primerTrim": 0,
        "primerBpTrim": 0,
        "discarded": 0
    },
    "Paired_end": {
        "in": 100000,
        "out": 191,
        "discarded": 99809,
        "Read1": {
            "basepairs_in": 30000000,
            "basepairs_out": 50424,
            "primerTrim": 191,
            "primerBpTrim": 6876
        },
        "Read2": {
            "basepairs_in": 30000000,
            "basepairs_out": 52334,
            "primerTrim": 191,
            "primerBpTrim": 4966
        }
    }
  }, {
    "Program_details": {
        "program": "hts_NTrimmer",
        "version": "1.3.2",
        "options": {
            "append-stats-file": "/nmspipeline//01-Processing/TRIMMER0090_P79/01-PrimerTrim/39-SMARTindex_HC_primers.log",
            "exclude": true,
            "force": false,
            "notes": "",
            "uncompressed": false
        }
    },
    "Fragment": {
        "in": 191,
        "out": 191,
        "basepairs_in": 102758,
        "basepairs_out": 102758
    },
    "Single_end": {
        "in": 0,
        "out": 0,
        "basepairs_in": 0,
        "basepairs_out": 0,
        "rightTrim": 0,
        "leftTrim": 0,
        "discarded": 0
    },
    "Paired_end": {
        "in": 191,
        "out": 191,
        "discarded": 0,
        "Read1": {
            "basepairs_in": 50424,
            "basepairs_out": 50424,
            "leftTrim": 0,
            "rightTrim": 0
        },
        "Read2": {
            "basepairs_in": 52334,
            "basepairs_out": 52334,
            "leftTrim": 0,
            "rightTrim": 0
        }
    }
  }, {
    "Program_details": {
        "program": "hts_SeqScreener",
        "version": "1.3.2",
        "options": {
            "append-stats-file": "/nmspipeline//01-Processing/TRIMMER0090_P79/01-PrimerTrim/39-SMARTindex_HC_primers.log",
            "check-read-2": true,
            "force": false,
            "inverse": false,
            "kmer": 21,
            "notes": "",
            "percentage-hits": 0.01,
            "record": true,
            "seq": "../aberrant_LC.fasta",
            "uncompressed": false
        },
        "screen_info": {
            "screenBP": 96,
            "lookupKmers": 8
        }
    },
    "Fragment": {
        "in": 191,
        "out": 191,
        "basepairs_in": 102758,
        "basepairs_out": 102758
    },
    "Single_end": {
        "in": 0,
        "out": 0,
        "basepairs_in": 0,
        "basepairs_out": 0,
        "hits": 0
    },
    "Paired_end": {
        "in": 191,
        "out": 191,
        "hits": 0,
        "Read1": {
            "basepairs_in": 50424,
            "basepairs_out": 50424
        },
        "Read2": {
            "basepairs_in": 52334,
            "basepairs_out": 52334
        }
    }
  }, {
    "Program_details": {
        "program": "hts_QWindowTrim",
        "version": "1.3.2",
        "options": {
            "append-stats-file": "/nmspipeline//01-Processing/TRIMMER0090_P79/01-PrimerTrim/39-SMARTindex_HC_primers.log",
            "avg-qual-score": 10,
            "force": false,
            "no-left": true,
            "no-right": false,
            "notes": "",
            "qual-offset": 33,
            "uncompressed": false,
            "window-size": 10
        }
    },
    "Fragment": {
        "in": 191,
        "out": 191,
        "basepairs_in": 102758,
        "basepairs_out": 102556
    },
    "Single_end": {
        "in": 0,
        "out": 0,
        "basepairs_in": 0,
        "basepairs_out": 0,
        "rightTrim": 0,
        "leftTrim": 0
    },
    "Paired_end": {
        "in": 191,
        "out": 191,
        "Read1": {
            "basepairs_in": 50424,
            "basepairs_out": 50312,
            "leftTrim": 0,
            "rightTrim": 112
        },
        "Read2": {
            "basepairs_in": 52334,
            "basepairs_out": 52244,
            "leftTrim": 0,
            "rightTrim": 90
        }
    }
  }, {
    "Program_details": {
        "program": "hts_Overlapper",
        "version": "1.3.2",
        "options": {
            "append-stats-file": "/nmspipeline//01-Processing/TRIMMER0090_P79/01-PrimerTrim/39-SMARTindex_HC_primers.log",
            "check-lengths": 20,
            "force": false,
            "force-pairs": false,
            "kmer": 8,
            "kmer-offset": 1,
            "max-mismatch": 100,
            "max-mismatch-errorDensity": 0.25,
            "min-overlap": 8,
            "notes": "",
            "number-of-threads": 1,
            "uncompressed": false
        }
    },
    "Fragment": {
        "in": 191,
        "out": 191,
        "basepairs_in": 102556,
        "basepairs_out": 83681,
        "inserts": {
            "short": 17,
            "medium": 157,
            "long": 17
        },
        "overlap_histogram": [ [27,1], [40,1], [51,3], [176,1], [196,1], [203,1], [207,1], [211,1], [213,1], [224,1], [225,1], [231,1], [241,1], [248,1], [261,1], [363,1], [398,1], [403,1], [425,1], [428,1], [432,1], [446,1], [452,1], [454,11], [455,2], [456,2], [457,58], [458,4], [459,10], [460,7], [461,23], [462,25], [463,5], [465,1], [478,1] ]
    },
    "Single_end": {
        "in": 0,
        "out": 174,
        "basepairs_in": 0,
        "basepairs_out": 74578
    },
    "Paired_end": {
        "in": 191,
        "out": 17,
        "Read1": {
            "basepairs_in": 50312,
            "basepairs_out": 4466
        },
        "Read2": {
            "basepairs_in": 52244,
            "basepairs_out": 4637
        }
    }
  }, {
    "Program_details": {
        "program": "hts_LengthFilter",
        "version": "1.3.2",
        "options": {
            "append-stats-file": "/nmspipeline//01-Processing/TRIMMER0090_P79/01-PrimerTrim/39-SMARTindex_HC_primers.log",
            "fastq-output": "/nmspipeline//01-Processing/TRIMMER0090_P79/01-PrimerTrim/39-SMARTindex_HC_primers",
            "force": true,
            "max-length": 0,
            "min-length": 385,
            "no-orphans": false,
            "notes": "",
            "stranded": false,
            "uncompressed": false
        }
    },
    "Fragment": {
        "in": 191,
        "out": 156,
        "basepairs_in": 83681,
        "basepairs_out": 71359
    },
    "Single_end": {
        "in": 174,
        "out": 156,
        "basepairs_in": 74578,
        "basepairs_out": 71359,
        "discarded": 18
    },
    "Paired_end": {
        "in": 17,
        "out": 0,
        "discarded": 17,
        "Read1": {
            "basepairs_in": 4466,
            "basepairs_out": 0,
            "discarded": 0
        },
        "Read2": {
            "basepairs_in": 4637,
            "basepairs_out": 0,
            "discarded": 0
        }
    }
  }
]
