[ {
    "Program_details": {
        "program": "hts_Primers",
        "version": "1.3.2",
        "options": {
            "flip": true,
            "float": 0,
            "force": false,
            "keep": false,
            "min_primer_matches": 2,
            "notes": "",
            "primer_end_mismatches": 0,
            "primer_mismatches": 0,
            "primers_3p": "../lc_primers.fasta",
            "primers_5p": "TGACACATCAGTGGTATCAACGCAGAGTACATGGGG",
            "read1-input": [ "/nmspipeline//01-Processing/TRIMMER0090_P79/00-RawData/TRIMMER_Plate79_S1_L001_R1_001_sub.fastq.gz"],
            "read2-input": [ "/nmspipeline//01-Processing/TRIMMER0090_P79/00-RawData/TRIMMER_Plate79_S1_L001_R2_001_sub.fastq.gz"],
            "stats-file": "/nmspipeline//01-Processing/TRIMMER0090_P79/01-PrimerTrim/42-SMARTindex_LC_primers.log",
            "uncompressed": false
        },
        "primers": [ ["p5primer1","TGACACATCAGTGGTATCAACGCAGAGTACATGGGG"], ["KaLC.6_REV_LC","GGATACAGTTGGTGCAGCATC"], ["LaLC.R-mIGL","ATCGTACACACCAGTGTGGC"], ["p5primer1","TGACACATCAGTGGTATCAACGCAGAGTACATGGGG"], ["KaLC.6_REV_LC","GGATACAGTTGGTGCAGCATC"], ["LaLC.R-mIGL","ATCGTACACACCAGTGTGGC"] ]
    },
    "Fragment": {
        "in": 100000,
        "out": 717,
        "basepairs_in": 60000000,
        "basepairs_out": 389335,
        "flipped": 316,
        "primers_counts": [ ["p5primer1","LaLC.R-mIGL",4], ["p5primer1","None",770], ["p5primer1","KaLC.6_REV_LC",713], ["None","None",39604], ["None","KaLC.6_REV_LC",56067], ["None","LaLC.R-mIGL",2842] ]
    },
    "Single_end": {
        "in": 0,
        "out": 0,
        "basepairs_in": 0,
        "basepairs_out": 0,
        "primerTrim": 0,
        "primerBpTrim": 0,
        "discarded": 0
    },
    "Paired_end": {
        "in": 100000,
        "out": 717,
        "discarded": 99283,
        "Read1": {
            "basepairs_in": 30000000,
            "basepairs_out": 189288,
            "primerTrim": 717,
            "primerBpTrim": 25812
        },
        "Read2": {
            "basepairs_in": 30000000,
            "basepairs_out": 200047,
            "primerTrim": 717,
            "primerBpTrim": 15053
        }
    }
  }, {
    "Program_details": {
        "program": "hts_NTrimmer",
        "version": "1.3.2",
        "options": {
            "append-stats-file": "/nmspipeline//01-Processing/TRIMMER0090_P79/01-PrimerTrim/42-SMARTindex_LC_primers.log",
            "exclude": true,
            "force": false,
            "notes": "",
            "uncompressed": false
        }
    },
    "Fragment": {
        "in": 717,
        "out": 716,
        "basepairs_in": 389335,
        "basepairs_out": 388792
    },
    "Single_end": {
        "in": 0,
        "out": 0,
        "basepairs_in": 0,
        "basepairs_out": 0,
        "rightTrim": 0,
        "leftTrim": 0,
        "discarded": 0
    },
    "Paired_end": {
        "in": 717,
        "out": 716,
        "discarded": 1,
        "Read1": {
            "basepairs_in": 189288,
            "basepairs_out": 189024,
            "leftTrim": 0,
            "rightTrim": 0
        },
        "Read2": {
            "basepairs_in": 200047,
            "basepairs_out": 199768,
            "leftTrim": 0,
            "rightTrim": 0
        }
    }
  }, {
    "Program_details": {
        "program": "hts_SeqScreener",
        "version": "1.3.2",
        "options": {
            "append-stats-file": "/nmspipeline//01-Processing/TRIMMER0090_P79/01-PrimerTrim/42-SMARTindex_LC_primers.log",
            "check-read-2": true,
            "force": false,
            "inverse": false,
            "kmer": 21,
            "notes": "",
            "percentage-hits": 0.01,
            "record": true,
            "seq": "../aberrant_LC.fasta",
            "uncompressed": false
        },
        "screen_info": {
            "screenBP": 96,
            "lookupKmers": 8
        }
    },
    "Fragment": {
        "in": 716,
        "out": 716,
        "basepairs_in": 388792,
        "basepairs_out": 388792
    },
    "Single_end": {
        "in": 0,
        "out": 0,
        "basepairs_in": 0,
        "basepairs_out": 0,
        "hits": 0
    },
    "Paired_end": {
        "in": 716,
        "out": 716,
        "hits": 115,
        "Read1": {
            "basepairs_in": 189024,
            "basepairs_out": 189024
        },
        "Read2": {
            "basepairs_in": 199768,
            "basepairs_out": 199768
        }
    }
  }, {
    "Program_details": {
        "program": "hts_QWindowTrim",
        "version": "1.3.2",
        "options": {
            "append-stats-file": "/nmspipeline//01-Processing/TRIMMER0090_P79/01-PrimerTrim/42-SMARTindex_LC_primers.log",
            "avg-qual-score": 10,
            "force": false,
            "no-left": true,
            "no-right": false,
            "notes": "",
            "qual-offset": 33,
            "uncompressed": false,
            "window-size": 10
        }
    },
    "Fragment": {
        "in": 716,
        "out": 716,
        "basepairs_in": 388792,
        "basepairs_out": 387729
    },
    "Single_end": {
        "in": 0,
        "out": 0,
        "basepairs_in": 0,
        "basepairs_out": 0,
        "rightTrim": 0,
        "leftTrim": 0
    },
    "Paired_end": {
        "in": 716,
        "out": 716,
        "Read1": {
            "basepairs_in": 189024,
            "basepairs_out": 188748,
            "leftTrim": 0,
            "rightTrim": 276
        },
        "Read2": {
            "basepairs_in": 199768,
            "basepairs_out": 198981,
            "leftTrim": 0,
            "rightTrim": 787
        }
    }
  }, {
    "Program_details": {
        "program": "hts_Overlapper",
        "version": "1.3.2",
        "options": {
            "append-stats-file": "/nmspipeline//01-Processing/TRIMMER0090_P79/01-PrimerTrim/42-SMARTindex_LC_primers.log",
            "check-lengths": 20,
            "force": false,
            "force-pairs": false,
            "kmer": 8,
            "kmer-offset": 1,
            "max-mismatch": 100,
            "max-mismatch-errorDensity": 0.25,
            "min-overlap": 8,
            "notes": "",
            "number-of-threads": 1,
            "uncompressed": false
        }
    },
    "Fragment": {
        "in": 716,
        "out": 716,
        "basepairs_in": 387729,
        "basepairs_out": 301168,
        "inserts": {
            "short": 25,
            "medium": 658,
            "long": 33
        },
        "overlap_histogram": [ [15,1], [33,1], [59,1], [75,2], [76,1], [98,1], [115,1], [142,1], [158,1], [160,1], [163,1], [166,2], [169,1], [171,1], [183,1], [201,1], [208,1], [215,1], [216,1], [219,1], [225,2], [262,1], [284,1], [296,1], [299,1], [302,1], [365,1], [367,2], [370,1], [381,2], [385,1], [386,1], [387,3], [389,1], [397,4], [398,2], [399,9], [400,1], [402,2], [403,7], [404,24], [405,2], [408,2], [409,2], [410,1], [411,3], [412,2], [414,1], [415,11], [416,3], [418,43], [419,6], [420,2], [421,7], [422,15], [423,20], [424,2], [426,2], [428,5], [429,345], [430,23], [431,4], [432,41], [433,5], [434,1], [435,1], [436,3], [440,6], [444,1], [446,1], [447,1], [448,1], [450,27], [452,3], [454,1] ]
    },
    "Single_end": {
        "in": 0,
        "out": 683,
        "basepairs_in": 0,
        "basepairs_out": 283325
    },
    "Paired_end": {
        "in": 716,
        "out": 33,
        "Read1": {
            "basepairs_in": 188748,
            "basepairs_out": 8687
        },
        "Read2": {
            "basepairs_in": 198981,
            "basepairs_out": 9156
        }
    }
  }, {
    "Program_details": {
        "program": "hts_LengthFilter",
        "version": "1.3.2",
        "options": {
            "append-stats-file": "/nmspipeline//01-Processing/TRIMMER0090_P79/01-PrimerTrim/42-SMARTindex_LC_primers.log",
            "fastq-output": "/nmspipeline//01-Processing/TRIMMER0090_P79/01-PrimerTrim/42-SMARTindex_LC_primers",
            "force": true,
            "max-length": 0,
            "min-length": 385,
            "no-orphans": false,
            "notes": "",
            "stranded": false,
            "uncompressed": false
        }
    },
    "Fragment": {
        "in": 716,
        "out": 648,
        "basepairs_in": 301168,
        "basepairs_out": 276118
    },
    "Single_end": {
        "in": 683,
        "out": 648,
        "basepairs_in": 283325,
        "basepairs_out": 276118,
        "discarded": 35
    },
    "Paired_end": {
        "in": 33,
        "out": 0,
        "discarded": 33,
        "Read1": {
            "basepairs_in": 8687,
            "basepairs_out": 0,
            "discarded": 0
        },
        "Read2": {
            "basepairs_in": 9156,
            "basepairs_out": 0,
            "discarded": 0
        }
    }
  }
]
