[ {
    "Program_details": {
        "program": "hts_Primers",
        "version": "1.3.2",
        "options": {
            "flip": true,
            "float": 0,
            "force": false,
            "keep": false,
            "min_primer_matches": 2,
            "notes": "",
            "primer_end_mismatches": 0,
            "primer_mismatches": 0,
            "primers_3p": "../hc_primers.fasta",
            "primers_5p": "AAGACAATCAGTGGTATCAACGCAGAGTACATGGGG",
            "read1-input": [ "/nmspipeline//01-Processing/TRIMMER0090_P79/00-RawData/TRIMMER_Plate79_S1_L001_R1_001_sub.fastq.gz"],
            "read2-input": [ "/nmspipeline//01-Processing/TRIMMER0090_P79/00-RawData/TRIMMER_Plate79_S1_L001_R2_001_sub.fastq.gz"],
            "stats-file": "/nmspipeline//01-Processing/TRIMMER0090_P79/01-PrimerTrim/43-SMARTindex_HC_primers.log",
            "uncompressed": false
        },
        "primers": [ ["p5primer1","AAGACAATCAGTGGTATCAACGCAGAGTACATGGGG"], ["Ga3.10for_mIGH3","GGATAGACAGATGGGGCTGTTGTTGT"], ["Ga12HC.10_REV_CHI","ATAGACAGATGGGGGTGTCGTTTTGG"], ["p5primer1","AAGACAATCAGTGGTATCAACGCAGAGTACATGGGG"], ["Ga3.10for_mIGH3","GGATAGACAGATGGGGCTGTTGTTGT"], ["Ga12HC.10_REV_CHI","ATAGACAGATGGGGGTGTCGTTTTGG"] ]
    },
    "Fragment": {
        "in": 100000,
        "out": 128,
        "basepairs_in": 60000000,
        "basepairs_out": 68864,
        "flipped": 65,
        "primers_counts": [ ["p5primer1","Ga12HC.10_REV_CHI",127], ["p5primer1","Ga3.10for_mIGH3",1], ["None","Ga3.10for_mIGH3",572], ["None","Ga12HC.10_REV_CHI",25673], ["p5primer1","None",619], ["None","None",73008] ]
    },
    "Single_end": {
        "in": 0,
        "out": 0,
        "basepairs_in": 0,
        "basepairs_out": 0,
        "primerTrim": 0,
        "primerBpTrim": 0,
        "discarded": 0
    },
    "Paired_end": {
        "in": 100000,
        "out": 128,
        "discarded": 99872,
        "Read1": {
            "basepairs_in": 30000000,
            "basepairs_out": 33792,
            "primerTrim": 128,
            "primerBpTrim": 4608
        },
        "Read2": {
            "basepairs_in": 30000000,
            "basepairs_out": 35072,
            "primerTrim": 128,
            "primerBpTrim": 3328
        }
    }
  }, {
    "Program_details": {
        "program": "hts_NTrimmer",
        "version": "1.3.2",
        "options": {
            "append-stats-file": "/nmspipeline//01-Processing/TRIMMER0090_P79/01-PrimerTrim/43-SMARTindex_HC_primers.log",
            "exclude": true,
            "force": false,
            "notes": "",
            "uncompressed": false
        }
    },
    "Fragment": {
        "in": 128,
        "out": 128,
        "basepairs_in": 68864,
        "basepairs_out": 68864
    },
    "Single_end": {
        "in": 0,
        "out": 0,
        "basepairs_in": 0,
        "basepairs_out": 0,
        "rightTrim": 0,
        "leftTrim": 0,
        "discarded": 0
    },
    "Paired_end": {
        "in": 128,
        "out": 128,
        "discarded": 0,
        "Read1": {
            "basepairs_in": 33792,
            "basepairs_out": 33792,
            "leftTrim": 0,
            "rightTrim": 0
        },
        "Read2": {
            "basepairs_in": 35072,
            "basepairs_out": 35072,
            "leftTrim": 0,
            "rightTrim": 0
        }
    }
  }, {
    "Program_details": {
        "program": "hts_SeqScreener",
        "version": "1.3.2",
        "options": {
            "append-stats-file": "/nmspipeline//01-Processing/TRIMMER0090_P79/01-PrimerTrim/43-SMARTindex_HC_primers.log",
            "check-read-2": true,
            "force": false,
            "inverse": false,
            "kmer": 21,
            "notes": "",
            "percentage-hits": 0.01,
            "record": true,
            "seq": "../aberrant_LC.fasta",
            "uncompressed": false
        },
        "screen_info": {
            "screenBP": 96,
            "lookupKmers": 8
        }
    },
    "Fragment": {
        "in": 128,
        "out": 128,
        "basepairs_in": 68864,
        "basepairs_out": 68864
    },
    "Single_end": {
        "in": 0,
        "out": 0,
        "basepairs_in": 0,
        "basepairs_out": 0,
        "hits": 0
    },
    "Paired_end": {
        "in": 128,
        "out": 128,
        "hits": 0,
        "Read1": {
            "basepairs_in": 33792,
            "basepairs_out": 33792
        },
        "Read2": {
            "basepairs_in": 35072,
            "basepairs_out": 35072
        }
    }
  }, {
    "Program_details": {
        "program": "hts_QWindowTrim",
        "version": "1.3.2",
        "options": {
            "append-stats-file": "/nmspipeline//01-Processing/TRIMMER0090_P79/01-PrimerTrim/43-SMARTindex_HC_primers.log",
            "avg-qual-score": 10,
            "force": false,
            "no-left": true,
            "no-right": false,
            "notes": "",
            "qual-offset": 33,
            "uncompressed": false,
            "window-size": 10
        }
    },
    "Fragment": {
        "in": 128,
        "out": 128,
        "basepairs_in": 68864,
        "basepairs_out": 68382
    },
    "Single_end": {
        "in": 0,
        "out": 0,
        "basepairs_in": 0,
        "basepairs_out": 0,
        "rightTrim": 0,
        "leftTrim": 0
    },
    "Paired_end": {
        "in": 128,
        "out": 128,
        "Read1": {
            "basepairs_in": 33792,
            "basepairs_out": 33549,
            "leftTrim": 0,
            "rightTrim": 243
        },
        "Read2": {
            "basepairs_in": 35072,
            "basepairs_out": 34833,
            "leftTrim": 0,
            "rightTrim": 239
        }
    }
  }, {
    "Program_details": {
        "program": "hts_Overlapper",
        "version": "1.3.2",
        "options": {
            "append-stats-file": "/nmspipeline//01-Processing/TRIMMER0090_P79/01-PrimerTrim/43-SMARTindex_HC_primers.log",
            "check-lengths": 20,
            "force": false,
            "force-pairs": false,
            "kmer": 8,
            "kmer-offset": 1,
            "max-mismatch": 100,
            "max-mismatch-errorDensity": 0.25,
            "min-overlap": 8,
            "notes": "",
            "number-of-threads": 1,
            "uncompressed": false
        }
    },
    "Fragment": {
        "in": 128,
        "out": 128,
        "basepairs_in": 68382,
        "basepairs_out": 39754,
        "inserts": {
            "short": 68,
            "medium": 53,
            "long": 7
        },
        "overlap_histogram": [ [43,1], [101,1], [176,1], [190,62], [191,1], [212,2], [301,1], [347,1], [412,1], [442,22], [443,2], [444,15], [445,6], [447,1], [449,1], [452,1], [476,1], [523,1] ]
    },
    "Single_end": {
        "in": 0,
        "out": 121,
        "basepairs_in": 0,
        "basepairs_out": 36062
    },
    "Paired_end": {
        "in": 128,
        "out": 7,
        "Read1": {
            "basepairs_in": 33549,
            "basepairs_out": 1817
        },
        "Read2": {
            "basepairs_in": 34833,
            "basepairs_out": 1875
        }
    }
  }, {
    "Program_details": {
        "program": "hts_LengthFilter",
        "version": "1.3.2",
        "options": {
            "append-stats-file": "/nmspipeline//01-Processing/TRIMMER0090_P79/01-PrimerTrim/43-SMARTindex_HC_primers.log",
            "fastq-output": "/nmspipeline//01-Processing/TRIMMER0090_P79/01-PrimerTrim/43-SMARTindex_HC_primers",
            "force": true,
            "max-length": 0,
            "min-length": 385,
            "no-orphans": false,
            "notes": "",
            "stranded": false,
            "uncompressed": false
        }
    },
    "Fragment": {
        "in": 128,
        "out": 51,
        "basepairs_in": 39754,
        "basepairs_out": 22699
    },
    "Single_end": {
        "in": 121,
        "out": 51,
        "basepairs_in": 36062,
        "basepairs_out": 22699,
        "discarded": 70
    },
    "Paired_end": {
        "in": 7,
        "out": 0,
        "discarded": 7,
        "Read1": {
            "basepairs_in": 1817,
            "basepairs_out": 0,
            "discarded": 0
        },
        "Read2": {
            "basepairs_in": 1875,
            "basepairs_out": 0,
            "discarded": 0
        }
    }
  }
]
