[ {
    "Program_details": {
        "program": "hts_Primers",
        "version": "1.3.2",
        "options": {
            "flip": true,
            "float": 0,
            "force": false,
            "keep": false,
            "min_primer_matches": 2,
            "notes": "",
            "primer_end_mismatches": 0,
            "primer_mismatches": 0,
            "primers_3p": "../lc_primers.fasta",
            "primers_5p": "ACAGATATCAGTGGTATCAACGCAGAGTACATGGGG",
            "read1-input": [ "/nmspipeline//01-Processing/TRIMMER0090_P79/00-RawData/TRIMMER_Plate79_S1_L001_R1_001_sub.fastq.gz"],
            "read2-input": [ "/nmspipeline//01-Processing/TRIMMER0090_P79/00-RawData/TRIMMER_Plate79_S1_L001_R2_001_sub.fastq.gz"],
            "stats-file": "/nmspipeline//01-Processing/TRIMMER0090_P79/01-PrimerTrim/44-SMARTindex_LC_primers.log",
            "uncompressed": false
        },
        "primers": [ ["p5primer1","ACAGATATCAGTGGTATCAACGCAGAGTACATGGGG"], ["KaLC.6_REV_LC","GGATACAGTTGGTGCAGCATC"], ["LaLC.R-mIGL","ATCGTACACACCAGTGTGGC"], ["p5primer1","ACAGATATCAGTGGTATCAACGCAGAGTACATGGGG"], ["KaLC.6_REV_LC","GGATACAGTTGGTGCAGCATC"], ["LaLC.R-mIGL","ATCGTACACACCAGTGTGGC"] ]
    },
    "Fragment": {
        "in": 100000,
        "out": 27,
        "basepairs_in": 60000000,
        "basepairs_out": 14663,
        "flipped": 12,
        "primers_counts": [ ["p5primer1","LaLC.R-mIGL",2], ["p5primer1","KaLC.6_REV_LC",25], ["p5primer1","None",100], ["None","None",40274], ["None","KaLC.6_REV_LC",56755], ["None","LaLC.R-mIGL",2844] ]
    },
    "Single_end": {
        "in": 0,
        "out": 0,
        "basepairs_in": 0,
        "basepairs_out": 0,
        "primerTrim": 0,
        "primerBpTrim": 0,
        "discarded": 0
    },
    "Paired_end": {
        "in": 100000,
        "out": 27,
        "discarded": 99973,
        "Read1": {
            "basepairs_in": 30000000,
            "basepairs_out": 7128,
            "primerTrim": 27,
            "primerBpTrim": 972
        },
        "Read2": {
            "basepairs_in": 30000000,
            "basepairs_out": 7535,
            "primerTrim": 27,
            "primerBpTrim": 565
        }
    }
  }, {
    "Program_details": {
        "program": "hts_NTrimmer",
        "version": "1.3.2",
        "options": {
            "append-stats-file": "/nmspipeline//01-Processing/TRIMMER0090_P79/01-PrimerTrim/44-SMARTindex_LC_primers.log",
            "exclude": true,
            "force": false,
            "notes": "",
            "uncompressed": false
        }
    },
    "Fragment": {
        "in": 27,
        "out": 27,
        "basepairs_in": 14663,
        "basepairs_out": 14663
    },
    "Single_end": {
        "in": 0,
        "out": 0,
        "basepairs_in": 0,
        "basepairs_out": 0,
        "rightTrim": 0,
        "leftTrim": 0,
        "discarded": 0
    },
    "Paired_end": {
        "in": 27,
        "out": 27,
        "discarded": 0,
        "Read1": {
            "basepairs_in": 7128,
            "basepairs_out": 7128,
            "leftTrim": 0,
            "rightTrim": 0
        },
        "Read2": {
            "basepairs_in": 7535,
            "basepairs_out": 7535,
            "leftTrim": 0,
            "rightTrim": 0
        }
    }
  }, {
    "Program_details": {
        "program": "hts_SeqScreener",
        "version": "1.3.2",
        "options": {
            "append-stats-file": "/nmspipeline//01-Processing/TRIMMER0090_P79/01-PrimerTrim/44-SMARTindex_LC_primers.log",
            "check-read-2": true,
            "force": false,
            "inverse": false,
            "kmer": 21,
            "notes": "",
            "percentage-hits": 0.01,
            "record": true,
            "seq": "../aberrant_LC.fasta",
            "uncompressed": false
        },
        "screen_info": {
            "screenBP": 96,
            "lookupKmers": 8
        }
    },
    "Fragment": {
        "in": 27,
        "out": 27,
        "basepairs_in": 14663,
        "basepairs_out": 14663
    },
    "Single_end": {
        "in": 0,
        "out": 0,
        "basepairs_in": 0,
        "basepairs_out": 0,
        "hits": 0
    },
    "Paired_end": {
        "in": 27,
        "out": 27,
        "hits": 21,
        "Read1": {
            "basepairs_in": 7128,
            "basepairs_out": 7128
        },
        "Read2": {
            "basepairs_in": 7535,
            "basepairs_out": 7535
        }
    }
  }, {
    "Program_details": {
        "program": "hts_QWindowTrim",
        "version": "1.3.2",
        "options": {
            "append-stats-file": "/nmspipeline//01-Processing/TRIMMER0090_P79/01-PrimerTrim/44-SMARTindex_LC_primers.log",
            "avg-qual-score": 10,
            "force": false,
            "no-left": true,
            "no-right": false,
            "notes": "",
            "qual-offset": 33,
            "uncompressed": false,
            "window-size": 10
        }
    },
    "Fragment": {
        "in": 27,
        "out": 27,
        "basepairs_in": 14663,
        "basepairs_out": 14588
    },
    "Single_end": {
        "in": 0,
        "out": 0,
        "basepairs_in": 0,
        "basepairs_out": 0,
        "rightTrim": 0,
        "leftTrim": 0
    },
    "Paired_end": {
        "in": 27,
        "out": 27,
        "Read1": {
            "basepairs_in": 7128,
            "basepairs_out": 7079,
            "leftTrim": 0,
            "rightTrim": 49
        },
        "Read2": {
            "basepairs_in": 7535,
            "basepairs_out": 7509,
            "leftTrim": 0,
            "rightTrim": 26
        }
    }
  }, {
    "Program_details": {
        "program": "hts_Overlapper",
        "version": "1.3.2",
        "options": {
            "append-stats-file": "/nmspipeline//01-Processing/TRIMMER0090_P79/01-PrimerTrim/44-SMARTindex_LC_primers.log",
            "check-lengths": 20,
            "force": false,
            "force-pairs": false,
            "kmer": 8,
            "kmer-offset": 1,
            "max-mismatch": 100,
            "max-mismatch-errorDensity": 0.25,
            "min-overlap": 8,
            "notes": "",
            "number-of-threads": 1,
            "uncompressed": false
        }
    },
    "Fragment": {
        "in": 27,
        "out": 27,
        "basepairs_in": 14588,
        "basepairs_out": 9849,
        "inserts": {
            "short": 6,
            "medium": 18,
            "long": 3
        },
        "overlap_histogram": [ [26,1], [84,3], [103,1], [265,1], [399,3], [418,5], [420,1], [421,1], [422,2], [423,4], [424,1], [496,1] ]
    },
    "Single_end": {
        "in": 0,
        "out": 24,
        "basepairs_in": 0,
        "basepairs_out": 8230
    },
    "Paired_end": {
        "in": 27,
        "out": 3,
        "Read1": {
            "basepairs_in": 7079,
            "basepairs_out": 790
        },
        "Read2": {
            "basepairs_in": 7509,
            "basepairs_out": 829
        }
    }
  }, {
    "Program_details": {
        "program": "hts_LengthFilter",
        "version": "1.3.2",
        "options": {
            "append-stats-file": "/nmspipeline//01-Processing/TRIMMER0090_P79/01-PrimerTrim/44-SMARTindex_LC_primers.log",
            "fastq-output": "/nmspipeline//01-Processing/TRIMMER0090_P79/01-PrimerTrim/44-SMARTindex_LC_primers",
            "force": true,
            "max-length": 0,
            "min-length": 385,
            "no-orphans": false,
            "notes": "",
            "stranded": false,
            "uncompressed": false
        }
    },
    "Fragment": {
        "in": 27,
        "out": 18,
        "basepairs_in": 9849,
        "basepairs_out": 7584
    },
    "Single_end": {
        "in": 24,
        "out": 18,
        "basepairs_in": 8230,
        "basepairs_out": 7584,
        "discarded": 6
    },
    "Paired_end": {
        "in": 3,
        "out": 0,
        "discarded": 3,
        "Read1": {
            "basepairs_in": 790,
            "basepairs_out": 0,
            "discarded": 0
        },
        "Read2": {
            "basepairs_in": 829,
            "basepairs_out": 0,
            "discarded": 0
        }
    }
  }
]
