[ {
    "Program_details": {
        "program": "hts_Primers",
        "version": "1.3.2",
        "options": {
            "flip": true,
            "float": 0,
            "force": false,
            "keep": false,
            "min_primer_matches": 2,
            "notes": "",
            "primer_end_mismatches": 0,
            "primer_mismatches": 0,
            "primers_3p": "../hc_primers.fasta",
            "primers_5p": "ACAGATATCAGTGGTATCAACGCAGAGTACATGGGG",
            "read1-input": [ "/nmspipeline//01-Processing/TRIMMER0090_P79/00-RawData/TRIMMER_Plate79_S1_L001_R1_001_sub.fastq.gz"],
            "read2-input": [ "/nmspipeline//01-Processing/TRIMMER0090_P79/00-RawData/TRIMMER_Plate79_S1_L001_R2_001_sub.fastq.gz"],
            "stats-file": "/nmspipeline//01-Processing/TRIMMER0090_P79/01-PrimerTrim/44-SMARTindex_HC_primers.log",
            "uncompressed": false
        },
        "primers": [ ["p5primer1","ACAGATATCAGTGGTATCAACGCAGAGTACATGGGG"], ["Ga3.10for_mIGH3","GGATAGACAGATGGGGCTGTTGTTGT"], ["Ga12HC.10_REV_CHI","ATAGACAGATGGGGGTGTCGTTTTGG"], ["p5primer1","ACAGATATCAGTGGTATCAACGCAGAGTACATGGGG"], ["Ga3.10for_mIGH3","GGATAGACAGATGGGGCTGTTGTTGT"], ["Ga12HC.10_REV_CHI","ATAGACAGATGGGGGTGTCGTTTTGG"] ]
    },
    "Fragment": {
        "in": 100000,
        "out": 73,
        "basepairs_in": 60000000,
        "basepairs_out": 39274,
        "flipped": 33,
        "primers_counts": [ ["p5primer1","None",54], ["p5primer1","Ga12HC.10_REV_CHI",73], ["None","Ga3.10for_mIGH3",573], ["None","Ga12HC.10_REV_CHI",25727], ["None","None",73573] ]
    },
    "Single_end": {
        "in": 0,
        "out": 0,
        "basepairs_in": 0,
        "basepairs_out": 0,
        "primerTrim": 0,
        "primerBpTrim": 0,
        "discarded": 0
    },
    "Paired_end": {
        "in": 100000,
        "out": 73,
        "discarded": 99927,
        "Read1": {
            "basepairs_in": 30000000,
            "basepairs_out": 19272,
            "primerTrim": 73,
            "primerBpTrim": 2628
        },
        "Read2": {
            "basepairs_in": 30000000,
            "basepairs_out": 20002,
            "primerTrim": 73,
            "primerBpTrim": 1898
        }
    }
  }, {
    "Program_details": {
        "program": "hts_NTrimmer",
        "version": "1.3.2",
        "options": {
            "append-stats-file": "/nmspipeline//01-Processing/TRIMMER0090_P79/01-PrimerTrim/44-SMARTindex_HC_primers.log",
            "exclude": true,
            "force": false,
            "notes": "",
            "uncompressed": false
        }
    },
    "Fragment": {
        "in": 73,
        "out": 73,
        "basepairs_in": 39274,
        "basepairs_out": 39274
    },
    "Single_end": {
        "in": 0,
        "out": 0,
        "basepairs_in": 0,
        "basepairs_out": 0,
        "rightTrim": 0,
        "leftTrim": 0,
        "discarded": 0
    },
    "Paired_end": {
        "in": 73,
        "out": 73,
        "discarded": 0,
        "Read1": {
            "basepairs_in": 19272,
            "basepairs_out": 19272,
            "leftTrim": 0,
            "rightTrim": 0
        },
        "Read2": {
            "basepairs_in": 20002,
            "basepairs_out": 20002,
            "leftTrim": 0,
            "rightTrim": 0
        }
    }
  }, {
    "Program_details": {
        "program": "hts_SeqScreener",
        "version": "1.3.2",
        "options": {
            "append-stats-file": "/nmspipeline//01-Processing/TRIMMER0090_P79/01-PrimerTrim/44-SMARTindex_HC_primers.log",
            "check-read-2": true,
            "force": false,
            "inverse": false,
            "kmer": 21,
            "notes": "",
            "percentage-hits": 0.01,
            "record": true,
            "seq": "../aberrant_LC.fasta",
            "uncompressed": false
        },
        "screen_info": {
            "screenBP": 96,
            "lookupKmers": 8
        }
    },
    "Fragment": {
        "in": 73,
        "out": 73,
        "basepairs_in": 39274,
        "basepairs_out": 39274
    },
    "Single_end": {
        "in": 0,
        "out": 0,
        "basepairs_in": 0,
        "basepairs_out": 0,
        "hits": 0
    },
    "Paired_end": {
        "in": 73,
        "out": 73,
        "hits": 0,
        "Read1": {
            "basepairs_in": 19272,
            "basepairs_out": 19272
        },
        "Read2": {
            "basepairs_in": 20002,
            "basepairs_out": 20002
        }
    }
  }, {
    "Program_details": {
        "program": "hts_QWindowTrim",
        "version": "1.3.2",
        "options": {
            "append-stats-file": "/nmspipeline//01-Processing/TRIMMER0090_P79/01-PrimerTrim/44-SMARTindex_HC_primers.log",
            "avg-qual-score": 10,
            "force": false,
            "no-left": true,
            "no-right": false,
            "notes": "",
            "qual-offset": 33,
            "uncompressed": false,
            "window-size": 10
        }
    },
    "Fragment": {
        "in": 73,
        "out": 73,
        "basepairs_in": 39274,
        "basepairs_out": 39135
    },
    "Single_end": {
        "in": 0,
        "out": 0,
        "basepairs_in": 0,
        "basepairs_out": 0,
        "rightTrim": 0,
        "leftTrim": 0
    },
    "Paired_end": {
        "in": 73,
        "out": 73,
        "Read1": {
            "basepairs_in": 19272,
            "basepairs_out": 19263,
            "leftTrim": 0,
            "rightTrim": 9
        },
        "Read2": {
            "basepairs_in": 20002,
            "basepairs_out": 19872,
            "leftTrim": 0,
            "rightTrim": 130
        }
    }
  }, {
    "Program_details": {
        "program": "hts_Overlapper",
        "version": "1.3.2",
        "options": {
            "append-stats-file": "/nmspipeline//01-Processing/TRIMMER0090_P79/01-PrimerTrim/44-SMARTindex_HC_primers.log",
            "check-lengths": 20,
            "force": false,
            "force-pairs": false,
            "kmer": 8,
            "kmer-offset": 1,
            "max-mismatch": 100,
            "max-mismatch-errorDensity": 0.25,
            "min-overlap": 8,
            "notes": "",
            "number-of-threads": 1,
            "uncompressed": false
        }
    },
    "Fragment": {
        "in": 73,
        "out": 73,
        "basepairs_in": 39135,
        "basepairs_out": 33506,
        "inserts": {
            "short": 2,
            "medium": 65,
            "long": 6
        },
        "overlap_histogram": [ [58,1], [165,1], [459,1], [460,3], [462,50], [463,3], [464,1], [465,1], [470,1], [472,4], [474,1] ]
    },
    "Single_end": {
        "in": 0,
        "out": 67,
        "basepairs_in": 0,
        "basepairs_out": 30312
    },
    "Paired_end": {
        "in": 73,
        "out": 6,
        "Read1": {
            "basepairs_in": 19263,
            "basepairs_out": 1584
        },
        "Read2": {
            "basepairs_in": 19872,
            "basepairs_out": 1610
        }
    }
  }, {
    "Program_details": {
        "program": "hts_LengthFilter",
        "version": "1.3.2",
        "options": {
            "append-stats-file": "/nmspipeline//01-Processing/TRIMMER0090_P79/01-PrimerTrim/44-SMARTindex_HC_primers.log",
            "fastq-output": "/nmspipeline//01-Processing/TRIMMER0090_P79/01-PrimerTrim/44-SMARTindex_HC_primers",
            "force": true,
            "max-length": 0,
            "min-length": 385,
            "no-orphans": false,
            "notes": "",
            "stranded": false,
            "uncompressed": false
        }
    },
    "Fragment": {
        "in": 73,
        "out": 65,
        "basepairs_in": 33506,
        "basepairs_out": 30089
    },
    "Single_end": {
        "in": 67,
        "out": 65,
        "basepairs_in": 30312,
        "basepairs_out": 30089,
        "discarded": 2
    },
    "Paired_end": {
        "in": 6,
        "out": 0,
        "discarded": 6,
        "Read1": {
            "basepairs_in": 1584,
            "basepairs_out": 0,
            "discarded": 0
        },
        "Read2": {
            "basepairs_in": 1610,
            "basepairs_out": 0,
            "discarded": 0
        }
    }
  }
]
