[ {
    "Program_details": {
        "program": "hts_Primers",
        "version": "1.3.2",
        "options": {
            "flip": true,
            "float": 0,
            "force": false,
            "keep": false,
            "min_primer_matches": 2,
            "notes": "",
            "primer_end_mismatches": 0,
            "primer_mismatches": 0,
            "primers_3p": "../hc_primers.fasta",
            "primers_5p": "TAGGCTATCAGTGGTATCAACGCAGAGTACATGGGG",
            "read1-input": [ "/nmspipeline//01-Processing/TRIMMER0090_P79/00-RawData/TRIMMER_Plate79_S1_L001_R1_001_sub.fastq.gz"],
            "read2-input": [ "/nmspipeline//01-Processing/TRIMMER0090_P79/00-RawData/TRIMMER_Plate79_S1_L001_R2_001_sub.fastq.gz"],
            "stats-file": "/nmspipeline//01-Processing/TRIMMER0090_P79/01-PrimerTrim/45-SMARTindex_HC_primers.log",
            "uncompressed": false
        },
        "primers": [ ["p5primer1","TAGGCTATCAGTGGTATCAACGCAGAGTACATGGGG"], ["Ga3.10for_mIGH3","GGATAGACAGATGGGGCTGTTGTTGT"], ["Ga12HC.10_REV_CHI","ATAGACAGATGGGGGTGTCGTTTTGG"], ["p5primer1","TAGGCTATCAGTGGTATCAACGCAGAGTACATGGGG"], ["Ga3.10for_mIGH3","GGATAGACAGATGGGGCTGTTGTTGT"], ["Ga12HC.10_REV_CHI","ATAGACAGATGGGGGTGTCGTTTTGG"] ]
    },
    "Fragment": {
        "in": 100000,
        "out": 11,
        "basepairs_in": 60000000,
        "basepairs_out": 5918,
        "flipped": 4,
        "primers_counts": [ ["p5primer1","Ga12HC.10_REV_CHI",11], ["None","Ga3.10for_mIGH3",573], ["p5primer1","None",463], ["None","Ga12HC.10_REV_CHI",25789], ["None","None",73164] ]
    },
    "Single_end": {
        "in": 0,
        "out": 0,
        "basepairs_in": 0,
        "basepairs_out": 0,
        "primerTrim": 0,
        "primerBpTrim": 0,
        "discarded": 0
    },
    "Paired_end": {
        "in": 100000,
        "out": 11,
        "discarded": 99989,
        "Read1": {
            "basepairs_in": 30000000,
            "basepairs_out": 2904,
            "primerTrim": 11,
            "primerBpTrim": 396
        },
        "Read2": {
            "basepairs_in": 30000000,
            "basepairs_out": 3014,
            "primerTrim": 11,
            "primerBpTrim": 286
        }
    }
  }, {
    "Program_details": {
        "program": "hts_NTrimmer",
        "version": "1.3.2",
        "options": {
            "append-stats-file": "/nmspipeline//01-Processing/TRIMMER0090_P79/01-PrimerTrim/45-SMARTindex_HC_primers.log",
            "exclude": true,
            "force": false,
            "notes": "",
            "uncompressed": false
        }
    },
    "Fragment": {
        "in": 11,
        "out": 11,
        "basepairs_in": 5918,
        "basepairs_out": 5918
    },
    "Single_end": {
        "in": 0,
        "out": 0,
        "basepairs_in": 0,
        "basepairs_out": 0,
        "rightTrim": 0,
        "leftTrim": 0,
        "discarded": 0
    },
    "Paired_end": {
        "in": 11,
        "out": 11,
        "discarded": 0,
        "Read1": {
            "basepairs_in": 2904,
            "basepairs_out": 2904,
            "leftTrim": 0,
            "rightTrim": 0
        },
        "Read2": {
            "basepairs_in": 3014,
            "basepairs_out": 3014,
            "leftTrim": 0,
            "rightTrim": 0
        }
    }
  }, {
    "Program_details": {
        "program": "hts_SeqScreener",
        "version": "1.3.2",
        "options": {
            "append-stats-file": "/nmspipeline//01-Processing/TRIMMER0090_P79/01-PrimerTrim/45-SMARTindex_HC_primers.log",
            "check-read-2": true,
            "force": false,
            "inverse": false,
            "kmer": 21,
            "notes": "",
            "percentage-hits": 0.01,
            "record": true,
            "seq": "../aberrant_LC.fasta",
            "uncompressed": false
        },
        "screen_info": {
            "screenBP": 96,
            "lookupKmers": 8
        }
    },
    "Fragment": {
        "in": 11,
        "out": 11,
        "basepairs_in": 5918,
        "basepairs_out": 5918
    },
    "Single_end": {
        "in": 0,
        "out": 0,
        "basepairs_in": 0,
        "basepairs_out": 0,
        "hits": 0
    },
    "Paired_end": {
        "in": 11,
        "out": 11,
        "hits": 0,
        "Read1": {
            "basepairs_in": 2904,
            "basepairs_out": 2904
        },
        "Read2": {
            "basepairs_in": 3014,
            "basepairs_out": 3014
        }
    }
  }, {
    "Program_details": {
        "program": "hts_QWindowTrim",
        "version": "1.3.2",
        "options": {
            "append-stats-file": "/nmspipeline//01-Processing/TRIMMER0090_P79/01-PrimerTrim/45-SMARTindex_HC_primers.log",
            "avg-qual-score": 10,
            "force": false,
            "no-left": true,
            "no-right": false,
            "notes": "",
            "qual-offset": 33,
            "uncompressed": false,
            "window-size": 10
        }
    },
    "Fragment": {
        "in": 11,
        "out": 11,
        "basepairs_in": 5918,
        "basepairs_out": 5883
    },
    "Single_end": {
        "in": 0,
        "out": 0,
        "basepairs_in": 0,
        "basepairs_out": 0,
        "rightTrim": 0,
        "leftTrim": 0
    },
    "Paired_end": {
        "in": 11,
        "out": 11,
        "Read1": {
            "basepairs_in": 2904,
            "basepairs_out": 2890,
            "leftTrim": 0,
            "rightTrim": 14
        },
        "Read2": {
            "basepairs_in": 3014,
            "basepairs_out": 2993,
            "leftTrim": 0,
            "rightTrim": 21
        }
    }
  }, {
    "Program_details": {
        "program": "hts_Overlapper",
        "version": "1.3.2",
        "options": {
            "append-stats-file": "/nmspipeline//01-Processing/TRIMMER0090_P79/01-PrimerTrim/45-SMARTindex_HC_primers.log",
            "check-lengths": 20,
            "force": false,
            "force-pairs": false,
            "kmer": 8,
            "kmer-offset": 1,
            "max-mismatch": 100,
            "max-mismatch-errorDensity": 0.25,
            "min-overlap": 8,
            "notes": "",
            "number-of-threads": 1,
            "uncompressed": false
        }
    },
    "Fragment": {
        "in": 11,
        "out": 11,
        "basepairs_in": 5883,
        "basepairs_out": 3129,
        "inserts": {
            "short": 5,
            "medium": 5,
            "long": 1
        },
        "overlap_histogram": [ [9,1], [23,1], [103,1], [104,1], [225,1], [406,1], [429,1], [431,3] ]
    },
    "Single_end": {
        "in": 0,
        "out": 10,
        "basepairs_in": 0,
        "basepairs_out": 2592
    },
    "Paired_end": {
        "in": 11,
        "out": 1,
        "Read1": {
            "basepairs_in": 2890,
            "basepairs_out": 264
        },
        "Read2": {
            "basepairs_in": 2993,
            "basepairs_out": 273
        }
    }
  }, {
    "Program_details": {
        "program": "hts_LengthFilter",
        "version": "1.3.2",
        "options": {
            "append-stats-file": "/nmspipeline//01-Processing/TRIMMER0090_P79/01-PrimerTrim/45-SMARTindex_HC_primers.log",
            "fastq-output": "/nmspipeline//01-Processing/TRIMMER0090_P79/01-PrimerTrim/45-SMARTindex_HC_primers",
            "force": true,
            "max-length": 0,
            "min-length": 385,
            "no-orphans": false,
            "notes": "",
            "stranded": false,
            "uncompressed": false
        }
    },
    "Fragment": {
        "in": 11,
        "out": 5,
        "basepairs_in": 3129,
        "basepairs_out": 2128
    },
    "Single_end": {
        "in": 10,
        "out": 5,
        "basepairs_in": 2592,
        "basepairs_out": 2128,
        "discarded": 5
    },
    "Paired_end": {
        "in": 1,
        "out": 0,
        "discarded": 1,
        "Read1": {
            "basepairs_in": 264,
            "basepairs_out": 0,
            "discarded": 0
        },
        "Read2": {
            "basepairs_in": 273,
            "basepairs_out": 0,
            "discarded": 0
        }
    }
  }
]
