[ {
    "Program_details": {
        "program": "hts_Primers",
        "version": "1.3.2",
        "options": {
            "flip": true,
            "float": 0,
            "force": false,
            "keep": false,
            "min_primer_matches": 2,
            "notes": "",
            "primer_end_mismatches": 0,
            "primer_mismatches": 0,
            "primers_3p": "../hc_primers.fasta",
            "primers_5p": "CTCCATATCAGTGGTATCAACGCAGAGTACATGGGG",
            "read1-input": [ "/nmspipeline//01-Processing/TRIMMER0090_P79/00-RawData/TRIMMER_Plate79_S1_L001_R1_001_sub.fastq.gz"],
            "read2-input": [ "/nmspipeline//01-Processing/TRIMMER0090_P79/00-RawData/TRIMMER_Plate79_S1_L001_R2_001_sub.fastq.gz"],
            "stats-file": "/nmspipeline//01-Processing/TRIMMER0090_P79/01-PrimerTrim/46-SMARTindex_HC_primers.log",
            "uncompressed": false
        },
        "primers": [ ["p5primer1","CTCCATATCAGTGGTATCAACGCAGAGTACATGGGG"], ["Ga3.10for_mIGH3","GGATAGACAGATGGGGCTGTTGTTGT"], ["Ga12HC.10_REV_CHI","ATAGACAGATGGGGGTGTCGTTTTGG"], ["p5primer1","CTCCATATCAGTGGTATCAACGCAGAGTACATGGGG"], ["Ga3.10for_mIGH3","GGATAGACAGATGGGGCTGTTGTTGT"], ["Ga12HC.10_REV_CHI","ATAGACAGATGGGGGTGTCGTTTTGG"] ]
    },
    "Fragment": {
        "in": 100000,
        "out": 661,
        "basepairs_in": 60000000,
        "basepairs_out": 355618,
        "flipped": 304,
        "primers_counts": [ ["p5primer1","None",1220], ["p5primer1","Ga12HC.10_REV_CHI",660], ["p5primer1","Ga3.10for_mIGH3",1], ["None","Ga3.10for_mIGH3",572], ["None","Ga12HC.10_REV_CHI",25140], ["None","None",72407] ]
    },
    "Single_end": {
        "in": 0,
        "out": 0,
        "basepairs_in": 0,
        "basepairs_out": 0,
        "primerTrim": 0,
        "primerBpTrim": 0,
        "discarded": 0
    },
    "Paired_end": {
        "in": 100000,
        "out": 661,
        "discarded": 99339,
        "Read1": {
            "basepairs_in": 30000000,
            "basepairs_out": 174504,
            "primerTrim": 661,
            "primerBpTrim": 23796
        },
        "Read2": {
            "basepairs_in": 30000000,
            "basepairs_out": 181114,
            "primerTrim": 661,
            "primerBpTrim": 17186
        }
    }
  }, {
    "Program_details": {
        "program": "hts_NTrimmer",
        "version": "1.3.2",
        "options": {
            "append-stats-file": "/nmspipeline//01-Processing/TRIMMER0090_P79/01-PrimerTrim/46-SMARTindex_HC_primers.log",
            "exclude": true,
            "force": false,
            "notes": "",
            "uncompressed": false
        }
    },
    "Fragment": {
        "in": 661,
        "out": 661,
        "basepairs_in": 355618,
        "basepairs_out": 355618
    },
    "Single_end": {
        "in": 0,
        "out": 0,
        "basepairs_in": 0,
        "basepairs_out": 0,
        "rightTrim": 0,
        "leftTrim": 0,
        "discarded": 0
    },
    "Paired_end": {
        "in": 661,
        "out": 661,
        "discarded": 0,
        "Read1": {
            "basepairs_in": 174504,
            "basepairs_out": 174504,
            "leftTrim": 0,
            "rightTrim": 0
        },
        "Read2": {
            "basepairs_in": 181114,
            "basepairs_out": 181114,
            "leftTrim": 0,
            "rightTrim": 0
        }
    }
  }, {
    "Program_details": {
        "program": "hts_SeqScreener",
        "version": "1.3.2",
        "options": {
            "append-stats-file": "/nmspipeline//01-Processing/TRIMMER0090_P79/01-PrimerTrim/46-SMARTindex_HC_primers.log",
            "check-read-2": true,
            "force": false,
            "inverse": false,
            "kmer": 21,
            "notes": "",
            "percentage-hits": 0.01,
            "record": true,
            "seq": "../aberrant_LC.fasta",
            "uncompressed": false
        },
        "screen_info": {
            "screenBP": 96,
            "lookupKmers": 8
        }
    },
    "Fragment": {
        "in": 661,
        "out": 661,
        "basepairs_in": 355618,
        "basepairs_out": 355618
    },
    "Single_end": {
        "in": 0,
        "out": 0,
        "basepairs_in": 0,
        "basepairs_out": 0,
        "hits": 0
    },
    "Paired_end": {
        "in": 661,
        "out": 661,
        "hits": 0,
        "Read1": {
            "basepairs_in": 174504,
            "basepairs_out": 174504
        },
        "Read2": {
            "basepairs_in": 181114,
            "basepairs_out": 181114
        }
    }
  }, {
    "Program_details": {
        "program": "hts_QWindowTrim",
        "version": "1.3.2",
        "options": {
            "append-stats-file": "/nmspipeline//01-Processing/TRIMMER0090_P79/01-PrimerTrim/46-SMARTindex_HC_primers.log",
            "avg-qual-score": 10,
            "force": false,
            "no-left": true,
            "no-right": false,
            "notes": "",
            "qual-offset": 33,
            "uncompressed": false,
            "window-size": 10
        }
    },
    "Fragment": {
        "in": 661,
        "out": 661,
        "basepairs_in": 355618,
        "basepairs_out": 354609
    },
    "Single_end": {
        "in": 0,
        "out": 0,
        "basepairs_in": 0,
        "basepairs_out": 0,
        "rightTrim": 0,
        "leftTrim": 0
    },
    "Paired_end": {
        "in": 661,
        "out": 661,
        "Read1": {
            "basepairs_in": 174504,
            "basepairs_out": 174120,
            "leftTrim": 0,
            "rightTrim": 384
        },
        "Read2": {
            "basepairs_in": 181114,
            "basepairs_out": 180489,
            "leftTrim": 0,
            "rightTrim": 625
        }
    }
  }, {
    "Program_details": {
        "program": "hts_Overlapper",
        "version": "1.3.2",
        "options": {
            "append-stats-file": "/nmspipeline//01-Processing/TRIMMER0090_P79/01-PrimerTrim/46-SMARTindex_HC_primers.log",
            "check-lengths": 20,
            "force": false,
            "force-pairs": false,
            "kmer": 8,
            "kmer-offset": 1,
            "max-mismatch": 100,
            "max-mismatch-errorDensity": 0.25,
            "min-overlap": 8,
            "notes": "",
            "number-of-threads": 1,
            "uncompressed": false
        }
    },
    "Fragment": {
        "in": 661,
        "out": 661,
        "basepairs_in": 354609,
        "basepairs_out": 289287,
        "inserts": {
            "short": 25,
            "medium": 602,
            "long": 34
        },
        "overlap_histogram": [ [18,1], [32,1], [40,2], [52,1], [53,1], [72,1], [76,1], [96,1], [97,1], [100,1], [115,1], [129,1], [133,2], [134,1], [157,2], [167,2], [189,1], [193,1], [207,1], [241,1], [251,1], [325,1], [344,1], [361,1], [369,1], [377,1], [392,1], [415,1], [417,1], [418,7], [419,37], [420,4], [421,2], [422,8], [423,1], [426,2], [428,24], [430,5], [446,5], [447,1], [448,124], [449,11], [450,126], [451,161], [452,39], [453,9], [454,7], [455,4], [456,7], [457,1], [458,1], [463,2], [469,2], [470,1], [473,1], [475,1], [478,1] ]
    },
    "Single_end": {
        "in": 0,
        "out": 627,
        "basepairs_in": 0,
        "basepairs_out": 271122
    },
    "Paired_end": {
        "in": 661,
        "out": 34,
        "Read1": {
            "basepairs_in": 174120,
            "basepairs_out": 8920
        },
        "Read2": {
            "basepairs_in": 180489,
            "basepairs_out": 9245
        }
    }
  }, {
    "Program_details": {
        "program": "hts_LengthFilter",
        "version": "1.3.2",
        "options": {
            "append-stats-file": "/nmspipeline//01-Processing/TRIMMER0090_P79/01-PrimerTrim/46-SMARTindex_HC_primers.log",
            "fastq-output": "/nmspipeline//01-Processing/TRIMMER0090_P79/01-PrimerTrim/46-SMARTindex_HC_primers",
            "force": true,
            "max-length": 0,
            "min-length": 385,
            "no-orphans": false,
            "notes": "",
            "stranded": false,
            "uncompressed": false
        }
    },
    "Fragment": {
        "in": 661,
        "out": 597,
        "basepairs_in": 289287,
        "basepairs_out": 266297
    },
    "Single_end": {
        "in": 627,
        "out": 597,
        "basepairs_in": 271122,
        "basepairs_out": 266297,
        "discarded": 30
    },
    "Paired_end": {
        "in": 34,
        "out": 0,
        "discarded": 34,
        "Read1": {
            "basepairs_in": 8920,
            "basepairs_out": 0,
            "discarded": 0
        },
        "Read2": {
            "basepairs_in": 9245,
            "basepairs_out": 0,
            "discarded": 0
        }
    }
  }
]
