[ {
    "Program_details": {
        "program": "hts_Primers",
        "version": "1.3.2",
        "options": {
            "flip": true,
            "float": 0,
            "force": false,
            "keep": false,
            "min_primer_matches": 2,
            "notes": "",
            "primer_end_mismatches": 0,
            "primer_mismatches": 0,
            "primers_3p": "../lc_primers.fasta",
            "primers_5p": "CTCCATATCAGTGGTATCAACGCAGAGTACATGGGG",
            "read1-input": [ "/nmspipeline//01-Processing/TRIMMER0090_P79/00-RawData/TRIMMER_Plate79_S1_L001_R1_001_sub.fastq.gz"],
            "read2-input": [ "/nmspipeline//01-Processing/TRIMMER0090_P79/00-RawData/TRIMMER_Plate79_S1_L001_R2_001_sub.fastq.gz"],
            "stats-file": "/nmspipeline//01-Processing/TRIMMER0090_P79/01-PrimerTrim/46-SMARTindex_LC_primers.log",
            "uncompressed": false
        },
        "primers": [ ["p5primer1","CTCCATATCAGTGGTATCAACGCAGAGTACATGGGG"], ["KaLC.6_REV_LC","GGATACAGTTGGTGCAGCATC"], ["LaLC.R-mIGL","ATCGTACACACCAGTGTGGC"], ["p5primer1","CTCCATATCAGTGGTATCAACGCAGAGTACATGGGG"], ["KaLC.6_REV_LC","GGATACAGTTGGTGCAGCATC"], ["LaLC.R-mIGL","ATCGTACACACCAGTGTGGC"] ]
    },
    "Fragment": {
        "in": 100000,
        "out": 997,
        "basepairs_in": 60000000,
        "basepairs_out": 541375,
        "flipped": 467,
        "primers_counts": [ ["p5primer1","LaLC.R-mIGL",4], ["p5primer1","KaLC.6_REV_LC",993], ["p5primer1","None",884], ["None","None",39490], ["None","KaLC.6_REV_LC",55787], ["None","LaLC.R-mIGL",2842] ]
    },
    "Single_end": {
        "in": 0,
        "out": 0,
        "basepairs_in": 0,
        "basepairs_out": 0,
        "primerTrim": 0,
        "primerBpTrim": 0,
        "discarded": 0
    },
    "Paired_end": {
        "in": 100000,
        "out": 997,
        "discarded": 99003,
        "Read1": {
            "basepairs_in": 30000000,
            "basepairs_out": 263208,
            "primerTrim": 997,
            "primerBpTrim": 35892
        },
        "Read2": {
            "basepairs_in": 30000000,
            "basepairs_out": 278167,
            "primerTrim": 997,
            "primerBpTrim": 20933
        }
    }
  }, {
    "Program_details": {
        "program": "hts_NTrimmer",
        "version": "1.3.2",
        "options": {
            "append-stats-file": "/nmspipeline//01-Processing/TRIMMER0090_P79/01-PrimerTrim/46-SMARTindex_LC_primers.log",
            "exclude": true,
            "force": false,
            "notes": "",
            "uncompressed": false
        }
    },
    "Fragment": {
        "in": 997,
        "out": 997,
        "basepairs_in": 541375,
        "basepairs_out": 541375
    },
    "Single_end": {
        "in": 0,
        "out": 0,
        "basepairs_in": 0,
        "basepairs_out": 0,
        "rightTrim": 0,
        "leftTrim": 0,
        "discarded": 0
    },
    "Paired_end": {
        "in": 997,
        "out": 997,
        "discarded": 0,
        "Read1": {
            "basepairs_in": 263208,
            "basepairs_out": 263208,
            "leftTrim": 0,
            "rightTrim": 0
        },
        "Read2": {
            "basepairs_in": 278167,
            "basepairs_out": 278167,
            "leftTrim": 0,
            "rightTrim": 0
        }
    }
  }, {
    "Program_details": {
        "program": "hts_SeqScreener",
        "version": "1.3.2",
        "options": {
            "append-stats-file": "/nmspipeline//01-Processing/TRIMMER0090_P79/01-PrimerTrim/46-SMARTindex_LC_primers.log",
            "check-read-2": true,
            "force": false,
            "inverse": false,
            "kmer": 21,
            "notes": "",
            "percentage-hits": 0.01,
            "record": true,
            "seq": "../aberrant_LC.fasta",
            "uncompressed": false
        },
        "screen_info": {
            "screenBP": 96,
            "lookupKmers": 8
        }
    },
    "Fragment": {
        "in": 997,
        "out": 997,
        "basepairs_in": 541375,
        "basepairs_out": 541375
    },
    "Single_end": {
        "in": 0,
        "out": 0,
        "basepairs_in": 0,
        "basepairs_out": 0,
        "hits": 0
    },
    "Paired_end": {
        "in": 997,
        "out": 997,
        "hits": 75,
        "Read1": {
            "basepairs_in": 263208,
            "basepairs_out": 263208
        },
        "Read2": {
            "basepairs_in": 278167,
            "basepairs_out": 278167
        }
    }
  }, {
    "Program_details": {
        "program": "hts_QWindowTrim",
        "version": "1.3.2",
        "options": {
            "append-stats-file": "/nmspipeline//01-Processing/TRIMMER0090_P79/01-PrimerTrim/46-SMARTindex_LC_primers.log",
            "avg-qual-score": 10,
            "force": false,
            "no-left": true,
            "no-right": false,
            "notes": "",
            "qual-offset": 33,
            "uncompressed": false,
            "window-size": 10
        }
    },
    "Fragment": {
        "in": 997,
        "out": 997,
        "basepairs_in": 541375,
        "basepairs_out": 540189
    },
    "Single_end": {
        "in": 0,
        "out": 0,
        "basepairs_in": 0,
        "basepairs_out": 0,
        "rightTrim": 0,
        "leftTrim": 0
    },
    "Paired_end": {
        "in": 997,
        "out": 997,
        "Read1": {
            "basepairs_in": 263208,
            "basepairs_out": 262521,
            "leftTrim": 0,
            "rightTrim": 687
        },
        "Read2": {
            "basepairs_in": 278167,
            "basepairs_out": 277668,
            "leftTrim": 0,
            "rightTrim": 499
        }
    }
  }, {
    "Program_details": {
        "program": "hts_Overlapper",
        "version": "1.3.2",
        "options": {
            "append-stats-file": "/nmspipeline//01-Processing/TRIMMER0090_P79/01-PrimerTrim/46-SMARTindex_LC_primers.log",
            "check-lengths": 20,
            "force": false,
            "force-pairs": false,
            "kmer": 8,
            "kmer-offset": 1,
            "max-mismatch": 100,
            "max-mismatch-errorDensity": 0.25,
            "min-overlap": 8,
            "notes": "",
            "number-of-threads": 1,
            "uncompressed": false
        }
    },
    "Fragment": {
        "in": 997,
        "out": 997,
        "basepairs_in": 540189,
        "basepairs_out": 418577,
        "inserts": {
            "short": 39,
            "medium": 895,
            "long": 63
        },
        "overlap_histogram": [ [9,1], [24,1], [42,2], [53,1], [54,1], [55,1], [61,1], [86,1], [88,2], [93,4], [94,1], [95,1], [100,1], [108,1], [113,2], [126,1], [128,1], [129,1], [137,2], [154,1], [156,2], [157,1], [158,1], [159,1], [162,1], [163,1], [169,1], [170,1], [221,1], [247,1], [273,1], [328,1], [351,1], [355,1], [356,1], [366,10], [374,1], [375,1], [380,4], [396,1], [399,5], [400,1], [403,1], [404,1], [405,1], [407,4], [408,3], [409,91], [410,32], [411,17], [412,9], [413,1], [416,1], [417,3], [418,32], [419,1], [420,6], [421,239], [422,43], [423,24], [424,7], [426,1], [427,3], [428,5], [429,7], [430,3], [431,1], [432,50], [433,3], [434,4], [435,2], [436,2], [437,2], [439,140], [440,14], [441,30], [442,22], [443,6], [444,49], [445,4], [464,1], [466,1], [467,1], [473,1] ]
    },
    "Single_end": {
        "in": 0,
        "out": 934,
        "basepairs_in": 0,
        "basepairs_out": 384547
    },
    "Paired_end": {
        "in": 997,
        "out": 63,
        "Read1": {
            "basepairs_in": 262521,
            "basepairs_out": 16511
        },
        "Read2": {
            "basepairs_in": 277668,
            "basepairs_out": 17519
        }
    }
  }, {
    "Program_details": {
        "program": "hts_LengthFilter",
        "version": "1.3.2",
        "options": {
            "append-stats-file": "/nmspipeline//01-Processing/TRIMMER0090_P79/01-PrimerTrim/46-SMARTindex_LC_primers.log",
            "fastq-output": "/nmspipeline//01-Processing/TRIMMER0090_P79/01-PrimerTrim/46-SMARTindex_LC_primers",
            "force": true,
            "max-length": 0,
            "min-length": 385,
            "no-orphans": false,
            "notes": "",
            "stranded": false,
            "uncompressed": false
        }
    },
    "Fragment": {
        "in": 997,
        "out": 875,
        "basepairs_in": 418577,
        "basepairs_out": 372629
    },
    "Single_end": {
        "in": 934,
        "out": 875,
        "basepairs_in": 384547,
        "basepairs_out": 372629,
        "discarded": 59
    },
    "Paired_end": {
        "in": 63,
        "out": 0,
        "discarded": 63,
        "Read1": {
            "basepairs_in": 16511,
            "basepairs_out": 0,
            "discarded": 0
        },
        "Read2": {
            "basepairs_in": 17519,
            "basepairs_out": 0,
            "discarded": 0
        }
    }
  }
]
