[ {
    "Program_details": {
        "program": "hts_Primers",
        "version": "1.3.2",
        "options": {
            "flip": true,
            "float": 0,
            "force": false,
            "keep": false,
            "min_primer_matches": 2,
            "notes": "",
            "primer_end_mismatches": 0,
            "primer_mismatches": 0,
            "primers_3p": "../hc_primers.fasta",
            "primers_5p": "GTGCCATACAGTGGTATCAACGCAGAGTACATGGGG",
            "read1-input": [ "/nmspipeline//01-Processing/TRIMMER0090_P79/00-RawData/TRIMMER_Plate79_S1_L001_R1_001_sub.fastq.gz"],
            "read2-input": [ "/nmspipeline//01-Processing/TRIMMER0090_P79/00-RawData/TRIMMER_Plate79_S1_L001_R2_001_sub.fastq.gz"],
            "stats-file": "/nmspipeline//01-Processing/TRIMMER0090_P79/01-PrimerTrim/49-SMARTindex_HC_primers.log",
            "uncompressed": false
        },
        "primers": [ ["p5primer1","GTGCCATACAGTGGTATCAACGCAGAGTACATGGGG"], ["Ga3.10for_mIGH3","GGATAGACAGATGGGGCTGTTGTTGT"], ["Ga12HC.10_REV_CHI","ATAGACAGATGGGGGTGTCGTTTTGG"], ["p5primer1","GTGCCATACAGTGGTATCAACGCAGAGTACATGGGG"], ["Ga3.10for_mIGH3","GGATAGACAGATGGGGCTGTTGTTGT"], ["Ga12HC.10_REV_CHI","ATAGACAGATGGGGGTGTCGTTTTGG"] ]
    },
    "Fragment": {
        "in": 100000,
        "out": 1048,
        "basepairs_in": 60000000,
        "basepairs_out": 563824,
        "flipped": 519,
        "primers_counts": [ ["None","Ga3.10for_mIGH3",573], ["p5primer1","Ga12HC.10_REV_CHI",1048], ["p5primer1","None",1799], ["None","Ga12HC.10_REV_CHI",24752], ["None","None",71828] ]
    },
    "Single_end": {
        "in": 0,
        "out": 0,
        "basepairs_in": 0,
        "basepairs_out": 0,
        "primerTrim": 0,
        "primerBpTrim": 0,
        "discarded": 0
    },
    "Paired_end": {
        "in": 100000,
        "out": 1048,
        "discarded": 98952,
        "Read1": {
            "basepairs_in": 30000000,
            "basepairs_out": 276672,
            "primerTrim": 1048,
            "primerBpTrim": 37728
        },
        "Read2": {
            "basepairs_in": 30000000,
            "basepairs_out": 287152,
            "primerTrim": 1048,
            "primerBpTrim": 27248
        }
    }
  }, {
    "Program_details": {
        "program": "hts_NTrimmer",
        "version": "1.3.2",
        "options": {
            "append-stats-file": "/nmspipeline//01-Processing/TRIMMER0090_P79/01-PrimerTrim/49-SMARTindex_HC_primers.log",
            "exclude": true,
            "force": false,
            "notes": "",
            "uncompressed": false
        }
    },
    "Fragment": {
        "in": 1048,
        "out": 1048,
        "basepairs_in": 563824,
        "basepairs_out": 563824
    },
    "Single_end": {
        "in": 0,
        "out": 0,
        "basepairs_in": 0,
        "basepairs_out": 0,
        "rightTrim": 0,
        "leftTrim": 0,
        "discarded": 0
    },
    "Paired_end": {
        "in": 1048,
        "out": 1048,
        "discarded": 0,
        "Read1": {
            "basepairs_in": 276672,
            "basepairs_out": 276672,
            "leftTrim": 0,
            "rightTrim": 0
        },
        "Read2": {
            "basepairs_in": 287152,
            "basepairs_out": 287152,
            "leftTrim": 0,
            "rightTrim": 0
        }
    }
  }, {
    "Program_details": {
        "program": "hts_SeqScreener",
        "version": "1.3.2",
        "options": {
            "append-stats-file": "/nmspipeline//01-Processing/TRIMMER0090_P79/01-PrimerTrim/49-SMARTindex_HC_primers.log",
            "check-read-2": true,
            "force": false,
            "inverse": false,
            "kmer": 21,
            "notes": "",
            "percentage-hits": 0.01,
            "record": true,
            "seq": "../aberrant_LC.fasta",
            "uncompressed": false
        },
        "screen_info": {
            "screenBP": 96,
            "lookupKmers": 8
        }
    },
    "Fragment": {
        "in": 1048,
        "out": 1048,
        "basepairs_in": 563824,
        "basepairs_out": 563824
    },
    "Single_end": {
        "in": 0,
        "out": 0,
        "basepairs_in": 0,
        "basepairs_out": 0,
        "hits": 0
    },
    "Paired_end": {
        "in": 1048,
        "out": 1048,
        "hits": 0,
        "Read1": {
            "basepairs_in": 276672,
            "basepairs_out": 276672
        },
        "Read2": {
            "basepairs_in": 287152,
            "basepairs_out": 287152
        }
    }
  }, {
    "Program_details": {
        "program": "hts_QWindowTrim",
        "version": "1.3.2",
        "options": {
            "append-stats-file": "/nmspipeline//01-Processing/TRIMMER0090_P79/01-PrimerTrim/49-SMARTindex_HC_primers.log",
            "avg-qual-score": 10,
            "force": false,
            "no-left": true,
            "no-right": false,
            "notes": "",
            "qual-offset": 33,
            "uncompressed": false,
            "window-size": 10
        }
    },
    "Fragment": {
        "in": 1048,
        "out": 1048,
        "basepairs_in": 563824,
        "basepairs_out": 562127
    },
    "Single_end": {
        "in": 0,
        "out": 0,
        "basepairs_in": 0,
        "basepairs_out": 0,
        "rightTrim": 0,
        "leftTrim": 0
    },
    "Paired_end": {
        "in": 1048,
        "out": 1048,
        "Read1": {
            "basepairs_in": 276672,
            "basepairs_out": 275749,
            "leftTrim": 0,
            "rightTrim": 923
        },
        "Read2": {
            "basepairs_in": 287152,
            "basepairs_out": 286378,
            "leftTrim": 0,
            "rightTrim": 774
        }
    }
  }, {
    "Program_details": {
        "program": "hts_Overlapper",
        "version": "1.3.2",
        "options": {
            "append-stats-file": "/nmspipeline//01-Processing/TRIMMER0090_P79/01-PrimerTrim/49-SMARTindex_HC_primers.log",
            "check-lengths": 20,
            "force": false,
            "force-pairs": false,
            "kmer": 8,
            "kmer-offset": 1,
            "max-mismatch": 100,
            "max-mismatch-errorDensity": 0.25,
            "min-overlap": 8,
            "notes": "",
            "number-of-threads": 1,
            "uncompressed": false
        }
    },
    "Fragment": {
        "in": 1048,
        "out": 1048,
        "basepairs_in": 562127,
        "basepairs_out": 444181,
        "inserts": {
            "short": 143,
            "medium": 819,
            "long": 86
        },
        "overlap_histogram": [ [23,1], [29,1], [30,4], [31,5], [32,7], [33,2], [45,2], [53,1], [54,1], [64,1], [69,3], [71,4], [80,1], [84,2], [90,1], [93,2], [100,1], [103,1], [104,1], [114,1], [115,6], [121,1], [125,3], [128,1], [131,11], [141,2], [147,1], [148,1], [153,2], [157,1], [161,1], [163,2], [164,1], [169,3], [172,2], [174,6], [177,1], [180,2], [182,1], [183,2], [191,1], [192,4], [198,9], [199,1], [205,1], [208,2], [209,2], [213,2], [218,2], [220,1], [222,3], [227,2], [228,1], [229,4], [234,1], [239,1], [246,1], [249,2], [250,1], [251,3], [252,1], [254,1], [255,1], [261,3], [268,1], [282,1], [289,1], [296,1], [298,2], [301,1], [304,2], [319,1], [325,2], [326,1], [336,4], [343,2], [347,1], [372,1], [373,1], [386,1], [400,1], [401,6], [407,1], [411,1], [412,7], [417,1], [418,1], [425,3], [426,1], [427,1], [428,3], [430,1], [431,4], [432,7], [433,6], [434,1], [435,2], [437,1], [442,1], [443,11], [444,1], [445,4], [446,2], [449,1], [451,1], [452,1], [454,1], [455,3], [458,2], [459,5], [460,1], [461,53], [462,10], [463,25], [464,3], [465,31], [466,132], [467,21], [468,70], [469,285], [470,34], [471,8], [472,33], [473,2], [474,1], [475,2], [477,4], [489,1] ]
    },
    "Single_end": {
        "in": 0,
        "out": 962,
        "basepairs_in": 0,
        "basepairs_out": 398087
    },
    "Paired_end": {
        "in": 1048,
        "out": 86,
        "Read1": {
            "basepairs_in": 275749,
            "basepairs_out": 22624
        },
        "Read2": {
            "basepairs_in": 286378,
            "basepairs_out": 23470
        }
    }
  }, {
    "Program_details": {
        "program": "hts_LengthFilter",
        "version": "1.3.2",
        "options": {
            "append-stats-file": "/nmspipeline//01-Processing/TRIMMER0090_P79/01-PrimerTrim/49-SMARTindex_HC_primers.log",
            "fastq-output": "/nmspipeline//01-Processing/TRIMMER0090_P79/01-PrimerTrim/49-SMARTindex_HC_primers",
            "force": true,
            "max-length": 0,
            "min-length": 385,
            "no-orphans": false,
            "notes": "",
            "stranded": false,
            "uncompressed": false
        }
    },
    "Fragment": {
        "in": 1048,
        "out": 798,
        "basepairs_in": 444181,
        "basepairs_out": 370201
    },
    "Single_end": {
        "in": 962,
        "out": 798,
        "basepairs_in": 398087,
        "basepairs_out": 370201,
        "discarded": 164
    },
    "Paired_end": {
        "in": 86,
        "out": 0,
        "discarded": 86,
        "Read1": {
            "basepairs_in": 22624,
            "basepairs_out": 0,
            "discarded": 0
        },
        "Read2": {
            "basepairs_in": 23470,
            "basepairs_out": 0,
            "discarded": 0
        }
    }
  }
]
