[ {
    "Program_details": {
        "program": "hts_Primers",
        "version": "1.3.2",
        "options": {
            "flip": true,
            "float": 0,
            "force": false,
            "keep": false,
            "min_primer_matches": 2,
            "notes": "",
            "primer_end_mismatches": 0,
            "primer_mismatches": 0,
            "primers_3p": "../lc_primers.fasta",
            "primers_5p": "GTGCCATACAGTGGTATCAACGCAGAGTACATGGGG",
            "read1-input": [ "/nmspipeline//01-Processing/TRIMMER0090_P79/00-RawData/TRIMMER_Plate79_S1_L001_R1_001_sub.fastq.gz"],
            "read2-input": [ "/nmspipeline//01-Processing/TRIMMER0090_P79/00-RawData/TRIMMER_Plate79_S1_L001_R2_001_sub.fastq.gz"],
            "stats-file": "/nmspipeline//01-Processing/TRIMMER0090_P79/01-PrimerTrim/49-SMARTindex_LC_primers.log",
            "uncompressed": false
        },
        "primers": [ ["p5primer1","GTGCCATACAGTGGTATCAACGCAGAGTACATGGGG"], ["KaLC.6_REV_LC","GGATACAGTTGGTGCAGCATC"], ["LaLC.R-mIGL","ATCGTACACACCAGTGTGGC"], ["p5primer1","GTGCCATACAGTGGTATCAACGCAGAGTACATGGGG"], ["KaLC.6_REV_LC","GGATACAGTTGGTGCAGCATC"], ["LaLC.R-mIGL","ATCGTACACACCAGTGTGGC"] ]
    },
    "Fragment": {
        "in": 100000,
        "out": 1485,
        "basepairs_in": 60000000,
        "basepairs_out": 806358,
        "flipped": 634,
        "primers_counts": [ ["p5primer1","LaLC.R-mIGL",3], ["p5primer1","None",1362], ["p5primer1","KaLC.6_REV_LC",1482], ["None","None",39012], ["None","KaLC.6_REV_LC",55298], ["None","LaLC.R-mIGL",2843] ]
    },
    "Single_end": {
        "in": 0,
        "out": 0,
        "basepairs_in": 0,
        "basepairs_out": 0,
        "primerTrim": 0,
        "primerBpTrim": 0,
        "discarded": 0
    },
    "Paired_end": {
        "in": 100000,
        "out": 1485,
        "discarded": 98515,
        "Read1": {
            "basepairs_in": 30000000,
            "basepairs_out": 392040,
            "primerTrim": 1485,
            "primerBpTrim": 53460
        },
        "Read2": {
            "basepairs_in": 30000000,
            "basepairs_out": 414318,
            "primerTrim": 1485,
            "primerBpTrim": 31182
        }
    }
  }, {
    "Program_details": {
        "program": "hts_NTrimmer",
        "version": "1.3.2",
        "options": {
            "append-stats-file": "/nmspipeline//01-Processing/TRIMMER0090_P79/01-PrimerTrim/49-SMARTindex_LC_primers.log",
            "exclude": true,
            "force": false,
            "notes": "",
            "uncompressed": false
        }
    },
    "Fragment": {
        "in": 1485,
        "out": 1485,
        "basepairs_in": 806358,
        "basepairs_out": 806358
    },
    "Single_end": {
        "in": 0,
        "out": 0,
        "basepairs_in": 0,
        "basepairs_out": 0,
        "rightTrim": 0,
        "leftTrim": 0,
        "discarded": 0
    },
    "Paired_end": {
        "in": 1485,
        "out": 1485,
        "discarded": 0,
        "Read1": {
            "basepairs_in": 392040,
            "basepairs_out": 392040,
            "leftTrim": 0,
            "rightTrim": 0
        },
        "Read2": {
            "basepairs_in": 414318,
            "basepairs_out": 414318,
            "leftTrim": 0,
            "rightTrim": 0
        }
    }
  }, {
    "Program_details": {
        "program": "hts_SeqScreener",
        "version": "1.3.2",
        "options": {
            "append-stats-file": "/nmspipeline//01-Processing/TRIMMER0090_P79/01-PrimerTrim/49-SMARTindex_LC_primers.log",
            "check-read-2": true,
            "force": false,
            "inverse": false,
            "kmer": 21,
            "notes": "",
            "percentage-hits": 0.01,
            "record": true,
            "seq": "../aberrant_LC.fasta",
            "uncompressed": false
        },
        "screen_info": {
            "screenBP": 96,
            "lookupKmers": 8
        }
    },
    "Fragment": {
        "in": 1485,
        "out": 1485,
        "basepairs_in": 806358,
        "basepairs_out": 806358
    },
    "Single_end": {
        "in": 0,
        "out": 0,
        "basepairs_in": 0,
        "basepairs_out": 0,
        "hits": 0
    },
    "Paired_end": {
        "in": 1485,
        "out": 1485,
        "hits": 744,
        "Read1": {
            "basepairs_in": 392040,
            "basepairs_out": 392040
        },
        "Read2": {
            "basepairs_in": 414318,
            "basepairs_out": 414318
        }
    }
  }, {
    "Program_details": {
        "program": "hts_QWindowTrim",
        "version": "1.3.2",
        "options": {
            "append-stats-file": "/nmspipeline//01-Processing/TRIMMER0090_P79/01-PrimerTrim/49-SMARTindex_LC_primers.log",
            "avg-qual-score": 10,
            "force": false,
            "no-left": true,
            "no-right": false,
            "notes": "",
            "qual-offset": 33,
            "uncompressed": false,
            "window-size": 10
        }
    },
    "Fragment": {
        "in": 1485,
        "out": 1485,
        "basepairs_in": 806358,
        "basepairs_out": 803625
    },
    "Single_end": {
        "in": 0,
        "out": 0,
        "basepairs_in": 0,
        "basepairs_out": 0,
        "rightTrim": 0,
        "leftTrim": 0
    },
    "Paired_end": {
        "in": 1485,
        "out": 1485,
        "Read1": {
            "basepairs_in": 392040,
            "basepairs_out": 390853,
            "leftTrim": 0,
            "rightTrim": 1187
        },
        "Read2": {
            "basepairs_in": 414318,
            "basepairs_out": 412772,
            "leftTrim": 0,
            "rightTrim": 1546
        }
    }
  }, {
    "Program_details": {
        "program": "hts_Overlapper",
        "version": "1.3.2",
        "options": {
            "append-stats-file": "/nmspipeline//01-Processing/TRIMMER0090_P79/01-PrimerTrim/49-SMARTindex_LC_primers.log",
            "check-lengths": 20,
            "force": false,
            "force-pairs": false,
            "kmer": 8,
            "kmer-offset": 1,
            "max-mismatch": 100,
            "max-mismatch-errorDensity": 0.25,
            "min-overlap": 8,
            "notes": "",
            "number-of-threads": 1,
            "uncompressed": false
        }
    },
    "Fragment": {
        "in": 1485,
        "out": 1485,
        "basepairs_in": 803625,
        "basepairs_out": 587676,
        "inserts": {
            "short": 135,
            "medium": 1272,
            "long": 78
        },
        "overlap_histogram": [ [13,1], [14,1], [15,1], [25,1], [26,1], [27,1], [28,1], [31,1], [32,2], [36,4], [40,1], [47,1], [48,1], [49,2], [56,1], [57,1], [58,1], [60,1], [64,4], [66,1], [67,4], [68,1], [73,3], [76,1], [81,1], [82,1], [83,3], [84,1], [85,1], [88,2], [89,2], [91,4], [93,3], [94,1], [97,2], [99,1], [100,1], [109,1], [112,1], [121,2], [125,1], [126,1], [127,5], [129,1], [131,1], [133,1], [135,1], [136,1], [137,2], [140,2], [141,2], [145,1], [146,1], [153,1], [154,2], [157,1], [160,2], [172,1], [173,1], [176,1], [177,1], [185,2], [186,1], [187,1], [189,1], [197,3], [204,1], [209,3], [210,1], [213,3], [219,3], [222,1], [224,2], [228,1], [231,1], [234,1], [238,2], [239,2], [243,1], [249,1], [250,1], [252,2], [254,1], [264,2], [265,1], [266,1], [269,1], [274,1], [281,1], [282,3], [290,1], [293,1], [294,2], [298,4], [301,1], [315,1], [321,1], [324,1], [325,1], [326,2], [328,2], [333,1], [336,1], [337,1], [345,1], [346,2], [354,1], [355,1], [366,4], [376,1], [380,2], [381,3], [382,4], [384,6], [387,1], [389,1], [391,1], [392,2], [393,1], [396,1], [397,4], [398,13], [399,32], [400,1], [403,3], [405,1], [407,3], [408,10], [409,60], [410,12], [411,10], [412,53], [413,197], [414,77], [415,172], [416,10], [417,4], [418,155], [419,8], [420,14], [421,133], [422,54], [423,46], [424,8], [425,2], [426,3], [427,1], [428,1], [429,1], [430,1], [433,3], [434,1], [435,1], [436,3], [437,3], [438,1], [439,61], [440,14], [441,10], [442,9], [443,1], [444,13], [445,3], [446,1], [450,1], [484,1], [528,1] ]
    },
    "Single_end": {
        "in": 0,
        "out": 1407,
        "basepairs_in": 0,
        "basepairs_out": 545578
    },
    "Paired_end": {
        "in": 1485,
        "out": 78,
        "Read1": {
            "basepairs_in": 390853,
            "basepairs_out": 20469
        },
        "Read2": {
            "basepairs_in": 412772,
            "basepairs_out": 21629
        }
    }
  }, {
    "Program_details": {
        "program": "hts_LengthFilter",
        "version": "1.3.2",
        "options": {
            "append-stats-file": "/nmspipeline//01-Processing/TRIMMER0090_P79/01-PrimerTrim/49-SMARTindex_LC_primers.log",
            "fastq-output": "/nmspipeline//01-Processing/TRIMMER0090_P79/01-PrimerTrim/49-SMARTindex_LC_primers",
            "force": true,
            "max-length": 0,
            "min-length": 385,
            "no-orphans": false,
            "notes": "",
            "stranded": false,
            "uncompressed": false
        }
    },
    "Fragment": {
        "in": 1485,
        "out": 1223,
        "basepairs_in": 587676,
        "basepairs_out": 510943
    },
    "Single_end": {
        "in": 1407,
        "out": 1223,
        "basepairs_in": 545578,
        "basepairs_out": 510943,
        "discarded": 184
    },
    "Paired_end": {
        "in": 78,
        "out": 0,
        "discarded": 78,
        "Read1": {
            "basepairs_in": 20469,
            "basepairs_out": 0,
            "discarded": 0
        },
        "Read2": {
            "basepairs_in": 21629,
            "basepairs_out": 0,
            "discarded": 0
        }
    }
  }
]
