[ {
    "Program_details": {
        "program": "hts_Primers",
        "version": "1.3.2",
        "options": {
            "flip": true,
            "float": 0,
            "force": false,
            "keep": false,
            "min_primer_matches": 2,
            "notes": "",
            "primer_end_mismatches": 0,
            "primer_mismatches": 0,
            "primers_3p": "../hc_primers.fasta",
            "primers_5p": "TCGAGGTACAGTGGTATCAACGCAGAGTACATGGGG",
            "read1-input": [ "/nmspipeline//01-Processing/TRIMMER0090_P79/00-RawData/TRIMMER_Plate79_S1_L001_R1_001_sub.fastq.gz"],
            "read2-input": [ "/nmspipeline//01-Processing/TRIMMER0090_P79/00-RawData/TRIMMER_Plate79_S1_L001_R2_001_sub.fastq.gz"],
            "stats-file": "/nmspipeline//01-Processing/TRIMMER0090_P79/01-PrimerTrim/50-SMARTindex_HC_primers.log",
            "uncompressed": false
        },
        "primers": [ ["p5primer1","TCGAGGTACAGTGGTATCAACGCAGAGTACATGGGG"], ["Ga3.10for_mIGH3","GGATAGACAGATGGGGCTGTTGTTGT"], ["Ga12HC.10_REV_CHI","ATAGACAGATGGGGGTGTCGTTTTGG"], ["p5primer1","TCGAGGTACAGTGGTATCAACGCAGAGTACATGGGG"], ["Ga3.10for_mIGH3","GGATAGACAGATGGGGCTGTTGTTGT"], ["Ga12HC.10_REV_CHI","ATAGACAGATGGGGGTGTCGTTTTGG"] ]
    },
    "Fragment": {
        "in": 100000,
        "out": 297,
        "basepairs_in": 60000000,
        "basepairs_out": 159786,
        "flipped": 137,
        "primers_counts": [ ["None","Ga3.10for_mIGH3",573], ["p5primer1","None",305], ["p5primer1","Ga12HC.10_REV_CHI",297], ["None","Ga12HC.10_REV_CHI",25503], ["None","None",73322] ]
    },
    "Single_end": {
        "in": 0,
        "out": 0,
        "basepairs_in": 0,
        "basepairs_out": 0,
        "primerTrim": 0,
        "primerBpTrim": 0,
        "discarded": 0
    },
    "Paired_end": {
        "in": 100000,
        "out": 297,
        "discarded": 99703,
        "Read1": {
            "basepairs_in": 30000000,
            "basepairs_out": 78408,
            "primerTrim": 297,
            "primerBpTrim": 10692
        },
        "Read2": {
            "basepairs_in": 30000000,
            "basepairs_out": 81378,
            "primerTrim": 297,
            "primerBpTrim": 7722
        }
    }
  }, {
    "Program_details": {
        "program": "hts_NTrimmer",
        "version": "1.3.2",
        "options": {
            "append-stats-file": "/nmspipeline//01-Processing/TRIMMER0090_P79/01-PrimerTrim/50-SMARTindex_HC_primers.log",
            "exclude": true,
            "force": false,
            "notes": "",
            "uncompressed": false
        }
    },
    "Fragment": {
        "in": 297,
        "out": 297,
        "basepairs_in": 159786,
        "basepairs_out": 159786
    },
    "Single_end": {
        "in": 0,
        "out": 0,
        "basepairs_in": 0,
        "basepairs_out": 0,
        "rightTrim": 0,
        "leftTrim": 0,
        "discarded": 0
    },
    "Paired_end": {
        "in": 297,
        "out": 297,
        "discarded": 0,
        "Read1": {
            "basepairs_in": 78408,
            "basepairs_out": 78408,
            "leftTrim": 0,
            "rightTrim": 0
        },
        "Read2": {
            "basepairs_in": 81378,
            "basepairs_out": 81378,
            "leftTrim": 0,
            "rightTrim": 0
        }
    }
  }, {
    "Program_details": {
        "program": "hts_SeqScreener",
        "version": "1.3.2",
        "options": {
            "append-stats-file": "/nmspipeline//01-Processing/TRIMMER0090_P79/01-PrimerTrim/50-SMARTindex_HC_primers.log",
            "check-read-2": true,
            "force": false,
            "inverse": false,
            "kmer": 21,
            "notes": "",
            "percentage-hits": 0.01,
            "record": true,
            "seq": "../aberrant_LC.fasta",
            "uncompressed": false
        },
        "screen_info": {
            "screenBP": 96,
            "lookupKmers": 8
        }
    },
    "Fragment": {
        "in": 297,
        "out": 297,
        "basepairs_in": 159786,
        "basepairs_out": 159786
    },
    "Single_end": {
        "in": 0,
        "out": 0,
        "basepairs_in": 0,
        "basepairs_out": 0,
        "hits": 0
    },
    "Paired_end": {
        "in": 297,
        "out": 297,
        "hits": 0,
        "Read1": {
            "basepairs_in": 78408,
            "basepairs_out": 78408
        },
        "Read2": {
            "basepairs_in": 81378,
            "basepairs_out": 81378
        }
    }
  }, {
    "Program_details": {
        "program": "hts_QWindowTrim",
        "version": "1.3.2",
        "options": {
            "append-stats-file": "/nmspipeline//01-Processing/TRIMMER0090_P79/01-PrimerTrim/50-SMARTindex_HC_primers.log",
            "avg-qual-score": 10,
            "force": false,
            "no-left": true,
            "no-right": false,
            "notes": "",
            "qual-offset": 33,
            "uncompressed": false,
            "window-size": 10
        }
    },
    "Fragment": {
        "in": 297,
        "out": 297,
        "basepairs_in": 159786,
        "basepairs_out": 159424
    },
    "Single_end": {
        "in": 0,
        "out": 0,
        "basepairs_in": 0,
        "basepairs_out": 0,
        "rightTrim": 0,
        "leftTrim": 0
    },
    "Paired_end": {
        "in": 297,
        "out": 297,
        "Read1": {
            "basepairs_in": 78408,
            "basepairs_out": 78124,
            "leftTrim": 0,
            "rightTrim": 284
        },
        "Read2": {
            "basepairs_in": 81378,
            "basepairs_out": 81300,
            "leftTrim": 0,
            "rightTrim": 78
        }
    }
  }, {
    "Program_details": {
        "program": "hts_Overlapper",
        "version": "1.3.2",
        "options": {
            "append-stats-file": "/nmspipeline//01-Processing/TRIMMER0090_P79/01-PrimerTrim/50-SMARTindex_HC_primers.log",
            "check-lengths": 20,
            "force": false,
            "force-pairs": false,
            "kmer": 8,
            "kmer-offset": 1,
            "max-mismatch": 100,
            "max-mismatch-errorDensity": 0.25,
            "min-overlap": 8,
            "notes": "",
            "number-of-threads": 1,
            "uncompressed": false
        }
    },
    "Fragment": {
        "in": 297,
        "out": 297,
        "basepairs_in": 159424,
        "basepairs_out": 132432,
        "inserts": {
            "short": 13,
            "medium": 257,
            "long": 27
        },
        "overlap_histogram": [ [28,1], [32,1], [45,1], [65,1], [83,1], [93,1], [127,1], [148,1], [181,1], [198,1], [204,1], [245,1], [249,1], [304,1], [325,1], [367,1], [386,1], [429,1], [435,1], [440,1], [442,2], [443,77], [444,29], [445,12], [446,15], [447,1], [456,1], [458,1], [463,5], [464,13], [465,40], [466,3], [468,14], [469,6], [470,16], [471,12], [478,1], [479,1], [486,1] ]
    },
    "Single_end": {
        "in": 0,
        "out": 270,
        "basepairs_in": 0,
        "basepairs_out": 117972
    },
    "Paired_end": {
        "in": 297,
        "out": 27,
        "Read1": {
            "basepairs_in": 78124,
            "basepairs_out": 7068
        },
        "Read2": {
            "basepairs_in": 81300,
            "basepairs_out": 7392
        }
    }
  }, {
    "Program_details": {
        "program": "hts_LengthFilter",
        "version": "1.3.2",
        "options": {
            "append-stats-file": "/nmspipeline//01-Processing/TRIMMER0090_P79/01-PrimerTrim/50-SMARTindex_HC_primers.log",
            "fastq-output": "/nmspipeline//01-Processing/TRIMMER0090_P79/01-PrimerTrim/50-SMARTindex_HC_primers",
            "force": true,
            "max-length": 0,
            "min-length": 385,
            "no-orphans": false,
            "notes": "",
            "stranded": false,
            "uncompressed": false
        }
    },
    "Fragment": {
        "in": 297,
        "out": 254,
        "basepairs_in": 132432,
        "basepairs_out": 115278
    },
    "Single_end": {
        "in": 270,
        "out": 254,
        "basepairs_in": 117972,
        "basepairs_out": 115278,
        "discarded": 16
    },
    "Paired_end": {
        "in": 27,
        "out": 0,
        "discarded": 27,
        "Read1": {
            "basepairs_in": 7068,
            "basepairs_out": 0,
            "discarded": 0
        },
        "Read2": {
            "basepairs_in": 7392,
            "basepairs_out": 0,
            "discarded": 0
        }
    }
  }
]
