[ {
    "Program_details": {
        "program": "hts_Primers",
        "version": "1.3.2",
        "options": {
            "flip": true,
            "float": 0,
            "force": false,
            "keep": false,
            "min_primer_matches": 2,
            "notes": "",
            "primer_end_mismatches": 0,
            "primer_mismatches": 0,
            "primers_3p": "../lc_primers.fasta",
            "primers_5p": "TCGAGGTACAGTGGTATCAACGCAGAGTACATGGGG",
            "read1-input": [ "/nmspipeline//01-Processing/TRIMMER0090_P79/00-RawData/TRIMMER_Plate79_S1_L001_R1_001_sub.fastq.gz"],
            "read2-input": [ "/nmspipeline//01-Processing/TRIMMER0090_P79/00-RawData/TRIMMER_Plate79_S1_L001_R2_001_sub.fastq.gz"],
            "stats-file": "/nmspipeline//01-Processing/TRIMMER0090_P79/01-PrimerTrim/50-SMARTindex_LC_primers.log",
            "uncompressed": false
        },
        "primers": [ ["p5primer1","TCGAGGTACAGTGGTATCAACGCAGAGTACATGGGG"], ["KaLC.6_REV_LC","GGATACAGTTGGTGCAGCATC"], ["LaLC.R-mIGL","ATCGTACACACCAGTGTGGC"], ["p5primer1","TCGAGGTACAGTGGTATCAACGCAGAGTACATGGGG"], ["KaLC.6_REV_LC","GGATACAGTTGGTGCAGCATC"], ["LaLC.R-mIGL","ATCGTACACACCAGTGTGGC"] ]
    },
    "Fragment": {
        "in": 100000,
        "out": 234,
        "basepairs_in": 60000000,
        "basepairs_out": 127063,
        "flipped": 97,
        "primers_counts": [ ["p5primer1","LaLC.R-mIGL",1], ["p5primer1","KaLC.6_REV_LC",233], ["p5primer1","None",368], ["None","None",40006], ["None","KaLC.6_REV_LC",56547], ["None","LaLC.R-mIGL",2845] ]
    },
    "Single_end": {
        "in": 0,
        "out": 0,
        "basepairs_in": 0,
        "basepairs_out": 0,
        "primerTrim": 0,
        "primerBpTrim": 0,
        "discarded": 0
    },
    "Paired_end": {
        "in": 100000,
        "out": 234,
        "discarded": 99766,
        "Read1": {
            "basepairs_in": 30000000,
            "basepairs_out": 61776,
            "primerTrim": 234,
            "primerBpTrim": 8424
        },
        "Read2": {
            "basepairs_in": 30000000,
            "basepairs_out": 65287,
            "primerTrim": 234,
            "primerBpTrim": 4913
        }
    }
  }, {
    "Program_details": {
        "program": "hts_NTrimmer",
        "version": "1.3.2",
        "options": {
            "append-stats-file": "/nmspipeline//01-Processing/TRIMMER0090_P79/01-PrimerTrim/50-SMARTindex_LC_primers.log",
            "exclude": true,
            "force": false,
            "notes": "",
            "uncompressed": false
        }
    },
    "Fragment": {
        "in": 234,
        "out": 234,
        "basepairs_in": 127063,
        "basepairs_out": 127063
    },
    "Single_end": {
        "in": 0,
        "out": 0,
        "basepairs_in": 0,
        "basepairs_out": 0,
        "rightTrim": 0,
        "leftTrim": 0,
        "discarded": 0
    },
    "Paired_end": {
        "in": 234,
        "out": 234,
        "discarded": 0,
        "Read1": {
            "basepairs_in": 61776,
            "basepairs_out": 61776,
            "leftTrim": 0,
            "rightTrim": 0
        },
        "Read2": {
            "basepairs_in": 65287,
            "basepairs_out": 65287,
            "leftTrim": 0,
            "rightTrim": 0
        }
    }
  }, {
    "Program_details": {
        "program": "hts_SeqScreener",
        "version": "1.3.2",
        "options": {
            "append-stats-file": "/nmspipeline//01-Processing/TRIMMER0090_P79/01-PrimerTrim/50-SMARTindex_LC_primers.log",
            "check-read-2": true,
            "force": false,
            "inverse": false,
            "kmer": 21,
            "notes": "",
            "percentage-hits": 0.01,
            "record": true,
            "seq": "../aberrant_LC.fasta",
            "uncompressed": false
        },
        "screen_info": {
            "screenBP": 96,
            "lookupKmers": 8
        }
    },
    "Fragment": {
        "in": 234,
        "out": 234,
        "basepairs_in": 127063,
        "basepairs_out": 127063
    },
    "Single_end": {
        "in": 0,
        "out": 0,
        "basepairs_in": 0,
        "basepairs_out": 0,
        "hits": 0
    },
    "Paired_end": {
        "in": 234,
        "out": 234,
        "hits": 75,
        "Read1": {
            "basepairs_in": 61776,
            "basepairs_out": 61776
        },
        "Read2": {
            "basepairs_in": 65287,
            "basepairs_out": 65287
        }
    }
  }, {
    "Program_details": {
        "program": "hts_QWindowTrim",
        "version": "1.3.2",
        "options": {
            "append-stats-file": "/nmspipeline//01-Processing/TRIMMER0090_P79/01-PrimerTrim/50-SMARTindex_LC_primers.log",
            "avg-qual-score": 10,
            "force": false,
            "no-left": true,
            "no-right": false,
            "notes": "",
            "qual-offset": 33,
            "uncompressed": false,
            "window-size": 10
        }
    },
    "Fragment": {
        "in": 234,
        "out": 234,
        "basepairs_in": 127063,
        "basepairs_out": 126586
    },
    "Single_end": {
        "in": 0,
        "out": 0,
        "basepairs_in": 0,
        "basepairs_out": 0,
        "rightTrim": 0,
        "leftTrim": 0
    },
    "Paired_end": {
        "in": 234,
        "out": 234,
        "Read1": {
            "basepairs_in": 61776,
            "basepairs_out": 61577,
            "leftTrim": 0,
            "rightTrim": 199
        },
        "Read2": {
            "basepairs_in": 65287,
            "basepairs_out": 65009,
            "leftTrim": 0,
            "rightTrim": 278
        }
    }
  }, {
    "Program_details": {
        "program": "hts_Overlapper",
        "version": "1.3.2",
        "options": {
            "append-stats-file": "/nmspipeline//01-Processing/TRIMMER0090_P79/01-PrimerTrim/50-SMARTindex_LC_primers.log",
            "check-lengths": 20,
            "force": false,
            "force-pairs": false,
            "kmer": 8,
            "kmer-offset": 1,
            "max-mismatch": 100,
            "max-mismatch-errorDensity": 0.25,
            "min-overlap": 8,
            "notes": "",
            "number-of-threads": 1,
            "uncompressed": false
        }
    },
    "Fragment": {
        "in": 234,
        "out": 234,
        "basepairs_in": 126586,
        "basepairs_out": 98527,
        "inserts": {
            "short": 12,
            "medium": 199,
            "long": 23
        },
        "overlap_histogram": [ [29,1], [39,1], [48,1], [49,2], [112,1], [135,1], [151,1], [171,1], [185,1], [226,1], [228,1], [336,1], [382,1], [390,1], [397,1], [398,6], [399,3], [400,1], [406,2], [407,4], [409,1], [412,1], [416,4], [417,5], [418,24], [419,3], [421,5], [422,13], [423,11], [426,2], [427,1], [432,75], [433,9], [435,14], [436,2], [437,1], [440,1], [441,1], [453,3], [458,1], [460,1], [490,1] ]
    },
    "Single_end": {
        "in": 0,
        "out": 211,
        "basepairs_in": 0,
        "basepairs_out": 86078
    },
    "Paired_end": {
        "in": 234,
        "out": 23,
        "Read1": {
            "basepairs_in": 61577,
            "basepairs_out": 6058
        },
        "Read2": {
            "basepairs_in": 65009,
            "basepairs_out": 6391
        }
    }
  }, {
    "Program_details": {
        "program": "hts_LengthFilter",
        "version": "1.3.2",
        "options": {
            "append-stats-file": "/nmspipeline//01-Processing/TRIMMER0090_P79/01-PrimerTrim/50-SMARTindex_LC_primers.log",
            "fastq-output": "/nmspipeline//01-Processing/TRIMMER0090_P79/01-PrimerTrim/50-SMARTindex_LC_primers",
            "force": true,
            "max-length": 0,
            "min-length": 385,
            "no-orphans": false,
            "notes": "",
            "stranded": false,
            "uncompressed": false
        }
    },
    "Fragment": {
        "in": 234,
        "out": 197,
        "basepairs_in": 98527,
        "basepairs_out": 83938
    },
    "Single_end": {
        "in": 211,
        "out": 197,
        "basepairs_in": 86078,
        "basepairs_out": 83938,
        "discarded": 14
    },
    "Paired_end": {
        "in": 23,
        "out": 0,
        "discarded": 23,
        "Read1": {
            "basepairs_in": 6058,
            "basepairs_out": 0,
            "discarded": 0
        },
        "Read2": {
            "basepairs_in": 6391,
            "basepairs_out": 0,
            "discarded": 0
        }
    }
  }
]
