[ {
    "Program_details": {
        "program": "hts_Primers",
        "version": "1.3.2",
        "options": {
            "flip": true,
            "float": 0,
            "force": false,
            "keep": false,
            "min_primer_matches": 2,
            "notes": "",
            "primer_end_mismatches": 0,
            "primer_mismatches": 0,
            "primers_3p": "../hc_primers.fasta",
            "primers_5p": "CACTAATACAGTGGTATCAACGCAGAGTACATGGGG",
            "read1-input": [ "/nmspipeline//01-Processing/TRIMMER0090_P79/00-RawData/TRIMMER_Plate79_S1_L001_R1_001_sub.fastq.gz"],
            "read2-input": [ "/nmspipeline//01-Processing/TRIMMER0090_P79/00-RawData/TRIMMER_Plate79_S1_L001_R2_001_sub.fastq.gz"],
            "stats-file": "/nmspipeline//01-Processing/TRIMMER0090_P79/01-PrimerTrim/51-SMARTindex_HC_primers.log",
            "uncompressed": false
        },
        "primers": [ ["p5primer1","CACTAATACAGTGGTATCAACGCAGAGTACATGGGG"], ["Ga3.10for_mIGH3","GGATAGACAGATGGGGCTGTTGTTGT"], ["Ga12HC.10_REV_CHI","ATAGACAGATGGGGGTGTCGTTTTGG"], ["p5primer1","CACTAATACAGTGGTATCAACGCAGAGTACATGGGG"], ["Ga3.10for_mIGH3","GGATAGACAGATGGGGCTGTTGTTGT"], ["Ga12HC.10_REV_CHI","ATAGACAGATGGGGGTGTCGTTTTGG"] ]
    },
    "Fragment": {
        "in": 100000,
        "out": 745,
        "basepairs_in": 60000000,
        "basepairs_out": 400810,
        "flipped": 335,
        "primers_counts": [ ["p5primer1","Ga12HC.10_REV_CHI",743], ["p5primer1","Ga3.10for_mIGH3",2], ["None","Ga3.10for_mIGH3",571], ["p5primer1","None",964], ["None","Ga12HC.10_REV_CHI",25057], ["None","None",72663] ]
    },
    "Single_end": {
        "in": 0,
        "out": 0,
        "basepairs_in": 0,
        "basepairs_out": 0,
        "primerTrim": 0,
        "primerBpTrim": 0,
        "discarded": 0
    },
    "Paired_end": {
        "in": 100000,
        "out": 745,
        "discarded": 99255,
        "Read1": {
            "basepairs_in": 30000000,
            "basepairs_out": 196680,
            "primerTrim": 745,
            "primerBpTrim": 26820
        },
        "Read2": {
            "basepairs_in": 30000000,
            "basepairs_out": 204130,
            "primerTrim": 745,
            "primerBpTrim": 19370
        }
    }
  }, {
    "Program_details": {
        "program": "hts_NTrimmer",
        "version": "1.3.2",
        "options": {
            "append-stats-file": "/nmspipeline//01-Processing/TRIMMER0090_P79/01-PrimerTrim/51-SMARTindex_HC_primers.log",
            "exclude": true,
            "force": false,
            "notes": "",
            "uncompressed": false
        }
    },
    "Fragment": {
        "in": 745,
        "out": 745,
        "basepairs_in": 400810,
        "basepairs_out": 400810
    },
    "Single_end": {
        "in": 0,
        "out": 0,
        "basepairs_in": 0,
        "basepairs_out": 0,
        "rightTrim": 0,
        "leftTrim": 0,
        "discarded": 0
    },
    "Paired_end": {
        "in": 745,
        "out": 745,
        "discarded": 0,
        "Read1": {
            "basepairs_in": 196680,
            "basepairs_out": 196680,
            "leftTrim": 0,
            "rightTrim": 0
        },
        "Read2": {
            "basepairs_in": 204130,
            "basepairs_out": 204130,
            "leftTrim": 0,
            "rightTrim": 0
        }
    }
  }, {
    "Program_details": {
        "program": "hts_SeqScreener",
        "version": "1.3.2",
        "options": {
            "append-stats-file": "/nmspipeline//01-Processing/TRIMMER0090_P79/01-PrimerTrim/51-SMARTindex_HC_primers.log",
            "check-read-2": true,
            "force": false,
            "inverse": false,
            "kmer": 21,
            "notes": "",
            "percentage-hits": 0.01,
            "record": true,
            "seq": "../aberrant_LC.fasta",
            "uncompressed": false
        },
        "screen_info": {
            "screenBP": 96,
            "lookupKmers": 8
        }
    },
    "Fragment": {
        "in": 745,
        "out": 745,
        "basepairs_in": 400810,
        "basepairs_out": 400810
    },
    "Single_end": {
        "in": 0,
        "out": 0,
        "basepairs_in": 0,
        "basepairs_out": 0,
        "hits": 0
    },
    "Paired_end": {
        "in": 745,
        "out": 745,
        "hits": 0,
        "Read1": {
            "basepairs_in": 196680,
            "basepairs_out": 196680
        },
        "Read2": {
            "basepairs_in": 204130,
            "basepairs_out": 204130
        }
    }
  }, {
    "Program_details": {
        "program": "hts_QWindowTrim",
        "version": "1.3.2",
        "options": {
            "append-stats-file": "/nmspipeline//01-Processing/TRIMMER0090_P79/01-PrimerTrim/51-SMARTindex_HC_primers.log",
            "avg-qual-score": 10,
            "force": false,
            "no-left": true,
            "no-right": false,
            "notes": "",
            "qual-offset": 33,
            "uncompressed": false,
            "window-size": 10
        }
    },
    "Fragment": {
        "in": 745,
        "out": 745,
        "basepairs_in": 400810,
        "basepairs_out": 399499
    },
    "Single_end": {
        "in": 0,
        "out": 0,
        "basepairs_in": 0,
        "basepairs_out": 0,
        "rightTrim": 0,
        "leftTrim": 0
    },
    "Paired_end": {
        "in": 745,
        "out": 745,
        "Read1": {
            "basepairs_in": 196680,
            "basepairs_out": 195992,
            "leftTrim": 0,
            "rightTrim": 688
        },
        "Read2": {
            "basepairs_in": 204130,
            "basepairs_out": 203507,
            "leftTrim": 0,
            "rightTrim": 623
        }
    }
  }, {
    "Program_details": {
        "program": "hts_Overlapper",
        "version": "1.3.2",
        "options": {
            "append-stats-file": "/nmspipeline//01-Processing/TRIMMER0090_P79/01-PrimerTrim/51-SMARTindex_HC_primers.log",
            "check-lengths": 20,
            "force": false,
            "force-pairs": false,
            "kmer": 8,
            "kmer-offset": 1,
            "max-mismatch": 100,
            "max-mismatch-errorDensity": 0.25,
            "min-overlap": 8,
            "notes": "",
            "number-of-threads": 1,
            "uncompressed": false
        }
    },
    "Fragment": {
        "in": 745,
        "out": 745,
        "basepairs_in": 399499,
        "basepairs_out": 338084,
        "inserts": {
            "short": 49,
            "medium": 640,
            "long": 56
        },
        "overlap_histogram": [ [21,1], [24,1], [31,1], [32,1], [40,4], [44,1], [50,1], [51,1], [54,1], [61,1], [62,1], [78,1], [81,1], [83,1], [90,1], [94,2], [102,1], [104,1], [105,1], [116,1], [119,1], [135,1], [138,1], [160,1], [168,2], [169,1], [172,2], [175,1], [184,2], [185,1], [186,3], [200,2], [210,1], [234,2], [241,1], [245,1], [250,1], [261,1], [276,1], [290,1], [312,1], [313,8], [315,1], [336,1], [337,2], [358,1], [380,2], [381,1], [400,1], [414,1], [415,1], [419,1], [424,2], [430,1], [439,2], [442,12], [444,1], [445,3], [446,2], [448,1], [450,2], [451,1], [453,2], [455,4], [456,11], [457,1], [458,2], [465,1], [467,7], [468,1], [469,3], [470,1], [471,2], [472,1], [473,58], [474,4], [475,19], [476,7], [477,55], [478,150], [479,37], [480,34], [481,14], [482,83], [483,73], [484,10], [485,3], [486,2], [489,4], [490,1] ]
    },
    "Single_end": {
        "in": 0,
        "out": 689,
        "basepairs_in": 0,
        "basepairs_out": 308068
    },
    "Paired_end": {
        "in": 745,
        "out": 56,
        "Read1": {
            "basepairs_in": 195992,
            "basepairs_out": 14724
        },
        "Read2": {
            "basepairs_in": 203507,
            "basepairs_out": 15292
        }
    }
  }, {
    "Program_details": {
        "program": "hts_LengthFilter",
        "version": "1.3.2",
        "options": {
            "append-stats-file": "/nmspipeline//01-Processing/TRIMMER0090_P79/01-PrimerTrim/51-SMARTindex_HC_primers.log",
            "fastq-output": "/nmspipeline//01-Processing/TRIMMER0090_P79/01-PrimerTrim/51-SMARTindex_HC_primers",
            "force": true,
            "max-length": 0,
            "min-length": 385,
            "no-orphans": false,
            "notes": "",
            "stranded": false,
            "uncompressed": false
        }
    },
    "Fragment": {
        "in": 745,
        "out": 621,
        "basepairs_in": 338084,
        "basepairs_out": 295563
    },
    "Single_end": {
        "in": 689,
        "out": 621,
        "basepairs_in": 308068,
        "basepairs_out": 295563,
        "discarded": 68
    },
    "Paired_end": {
        "in": 56,
        "out": 0,
        "discarded": 56,
        "Read1": {
            "basepairs_in": 14724,
            "basepairs_out": 0,
            "discarded": 0
        },
        "Read2": {
            "basepairs_in": 15292,
            "basepairs_out": 0,
            "discarded": 0
        }
    }
  }
]
