[ {
    "Program_details": {
        "program": "hts_Primers",
        "version": "1.3.2",
        "options": {
            "flip": true,
            "float": 0,
            "force": false,
            "keep": false,
            "min_primer_matches": 2,
            "notes": "",
            "primer_end_mismatches": 0,
            "primer_mismatches": 0,
            "primers_3p": "../hc_primers.fasta",
            "primers_5p": "GGTATATACAGTGGTATCAACGCAGAGTACATGGGG",
            "read1-input": [ "/nmspipeline//01-Processing/TRIMMER0090_P79/00-RawData/TRIMMER_Plate79_S1_L001_R1_001_sub.fastq.gz"],
            "read2-input": [ "/nmspipeline//01-Processing/TRIMMER0090_P79/00-RawData/TRIMMER_Plate79_S1_L001_R2_001_sub.fastq.gz"],
            "stats-file": "/nmspipeline//01-Processing/TRIMMER0090_P79/01-PrimerTrim/52-SMARTindex_HC_primers.log",
            "uncompressed": false
        },
        "primers": [ ["p5primer1","GGTATATACAGTGGTATCAACGCAGAGTACATGGGG"], ["Ga3.10for_mIGH3","GGATAGACAGATGGGGCTGTTGTTGT"], ["Ga12HC.10_REV_CHI","ATAGACAGATGGGGGTGTCGTTTTGG"], ["p5primer1","GGTATATACAGTGGTATCAACGCAGAGTACATGGGG"], ["Ga3.10for_mIGH3","GGATAGACAGATGGGGCTGTTGTTGT"], ["Ga12HC.10_REV_CHI","ATAGACAGATGGGGGTGTCGTTTTGG"] ]
    },
    "Fragment": {
        "in": 100000,
        "out": 144,
        "basepairs_in": 60000000,
        "basepairs_out": 77472,
        "flipped": 73,
        "primers_counts": [ ["p5primer1","Ga12HC.10_REV_CHI",143], ["p5primer1","Ga3.10for_mIGH3",1], ["None","Ga3.10for_mIGH3",572], ["None","Ga12HC.10_REV_CHI",25657], ["p5primer1","None",250], ["None","None",73377] ]
    },
    "Single_end": {
        "in": 0,
        "out": 0,
        "basepairs_in": 0,
        "basepairs_out": 0,
        "primerTrim": 0,
        "primerBpTrim": 0,
        "discarded": 0
    },
    "Paired_end": {
        "in": 100000,
        "out": 144,
        "discarded": 99856,
        "Read1": {
            "basepairs_in": 30000000,
            "basepairs_out": 38016,
            "primerTrim": 144,
            "primerBpTrim": 5184
        },
        "Read2": {
            "basepairs_in": 30000000,
            "basepairs_out": 39456,
            "primerTrim": 144,
            "primerBpTrim": 3744
        }
    }
  }, {
    "Program_details": {
        "program": "hts_NTrimmer",
        "version": "1.3.2",
        "options": {
            "append-stats-file": "/nmspipeline//01-Processing/TRIMMER0090_P79/01-PrimerTrim/52-SMARTindex_HC_primers.log",
            "exclude": true,
            "force": false,
            "notes": "",
            "uncompressed": false
        }
    },
    "Fragment": {
        "in": 144,
        "out": 144,
        "basepairs_in": 77472,
        "basepairs_out": 77472
    },
    "Single_end": {
        "in": 0,
        "out": 0,
        "basepairs_in": 0,
        "basepairs_out": 0,
        "rightTrim": 0,
        "leftTrim": 0,
        "discarded": 0
    },
    "Paired_end": {
        "in": 144,
        "out": 144,
        "discarded": 0,
        "Read1": {
            "basepairs_in": 38016,
            "basepairs_out": 38016,
            "leftTrim": 0,
            "rightTrim": 0
        },
        "Read2": {
            "basepairs_in": 39456,
            "basepairs_out": 39456,
            "leftTrim": 0,
            "rightTrim": 0
        }
    }
  }, {
    "Program_details": {
        "program": "hts_SeqScreener",
        "version": "1.3.2",
        "options": {
            "append-stats-file": "/nmspipeline//01-Processing/TRIMMER0090_P79/01-PrimerTrim/52-SMARTindex_HC_primers.log",
            "check-read-2": true,
            "force": false,
            "inverse": false,
            "kmer": 21,
            "notes": "",
            "percentage-hits": 0.01,
            "record": true,
            "seq": "../aberrant_LC.fasta",
            "uncompressed": false
        },
        "screen_info": {
            "screenBP": 96,
            "lookupKmers": 8
        }
    },
    "Fragment": {
        "in": 144,
        "out": 144,
        "basepairs_in": 77472,
        "basepairs_out": 77472
    },
    "Single_end": {
        "in": 0,
        "out": 0,
        "basepairs_in": 0,
        "basepairs_out": 0,
        "hits": 0
    },
    "Paired_end": {
        "in": 144,
        "out": 144,
        "hits": 0,
        "Read1": {
            "basepairs_in": 38016,
            "basepairs_out": 38016
        },
        "Read2": {
            "basepairs_in": 39456,
            "basepairs_out": 39456
        }
    }
  }, {
    "Program_details": {
        "program": "hts_QWindowTrim",
        "version": "1.3.2",
        "options": {
            "append-stats-file": "/nmspipeline//01-Processing/TRIMMER0090_P79/01-PrimerTrim/52-SMARTindex_HC_primers.log",
            "avg-qual-score": 10,
            "force": false,
            "no-left": true,
            "no-right": false,
            "notes": "",
            "qual-offset": 33,
            "uncompressed": false,
            "window-size": 10
        }
    },
    "Fragment": {
        "in": 144,
        "out": 144,
        "basepairs_in": 77472,
        "basepairs_out": 77179
    },
    "Single_end": {
        "in": 0,
        "out": 0,
        "basepairs_in": 0,
        "basepairs_out": 0,
        "rightTrim": 0,
        "leftTrim": 0
    },
    "Paired_end": {
        "in": 144,
        "out": 144,
        "Read1": {
            "basepairs_in": 38016,
            "basepairs_out": 37894,
            "leftTrim": 0,
            "rightTrim": 122
        },
        "Read2": {
            "basepairs_in": 39456,
            "basepairs_out": 39285,
            "leftTrim": 0,
            "rightTrim": 171
        }
    }
  }, {
    "Program_details": {
        "program": "hts_Overlapper",
        "version": "1.3.2",
        "options": {
            "append-stats-file": "/nmspipeline//01-Processing/TRIMMER0090_P79/01-PrimerTrim/52-SMARTindex_HC_primers.log",
            "check-lengths": 20,
            "force": false,
            "force-pairs": false,
            "kmer": 8,
            "kmer-offset": 1,
            "max-mismatch": 100,
            "max-mismatch-errorDensity": 0.25,
            "min-overlap": 8,
            "notes": "",
            "number-of-threads": 1,
            "uncompressed": false
        }
    },
    "Fragment": {
        "in": 144,
        "out": 144,
        "basepairs_in": 77179,
        "basepairs_out": 61583,
        "inserts": {
            "short": 12,
            "medium": 120,
            "long": 12
        },
        "overlap_histogram": [ [32,1], [52,1], [68,1], [88,1], [112,1], [132,1], [190,1], [194,1], [197,1], [210,1], [219,1], [249,1], [298,1], [301,1], [302,1], [317,1], [379,1], [399,1], [435,1], [438,1], [439,3], [440,43], [441,4], [442,4], [443,4], [448,1], [459,1], [460,3], [461,9], [462,23], [463,1], [465,6], [466,4], [467,4], [468,1], [479,1] ]
    },
    "Single_end": {
        "in": 0,
        "out": 132,
        "basepairs_in": 0,
        "basepairs_out": 55147
    },
    "Paired_end": {
        "in": 144,
        "out": 12,
        "Read1": {
            "basepairs_in": 37894,
            "basepairs_out": 3163
        },
        "Read2": {
            "basepairs_in": 39285,
            "basepairs_out": 3273
        }
    }
  }, {
    "Program_details": {
        "program": "hts_LengthFilter",
        "version": "1.3.2",
        "options": {
            "append-stats-file": "/nmspipeline//01-Processing/TRIMMER0090_P79/01-PrimerTrim/52-SMARTindex_HC_primers.log",
            "fastq-output": "/nmspipeline//01-Processing/TRIMMER0090_P79/01-PrimerTrim/52-SMARTindex_HC_primers",
            "force": true,
            "max-length": 0,
            "min-length": 385,
            "no-orphans": false,
            "notes": "",
            "stranded": false,
            "uncompressed": false
        }
    },
    "Fragment": {
        "in": 144,
        "out": 115,
        "basepairs_in": 61583,
        "basepairs_out": 51807
    },
    "Single_end": {
        "in": 132,
        "out": 115,
        "basepairs_in": 55147,
        "basepairs_out": 51807,
        "discarded": 17
    },
    "Paired_end": {
        "in": 12,
        "out": 0,
        "discarded": 12,
        "Read1": {
            "basepairs_in": 3163,
            "basepairs_out": 0,
            "discarded": 0
        },
        "Read2": {
            "basepairs_in": 3273,
            "basepairs_out": 0,
            "discarded": 0
        }
    }
  }
]
