[ {
    "Program_details": {
        "program": "hts_Primers",
        "version": "1.3.2",
        "options": {
            "flip": true,
            "float": 0,
            "force": false,
            "keep": false,
            "min_primer_matches": 2,
            "notes": "",
            "primer_end_mismatches": 0,
            "primer_mismatches": 0,
            "primers_3p": "../hc_primers.fasta",
            "primers_5p": "CGCCTGTACAGTGGTATCAACGCAGAGTACATGGGG",
            "read1-input": [ "/nmspipeline//01-Processing/TRIMMER0090_P79/00-RawData/TRIMMER_Plate79_S1_L001_R1_001_sub.fastq.gz"],
            "read2-input": [ "/nmspipeline//01-Processing/TRIMMER0090_P79/00-RawData/TRIMMER_Plate79_S1_L001_R2_001_sub.fastq.gz"],
            "stats-file": "/nmspipeline//01-Processing/TRIMMER0090_P79/01-PrimerTrim/53-SMARTindex_HC_primers.log",
            "uncompressed": false
        },
        "primers": [ ["p5primer1","CGCCTGTACAGTGGTATCAACGCAGAGTACATGGGG"], ["Ga3.10for_mIGH3","GGATAGACAGATGGGGCTGTTGTTGT"], ["Ga12HC.10_REV_CHI","ATAGACAGATGGGGGTGTCGTTTTGG"], ["p5primer1","CGCCTGTACAGTGGTATCAACGCAGAGTACATGGGG"], ["Ga3.10for_mIGH3","GGATAGACAGATGGGGCTGTTGTTGT"], ["Ga12HC.10_REV_CHI","ATAGACAGATGGGGGTGTCGTTTTGG"] ]
    },
    "Fragment": {
        "in": 100000,
        "out": 259,
        "basepairs_in": 60000000,
        "basepairs_out": 139342,
        "flipped": 125,
        "primers_counts": [ ["p5primer1","Ga12HC.10_REV_CHI",258], ["p5primer1","Ga3.10for_mIGH3",1], ["None","Ga3.10for_mIGH3",572], ["p5primer1","None",852], ["None","Ga12HC.10_REV_CHI",25542], ["None","None",72775] ]
    },
    "Single_end": {
        "in": 0,
        "out": 0,
        "basepairs_in": 0,
        "basepairs_out": 0,
        "primerTrim": 0,
        "primerBpTrim": 0,
        "discarded": 0
    },
    "Paired_end": {
        "in": 100000,
        "out": 259,
        "discarded": 99741,
        "Read1": {
            "basepairs_in": 30000000,
            "basepairs_out": 68376,
            "primerTrim": 259,
            "primerBpTrim": 9324
        },
        "Read2": {
            "basepairs_in": 30000000,
            "basepairs_out": 70966,
            "primerTrim": 259,
            "primerBpTrim": 6734
        }
    }
  }, {
    "Program_details": {
        "program": "hts_NTrimmer",
        "version": "1.3.2",
        "options": {
            "append-stats-file": "/nmspipeline//01-Processing/TRIMMER0090_P79/01-PrimerTrim/53-SMARTindex_HC_primers.log",
            "exclude": true,
            "force": false,
            "notes": "",
            "uncompressed": false
        }
    },
    "Fragment": {
        "in": 259,
        "out": 259,
        "basepairs_in": 139342,
        "basepairs_out": 139342
    },
    "Single_end": {
        "in": 0,
        "out": 0,
        "basepairs_in": 0,
        "basepairs_out": 0,
        "rightTrim": 0,
        "leftTrim": 0,
        "discarded": 0
    },
    "Paired_end": {
        "in": 259,
        "out": 259,
        "discarded": 0,
        "Read1": {
            "basepairs_in": 68376,
            "basepairs_out": 68376,
            "leftTrim": 0,
            "rightTrim": 0
        },
        "Read2": {
            "basepairs_in": 70966,
            "basepairs_out": 70966,
            "leftTrim": 0,
            "rightTrim": 0
        }
    }
  }, {
    "Program_details": {
        "program": "hts_SeqScreener",
        "version": "1.3.2",
        "options": {
            "append-stats-file": "/nmspipeline//01-Processing/TRIMMER0090_P79/01-PrimerTrim/53-SMARTindex_HC_primers.log",
            "check-read-2": true,
            "force": false,
            "inverse": false,
            "kmer": 21,
            "notes": "",
            "percentage-hits": 0.01,
            "record": true,
            "seq": "../aberrant_LC.fasta",
            "uncompressed": false
        },
        "screen_info": {
            "screenBP": 96,
            "lookupKmers": 8
        }
    },
    "Fragment": {
        "in": 259,
        "out": 259,
        "basepairs_in": 139342,
        "basepairs_out": 139342
    },
    "Single_end": {
        "in": 0,
        "out": 0,
        "basepairs_in": 0,
        "basepairs_out": 0,
        "hits": 0
    },
    "Paired_end": {
        "in": 259,
        "out": 259,
        "hits": 0,
        "Read1": {
            "basepairs_in": 68376,
            "basepairs_out": 68376
        },
        "Read2": {
            "basepairs_in": 70966,
            "basepairs_out": 70966
        }
    }
  }, {
    "Program_details": {
        "program": "hts_QWindowTrim",
        "version": "1.3.2",
        "options": {
            "append-stats-file": "/nmspipeline//01-Processing/TRIMMER0090_P79/01-PrimerTrim/53-SMARTindex_HC_primers.log",
            "avg-qual-score": 10,
            "force": false,
            "no-left": true,
            "no-right": false,
            "notes": "",
            "qual-offset": 33,
            "uncompressed": false,
            "window-size": 10
        }
    },
    "Fragment": {
        "in": 259,
        "out": 259,
        "basepairs_in": 139342,
        "basepairs_out": 138877
    },
    "Single_end": {
        "in": 0,
        "out": 0,
        "basepairs_in": 0,
        "basepairs_out": 0,
        "rightTrim": 0,
        "leftTrim": 0
    },
    "Paired_end": {
        "in": 259,
        "out": 259,
        "Read1": {
            "basepairs_in": 68376,
            "basepairs_out": 68164,
            "leftTrim": 0,
            "rightTrim": 212
        },
        "Read2": {
            "basepairs_in": 70966,
            "basepairs_out": 70713,
            "leftTrim": 0,
            "rightTrim": 253
        }
    }
  }, {
    "Program_details": {
        "program": "hts_Overlapper",
        "version": "1.3.2",
        "options": {
            "append-stats-file": "/nmspipeline//01-Processing/TRIMMER0090_P79/01-PrimerTrim/53-SMARTindex_HC_primers.log",
            "check-lengths": 20,
            "force": false,
            "force-pairs": false,
            "kmer": 8,
            "kmer-offset": 1,
            "max-mismatch": 100,
            "max-mismatch-errorDensity": 0.25,
            "min-overlap": 8,
            "notes": "",
            "number-of-threads": 1,
            "uncompressed": false
        }
    },
    "Fragment": {
        "in": 259,
        "out": 259,
        "basepairs_in": 138877,
        "basepairs_out": 116376,
        "inserts": {
            "short": 18,
            "medium": 222,
            "long": 19
        },
        "overlap_histogram": [ [16,1], [30,2], [40,1], [93,1], [101,1], [119,1], [125,1], [134,2], [147,1], [183,1], [198,1], [216,1], [227,1], [237,1], [250,1], [265,1], [292,1], [304,1], [318,1], [369,1], [418,2], [437,1], [442,1], [443,1], [444,1], [446,2], [456,2], [458,3], [462,1], [463,1], [464,1], [466,23], [467,3], [468,6], [469,1], [470,15], [471,42], [472,55], [473,20], [474,29], [475,3], [477,2], [478,1], [480,2] ]
    },
    "Single_end": {
        "in": 0,
        "out": 240,
        "basepairs_in": 0,
        "basepairs_out": 106208
    },
    "Paired_end": {
        "in": 259,
        "out": 19,
        "Read1": {
            "basepairs_in": 68164,
            "basepairs_out": 4976
        },
        "Read2": {
            "basepairs_in": 70713,
            "basepairs_out": 5192
        }
    }
  }, {
    "Program_details": {
        "program": "hts_LengthFilter",
        "version": "1.3.2",
        "options": {
            "append-stats-file": "/nmspipeline//01-Processing/TRIMMER0090_P79/01-PrimerTrim/53-SMARTindex_HC_primers.log",
            "fastq-output": "/nmspipeline//01-Processing/TRIMMER0090_P79/01-PrimerTrim/53-SMARTindex_HC_primers",
            "force": true,
            "max-length": 0,
            "min-length": 385,
            "no-orphans": false,
            "notes": "",
            "stranded": false,
            "uncompressed": false
        }
    },
    "Fragment": {
        "in": 259,
        "out": 218,
        "basepairs_in": 116376,
        "basepairs_out": 102380
    },
    "Single_end": {
        "in": 240,
        "out": 218,
        "basepairs_in": 106208,
        "basepairs_out": 102380,
        "discarded": 22
    },
    "Paired_end": {
        "in": 19,
        "out": 0,
        "discarded": 19,
        "Read1": {
            "basepairs_in": 4976,
            "basepairs_out": 0,
            "discarded": 0
        },
        "Read2": {
            "basepairs_in": 5192,
            "basepairs_out": 0,
            "discarded": 0
        }
    }
  }
]
