[ {
    "Program_details": {
        "program": "hts_Primers",
        "version": "1.3.2",
        "options": {
            "flip": true,
            "float": 0,
            "force": false,
            "keep": false,
            "min_primer_matches": 2,
            "notes": "",
            "primer_end_mismatches": 0,
            "primer_mismatches": 0,
            "primers_3p": "../lc_primers.fasta",
            "primers_5p": "CGCCTGTACAGTGGTATCAACGCAGAGTACATGGGG",
            "read1-input": [ "/nmspipeline//01-Processing/TRIMMER0090_P79/00-RawData/TRIMMER_Plate79_S1_L001_R1_001_sub.fastq.gz"],
            "read2-input": [ "/nmspipeline//01-Processing/TRIMMER0090_P79/00-RawData/TRIMMER_Plate79_S1_L001_R2_001_sub.fastq.gz"],
            "stats-file": "/nmspipeline//01-Processing/TRIMMER0090_P79/01-PrimerTrim/53-SMARTindex_LC_primers.log",
            "uncompressed": false
        },
        "primers": [ ["p5primer1","CGCCTGTACAGTGGTATCAACGCAGAGTACATGGGG"], ["KaLC.6_REV_LC","GGATACAGTTGGTGCAGCATC"], ["LaLC.R-mIGL","ATCGTACACACCAGTGTGGC"], ["p5primer1","CGCCTGTACAGTGGTATCAACGCAGAGTACATGGGG"], ["KaLC.6_REV_LC","GGATACAGTTGGTGCAGCATC"], ["LaLC.R-mIGL","ATCGTACACACCAGTGTGGC"] ]
    },
    "Fragment": {
        "in": 100000,
        "out": 689,
        "basepairs_in": 60000000,
        "basepairs_out": 374728,
        "flipped": 322,
        "primers_counts": [ ["p5primer1","KaLC.6_REV_LC",88], ["p5primer1","None",422], ["p5primer1","LaLC.R-mIGL",601], ["None","None",39952], ["None","KaLC.6_REV_LC",56692], ["None","LaLC.R-mIGL",2245] ]
    },
    "Single_end": {
        "in": 0,
        "out": 0,
        "basepairs_in": 0,
        "basepairs_out": 0,
        "primerTrim": 0,
        "primerBpTrim": 0,
        "discarded": 0
    },
    "Paired_end": {
        "in": 100000,
        "out": 689,
        "discarded": 99311,
        "Read1": {
            "basepairs_in": 30000000,
            "basepairs_out": 181896,
            "primerTrim": 689,
            "primerBpTrim": 24804
        },
        "Read2": {
            "basepairs_in": 30000000,
            "basepairs_out": 192832,
            "primerTrim": 689,
            "primerBpTrim": 13868
        }
    }
  }, {
    "Program_details": {
        "program": "hts_NTrimmer",
        "version": "1.3.2",
        "options": {
            "append-stats-file": "/nmspipeline//01-Processing/TRIMMER0090_P79/01-PrimerTrim/53-SMARTindex_LC_primers.log",
            "exclude": true,
            "force": false,
            "notes": "",
            "uncompressed": false
        }
    },
    "Fragment": {
        "in": 689,
        "out": 689,
        "basepairs_in": 374728,
        "basepairs_out": 374728
    },
    "Single_end": {
        "in": 0,
        "out": 0,
        "basepairs_in": 0,
        "basepairs_out": 0,
        "rightTrim": 0,
        "leftTrim": 0,
        "discarded": 0
    },
    "Paired_end": {
        "in": 689,
        "out": 689,
        "discarded": 0,
        "Read1": {
            "basepairs_in": 181896,
            "basepairs_out": 181896,
            "leftTrim": 0,
            "rightTrim": 0
        },
        "Read2": {
            "basepairs_in": 192832,
            "basepairs_out": 192832,
            "leftTrim": 0,
            "rightTrim": 0
        }
    }
  }, {
    "Program_details": {
        "program": "hts_SeqScreener",
        "version": "1.3.2",
        "options": {
            "append-stats-file": "/nmspipeline//01-Processing/TRIMMER0090_P79/01-PrimerTrim/53-SMARTindex_LC_primers.log",
            "check-read-2": true,
            "force": false,
            "inverse": false,
            "kmer": 21,
            "notes": "",
            "percentage-hits": 0.01,
            "record": true,
            "seq": "../aberrant_LC.fasta",
            "uncompressed": false
        },
        "screen_info": {
            "screenBP": 96,
            "lookupKmers": 8
        }
    },
    "Fragment": {
        "in": 689,
        "out": 689,
        "basepairs_in": 374728,
        "basepairs_out": 374728
    },
    "Single_end": {
        "in": 0,
        "out": 0,
        "basepairs_in": 0,
        "basepairs_out": 0,
        "hits": 0
    },
    "Paired_end": {
        "in": 689,
        "out": 689,
        "hits": 55,
        "Read1": {
            "basepairs_in": 181896,
            "basepairs_out": 181896
        },
        "Read2": {
            "basepairs_in": 192832,
            "basepairs_out": 192832
        }
    }
  }, {
    "Program_details": {
        "program": "hts_QWindowTrim",
        "version": "1.3.2",
        "options": {
            "append-stats-file": "/nmspipeline//01-Processing/TRIMMER0090_P79/01-PrimerTrim/53-SMARTindex_LC_primers.log",
            "avg-qual-score": 10,
            "force": false,
            "no-left": true,
            "no-right": false,
            "notes": "",
            "qual-offset": 33,
            "uncompressed": false,
            "window-size": 10
        }
    },
    "Fragment": {
        "in": 689,
        "out": 689,
        "basepairs_in": 374728,
        "basepairs_out": 373770
    },
    "Single_end": {
        "in": 0,
        "out": 0,
        "basepairs_in": 0,
        "basepairs_out": 0,
        "rightTrim": 0,
        "leftTrim": 0
    },
    "Paired_end": {
        "in": 689,
        "out": 689,
        "Read1": {
            "basepairs_in": 181896,
            "basepairs_out": 181251,
            "leftTrim": 0,
            "rightTrim": 645
        },
        "Read2": {
            "basepairs_in": 192832,
            "basepairs_out": 192519,
            "leftTrim": 0,
            "rightTrim": 313
        }
    }
  }, {
    "Program_details": {
        "program": "hts_Overlapper",
        "version": "1.3.2",
        "options": {
            "append-stats-file": "/nmspipeline//01-Processing/TRIMMER0090_P79/01-PrimerTrim/53-SMARTindex_LC_primers.log",
            "check-lengths": 20,
            "force": false,
            "force-pairs": false,
            "kmer": 8,
            "kmer-offset": 1,
            "max-mismatch": 100,
            "max-mismatch-errorDensity": 0.25,
            "min-overlap": 8,
            "notes": "",
            "number-of-threads": 1,
            "uncompressed": false
        }
    },
    "Fragment": {
        "in": 689,
        "out": 689,
        "basepairs_in": 373770,
        "basepairs_out": 326898,
        "inserts": {
            "short": 25,
            "medium": 597,
            "long": 67
        },
        "overlap_histogram": [ [28,1], [29,2], [42,1], [43,1], [48,2], [49,1], [52,1], [67,1], [83,1], [88,1], [91,1], [95,1], [134,1], [160,1], [161,1], [198,1], [237,1], [242,1], [245,1], [253,1], [277,1], [278,2], [289,1], [330,1], [340,1], [352,1], [373,1], [386,1], [395,1], [398,4], [399,2], [401,2], [402,1], [405,1], [409,1], [415,1], [416,1], [418,18], [419,2], [421,3], [422,7], [423,9], [430,1], [431,6], [433,2], [436,2], [440,1], [443,1], [462,1], [483,4], [484,1], [485,1], [486,5], [487,5], [488,4], [489,69], [490,249], [491,22], [492,29], [493,121], [494,8], [496,2], [501,1], [502,1], [504,1], [517,1] ]
    },
    "Single_end": {
        "in": 0,
        "out": 622,
        "basepairs_in": 0,
        "basepairs_out": 290604
    },
    "Paired_end": {
        "in": 689,
        "out": 67,
        "Read1": {
            "basepairs_in": 181251,
            "basepairs_out": 17566
        },
        "Read2": {
            "basepairs_in": 192519,
            "basepairs_out": 18728
        }
    }
  }, {
    "Program_details": {
        "program": "hts_LengthFilter",
        "version": "1.3.2",
        "options": {
            "append-stats-file": "/nmspipeline//01-Processing/TRIMMER0090_P79/01-PrimerTrim/53-SMARTindex_LC_primers.log",
            "fastq-output": "/nmspipeline//01-Processing/TRIMMER0090_P79/01-PrimerTrim/53-SMARTindex_LC_primers",
            "force": true,
            "max-length": 0,
            "min-length": 385,
            "no-orphans": false,
            "notes": "",
            "stranded": false,
            "uncompressed": false
        }
    },
    "Fragment": {
        "in": 689,
        "out": 592,
        "basepairs_in": 326898,
        "basepairs_out": 285665
    },
    "Single_end": {
        "in": 622,
        "out": 592,
        "basepairs_in": 290604,
        "basepairs_out": 285665,
        "discarded": 30
    },
    "Paired_end": {
        "in": 67,
        "out": 0,
        "discarded": 67,
        "Read1": {
            "basepairs_in": 17566,
            "basepairs_out": 0,
            "discarded": 0
        },
        "Read2": {
            "basepairs_in": 18728,
            "basepairs_out": 0,
            "discarded": 0
        }
    }
  }
]
