[ {
    "Program_details": {
        "program": "hts_Primers",
        "version": "1.3.2",
        "options": {
            "flip": true,
            "float": 0,
            "force": false,
            "keep": false,
            "min_primer_matches": 2,
            "notes": "",
            "primer_end_mismatches": 0,
            "primer_mismatches": 0,
            "primers_3p": "../lc_primers.fasta",
            "primers_5p": "ACAACGTACAGTGGTATCAACGCAGAGTACATGGGG",
            "read1-input": [ "/nmspipeline//01-Processing/TRIMMER0090_P79/00-RawData/TRIMMER_Plate79_S1_L001_R1_001_sub.fastq.gz"],
            "read2-input": [ "/nmspipeline//01-Processing/TRIMMER0090_P79/00-RawData/TRIMMER_Plate79_S1_L001_R2_001_sub.fastq.gz"],
            "stats-file": "/nmspipeline//01-Processing/TRIMMER0090_P79/01-PrimerTrim/55-SMARTindex_LC_primers.log",
            "uncompressed": false
        },
        "primers": [ ["p5primer1","ACAACGTACAGTGGTATCAACGCAGAGTACATGGGG"], ["KaLC.6_REV_LC","GGATACAGTTGGTGCAGCATC"], ["LaLC.R-mIGL","ATCGTACACACCAGTGTGGC"], ["p5primer1","ACAACGTACAGTGGTATCAACGCAGAGTACATGGGG"], ["KaLC.6_REV_LC","GGATACAGTTGGTGCAGCATC"], ["LaLC.R-mIGL","ATCGTACACACCAGTGTGGC"] ]
    },
    "Fragment": {
        "in": 100000,
        "out": 715,
        "basepairs_in": 60000000,
        "basepairs_out": 388246,
        "flipped": 327,
        "primers_counts": [ ["p5primer1","LaLC.R-mIGL",1], ["p5primer1","None",104], ["p5primer1","KaLC.6_REV_LC",714], ["None","None",40270], ["None","KaLC.6_REV_LC",56066], ["None","LaLC.R-mIGL",2845] ]
    },
    "Single_end": {
        "in": 0,
        "out": 0,
        "basepairs_in": 0,
        "basepairs_out": 0,
        "primerTrim": 0,
        "primerBpTrim": 0,
        "discarded": 0
    },
    "Paired_end": {
        "in": 100000,
        "out": 715,
        "discarded": 99285,
        "Read1": {
            "basepairs_in": 30000000,
            "basepairs_out": 188760,
            "primerTrim": 715,
            "primerBpTrim": 25740
        },
        "Read2": {
            "basepairs_in": 30000000,
            "basepairs_out": 199486,
            "primerTrim": 715,
            "primerBpTrim": 15014
        }
    }
  }, {
    "Program_details": {
        "program": "hts_NTrimmer",
        "version": "1.3.2",
        "options": {
            "append-stats-file": "/nmspipeline//01-Processing/TRIMMER0090_P79/01-PrimerTrim/55-SMARTindex_LC_primers.log",
            "exclude": true,
            "force": false,
            "notes": "",
            "uncompressed": false
        }
    },
    "Fragment": {
        "in": 715,
        "out": 713,
        "basepairs_in": 388246,
        "basepairs_out": 387160
    },
    "Single_end": {
        "in": 0,
        "out": 0,
        "basepairs_in": 0,
        "basepairs_out": 0,
        "rightTrim": 0,
        "leftTrim": 0,
        "discarded": 0
    },
    "Paired_end": {
        "in": 715,
        "out": 713,
        "discarded": 2,
        "Read1": {
            "basepairs_in": 188760,
            "basepairs_out": 188232,
            "leftTrim": 0,
            "rightTrim": 0
        },
        "Read2": {
            "basepairs_in": 199486,
            "basepairs_out": 198928,
            "leftTrim": 0,
            "rightTrim": 0
        }
    }
  }, {
    "Program_details": {
        "program": "hts_SeqScreener",
        "version": "1.3.2",
        "options": {
            "append-stats-file": "/nmspipeline//01-Processing/TRIMMER0090_P79/01-PrimerTrim/55-SMARTindex_LC_primers.log",
            "check-read-2": true,
            "force": false,
            "inverse": false,
            "kmer": 21,
            "notes": "",
            "percentage-hits": 0.01,
            "record": true,
            "seq": "../aberrant_LC.fasta",
            "uncompressed": false
        },
        "screen_info": {
            "screenBP": 96,
            "lookupKmers": 8
        }
    },
    "Fragment": {
        "in": 713,
        "out": 713,
        "basepairs_in": 387160,
        "basepairs_out": 387160
    },
    "Single_end": {
        "in": 0,
        "out": 0,
        "basepairs_in": 0,
        "basepairs_out": 0,
        "hits": 0
    },
    "Paired_end": {
        "in": 713,
        "out": 713,
        "hits": 166,
        "Read1": {
            "basepairs_in": 188232,
            "basepairs_out": 188232
        },
        "Read2": {
            "basepairs_in": 198928,
            "basepairs_out": 198928
        }
    }
  }, {
    "Program_details": {
        "program": "hts_QWindowTrim",
        "version": "1.3.2",
        "options": {
            "append-stats-file": "/nmspipeline//01-Processing/TRIMMER0090_P79/01-PrimerTrim/55-SMARTindex_LC_primers.log",
            "avg-qual-score": 10,
            "force": false,
            "no-left": true,
            "no-right": false,
            "notes": "",
            "qual-offset": 33,
            "uncompressed": false,
            "window-size": 10
        }
    },
    "Fragment": {
        "in": 713,
        "out": 713,
        "basepairs_in": 387160,
        "basepairs_out": 385427
    },
    "Single_end": {
        "in": 0,
        "out": 0,
        "basepairs_in": 0,
        "basepairs_out": 0,
        "rightTrim": 0,
        "leftTrim": 0
    },
    "Paired_end": {
        "in": 713,
        "out": 713,
        "Read1": {
            "basepairs_in": 188232,
            "basepairs_out": 187635,
            "leftTrim": 0,
            "rightTrim": 597
        },
        "Read2": {
            "basepairs_in": 198928,
            "basepairs_out": 197792,
            "leftTrim": 0,
            "rightTrim": 1136
        }
    }
  }, {
    "Program_details": {
        "program": "hts_Overlapper",
        "version": "1.3.2",
        "options": {
            "append-stats-file": "/nmspipeline//01-Processing/TRIMMER0090_P79/01-PrimerTrim/55-SMARTindex_LC_primers.log",
            "check-lengths": 20,
            "force": false,
            "force-pairs": false,
            "kmer": 8,
            "kmer-offset": 1,
            "max-mismatch": 100,
            "max-mismatch-errorDensity": 0.25,
            "min-overlap": 8,
            "notes": "",
            "number-of-threads": 1,
            "uncompressed": false
        }
    },
    "Fragment": {
        "in": 713,
        "out": 713,
        "basepairs_in": 385427,
        "basepairs_out": 285747,
        "inserts": {
            "short": 65,
            "medium": 591,
            "long": 57
        },
        "overlap_histogram": [ [14,1], [15,2], [25,2], [26,2], [27,1], [28,1], [29,1], [31,1], [33,1], [36,2], [47,3], [48,3], [50,1], [51,1], [52,2], [55,2], [60,1], [75,1], [77,2], [86,1], [87,1], [89,2], [90,1], [91,2], [92,1], [93,2], [95,2], [97,1], [121,1], [123,1], [127,1], [131,1], [136,1], [140,1], [145,1], [149,1], [158,1], [162,1], [164,1], [178,1], [187,1], [213,1], [222,1], [224,1], [242,1], [246,1], [247,1], [258,1], [267,1], [271,1], [284,1], [291,1], [292,1], [293,1], [296,1], [331,1], [338,1], [350,1], [360,1], [366,1], [369,1], [380,1], [382,1], [387,1], [393,2], [394,2], [395,2], [396,5], [397,8], [398,4], [399,25], [400,52], [401,8], [402,10], [403,28], [404,2], [408,1], [416,1], [417,1], [418,34], [420,2], [421,9], [422,62], [423,41], [424,10], [425,14], [426,8], [427,127], [428,12], [429,1], [435,1], [437,4], [440,5], [441,32], [442,5], [443,2], [444,6], [445,37], [446,6], [447,1], [479,1], [533,5], [534,1] ]
    },
    "Single_end": {
        "in": 0,
        "out": 656,
        "basepairs_in": 0,
        "basepairs_out": 254982
    },
    "Paired_end": {
        "in": 713,
        "out": 57,
        "Read1": {
            "basepairs_in": 187635,
            "basepairs_out": 14982
        },
        "Read2": {
            "basepairs_in": 197792,
            "basepairs_out": 15783
        }
    }
  }, {
    "Program_details": {
        "program": "hts_LengthFilter",
        "version": "1.3.2",
        "options": {
            "append-stats-file": "/nmspipeline//01-Processing/TRIMMER0090_P79/01-PrimerTrim/55-SMARTindex_LC_primers.log",
            "fastq-output": "/nmspipeline//01-Processing/TRIMMER0090_P79/01-PrimerTrim/55-SMARTindex_LC_primers",
            "force": true,
            "max-length": 0,
            "min-length": 385,
            "no-orphans": false,
            "notes": "",
            "stranded": false,
            "uncompressed": false
        }
    },
    "Fragment": {
        "in": 713,
        "out": 578,
        "basepairs_in": 285747,
        "basepairs_out": 244096
    },
    "Single_end": {
        "in": 656,
        "out": 578,
        "basepairs_in": 254982,
        "basepairs_out": 244096,
        "discarded": 78
    },
    "Paired_end": {
        "in": 57,
        "out": 0,
        "discarded": 57,
        "Read1": {
            "basepairs_in": 14982,
            "basepairs_out": 0,
            "discarded": 0
        },
        "Read2": {
            "basepairs_in": 15783,
            "basepairs_out": 0,
            "discarded": 0
        }
    }
  }
]
