[ {
    "Program_details": {
        "program": "hts_Primers",
        "version": "1.3.2",
        "options": {
            "flip": true,
            "float": 0,
            "force": false,
            "keep": false,
            "min_primer_matches": 2,
            "notes": "",
            "primer_end_mismatches": 0,
            "primer_mismatches": 0,
            "primers_3p": "../hc_primers.fasta",
            "primers_5p": "ATATCCTACAGTGGTATCAACGCAGAGTACATGGGG",
            "read1-input": [ "/nmspipeline//01-Processing/TRIMMER0090_P79/00-RawData/TRIMMER_Plate79_S1_L001_R1_001_sub.fastq.gz"],
            "read2-input": [ "/nmspipeline//01-Processing/TRIMMER0090_P79/00-RawData/TRIMMER_Plate79_S1_L001_R2_001_sub.fastq.gz"],
            "stats-file": "/nmspipeline//01-Processing/TRIMMER0090_P79/01-PrimerTrim/56-SMARTindex_HC_primers.log",
            "uncompressed": false
        },
        "primers": [ ["p5primer1","ATATCCTACAGTGGTATCAACGCAGAGTACATGGGG"], ["Ga3.10for_mIGH3","GGATAGACAGATGGGGCTGTTGTTGT"], ["Ga12HC.10_REV_CHI","ATAGACAGATGGGGGTGTCGTTTTGG"], ["p5primer1","ATATCCTACAGTGGTATCAACGCAGAGTACATGGGG"], ["Ga3.10for_mIGH3","GGATAGACAGATGGGGCTGTTGTTGT"], ["Ga12HC.10_REV_CHI","ATAGACAGATGGGGGTGTCGTTTTGG"] ]
    },
    "Fragment": {
        "in": 100000,
        "out": 356,
        "basepairs_in": 60000000,
        "basepairs_out": 191528,
        "flipped": 190,
        "primers_counts": [ ["p5primer1","None",1022], ["p5primer1","Ga3.10for_mIGH3",1], ["None","Ga3.10for_mIGH3",572], ["p5primer1","Ga12HC.10_REV_CHI",355], ["None","Ga12HC.10_REV_CHI",25445], ["None","None",72605] ]
    },
    "Single_end": {
        "in": 0,
        "out": 0,
        "basepairs_in": 0,
        "basepairs_out": 0,
        "primerTrim": 0,
        "primerBpTrim": 0,
        "discarded": 0
    },
    "Paired_end": {
        "in": 100000,
        "out": 356,
        "discarded": 99644,
        "Read1": {
            "basepairs_in": 30000000,
            "basepairs_out": 93984,
            "primerTrim": 356,
            "primerBpTrim": 12816
        },
        "Read2": {
            "basepairs_in": 30000000,
            "basepairs_out": 97544,
            "primerTrim": 356,
            "primerBpTrim": 9256
        }
    }
  }, {
    "Program_details": {
        "program": "hts_NTrimmer",
        "version": "1.3.2",
        "options": {
            "append-stats-file": "/nmspipeline//01-Processing/TRIMMER0090_P79/01-PrimerTrim/56-SMARTindex_HC_primers.log",
            "exclude": true,
            "force": false,
            "notes": "",
            "uncompressed": false
        }
    },
    "Fragment": {
        "in": 356,
        "out": 356,
        "basepairs_in": 191528,
        "basepairs_out": 191528
    },
    "Single_end": {
        "in": 0,
        "out": 0,
        "basepairs_in": 0,
        "basepairs_out": 0,
        "rightTrim": 0,
        "leftTrim": 0,
        "discarded": 0
    },
    "Paired_end": {
        "in": 356,
        "out": 356,
        "discarded": 0,
        "Read1": {
            "basepairs_in": 93984,
            "basepairs_out": 93984,
            "leftTrim": 0,
            "rightTrim": 0
        },
        "Read2": {
            "basepairs_in": 97544,
            "basepairs_out": 97544,
            "leftTrim": 0,
            "rightTrim": 0
        }
    }
  }, {
    "Program_details": {
        "program": "hts_SeqScreener",
        "version": "1.3.2",
        "options": {
            "append-stats-file": "/nmspipeline//01-Processing/TRIMMER0090_P79/01-PrimerTrim/56-SMARTindex_HC_primers.log",
            "check-read-2": true,
            "force": false,
            "inverse": false,
            "kmer": 21,
            "notes": "",
            "percentage-hits": 0.01,
            "record": true,
            "seq": "../aberrant_LC.fasta",
            "uncompressed": false
        },
        "screen_info": {
            "screenBP": 96,
            "lookupKmers": 8
        }
    },
    "Fragment": {
        "in": 356,
        "out": 356,
        "basepairs_in": 191528,
        "basepairs_out": 191528
    },
    "Single_end": {
        "in": 0,
        "out": 0,
        "basepairs_in": 0,
        "basepairs_out": 0,
        "hits": 0
    },
    "Paired_end": {
        "in": 356,
        "out": 356,
        "hits": 0,
        "Read1": {
            "basepairs_in": 93984,
            "basepairs_out": 93984
        },
        "Read2": {
            "basepairs_in": 97544,
            "basepairs_out": 97544
        }
    }
  }, {
    "Program_details": {
        "program": "hts_QWindowTrim",
        "version": "1.3.2",
        "options": {
            "append-stats-file": "/nmspipeline//01-Processing/TRIMMER0090_P79/01-PrimerTrim/56-SMARTindex_HC_primers.log",
            "avg-qual-score": 10,
            "force": false,
            "no-left": true,
            "no-right": false,
            "notes": "",
            "qual-offset": 33,
            "uncompressed": false,
            "window-size": 10
        }
    },
    "Fragment": {
        "in": 356,
        "out": 356,
        "basepairs_in": 191528,
        "basepairs_out": 190926
    },
    "Single_end": {
        "in": 0,
        "out": 0,
        "basepairs_in": 0,
        "basepairs_out": 0,
        "rightTrim": 0,
        "leftTrim": 0
    },
    "Paired_end": {
        "in": 356,
        "out": 356,
        "Read1": {
            "basepairs_in": 93984,
            "basepairs_out": 93693,
            "leftTrim": 0,
            "rightTrim": 291
        },
        "Read2": {
            "basepairs_in": 97544,
            "basepairs_out": 97233,
            "leftTrim": 0,
            "rightTrim": 311
        }
    }
  }, {
    "Program_details": {
        "program": "hts_Overlapper",
        "version": "1.3.2",
        "options": {
            "append-stats-file": "/nmspipeline//01-Processing/TRIMMER0090_P79/01-PrimerTrim/56-SMARTindex_HC_primers.log",
            "check-lengths": 20,
            "force": false,
            "force-pairs": false,
            "kmer": 8,
            "kmer-offset": 1,
            "max-mismatch": 100,
            "max-mismatch-errorDensity": 0.25,
            "min-overlap": 8,
            "notes": "",
            "number-of-threads": 1,
            "uncompressed": false
        }
    },
    "Fragment": {
        "in": 356,
        "out": 356,
        "basepairs_in": 190926,
        "basepairs_out": 160162,
        "inserts": {
            "short": 30,
            "medium": 291,
            "long": 35
        },
        "overlap_histogram": [ [14,1], [23,1], [25,1], [29,1], [33,1], [39,1], [41,1], [44,1], [48,1], [51,1], [70,1], [86,1], [108,1], [112,1], [125,4], [137,1], [138,1], [145,1], [162,1], [175,1], [197,1], [218,1], [232,2], [254,1], [256,1], [259,1], [276,1], [362,1], [393,1], [404,2], [415,1], [428,2], [429,4], [438,8], [439,1], [453,1], [454,2], [457,1], [458,11], [459,1], [461,20], [462,4], [463,10], [464,4], [465,19], [466,10], [467,3], [468,10], [470,2], [483,1], [484,25], [485,6], [486,57], [487,81], [488,1], [508,1] ]
    },
    "Single_end": {
        "in": 0,
        "out": 321,
        "basepairs_in": 0,
        "basepairs_out": 141420
    },
    "Paired_end": {
        "in": 356,
        "out": 35,
        "Read1": {
            "basepairs_in": 93693,
            "basepairs_out": 9210
        },
        "Read2": {
            "basepairs_in": 97233,
            "basepairs_out": 9532
        }
    }
  }, {
    "Program_details": {
        "program": "hts_LengthFilter",
        "version": "1.3.2",
        "options": {
            "append-stats-file": "/nmspipeline//01-Processing/TRIMMER0090_P79/01-PrimerTrim/56-SMARTindex_HC_primers.log",
            "fastq-output": "/nmspipeline//01-Processing/TRIMMER0090_P79/01-PrimerTrim/56-SMARTindex_HC_primers",
            "force": true,
            "max-length": 0,
            "min-length": 385,
            "no-orphans": false,
            "notes": "",
            "stranded": false,
            "uncompressed": false
        }
    },
    "Fragment": {
        "in": 356,
        "out": 289,
        "basepairs_in": 160162,
        "basepairs_out": 137154
    },
    "Single_end": {
        "in": 321,
        "out": 289,
        "basepairs_in": 141420,
        "basepairs_out": 137154,
        "discarded": 32
    },
    "Paired_end": {
        "in": 35,
        "out": 0,
        "discarded": 35,
        "Read1": {
            "basepairs_in": 9210,
            "basepairs_out": 0,
            "discarded": 0
        },
        "Read2": {
            "basepairs_in": 9532,
            "basepairs_out": 0,
            "discarded": 0
        }
    }
  }
]
