[ {
    "Program_details": {
        "program": "hts_Primers",
        "version": "1.3.2",
        "options": {
            "flip": true,
            "float": 0,
            "force": false,
            "keep": false,
            "min_primer_matches": 2,
            "notes": "",
            "primer_end_mismatches": 0,
            "primer_mismatches": 0,
            "primers_3p": "../lc_primers.fasta",
            "primers_5p": "AGTACTCAGTGGTATCAACGCAGAGTACATGGGG",
            "read1-input": [ "/nmspipeline//01-Processing/TRIMMER0090_P79/00-RawData/TRIMMER_Plate79_S1_L001_R1_001_sub.fastq.gz"],
            "read2-input": [ "/nmspipeline//01-Processing/TRIMMER0090_P79/00-RawData/TRIMMER_Plate79_S1_L001_R2_001_sub.fastq.gz"],
            "stats-file": "/nmspipeline//01-Processing/TRIMMER0090_P79/01-PrimerTrim/57-SMARTindex_LC_primers.log",
            "uncompressed": false
        },
        "primers": [ ["p5primer1","AGTACTCAGTGGTATCAACGCAGAGTACATGGGG"], ["KaLC.6_REV_LC","GGATACAGTTGGTGCAGCATC"], ["LaLC.R-mIGL","ATCGTACACACCAGTGTGGC"], ["p5primer1","AGTACTCAGTGGTATCAACGCAGAGTACATGGGG"], ["KaLC.6_REV_LC","GGATACAGTTGGTGCAGCATC"], ["LaLC.R-mIGL","ATCGTACACACCAGTGTGGC"] ]
    },
    "Fragment": {
        "in": 100000,
        "out": 613,
        "basepairs_in": 60000000,
        "basepairs_out": 334087,
        "flipped": 277,
        "primers_counts": [ ["p5primer1","LaLC.R-mIGL",2], ["p5primer1","None",94], ["p5primer1","KaLC.6_REV_LC",611], ["None","None",40280], ["None","KaLC.6_REV_LC",56169], ["None","LaLC.R-mIGL",2844] ]
    },
    "Single_end": {
        "in": 0,
        "out": 0,
        "basepairs_in": 0,
        "basepairs_out": 0,
        "primerTrim": 0,
        "primerBpTrim": 0,
        "discarded": 0
    },
    "Paired_end": {
        "in": 100000,
        "out": 613,
        "discarded": 99387,
        "Read1": {
            "basepairs_in": 30000000,
            "basepairs_out": 163058,
            "primerTrim": 613,
            "primerBpTrim": 20842
        },
        "Read2": {
            "basepairs_in": 30000000,
            "basepairs_out": 171029,
            "primerTrim": 613,
            "primerBpTrim": 12871
        }
    }
  }, {
    "Program_details": {
        "program": "hts_NTrimmer",
        "version": "1.3.2",
        "options": {
            "append-stats-file": "/nmspipeline//01-Processing/TRIMMER0090_P79/01-PrimerTrim/57-SMARTindex_LC_primers.log",
            "exclude": true,
            "force": false,
            "notes": "",
            "uncompressed": false
        }
    },
    "Fragment": {
        "in": 613,
        "out": 612,
        "basepairs_in": 334087,
        "basepairs_out": 333542
    },
    "Single_end": {
        "in": 0,
        "out": 0,
        "basepairs_in": 0,
        "basepairs_out": 0,
        "rightTrim": 0,
        "leftTrim": 0,
        "discarded": 0
    },
    "Paired_end": {
        "in": 613,
        "out": 612,
        "discarded": 1,
        "Read1": {
            "basepairs_in": 163058,
            "basepairs_out": 162792,
            "leftTrim": 0,
            "rightTrim": 0
        },
        "Read2": {
            "basepairs_in": 171029,
            "basepairs_out": 170750,
            "leftTrim": 0,
            "rightTrim": 0
        }
    }
  }, {
    "Program_details": {
        "program": "hts_SeqScreener",
        "version": "1.3.2",
        "options": {
            "append-stats-file": "/nmspipeline//01-Processing/TRIMMER0090_P79/01-PrimerTrim/57-SMARTindex_LC_primers.log",
            "check-read-2": true,
            "force": false,
            "inverse": false,
            "kmer": 21,
            "notes": "",
            "percentage-hits": 0.01,
            "record": true,
            "seq": "../aberrant_LC.fasta",
            "uncompressed": false
        },
        "screen_info": {
            "screenBP": 96,
            "lookupKmers": 8
        }
    },
    "Fragment": {
        "in": 612,
        "out": 612,
        "basepairs_in": 333542,
        "basepairs_out": 333542
    },
    "Single_end": {
        "in": 0,
        "out": 0,
        "basepairs_in": 0,
        "basepairs_out": 0,
        "hits": 0
    },
    "Paired_end": {
        "in": 612,
        "out": 612,
        "hits": 102,
        "Read1": {
            "basepairs_in": 162792,
            "basepairs_out": 162792
        },
        "Read2": {
            "basepairs_in": 170750,
            "basepairs_out": 170750
        }
    }
  }, {
    "Program_details": {
        "program": "hts_QWindowTrim",
        "version": "1.3.2",
        "options": {
            "append-stats-file": "/nmspipeline//01-Processing/TRIMMER0090_P79/01-PrimerTrim/57-SMARTindex_LC_primers.log",
            "avg-qual-score": 10,
            "force": false,
            "no-left": true,
            "no-right": false,
            "notes": "",
            "qual-offset": 33,
            "uncompressed": false,
            "window-size": 10
        }
    },
    "Fragment": {
        "in": 612,
        "out": 612,
        "basepairs_in": 333542,
        "basepairs_out": 331876
    },
    "Single_end": {
        "in": 0,
        "out": 0,
        "basepairs_in": 0,
        "basepairs_out": 0,
        "rightTrim": 0,
        "leftTrim": 0
    },
    "Paired_end": {
        "in": 612,
        "out": 612,
        "Read1": {
            "basepairs_in": 162792,
            "basepairs_out": 162050,
            "leftTrim": 0,
            "rightTrim": 742
        },
        "Read2": {
            "basepairs_in": 170750,
            "basepairs_out": 169826,
            "leftTrim": 0,
            "rightTrim": 924
        }
    }
  }, {
    "Program_details": {
        "program": "hts_Overlapper",
        "version": "1.3.2",
        "options": {
            "append-stats-file": "/nmspipeline//01-Processing/TRIMMER0090_P79/01-PrimerTrim/57-SMARTindex_LC_primers.log",
            "check-lengths": 20,
            "force": false,
            "force-pairs": false,
            "kmer": 8,
            "kmer-offset": 1,
            "max-mismatch": 100,
            "max-mismatch-errorDensity": 0.25,
            "min-overlap": 8,
            "notes": "",
            "number-of-threads": 1,
            "uncompressed": false
        }
    },
    "Fragment": {
        "in": 612,
        "out": 612,
        "basepairs_in": 331876,
        "basepairs_out": 241964,
        "inserts": {
            "short": 65,
            "medium": 508,
            "long": 39
        },
        "overlap_histogram": [ [9,2], [14,1], [15,2], [26,1], [27,1], [32,3], [42,1], [46,1], [50,1], [51,1], [64,1], [67,1], [69,1], [77,1], [81,1], [85,1], [86,1], [87,1], [88,1], [90,2], [91,1], [92,1], [93,3], [95,2], [97,1], [119,2], [121,1], [123,1], [125,2], [128,2], [129,1], [131,1], [133,2], [134,2], [137,1], [141,2], [145,1], [147,1], [155,1], [158,1], [172,1], [198,2], [201,1], [213,2], [221,1], [257,1], [260,1], [262,1], [268,1], [278,1], [285,1], [294,2], [299,1], [302,2], [331,1], [338,1], [340,1], [350,1], [358,1], [373,1], [394,1], [397,1], [398,1], [399,13], [400,2], [401,3], [402,12], [403,21], [404,1], [410,2], [412,1], [413,1], [418,24], [419,26], [420,3], [421,12], [422,109], [423,44], [424,30], [425,29], [426,55], [427,43], [428,3], [429,1], [432,1], [436,1], [437,5], [438,1], [440,10], [441,16], [442,3], [444,9], [445,1], [446,2], [449,2], [450,2], [451,1], [460,1], [477,1], [507,1] ]
    },
    "Single_end": {
        "in": 0,
        "out": 573,
        "basepairs_in": 0,
        "basepairs_out": 220857
    },
    "Paired_end": {
        "in": 612,
        "out": 39,
        "Read1": {
            "basepairs_in": 162050,
            "basepairs_out": 10273
        },
        "Read2": {
            "basepairs_in": 169826,
            "basepairs_out": 10834
        }
    }
  }, {
    "Program_details": {
        "program": "hts_LengthFilter",
        "version": "1.3.2",
        "options": {
            "append-stats-file": "/nmspipeline//01-Processing/TRIMMER0090_P79/01-PrimerTrim/57-SMARTindex_LC_primers.log",
            "fastq-output": "/nmspipeline//01-Processing/TRIMMER0090_P79/01-PrimerTrim/57-SMARTindex_LC_primers",
            "force": true,
            "max-length": 0,
            "min-length": 385,
            "no-orphans": false,
            "notes": "",
            "stranded": false,
            "uncompressed": false
        }
    },
    "Fragment": {
        "in": 612,
        "out": 495,
        "basepairs_in": 241964,
        "basepairs_out": 209411
    },
    "Single_end": {
        "in": 573,
        "out": 495,
        "basepairs_in": 220857,
        "basepairs_out": 209411,
        "discarded": 78
    },
    "Paired_end": {
        "in": 39,
        "out": 0,
        "discarded": 39,
        "Read1": {
            "basepairs_in": 10273,
            "basepairs_out": 0,
            "discarded": 0
        },
        "Read2": {
            "basepairs_in": 10834,
            "basepairs_out": 0,
            "discarded": 0
        }
    }
  }
]
