[ {
    "Program_details": {
        "program": "hts_Primers",
        "version": "1.3.2",
        "options": {
            "flip": true,
            "float": 0,
            "force": false,
            "keep": false,
            "min_primer_matches": 2,
            "notes": "",
            "primer_end_mismatches": 0,
            "primer_mismatches": 0,
            "primers_3p": "../hc_primers.fasta",
            "primers_5p": "AGTACTCAGTGGTATCAACGCAGAGTACATGGGG",
            "read1-input": [ "/nmspipeline/01-Processing/TRIMMER0090_P79/00-RawData/TRIMMER_Plate79_S1_L001_R1_001_sub.fastq.gz"],
            "read2-input": [ "/nmspipeline/01-Processing/TRIMMER0090_P79/00-RawData/TRIMMER_Plate79_S1_L001_R2_001_sub.fastq.gz"],
            "stats-file": "/nmspipeline/01-Processing/TRIMMER0090_P79/01-PrimerTrim/57-SMARTindex_HC_primers.log",
            "uncompressed": false
        },
        "primers": [ ["p5primer1","AGTACTCAGTGGTATCAACGCAGAGTACATGGGG"], ["Ga3.10for_mIGH3","GGATAGACAGATGGGGCTGTTGTTGT"], ["Ga12HC.10_REV_CHI","ATAGACAGATGGGGGTGTCGTTTTGG"], ["p5primer1","AGTACTCAGTGGTATCAACGCAGAGTACATGGGG"], ["Ga3.10for_mIGH3","GGATAGACAGATGGGGCTGTTGTTGT"], ["Ga12HC.10_REV_CHI","ATAGACAGATGGGGGTGTCGTTTTGG"] ]
    },
    "Fragment": {
        "in": 100000,
        "out": 19,
        "basepairs_in": 60000000,
        "basepairs_out": 10260,
        "flipped": 11,
        "primers_counts": [ ["p5primer1","Ga12HC.10_REV_CHI",19], ["p5primer1","None",688], ["None","Ga3.10for_mIGH3",573], ["None","Ga12HC.10_REV_CHI",25781], ["None","None",72939] ]
    },
    "Single_end": {
        "in": 0,
        "out": 0,
        "basepairs_in": 0,
        "basepairs_out": 0,
        "primerTrim": 0,
        "primerBpTrim": 0,
        "discarded": 0
    },
    "Paired_end": {
        "in": 100000,
        "out": 19,
        "discarded": 99981,
        "Read1": {
            "basepairs_in": 30000000,
            "basepairs_out": 5054,
            "primerTrim": 19,
            "primerBpTrim": 646
        },
        "Read2": {
            "basepairs_in": 30000000,
            "basepairs_out": 5206,
            "primerTrim": 19,
            "primerBpTrim": 494
        }
    }
  }, {
    "Program_details": {
        "program": "hts_NTrimmer",
        "version": "1.3.2",
        "options": {
            "append-stats-file": "/nmspipeline/01-Processing/TRIMMER0090_P79/01-PrimerTrim/57-SMARTindex_HC_primers.log",
            "exclude": true,
            "force": false,
            "notes": "",
            "uncompressed": false
        }
    },
    "Fragment": {
        "in": 19,
        "out": 19,
        "basepairs_in": 10260,
        "basepairs_out": 10260
    },
    "Single_end": {
        "in": 0,
        "out": 0,
        "basepairs_in": 0,
        "basepairs_out": 0,
        "rightTrim": 0,
        "leftTrim": 0,
        "discarded": 0
    },
    "Paired_end": {
        "in": 19,
        "out": 19,
        "discarded": 0,
        "Read1": {
            "basepairs_in": 5054,
            "basepairs_out": 5054,
            "leftTrim": 0,
            "rightTrim": 0
        },
        "Read2": {
            "basepairs_in": 5206,
            "basepairs_out": 5206,
            "leftTrim": 0,
            "rightTrim": 0
        }
    }
  }, {
    "Program_details": {
        "program": "hts_SeqScreener",
        "version": "1.3.2",
        "options": {
            "append-stats-file": "/nmspipeline/01-Processing/TRIMMER0090_P79/01-PrimerTrim/57-SMARTindex_HC_primers.log",
            "check-read-2": true,
            "force": false,
            "inverse": false,
            "kmer": 21,
            "notes": "",
            "percentage-hits": 0.01,
            "record": true,
            "seq": "../aberrant_LC.fasta",
            "uncompressed": false
        },
        "screen_info": {
            "screenBP": 96,
            "lookupKmers": 8
        }
    },
    "Fragment": {
        "in": 19,
        "out": 19,
        "basepairs_in": 10260,
        "basepairs_out": 10260
    },
    "Single_end": {
        "in": 0,
        "out": 0,
        "basepairs_in": 0,
        "basepairs_out": 0,
        "hits": 0
    },
    "Paired_end": {
        "in": 19,
        "out": 19,
        "hits": 0,
        "Read1": {
            "basepairs_in": 5054,
            "basepairs_out": 5054
        },
        "Read2": {
            "basepairs_in": 5206,
            "basepairs_out": 5206
        }
    }
  }, {
    "Program_details": {
        "program": "hts_QWindowTrim",
        "version": "1.3.2",
        "options": {
            "append-stats-file": "/nmspipeline/01-Processing/TRIMMER0090_P79/01-PrimerTrim/57-SMARTindex_HC_primers.log",
            "avg-qual-score": 10,
            "force": false,
            "no-left": true,
            "no-right": false,
            "notes": "",
            "qual-offset": 33,
            "uncompressed": false,
            "window-size": 10
        }
    },
    "Fragment": {
        "in": 19,
        "out": 19,
        "basepairs_in": 10260,
        "basepairs_out": 9949
    },
    "Single_end": {
        "in": 0,
        "out": 0,
        "basepairs_in": 0,
        "basepairs_out": 0,
        "rightTrim": 0,
        "leftTrim": 0
    },
    "Paired_end": {
        "in": 19,
        "out": 19,
        "Read1": {
            "basepairs_in": 5054,
            "basepairs_out": 4850,
            "leftTrim": 0,
            "rightTrim": 204
        },
        "Read2": {
            "basepairs_in": 5206,
            "basepairs_out": 5099,
            "leftTrim": 0,
            "rightTrim": 107
        }
    }
  }, {
    "Program_details": {
        "program": "hts_Overlapper",
        "version": "1.3.2",
        "options": {
            "append-stats-file": "/nmspipeline/01-Processing/TRIMMER0090_P79/01-PrimerTrim/57-SMARTindex_HC_primers.log",
            "check-lengths": 20,
            "force": false,
            "force-pairs": false,
            "kmer": 8,
            "kmer-offset": 1,
            "max-mismatch": 100,
            "max-mismatch-errorDensity": 0.25,
            "min-overlap": 8,
            "notes": "",
            "number-of-threads": 1,
            "uncompressed": false
        }
    },
    "Fragment": {
        "in": 19,
        "out": 19,
        "basepairs_in": 9949,
        "basepairs_out": 2382,
        "inserts": {
            "short": 19,
            "medium": 0,
            "long": 0
        },
        "overlap_histogram": [ [59,1], [61,1], [74,1], [82,1], [86,1], [94,2], [99,3], [102,1], [108,1], [114,1], [124,1], [158,1], [221,1], [236,3] ]
    },
    "Single_end": {
        "in": 0,
        "out": 19,
        "basepairs_in": 0,
        "basepairs_out": 2382
    },
    "Paired_end": {
        "in": 19,
        "out": 0,
        "Read1": {
            "basepairs_in": 4850,
            "basepairs_out": 0
        },
        "Read2": {
            "basepairs_in": 5099,
            "basepairs_out": 0
        }
    }
  }, {
    "Program_details": {
        "program": "hts_LengthFilter",
        "version": "1.3.2",
        "options": {
            "append-stats-file": "/nmspipeline/01-Processing/TRIMMER0090_P79/01-PrimerTrim/57-SMARTindex_HC_primers.log",
            "fastq-output": "/nmspipeline/01-Processing/TRIMMER0090_P79/01-PrimerTrim/57-SMARTindex_HC_primers",
            "force": true,
            "max-length": 0,
            "min-length": 385,
            "no-orphans": false,
            "notes": "",
            "stranded": false,
            "uncompressed": false
        }
    },
    "Fragment": {
        "in": 19,
        "out": 0,
        "basepairs_in": 2382,
        "basepairs_out": 0
    },
    "Single_end": {
        "in": 19,
        "out": 0,
        "basepairs_in": 2382,
        "basepairs_out": 0,
        "discarded": 19
    },
    "Paired_end": {
        "in": 0,
        "out": 0,
        "discarded": 0,
        "Read1": {
            "basepairs_in": 0,
            "basepairs_out": 0,
            "discarded": 0
        },
        "Read2": {
            "basepairs_in": 0,
            "basepairs_out": 0,
            "discarded": 0
        }
    }
  }
]
