[ {
    "Program_details": {
        "program": "hts_Primers",
        "version": "1.3.2",
        "options": {
            "flip": true,
            "float": 0,
            "force": false,
            "keep": false,
            "min_primer_matches": 2,
            "notes": "",
            "primer_end_mismatches": 0,
            "primer_mismatches": 0,
            "primers_3p": "../lc_primers.fasta",
            "primers_5p": "ATAAGACAGTGGTATCAACGCAGAGTACATGGGG",
            "read1-input": [ "/nmspipeline//01-Processing/TRIMMER0090_P79/00-RawData/TRIMMER_Plate79_S1_L001_R1_001_sub.fastq.gz"],
            "read2-input": [ "/nmspipeline//01-Processing/TRIMMER0090_P79/00-RawData/TRIMMER_Plate79_S1_L001_R2_001_sub.fastq.gz"],
            "stats-file": "/nmspipeline//01-Processing/TRIMMER0090_P79/01-PrimerTrim/58-SMARTindex_LC_primers.log",
            "uncompressed": false
        },
        "primers": [ ["p5primer1","ATAAGACAGTGGTATCAACGCAGAGTACATGGGG"], ["KaLC.6_REV_LC","GGATACAGTTGGTGCAGCATC"], ["LaLC.R-mIGL","ATCGTACACACCAGTGTGGC"], ["p5primer1","ATAAGACAGTGGTATCAACGCAGAGTACATGGGG"], ["KaLC.6_REV_LC","GGATACAGTTGGTGCAGCATC"], ["LaLC.R-mIGL","ATCGTACACACCAGTGTGGC"] ]
    },
    "Fragment": {
        "in": 100000,
        "out": 474,
        "basepairs_in": 60000000,
        "basepairs_out": 258335,
        "flipped": 223,
        "primers_counts": [ ["p5primer1","LaLC.R-mIGL",5], ["p5primer1","None",423], ["p5primer1","KaLC.6_REV_LC",469], ["None","None",39951], ["None","KaLC.6_REV_LC",56311], ["None","LaLC.R-mIGL",2841] ]
    },
    "Single_end": {
        "in": 0,
        "out": 0,
        "basepairs_in": 0,
        "basepairs_out": 0,
        "primerTrim": 0,
        "primerBpTrim": 0,
        "discarded": 0
    },
    "Paired_end": {
        "in": 100000,
        "out": 474,
        "discarded": 99526,
        "Read1": {
            "basepairs_in": 30000000,
            "basepairs_out": 126084,
            "primerTrim": 474,
            "primerBpTrim": 16116
        },
        "Read2": {
            "basepairs_in": 30000000,
            "basepairs_out": 132251,
            "primerTrim": 474,
            "primerBpTrim": 9949
        }
    }
  }, {
    "Program_details": {
        "program": "hts_NTrimmer",
        "version": "1.3.2",
        "options": {
            "append-stats-file": "/nmspipeline//01-Processing/TRIMMER0090_P79/01-PrimerTrim/58-SMARTindex_LC_primers.log",
            "exclude": true,
            "force": false,
            "notes": "",
            "uncompressed": false
        }
    },
    "Fragment": {
        "in": 474,
        "out": 474,
        "basepairs_in": 258335,
        "basepairs_out": 258335
    },
    "Single_end": {
        "in": 0,
        "out": 0,
        "basepairs_in": 0,
        "basepairs_out": 0,
        "rightTrim": 0,
        "leftTrim": 0,
        "discarded": 0
    },
    "Paired_end": {
        "in": 474,
        "out": 474,
        "discarded": 0,
        "Read1": {
            "basepairs_in": 126084,
            "basepairs_out": 126084,
            "leftTrim": 0,
            "rightTrim": 0
        },
        "Read2": {
            "basepairs_in": 132251,
            "basepairs_out": 132251,
            "leftTrim": 0,
            "rightTrim": 0
        }
    }
  }, {
    "Program_details": {
        "program": "hts_SeqScreener",
        "version": "1.3.2",
        "options": {
            "append-stats-file": "/nmspipeline//01-Processing/TRIMMER0090_P79/01-PrimerTrim/58-SMARTindex_LC_primers.log",
            "check-read-2": true,
            "force": false,
            "inverse": false,
            "kmer": 21,
            "notes": "",
            "percentage-hits": 0.01,
            "record": true,
            "seq": "../aberrant_LC.fasta",
            "uncompressed": false
        },
        "screen_info": {
            "screenBP": 96,
            "lookupKmers": 8
        }
    },
    "Fragment": {
        "in": 474,
        "out": 474,
        "basepairs_in": 258335,
        "basepairs_out": 258335
    },
    "Single_end": {
        "in": 0,
        "out": 0,
        "basepairs_in": 0,
        "basepairs_out": 0,
        "hits": 0
    },
    "Paired_end": {
        "in": 474,
        "out": 474,
        "hits": 437,
        "Read1": {
            "basepairs_in": 126084,
            "basepairs_out": 126084
        },
        "Read2": {
            "basepairs_in": 132251,
            "basepairs_out": 132251
        }
    }
  }, {
    "Program_details": {
        "program": "hts_QWindowTrim",
        "version": "1.3.2",
        "options": {
            "append-stats-file": "/nmspipeline//01-Processing/TRIMMER0090_P79/01-PrimerTrim/58-SMARTindex_LC_primers.log",
            "avg-qual-score": 10,
            "force": false,
            "no-left": true,
            "no-right": false,
            "notes": "",
            "qual-offset": 33,
            "uncompressed": false,
            "window-size": 10
        }
    },
    "Fragment": {
        "in": 474,
        "out": 474,
        "basepairs_in": 258335,
        "basepairs_out": 257712
    },
    "Single_end": {
        "in": 0,
        "out": 0,
        "basepairs_in": 0,
        "basepairs_out": 0,
        "rightTrim": 0,
        "leftTrim": 0
    },
    "Paired_end": {
        "in": 474,
        "out": 474,
        "Read1": {
            "basepairs_in": 126084,
            "basepairs_out": 125599,
            "leftTrim": 0,
            "rightTrim": 485
        },
        "Read2": {
            "basepairs_in": 132251,
            "basepairs_out": 132113,
            "leftTrim": 0,
            "rightTrim": 138
        }
    }
  }, {
    "Program_details": {
        "program": "hts_Overlapper",
        "version": "1.3.2",
        "options": {
            "append-stats-file": "/nmspipeline//01-Processing/TRIMMER0090_P79/01-PrimerTrim/58-SMARTindex_LC_primers.log",
            "check-lengths": 20,
            "force": false,
            "force-pairs": false,
            "kmer": 8,
            "kmer-offset": 1,
            "max-mismatch": 100,
            "max-mismatch-errorDensity": 0.25,
            "min-overlap": 8,
            "notes": "",
            "number-of-threads": 1,
            "uncompressed": false
        }
    },
    "Fragment": {
        "in": 474,
        "out": 474,
        "basepairs_in": 257712,
        "basepairs_out": 202486,
        "inserts": {
            "short": 24,
            "medium": 410,
            "long": 40
        },
        "overlap_histogram": [ [35,1], [42,1], [85,1], [89,2], [92,1], [93,1], [97,1], [110,2], [122,1], [137,1], [158,1], [165,1], [172,1], [187,1], [197,1], [210,1], [214,1], [223,1], [235,2], [252,1], [265,1], [357,1], [367,1], [372,1], [375,1], [379,1], [394,1], [398,2], [399,2], [401,2], [404,1], [406,1], [407,1], [408,1], [409,9], [410,4], [411,1], [412,1], [413,2], [416,2], [417,3], [418,29], [419,1], [420,3], [421,67], [422,16], [423,6], [424,3], [425,2], [426,1], [429,2], [433,4], [435,5], [436,1], [437,1], [438,3], [439,20], [440,8], [441,27], [442,45], [443,13], [444,102], [445,8], [446,1], [449,1], [450,1], [500,1], [516,1] ]
    },
    "Single_end": {
        "in": 0,
        "out": 434,
        "basepairs_in": 0,
        "basepairs_out": 180795
    },
    "Paired_end": {
        "in": 474,
        "out": 40,
        "Read1": {
            "basepairs_in": 125599,
            "basepairs_out": 10544
        },
        "Read2": {
            "basepairs_in": 132113,
            "basepairs_out": 11147
        }
    }
  }, {
    "Program_details": {
        "program": "hts_LengthFilter",
        "version": "1.3.2",
        "options": {
            "append-stats-file": "/nmspipeline//01-Processing/TRIMMER0090_P79/01-PrimerTrim/58-SMARTindex_LC_primers.log",
            "fastq-output": "/nmspipeline//01-Processing/TRIMMER0090_P79/01-PrimerTrim/58-SMARTindex_LC_primers",
            "force": true,
            "max-length": 0,
            "min-length": 385,
            "no-orphans": false,
            "notes": "",
            "stranded": false,
            "uncompressed": false
        }
    },
    "Fragment": {
        "in": 474,
        "out": 405,
        "basepairs_in": 202486,
        "basepairs_out": 175331
    },
    "Single_end": {
        "in": 434,
        "out": 405,
        "basepairs_in": 180795,
        "basepairs_out": 175331,
        "discarded": 29
    },
    "Paired_end": {
        "in": 40,
        "out": 0,
        "discarded": 40,
        "Read1": {
            "basepairs_in": 10544,
            "basepairs_out": 0,
            "discarded": 0
        },
        "Read2": {
            "basepairs_in": 11147,
            "basepairs_out": 0,
            "discarded": 0
        }
    }
  }
]
