[ {
    "Program_details": {
        "program": "hts_Primers",
        "version": "1.3.2",
        "options": {
            "flip": true,
            "float": 0,
            "force": false,
            "keep": false,
            "min_primer_matches": 2,
            "notes": "",
            "primer_end_mismatches": 0,
            "primer_mismatches": 0,
            "primers_3p": "../hc_primers.fasta",
            "primers_5p": "ATAAGACAGTGGTATCAACGCAGAGTACATGGGG",
            "read1-input": [ "/nmspipeline//01-Processing/TRIMMER0090_P79/00-RawData/TRIMMER_Plate79_S1_L001_R1_001_sub.fastq.gz"],
            "read2-input": [ "/nmspipeline//01-Processing/TRIMMER0090_P79/00-RawData/TRIMMER_Plate79_S1_L001_R2_001_sub.fastq.gz"],
            "stats-file": "/nmspipeline//01-Processing/TRIMMER0090_P79/01-PrimerTrim/58-SMARTindex_HC_primers.log",
            "uncompressed": false
        },
        "primers": [ ["p5primer1","ATAAGACAGTGGTATCAACGCAGAGTACATGGGG"], ["Ga3.10for_mIGH3","GGATAGACAGATGGGGCTGTTGTTGT"], ["Ga12HC.10_REV_CHI","ATAGACAGATGGGGGTGTCGTTTTGG"], ["p5primer1","ATAAGACAGTGGTATCAACGCAGAGTACATGGGG"], ["Ga3.10for_mIGH3","GGATAGACAGATGGGGCTGTTGTTGT"], ["Ga12HC.10_REV_CHI","ATAGACAGATGGGGGTGTCGTTTTGG"] ]
    },
    "Fragment": {
        "in": 100000,
        "out": 292,
        "basepairs_in": 60000000,
        "basepairs_out": 157680,
        "flipped": 139,
        "primers_counts": [ ["p5primer1","Ga12HC.10_REV_CHI",292], ["None","Ga3.10for_mIGH3",573], ["p5primer1","None",605], ["None","Ga12HC.10_REV_CHI",25508], ["None","None",73022] ]
    },
    "Single_end": {
        "in": 0,
        "out": 0,
        "basepairs_in": 0,
        "basepairs_out": 0,
        "primerTrim": 0,
        "primerBpTrim": 0,
        "discarded": 0
    },
    "Paired_end": {
        "in": 100000,
        "out": 292,
        "discarded": 99708,
        "Read1": {
            "basepairs_in": 30000000,
            "basepairs_out": 77672,
            "primerTrim": 292,
            "primerBpTrim": 9928
        },
        "Read2": {
            "basepairs_in": 30000000,
            "basepairs_out": 80008,
            "primerTrim": 292,
            "primerBpTrim": 7592
        }
    }
  }, {
    "Program_details": {
        "program": "hts_NTrimmer",
        "version": "1.3.2",
        "options": {
            "append-stats-file": "/nmspipeline//01-Processing/TRIMMER0090_P79/01-PrimerTrim/58-SMARTindex_HC_primers.log",
            "exclude": true,
            "force": false,
            "notes": "",
            "uncompressed": false
        }
    },
    "Fragment": {
        "in": 292,
        "out": 292,
        "basepairs_in": 157680,
        "basepairs_out": 157680
    },
    "Single_end": {
        "in": 0,
        "out": 0,
        "basepairs_in": 0,
        "basepairs_out": 0,
        "rightTrim": 0,
        "leftTrim": 0,
        "discarded": 0
    },
    "Paired_end": {
        "in": 292,
        "out": 292,
        "discarded": 0,
        "Read1": {
            "basepairs_in": 77672,
            "basepairs_out": 77672,
            "leftTrim": 0,
            "rightTrim": 0
        },
        "Read2": {
            "basepairs_in": 80008,
            "basepairs_out": 80008,
            "leftTrim": 0,
            "rightTrim": 0
        }
    }
  }, {
    "Program_details": {
        "program": "hts_SeqScreener",
        "version": "1.3.2",
        "options": {
            "append-stats-file": "/nmspipeline//01-Processing/TRIMMER0090_P79/01-PrimerTrim/58-SMARTindex_HC_primers.log",
            "check-read-2": true,
            "force": false,
            "inverse": false,
            "kmer": 21,
            "notes": "",
            "percentage-hits": 0.01,
            "record": true,
            "seq": "../aberrant_LC.fasta",
            "uncompressed": false
        },
        "screen_info": {
            "screenBP": 96,
            "lookupKmers": 8
        }
    },
    "Fragment": {
        "in": 292,
        "out": 292,
        "basepairs_in": 157680,
        "basepairs_out": 157680
    },
    "Single_end": {
        "in": 0,
        "out": 0,
        "basepairs_in": 0,
        "basepairs_out": 0,
        "hits": 0
    },
    "Paired_end": {
        "in": 292,
        "out": 292,
        "hits": 0,
        "Read1": {
            "basepairs_in": 77672,
            "basepairs_out": 77672
        },
        "Read2": {
            "basepairs_in": 80008,
            "basepairs_out": 80008
        }
    }
  }, {
    "Program_details": {
        "program": "hts_QWindowTrim",
        "version": "1.3.2",
        "options": {
            "append-stats-file": "/nmspipeline//01-Processing/TRIMMER0090_P79/01-PrimerTrim/58-SMARTindex_HC_primers.log",
            "avg-qual-score": 10,
            "force": false,
            "no-left": true,
            "no-right": false,
            "notes": "",
            "qual-offset": 33,
            "uncompressed": false,
            "window-size": 10
        }
    },
    "Fragment": {
        "in": 292,
        "out": 292,
        "basepairs_in": 157680,
        "basepairs_out": 157269
    },
    "Single_end": {
        "in": 0,
        "out": 0,
        "basepairs_in": 0,
        "basepairs_out": 0,
        "rightTrim": 0,
        "leftTrim": 0
    },
    "Paired_end": {
        "in": 292,
        "out": 292,
        "Read1": {
            "basepairs_in": 77672,
            "basepairs_out": 77351,
            "leftTrim": 0,
            "rightTrim": 321
        },
        "Read2": {
            "basepairs_in": 80008,
            "basepairs_out": 79918,
            "leftTrim": 0,
            "rightTrim": 90
        }
    }
  }, {
    "Program_details": {
        "program": "hts_Overlapper",
        "version": "1.3.2",
        "options": {
            "append-stats-file": "/nmspipeline//01-Processing/TRIMMER0090_P79/01-PrimerTrim/58-SMARTindex_HC_primers.log",
            "check-lengths": 20,
            "force": false,
            "force-pairs": false,
            "kmer": 8,
            "kmer-offset": 1,
            "max-mismatch": 100,
            "max-mismatch-errorDensity": 0.25,
            "min-overlap": 8,
            "notes": "",
            "number-of-threads": 1,
            "uncompressed": false
        }
    },
    "Fragment": {
        "in": 292,
        "out": 292,
        "basepairs_in": 157269,
        "basepairs_out": 130093,
        "inserts": {
            "short": 21,
            "medium": 244,
            "long": 27
        },
        "overlap_histogram": [ [12,1], [29,1], [43,1], [88,1], [96,1], [121,1], [125,1], [158,1], [161,7], [176,1], [199,1], [201,1], [210,1], [226,1], [266,1], [296,1], [311,1], [340,1], [343,1], [354,1], [355,1], [433,1], [435,1], [437,1], [440,1], [442,1], [451,1], [460,2], [461,12], [462,52], [463,2], [464,21], [465,3], [466,123], [467,9], [468,3], [469,2], [470,1], [494,1], [518,1] ]
    },
    "Single_end": {
        "in": 0,
        "out": 265,
        "basepairs_in": 0,
        "basepairs_out": 115600
    },
    "Paired_end": {
        "in": 292,
        "out": 27,
        "Read1": {
            "basepairs_in": 77351,
            "basepairs_out": 7117
        },
        "Read2": {
            "basepairs_in": 79918,
            "basepairs_out": 7376
        }
    }
  }, {
    "Program_details": {
        "program": "hts_LengthFilter",
        "version": "1.3.2",
        "options": {
            "append-stats-file": "/nmspipeline//01-Processing/TRIMMER0090_P79/01-PrimerTrim/58-SMARTindex_HC_primers.log",
            "fastq-output": "/nmspipeline//01-Processing/TRIMMER0090_P79/01-PrimerTrim/58-SMARTindex_HC_primers",
            "force": true,
            "max-length": 0,
            "min-length": 385,
            "no-orphans": false,
            "notes": "",
            "stranded": false,
            "uncompressed": false
        }
    },
    "Fragment": {
        "in": 292,
        "out": 238,
        "basepairs_in": 130093,
        "basepairs_out": 110524
    },
    "Single_end": {
        "in": 265,
        "out": 238,
        "basepairs_in": 115600,
        "basepairs_out": 110524,
        "discarded": 27
    },
    "Paired_end": {
        "in": 27,
        "out": 0,
        "discarded": 27,
        "Read1": {
            "basepairs_in": 7117,
            "basepairs_out": 0,
            "discarded": 0
        },
        "Read2": {
            "basepairs_in": 7376,
            "basepairs_out": 0,
            "discarded": 0
        }
    }
  }
]
