[ {
    "Program_details": {
        "program": "hts_Primers",
        "version": "1.3.2",
        "options": {
            "flip": true,
            "float": 0,
            "force": false,
            "keep": false,
            "min_primer_matches": 2,
            "notes": "",
            "primer_end_mismatches": 0,
            "primer_mismatches": 0,
            "primers_3p": "../lc_primers.fasta",
            "primers_5p": "GGTGAGCAGTGGTATCAACGCAGAGTACATGGGG",
            "read1-input": [ "/nmspipeline//01-Processing/TRIMMER0090_P79/00-RawData/TRIMMER_Plate79_S1_L001_R1_001_sub.fastq.gz"],
            "read2-input": [ "/nmspipeline//01-Processing/TRIMMER0090_P79/00-RawData/TRIMMER_Plate79_S1_L001_R2_001_sub.fastq.gz"],
            "stats-file": "/nmspipeline//01-Processing/TRIMMER0090_P79/01-PrimerTrim/59-SMARTindex_LC_primers.log",
            "uncompressed": false
        },
        "primers": [ ["p5primer1","GGTGAGCAGTGGTATCAACGCAGAGTACATGGGG"], ["KaLC.6_REV_LC","GGATACAGTTGGTGCAGCATC"], ["LaLC.R-mIGL","ATCGTACACACCAGTGTGGC"], ["p5primer1","GGTGAGCAGTGGTATCAACGCAGAGTACATGGGG"], ["KaLC.6_REV_LC","GGATACAGTTGGTGCAGCATC"], ["LaLC.R-mIGL","ATCGTACACACCAGTGTGGC"] ]
    },
    "Fragment": {
        "in": 100000,
        "out": 1874,
        "basepairs_in": 60000000,
        "basepairs_out": 1021347,
        "flipped": 821,
        "primers_counts": [ ["p5primer1","LaLC.R-mIGL",17], ["p5primer1","None",495], ["p5primer1","KaLC.6_REV_LC",1857], ["None","None",39879], ["None","KaLC.6_REV_LC",54923], ["None","LaLC.R-mIGL",2829] ]
    },
    "Single_end": {
        "in": 0,
        "out": 0,
        "basepairs_in": 0,
        "basepairs_out": 0,
        "primerTrim": 0,
        "primerBpTrim": 0,
        "discarded": 0
    },
    "Paired_end": {
        "in": 100000,
        "out": 1874,
        "discarded": 98126,
        "Read1": {
            "basepairs_in": 30000000,
            "basepairs_out": 498484,
            "primerTrim": 1874,
            "primerBpTrim": 63716
        },
        "Read2": {
            "basepairs_in": 30000000,
            "basepairs_out": 522863,
            "primerTrim": 1874,
            "primerBpTrim": 39337
        }
    }
  }, {
    "Program_details": {
        "program": "hts_NTrimmer",
        "version": "1.3.2",
        "options": {
            "append-stats-file": "/nmspipeline//01-Processing/TRIMMER0090_P79/01-PrimerTrim/59-SMARTindex_LC_primers.log",
            "exclude": true,
            "force": false,
            "notes": "",
            "uncompressed": false
        }
    },
    "Fragment": {
        "in": 1874,
        "out": 1873,
        "basepairs_in": 1021347,
        "basepairs_out": 1020802
    },
    "Single_end": {
        "in": 0,
        "out": 0,
        "basepairs_in": 0,
        "basepairs_out": 0,
        "rightTrim": 0,
        "leftTrim": 0,
        "discarded": 0
    },
    "Paired_end": {
        "in": 1874,
        "out": 1873,
        "discarded": 1,
        "Read1": {
            "basepairs_in": 498484,
            "basepairs_out": 498218,
            "leftTrim": 0,
            "rightTrim": 0
        },
        "Read2": {
            "basepairs_in": 522863,
            "basepairs_out": 522584,
            "leftTrim": 0,
            "rightTrim": 0
        }
    }
  }, {
    "Program_details": {
        "program": "hts_SeqScreener",
        "version": "1.3.2",
        "options": {
            "append-stats-file": "/nmspipeline//01-Processing/TRIMMER0090_P79/01-PrimerTrim/59-SMARTindex_LC_primers.log",
            "check-read-2": true,
            "force": false,
            "inverse": false,
            "kmer": 21,
            "notes": "",
            "percentage-hits": 0.01,
            "record": true,
            "seq": "../aberrant_LC.fasta",
            "uncompressed": false
        },
        "screen_info": {
            "screenBP": 96,
            "lookupKmers": 8
        }
    },
    "Fragment": {
        "in": 1873,
        "out": 1873,
        "basepairs_in": 1020802,
        "basepairs_out": 1020802
    },
    "Single_end": {
        "in": 0,
        "out": 0,
        "basepairs_in": 0,
        "basepairs_out": 0,
        "hits": 0
    },
    "Paired_end": {
        "in": 1873,
        "out": 1873,
        "hits": 428,
        "Read1": {
            "basepairs_in": 498218,
            "basepairs_out": 498218
        },
        "Read2": {
            "basepairs_in": 522584,
            "basepairs_out": 522584
        }
    }
  }, {
    "Program_details": {
        "program": "hts_QWindowTrim",
        "version": "1.3.2",
        "options": {
            "append-stats-file": "/nmspipeline//01-Processing/TRIMMER0090_P79/01-PrimerTrim/59-SMARTindex_LC_primers.log",
            "avg-qual-score": 10,
            "force": false,
            "no-left": true,
            "no-right": false,
            "notes": "",
            "qual-offset": 33,
            "uncompressed": false,
            "window-size": 10
        }
    },
    "Fragment": {
        "in": 1873,
        "out": 1873,
        "basepairs_in": 1020802,
        "basepairs_out": 1016594
    },
    "Single_end": {
        "in": 0,
        "out": 0,
        "basepairs_in": 0,
        "basepairs_out": 0,
        "rightTrim": 0,
        "leftTrim": 0
    },
    "Paired_end": {
        "in": 1873,
        "out": 1873,
        "Read1": {
            "basepairs_in": 498218,
            "basepairs_out": 496436,
            "leftTrim": 0,
            "rightTrim": 1782
        },
        "Read2": {
            "basepairs_in": 522584,
            "basepairs_out": 520158,
            "leftTrim": 0,
            "rightTrim": 2426
        }
    }
  }, {
    "Program_details": {
        "program": "hts_Overlapper",
        "version": "1.3.2",
        "options": {
            "append-stats-file": "/nmspipeline//01-Processing/TRIMMER0090_P79/01-PrimerTrim/59-SMARTindex_LC_primers.log",
            "check-lengths": 20,
            "force": false,
            "force-pairs": false,
            "kmer": 8,
            "kmer-offset": 1,
            "max-mismatch": 100,
            "max-mismatch-errorDensity": 0.25,
            "min-overlap": 8,
            "notes": "",
            "number-of-threads": 1,
            "uncompressed": false
        }
    },
    "Fragment": {
        "in": 1873,
        "out": 1873,
        "basepairs_in": 1016594,
        "basepairs_out": 783684,
        "inserts": {
            "short": 93,
            "medium": 1625,
            "long": 155
        },
        "overlap_histogram": [ [25,1], [28,1], [30,1], [47,3], [49,1], [60,2], [73,1], [77,4], [82,1], [87,1], [89,5], [93,4], [95,1], [97,1], [109,1], [112,2], [113,3], [114,1], [119,1], [121,1], [122,1], [124,1], [125,3], [127,5], [131,1], [132,2], [136,1], [138,1], [140,2], [145,1], [150,1], [154,2], [156,1], [158,1], [164,1], [172,1], [176,1], [179,3], [188,2], [189,2], [197,1], [198,1], [204,3], [212,3], [223,1], [230,1], [234,1], [237,1], [250,1], [253,1], [254,1], [258,1], [262,1], [268,1], [269,3], [271,3], [280,2], [282,2], [286,1], [288,1], [289,2], [293,3], [298,4], [303,1], [306,1], [319,6], [324,2], [325,2], [326,1], [327,2], [328,2], [334,1], [346,2], [348,2], [350,1], [352,1], [353,1], [357,2], [361,1], [366,2], [367,1], [369,1], [372,5], [375,2], [379,9], [380,2], [382,3], [387,5], [389,1], [391,1], [393,1], [395,1], [396,2], [397,1], [398,5], [399,25], [400,2], [401,3], [402,6], [403,7], [404,1], [405,2], [406,2], [407,1], [408,39], [409,26], [410,10], [411,3], [412,2], [413,4], [414,1], [416,8], [417,5], [418,123], [419,5], [420,109], [421,45], [422,157], [423,65], [424,30], [425,161], [426,184], [427,106], [428,15], [431,1], [433,1], [434,2], [435,4], [436,5], [437,6], [438,83], [439,14], [440,87], [441,12], [442,6], [443,20], [444,138], [445,9], [446,1], [447,1], [450,1], [486,1], [525,1] ]
    },
    "Single_end": {
        "in": 0,
        "out": 1718,
        "basepairs_in": 0,
        "basepairs_out": 699877
    },
    "Paired_end": {
        "in": 1873,
        "out": 155,
        "Read1": {
            "basepairs_in": 496436,
            "basepairs_out": 40946
        },
        "Read2": {
            "basepairs_in": 520158,
            "basepairs_out": 42861
        }
    }
  }, {
    "Program_details": {
        "program": "hts_LengthFilter",
        "version": "1.3.2",
        "options": {
            "append-stats-file": "/nmspipeline//01-Processing/TRIMMER0090_P79/01-PrimerTrim/59-SMARTindex_LC_primers.log",
            "fastq-output": "/nmspipeline//01-Processing/TRIMMER0090_P79/01-PrimerTrim/59-SMARTindex_LC_primers",
            "force": true,
            "max-length": 0,
            "min-length": 385,
            "no-orphans": false,
            "notes": "",
            "stranded": false,
            "uncompressed": false
        }
    },
    "Fragment": {
        "in": 1873,
        "out": 1557,
        "basepairs_in": 783684,
        "basepairs_out": 663191
    },
    "Single_end": {
        "in": 1718,
        "out": 1557,
        "basepairs_in": 699877,
        "basepairs_out": 663191,
        "discarded": 161
    },
    "Paired_end": {
        "in": 155,
        "out": 0,
        "discarded": 155,
        "Read1": {
            "basepairs_in": 40946,
            "basepairs_out": 0,
            "discarded": 0
        },
        "Read2": {
            "basepairs_in": 42861,
            "basepairs_out": 0,
            "discarded": 0
        }
    }
  }
]
