[ {
    "Program_details": {
        "program": "hts_Primers",
        "version": "1.3.2",
        "options": {
            "flip": true,
            "float": 0,
            "force": false,
            "keep": false,
            "min_primer_matches": 2,
            "notes": "",
            "primer_end_mismatches": 0,
            "primer_mismatches": 0,
            "primers_3p": "../hc_primers.fasta",
            "primers_5p": "GGTGAGCAGTGGTATCAACGCAGAGTACATGGGG",
            "read1-input": [ "/nmspipeline//01-Processing/TRIMMER0090_P79/00-RawData/TRIMMER_Plate79_S1_L001_R1_001_sub.fastq.gz"],
            "read2-input": [ "/nmspipeline//01-Processing/TRIMMER0090_P79/00-RawData/TRIMMER_Plate79_S1_L001_R2_001_sub.fastq.gz"],
            "stats-file": "/nmspipeline//01-Processing/TRIMMER0090_P79/01-PrimerTrim/59-SMARTindex_HC_primers.log",
            "uncompressed": false
        },
        "primers": [ ["p5primer1","GGTGAGCAGTGGTATCAACGCAGAGTACATGGGG"], ["Ga3.10for_mIGH3","GGATAGACAGATGGGGCTGTTGTTGT"], ["Ga12HC.10_REV_CHI","ATAGACAGATGGGGGTGTCGTTTTGG"], ["p5primer1","GGTGAGCAGTGGTATCAACGCAGAGTACATGGGG"], ["Ga3.10for_mIGH3","GGATAGACAGATGGGGCTGTTGTTGT"], ["Ga12HC.10_REV_CHI","ATAGACAGATGGGGGTGTCGTTTTGG"] ]
    },
    "Fragment": {
        "in": 100000,
        "out": 269,
        "basepairs_in": 60000000,
        "basepairs_out": 145260,
        "flipped": 123,
        "primers_counts": [ ["None","Ga3.10for_mIGH3",573], ["p5primer1","Ga12HC.10_REV_CHI",269], ["p5primer1","None",2100], ["None","Ga12HC.10_REV_CHI",25531], ["None","None",71527] ]
    },
    "Single_end": {
        "in": 0,
        "out": 0,
        "basepairs_in": 0,
        "basepairs_out": 0,
        "primerTrim": 0,
        "primerBpTrim": 0,
        "discarded": 0
    },
    "Paired_end": {
        "in": 100000,
        "out": 269,
        "discarded": 99731,
        "Read1": {
            "basepairs_in": 30000000,
            "basepairs_out": 71554,
            "primerTrim": 269,
            "primerBpTrim": 9146
        },
        "Read2": {
            "basepairs_in": 30000000,
            "basepairs_out": 73706,
            "primerTrim": 269,
            "primerBpTrim": 6994
        }
    }
  }, {
    "Program_details": {
        "program": "hts_NTrimmer",
        "version": "1.3.2",
        "options": {
            "append-stats-file": "/nmspipeline//01-Processing/TRIMMER0090_P79/01-PrimerTrim/59-SMARTindex_HC_primers.log",
            "exclude": true,
            "force": false,
            "notes": "",
            "uncompressed": false
        }
    },
    "Fragment": {
        "in": 269,
        "out": 269,
        "basepairs_in": 145260,
        "basepairs_out": 145260
    },
    "Single_end": {
        "in": 0,
        "out": 0,
        "basepairs_in": 0,
        "basepairs_out": 0,
        "rightTrim": 0,
        "leftTrim": 0,
        "discarded": 0
    },
    "Paired_end": {
        "in": 269,
        "out": 269,
        "discarded": 0,
        "Read1": {
            "basepairs_in": 71554,
            "basepairs_out": 71554,
            "leftTrim": 0,
            "rightTrim": 0
        },
        "Read2": {
            "basepairs_in": 73706,
            "basepairs_out": 73706,
            "leftTrim": 0,
            "rightTrim": 0
        }
    }
  }, {
    "Program_details": {
        "program": "hts_SeqScreener",
        "version": "1.3.2",
        "options": {
            "append-stats-file": "/nmspipeline//01-Processing/TRIMMER0090_P79/01-PrimerTrim/59-SMARTindex_HC_primers.log",
            "check-read-2": true,
            "force": false,
            "inverse": false,
            "kmer": 21,
            "notes": "",
            "percentage-hits": 0.01,
            "record": true,
            "seq": "../aberrant_LC.fasta",
            "uncompressed": false
        },
        "screen_info": {
            "screenBP": 96,
            "lookupKmers": 8
        }
    },
    "Fragment": {
        "in": 269,
        "out": 269,
        "basepairs_in": 145260,
        "basepairs_out": 145260
    },
    "Single_end": {
        "in": 0,
        "out": 0,
        "basepairs_in": 0,
        "basepairs_out": 0,
        "hits": 0
    },
    "Paired_end": {
        "in": 269,
        "out": 269,
        "hits": 0,
        "Read1": {
            "basepairs_in": 71554,
            "basepairs_out": 71554
        },
        "Read2": {
            "basepairs_in": 73706,
            "basepairs_out": 73706
        }
    }
  }, {
    "Program_details": {
        "program": "hts_QWindowTrim",
        "version": "1.3.2",
        "options": {
            "append-stats-file": "/nmspipeline//01-Processing/TRIMMER0090_P79/01-PrimerTrim/59-SMARTindex_HC_primers.log",
            "avg-qual-score": 10,
            "force": false,
            "no-left": true,
            "no-right": false,
            "notes": "",
            "qual-offset": 33,
            "uncompressed": false,
            "window-size": 10
        }
    },
    "Fragment": {
        "in": 269,
        "out": 269,
        "basepairs_in": 145260,
        "basepairs_out": 144626
    },
    "Single_end": {
        "in": 0,
        "out": 0,
        "basepairs_in": 0,
        "basepairs_out": 0,
        "rightTrim": 0,
        "leftTrim": 0
    },
    "Paired_end": {
        "in": 269,
        "out": 269,
        "Read1": {
            "basepairs_in": 71554,
            "basepairs_out": 71381,
            "leftTrim": 0,
            "rightTrim": 173
        },
        "Read2": {
            "basepairs_in": 73706,
            "basepairs_out": 73245,
            "leftTrim": 0,
            "rightTrim": 461
        }
    }
  }, {
    "Program_details": {
        "program": "hts_Overlapper",
        "version": "1.3.2",
        "options": {
            "append-stats-file": "/nmspipeline//01-Processing/TRIMMER0090_P79/01-PrimerTrim/59-SMARTindex_HC_primers.log",
            "check-lengths": 20,
            "force": false,
            "force-pairs": false,
            "kmer": 8,
            "kmer-offset": 1,
            "max-mismatch": 100,
            "max-mismatch-errorDensity": 0.25,
            "min-overlap": 8,
            "notes": "",
            "number-of-threads": 1,
            "uncompressed": false
        }
    },
    "Fragment": {
        "in": 269,
        "out": 269,
        "basepairs_in": 144626,
        "basepairs_out": 113805,
        "inserts": {
            "short": 23,
            "medium": 205,
            "long": 41
        },
        "overlap_histogram": [ [23,1], [32,1], [40,1], [60,1], [92,1], [95,1], [156,2], [158,1], [177,1], [186,1], [192,1], [213,1], [254,3], [265,1], [267,3], [273,4], [281,1], [304,1], [323,1], [424,1], [426,1], [427,124], [428,16], [429,34], [430,17], [439,1], [444,1], [461,1], [467,1], [486,1], [497,1], [516,2] ]
    },
    "Single_end": {
        "in": 0,
        "out": 228,
        "basepairs_in": 0,
        "basepairs_out": 91776
    },
    "Paired_end": {
        "in": 269,
        "out": 41,
        "Read1": {
            "basepairs_in": 71381,
            "basepairs_out": 10863
        },
        "Read2": {
            "basepairs_in": 73245,
            "basepairs_out": 11166
        }
    }
  }, {
    "Program_details": {
        "program": "hts_LengthFilter",
        "version": "1.3.2",
        "options": {
            "append-stats-file": "/nmspipeline//01-Processing/TRIMMER0090_P79/01-PrimerTrim/59-SMARTindex_HC_primers.log",
            "fastq-output": "/nmspipeline//01-Processing/TRIMMER0090_P79/01-PrimerTrim/59-SMARTindex_HC_primers",
            "force": true,
            "max-length": 0,
            "min-length": 385,
            "no-orphans": false,
            "notes": "",
            "stranded": false,
            "uncompressed": false
        }
    },
    "Fragment": {
        "in": 269,
        "out": 201,
        "basepairs_in": 113805,
        "basepairs_out": 86368
    },
    "Single_end": {
        "in": 228,
        "out": 201,
        "basepairs_in": 91776,
        "basepairs_out": 86368,
        "discarded": 27
    },
    "Paired_end": {
        "in": 41,
        "out": 0,
        "discarded": 41,
        "Read1": {
            "basepairs_in": 10863,
            "basepairs_out": 0,
            "discarded": 0
        },
        "Read2": {
            "basepairs_in": 11166,
            "basepairs_out": 0,
            "discarded": 0
        }
    }
  }
]
