[ {
    "Program_details": {
        "program": "hts_Primers",
        "version": "1.3.2",
        "options": {
            "flip": true,
            "float": 0,
            "force": false,
            "keep": false,
            "min_primer_matches": 2,
            "notes": "",
            "primer_end_mismatches": 0,
            "primer_mismatches": 0,
            "primers_3p": "../hc_primers.fasta",
            "primers_5p": "TTCCGCCAGTGGTATCAACGCAGAGTACATGGGG",
            "read1-input": [ "/nmspipeline//01-Processing/TRIMMER0090_P79/00-RawData/TRIMMER_Plate79_S1_L001_R1_001_sub.fastq.gz"],
            "read2-input": [ "/nmspipeline//01-Processing/TRIMMER0090_P79/00-RawData/TRIMMER_Plate79_S1_L001_R2_001_sub.fastq.gz"],
            "stats-file": "/nmspipeline//01-Processing/TRIMMER0090_P79/01-PrimerTrim/60-SMARTindex_HC_primers.log",
            "uncompressed": false
        },
        "primers": [ ["p5primer1","TTCCGCCAGTGGTATCAACGCAGAGTACATGGGG"], ["Ga3.10for_mIGH3","GGATAGACAGATGGGGCTGTTGTTGT"], ["Ga12HC.10_REV_CHI","ATAGACAGATGGGGGTGTCGTTTTGG"], ["p5primer1","TTCCGCCAGTGGTATCAACGCAGAGTACATGGGG"], ["Ga3.10for_mIGH3","GGATAGACAGATGGGGCTGTTGTTGT"], ["Ga12HC.10_REV_CHI","ATAGACAGATGGGGGTGTCGTTTTGG"] ]
    },
    "Fragment": {
        "in": 100000,
        "out": 138,
        "basepairs_in": 60000000,
        "basepairs_out": 74520,
        "flipped": 77,
        "primers_counts": [ ["p5primer1","Ga12HC.10_REV_CHI",138], ["None","Ga3.10for_mIGH3",573], ["p5primer1","None",463], ["None","Ga12HC.10_REV_CHI",25662], ["None","None",73164] ]
    },
    "Single_end": {
        "in": 0,
        "out": 0,
        "basepairs_in": 0,
        "basepairs_out": 0,
        "primerTrim": 0,
        "primerBpTrim": 0,
        "discarded": 0
    },
    "Paired_end": {
        "in": 100000,
        "out": 138,
        "discarded": 99862,
        "Read1": {
            "basepairs_in": 30000000,
            "basepairs_out": 36708,
            "primerTrim": 138,
            "primerBpTrim": 4692
        },
        "Read2": {
            "basepairs_in": 30000000,
            "basepairs_out": 37812,
            "primerTrim": 138,
            "primerBpTrim": 3588
        }
    }
  }, {
    "Program_details": {
        "program": "hts_NTrimmer",
        "version": "1.3.2",
        "options": {
            "append-stats-file": "/nmspipeline//01-Processing/TRIMMER0090_P79/01-PrimerTrim/60-SMARTindex_HC_primers.log",
            "exclude": true,
            "force": false,
            "notes": "",
            "uncompressed": false
        }
    },
    "Fragment": {
        "in": 138,
        "out": 138,
        "basepairs_in": 74520,
        "basepairs_out": 74520
    },
    "Single_end": {
        "in": 0,
        "out": 0,
        "basepairs_in": 0,
        "basepairs_out": 0,
        "rightTrim": 0,
        "leftTrim": 0,
        "discarded": 0
    },
    "Paired_end": {
        "in": 138,
        "out": 138,
        "discarded": 0,
        "Read1": {
            "basepairs_in": 36708,
            "basepairs_out": 36708,
            "leftTrim": 0,
            "rightTrim": 0
        },
        "Read2": {
            "basepairs_in": 37812,
            "basepairs_out": 37812,
            "leftTrim": 0,
            "rightTrim": 0
        }
    }
  }, {
    "Program_details": {
        "program": "hts_SeqScreener",
        "version": "1.3.2",
        "options": {
            "append-stats-file": "/nmspipeline//01-Processing/TRIMMER0090_P79/01-PrimerTrim/60-SMARTindex_HC_primers.log",
            "check-read-2": true,
            "force": false,
            "inverse": false,
            "kmer": 21,
            "notes": "",
            "percentage-hits": 0.01,
            "record": true,
            "seq": "../aberrant_LC.fasta",
            "uncompressed": false
        },
        "screen_info": {
            "screenBP": 96,
            "lookupKmers": 8
        }
    },
    "Fragment": {
        "in": 138,
        "out": 138,
        "basepairs_in": 74520,
        "basepairs_out": 74520
    },
    "Single_end": {
        "in": 0,
        "out": 0,
        "basepairs_in": 0,
        "basepairs_out": 0,
        "hits": 0
    },
    "Paired_end": {
        "in": 138,
        "out": 138,
        "hits": 0,
        "Read1": {
            "basepairs_in": 36708,
            "basepairs_out": 36708
        },
        "Read2": {
            "basepairs_in": 37812,
            "basepairs_out": 37812
        }
    }
  }, {
    "Program_details": {
        "program": "hts_QWindowTrim",
        "version": "1.3.2",
        "options": {
            "append-stats-file": "/nmspipeline//01-Processing/TRIMMER0090_P79/01-PrimerTrim/60-SMARTindex_HC_primers.log",
            "avg-qual-score": 10,
            "force": false,
            "no-left": true,
            "no-right": false,
            "notes": "",
            "qual-offset": 33,
            "uncompressed": false,
            "window-size": 10
        }
    },
    "Fragment": {
        "in": 138,
        "out": 138,
        "basepairs_in": 74520,
        "basepairs_out": 74189
    },
    "Single_end": {
        "in": 0,
        "out": 0,
        "basepairs_in": 0,
        "basepairs_out": 0,
        "rightTrim": 0,
        "leftTrim": 0
    },
    "Paired_end": {
        "in": 138,
        "out": 138,
        "Read1": {
            "basepairs_in": 36708,
            "basepairs_out": 36522,
            "leftTrim": 0,
            "rightTrim": 186
        },
        "Read2": {
            "basepairs_in": 37812,
            "basepairs_out": 37667,
            "leftTrim": 0,
            "rightTrim": 145
        }
    }
  }, {
    "Program_details": {
        "program": "hts_Overlapper",
        "version": "1.3.2",
        "options": {
            "append-stats-file": "/nmspipeline//01-Processing/TRIMMER0090_P79/01-PrimerTrim/60-SMARTindex_HC_primers.log",
            "check-lengths": 20,
            "force": false,
            "force-pairs": false,
            "kmer": 8,
            "kmer-offset": 1,
            "max-mismatch": 100,
            "max-mismatch-errorDensity": 0.25,
            "min-overlap": 8,
            "notes": "",
            "number-of-threads": 1,
            "uncompressed": false
        }
    },
    "Fragment": {
        "in": 138,
        "out": 138,
        "basepairs_in": 74189,
        "basepairs_out": 56336,
        "inserts": {
            "short": 15,
            "medium": 109,
            "long": 14
        },
        "overlap_histogram": [ [9,1], [40,2], [53,1], [59,1], [79,1], [97,1], [100,1], [111,1], [112,1], [146,1], [161,1], [183,1], [208,1], [258,1], [281,2], [291,1], [292,1], [310,2], [325,3], [331,1], [340,2], [377,4], [379,1], [397,1], [412,1], [422,5], [439,1], [443,1], [450,1], [452,16], [454,55], [455,2], [456,4], [457,1], [459,1], [463,1], [466,1], [482,1] ]
    },
    "Single_end": {
        "in": 0,
        "out": 124,
        "basepairs_in": 0,
        "basepairs_out": 48808
    },
    "Paired_end": {
        "in": 138,
        "out": 14,
        "Read1": {
            "basepairs_in": 36522,
            "basepairs_out": 3705
        },
        "Read2": {
            "basepairs_in": 37667,
            "basepairs_out": 3823
        }
    }
  }, {
    "Program_details": {
        "program": "hts_LengthFilter",
        "version": "1.3.2",
        "options": {
            "append-stats-file": "/nmspipeline//01-Processing/TRIMMER0090_P79/01-PrimerTrim/60-SMARTindex_HC_primers.log",
            "fastq-output": "/nmspipeline//01-Processing/TRIMMER0090_P79/01-PrimerTrim/60-SMARTindex_HC_primers",
            "force": true,
            "max-length": 0,
            "min-length": 385,
            "no-orphans": false,
            "notes": "",
            "stranded": false,
            "uncompressed": false
        }
    },
    "Fragment": {
        "in": 138,
        "out": 92,
        "basepairs_in": 56336,
        "basepairs_out": 41514
    },
    "Single_end": {
        "in": 124,
        "out": 92,
        "basepairs_in": 48808,
        "basepairs_out": 41514,
        "discarded": 32
    },
    "Paired_end": {
        "in": 14,
        "out": 0,
        "discarded": 14,
        "Read1": {
            "basepairs_in": 3705,
            "basepairs_out": 0,
            "discarded": 0
        },
        "Read2": {
            "basepairs_in": 3823,
            "basepairs_out": 0,
            "discarded": 0
        }
    }
  }
]
