[ {
    "Program_details": {
        "program": "hts_Primers",
        "version": "1.3.2",
        "options": {
            "flip": true,
            "float": 0,
            "force": false,
            "keep": false,
            "min_primer_matches": 2,
            "notes": "",
            "primer_end_mismatches": 0,
            "primer_mismatches": 0,
            "primers_3p": "../lc_primers.fasta",
            "primers_5p": "TTCCGCCAGTGGTATCAACGCAGAGTACATGGGG",
            "read1-input": [ "/nmspipeline//01-Processing/TRIMMER0090_P79/00-RawData/TRIMMER_Plate79_S1_L001_R1_001_sub.fastq.gz"],
            "read2-input": [ "/nmspipeline//01-Processing/TRIMMER0090_P79/00-RawData/TRIMMER_Plate79_S1_L001_R2_001_sub.fastq.gz"],
            "stats-file": "/nmspipeline//01-Processing/TRIMMER0090_P79/01-PrimerTrim/60-SMARTindex_LC_primers.log",
            "uncompressed": false
        },
        "primers": [ ["p5primer1","TTCCGCCAGTGGTATCAACGCAGAGTACATGGGG"], ["KaLC.6_REV_LC","GGATACAGTTGGTGCAGCATC"], ["LaLC.R-mIGL","ATCGTACACACCAGTGTGGC"], ["p5primer1","TTCCGCCAGTGGTATCAACGCAGAGTACATGGGG"], ["KaLC.6_REV_LC","GGATACAGTTGGTGCAGCATC"], ["LaLC.R-mIGL","ATCGTACACACCAGTGTGGC"] ]
    },
    "Fragment": {
        "in": 100000,
        "out": 365,
        "basepairs_in": 60000000,
        "basepairs_out": 198925,
        "flipped": 162,
        "primers_counts": [ ["p5primer1","KaLC.6_REV_LC",365], ["p5primer1","None",236], ["None","None",40138], ["None","KaLC.6_REV_LC",56415], ["None","LaLC.R-mIGL",2846] ]
    },
    "Single_end": {
        "in": 0,
        "out": 0,
        "basepairs_in": 0,
        "basepairs_out": 0,
        "primerTrim": 0,
        "primerBpTrim": 0,
        "discarded": 0
    },
    "Paired_end": {
        "in": 100000,
        "out": 365,
        "discarded": 99635,
        "Read1": {
            "basepairs_in": 30000000,
            "basepairs_out": 97090,
            "primerTrim": 365,
            "primerBpTrim": 12410
        },
        "Read2": {
            "basepairs_in": 30000000,
            "basepairs_out": 101835,
            "primerTrim": 365,
            "primerBpTrim": 7665
        }
    }
  }, {
    "Program_details": {
        "program": "hts_NTrimmer",
        "version": "1.3.2",
        "options": {
            "append-stats-file": "/nmspipeline//01-Processing/TRIMMER0090_P79/01-PrimerTrim/60-SMARTindex_LC_primers.log",
            "exclude": true,
            "force": false,
            "notes": "",
            "uncompressed": false
        }
    },
    "Fragment": {
        "in": 365,
        "out": 365,
        "basepairs_in": 198925,
        "basepairs_out": 198925
    },
    "Single_end": {
        "in": 0,
        "out": 0,
        "basepairs_in": 0,
        "basepairs_out": 0,
        "rightTrim": 0,
        "leftTrim": 0,
        "discarded": 0
    },
    "Paired_end": {
        "in": 365,
        "out": 365,
        "discarded": 0,
        "Read1": {
            "basepairs_in": 97090,
            "basepairs_out": 97090,
            "leftTrim": 0,
            "rightTrim": 0
        },
        "Read2": {
            "basepairs_in": 101835,
            "basepairs_out": 101835,
            "leftTrim": 0,
            "rightTrim": 0
        }
    }
  }, {
    "Program_details": {
        "program": "hts_SeqScreener",
        "version": "1.3.2",
        "options": {
            "append-stats-file": "/nmspipeline//01-Processing/TRIMMER0090_P79/01-PrimerTrim/60-SMARTindex_LC_primers.log",
            "check-read-2": true,
            "force": false,
            "inverse": false,
            "kmer": 21,
            "notes": "",
            "percentage-hits": 0.01,
            "record": true,
            "seq": "../aberrant_LC.fasta",
            "uncompressed": false
        },
        "screen_info": {
            "screenBP": 96,
            "lookupKmers": 8
        }
    },
    "Fragment": {
        "in": 365,
        "out": 365,
        "basepairs_in": 198925,
        "basepairs_out": 198925
    },
    "Single_end": {
        "in": 0,
        "out": 0,
        "basepairs_in": 0,
        "basepairs_out": 0,
        "hits": 0
    },
    "Paired_end": {
        "in": 365,
        "out": 365,
        "hits": 35,
        "Read1": {
            "basepairs_in": 97090,
            "basepairs_out": 97090
        },
        "Read2": {
            "basepairs_in": 101835,
            "basepairs_out": 101835
        }
    }
  }, {
    "Program_details": {
        "program": "hts_QWindowTrim",
        "version": "1.3.2",
        "options": {
            "append-stats-file": "/nmspipeline//01-Processing/TRIMMER0090_P79/01-PrimerTrim/60-SMARTindex_LC_primers.log",
            "avg-qual-score": 10,
            "force": false,
            "no-left": true,
            "no-right": false,
            "notes": "",
            "qual-offset": 33,
            "uncompressed": false,
            "window-size": 10
        }
    },
    "Fragment": {
        "in": 365,
        "out": 365,
        "basepairs_in": 198925,
        "basepairs_out": 198358
    },
    "Single_end": {
        "in": 0,
        "out": 0,
        "basepairs_in": 0,
        "basepairs_out": 0,
        "rightTrim": 0,
        "leftTrim": 0
    },
    "Paired_end": {
        "in": 365,
        "out": 365,
        "Read1": {
            "basepairs_in": 97090,
            "basepairs_out": 96770,
            "leftTrim": 0,
            "rightTrim": 320
        },
        "Read2": {
            "basepairs_in": 101835,
            "basepairs_out": 101588,
            "leftTrim": 0,
            "rightTrim": 247
        }
    }
  }, {
    "Program_details": {
        "program": "hts_Overlapper",
        "version": "1.3.2",
        "options": {
            "append-stats-file": "/nmspipeline//01-Processing/TRIMMER0090_P79/01-PrimerTrim/60-SMARTindex_LC_primers.log",
            "check-lengths": 20,
            "force": false,
            "force-pairs": false,
            "kmer": 8,
            "kmer-offset": 1,
            "max-mismatch": 100,
            "max-mismatch-errorDensity": 0.25,
            "min-overlap": 8,
            "notes": "",
            "number-of-threads": 1,
            "uncompressed": false
        }
    },
    "Fragment": {
        "in": 365,
        "out": 365,
        "basepairs_in": 198358,
        "basepairs_out": 152504,
        "inserts": {
            "short": 30,
            "medium": 311,
            "long": 24
        },
        "overlap_histogram": [ [9,1], [25,1], [47,1], [70,1], [76,1], [77,1], [78,1], [80,1], [92,1], [93,3], [101,1], [123,1], [132,1], [137,1], [139,1], [156,1], [158,1], [176,1], [206,1], [209,1], [223,3], [242,1], [247,1], [252,1], [254,1], [267,1], [326,1], [341,1], [342,1], [346,1], [362,1], [375,1], [387,1], [390,1], [396,4], [398,2], [399,2], [402,1], [406,2], [407,3], [408,14], [409,2], [410,9], [411,1], [413,1], [418,11], [419,1], [420,2], [421,2], [422,4], [423,5], [426,1], [431,1], [437,2], [438,1], [440,18], [441,23], [442,17], [443,4], [444,124], [445,41], [446,2], [466,1], [469,1], [494,1] ]
    },
    "Single_end": {
        "in": 0,
        "out": 341,
        "basepairs_in": 0,
        "basepairs_out": 139469
    },
    "Paired_end": {
        "in": 365,
        "out": 24,
        "Read1": {
            "basepairs_in": 96770,
            "basepairs_out": 6360
        },
        "Read2": {
            "basepairs_in": 101588,
            "basepairs_out": 6675
        }
    }
  }, {
    "Program_details": {
        "program": "hts_LengthFilter",
        "version": "1.3.2",
        "options": {
            "append-stats-file": "/nmspipeline//01-Processing/TRIMMER0090_P79/01-PrimerTrim/60-SMARTindex_LC_primers.log",
            "fastq-output": "/nmspipeline//01-Processing/TRIMMER0090_P79/01-PrimerTrim/60-SMARTindex_LC_primers",
            "force": true,
            "max-length": 0,
            "min-length": 385,
            "no-orphans": false,
            "notes": "",
            "stranded": false,
            "uncompressed": false
        }
    },
    "Fragment": {
        "in": 365,
        "out": 305,
        "basepairs_in": 152504,
        "basepairs_out": 133076
    },
    "Single_end": {
        "in": 341,
        "out": 305,
        "basepairs_in": 139469,
        "basepairs_out": 133076,
        "discarded": 36
    },
    "Paired_end": {
        "in": 24,
        "out": 0,
        "discarded": 24,
        "Read1": {
            "basepairs_in": 6360,
            "basepairs_out": 0,
            "discarded": 0
        },
        "Read2": {
            "basepairs_in": 6675,
            "basepairs_out": 0,
            "discarded": 0
        }
    }
  }
]
