[ {
    "Program_details": {
        "program": "hts_Primers",
        "version": "1.3.2",
        "options": {
            "flip": true,
            "float": 0,
            "force": false,
            "keep": false,
            "min_primer_matches": 2,
            "notes": "",
            "primer_end_mismatches": 0,
            "primer_mismatches": 0,
            "primers_3p": "../hc_primers.fasta",
            "primers_5p": "GAAGTGCAGTGGTATCAACGCAGAGTACATGGGG",
            "read1-input": [ "/nmspipeline//01-Processing/TRIMMER0090_P79/00-RawData/TRIMMER_Plate79_S1_L001_R1_001_sub.fastq.gz"],
            "read2-input": [ "/nmspipeline//01-Processing/TRIMMER0090_P79/00-RawData/TRIMMER_Plate79_S1_L001_R2_001_sub.fastq.gz"],
            "stats-file": "/nmspipeline//01-Processing/TRIMMER0090_P79/01-PrimerTrim/61-SMARTindex_HC_primers.log",
            "uncompressed": false
        },
        "primers": [ ["p5primer1","GAAGTGCAGTGGTATCAACGCAGAGTACATGGGG"], ["Ga3.10for_mIGH3","GGATAGACAGATGGGGCTGTTGTTGT"], ["Ga12HC.10_REV_CHI","ATAGACAGATGGGGGTGTCGTTTTGG"], ["p5primer1","GAAGTGCAGTGGTATCAACGCAGAGTACATGGGG"], ["Ga3.10for_mIGH3","GGATAGACAGATGGGGCTGTTGTTGT"], ["Ga12HC.10_REV_CHI","ATAGACAGATGGGGGTGTCGTTTTGG"] ]
    },
    "Fragment": {
        "in": 100000,
        "out": 60,
        "basepairs_in": 60000000,
        "basepairs_out": 32400,
        "flipped": 28,
        "primers_counts": [ ["p5primer1","Ga12HC.10_REV_CHI",60], ["p5primer1","None",615], ["None","Ga3.10for_mIGH3",573], ["None","Ga12HC.10_REV_CHI",25740], ["None","None",73012] ]
    },
    "Single_end": {
        "in": 0,
        "out": 0,
        "basepairs_in": 0,
        "basepairs_out": 0,
        "primerTrim": 0,
        "primerBpTrim": 0,
        "discarded": 0
    },
    "Paired_end": {
        "in": 100000,
        "out": 60,
        "discarded": 99940,
        "Read1": {
            "basepairs_in": 30000000,
            "basepairs_out": 15960,
            "primerTrim": 60,
            "primerBpTrim": 2040
        },
        "Read2": {
            "basepairs_in": 30000000,
            "basepairs_out": 16440,
            "primerTrim": 60,
            "primerBpTrim": 1560
        }
    }
  }, {
    "Program_details": {
        "program": "hts_NTrimmer",
        "version": "1.3.2",
        "options": {
            "append-stats-file": "/nmspipeline//01-Processing/TRIMMER0090_P79/01-PrimerTrim/61-SMARTindex_HC_primers.log",
            "exclude": true,
            "force": false,
            "notes": "",
            "uncompressed": false
        }
    },
    "Fragment": {
        "in": 60,
        "out": 60,
        "basepairs_in": 32400,
        "basepairs_out": 32400
    },
    "Single_end": {
        "in": 0,
        "out": 0,
        "basepairs_in": 0,
        "basepairs_out": 0,
        "rightTrim": 0,
        "leftTrim": 0,
        "discarded": 0
    },
    "Paired_end": {
        "in": 60,
        "out": 60,
        "discarded": 0,
        "Read1": {
            "basepairs_in": 15960,
            "basepairs_out": 15960,
            "leftTrim": 0,
            "rightTrim": 0
        },
        "Read2": {
            "basepairs_in": 16440,
            "basepairs_out": 16440,
            "leftTrim": 0,
            "rightTrim": 0
        }
    }
  }, {
    "Program_details": {
        "program": "hts_SeqScreener",
        "version": "1.3.2",
        "options": {
            "append-stats-file": "/nmspipeline//01-Processing/TRIMMER0090_P79/01-PrimerTrim/61-SMARTindex_HC_primers.log",
            "check-read-2": true,
            "force": false,
            "inverse": false,
            "kmer": 21,
            "notes": "",
            "percentage-hits": 0.01,
            "record": true,
            "seq": "../aberrant_LC.fasta",
            "uncompressed": false
        },
        "screen_info": {
            "screenBP": 96,
            "lookupKmers": 8
        }
    },
    "Fragment": {
        "in": 60,
        "out": 60,
        "basepairs_in": 32400,
        "basepairs_out": 32400
    },
    "Single_end": {
        "in": 0,
        "out": 0,
        "basepairs_in": 0,
        "basepairs_out": 0,
        "hits": 0
    },
    "Paired_end": {
        "in": 60,
        "out": 60,
        "hits": 0,
        "Read1": {
            "basepairs_in": 15960,
            "basepairs_out": 15960
        },
        "Read2": {
            "basepairs_in": 16440,
            "basepairs_out": 16440
        }
    }
  }, {
    "Program_details": {
        "program": "hts_QWindowTrim",
        "version": "1.3.2",
        "options": {
            "append-stats-file": "/nmspipeline//01-Processing/TRIMMER0090_P79/01-PrimerTrim/61-SMARTindex_HC_primers.log",
            "avg-qual-score": 10,
            "force": false,
            "no-left": true,
            "no-right": false,
            "notes": "",
            "qual-offset": 33,
            "uncompressed": false,
            "window-size": 10
        }
    },
    "Fragment": {
        "in": 60,
        "out": 60,
        "basepairs_in": 32400,
        "basepairs_out": 32199
    },
    "Single_end": {
        "in": 0,
        "out": 0,
        "basepairs_in": 0,
        "basepairs_out": 0,
        "rightTrim": 0,
        "leftTrim": 0
    },
    "Paired_end": {
        "in": 60,
        "out": 60,
        "Read1": {
            "basepairs_in": 15960,
            "basepairs_out": 15868,
            "leftTrim": 0,
            "rightTrim": 92
        },
        "Read2": {
            "basepairs_in": 16440,
            "basepairs_out": 16331,
            "leftTrim": 0,
            "rightTrim": 109
        }
    }
  }, {
    "Program_details": {
        "program": "hts_Overlapper",
        "version": "1.3.2",
        "options": {
            "append-stats-file": "/nmspipeline//01-Processing/TRIMMER0090_P79/01-PrimerTrim/61-SMARTindex_HC_primers.log",
            "check-lengths": 20,
            "force": false,
            "force-pairs": false,
            "kmer": 8,
            "kmer-offset": 1,
            "max-mismatch": 100,
            "max-mismatch-errorDensity": 0.25,
            "min-overlap": 8,
            "notes": "",
            "number-of-threads": 1,
            "uncompressed": false
        }
    },
    "Fragment": {
        "in": 60,
        "out": 60,
        "basepairs_in": 32199,
        "basepairs_out": 24158,
        "inserts": {
            "short": 14,
            "medium": 39,
            "long": 7
        },
        "overlap_histogram": [ [24,1], [28,1], [33,1], [45,1], [68,1], [77,1], [78,2], [125,2], [148,1], [191,1], [232,1], [269,1], [317,1], [339,1], [469,1], [471,1], [492,1], [493,5], [494,20], [495,4], [496,3], [497,1], [498,1] ]
    },
    "Single_end": {
        "in": 0,
        "out": 53,
        "basepairs_in": 0,
        "basepairs_out": 20417
    },
    "Paired_end": {
        "in": 60,
        "out": 7,
        "Read1": {
            "basepairs_in": 15868,
            "basepairs_out": 1825
        },
        "Read2": {
            "basepairs_in": 16331,
            "basepairs_out": 1916
        }
    }
  }, {
    "Program_details": {
        "program": "hts_LengthFilter",
        "version": "1.3.2",
        "options": {
            "append-stats-file": "/nmspipeline//01-Processing/TRIMMER0090_P79/01-PrimerTrim/61-SMARTindex_HC_primers.log",
            "fastq-output": "/nmspipeline//01-Processing/TRIMMER0090_P79/01-PrimerTrim/61-SMARTindex_HC_primers",
            "force": true,
            "max-length": 0,
            "min-length": 385,
            "no-orphans": false,
            "notes": "",
            "stranded": false,
            "uncompressed": false
        }
    },
    "Fragment": {
        "in": 60,
        "out": 37,
        "basepairs_in": 24158,
        "basepairs_out": 18240
    },
    "Single_end": {
        "in": 53,
        "out": 37,
        "basepairs_in": 20417,
        "basepairs_out": 18240,
        "discarded": 16
    },
    "Paired_end": {
        "in": 7,
        "out": 0,
        "discarded": 7,
        "Read1": {
            "basepairs_in": 1825,
            "basepairs_out": 0,
            "discarded": 0
        },
        "Read2": {
            "basepairs_in": 1916,
            "basepairs_out": 0,
            "discarded": 0
        }
    }
  }
]
