[ {
    "Program_details": {
        "program": "hts_Primers",
        "version": "1.3.2",
        "options": {
            "flip": true,
            "float": 0,
            "force": false,
            "keep": false,
            "min_primer_matches": 2,
            "notes": "",
            "primer_end_mismatches": 0,
            "primer_mismatches": 0,
            "primers_3p": "../lc_primers.fasta",
            "primers_5p": "GAAGTGCAGTGGTATCAACGCAGAGTACATGGGG",
            "read1-input": [ "/nmspipeline//01-Processing/TRIMMER0090_P79/00-RawData/TRIMMER_Plate79_S1_L001_R1_001_sub.fastq.gz"],
            "read2-input": [ "/nmspipeline//01-Processing/TRIMMER0090_P79/00-RawData/TRIMMER_Plate79_S1_L001_R2_001_sub.fastq.gz"],
            "stats-file": "/nmspipeline//01-Processing/TRIMMER0090_P79/01-PrimerTrim/61-SMARTindex_LC_primers.log",
            "uncompressed": false
        },
        "primers": [ ["p5primer1","GAAGTGCAGTGGTATCAACGCAGAGTACATGGGG"], ["KaLC.6_REV_LC","GGATACAGTTGGTGCAGCATC"], ["LaLC.R-mIGL","ATCGTACACACCAGTGTGGC"], ["p5primer1","GAAGTGCAGTGGTATCAACGCAGAGTACATGGGG"], ["KaLC.6_REV_LC","GGATACAGTTGGTGCAGCATC"], ["LaLC.R-mIGL","ATCGTACACACCAGTGTGGC"] ]
    },
    "Fragment": {
        "in": 100000,
        "out": 534,
        "basepairs_in": 60000000,
        "basepairs_out": 291036,
        "flipped": 248,
        "primers_counts": [ ["p5primer1","LaLC.R-mIGL",6], ["p5primer1","None",141], ["p5primer1","KaLC.6_REV_LC",528], ["None","None",40233], ["None","KaLC.6_REV_LC",56252], ["None","LaLC.R-mIGL",2840] ]
    },
    "Single_end": {
        "in": 0,
        "out": 0,
        "basepairs_in": 0,
        "basepairs_out": 0,
        "primerTrim": 0,
        "primerBpTrim": 0,
        "discarded": 0
    },
    "Paired_end": {
        "in": 100000,
        "out": 534,
        "discarded": 99466,
        "Read1": {
            "basepairs_in": 30000000,
            "basepairs_out": 142044,
            "primerTrim": 534,
            "primerBpTrim": 18156
        },
        "Read2": {
            "basepairs_in": 30000000,
            "basepairs_out": 148992,
            "primerTrim": 534,
            "primerBpTrim": 11208
        }
    }
  }, {
    "Program_details": {
        "program": "hts_NTrimmer",
        "version": "1.3.2",
        "options": {
            "append-stats-file": "/nmspipeline//01-Processing/TRIMMER0090_P79/01-PrimerTrim/61-SMARTindex_LC_primers.log",
            "exclude": true,
            "force": false,
            "notes": "",
            "uncompressed": false
        }
    },
    "Fragment": {
        "in": 534,
        "out": 533,
        "basepairs_in": 291036,
        "basepairs_out": 290491
    },
    "Single_end": {
        "in": 0,
        "out": 0,
        "basepairs_in": 0,
        "basepairs_out": 0,
        "rightTrim": 0,
        "leftTrim": 0,
        "discarded": 0
    },
    "Paired_end": {
        "in": 534,
        "out": 533,
        "discarded": 1,
        "Read1": {
            "basepairs_in": 142044,
            "basepairs_out": 141778,
            "leftTrim": 0,
            "rightTrim": 0
        },
        "Read2": {
            "basepairs_in": 148992,
            "basepairs_out": 148713,
            "leftTrim": 0,
            "rightTrim": 0
        }
    }
  }, {
    "Program_details": {
        "program": "hts_SeqScreener",
        "version": "1.3.2",
        "options": {
            "append-stats-file": "/nmspipeline//01-Processing/TRIMMER0090_P79/01-PrimerTrim/61-SMARTindex_LC_primers.log",
            "check-read-2": true,
            "force": false,
            "inverse": false,
            "kmer": 21,
            "notes": "",
            "percentage-hits": 0.01,
            "record": true,
            "seq": "../aberrant_LC.fasta",
            "uncompressed": false
        },
        "screen_info": {
            "screenBP": 96,
            "lookupKmers": 8
        }
    },
    "Fragment": {
        "in": 533,
        "out": 533,
        "basepairs_in": 290491,
        "basepairs_out": 290491
    },
    "Single_end": {
        "in": 0,
        "out": 0,
        "basepairs_in": 0,
        "basepairs_out": 0,
        "hits": 0
    },
    "Paired_end": {
        "in": 533,
        "out": 533,
        "hits": 118,
        "Read1": {
            "basepairs_in": 141778,
            "basepairs_out": 141778
        },
        "Read2": {
            "basepairs_in": 148713,
            "basepairs_out": 148713
        }
    }
  }, {
    "Program_details": {
        "program": "hts_QWindowTrim",
        "version": "1.3.2",
        "options": {
            "append-stats-file": "/nmspipeline//01-Processing/TRIMMER0090_P79/01-PrimerTrim/61-SMARTindex_LC_primers.log",
            "avg-qual-score": 10,
            "force": false,
            "no-left": true,
            "no-right": false,
            "notes": "",
            "qual-offset": 33,
            "uncompressed": false,
            "window-size": 10
        }
    },
    "Fragment": {
        "in": 533,
        "out": 533,
        "basepairs_in": 290491,
        "basepairs_out": 289507
    },
    "Single_end": {
        "in": 0,
        "out": 0,
        "basepairs_in": 0,
        "basepairs_out": 0,
        "rightTrim": 0,
        "leftTrim": 0
    },
    "Paired_end": {
        "in": 533,
        "out": 533,
        "Read1": {
            "basepairs_in": 141778,
            "basepairs_out": 141343,
            "leftTrim": 0,
            "rightTrim": 435
        },
        "Read2": {
            "basepairs_in": 148713,
            "basepairs_out": 148164,
            "leftTrim": 0,
            "rightTrim": 549
        }
    }
  }, {
    "Program_details": {
        "program": "hts_Overlapper",
        "version": "1.3.2",
        "options": {
            "append-stats-file": "/nmspipeline//01-Processing/TRIMMER0090_P79/01-PrimerTrim/61-SMARTindex_LC_primers.log",
            "check-lengths": 20,
            "force": false,
            "force-pairs": false,
            "kmer": 8,
            "kmer-offset": 1,
            "max-mismatch": 100,
            "max-mismatch-errorDensity": 0.25,
            "min-overlap": 8,
            "notes": "",
            "number-of-threads": 1,
            "uncompressed": false
        }
    },
    "Fragment": {
        "in": 533,
        "out": 533,
        "basepairs_in": 289507,
        "basepairs_out": 226729,
        "inserts": {
            "short": 32,
            "medium": 465,
            "long": 36
        },
        "overlap_histogram": [ [24,1], [27,1], [32,1], [77,1], [83,1], [89,2], [90,3], [91,1], [97,1], [112,1], [113,1], [118,1], [123,1], [126,1], [133,1], [137,1], [140,1], [145,2], [156,1], [158,2], [162,1], [172,1], [192,1], [203,1], [213,1], [223,1], [246,1], [296,1], [298,1], [350,1], [361,1], [369,1], [382,1], [397,1], [398,3], [399,8], [400,1], [402,1], [409,1], [413,1], [416,1], [417,2], [418,44], [420,2], [421,10], [422,13], [423,8], [424,1], [426,1], [432,1], [434,2], [436,1], [437,2], [438,3], [439,1], [440,18], [441,34], [442,25], [443,10], [444,198], [445,53], [446,3], [451,1], [453,1], [465,1], [469,2], [472,2], [473,1], [527,1], [530,1] ]
    },
    "Single_end": {
        "in": 0,
        "out": 497,
        "basepairs_in": 0,
        "basepairs_out": 207302
    },
    "Paired_end": {
        "in": 533,
        "out": 36,
        "Read1": {
            "basepairs_in": 141343,
            "basepairs_out": 9459
        },
        "Read2": {
            "basepairs_in": 148164,
            "basepairs_out": 9968
        }
    }
  }, {
    "Program_details": {
        "program": "hts_LengthFilter",
        "version": "1.3.2",
        "options": {
            "append-stats-file": "/nmspipeline//01-Processing/TRIMMER0090_P79/01-PrimerTrim/61-SMARTindex_LC_primers.log",
            "fastq-output": "/nmspipeline//01-Processing/TRIMMER0090_P79/01-PrimerTrim/61-SMARTindex_LC_primers",
            "force": true,
            "max-length": 0,
            "min-length": 385,
            "no-orphans": false,
            "notes": "",
            "stranded": false,
            "uncompressed": false
        }
    },
    "Fragment": {
        "in": 533,
        "out": 459,
        "basepairs_in": 226729,
        "basepairs_out": 201192
    },
    "Single_end": {
        "in": 497,
        "out": 459,
        "basepairs_in": 207302,
        "basepairs_out": 201192,
        "discarded": 38
    },
    "Paired_end": {
        "in": 36,
        "out": 0,
        "discarded": 36,
        "Read1": {
            "basepairs_in": 9459,
            "basepairs_out": 0,
            "discarded": 0
        },
        "Read2": {
            "basepairs_in": 9968,
            "basepairs_out": 0,
            "discarded": 0
        }
    }
  }
]
