[ {
    "Program_details": {
        "program": "hts_Primers",
        "version": "1.3.2",
        "options": {
            "flip": true,
            "float": 0,
            "force": false,
            "keep": false,
            "min_primer_matches": 2,
            "notes": "",
            "primer_end_mismatches": 0,
            "primer_mismatches": 0,
            "primers_3p": "../lc_primers.fasta",
            "primers_5p": "CAATGCCAGTGGTATCAACGCAGAGTACATGGGG",
            "read1-input": [ "/nmspipeline//01-Processing/TRIMMER0090_P79/00-RawData/TRIMMER_Plate79_S1_L001_R1_001_sub.fastq.gz"],
            "read2-input": [ "/nmspipeline//01-Processing/TRIMMER0090_P79/00-RawData/TRIMMER_Plate79_S1_L001_R2_001_sub.fastq.gz"],
            "stats-file": "/nmspipeline//01-Processing/TRIMMER0090_P79/01-PrimerTrim/62-SMARTindex_LC_primers.log",
            "uncompressed": false
        },
        "primers": [ ["p5primer1","CAATGCCAGTGGTATCAACGCAGAGTACATGGGG"], ["KaLC.6_REV_LC","GGATACAGTTGGTGCAGCATC"], ["LaLC.R-mIGL","ATCGTACACACCAGTGTGGC"], ["p5primer1","CAATGCCAGTGGTATCAACGCAGAGTACATGGGG"], ["KaLC.6_REV_LC","GGATACAGTTGGTGCAGCATC"], ["LaLC.R-mIGL","ATCGTACACACCAGTGTGGC"] ]
    },
    "Fragment": {
        "in": 100000,
        "out": 9,
        "basepairs_in": 60000000,
        "basepairs_out": 4906,
        "flipped": 4,
        "primers_counts": [ ["p5primer1","LaLC.R-mIGL",1], ["p5primer1","None",12], ["p5primer1","KaLC.6_REV_LC",8], ["None","None",40362], ["None","KaLC.6_REV_LC",56772], ["None","LaLC.R-mIGL",2845] ]
    },
    "Single_end": {
        "in": 0,
        "out": 0,
        "basepairs_in": 0,
        "basepairs_out": 0,
        "primerTrim": 0,
        "primerBpTrim": 0,
        "discarded": 0
    },
    "Paired_end": {
        "in": 100000,
        "out": 9,
        "discarded": 99991,
        "Read1": {
            "basepairs_in": 30000000,
            "basepairs_out": 2394,
            "primerTrim": 9,
            "primerBpTrim": 306
        },
        "Read2": {
            "basepairs_in": 30000000,
            "basepairs_out": 2512,
            "primerTrim": 9,
            "primerBpTrim": 188
        }
    }
  }, {
    "Program_details": {
        "program": "hts_NTrimmer",
        "version": "1.3.2",
        "options": {
            "append-stats-file": "/nmspipeline//01-Processing/TRIMMER0090_P79/01-PrimerTrim/62-SMARTindex_LC_primers.log",
            "exclude": true,
            "force": false,
            "notes": "",
            "uncompressed": false
        }
    },
    "Fragment": {
        "in": 9,
        "out": 9,
        "basepairs_in": 4906,
        "basepairs_out": 4906
    },
    "Single_end": {
        "in": 0,
        "out": 0,
        "basepairs_in": 0,
        "basepairs_out": 0,
        "rightTrim": 0,
        "leftTrim": 0,
        "discarded": 0
    },
    "Paired_end": {
        "in": 9,
        "out": 9,
        "discarded": 0,
        "Read1": {
            "basepairs_in": 2394,
            "basepairs_out": 2394,
            "leftTrim": 0,
            "rightTrim": 0
        },
        "Read2": {
            "basepairs_in": 2512,
            "basepairs_out": 2512,
            "leftTrim": 0,
            "rightTrim": 0
        }
    }
  }, {
    "Program_details": {
        "program": "hts_SeqScreener",
        "version": "1.3.2",
        "options": {
            "append-stats-file": "/nmspipeline//01-Processing/TRIMMER0090_P79/01-PrimerTrim/62-SMARTindex_LC_primers.log",
            "check-read-2": true,
            "force": false,
            "inverse": false,
            "kmer": 21,
            "notes": "",
            "percentage-hits": 0.01,
            "record": true,
            "seq": "../aberrant_LC.fasta",
            "uncompressed": false
        },
        "screen_info": {
            "screenBP": 96,
            "lookupKmers": 8
        }
    },
    "Fragment": {
        "in": 9,
        "out": 9,
        "basepairs_in": 4906,
        "basepairs_out": 4906
    },
    "Single_end": {
        "in": 0,
        "out": 0,
        "basepairs_in": 0,
        "basepairs_out": 0,
        "hits": 0
    },
    "Paired_end": {
        "in": 9,
        "out": 9,
        "hits": 7,
        "Read1": {
            "basepairs_in": 2394,
            "basepairs_out": 2394
        },
        "Read2": {
            "basepairs_in": 2512,
            "basepairs_out": 2512
        }
    }
  }, {
    "Program_details": {
        "program": "hts_QWindowTrim",
        "version": "1.3.2",
        "options": {
            "append-stats-file": "/nmspipeline//01-Processing/TRIMMER0090_P79/01-PrimerTrim/62-SMARTindex_LC_primers.log",
            "avg-qual-score": 10,
            "force": false,
            "no-left": true,
            "no-right": false,
            "notes": "",
            "qual-offset": 33,
            "uncompressed": false,
            "window-size": 10
        }
    },
    "Fragment": {
        "in": 9,
        "out": 9,
        "basepairs_in": 4906,
        "basepairs_out": 4890
    },
    "Single_end": {
        "in": 0,
        "out": 0,
        "basepairs_in": 0,
        "basepairs_out": 0,
        "rightTrim": 0,
        "leftTrim": 0
    },
    "Paired_end": {
        "in": 9,
        "out": 9,
        "Read1": {
            "basepairs_in": 2394,
            "basepairs_out": 2380,
            "leftTrim": 0,
            "rightTrim": 14
        },
        "Read2": {
            "basepairs_in": 2512,
            "basepairs_out": 2510,
            "leftTrim": 0,
            "rightTrim": 2
        }
    }
  }, {
    "Program_details": {
        "program": "hts_Overlapper",
        "version": "1.3.2",
        "options": {
            "append-stats-file": "/nmspipeline//01-Processing/TRIMMER0090_P79/01-PrimerTrim/62-SMARTindex_LC_primers.log",
            "check-lengths": 20,
            "force": false,
            "force-pairs": false,
            "kmer": 8,
            "kmer-offset": 1,
            "max-mismatch": 100,
            "max-mismatch-errorDensity": 0.25,
            "min-overlap": 8,
            "notes": "",
            "number-of-threads": 1,
            "uncompressed": false
        }
    },
    "Fragment": {
        "in": 9,
        "out": 9,
        "basepairs_in": 4890,
        "basepairs_out": 3259,
        "inserts": {
            "short": 2,
            "medium": 7,
            "long": 0
        },
        "overlap_histogram": [ [161,1], [185,1], [399,1], [406,1], [418,1], [422,2], [423,2] ]
    },
    "Single_end": {
        "in": 0,
        "out": 9,
        "basepairs_in": 0,
        "basepairs_out": 3259
    },
    "Paired_end": {
        "in": 9,
        "out": 0,
        "Read1": {
            "basepairs_in": 2380,
            "basepairs_out": 0
        },
        "Read2": {
            "basepairs_in": 2510,
            "basepairs_out": 0
        }
    }
  }, {
    "Program_details": {
        "program": "hts_LengthFilter",
        "version": "1.3.2",
        "options": {
            "append-stats-file": "/nmspipeline//01-Processing/TRIMMER0090_P79/01-PrimerTrim/62-SMARTindex_LC_primers.log",
            "fastq-output": "/nmspipeline//01-Processing/TRIMMER0090_P79/01-PrimerTrim/62-SMARTindex_LC_primers",
            "force": true,
            "max-length": 0,
            "min-length": 385,
            "no-orphans": false,
            "notes": "",
            "stranded": false,
            "uncompressed": false
        }
    },
    "Fragment": {
        "in": 9,
        "out": 7,
        "basepairs_in": 3259,
        "basepairs_out": 2913
    },
    "Single_end": {
        "in": 9,
        "out": 7,
        "basepairs_in": 3259,
        "basepairs_out": 2913,
        "discarded": 2
    },
    "Paired_end": {
        "in": 0,
        "out": 0,
        "discarded": 0,
        "Read1": {
            "basepairs_in": 0,
            "basepairs_out": 0,
            "discarded": 0
        },
        "Read2": {
            "basepairs_in": 0,
            "basepairs_out": 0,
            "discarded": 0
        }
    }
  }
]
