[ {
    "Program_details": {
        "program": "hts_Primers",
        "version": "1.3.2",
        "options": {
            "flip": true,
            "float": 0,
            "force": false,
            "keep": false,
            "min_primer_matches": 2,
            "notes": "",
            "primer_end_mismatches": 0,
            "primer_mismatches": 0,
            "primers_3p": "../hc_primers.fasta",
            "primers_5p": "ACGTCTCAGTGGTATCAACGCAGAGTACATGGGG",
            "read1-input": [ "/nmspipeline//01-Processing/TRIMMER0090_P79/00-RawData/TRIMMER_Plate79_S1_L001_R1_001_sub.fastq.gz"],
            "read2-input": [ "/nmspipeline//01-Processing/TRIMMER0090_P79/00-RawData/TRIMMER_Plate79_S1_L001_R2_001_sub.fastq.gz"],
            "stats-file": "/nmspipeline//01-Processing/TRIMMER0090_P79/01-PrimerTrim/63-SMARTindex_HC_primers.log",
            "uncompressed": false
        },
        "primers": [ ["p5primer1","ACGTCTCAGTGGTATCAACGCAGAGTACATGGGG"], ["Ga3.10for_mIGH3","GGATAGACAGATGGGGCTGTTGTTGT"], ["Ga12HC.10_REV_CHI","ATAGACAGATGGGGGTGTCGTTTTGG"], ["p5primer1","ACGTCTCAGTGGTATCAACGCAGAGTACATGGGG"], ["Ga3.10for_mIGH3","GGATAGACAGATGGGGCTGTTGTTGT"], ["Ga12HC.10_REV_CHI","ATAGACAGATGGGGGTGTCGTTTTGG"] ]
    },
    "Fragment": {
        "in": 100000,
        "out": 12,
        "basepairs_in": 60000000,
        "basepairs_out": 6480,
        "flipped": 8,
        "primers_counts": [ ["p5primer1","Ga12HC.10_REV_CHI",12], ["p5primer1","None",69], ["None","Ga3.10for_mIGH3",573], ["None","Ga12HC.10_REV_CHI",25788], ["None","None",73558] ]
    },
    "Single_end": {
        "in": 0,
        "out": 0,
        "basepairs_in": 0,
        "basepairs_out": 0,
        "primerTrim": 0,
        "primerBpTrim": 0,
        "discarded": 0
    },
    "Paired_end": {
        "in": 100000,
        "out": 12,
        "discarded": 99988,
        "Read1": {
            "basepairs_in": 30000000,
            "basepairs_out": 3192,
            "primerTrim": 12,
            "primerBpTrim": 408
        },
        "Read2": {
            "basepairs_in": 30000000,
            "basepairs_out": 3288,
            "primerTrim": 12,
            "primerBpTrim": 312
        }
    }
  }, {
    "Program_details": {
        "program": "hts_NTrimmer",
        "version": "1.3.2",
        "options": {
            "append-stats-file": "/nmspipeline//01-Processing/TRIMMER0090_P79/01-PrimerTrim/63-SMARTindex_HC_primers.log",
            "exclude": true,
            "force": false,
            "notes": "",
            "uncompressed": false
        }
    },
    "Fragment": {
        "in": 12,
        "out": 12,
        "basepairs_in": 6480,
        "basepairs_out": 6480
    },
    "Single_end": {
        "in": 0,
        "out": 0,
        "basepairs_in": 0,
        "basepairs_out": 0,
        "rightTrim": 0,
        "leftTrim": 0,
        "discarded": 0
    },
    "Paired_end": {
        "in": 12,
        "out": 12,
        "discarded": 0,
        "Read1": {
            "basepairs_in": 3192,
            "basepairs_out": 3192,
            "leftTrim": 0,
            "rightTrim": 0
        },
        "Read2": {
            "basepairs_in": 3288,
            "basepairs_out": 3288,
            "leftTrim": 0,
            "rightTrim": 0
        }
    }
  }, {
    "Program_details": {
        "program": "hts_SeqScreener",
        "version": "1.3.2",
        "options": {
            "append-stats-file": "/nmspipeline//01-Processing/TRIMMER0090_P79/01-PrimerTrim/63-SMARTindex_HC_primers.log",
            "check-read-2": true,
            "force": false,
            "inverse": false,
            "kmer": 21,
            "notes": "",
            "percentage-hits": 0.01,
            "record": true,
            "seq": "../aberrant_LC.fasta",
            "uncompressed": false
        },
        "screen_info": {
            "screenBP": 96,
            "lookupKmers": 8
        }
    },
    "Fragment": {
        "in": 12,
        "out": 12,
        "basepairs_in": 6480,
        "basepairs_out": 6480
    },
    "Single_end": {
        "in": 0,
        "out": 0,
        "basepairs_in": 0,
        "basepairs_out": 0,
        "hits": 0
    },
    "Paired_end": {
        "in": 12,
        "out": 12,
        "hits": 0,
        "Read1": {
            "basepairs_in": 3192,
            "basepairs_out": 3192
        },
        "Read2": {
            "basepairs_in": 3288,
            "basepairs_out": 3288
        }
    }
  }, {
    "Program_details": {
        "program": "hts_QWindowTrim",
        "version": "1.3.2",
        "options": {
            "append-stats-file": "/nmspipeline//01-Processing/TRIMMER0090_P79/01-PrimerTrim/63-SMARTindex_HC_primers.log",
            "avg-qual-score": 10,
            "force": false,
            "no-left": true,
            "no-right": false,
            "notes": "",
            "qual-offset": 33,
            "uncompressed": false,
            "window-size": 10
        }
    },
    "Fragment": {
        "in": 12,
        "out": 12,
        "basepairs_in": 6480,
        "basepairs_out": 6409
    },
    "Single_end": {
        "in": 0,
        "out": 0,
        "basepairs_in": 0,
        "basepairs_out": 0,
        "rightTrim": 0,
        "leftTrim": 0
    },
    "Paired_end": {
        "in": 12,
        "out": 12,
        "Read1": {
            "basepairs_in": 3192,
            "basepairs_out": 3172,
            "leftTrim": 0,
            "rightTrim": 20
        },
        "Read2": {
            "basepairs_in": 3288,
            "basepairs_out": 3237,
            "leftTrim": 0,
            "rightTrim": 51
        }
    }
  }, {
    "Program_details": {
        "program": "hts_Overlapper",
        "version": "1.3.2",
        "options": {
            "append-stats-file": "/nmspipeline//01-Processing/TRIMMER0090_P79/01-PrimerTrim/63-SMARTindex_HC_primers.log",
            "check-lengths": 20,
            "force": false,
            "force-pairs": false,
            "kmer": 8,
            "kmer-offset": 1,
            "max-mismatch": 100,
            "max-mismatch-errorDensity": 0.25,
            "min-overlap": 8,
            "notes": "",
            "number-of-threads": 1,
            "uncompressed": false
        }
    },
    "Fragment": {
        "in": 12,
        "out": 12,
        "basepairs_in": 6409,
        "basepairs_out": 4527,
        "inserts": {
            "short": 3,
            "medium": 7,
            "long": 2
        },
        "overlap_histogram": [ [51,1], [71,1], [248,1], [440,6], [441,1] ]
    },
    "Single_end": {
        "in": 0,
        "out": 10,
        "basepairs_in": 0,
        "basepairs_out": 3451
    },
    "Paired_end": {
        "in": 12,
        "out": 2,
        "Read1": {
            "basepairs_in": 3172,
            "basepairs_out": 529
        },
        "Read2": {
            "basepairs_in": 3237,
            "basepairs_out": 547
        }
    }
  }, {
    "Program_details": {
        "program": "hts_LengthFilter",
        "version": "1.3.2",
        "options": {
            "append-stats-file": "/nmspipeline//01-Processing/TRIMMER0090_P79/01-PrimerTrim/63-SMARTindex_HC_primers.log",
            "fastq-output": "/nmspipeline//01-Processing/TRIMMER0090_P79/01-PrimerTrim/63-SMARTindex_HC_primers",
            "force": true,
            "max-length": 0,
            "min-length": 385,
            "no-orphans": false,
            "notes": "",
            "stranded": false,
            "uncompressed": false
        }
    },
    "Fragment": {
        "in": 12,
        "out": 7,
        "basepairs_in": 4527,
        "basepairs_out": 3081
    },
    "Single_end": {
        "in": 10,
        "out": 7,
        "basepairs_in": 3451,
        "basepairs_out": 3081,
        "discarded": 3
    },
    "Paired_end": {
        "in": 2,
        "out": 0,
        "discarded": 2,
        "Read1": {
            "basepairs_in": 529,
            "basepairs_out": 0,
            "discarded": 0
        },
        "Read2": {
            "basepairs_in": 547,
            "basepairs_out": 0,
            "discarded": 0
        }
    }
  }
]
