[ {
    "Program_details": {
        "program": "hts_Primers",
        "version": "1.3.2",
        "options": {
            "flip": true,
            "float": 0,
            "force": false,
            "keep": false,
            "min_primer_matches": 2,
            "notes": "",
            "primer_end_mismatches": 0,
            "primer_mismatches": 0,
            "primers_3p": "../lc_primers.fasta",
            "primers_5p": "ACGTCTCAGTGGTATCAACGCAGAGTACATGGGG",
            "read1-input": [ "/nmspipeline//01-Processing/TRIMMER0090_P79/00-RawData/TRIMMER_Plate79_S1_L001_R1_001_sub.fastq.gz"],
            "read2-input": [ "/nmspipeline//01-Processing/TRIMMER0090_P79/00-RawData/TRIMMER_Plate79_S1_L001_R2_001_sub.fastq.gz"],
            "stats-file": "/nmspipeline//01-Processing/TRIMMER0090_P79/01-PrimerTrim/63-SMARTindex_LC_primers.log",
            "uncompressed": false
        },
        "primers": [ ["p5primer1","ACGTCTCAGTGGTATCAACGCAGAGTACATGGGG"], ["KaLC.6_REV_LC","GGATACAGTTGGTGCAGCATC"], ["LaLC.R-mIGL","ATCGTACACACCAGTGTGGC"], ["p5primer1","ACGTCTCAGTGGTATCAACGCAGAGTACATGGGG"], ["KaLC.6_REV_LC","GGATACAGTTGGTGCAGCATC"], ["LaLC.R-mIGL","ATCGTACACACCAGTGTGGC"] ]
    },
    "Fragment": {
        "in": 100000,
        "out": 47,
        "basepairs_in": 60000000,
        "basepairs_out": 25615,
        "flipped": 19,
        "primers_counts": [ ["p5primer1","None",34], ["p5primer1","KaLC.6_REV_LC",47], ["None","None",40340], ["None","KaLC.6_REV_LC",56733], ["None","LaLC.R-mIGL",2846] ]
    },
    "Single_end": {
        "in": 0,
        "out": 0,
        "basepairs_in": 0,
        "basepairs_out": 0,
        "primerTrim": 0,
        "primerBpTrim": 0,
        "discarded": 0
    },
    "Paired_end": {
        "in": 100000,
        "out": 47,
        "discarded": 99953,
        "Read1": {
            "basepairs_in": 30000000,
            "basepairs_out": 12502,
            "primerTrim": 47,
            "primerBpTrim": 1598
        },
        "Read2": {
            "basepairs_in": 30000000,
            "basepairs_out": 13113,
            "primerTrim": 47,
            "primerBpTrim": 987
        }
    }
  }, {
    "Program_details": {
        "program": "hts_NTrimmer",
        "version": "1.3.2",
        "options": {
            "append-stats-file": "/nmspipeline//01-Processing/TRIMMER0090_P79/01-PrimerTrim/63-SMARTindex_LC_primers.log",
            "exclude": true,
            "force": false,
            "notes": "",
            "uncompressed": false
        }
    },
    "Fragment": {
        "in": 47,
        "out": 47,
        "basepairs_in": 25615,
        "basepairs_out": 25615
    },
    "Single_end": {
        "in": 0,
        "out": 0,
        "basepairs_in": 0,
        "basepairs_out": 0,
        "rightTrim": 0,
        "leftTrim": 0,
        "discarded": 0
    },
    "Paired_end": {
        "in": 47,
        "out": 47,
        "discarded": 0,
        "Read1": {
            "basepairs_in": 12502,
            "basepairs_out": 12502,
            "leftTrim": 0,
            "rightTrim": 0
        },
        "Read2": {
            "basepairs_in": 13113,
            "basepairs_out": 13113,
            "leftTrim": 0,
            "rightTrim": 0
        }
    }
  }, {
    "Program_details": {
        "program": "hts_SeqScreener",
        "version": "1.3.2",
        "options": {
            "append-stats-file": "/nmspipeline//01-Processing/TRIMMER0090_P79/01-PrimerTrim/63-SMARTindex_LC_primers.log",
            "check-read-2": true,
            "force": false,
            "inverse": false,
            "kmer": 21,
            "notes": "",
            "percentage-hits": 0.01,
            "record": true,
            "seq": "../aberrant_LC.fasta",
            "uncompressed": false
        },
        "screen_info": {
            "screenBP": 96,
            "lookupKmers": 8
        }
    },
    "Fragment": {
        "in": 47,
        "out": 47,
        "basepairs_in": 25615,
        "basepairs_out": 25615
    },
    "Single_end": {
        "in": 0,
        "out": 0,
        "basepairs_in": 0,
        "basepairs_out": 0,
        "hits": 0
    },
    "Paired_end": {
        "in": 47,
        "out": 47,
        "hits": 44,
        "Read1": {
            "basepairs_in": 12502,
            "basepairs_out": 12502
        },
        "Read2": {
            "basepairs_in": 13113,
            "basepairs_out": 13113
        }
    }
  }, {
    "Program_details": {
        "program": "hts_QWindowTrim",
        "version": "1.3.2",
        "options": {
            "append-stats-file": "/nmspipeline//01-Processing/TRIMMER0090_P79/01-PrimerTrim/63-SMARTindex_LC_primers.log",
            "avg-qual-score": 10,
            "force": false,
            "no-left": true,
            "no-right": false,
            "notes": "",
            "qual-offset": 33,
            "uncompressed": false,
            "window-size": 10
        }
    },
    "Fragment": {
        "in": 47,
        "out": 47,
        "basepairs_in": 25615,
        "basepairs_out": 25404
    },
    "Single_end": {
        "in": 0,
        "out": 0,
        "basepairs_in": 0,
        "basepairs_out": 0,
        "rightTrim": 0,
        "leftTrim": 0
    },
    "Paired_end": {
        "in": 47,
        "out": 47,
        "Read1": {
            "basepairs_in": 12502,
            "basepairs_out": 12383,
            "leftTrim": 0,
            "rightTrim": 119
        },
        "Read2": {
            "basepairs_in": 13113,
            "basepairs_out": 13021,
            "leftTrim": 0,
            "rightTrim": 92
        }
    }
  }, {
    "Program_details": {
        "program": "hts_Overlapper",
        "version": "1.3.2",
        "options": {
            "append-stats-file": "/nmspipeline//01-Processing/TRIMMER0090_P79/01-PrimerTrim/63-SMARTindex_LC_primers.log",
            "check-lengths": 20,
            "force": false,
            "force-pairs": false,
            "kmer": 8,
            "kmer-offset": 1,
            "max-mismatch": 100,
            "max-mismatch-errorDensity": 0.25,
            "min-overlap": 8,
            "notes": "",
            "number-of-threads": 1,
            "uncompressed": false
        }
    },
    "Fragment": {
        "in": 47,
        "out": 47,
        "basepairs_in": 25404,
        "basepairs_out": 18671,
        "inserts": {
            "short": 5,
            "medium": 39,
            "long": 3
        },
        "overlap_histogram": [ [83,1], [88,1], [123,1], [154,1], [178,1], [345,1], [396,1], [399,2], [400,1], [407,1], [412,1], [417,1], [418,11], [422,4], [432,9], [433,2], [435,1], [440,4] ]
    },
    "Single_end": {
        "in": 0,
        "out": 44,
        "basepairs_in": 0,
        "basepairs_out": 17036
    },
    "Paired_end": {
        "in": 47,
        "out": 3,
        "Read1": {
            "basepairs_in": 12383,
            "basepairs_out": 798
        },
        "Read2": {
            "basepairs_in": 13021,
            "basepairs_out": 837
        }
    }
  }, {
    "Program_details": {
        "program": "hts_LengthFilter",
        "version": "1.3.2",
        "options": {
            "append-stats-file": "/nmspipeline//01-Processing/TRIMMER0090_P79/01-PrimerTrim/63-SMARTindex_LC_primers.log",
            "fastq-output": "/nmspipeline//01-Processing/TRIMMER0090_P79/01-PrimerTrim/63-SMARTindex_LC_primers",
            "force": true,
            "max-length": 0,
            "min-length": 385,
            "no-orphans": false,
            "notes": "",
            "stranded": false,
            "uncompressed": false
        }
    },
    "Fragment": {
        "in": 47,
        "out": 38,
        "basepairs_in": 18671,
        "basepairs_out": 16065
    },
    "Single_end": {
        "in": 44,
        "out": 38,
        "basepairs_in": 17036,
        "basepairs_out": 16065,
        "discarded": 6
    },
    "Paired_end": {
        "in": 3,
        "out": 0,
        "discarded": 3,
        "Read1": {
            "basepairs_in": 798,
            "basepairs_out": 0,
            "discarded": 0
        },
        "Read2": {
            "basepairs_in": 837,
            "basepairs_out": 0,
            "discarded": 0
        }
    }
  }
]
