[ {
    "Program_details": {
        "program": "hts_Primers",
        "version": "1.3.2",
        "options": {
            "flip": true,
            "float": 0,
            "force": false,
            "keep": false,
            "min_primer_matches": 2,
            "notes": "",
            "primer_end_mismatches": 0,
            "primer_mismatches": 0,
            "primers_3p": "../hc_primers.fasta",
            "primers_5p": "CAGGACCAGTGGTATCAACGCAGAGTACATGGGG",
            "read1-input": [ "/nmspipeline//01-Processing/TRIMMER0090_P79/00-RawData/TRIMMER_Plate79_S1_L001_R1_001_sub.fastq.gz"],
            "read2-input": [ "/nmspipeline//01-Processing/TRIMMER0090_P79/00-RawData/TRIMMER_Plate79_S1_L001_R2_001_sub.fastq.gz"],
            "stats-file": "/nmspipeline//01-Processing/TRIMMER0090_P79/01-PrimerTrim/64-SMARTindex_HC_primers.log",
            "uncompressed": false
        },
        "primers": [ ["p5primer1","CAGGACCAGTGGTATCAACGCAGAGTACATGGGG"], ["Ga3.10for_mIGH3","GGATAGACAGATGGGGCTGTTGTTGT"], ["Ga12HC.10_REV_CHI","ATAGACAGATGGGGGTGTCGTTTTGG"], ["p5primer1","CAGGACCAGTGGTATCAACGCAGAGTACATGGGG"], ["Ga3.10for_mIGH3","GGATAGACAGATGGGGCTGTTGTTGT"], ["Ga12HC.10_REV_CHI","ATAGACAGATGGGGGTGTCGTTTTGG"] ]
    },
    "Fragment": {
        "in": 100000,
        "out": 53,
        "basepairs_in": 60000000,
        "basepairs_out": 28620,
        "flipped": 24,
        "primers_counts": [ ["p5primer1","Ga12HC.10_REV_CHI",53], ["None","Ga3.10for_mIGH3",573], ["p5primer1","None",618], ["None","Ga12HC.10_REV_CHI",25747], ["None","None",73009] ]
    },
    "Single_end": {
        "in": 0,
        "out": 0,
        "basepairs_in": 0,
        "basepairs_out": 0,
        "primerTrim": 0,
        "primerBpTrim": 0,
        "discarded": 0
    },
    "Paired_end": {
        "in": 100000,
        "out": 53,
        "discarded": 99947,
        "Read1": {
            "basepairs_in": 30000000,
            "basepairs_out": 14098,
            "primerTrim": 53,
            "primerBpTrim": 1802
        },
        "Read2": {
            "basepairs_in": 30000000,
            "basepairs_out": 14522,
            "primerTrim": 53,
            "primerBpTrim": 1378
        }
    }
  }, {
    "Program_details": {
        "program": "hts_NTrimmer",
        "version": "1.3.2",
        "options": {
            "append-stats-file": "/nmspipeline//01-Processing/TRIMMER0090_P79/01-PrimerTrim/64-SMARTindex_HC_primers.log",
            "exclude": true,
            "force": false,
            "notes": "",
            "uncompressed": false
        }
    },
    "Fragment": {
        "in": 53,
        "out": 53,
        "basepairs_in": 28620,
        "basepairs_out": 28620
    },
    "Single_end": {
        "in": 0,
        "out": 0,
        "basepairs_in": 0,
        "basepairs_out": 0,
        "rightTrim": 0,
        "leftTrim": 0,
        "discarded": 0
    },
    "Paired_end": {
        "in": 53,
        "out": 53,
        "discarded": 0,
        "Read1": {
            "basepairs_in": 14098,
            "basepairs_out": 14098,
            "leftTrim": 0,
            "rightTrim": 0
        },
        "Read2": {
            "basepairs_in": 14522,
            "basepairs_out": 14522,
            "leftTrim": 0,
            "rightTrim": 0
        }
    }
  }, {
    "Program_details": {
        "program": "hts_SeqScreener",
        "version": "1.3.2",
        "options": {
            "append-stats-file": "/nmspipeline//01-Processing/TRIMMER0090_P79/01-PrimerTrim/64-SMARTindex_HC_primers.log",
            "check-read-2": true,
            "force": false,
            "inverse": false,
            "kmer": 21,
            "notes": "",
            "percentage-hits": 0.01,
            "record": true,
            "seq": "../aberrant_LC.fasta",
            "uncompressed": false
        },
        "screen_info": {
            "screenBP": 96,
            "lookupKmers": 8
        }
    },
    "Fragment": {
        "in": 53,
        "out": 53,
        "basepairs_in": 28620,
        "basepairs_out": 28620
    },
    "Single_end": {
        "in": 0,
        "out": 0,
        "basepairs_in": 0,
        "basepairs_out": 0,
        "hits": 0
    },
    "Paired_end": {
        "in": 53,
        "out": 53,
        "hits": 0,
        "Read1": {
            "basepairs_in": 14098,
            "basepairs_out": 14098
        },
        "Read2": {
            "basepairs_in": 14522,
            "basepairs_out": 14522
        }
    }
  }, {
    "Program_details": {
        "program": "hts_QWindowTrim",
        "version": "1.3.2",
        "options": {
            "append-stats-file": "/nmspipeline//01-Processing/TRIMMER0090_P79/01-PrimerTrim/64-SMARTindex_HC_primers.log",
            "avg-qual-score": 10,
            "force": false,
            "no-left": true,
            "no-right": false,
            "notes": "",
            "qual-offset": 33,
            "uncompressed": false,
            "window-size": 10
        }
    },
    "Fragment": {
        "in": 53,
        "out": 53,
        "basepairs_in": 28620,
        "basepairs_out": 28460
    },
    "Single_end": {
        "in": 0,
        "out": 0,
        "basepairs_in": 0,
        "basepairs_out": 0,
        "rightTrim": 0,
        "leftTrim": 0
    },
    "Paired_end": {
        "in": 53,
        "out": 53,
        "Read1": {
            "basepairs_in": 14098,
            "basepairs_out": 14008,
            "leftTrim": 0,
            "rightTrim": 90
        },
        "Read2": {
            "basepairs_in": 14522,
            "basepairs_out": 14452,
            "leftTrim": 0,
            "rightTrim": 70
        }
    }
  }, {
    "Program_details": {
        "program": "hts_Overlapper",
        "version": "1.3.2",
        "options": {
            "append-stats-file": "/nmspipeline//01-Processing/TRIMMER0090_P79/01-PrimerTrim/64-SMARTindex_HC_primers.log",
            "check-lengths": 20,
            "force": false,
            "force-pairs": false,
            "kmer": 8,
            "kmer-offset": 1,
            "max-mismatch": 100,
            "max-mismatch-errorDensity": 0.25,
            "min-overlap": 8,
            "notes": "",
            "number-of-threads": 1,
            "uncompressed": false
        }
    },
    "Fragment": {
        "in": 53,
        "out": 53,
        "basepairs_in": 28460,
        "basepairs_out": 26304,
        "inserts": {
            "short": 3,
            "medium": 34,
            "long": 16
        },
        "overlap_histogram": [ [127,1], [180,1], [210,1], [489,1], [501,1], [502,1], [503,4], [504,2], [506,3], [507,6], [508,1], [509,4], [510,8], [511,2], [512,1] ]
    },
    "Single_end": {
        "in": 0,
        "out": 37,
        "basepairs_in": 0,
        "basepairs_out": 17747
    },
    "Paired_end": {
        "in": 53,
        "out": 16,
        "Read1": {
            "basepairs_in": 14008,
            "basepairs_out": 4207
        },
        "Read2": {
            "basepairs_in": 14452,
            "basepairs_out": 4350
        }
    }
  }, {
    "Program_details": {
        "program": "hts_LengthFilter",
        "version": "1.3.2",
        "options": {
            "append-stats-file": "/nmspipeline//01-Processing/TRIMMER0090_P79/01-PrimerTrim/64-SMARTindex_HC_primers.log",
            "fastq-output": "/nmspipeline//01-Processing/TRIMMER0090_P79/01-PrimerTrim/64-SMARTindex_HC_primers",
            "force": true,
            "max-length": 0,
            "min-length": 385,
            "no-orphans": false,
            "notes": "",
            "stranded": false,
            "uncompressed": false
        }
    },
    "Fragment": {
        "in": 53,
        "out": 34,
        "basepairs_in": 26304,
        "basepairs_out": 17230
    },
    "Single_end": {
        "in": 37,
        "out": 34,
        "basepairs_in": 17747,
        "basepairs_out": 17230,
        "discarded": 3
    },
    "Paired_end": {
        "in": 16,
        "out": 0,
        "discarded": 16,
        "Read1": {
            "basepairs_in": 4207,
            "basepairs_out": 0,
            "discarded": 0
        },
        "Read2": {
            "basepairs_in": 4350,
            "basepairs_out": 0,
            "discarded": 0
        }
    }
  }
]
