[ {
    "Program_details": {
        "program": "hts_Primers",
        "version": "1.3.2",
        "options": {
            "flip": true,
            "float": 0,
            "force": false,
            "keep": false,
            "min_primer_matches": 2,
            "notes": "",
            "primer_end_mismatches": 0,
            "primer_mismatches": 0,
            "primers_3p": "../hc_primers.fasta",
            "primers_5p": "AAGCTCCAGTGGTATCAACGCAGAGTACATGGGG",
            "read1-input": [ "/nmspipeline/01-Processing/TRIMMER0090_P79/00-RawData/TRIMMER_Plate79_S1_L001_R1_001_sub.fastq.gz"],
            "read2-input": [ "/nmspipeline/01-Processing/TRIMMER0090_P79/00-RawData/TRIMMER_Plate79_S1_L001_R2_001_sub.fastq.gz"],
            "stats-file": "/nmspipeline/01-Processing/TRIMMER0090_P79/01-PrimerTrim/65-SMARTindex_HC_primers.log",
            "uncompressed": false
        },
        "primers": [ ["p5primer1","AAGCTCCAGTGGTATCAACGCAGAGTACATGGGG"], ["Ga3.10for_mIGH3","GGATAGACAGATGGGGCTGTTGTTGT"], ["Ga12HC.10_REV_CHI","ATAGACAGATGGGGGTGTCGTTTTGG"], ["p5primer1","AAGCTCCAGTGGTATCAACGCAGAGTACATGGGG"], ["Ga3.10for_mIGH3","GGATAGACAGATGGGGCTGTTGTTGT"], ["Ga12HC.10_REV_CHI","ATAGACAGATGGGGGTGTCGTTTTGG"] ]
    },
    "Fragment": {
        "in": 100000,
        "out": 5,
        "basepairs_in": 60000000,
        "basepairs_out": 2700,
        "flipped": 1,
        "primers_counts": [ ["p5primer1","Ga12HC.10_REV_CHI",5], ["p5primer1","None",63], ["None","Ga3.10for_mIGH3",573], ["None","Ga12HC.10_REV_CHI",25795], ["None","None",73564] ]
    },
    "Single_end": {
        "in": 0,
        "out": 0,
        "basepairs_in": 0,
        "basepairs_out": 0,
        "primerTrim": 0,
        "primerBpTrim": 0,
        "discarded": 0
    },
    "Paired_end": {
        "in": 100000,
        "out": 5,
        "discarded": 99995,
        "Read1": {
            "basepairs_in": 30000000,
            "basepairs_out": 1330,
            "primerTrim": 5,
            "primerBpTrim": 170
        },
        "Read2": {
            "basepairs_in": 30000000,
            "basepairs_out": 1370,
            "primerTrim": 5,
            "primerBpTrim": 130
        }
    }
  }, {
    "Program_details": {
        "program": "hts_NTrimmer",
        "version": "1.3.2",
        "options": {
            "append-stats-file": "/nmspipeline/01-Processing/TRIMMER0090_P79/01-PrimerTrim/65-SMARTindex_HC_primers.log",
            "exclude": true,
            "force": false,
            "notes": "",
            "uncompressed": false
        }
    },
    "Fragment": {
        "in": 5,
        "out": 5,
        "basepairs_in": 2700,
        "basepairs_out": 2700
    },
    "Single_end": {
        "in": 0,
        "out": 0,
        "basepairs_in": 0,
        "basepairs_out": 0,
        "rightTrim": 0,
        "leftTrim": 0,
        "discarded": 0
    },
    "Paired_end": {
        "in": 5,
        "out": 5,
        "discarded": 0,
        "Read1": {
            "basepairs_in": 1330,
            "basepairs_out": 1330,
            "leftTrim": 0,
            "rightTrim": 0
        },
        "Read2": {
            "basepairs_in": 1370,
            "basepairs_out": 1370,
            "leftTrim": 0,
            "rightTrim": 0
        }
    }
  }, {
    "Program_details": {
        "program": "hts_SeqScreener",
        "version": "1.3.2",
        "options": {
            "append-stats-file": "/nmspipeline/01-Processing/TRIMMER0090_P79/01-PrimerTrim/65-SMARTindex_HC_primers.log",
            "check-read-2": true,
            "force": false,
            "inverse": false,
            "kmer": 21,
            "notes": "",
            "percentage-hits": 0.01,
            "record": true,
            "seq": "../aberrant_LC.fasta",
            "uncompressed": false
        },
        "screen_info": {
            "screenBP": 96,
            "lookupKmers": 8
        }
    },
    "Fragment": {
        "in": 5,
        "out": 5,
        "basepairs_in": 2700,
        "basepairs_out": 2700
    },
    "Single_end": {
        "in": 0,
        "out": 0,
        "basepairs_in": 0,
        "basepairs_out": 0,
        "hits": 0
    },
    "Paired_end": {
        "in": 5,
        "out": 5,
        "hits": 0,
        "Read1": {
            "basepairs_in": 1330,
            "basepairs_out": 1330
        },
        "Read2": {
            "basepairs_in": 1370,
            "basepairs_out": 1370
        }
    }
  }, {
    "Program_details": {
        "program": "hts_QWindowTrim",
        "version": "1.3.2",
        "options": {
            "append-stats-file": "/nmspipeline/01-Processing/TRIMMER0090_P79/01-PrimerTrim/65-SMARTindex_HC_primers.log",
            "avg-qual-score": 10,
            "force": false,
            "no-left": true,
            "no-right": false,
            "notes": "",
            "qual-offset": 33,
            "uncompressed": false,
            "window-size": 10
        }
    },
    "Fragment": {
        "in": 5,
        "out": 5,
        "basepairs_in": 2700,
        "basepairs_out": 2668
    },
    "Single_end": {
        "in": 0,
        "out": 0,
        "basepairs_in": 0,
        "basepairs_out": 0,
        "rightTrim": 0,
        "leftTrim": 0
    },
    "Paired_end": {
        "in": 5,
        "out": 5,
        "Read1": {
            "basepairs_in": 1330,
            "basepairs_out": 1317,
            "leftTrim": 0,
            "rightTrim": 13
        },
        "Read2": {
            "basepairs_in": 1370,
            "basepairs_out": 1351,
            "leftTrim": 0,
            "rightTrim": 19
        }
    }
  }, {
    "Program_details": {
        "program": "hts_Overlapper",
        "version": "1.3.2",
        "options": {
            "append-stats-file": "/nmspipeline/01-Processing/TRIMMER0090_P79/01-PrimerTrim/65-SMARTindex_HC_primers.log",
            "check-lengths": 20,
            "force": false,
            "force-pairs": false,
            "kmer": 8,
            "kmer-offset": 1,
            "max-mismatch": 100,
            "max-mismatch-errorDensity": 0.25,
            "min-overlap": 8,
            "notes": "",
            "number-of-threads": 1,
            "uncompressed": false
        }
    },
    "Fragment": {
        "in": 5,
        "out": 5,
        "basepairs_in": 2668,
        "basepairs_out": 486,
        "inserts": {
            "short": 5,
            "medium": 0,
            "long": 0
        },
        "overlap_histogram": [ [84,1], [94,1], [101,1], [102,1], [105,1] ]
    },
    "Single_end": {
        "in": 0,
        "out": 5,
        "basepairs_in": 0,
        "basepairs_out": 486
    },
    "Paired_end": {
        "in": 5,
        "out": 0,
        "Read1": {
            "basepairs_in": 1317,
            "basepairs_out": 0
        },
        "Read2": {
            "basepairs_in": 1351,
            "basepairs_out": 0
        }
    }
  }, {
    "Program_details": {
        "program": "hts_LengthFilter",
        "version": "1.3.2",
        "options": {
            "append-stats-file": "/nmspipeline/01-Processing/TRIMMER0090_P79/01-PrimerTrim/65-SMARTindex_HC_primers.log",
            "fastq-output": "/nmspipeline/01-Processing/TRIMMER0090_P79/01-PrimerTrim/65-SMARTindex_HC_primers",
            "force": true,
            "max-length": 0,
            "min-length": 385,
            "no-orphans": false,
            "notes": "",
            "stranded": false,
            "uncompressed": false
        }
    },
    "Fragment": {
        "in": 5,
        "out": 0,
        "basepairs_in": 486,
        "basepairs_out": 0
    },
    "Single_end": {
        "in": 5,
        "out": 0,
        "basepairs_in": 486,
        "basepairs_out": 0,
        "discarded": 5
    },
    "Paired_end": {
        "in": 0,
        "out": 0,
        "discarded": 0,
        "Read1": {
            "basepairs_in": 0,
            "basepairs_out": 0,
            "discarded": 0
        },
        "Read2": {
            "basepairs_in": 0,
            "basepairs_out": 0,
            "discarded": 0
        }
    }
  }
]
