[ {
    "Program_details": {
        "program": "hts_Primers",
        "version": "1.3.2",
        "options": {
            "flip": true,
            "float": 0,
            "force": false,
            "keep": false,
            "min_primer_matches": 2,
            "notes": "",
            "primer_end_mismatches": 0,
            "primer_mismatches": 0,
            "primers_3p": "../hc_primers.fasta",
            "primers_5p": "GACGATCAGTGGTATCAACGCAGAGTACATGGGG",
            "read1-input": [ "/nmspipeline//01-Processing/TRIMMER0090_P79/00-RawData/TRIMMER_Plate79_S1_L001_R1_001_sub.fastq.gz"],
            "read2-input": [ "/nmspipeline//01-Processing/TRIMMER0090_P79/00-RawData/TRIMMER_Plate79_S1_L001_R2_001_sub.fastq.gz"],
            "stats-file": "/nmspipeline//01-Processing/TRIMMER0090_P79/01-PrimerTrim/66-SMARTindex_HC_primers.log",
            "uncompressed": false
        },
        "primers": [ ["p5primer1","GACGATCAGTGGTATCAACGCAGAGTACATGGGG"], ["Ga3.10for_mIGH3","GGATAGACAGATGGGGCTGTTGTTGT"], ["Ga12HC.10_REV_CHI","ATAGACAGATGGGGGTGTCGTTTTGG"], ["p5primer1","GACGATCAGTGGTATCAACGCAGAGTACATGGGG"], ["Ga3.10for_mIGH3","GGATAGACAGATGGGGCTGTTGTTGT"], ["Ga12HC.10_REV_CHI","ATAGACAGATGGGGGTGTCGTTTTGG"] ]
    },
    "Fragment": {
        "in": 100000,
        "out": 331,
        "basepairs_in": 60000000,
        "basepairs_out": 178740,
        "flipped": 151,
        "primers_counts": [ ["p5primer1","Ga12HC.10_REV_CHI",331], ["None","Ga3.10for_mIGH3",573], ["p5primer1","None",1758], ["None","Ga12HC.10_REV_CHI",25469], ["None","None",71869] ]
    },
    "Single_end": {
        "in": 0,
        "out": 0,
        "basepairs_in": 0,
        "basepairs_out": 0,
        "primerTrim": 0,
        "primerBpTrim": 0,
        "discarded": 0
    },
    "Paired_end": {
        "in": 100000,
        "out": 331,
        "discarded": 99669,
        "Read1": {
            "basepairs_in": 30000000,
            "basepairs_out": 88046,
            "primerTrim": 331,
            "primerBpTrim": 11254
        },
        "Read2": {
            "basepairs_in": 30000000,
            "basepairs_out": 90694,
            "primerTrim": 331,
            "primerBpTrim": 8606
        }
    }
  }, {
    "Program_details": {
        "program": "hts_NTrimmer",
        "version": "1.3.2",
        "options": {
            "append-stats-file": "/nmspipeline//01-Processing/TRIMMER0090_P79/01-PrimerTrim/66-SMARTindex_HC_primers.log",
            "exclude": true,
            "force": false,
            "notes": "",
            "uncompressed": false
        }
    },
    "Fragment": {
        "in": 331,
        "out": 331,
        "basepairs_in": 178740,
        "basepairs_out": 178740
    },
    "Single_end": {
        "in": 0,
        "out": 0,
        "basepairs_in": 0,
        "basepairs_out": 0,
        "rightTrim": 0,
        "leftTrim": 0,
        "discarded": 0
    },
    "Paired_end": {
        "in": 331,
        "out": 331,
        "discarded": 0,
        "Read1": {
            "basepairs_in": 88046,
            "basepairs_out": 88046,
            "leftTrim": 0,
            "rightTrim": 0
        },
        "Read2": {
            "basepairs_in": 90694,
            "basepairs_out": 90694,
            "leftTrim": 0,
            "rightTrim": 0
        }
    }
  }, {
    "Program_details": {
        "program": "hts_SeqScreener",
        "version": "1.3.2",
        "options": {
            "append-stats-file": "/nmspipeline//01-Processing/TRIMMER0090_P79/01-PrimerTrim/66-SMARTindex_HC_primers.log",
            "check-read-2": true,
            "force": false,
            "inverse": false,
            "kmer": 21,
            "notes": "",
            "percentage-hits": 0.01,
            "record": true,
            "seq": "../aberrant_LC.fasta",
            "uncompressed": false
        },
        "screen_info": {
            "screenBP": 96,
            "lookupKmers": 8
        }
    },
    "Fragment": {
        "in": 331,
        "out": 331,
        "basepairs_in": 178740,
        "basepairs_out": 178740
    },
    "Single_end": {
        "in": 0,
        "out": 0,
        "basepairs_in": 0,
        "basepairs_out": 0,
        "hits": 0
    },
    "Paired_end": {
        "in": 331,
        "out": 331,
        "hits": 0,
        "Read1": {
            "basepairs_in": 88046,
            "basepairs_out": 88046
        },
        "Read2": {
            "basepairs_in": 90694,
            "basepairs_out": 90694
        }
    }
  }, {
    "Program_details": {
        "program": "hts_QWindowTrim",
        "version": "1.3.2",
        "options": {
            "append-stats-file": "/nmspipeline//01-Processing/TRIMMER0090_P79/01-PrimerTrim/66-SMARTindex_HC_primers.log",
            "avg-qual-score": 10,
            "force": false,
            "no-left": true,
            "no-right": false,
            "notes": "",
            "qual-offset": 33,
            "uncompressed": false,
            "window-size": 10
        }
    },
    "Fragment": {
        "in": 331,
        "out": 331,
        "basepairs_in": 178740,
        "basepairs_out": 178278
    },
    "Single_end": {
        "in": 0,
        "out": 0,
        "basepairs_in": 0,
        "basepairs_out": 0,
        "rightTrim": 0,
        "leftTrim": 0
    },
    "Paired_end": {
        "in": 331,
        "out": 331,
        "Read1": {
            "basepairs_in": 88046,
            "basepairs_out": 87820,
            "leftTrim": 0,
            "rightTrim": 226
        },
        "Read2": {
            "basepairs_in": 90694,
            "basepairs_out": 90458,
            "leftTrim": 0,
            "rightTrim": 236
        }
    }
  }, {
    "Program_details": {
        "program": "hts_Overlapper",
        "version": "1.3.2",
        "options": {
            "append-stats-file": "/nmspipeline//01-Processing/TRIMMER0090_P79/01-PrimerTrim/66-SMARTindex_HC_primers.log",
            "check-lengths": 20,
            "force": false,
            "force-pairs": false,
            "kmer": 8,
            "kmer-offset": 1,
            "max-mismatch": 100,
            "max-mismatch-errorDensity": 0.25,
            "min-overlap": 8,
            "notes": "",
            "number-of-threads": 1,
            "uncompressed": false
        }
    },
    "Fragment": {
        "in": 331,
        "out": 331,
        "basepairs_in": 178278,
        "basepairs_out": 146088,
        "inserts": {
            "short": 22,
            "medium": 275,
            "long": 34
        },
        "overlap_histogram": [ [50,1], [68,1], [72,1], [114,1], [161,1], [165,1], [169,1], [179,1], [180,1], [205,1], [206,1], [213,2], [215,1], [218,1], [220,1], [221,1], [230,1], [268,2], [271,1], [272,1], [278,1], [292,2], [302,1], [314,1], [394,1], [396,1], [400,2], [407,1], [413,1], [418,1], [421,5], [431,3], [434,1], [437,1], [438,2], [443,2], [449,1], [451,23], [452,2], [453,23], [454,107], [455,6], [456,24], [457,12], [458,28], [459,20], [460,2], [467,1] ]
    },
    "Single_end": {
        "in": 0,
        "out": 297,
        "basepairs_in": 0,
        "basepairs_out": 127787
    },
    "Paired_end": {
        "in": 331,
        "out": 34,
        "Read1": {
            "basepairs_in": 87820,
            "basepairs_out": 9014
        },
        "Read2": {
            "basepairs_in": 90458,
            "basepairs_out": 9287
        }
    }
  }, {
    "Program_details": {
        "program": "hts_LengthFilter",
        "version": "1.3.2",
        "options": {
            "append-stats-file": "/nmspipeline//01-Processing/TRIMMER0090_P79/01-PrimerTrim/66-SMARTindex_HC_primers.log",
            "fastq-output": "/nmspipeline//01-Processing/TRIMMER0090_P79/01-PrimerTrim/66-SMARTindex_HC_primers",
            "force": true,
            "max-length": 0,
            "min-length": 385,
            "no-orphans": false,
            "notes": "",
            "stranded": false,
            "uncompressed": false
        }
    },
    "Fragment": {
        "in": 331,
        "out": 270,
        "basepairs_in": 146088,
        "basepairs_out": 122131
    },
    "Single_end": {
        "in": 297,
        "out": 270,
        "basepairs_in": 127787,
        "basepairs_out": 122131,
        "discarded": 27
    },
    "Paired_end": {
        "in": 34,
        "out": 0,
        "discarded": 34,
        "Read1": {
            "basepairs_in": 9014,
            "basepairs_out": 0,
            "discarded": 0
        },
        "Read2": {
            "basepairs_in": 9287,
            "basepairs_out": 0,
            "discarded": 0
        }
    }
  }
]
