[ {
    "Program_details": {
        "program": "hts_Primers",
        "version": "1.3.2",
        "options": {
            "flip": true,
            "float": 0,
            "force": false,
            "keep": false,
            "min_primer_matches": 2,
            "notes": "",
            "primer_end_mismatches": 0,
            "primer_mismatches": 0,
            "primers_3p": "../lc_primers.fasta",
            "primers_5p": "GACGATCAGTGGTATCAACGCAGAGTACATGGGG",
            "read1-input": [ "/nmspipeline//01-Processing/TRIMMER0090_P79/00-RawData/TRIMMER_Plate79_S1_L001_R1_001_sub.fastq.gz"],
            "read2-input": [ "/nmspipeline//01-Processing/TRIMMER0090_P79/00-RawData/TRIMMER_Plate79_S1_L001_R2_001_sub.fastq.gz"],
            "stats-file": "/nmspipeline//01-Processing/TRIMMER0090_P79/01-PrimerTrim/66-SMARTindex_LC_primers.log",
            "uncompressed": false
        },
        "primers": [ ["p5primer1","GACGATCAGTGGTATCAACGCAGAGTACATGGGG"], ["KaLC.6_REV_LC","GGATACAGTTGGTGCAGCATC"], ["LaLC.R-mIGL","ATCGTACACACCAGTGTGGC"], ["p5primer1","GACGATCAGTGGTATCAACGCAGAGTACATGGGG"], ["KaLC.6_REV_LC","GGATACAGTTGGTGCAGCATC"], ["LaLC.R-mIGL","ATCGTACACACCAGTGTGGC"] ]
    },
    "Fragment": {
        "in": 100000,
        "out": 1530,
        "basepairs_in": 60000000,
        "basepairs_out": 833857,
        "flipped": 651,
        "primers_counts": [ ["p5primer1","LaLC.R-mIGL",7], ["p5primer1","None",559], ["p5primer1","KaLC.6_REV_LC",1523], ["None","None",39815], ["None","KaLC.6_REV_LC",55257], ["None","LaLC.R-mIGL",2839] ]
    },
    "Single_end": {
        "in": 0,
        "out": 0,
        "basepairs_in": 0,
        "basepairs_out": 0,
        "primerTrim": 0,
        "primerBpTrim": 0,
        "discarded": 0
    },
    "Paired_end": {
        "in": 100000,
        "out": 1530,
        "discarded": 98470,
        "Read1": {
            "basepairs_in": 30000000,
            "basepairs_out": 406980,
            "primerTrim": 1530,
            "primerBpTrim": 52020
        },
        "Read2": {
            "basepairs_in": 30000000,
            "basepairs_out": 426877,
            "primerTrim": 1530,
            "primerBpTrim": 32123
        }
    }
  }, {
    "Program_details": {
        "program": "hts_NTrimmer",
        "version": "1.3.2",
        "options": {
            "append-stats-file": "/nmspipeline//01-Processing/TRIMMER0090_P79/01-PrimerTrim/66-SMARTindex_LC_primers.log",
            "exclude": true,
            "force": false,
            "notes": "",
            "uncompressed": false
        }
    },
    "Fragment": {
        "in": 1530,
        "out": 1529,
        "basepairs_in": 833857,
        "basepairs_out": 833312
    },
    "Single_end": {
        "in": 0,
        "out": 0,
        "basepairs_in": 0,
        "basepairs_out": 0,
        "rightTrim": 0,
        "leftTrim": 0,
        "discarded": 0
    },
    "Paired_end": {
        "in": 1530,
        "out": 1529,
        "discarded": 1,
        "Read1": {
            "basepairs_in": 406980,
            "basepairs_out": 406714,
            "leftTrim": 0,
            "rightTrim": 0
        },
        "Read2": {
            "basepairs_in": 426877,
            "basepairs_out": 426598,
            "leftTrim": 0,
            "rightTrim": 0
        }
    }
  }, {
    "Program_details": {
        "program": "hts_SeqScreener",
        "version": "1.3.2",
        "options": {
            "append-stats-file": "/nmspipeline//01-Processing/TRIMMER0090_P79/01-PrimerTrim/66-SMARTindex_LC_primers.log",
            "check-read-2": true,
            "force": false,
            "inverse": false,
            "kmer": 21,
            "notes": "",
            "percentage-hits": 0.01,
            "record": true,
            "seq": "../aberrant_LC.fasta",
            "uncompressed": false
        },
        "screen_info": {
            "screenBP": 96,
            "lookupKmers": 8
        }
    },
    "Fragment": {
        "in": 1529,
        "out": 1529,
        "basepairs_in": 833312,
        "basepairs_out": 833312
    },
    "Single_end": {
        "in": 0,
        "out": 0,
        "basepairs_in": 0,
        "basepairs_out": 0,
        "hits": 0
    },
    "Paired_end": {
        "in": 1529,
        "out": 1529,
        "hits": 586,
        "Read1": {
            "basepairs_in": 406714,
            "basepairs_out": 406714
        },
        "Read2": {
            "basepairs_in": 426598,
            "basepairs_out": 426598
        }
    }
  }, {
    "Program_details": {
        "program": "hts_QWindowTrim",
        "version": "1.3.2",
        "options": {
            "append-stats-file": "/nmspipeline//01-Processing/TRIMMER0090_P79/01-PrimerTrim/66-SMARTindex_LC_primers.log",
            "avg-qual-score": 10,
            "force": false,
            "no-left": true,
            "no-right": false,
            "notes": "",
            "qual-offset": 33,
            "uncompressed": false,
            "window-size": 10
        }
    },
    "Fragment": {
        "in": 1529,
        "out": 1529,
        "basepairs_in": 833312,
        "basepairs_out": 830958
    },
    "Single_end": {
        "in": 0,
        "out": 0,
        "basepairs_in": 0,
        "basepairs_out": 0,
        "rightTrim": 0,
        "leftTrim": 0
    },
    "Paired_end": {
        "in": 1529,
        "out": 1529,
        "Read1": {
            "basepairs_in": 406714,
            "basepairs_out": 405395,
            "leftTrim": 0,
            "rightTrim": 1319
        },
        "Read2": {
            "basepairs_in": 426598,
            "basepairs_out": 425563,
            "leftTrim": 0,
            "rightTrim": 1035
        }
    }
  }, {
    "Program_details": {
        "program": "hts_Overlapper",
        "version": "1.3.2",
        "options": {
            "append-stats-file": "/nmspipeline//01-Processing/TRIMMER0090_P79/01-PrimerTrim/66-SMARTindex_LC_primers.log",
            "check-lengths": 20,
            "force": false,
            "force-pairs": false,
            "kmer": 8,
            "kmer-offset": 1,
            "max-mismatch": 100,
            "max-mismatch-errorDensity": 0.25,
            "min-overlap": 8,
            "notes": "",
            "number-of-threads": 1,
            "uncompressed": false
        }
    },
    "Fragment": {
        "in": 1529,
        "out": 1529,
        "basepairs_in": 830958,
        "basepairs_out": 622102,
        "inserts": {
            "short": 103,
            "medium": 1334,
            "long": 92
        },
        "overlap_histogram": [ [28,1], [32,1], [36,1], [40,1], [47,1], [48,1], [58,3], [60,2], [67,2], [70,1], [75,1], [83,1], [89,4], [91,3], [93,2], [99,1], [100,1], [101,1], [112,2], [113,5], [115,1], [120,1], [123,1], [125,2], [127,2], [131,1], [132,1], [138,1], [139,1], [145,2], [153,2], [154,1], [156,1], [158,3], [160,1], [161,1], [163,2], [164,2], [165,1], [174,2], [175,2], [177,1], [179,1], [185,1], [186,3], [188,1], [202,1], [203,1], [204,1], [218,1], [222,1], [227,1], [228,1], [233,1], [238,2], [253,2], [255,1], [260,1], [262,1], [264,1], [265,4], [266,1], [270,1], [273,2], [276,5], [277,1], [278,1], [282,1], [284,1], [291,2], [300,1], [317,1], [318,1], [328,1], [331,1], [332,1], [333,1], [338,1], [346,1], [347,1], [350,1], [354,1], [355,1], [363,1], [364,1], [366,11], [367,1], [374,1], [375,3], [376,4], [377,1], [378,1], [379,1], [380,1], [381,2], [385,1], [386,1], [387,2], [388,2], [390,2], [391,1], [392,1], [394,3], [395,2], [396,6], [397,6], [398,17], [399,66], [400,5], [402,3], [403,5], [404,4], [405,2], [406,8], [407,9], [408,3], [409,142], [410,56], [411,37], [412,9], [413,2], [415,3], [416,7], [417,4], [418,204], [419,14], [420,19], [421,236], [422,89], [423,99], [424,7], [425,3], [426,3], [427,4], [428,1], [429,1], [430,1], [433,2], [435,2], [436,2], [437,1], [438,4], [439,101], [440,22], [441,18], [442,16], [443,2], [444,15], [445,5], [446,1], [449,1], [450,1], [453,2], [454,2], [508,1] ]
    },
    "Single_end": {
        "in": 0,
        "out": 1437,
        "basepairs_in": 0,
        "basepairs_out": 572220
    },
    "Paired_end": {
        "in": 1529,
        "out": 92,
        "Read1": {
            "basepairs_in": 405395,
            "basepairs_out": 24316
        },
        "Read2": {
            "basepairs_in": 425563,
            "basepairs_out": 25566
        }
    }
  }, {
    "Program_details": {
        "program": "hts_LengthFilter",
        "version": "1.3.2",
        "options": {
            "append-stats-file": "/nmspipeline//01-Processing/TRIMMER0090_P79/01-PrimerTrim/66-SMARTindex_LC_primers.log",
            "fastq-output": "/nmspipeline//01-Processing/TRIMMER0090_P79/01-PrimerTrim/66-SMARTindex_LC_primers",
            "force": true,
            "max-length": 0,
            "min-length": 385,
            "no-orphans": false,
            "notes": "",
            "stranded": false,
            "uncompressed": false
        }
    },
    "Fragment": {
        "in": 1529,
        "out": 1288,
        "basepairs_in": 622102,
        "basepairs_out": 539789
    },
    "Single_end": {
        "in": 1437,
        "out": 1288,
        "basepairs_in": 572220,
        "basepairs_out": 539789,
        "discarded": 149
    },
    "Paired_end": {
        "in": 92,
        "out": 0,
        "discarded": 92,
        "Read1": {
            "basepairs_in": 24316,
            "basepairs_out": 0,
            "discarded": 0
        },
        "Read2": {
            "basepairs_in": 25566,
            "basepairs_out": 0,
            "discarded": 0
        }
    }
  }
]
