[ {
    "Program_details": {
        "program": "hts_Primers",
        "version": "1.3.2",
        "options": {
            "flip": true,
            "float": 0,
            "force": false,
            "keep": false,
            "min_primer_matches": 2,
            "notes": "",
            "primer_end_mismatches": 0,
            "primer_mismatches": 0,
            "primers_3p": "../hc_primers.fasta",
            "primers_5p": "TCGTTCCAGTGGTATCAACGCAGAGTACATGGGG",
            "read1-input": [ "/nmspipeline//01-Processing/TRIMMER0090_P79/00-RawData/TRIMMER_Plate79_S1_L001_R1_001_sub.fastq.gz"],
            "read2-input": [ "/nmspipeline//01-Processing/TRIMMER0090_P79/00-RawData/TRIMMER_Plate79_S1_L001_R2_001_sub.fastq.gz"],
            "stats-file": "/nmspipeline//01-Processing/TRIMMER0090_P79/01-PrimerTrim/67-SMARTindex_HC_primers.log",
            "uncompressed": false
        },
        "primers": [ ["p5primer1","TCGTTCCAGTGGTATCAACGCAGAGTACATGGGG"], ["Ga3.10for_mIGH3","GGATAGACAGATGGGGCTGTTGTTGT"], ["Ga12HC.10_REV_CHI","ATAGACAGATGGGGGTGTCGTTTTGG"], ["p5primer1","TCGTTCCAGTGGTATCAACGCAGAGTACATGGGG"], ["Ga3.10for_mIGH3","GGATAGACAGATGGGGCTGTTGTTGT"], ["Ga12HC.10_REV_CHI","ATAGACAGATGGGGGTGTCGTTTTGG"] ]
    },
    "Fragment": {
        "in": 100000,
        "out": 101,
        "basepairs_in": 60000000,
        "basepairs_out": 54540,
        "flipped": 51,
        "primers_counts": [ ["p5primer1","Ga12HC.10_REV_CHI",100], ["p5primer1","None",501], ["p5primer1","Ga3.10for_mIGH3",1], ["None","Ga3.10for_mIGH3",572], ["None","Ga12HC.10_REV_CHI",25700], ["None","None",73126] ]
    },
    "Single_end": {
        "in": 0,
        "out": 0,
        "basepairs_in": 0,
        "basepairs_out": 0,
        "primerTrim": 0,
        "primerBpTrim": 0,
        "discarded": 0
    },
    "Paired_end": {
        "in": 100000,
        "out": 101,
        "discarded": 99899,
        "Read1": {
            "basepairs_in": 30000000,
            "basepairs_out": 26866,
            "primerTrim": 101,
            "primerBpTrim": 3434
        },
        "Read2": {
            "basepairs_in": 30000000,
            "basepairs_out": 27674,
            "primerTrim": 101,
            "primerBpTrim": 2626
        }
    }
  }, {
    "Program_details": {
        "program": "hts_NTrimmer",
        "version": "1.3.2",
        "options": {
            "append-stats-file": "/nmspipeline//01-Processing/TRIMMER0090_P79/01-PrimerTrim/67-SMARTindex_HC_primers.log",
            "exclude": true,
            "force": false,
            "notes": "",
            "uncompressed": false
        }
    },
    "Fragment": {
        "in": 101,
        "out": 101,
        "basepairs_in": 54540,
        "basepairs_out": 54540
    },
    "Single_end": {
        "in": 0,
        "out": 0,
        "basepairs_in": 0,
        "basepairs_out": 0,
        "rightTrim": 0,
        "leftTrim": 0,
        "discarded": 0
    },
    "Paired_end": {
        "in": 101,
        "out": 101,
        "discarded": 0,
        "Read1": {
            "basepairs_in": 26866,
            "basepairs_out": 26866,
            "leftTrim": 0,
            "rightTrim": 0
        },
        "Read2": {
            "basepairs_in": 27674,
            "basepairs_out": 27674,
            "leftTrim": 0,
            "rightTrim": 0
        }
    }
  }, {
    "Program_details": {
        "program": "hts_SeqScreener",
        "version": "1.3.2",
        "options": {
            "append-stats-file": "/nmspipeline//01-Processing/TRIMMER0090_P79/01-PrimerTrim/67-SMARTindex_HC_primers.log",
            "check-read-2": true,
            "force": false,
            "inverse": false,
            "kmer": 21,
            "notes": "",
            "percentage-hits": 0.01,
            "record": true,
            "seq": "../aberrant_LC.fasta",
            "uncompressed": false
        },
        "screen_info": {
            "screenBP": 96,
            "lookupKmers": 8
        }
    },
    "Fragment": {
        "in": 101,
        "out": 101,
        "basepairs_in": 54540,
        "basepairs_out": 54540
    },
    "Single_end": {
        "in": 0,
        "out": 0,
        "basepairs_in": 0,
        "basepairs_out": 0,
        "hits": 0
    },
    "Paired_end": {
        "in": 101,
        "out": 101,
        "hits": 0,
        "Read1": {
            "basepairs_in": 26866,
            "basepairs_out": 26866
        },
        "Read2": {
            "basepairs_in": 27674,
            "basepairs_out": 27674
        }
    }
  }, {
    "Program_details": {
        "program": "hts_QWindowTrim",
        "version": "1.3.2",
        "options": {
            "append-stats-file": "/nmspipeline//01-Processing/TRIMMER0090_P79/01-PrimerTrim/67-SMARTindex_HC_primers.log",
            "avg-qual-score": 10,
            "force": false,
            "no-left": true,
            "no-right": false,
            "notes": "",
            "qual-offset": 33,
            "uncompressed": false,
            "window-size": 10
        }
    },
    "Fragment": {
        "in": 101,
        "out": 101,
        "basepairs_in": 54540,
        "basepairs_out": 54229
    },
    "Single_end": {
        "in": 0,
        "out": 0,
        "basepairs_in": 0,
        "basepairs_out": 0,
        "rightTrim": 0,
        "leftTrim": 0
    },
    "Paired_end": {
        "in": 101,
        "out": 101,
        "Read1": {
            "basepairs_in": 26866,
            "basepairs_out": 26729,
            "leftTrim": 0,
            "rightTrim": 137
        },
        "Read2": {
            "basepairs_in": 27674,
            "basepairs_out": 27500,
            "leftTrim": 0,
            "rightTrim": 174
        }
    }
  }, {
    "Program_details": {
        "program": "hts_Overlapper",
        "version": "1.3.2",
        "options": {
            "append-stats-file": "/nmspipeline//01-Processing/TRIMMER0090_P79/01-PrimerTrim/67-SMARTindex_HC_primers.log",
            "check-lengths": 20,
            "force": false,
            "force-pairs": false,
            "kmer": 8,
            "kmer-offset": 1,
            "max-mismatch": 100,
            "max-mismatch-errorDensity": 0.25,
            "min-overlap": 8,
            "notes": "",
            "number-of-threads": 1,
            "uncompressed": false
        }
    },
    "Fragment": {
        "in": 101,
        "out": 101,
        "basepairs_in": 54229,
        "basepairs_out": 30556,
        "inserts": {
            "short": 59,
            "medium": 33,
            "long": 9
        },
        "overlap_histogram": [ [27,1], [33,1], [97,1], [128,1], [190,46], [192,1], [205,1], [215,1], [219,1], [230,1], [232,1], [234,1], [240,1], [266,1], [349,1], [415,1], [416,1], [442,10], [444,10], [445,3], [446,1], [453,1], [454,2], [464,1], [499,1], [508,1] ]
    },
    "Single_end": {
        "in": 0,
        "out": 92,
        "basepairs_in": 0,
        "basepairs_out": 25711
    },
    "Paired_end": {
        "in": 101,
        "out": 9,
        "Read1": {
            "basepairs_in": 26729,
            "basepairs_out": 2385
        },
        "Read2": {
            "basepairs_in": 27500,
            "basepairs_out": 2460
        }
    }
  }, {
    "Program_details": {
        "program": "hts_LengthFilter",
        "version": "1.3.2",
        "options": {
            "append-stats-file": "/nmspipeline//01-Processing/TRIMMER0090_P79/01-PrimerTrim/67-SMARTindex_HC_primers.log",
            "fastq-output": "/nmspipeline//01-Processing/TRIMMER0090_P79/01-PrimerTrim/67-SMARTindex_HC_primers",
            "force": true,
            "max-length": 0,
            "min-length": 385,
            "no-orphans": false,
            "notes": "",
            "stranded": false,
            "uncompressed": false
        }
    },
    "Fragment": {
        "in": 101,
        "out": 32,
        "basepairs_in": 30556,
        "basepairs_out": 14304
    },
    "Single_end": {
        "in": 92,
        "out": 32,
        "basepairs_in": 25711,
        "basepairs_out": 14304,
        "discarded": 60
    },
    "Paired_end": {
        "in": 9,
        "out": 0,
        "discarded": 9,
        "Read1": {
            "basepairs_in": 2385,
            "basepairs_out": 0,
            "discarded": 0
        },
        "Read2": {
            "basepairs_in": 2460,
            "basepairs_out": 0,
            "discarded": 0
        }
    }
  }
]
