[ {
    "Program_details": {
        "program": "hts_Primers",
        "version": "1.3.2",
        "options": {
            "flip": true,
            "float": 0,
            "force": false,
            "keep": false,
            "min_primer_matches": 2,
            "notes": "",
            "primer_end_mismatches": 0,
            "primer_mismatches": 0,
            "primers_3p": "../lc_primers.fasta",
            "primers_5p": "TCGTTCCAGTGGTATCAACGCAGAGTACATGGGG",
            "read1-input": [ "/nmspipeline//01-Processing/TRIMMER0090_P79/00-RawData/TRIMMER_Plate79_S1_L001_R1_001_sub.fastq.gz"],
            "read2-input": [ "/nmspipeline//01-Processing/TRIMMER0090_P79/00-RawData/TRIMMER_Plate79_S1_L001_R2_001_sub.fastq.gz"],
            "stats-file": "/nmspipeline//01-Processing/TRIMMER0090_P79/01-PrimerTrim/67-SMARTindex_LC_primers.log",
            "uncompressed": false
        },
        "primers": [ ["p5primer1","TCGTTCCAGTGGTATCAACGCAGAGTACATGGGG"], ["KaLC.6_REV_LC","GGATACAGTTGGTGCAGCATC"], ["LaLC.R-mIGL","ATCGTACACACCAGTGTGGC"], ["p5primer1","TCGTTCCAGTGGTATCAACGCAGAGTACATGGGG"], ["KaLC.6_REV_LC","GGATACAGTTGGTGCAGCATC"], ["LaLC.R-mIGL","ATCGTACACACCAGTGTGGC"] ]
    },
    "Fragment": {
        "in": 100000,
        "out": 428,
        "basepairs_in": 60000000,
        "basepairs_out": 233262,
        "flipped": 203,
        "primers_counts": [ ["p5primer1","LaLC.R-mIGL",2], ["p5primer1","None",174], ["p5primer1","KaLC.6_REV_LC",426], ["None","None",40200], ["None","KaLC.6_REV_LC",56354], ["None","LaLC.R-mIGL",2844] ]
    },
    "Single_end": {
        "in": 0,
        "out": 0,
        "basepairs_in": 0,
        "basepairs_out": 0,
        "primerTrim": 0,
        "primerBpTrim": 0,
        "discarded": 0
    },
    "Paired_end": {
        "in": 100000,
        "out": 428,
        "discarded": 99572,
        "Read1": {
            "basepairs_in": 30000000,
            "basepairs_out": 113848,
            "primerTrim": 428,
            "primerBpTrim": 14552
        },
        "Read2": {
            "basepairs_in": 30000000,
            "basepairs_out": 119414,
            "primerTrim": 428,
            "primerBpTrim": 8986
        }
    }
  }, {
    "Program_details": {
        "program": "hts_NTrimmer",
        "version": "1.3.2",
        "options": {
            "append-stats-file": "/nmspipeline//01-Processing/TRIMMER0090_P79/01-PrimerTrim/67-SMARTindex_LC_primers.log",
            "exclude": true,
            "force": false,
            "notes": "",
            "uncompressed": false
        }
    },
    "Fragment": {
        "in": 428,
        "out": 428,
        "basepairs_in": 233262,
        "basepairs_out": 233262
    },
    "Single_end": {
        "in": 0,
        "out": 0,
        "basepairs_in": 0,
        "basepairs_out": 0,
        "rightTrim": 0,
        "leftTrim": 0,
        "discarded": 0
    },
    "Paired_end": {
        "in": 428,
        "out": 428,
        "discarded": 0,
        "Read1": {
            "basepairs_in": 113848,
            "basepairs_out": 113848,
            "leftTrim": 0,
            "rightTrim": 0
        },
        "Read2": {
            "basepairs_in": 119414,
            "basepairs_out": 119414,
            "leftTrim": 0,
            "rightTrim": 0
        }
    }
  }, {
    "Program_details": {
        "program": "hts_SeqScreener",
        "version": "1.3.2",
        "options": {
            "append-stats-file": "/nmspipeline//01-Processing/TRIMMER0090_P79/01-PrimerTrim/67-SMARTindex_LC_primers.log",
            "check-read-2": true,
            "force": false,
            "inverse": false,
            "kmer": 21,
            "notes": "",
            "percentage-hits": 0.01,
            "record": true,
            "seq": "../aberrant_LC.fasta",
            "uncompressed": false
        },
        "screen_info": {
            "screenBP": 96,
            "lookupKmers": 8
        }
    },
    "Fragment": {
        "in": 428,
        "out": 428,
        "basepairs_in": 233262,
        "basepairs_out": 233262
    },
    "Single_end": {
        "in": 0,
        "out": 0,
        "basepairs_in": 0,
        "basepairs_out": 0,
        "hits": 0
    },
    "Paired_end": {
        "in": 428,
        "out": 428,
        "hits": 131,
        "Read1": {
            "basepairs_in": 113848,
            "basepairs_out": 113848
        },
        "Read2": {
            "basepairs_in": 119414,
            "basepairs_out": 119414
        }
    }
  }, {
    "Program_details": {
        "program": "hts_QWindowTrim",
        "version": "1.3.2",
        "options": {
            "append-stats-file": "/nmspipeline//01-Processing/TRIMMER0090_P79/01-PrimerTrim/67-SMARTindex_LC_primers.log",
            "avg-qual-score": 10,
            "force": false,
            "no-left": true,
            "no-right": false,
            "notes": "",
            "qual-offset": 33,
            "uncompressed": false,
            "window-size": 10
        }
    },
    "Fragment": {
        "in": 428,
        "out": 428,
        "basepairs_in": 233262,
        "basepairs_out": 232585
    },
    "Single_end": {
        "in": 0,
        "out": 0,
        "basepairs_in": 0,
        "basepairs_out": 0,
        "rightTrim": 0,
        "leftTrim": 0
    },
    "Paired_end": {
        "in": 428,
        "out": 428,
        "Read1": {
            "basepairs_in": 113848,
            "basepairs_out": 113543,
            "leftTrim": 0,
            "rightTrim": 305
        },
        "Read2": {
            "basepairs_in": 119414,
            "basepairs_out": 119042,
            "leftTrim": 0,
            "rightTrim": 372
        }
    }
  }, {
    "Program_details": {
        "program": "hts_Overlapper",
        "version": "1.3.2",
        "options": {
            "append-stats-file": "/nmspipeline//01-Processing/TRIMMER0090_P79/01-PrimerTrim/67-SMARTindex_LC_primers.log",
            "check-lengths": 20,
            "force": false,
            "force-pairs": false,
            "kmer": 8,
            "kmer-offset": 1,
            "max-mismatch": 100,
            "max-mismatch-errorDensity": 0.25,
            "min-overlap": 8,
            "notes": "",
            "number-of-threads": 1,
            "uncompressed": false
        }
    },
    "Fragment": {
        "in": 428,
        "out": 428,
        "basepairs_in": 232585,
        "basepairs_out": 178755,
        "inserts": {
            "short": 22,
            "medium": 382,
            "long": 24
        },
        "overlap_histogram": [ [15,2], [32,1], [43,1], [48,1], [49,1], [58,1], [70,1], [83,1], [84,1], [88,1], [91,1], [101,1], [122,1], [130,1], [131,1], [138,1], [140,1], [193,1], [211,1], [214,1], [231,1], [332,1], [334,1], [350,1], [385,1], [396,1], [398,2], [399,12], [408,1], [415,1], [417,1], [418,51], [419,1], [420,6], [421,7], [422,12], [423,13], [424,1], [427,1], [429,2], [430,12], [431,39], [432,17], [433,2], [434,167], [435,17], [436,1], [439,1], [440,5], [442,2], [446,1], [448,1], [456,1] ]
    },
    "Single_end": {
        "in": 0,
        "out": 404,
        "basepairs_in": 0,
        "basepairs_out": 165745
    },
    "Paired_end": {
        "in": 428,
        "out": 24,
        "Read1": {
            "basepairs_in": 113543,
            "basepairs_out": 6340
        },
        "Read2": {
            "basepairs_in": 119042,
            "basepairs_out": 6670
        }
    }
  }, {
    "Program_details": {
        "program": "hts_LengthFilter",
        "version": "1.3.2",
        "options": {
            "append-stats-file": "/nmspipeline//01-Processing/TRIMMER0090_P79/01-PrimerTrim/67-SMARTindex_LC_primers.log",
            "fastq-output": "/nmspipeline//01-Processing/TRIMMER0090_P79/01-PrimerTrim/67-SMARTindex_LC_primers",
            "force": true,
            "max-length": 0,
            "min-length": 385,
            "no-orphans": false,
            "notes": "",
            "stranded": false,
            "uncompressed": false
        }
    },
    "Fragment": {
        "in": 428,
        "out": 379,
        "basepairs_in": 178755,
        "basepairs_out": 162442
    },
    "Single_end": {
        "in": 404,
        "out": 379,
        "basepairs_in": 165745,
        "basepairs_out": 162442,
        "discarded": 25
    },
    "Paired_end": {
        "in": 24,
        "out": 0,
        "discarded": 24,
        "Read1": {
            "basepairs_in": 6340,
            "basepairs_out": 0,
            "discarded": 0
        },
        "Read2": {
            "basepairs_in": 6670,
            "basepairs_out": 0,
            "discarded": 0
        }
    }
  }
]
