[ {
    "Program_details": {
        "program": "hts_Primers",
        "version": "1.3.2",
        "options": {
            "flip": true,
            "float": 0,
            "force": false,
            "keep": false,
            "min_primer_matches": 2,
            "notes": "",
            "primer_end_mismatches": 0,
            "primer_mismatches": 0,
            "primers_3p": "../lc_primers.fasta",
            "primers_5p": "AGTTGACAGTGGTATCAACGCAGAGTACATGGGG",
            "read1-input": [ "/nmspipeline//01-Processing/TRIMMER0090_P79/00-RawData/TRIMMER_Plate79_S1_L001_R1_001_sub.fastq.gz"],
            "read2-input": [ "/nmspipeline//01-Processing/TRIMMER0090_P79/00-RawData/TRIMMER_Plate79_S1_L001_R2_001_sub.fastq.gz"],
            "stats-file": "/nmspipeline//01-Processing/TRIMMER0090_P79/01-PrimerTrim/69-SMARTindex_LC_primers.log",
            "uncompressed": false
        },
        "primers": [ ["p5primer1","AGTTGACAGTGGTATCAACGCAGAGTACATGGGG"], ["KaLC.6_REV_LC","GGATACAGTTGGTGCAGCATC"], ["LaLC.R-mIGL","ATCGTACACACCAGTGTGGC"], ["p5primer1","AGTTGACAGTGGTATCAACGCAGAGTACATGGGG"], ["KaLC.6_REV_LC","GGATACAGTTGGTGCAGCATC"], ["LaLC.R-mIGL","ATCGTACACACCAGTGTGGC"] ]
    },
    "Fragment": {
        "in": 100000,
        "out": 489,
        "basepairs_in": 60000000,
        "basepairs_out": 266509,
        "flipped": 197,
        "primers_counts": [ ["p5primer1","LaLC.R-mIGL",4], ["p5primer1","KaLC.6_REV_LC",485], ["p5primer1","None",442], ["None","None",39932], ["None","KaLC.6_REV_LC",56295], ["None","LaLC.R-mIGL",2842] ]
    },
    "Single_end": {
        "in": 0,
        "out": 0,
        "basepairs_in": 0,
        "basepairs_out": 0,
        "primerTrim": 0,
        "primerBpTrim": 0,
        "discarded": 0
    },
    "Paired_end": {
        "in": 100000,
        "out": 489,
        "discarded": 99511,
        "Read1": {
            "basepairs_in": 30000000,
            "basepairs_out": 130074,
            "primerTrim": 489,
            "primerBpTrim": 16626
        },
        "Read2": {
            "basepairs_in": 30000000,
            "basepairs_out": 136435,
            "primerTrim": 489,
            "primerBpTrim": 10265
        }
    }
  }, {
    "Program_details": {
        "program": "hts_NTrimmer",
        "version": "1.3.2",
        "options": {
            "append-stats-file": "/nmspipeline//01-Processing/TRIMMER0090_P79/01-PrimerTrim/69-SMARTindex_LC_primers.log",
            "exclude": true,
            "force": false,
            "notes": "",
            "uncompressed": false
        }
    },
    "Fragment": {
        "in": 489,
        "out": 489,
        "basepairs_in": 266509,
        "basepairs_out": 266509
    },
    "Single_end": {
        "in": 0,
        "out": 0,
        "basepairs_in": 0,
        "basepairs_out": 0,
        "rightTrim": 0,
        "leftTrim": 0,
        "discarded": 0
    },
    "Paired_end": {
        "in": 489,
        "out": 489,
        "discarded": 0,
        "Read1": {
            "basepairs_in": 130074,
            "basepairs_out": 130074,
            "leftTrim": 0,
            "rightTrim": 0
        },
        "Read2": {
            "basepairs_in": 136435,
            "basepairs_out": 136435,
            "leftTrim": 0,
            "rightTrim": 0
        }
    }
  }, {
    "Program_details": {
        "program": "hts_SeqScreener",
        "version": "1.3.2",
        "options": {
            "append-stats-file": "/nmspipeline//01-Processing/TRIMMER0090_P79/01-PrimerTrim/69-SMARTindex_LC_primers.log",
            "check-read-2": true,
            "force": false,
            "inverse": false,
            "kmer": 21,
            "notes": "",
            "percentage-hits": 0.01,
            "record": true,
            "seq": "../aberrant_LC.fasta",
            "uncompressed": false
        },
        "screen_info": {
            "screenBP": 96,
            "lookupKmers": 8
        }
    },
    "Fragment": {
        "in": 489,
        "out": 489,
        "basepairs_in": 266509,
        "basepairs_out": 266509
    },
    "Single_end": {
        "in": 0,
        "out": 0,
        "basepairs_in": 0,
        "basepairs_out": 0,
        "hits": 0
    },
    "Paired_end": {
        "in": 489,
        "out": 489,
        "hits": 432,
        "Read1": {
            "basepairs_in": 130074,
            "basepairs_out": 130074
        },
        "Read2": {
            "basepairs_in": 136435,
            "basepairs_out": 136435
        }
    }
  }, {
    "Program_details": {
        "program": "hts_QWindowTrim",
        "version": "1.3.2",
        "options": {
            "append-stats-file": "/nmspipeline//01-Processing/TRIMMER0090_P79/01-PrimerTrim/69-SMARTindex_LC_primers.log",
            "avg-qual-score": 10,
            "force": false,
            "no-left": true,
            "no-right": false,
            "notes": "",
            "qual-offset": 33,
            "uncompressed": false,
            "window-size": 10
        }
    },
    "Fragment": {
        "in": 489,
        "out": 489,
        "basepairs_in": 266509,
        "basepairs_out": 265524
    },
    "Single_end": {
        "in": 0,
        "out": 0,
        "basepairs_in": 0,
        "basepairs_out": 0,
        "rightTrim": 0,
        "leftTrim": 0
    },
    "Paired_end": {
        "in": 489,
        "out": 489,
        "Read1": {
            "basepairs_in": 130074,
            "basepairs_out": 129654,
            "leftTrim": 0,
            "rightTrim": 420
        },
        "Read2": {
            "basepairs_in": 136435,
            "basepairs_out": 135870,
            "leftTrim": 0,
            "rightTrim": 565
        }
    }
  }, {
    "Program_details": {
        "program": "hts_Overlapper",
        "version": "1.3.2",
        "options": {
            "append-stats-file": "/nmspipeline//01-Processing/TRIMMER0090_P79/01-PrimerTrim/69-SMARTindex_LC_primers.log",
            "check-lengths": 20,
            "force": false,
            "force-pairs": false,
            "kmer": 8,
            "kmer-offset": 1,
            "max-mismatch": 100,
            "max-mismatch-errorDensity": 0.25,
            "min-overlap": 8,
            "notes": "",
            "number-of-threads": 1,
            "uncompressed": false
        }
    },
    "Fragment": {
        "in": 489,
        "out": 489,
        "basepairs_in": 265524,
        "basepairs_out": 200655,
        "inserts": {
            "short": 28,
            "medium": 432,
            "long": 29
        },
        "overlap_histogram": [ [27,1], [31,1], [36,2], [38,1], [39,1], [58,1], [73,1], [79,1], [83,1], [84,1], [87,1], [89,1], [91,1], [93,2], [95,1], [100,1], [125,1], [158,1], [161,1], [166,2], [178,2], [206,2], [237,1], [319,1], [342,1], [354,1], [359,1], [364,1], [369,1], [390,5], [392,1], [394,9], [395,1], [396,2], [398,3], [399,4], [403,1], [407,1], [409,1], [415,1], [416,3], [417,3], [418,29], [419,3], [420,7], [421,42], [422,15], [423,29], [424,10], [425,214], [426,25], [427,2], [428,5], [430,1], [431,3], [437,1], [439,1], [440,1], [441,1], [444,1], [447,1] ]
    },
    "Single_end": {
        "in": 0,
        "out": 460,
        "basepairs_in": 0,
        "basepairs_out": 184921
    },
    "Paired_end": {
        "in": 489,
        "out": 29,
        "Read1": {
            "basepairs_in": 129654,
            "basepairs_out": 7683
        },
        "Read2": {
            "basepairs_in": 135870,
            "basepairs_out": 8051
        }
    }
  }, {
    "Program_details": {
        "program": "hts_LengthFilter",
        "version": "1.3.2",
        "options": {
            "append-stats-file": "/nmspipeline//01-Processing/TRIMMER0090_P79/01-PrimerTrim/69-SMARTindex_LC_primers.log",
            "fastq-output": "/nmspipeline//01-Processing/TRIMMER0090_P79/01-PrimerTrim/69-SMARTindex_LC_primers",
            "force": true,
            "max-length": 0,
            "min-length": 385,
            "no-orphans": false,
            "notes": "",
            "stranded": false,
            "uncompressed": false
        }
    },
    "Fragment": {
        "in": 489,
        "out": 426,
        "basepairs_in": 200655,
        "basepairs_out": 179801
    },
    "Single_end": {
        "in": 460,
        "out": 426,
        "basepairs_in": 184921,
        "basepairs_out": 179801,
        "discarded": 34
    },
    "Paired_end": {
        "in": 29,
        "out": 0,
        "discarded": 29,
        "Read1": {
            "basepairs_in": 7683,
            "basepairs_out": 0,
            "discarded": 0
        },
        "Read2": {
            "basepairs_in": 8051,
            "basepairs_out": 0,
            "discarded": 0
        }
    }
  }
]
