[ {
    "Program_details": {
        "program": "hts_Primers",
        "version": "1.3.2",
        "options": {
            "flip": true,
            "float": 0,
            "force": false,
            "keep": false,
            "min_primer_matches": 2,
            "notes": "",
            "primer_end_mismatches": 0,
            "primer_mismatches": 0,
            "primers_3p": "../hc_primers.fasta",
            "primers_5p": "AGTTGACAGTGGTATCAACGCAGAGTACATGGGG",
            "read1-input": [ "/nmspipeline//01-Processing/TRIMMER0090_P79/00-RawData/TRIMMER_Plate79_S1_L001_R1_001_sub.fastq.gz"],
            "read2-input": [ "/nmspipeline//01-Processing/TRIMMER0090_P79/00-RawData/TRIMMER_Plate79_S1_L001_R2_001_sub.fastq.gz"],
            "stats-file": "/nmspipeline//01-Processing/TRIMMER0090_P79/01-PrimerTrim/69-SMARTindex_HC_primers.log",
            "uncompressed": false
        },
        "primers": [ ["p5primer1","AGTTGACAGTGGTATCAACGCAGAGTACATGGGG"], ["Ga3.10for_mIGH3","GGATAGACAGATGGGGCTGTTGTTGT"], ["Ga12HC.10_REV_CHI","ATAGACAGATGGGGGTGTCGTTTTGG"], ["p5primer1","AGTTGACAGTGGTATCAACGCAGAGTACATGGGG"], ["Ga3.10for_mIGH3","GGATAGACAGATGGGGCTGTTGTTGT"], ["Ga12HC.10_REV_CHI","ATAGACAGATGGGGGTGTCGTTTTGG"] ]
    },
    "Fragment": {
        "in": 100000,
        "out": 321,
        "basepairs_in": 60000000,
        "basepairs_out": 173340,
        "flipped": 122,
        "primers_counts": [ ["p5primer1","Ga12HC.10_REV_CHI",321], ["p5primer1","None",610], ["None","Ga3.10for_mIGH3",573], ["None","Ga12HC.10_REV_CHI",25479], ["None","None",73017] ]
    },
    "Single_end": {
        "in": 0,
        "out": 0,
        "basepairs_in": 0,
        "basepairs_out": 0,
        "primerTrim": 0,
        "primerBpTrim": 0,
        "discarded": 0
    },
    "Paired_end": {
        "in": 100000,
        "out": 321,
        "discarded": 99679,
        "Read1": {
            "basepairs_in": 30000000,
            "basepairs_out": 85386,
            "primerTrim": 321,
            "primerBpTrim": 10914
        },
        "Read2": {
            "basepairs_in": 30000000,
            "basepairs_out": 87954,
            "primerTrim": 321,
            "primerBpTrim": 8346
        }
    }
  }, {
    "Program_details": {
        "program": "hts_NTrimmer",
        "version": "1.3.2",
        "options": {
            "append-stats-file": "/nmspipeline//01-Processing/TRIMMER0090_P79/01-PrimerTrim/69-SMARTindex_HC_primers.log",
            "exclude": true,
            "force": false,
            "notes": "",
            "uncompressed": false
        }
    },
    "Fragment": {
        "in": 321,
        "out": 321,
        "basepairs_in": 173340,
        "basepairs_out": 173340
    },
    "Single_end": {
        "in": 0,
        "out": 0,
        "basepairs_in": 0,
        "basepairs_out": 0,
        "rightTrim": 0,
        "leftTrim": 0,
        "discarded": 0
    },
    "Paired_end": {
        "in": 321,
        "out": 321,
        "discarded": 0,
        "Read1": {
            "basepairs_in": 85386,
            "basepairs_out": 85386,
            "leftTrim": 0,
            "rightTrim": 0
        },
        "Read2": {
            "basepairs_in": 87954,
            "basepairs_out": 87954,
            "leftTrim": 0,
            "rightTrim": 0
        }
    }
  }, {
    "Program_details": {
        "program": "hts_SeqScreener",
        "version": "1.3.2",
        "options": {
            "append-stats-file": "/nmspipeline//01-Processing/TRIMMER0090_P79/01-PrimerTrim/69-SMARTindex_HC_primers.log",
            "check-read-2": true,
            "force": false,
            "inverse": false,
            "kmer": 21,
            "notes": "",
            "percentage-hits": 0.01,
            "record": true,
            "seq": "../aberrant_LC.fasta",
            "uncompressed": false
        },
        "screen_info": {
            "screenBP": 96,
            "lookupKmers": 8
        }
    },
    "Fragment": {
        "in": 321,
        "out": 321,
        "basepairs_in": 173340,
        "basepairs_out": 173340
    },
    "Single_end": {
        "in": 0,
        "out": 0,
        "basepairs_in": 0,
        "basepairs_out": 0,
        "hits": 0
    },
    "Paired_end": {
        "in": 321,
        "out": 321,
        "hits": 0,
        "Read1": {
            "basepairs_in": 85386,
            "basepairs_out": 85386
        },
        "Read2": {
            "basepairs_in": 87954,
            "basepairs_out": 87954
        }
    }
  }, {
    "Program_details": {
        "program": "hts_QWindowTrim",
        "version": "1.3.2",
        "options": {
            "append-stats-file": "/nmspipeline//01-Processing/TRIMMER0090_P79/01-PrimerTrim/69-SMARTindex_HC_primers.log",
            "avg-qual-score": 10,
            "force": false,
            "no-left": true,
            "no-right": false,
            "notes": "",
            "qual-offset": 33,
            "uncompressed": false,
            "window-size": 10
        }
    },
    "Fragment": {
        "in": 321,
        "out": 321,
        "basepairs_in": 173340,
        "basepairs_out": 172385
    },
    "Single_end": {
        "in": 0,
        "out": 0,
        "basepairs_in": 0,
        "basepairs_out": 0,
        "rightTrim": 0,
        "leftTrim": 0
    },
    "Paired_end": {
        "in": 321,
        "out": 321,
        "Read1": {
            "basepairs_in": 85386,
            "basepairs_out": 85022,
            "leftTrim": 0,
            "rightTrim": 364
        },
        "Read2": {
            "basepairs_in": 87954,
            "basepairs_out": 87363,
            "leftTrim": 0,
            "rightTrim": 591
        }
    }
  }, {
    "Program_details": {
        "program": "hts_Overlapper",
        "version": "1.3.2",
        "options": {
            "append-stats-file": "/nmspipeline//01-Processing/TRIMMER0090_P79/01-PrimerTrim/69-SMARTindex_HC_primers.log",
            "check-lengths": 20,
            "force": false,
            "force-pairs": false,
            "kmer": 8,
            "kmer-offset": 1,
            "max-mismatch": 100,
            "max-mismatch-errorDensity": 0.25,
            "min-overlap": 8,
            "notes": "",
            "number-of-threads": 1,
            "uncompressed": false
        }
    },
    "Fragment": {
        "in": 321,
        "out": 321,
        "basepairs_in": 172385,
        "basepairs_out": 132943,
        "inserts": {
            "short": 52,
            "medium": 253,
            "long": 16
        },
        "overlap_histogram": [ [9,1], [23,1], [24,1], [26,1], [33,2], [34,1], [35,1], [40,2], [52,1], [53,1], [57,1], [72,1], [73,1], [77,5], [86,1], [90,1], [91,1], [96,1], [97,1], [99,3], [106,1], [113,1], [123,1], [125,1], [128,1], [131,1], [138,1], [147,1], [168,1], [188,1], [201,1], [204,2], [222,1], [229,2], [240,2], [242,1], [254,1], [262,4], [288,1], [406,1], [413,1], [416,1], [418,2], [438,1], [439,2], [440,4], [443,1], [463,3], [464,1], [465,3], [466,2], [467,29], [468,7], [469,152], [470,9], [471,24], [472,4], [473,2], [484,1], [489,1], [497,1] ]
    },
    "Single_end": {
        "in": 0,
        "out": 305,
        "basepairs_in": 0,
        "basepairs_out": 124429
    },
    "Paired_end": {
        "in": 321,
        "out": 16,
        "Read1": {
            "basepairs_in": 85022,
            "basepairs_out": 4243
        },
        "Read2": {
            "basepairs_in": 87363,
            "basepairs_out": 4271
        }
    }
  }, {
    "Program_details": {
        "program": "hts_LengthFilter",
        "version": "1.3.2",
        "options": {
            "append-stats-file": "/nmspipeline//01-Processing/TRIMMER0090_P79/01-PrimerTrim/69-SMARTindex_HC_primers.log",
            "fastq-output": "/nmspipeline//01-Processing/TRIMMER0090_P79/01-PrimerTrim/69-SMARTindex_HC_primers",
            "force": true,
            "max-length": 0,
            "min-length": 385,
            "no-orphans": false,
            "notes": "",
            "stranded": false,
            "uncompressed": false
        }
    },
    "Fragment": {
        "in": 321,
        "out": 252,
        "basepairs_in": 132943,
        "basepairs_out": 117715
    },
    "Single_end": {
        "in": 305,
        "out": 252,
        "basepairs_in": 124429,
        "basepairs_out": 117715,
        "discarded": 53
    },
    "Paired_end": {
        "in": 16,
        "out": 0,
        "discarded": 16,
        "Read1": {
            "basepairs_in": 4243,
            "basepairs_out": 0,
            "discarded": 0
        },
        "Read2": {
            "basepairs_in": 4271,
            "basepairs_out": 0,
            "discarded": 0
        }
    }
  }
]
