[ {
    "Program_details": {
        "program": "hts_Primers",
        "version": "1.3.2",
        "options": {
            "flip": true,
            "float": 0,
            "force": false,
            "keep": false,
            "min_primer_matches": 2,
            "notes": "",
            "primer_end_mismatches": 0,
            "primer_mismatches": 0,
            "primers_3p": "../lc_primers.fasta",
            "primers_5p": "CAGATGCAGTGGTATCAACGCAGAGTACATGGGG",
            "read1-input": [ "/nmspipeline//01-Processing/TRIMMER0090_P79/00-RawData/TRIMMER_Plate79_S1_L001_R1_001_sub.fastq.gz"],
            "read2-input": [ "/nmspipeline//01-Processing/TRIMMER0090_P79/00-RawData/TRIMMER_Plate79_S1_L001_R2_001_sub.fastq.gz"],
            "stats-file": "/nmspipeline//01-Processing/TRIMMER0090_P79/01-PrimerTrim/71-SMARTindex_LC_primers.log",
            "uncompressed": false
        },
        "primers": [ ["p5primer1","CAGATGCAGTGGTATCAACGCAGAGTACATGGGG"], ["KaLC.6_REV_LC","GGATACAGTTGGTGCAGCATC"], ["LaLC.R-mIGL","ATCGTACACACCAGTGTGGC"], ["p5primer1","CAGATGCAGTGGTATCAACGCAGAGTACATGGGG"], ["KaLC.6_REV_LC","GGATACAGTTGGTGCAGCATC"], ["LaLC.R-mIGL","ATCGTACACACCAGTGTGGC"] ]
    },
    "Fragment": {
        "in": 100000,
        "out": 477,
        "basepairs_in": 60000000,
        "basepairs_out": 259970,
        "flipped": 219,
        "primers_counts": [ ["p5primer1","LaLC.R-mIGL",5], ["p5primer1","None",270], ["p5primer1","KaLC.6_REV_LC",472], ["None","None",40104], ["None","KaLC.6_REV_LC",56308], ["None","LaLC.R-mIGL",2841] ]
    },
    "Single_end": {
        "in": 0,
        "out": 0,
        "basepairs_in": 0,
        "basepairs_out": 0,
        "primerTrim": 0,
        "primerBpTrim": 0,
        "discarded": 0
    },
    "Paired_end": {
        "in": 100000,
        "out": 477,
        "discarded": 99523,
        "Read1": {
            "basepairs_in": 30000000,
            "basepairs_out": 126882,
            "primerTrim": 477,
            "primerBpTrim": 16218
        },
        "Read2": {
            "basepairs_in": 30000000,
            "basepairs_out": 133088,
            "primerTrim": 477,
            "primerBpTrim": 10012
        }
    }
  }, {
    "Program_details": {
        "program": "hts_NTrimmer",
        "version": "1.3.2",
        "options": {
            "append-stats-file": "/nmspipeline//01-Processing/TRIMMER0090_P79/01-PrimerTrim/71-SMARTindex_LC_primers.log",
            "exclude": true,
            "force": false,
            "notes": "",
            "uncompressed": false
        }
    },
    "Fragment": {
        "in": 477,
        "out": 476,
        "basepairs_in": 259970,
        "basepairs_out": 259425
    },
    "Single_end": {
        "in": 0,
        "out": 0,
        "basepairs_in": 0,
        "basepairs_out": 0,
        "rightTrim": 0,
        "leftTrim": 0,
        "discarded": 0
    },
    "Paired_end": {
        "in": 477,
        "out": 476,
        "discarded": 1,
        "Read1": {
            "basepairs_in": 126882,
            "basepairs_out": 126616,
            "leftTrim": 0,
            "rightTrim": 0
        },
        "Read2": {
            "basepairs_in": 133088,
            "basepairs_out": 132809,
            "leftTrim": 0,
            "rightTrim": 0
        }
    }
  }, {
    "Program_details": {
        "program": "hts_SeqScreener",
        "version": "1.3.2",
        "options": {
            "append-stats-file": "/nmspipeline//01-Processing/TRIMMER0090_P79/01-PrimerTrim/71-SMARTindex_LC_primers.log",
            "check-read-2": true,
            "force": false,
            "inverse": false,
            "kmer": 21,
            "notes": "",
            "percentage-hits": 0.01,
            "record": true,
            "seq": "../aberrant_LC.fasta",
            "uncompressed": false
        },
        "screen_info": {
            "screenBP": 96,
            "lookupKmers": 8
        }
    },
    "Fragment": {
        "in": 476,
        "out": 476,
        "basepairs_in": 259425,
        "basepairs_out": 259425
    },
    "Single_end": {
        "in": 0,
        "out": 0,
        "basepairs_in": 0,
        "basepairs_out": 0,
        "hits": 0
    },
    "Paired_end": {
        "in": 476,
        "out": 476,
        "hits": 325,
        "Read1": {
            "basepairs_in": 126616,
            "basepairs_out": 126616
        },
        "Read2": {
            "basepairs_in": 132809,
            "basepairs_out": 132809
        }
    }
  }, {
    "Program_details": {
        "program": "hts_QWindowTrim",
        "version": "1.3.2",
        "options": {
            "append-stats-file": "/nmspipeline//01-Processing/TRIMMER0090_P79/01-PrimerTrim/71-SMARTindex_LC_primers.log",
            "avg-qual-score": 10,
            "force": false,
            "no-left": true,
            "no-right": false,
            "notes": "",
            "qual-offset": 33,
            "uncompressed": false,
            "window-size": 10
        }
    },
    "Fragment": {
        "in": 476,
        "out": 476,
        "basepairs_in": 259425,
        "basepairs_out": 258622
    },
    "Single_end": {
        "in": 0,
        "out": 0,
        "basepairs_in": 0,
        "basepairs_out": 0,
        "rightTrim": 0,
        "leftTrim": 0
    },
    "Paired_end": {
        "in": 476,
        "out": 476,
        "Read1": {
            "basepairs_in": 126616,
            "basepairs_out": 126266,
            "leftTrim": 0,
            "rightTrim": 350
        },
        "Read2": {
            "basepairs_in": 132809,
            "basepairs_out": 132356,
            "leftTrim": 0,
            "rightTrim": 453
        }
    }
  }, {
    "Program_details": {
        "program": "hts_Overlapper",
        "version": "1.3.2",
        "options": {
            "append-stats-file": "/nmspipeline//01-Processing/TRIMMER0090_P79/01-PrimerTrim/71-SMARTindex_LC_primers.log",
            "check-lengths": 20,
            "force": false,
            "force-pairs": false,
            "kmer": 8,
            "kmer-offset": 1,
            "max-mismatch": 100,
            "max-mismatch-errorDensity": 0.25,
            "min-overlap": 8,
            "notes": "",
            "number-of-threads": 1,
            "uncompressed": false
        }
    },
    "Fragment": {
        "in": 476,
        "out": 476,
        "basepairs_in": 258622,
        "basepairs_out": 191889,
        "inserts": {
            "short": 42,
            "medium": 400,
            "long": 34
        },
        "overlap_histogram": [ [28,1], [29,1], [41,1], [44,1], [49,1], [50,1], [52,1], [55,1], [58,1], [67,3], [68,1], [76,1], [79,1], [80,1], [84,1], [88,2], [89,5], [112,1], [113,1], [116,1], [121,1], [133,1], [140,1], [145,2], [152,1], [164,1], [165,1], [182,1], [193,1], [219,1], [222,1], [229,1], [254,1], [255,1], [288,1], [295,1], [301,2], [323,1], [337,1], [343,1], [345,1], [351,1], [366,1], [380,1], [381,1], [389,1], [392,1], [395,1], [396,3], [397,4], [398,9], [399,18], [400,2], [406,1], [408,1], [414,1], [416,4], [417,3], [418,113], [419,8], [420,6], [421,19], [422,34], [423,38], [424,2], [425,2], [435,1], [436,2], [439,3], [440,17], [441,10], [442,11], [443,6], [444,49], [445,13], [446,1], [449,1], [453,1], [456,1], [492,1] ]
    },
    "Single_end": {
        "in": 0,
        "out": 442,
        "basepairs_in": 0,
        "basepairs_out": 173441
    },
    "Paired_end": {
        "in": 476,
        "out": 34,
        "Read1": {
            "basepairs_in": 126266,
            "basepairs_out": 9005
        },
        "Read2": {
            "basepairs_in": 132356,
            "basepairs_out": 9443
        }
    }
  }, {
    "Program_details": {
        "program": "hts_LengthFilter",
        "version": "1.3.2",
        "options": {
            "append-stats-file": "/nmspipeline//01-Processing/TRIMMER0090_P79/01-PrimerTrim/71-SMARTindex_LC_primers.log",
            "fastq-output": "/nmspipeline//01-Processing/TRIMMER0090_P79/01-PrimerTrim/71-SMARTindex_LC_primers",
            "force": true,
            "max-length": 0,
            "min-length": 385,
            "no-orphans": false,
            "notes": "",
            "stranded": false,
            "uncompressed": false
        }
    },
    "Fragment": {
        "in": 476,
        "out": 388,
        "basepairs_in": 191889,
        "basepairs_out": 164755
    },
    "Single_end": {
        "in": 442,
        "out": 388,
        "basepairs_in": 173441,
        "basepairs_out": 164755,
        "discarded": 54
    },
    "Paired_end": {
        "in": 34,
        "out": 0,
        "discarded": 34,
        "Read1": {
            "basepairs_in": 9005,
            "basepairs_out": 0,
            "discarded": 0
        },
        "Read2": {
            "basepairs_in": 9443,
            "basepairs_out": 0,
            "discarded": 0
        }
    }
  }
]
