[ {
    "Program_details": {
        "program": "hts_Primers",
        "version": "1.3.2",
        "options": {
            "flip": true,
            "float": 0,
            "force": false,
            "keep": false,
            "min_primer_matches": 2,
            "notes": "",
            "primer_end_mismatches": 0,
            "primer_mismatches": 0,
            "primers_3p": "../hc_primers.fasta",
            "primers_5p": "CAGATGCAGTGGTATCAACGCAGAGTACATGGGG",
            "read1-input": [ "/nmspipeline//01-Processing/TRIMMER0090_P79/00-RawData/TRIMMER_Plate79_S1_L001_R1_001_sub.fastq.gz"],
            "read2-input": [ "/nmspipeline//01-Processing/TRIMMER0090_P79/00-RawData/TRIMMER_Plate79_S1_L001_R2_001_sub.fastq.gz"],
            "stats-file": "/nmspipeline//01-Processing/TRIMMER0090_P79/01-PrimerTrim/71-SMARTindex_HC_primers.log",
            "uncompressed": false
        },
        "primers": [ ["p5primer1","CAGATGCAGTGGTATCAACGCAGAGTACATGGGG"], ["Ga3.10for_mIGH3","GGATAGACAGATGGGGCTGTTGTTGT"], ["Ga12HC.10_REV_CHI","ATAGACAGATGGGGGTGTCGTTTTGG"], ["p5primer1","CAGATGCAGTGGTATCAACGCAGAGTACATGGGG"], ["Ga3.10for_mIGH3","GGATAGACAGATGGGGCTGTTGTTGT"], ["Ga12HC.10_REV_CHI","ATAGACAGATGGGGGTGTCGTTTTGG"] ]
    },
    "Fragment": {
        "in": 100000,
        "out": 168,
        "basepairs_in": 60000000,
        "basepairs_out": 90720,
        "flipped": 65,
        "primers_counts": [ ["p5primer1","Ga12HC.10_REV_CHI",168], ["None","Ga3.10for_mIGH3",573], ["p5primer1","None",579], ["None","Ga12HC.10_REV_CHI",25632], ["None","None",73048] ]
    },
    "Single_end": {
        "in": 0,
        "out": 0,
        "basepairs_in": 0,
        "basepairs_out": 0,
        "primerTrim": 0,
        "primerBpTrim": 0,
        "discarded": 0
    },
    "Paired_end": {
        "in": 100000,
        "out": 168,
        "discarded": 99832,
        "Read1": {
            "basepairs_in": 30000000,
            "basepairs_out": 44688,
            "primerTrim": 168,
            "primerBpTrim": 5712
        },
        "Read2": {
            "basepairs_in": 30000000,
            "basepairs_out": 46032,
            "primerTrim": 168,
            "primerBpTrim": 4368
        }
    }
  }, {
    "Program_details": {
        "program": "hts_NTrimmer",
        "version": "1.3.2",
        "options": {
            "append-stats-file": "/nmspipeline//01-Processing/TRIMMER0090_P79/01-PrimerTrim/71-SMARTindex_HC_primers.log",
            "exclude": true,
            "force": false,
            "notes": "",
            "uncompressed": false
        }
    },
    "Fragment": {
        "in": 168,
        "out": 168,
        "basepairs_in": 90720,
        "basepairs_out": 90720
    },
    "Single_end": {
        "in": 0,
        "out": 0,
        "basepairs_in": 0,
        "basepairs_out": 0,
        "rightTrim": 0,
        "leftTrim": 0,
        "discarded": 0
    },
    "Paired_end": {
        "in": 168,
        "out": 168,
        "discarded": 0,
        "Read1": {
            "basepairs_in": 44688,
            "basepairs_out": 44688,
            "leftTrim": 0,
            "rightTrim": 0
        },
        "Read2": {
            "basepairs_in": 46032,
            "basepairs_out": 46032,
            "leftTrim": 0,
            "rightTrim": 0
        }
    }
  }, {
    "Program_details": {
        "program": "hts_SeqScreener",
        "version": "1.3.2",
        "options": {
            "append-stats-file": "/nmspipeline//01-Processing/TRIMMER0090_P79/01-PrimerTrim/71-SMARTindex_HC_primers.log",
            "check-read-2": true,
            "force": false,
            "inverse": false,
            "kmer": 21,
            "notes": "",
            "percentage-hits": 0.01,
            "record": true,
            "seq": "../aberrant_LC.fasta",
            "uncompressed": false
        },
        "screen_info": {
            "screenBP": 96,
            "lookupKmers": 8
        }
    },
    "Fragment": {
        "in": 168,
        "out": 168,
        "basepairs_in": 90720,
        "basepairs_out": 90720
    },
    "Single_end": {
        "in": 0,
        "out": 0,
        "basepairs_in": 0,
        "basepairs_out": 0,
        "hits": 0
    },
    "Paired_end": {
        "in": 168,
        "out": 168,
        "hits": 0,
        "Read1": {
            "basepairs_in": 44688,
            "basepairs_out": 44688
        },
        "Read2": {
            "basepairs_in": 46032,
            "basepairs_out": 46032
        }
    }
  }, {
    "Program_details": {
        "program": "hts_QWindowTrim",
        "version": "1.3.2",
        "options": {
            "append-stats-file": "/nmspipeline//01-Processing/TRIMMER0090_P79/01-PrimerTrim/71-SMARTindex_HC_primers.log",
            "avg-qual-score": 10,
            "force": false,
            "no-left": true,
            "no-right": false,
            "notes": "",
            "qual-offset": 33,
            "uncompressed": false,
            "window-size": 10
        }
    },
    "Fragment": {
        "in": 168,
        "out": 168,
        "basepairs_in": 90720,
        "basepairs_out": 90381
    },
    "Single_end": {
        "in": 0,
        "out": 0,
        "basepairs_in": 0,
        "basepairs_out": 0,
        "rightTrim": 0,
        "leftTrim": 0
    },
    "Paired_end": {
        "in": 168,
        "out": 168,
        "Read1": {
            "basepairs_in": 44688,
            "basepairs_out": 44444,
            "leftTrim": 0,
            "rightTrim": 244
        },
        "Read2": {
            "basepairs_in": 46032,
            "basepairs_out": 45937,
            "leftTrim": 0,
            "rightTrim": 95
        }
    }
  }, {
    "Program_details": {
        "program": "hts_Overlapper",
        "version": "1.3.2",
        "options": {
            "append-stats-file": "/nmspipeline//01-Processing/TRIMMER0090_P79/01-PrimerTrim/71-SMARTindex_HC_primers.log",
            "check-lengths": 20,
            "force": false,
            "force-pairs": false,
            "kmer": 8,
            "kmer-offset": 1,
            "max-mismatch": 100,
            "max-mismatch-errorDensity": 0.25,
            "min-overlap": 8,
            "notes": "",
            "number-of-threads": 1,
            "uncompressed": false
        }
    },
    "Fragment": {
        "in": 168,
        "out": 168,
        "basepairs_in": 90381,
        "basepairs_out": 77715,
        "inserts": {
            "short": 15,
            "medium": 128,
            "long": 25
        },
        "overlap_histogram": [ [24,1], [28,1], [30,1], [32,1], [37,1], [44,1], [78,1], [125,3], [143,1], [191,1], [203,1], [252,1], [272,1], [324,1], [366,1], [394,1], [404,1], [436,1], [477,1], [485,1], [486,4], [487,1], [488,3], [489,18], [490,2], [491,5], [492,12], [493,4], [494,10], [495,50], [496,9], [501,1], [513,1], [532,1] ]
    },
    "Single_end": {
        "in": 0,
        "out": 143,
        "basepairs_in": 0,
        "basepairs_out": 64303
    },
    "Paired_end": {
        "in": 168,
        "out": 25,
        "Read1": {
            "basepairs_in": 44444,
            "basepairs_out": 6598
        },
        "Read2": {
            "basepairs_in": 45937,
            "basepairs_out": 6814
        }
    }
  }, {
    "Program_details": {
        "program": "hts_LengthFilter",
        "version": "1.3.2",
        "options": {
            "append-stats-file": "/nmspipeline//01-Processing/TRIMMER0090_P79/01-PrimerTrim/71-SMARTindex_HC_primers.log",
            "fastq-output": "/nmspipeline//01-Processing/TRIMMER0090_P79/01-PrimerTrim/71-SMARTindex_HC_primers",
            "force": true,
            "max-length": 0,
            "min-length": 385,
            "no-orphans": false,
            "notes": "",
            "stranded": false,
            "uncompressed": false
        }
    },
    "Fragment": {
        "in": 168,
        "out": 126,
        "basepairs_in": 77715,
        "basepairs_out": 61904
    },
    "Single_end": {
        "in": 143,
        "out": 126,
        "basepairs_in": 64303,
        "basepairs_out": 61904,
        "discarded": 17
    },
    "Paired_end": {
        "in": 25,
        "out": 0,
        "discarded": 25,
        "Read1": {
            "basepairs_in": 6598,
            "basepairs_out": 0,
            "discarded": 0
        },
        "Read2": {
            "basepairs_in": 6814,
            "basepairs_out": 0,
            "discarded": 0
        }
    }
  }
]
