[ {
    "Program_details": {
        "program": "hts_Primers",
        "version": "1.3.2",
        "options": {
            "flip": true,
            "float": 0,
            "force": false,
            "keep": false,
            "min_primer_matches": 2,
            "notes": "",
            "primer_end_mismatches": 0,
            "primer_mismatches": 0,
            "primers_3p": "../lc_primers.fasta",
            "primers_5p": "GTAGAACAGTGGTATCAACGCAGAGTACATGGGG",
            "read1-input": [ "/nmspipeline//01-Processing/TRIMMER0090_P79/00-RawData/TRIMMER_Plate79_S1_L001_R1_001_sub.fastq.gz"],
            "read2-input": [ "/nmspipeline//01-Processing/TRIMMER0090_P79/00-RawData/TRIMMER_Plate79_S1_L001_R2_001_sub.fastq.gz"],
            "stats-file": "/nmspipeline//01-Processing/TRIMMER0090_P79/01-PrimerTrim/72-SMARTindex_LC_primers.log",
            "uncompressed": false
        },
        "primers": [ ["p5primer1","GTAGAACAGTGGTATCAACGCAGAGTACATGGGG"], ["KaLC.6_REV_LC","GGATACAGTTGGTGCAGCATC"], ["LaLC.R-mIGL","ATCGTACACACCAGTGTGGC"], ["p5primer1","GTAGAACAGTGGTATCAACGCAGAGTACATGGGG"], ["KaLC.6_REV_LC","GGATACAGTTGGTGCAGCATC"], ["LaLC.R-mIGL","ATCGTACACACCAGTGTGGC"] ]
    },
    "Fragment": {
        "in": 100000,
        "out": 1237,
        "basepairs_in": 60000000,
        "basepairs_out": 674172,
        "flipped": 519,
        "primers_counts": [ ["p5primer1","LaLC.R-mIGL",7], ["p5primer1","KaLC.6_REV_LC",1230], ["p5primer1","None",1793], ["None","None",38581], ["None","KaLC.6_REV_LC",55550], ["None","LaLC.R-mIGL",2839] ]
    },
    "Single_end": {
        "in": 0,
        "out": 0,
        "basepairs_in": 0,
        "basepairs_out": 0,
        "primerTrim": 0,
        "primerBpTrim": 0,
        "discarded": 0
    },
    "Paired_end": {
        "in": 100000,
        "out": 1237,
        "discarded": 98763,
        "Read1": {
            "basepairs_in": 30000000,
            "basepairs_out": 329042,
            "primerTrim": 1237,
            "primerBpTrim": 42058
        },
        "Read2": {
            "basepairs_in": 30000000,
            "basepairs_out": 345130,
            "primerTrim": 1237,
            "primerBpTrim": 25970
        }
    }
  }, {
    "Program_details": {
        "program": "hts_NTrimmer",
        "version": "1.3.2",
        "options": {
            "append-stats-file": "/nmspipeline//01-Processing/TRIMMER0090_P79/01-PrimerTrim/72-SMARTindex_LC_primers.log",
            "exclude": true,
            "force": false,
            "notes": "",
            "uncompressed": false
        }
    },
    "Fragment": {
        "in": 1237,
        "out": 1236,
        "basepairs_in": 674172,
        "basepairs_out": 673627
    },
    "Single_end": {
        "in": 0,
        "out": 0,
        "basepairs_in": 0,
        "basepairs_out": 0,
        "rightTrim": 0,
        "leftTrim": 0,
        "discarded": 0
    },
    "Paired_end": {
        "in": 1237,
        "out": 1236,
        "discarded": 1,
        "Read1": {
            "basepairs_in": 329042,
            "basepairs_out": 328776,
            "leftTrim": 0,
            "rightTrim": 0
        },
        "Read2": {
            "basepairs_in": 345130,
            "basepairs_out": 344851,
            "leftTrim": 0,
            "rightTrim": 0
        }
    }
  }, {
    "Program_details": {
        "program": "hts_SeqScreener",
        "version": "1.3.2",
        "options": {
            "append-stats-file": "/nmspipeline//01-Processing/TRIMMER0090_P79/01-PrimerTrim/72-SMARTindex_LC_primers.log",
            "check-read-2": true,
            "force": false,
            "inverse": false,
            "kmer": 21,
            "notes": "",
            "percentage-hits": 0.01,
            "record": true,
            "seq": "../aberrant_LC.fasta",
            "uncompressed": false
        },
        "screen_info": {
            "screenBP": 96,
            "lookupKmers": 8
        }
    },
    "Fragment": {
        "in": 1236,
        "out": 1236,
        "basepairs_in": 673627,
        "basepairs_out": 673627
    },
    "Single_end": {
        "in": 0,
        "out": 0,
        "basepairs_in": 0,
        "basepairs_out": 0,
        "hits": 0
    },
    "Paired_end": {
        "in": 1236,
        "out": 1236,
        "hits": 369,
        "Read1": {
            "basepairs_in": 328776,
            "basepairs_out": 328776
        },
        "Read2": {
            "basepairs_in": 344851,
            "basepairs_out": 344851
        }
    }
  }, {
    "Program_details": {
        "program": "hts_QWindowTrim",
        "version": "1.3.2",
        "options": {
            "append-stats-file": "/nmspipeline//01-Processing/TRIMMER0090_P79/01-PrimerTrim/72-SMARTindex_LC_primers.log",
            "avg-qual-score": 10,
            "force": false,
            "no-left": true,
            "no-right": false,
            "notes": "",
            "qual-offset": 33,
            "uncompressed": false,
            "window-size": 10
        }
    },
    "Fragment": {
        "in": 1236,
        "out": 1236,
        "basepairs_in": 673627,
        "basepairs_out": 671478
    },
    "Single_end": {
        "in": 0,
        "out": 0,
        "basepairs_in": 0,
        "basepairs_out": 0,
        "rightTrim": 0,
        "leftTrim": 0
    },
    "Paired_end": {
        "in": 1236,
        "out": 1236,
        "Read1": {
            "basepairs_in": 328776,
            "basepairs_out": 327845,
            "leftTrim": 0,
            "rightTrim": 931
        },
        "Read2": {
            "basepairs_in": 344851,
            "basepairs_out": 343633,
            "leftTrim": 0,
            "rightTrim": 1218
        }
    }
  }, {
    "Program_details": {
        "program": "hts_Overlapper",
        "version": "1.3.2",
        "options": {
            "append-stats-file": "/nmspipeline//01-Processing/TRIMMER0090_P79/01-PrimerTrim/72-SMARTindex_LC_primers.log",
            "check-lengths": 20,
            "force": false,
            "force-pairs": false,
            "kmer": 8,
            "kmer-offset": 1,
            "max-mismatch": 100,
            "max-mismatch-errorDensity": 0.25,
            "min-overlap": 8,
            "notes": "",
            "number-of-threads": 1,
            "uncompressed": false
        }
    },
    "Fragment": {
        "in": 1236,
        "out": 1236,
        "basepairs_in": 671478,
        "basepairs_out": 508795,
        "inserts": {
            "short": 65,
            "medium": 1089,
            "long": 82
        },
        "overlap_histogram": [ [15,1], [28,1], [29,1], [36,2], [38,1], [39,1], [48,1], [55,1], [64,1], [73,1], [80,1], [83,1], [85,1], [87,2], [88,1], [89,2], [91,1], [97,1], [99,1], [102,1], [115,2], [116,1], [121,2], [122,1], [125,1], [127,2], [133,1], [140,2], [142,2], [143,1], [145,1], [154,2], [155,1], [160,1], [163,1], [174,2], [175,2], [176,1], [183,2], [196,1], [197,1], [201,1], [207,1], [210,1], [213,1], [217,2], [220,1], [236,1], [238,1], [258,1], [261,1], [264,1], [281,1], [282,1], [283,1], [289,1], [293,1], [302,1], [324,1], [330,1], [335,2], [337,2], [342,1], [361,1], [369,1], [376,1], [382,1], [385,1], [389,4], [390,1], [391,27], [393,2], [394,3], [396,1], [397,1], [398,17], [399,20], [400,1], [406,1], [407,1], [409,3], [410,2], [412,2], [413,1], [414,4], [415,2], [416,2], [417,8], [418,181], [419,26], [420,55], [421,45], [422,495], [423,73], [424,10], [425,32], [426,3], [427,4], [428,1], [429,1], [433,2], [436,1], [437,2], [438,1], [440,23], [441,1], [442,5], [443,1], [444,4], [445,1], [453,1] ]
    },
    "Single_end": {
        "in": 0,
        "out": 1154,
        "basepairs_in": 0,
        "basepairs_out": 464428
    },
    "Paired_end": {
        "in": 1236,
        "out": 82,
        "Read1": {
            "basepairs_in": 327845,
            "basepairs_out": 21622
        },
        "Read2": {
            "basepairs_in": 343633,
            "basepairs_out": 22745
        }
    }
  }, {
    "Program_details": {
        "program": "hts_LengthFilter",
        "version": "1.3.2",
        "options": {
            "append-stats-file": "/nmspipeline//01-Processing/TRIMMER0090_P79/01-PrimerTrim/72-SMARTindex_LC_primers.log",
            "fastq-output": "/nmspipeline//01-Processing/TRIMMER0090_P79/01-PrimerTrim/72-SMARTindex_LC_primers",
            "force": true,
            "max-length": 0,
            "min-length": 385,
            "no-orphans": false,
            "notes": "",
            "stranded": false,
            "uncompressed": false
        }
    },
    "Fragment": {
        "in": 1236,
        "out": 1072,
        "basepairs_in": 508795,
        "basepairs_out": 450097
    },
    "Single_end": {
        "in": 1154,
        "out": 1072,
        "basepairs_in": 464428,
        "basepairs_out": 450097,
        "discarded": 82
    },
    "Paired_end": {
        "in": 82,
        "out": 0,
        "discarded": 82,
        "Read1": {
            "basepairs_in": 21622,
            "basepairs_out": 0,
            "discarded": 0
        },
        "Read2": {
            "basepairs_in": 22745,
            "basepairs_out": 0,
            "discarded": 0
        }
    }
  }
]
