[ {
    "Program_details": {
        "program": "hts_Primers",
        "version": "1.3.2",
        "options": {
            "flip": true,
            "float": 0,
            "force": false,
            "keep": false,
            "min_primer_matches": 2,
            "notes": "",
            "primer_end_mismatches": 0,
            "primer_mismatches": 0,
            "primers_3p": "../hc_primers.fasta",
            "primers_5p": "GTAGAACAGTGGTATCAACGCAGAGTACATGGGG",
            "read1-input": [ "/nmspipeline//01-Processing/TRIMMER0090_P79/00-RawData/TRIMMER_Plate79_S1_L001_R1_001_sub.fastq.gz"],
            "read2-input": [ "/nmspipeline//01-Processing/TRIMMER0090_P79/00-RawData/TRIMMER_Plate79_S1_L001_R2_001_sub.fastq.gz"],
            "stats-file": "/nmspipeline//01-Processing/TRIMMER0090_P79/01-PrimerTrim/72-SMARTindex_HC_primers.log",
            "uncompressed": false
        },
        "primers": [ ["p5primer1","GTAGAACAGTGGTATCAACGCAGAGTACATGGGG"], ["Ga3.10for_mIGH3","GGATAGACAGATGGGGCTGTTGTTGT"], ["Ga12HC.10_REV_CHI","ATAGACAGATGGGGGTGTCGTTTTGG"], ["p5primer1","GTAGAACAGTGGTATCAACGCAGAGTACATGGGG"], ["Ga3.10for_mIGH3","GGATAGACAGATGGGGCTGTTGTTGT"], ["Ga12HC.10_REV_CHI","ATAGACAGATGGGGGTGTCGTTTTGG"] ]
    },
    "Fragment": {
        "in": 100000,
        "out": 1442,
        "basepairs_in": 60000000,
        "basepairs_out": 778680,
        "flipped": 654,
        "primers_counts": [ ["None","Ga3.10for_mIGH3",573], ["p5primer1","Ga12HC.10_REV_CHI",1442], ["p5primer1","None",1588], ["None","Ga12HC.10_REV_CHI",24358], ["None","None",72039] ]
    },
    "Single_end": {
        "in": 0,
        "out": 0,
        "basepairs_in": 0,
        "basepairs_out": 0,
        "primerTrim": 0,
        "primerBpTrim": 0,
        "discarded": 0
    },
    "Paired_end": {
        "in": 100000,
        "out": 1442,
        "discarded": 98558,
        "Read1": {
            "basepairs_in": 30000000,
            "basepairs_out": 383572,
            "primerTrim": 1442,
            "primerBpTrim": 49028
        },
        "Read2": {
            "basepairs_in": 30000000,
            "basepairs_out": 395108,
            "primerTrim": 1442,
            "primerBpTrim": 37492
        }
    }
  }, {
    "Program_details": {
        "program": "hts_NTrimmer",
        "version": "1.3.2",
        "options": {
            "append-stats-file": "/nmspipeline//01-Processing/TRIMMER0090_P79/01-PrimerTrim/72-SMARTindex_HC_primers.log",
            "exclude": true,
            "force": false,
            "notes": "",
            "uncompressed": false
        }
    },
    "Fragment": {
        "in": 1442,
        "out": 1442,
        "basepairs_in": 778680,
        "basepairs_out": 778680
    },
    "Single_end": {
        "in": 0,
        "out": 0,
        "basepairs_in": 0,
        "basepairs_out": 0,
        "rightTrim": 0,
        "leftTrim": 0,
        "discarded": 0
    },
    "Paired_end": {
        "in": 1442,
        "out": 1442,
        "discarded": 0,
        "Read1": {
            "basepairs_in": 383572,
            "basepairs_out": 383572,
            "leftTrim": 0,
            "rightTrim": 0
        },
        "Read2": {
            "basepairs_in": 395108,
            "basepairs_out": 395108,
            "leftTrim": 0,
            "rightTrim": 0
        }
    }
  }, {
    "Program_details": {
        "program": "hts_SeqScreener",
        "version": "1.3.2",
        "options": {
            "append-stats-file": "/nmspipeline//01-Processing/TRIMMER0090_P79/01-PrimerTrim/72-SMARTindex_HC_primers.log",
            "check-read-2": true,
            "force": false,
            "inverse": false,
            "kmer": 21,
            "notes": "",
            "percentage-hits": 0.01,
            "record": true,
            "seq": "../aberrant_LC.fasta",
            "uncompressed": false
        },
        "screen_info": {
            "screenBP": 96,
            "lookupKmers": 8
        }
    },
    "Fragment": {
        "in": 1442,
        "out": 1442,
        "basepairs_in": 778680,
        "basepairs_out": 778680
    },
    "Single_end": {
        "in": 0,
        "out": 0,
        "basepairs_in": 0,
        "basepairs_out": 0,
        "hits": 0
    },
    "Paired_end": {
        "in": 1442,
        "out": 1442,
        "hits": 0,
        "Read1": {
            "basepairs_in": 383572,
            "basepairs_out": 383572
        },
        "Read2": {
            "basepairs_in": 395108,
            "basepairs_out": 395108
        }
    }
  }, {
    "Program_details": {
        "program": "hts_QWindowTrim",
        "version": "1.3.2",
        "options": {
            "append-stats-file": "/nmspipeline//01-Processing/TRIMMER0090_P79/01-PrimerTrim/72-SMARTindex_HC_primers.log",
            "avg-qual-score": 10,
            "force": false,
            "no-left": true,
            "no-right": false,
            "notes": "",
            "qual-offset": 33,
            "uncompressed": false,
            "window-size": 10
        }
    },
    "Fragment": {
        "in": 1442,
        "out": 1442,
        "basepairs_in": 778680,
        "basepairs_out": 775817
    },
    "Single_end": {
        "in": 0,
        "out": 0,
        "basepairs_in": 0,
        "basepairs_out": 0,
        "rightTrim": 0,
        "leftTrim": 0
    },
    "Paired_end": {
        "in": 1442,
        "out": 1442,
        "Read1": {
            "basepairs_in": 383572,
            "basepairs_out": 382342,
            "leftTrim": 0,
            "rightTrim": 1230
        },
        "Read2": {
            "basepairs_in": 395108,
            "basepairs_out": 393475,
            "leftTrim": 0,
            "rightTrim": 1633
        }
    }
  }, {
    "Program_details": {
        "program": "hts_Overlapper",
        "version": "1.3.2",
        "options": {
            "append-stats-file": "/nmspipeline//01-Processing/TRIMMER0090_P79/01-PrimerTrim/72-SMARTindex_HC_primers.log",
            "check-lengths": 20,
            "force": false,
            "force-pairs": false,
            "kmer": 8,
            "kmer-offset": 1,
            "max-mismatch": 100,
            "max-mismatch-errorDensity": 0.25,
            "min-overlap": 8,
            "notes": "",
            "number-of-threads": 1,
            "uncompressed": false
        }
    },
    "Fragment": {
        "in": 1442,
        "out": 1442,
        "basepairs_in": 775817,
        "basepairs_out": 658599,
        "inserts": {
            "short": 59,
            "medium": 1266,
            "long": 117
        },
        "overlap_histogram": [ [17,1], [23,1], [25,1], [27,1], [30,2], [32,3], [39,1], [40,2], [48,1], [52,2], [53,1], [54,1], [61,1], [62,1], [78,1], [81,1], [82,1], [87,1], [90,1], [96,1], [103,1], [109,3], [112,2], [116,3], [120,1], [123,1], [125,2], [139,3], [150,1], [155,2], [159,1], [160,1], [186,1], [197,1], [206,1], [210,2], [215,1], [217,2], [220,1], [231,1], [238,1], [248,1], [257,1], [279,1], [298,1], [302,1], [307,1], [310,1], [312,1], [352,1], [365,1], [385,1], [404,1], [405,1], [420,1], [426,2], [440,1], [442,1], [443,6], [444,1], [445,1], [446,1], [449,1], [453,1], [454,1], [455,1], [459,3], [460,1], [461,3], [462,3], [463,9], [464,26], [465,934], [466,21], [467,32], [468,13], [469,8], [471,6], [472,2], [473,40], [474,3], [475,113], [476,4], [477,10], [492,1], [512,3], [513,2] ]
    },
    "Single_end": {
        "in": 0,
        "out": 1325,
        "basepairs_in": 0,
        "basepairs_out": 595711
    },
    "Paired_end": {
        "in": 1442,
        "out": 117,
        "Read1": {
            "basepairs_in": 382342,
            "basepairs_out": 31016
        },
        "Read2": {
            "basepairs_in": 393475,
            "basepairs_out": 31872
        }
    }
  }, {
    "Program_details": {
        "program": "hts_LengthFilter",
        "version": "1.3.2",
        "options": {
            "append-stats-file": "/nmspipeline//01-Processing/TRIMMER0090_P79/01-PrimerTrim/72-SMARTindex_HC_primers.log",
            "fastq-output": "/nmspipeline//01-Processing/TRIMMER0090_P79/01-PrimerTrim/72-SMARTindex_HC_primers",
            "force": true,
            "max-length": 0,
            "min-length": 385,
            "no-orphans": false,
            "notes": "",
            "stranded": false,
            "uncompressed": false
        }
    },
    "Fragment": {
        "in": 1442,
        "out": 1258,
        "basepairs_in": 658599,
        "basepairs_out": 586380
    },
    "Single_end": {
        "in": 1325,
        "out": 1258,
        "basepairs_in": 595711,
        "basepairs_out": 586380,
        "discarded": 67
    },
    "Paired_end": {
        "in": 117,
        "out": 0,
        "discarded": 117,
        "Read1": {
            "basepairs_in": 31016,
            "basepairs_out": 0,
            "discarded": 0
        },
        "Read2": {
            "basepairs_in": 31872,
            "basepairs_out": 0,
            "discarded": 0
        }
    }
  }
]
