[ {
    "Program_details": {
        "program": "hts_Primers",
        "version": "1.3.2",
        "options": {
            "flip": true,
            "float": 0,
            "force": false,
            "keep": false,
            "min_primer_matches": 2,
            "notes": "",
            "primer_end_mismatches": 0,
            "primer_mismatches": 0,
            "primers_3p": "../lc_primers.fasta",
            "primers_5p": "GACATCACAGTGGTATCAACGCAGAGTACATGGGG",
            "read1-input": [ "/nmspipeline//01-Processing/TRIMMER0090_P79/00-RawData/TRIMMER_Plate79_S1_L001_R1_001_sub.fastq.gz"],
            "read2-input": [ "/nmspipeline//01-Processing/TRIMMER0090_P79/00-RawData/TRIMMER_Plate79_S1_L001_R2_001_sub.fastq.gz"],
            "stats-file": "/nmspipeline//01-Processing/TRIMMER0090_P79/01-PrimerTrim/73-SMARTindex_LC_primers.log",
            "uncompressed": false
        },
        "primers": [ ["p5primer1","GACATCACAGTGGTATCAACGCAGAGTACATGGGG"], ["KaLC.6_REV_LC","GGATACAGTTGGTGCAGCATC"], ["LaLC.R-mIGL","ATCGTACACACCAGTGTGGC"], ["p5primer1","GACATCACAGTGGTATCAACGCAGAGTACATGGGG"], ["KaLC.6_REV_LC","GGATACAGTTGGTGCAGCATC"], ["LaLC.R-mIGL","ATCGTACACACCAGTGTGGC"] ]
    },
    "Fragment": {
        "in": 100000,
        "out": 347,
        "basepairs_in": 60000000,
        "basepairs_out": 188768,
        "flipped": 145,
        "primers_counts": [ ["p5primer1","KaLC.6_REV_LC",347], ["p5primer1","None",85], ["None","None",40289], ["None","KaLC.6_REV_LC",56433], ["None","LaLC.R-mIGL",2846] ]
    },
    "Single_end": {
        "in": 0,
        "out": 0,
        "basepairs_in": 0,
        "basepairs_out": 0,
        "primerTrim": 0,
        "primerBpTrim": 0,
        "discarded": 0
    },
    "Paired_end": {
        "in": 100000,
        "out": 347,
        "discarded": 99653,
        "Read1": {
            "basepairs_in": 30000000,
            "basepairs_out": 91955,
            "primerTrim": 347,
            "primerBpTrim": 12145
        },
        "Read2": {
            "basepairs_in": 30000000,
            "basepairs_out": 96813,
            "primerTrim": 347,
            "primerBpTrim": 7287
        }
    }
  }, {
    "Program_details": {
        "program": "hts_NTrimmer",
        "version": "1.3.2",
        "options": {
            "append-stats-file": "/nmspipeline//01-Processing/TRIMMER0090_P79/01-PrimerTrim/73-SMARTindex_LC_primers.log",
            "exclude": true,
            "force": false,
            "notes": "",
            "uncompressed": false
        }
    },
    "Fragment": {
        "in": 347,
        "out": 347,
        "basepairs_in": 188768,
        "basepairs_out": 188768
    },
    "Single_end": {
        "in": 0,
        "out": 0,
        "basepairs_in": 0,
        "basepairs_out": 0,
        "rightTrim": 0,
        "leftTrim": 0,
        "discarded": 0
    },
    "Paired_end": {
        "in": 347,
        "out": 347,
        "discarded": 0,
        "Read1": {
            "basepairs_in": 91955,
            "basepairs_out": 91955,
            "leftTrim": 0,
            "rightTrim": 0
        },
        "Read2": {
            "basepairs_in": 96813,
            "basepairs_out": 96813,
            "leftTrim": 0,
            "rightTrim": 0
        }
    }
  }, {
    "Program_details": {
        "program": "hts_SeqScreener",
        "version": "1.3.2",
        "options": {
            "append-stats-file": "/nmspipeline//01-Processing/TRIMMER0090_P79/01-PrimerTrim/73-SMARTindex_LC_primers.log",
            "check-read-2": true,
            "force": false,
            "inverse": false,
            "kmer": 21,
            "notes": "",
            "percentage-hits": 0.01,
            "record": true,
            "seq": "../aberrant_LC.fasta",
            "uncompressed": false
        },
        "screen_info": {
            "screenBP": 96,
            "lookupKmers": 8
        }
    },
    "Fragment": {
        "in": 347,
        "out": 347,
        "basepairs_in": 188768,
        "basepairs_out": 188768
    },
    "Single_end": {
        "in": 0,
        "out": 0,
        "basepairs_in": 0,
        "basepairs_out": 0,
        "hits": 0
    },
    "Paired_end": {
        "in": 347,
        "out": 347,
        "hits": 51,
        "Read1": {
            "basepairs_in": 91955,
            "basepairs_out": 91955
        },
        "Read2": {
            "basepairs_in": 96813,
            "basepairs_out": 96813
        }
    }
  }, {
    "Program_details": {
        "program": "hts_QWindowTrim",
        "version": "1.3.2",
        "options": {
            "append-stats-file": "/nmspipeline//01-Processing/TRIMMER0090_P79/01-PrimerTrim/73-SMARTindex_LC_primers.log",
            "avg-qual-score": 10,
            "force": false,
            "no-left": true,
            "no-right": false,
            "notes": "",
            "qual-offset": 33,
            "uncompressed": false,
            "window-size": 10
        }
    },
    "Fragment": {
        "in": 347,
        "out": 347,
        "basepairs_in": 188768,
        "basepairs_out": 187760
    },
    "Single_end": {
        "in": 0,
        "out": 0,
        "basepairs_in": 0,
        "basepairs_out": 0,
        "rightTrim": 0,
        "leftTrim": 0
    },
    "Paired_end": {
        "in": 347,
        "out": 347,
        "Read1": {
            "basepairs_in": 91955,
            "basepairs_out": 91583,
            "leftTrim": 0,
            "rightTrim": 372
        },
        "Read2": {
            "basepairs_in": 96813,
            "basepairs_out": 96177,
            "leftTrim": 0,
            "rightTrim": 636
        }
    }
  }, {
    "Program_details": {
        "program": "hts_Overlapper",
        "version": "1.3.2",
        "options": {
            "append-stats-file": "/nmspipeline//01-Processing/TRIMMER0090_P79/01-PrimerTrim/73-SMARTindex_LC_primers.log",
            "check-lengths": 20,
            "force": false,
            "force-pairs": false,
            "kmer": 8,
            "kmer-offset": 1,
            "max-mismatch": 100,
            "max-mismatch-errorDensity": 0.25,
            "min-overlap": 8,
            "notes": "",
            "number-of-threads": 1,
            "uncompressed": false
        }
    },
    "Fragment": {
        "in": 347,
        "out": 347,
        "basepairs_in": 187760,
        "basepairs_out": 131872,
        "inserts": {
            "short": 51,
            "medium": 278,
            "long": 18
        },
        "overlap_histogram": [ [15,1], [26,2], [31,1], [32,2], [42,1], [44,1], [48,1], [51,2], [61,1], [63,1], [64,2], [69,4], [72,1], [83,1], [86,1], [87,2], [89,1], [90,1], [92,1], [94,1], [121,1], [127,2], [131,1], [137,2], [144,1], [148,1], [151,1], [154,2], [158,3], [160,2], [164,1], [173,1], [213,2], [215,1], [224,1], [255,1], [293,1], [294,2], [321,1], [329,1], [333,1], [338,1], [341,2], [381,1], [396,2], [397,1], [398,1], [399,9], [400,2], [402,3], [403,8], [404,1], [408,1], [409,1], [412,2], [418,15], [419,6], [420,2], [421,4], [422,78], [423,20], [424,14], [425,15], [426,21], [427,28], [428,1], [436,1], [437,2], [439,1], [440,5], [441,9], [444,11], [445,2], [448,1], [460,1] ]
    },
    "Single_end": {
        "in": 0,
        "out": 329,
        "basepairs_in": 0,
        "basepairs_out": 122131
    },
    "Paired_end": {
        "in": 347,
        "out": 18,
        "Read1": {
            "basepairs_in": 91583,
            "basepairs_out": 4752
        },
        "Read2": {
            "basepairs_in": 96177,
            "basepairs_out": 4989
        }
    }
  }, {
    "Program_details": {
        "program": "hts_LengthFilter",
        "version": "1.3.2",
        "options": {
            "append-stats-file": "/nmspipeline//01-Processing/TRIMMER0090_P79/01-PrimerTrim/73-SMARTindex_LC_primers.log",
            "fastq-output": "/nmspipeline//01-Processing/TRIMMER0090_P79/01-PrimerTrim/73-SMARTindex_LC_primers",
            "force": true,
            "max-length": 0,
            "min-length": 385,
            "no-orphans": false,
            "notes": "",
            "stranded": false,
            "uncompressed": false
        }
    },
    "Fragment": {
        "in": 347,
        "out": 268,
        "basepairs_in": 131872,
        "basepairs_out": 113378
    },
    "Single_end": {
        "in": 329,
        "out": 268,
        "basepairs_in": 122131,
        "basepairs_out": 113378,
        "discarded": 61
    },
    "Paired_end": {
        "in": 18,
        "out": 0,
        "discarded": 18,
        "Read1": {
            "basepairs_in": 4752,
            "basepairs_out": 0,
            "discarded": 0
        },
        "Read2": {
            "basepairs_in": 4989,
            "basepairs_out": 0,
            "discarded": 0
        }
    }
  }
]
