[ {
    "Program_details": {
        "program": "hts_Primers",
        "version": "1.3.2",
        "options": {
            "flip": true,
            "float": 0,
            "force": false,
            "keep": false,
            "min_primer_matches": 2,
            "notes": "",
            "primer_end_mismatches": 0,
            "primer_mismatches": 0,
            "primers_3p": "../lc_primers.fasta",
            "primers_5p": "CGTCGCACAGTGGTATCAACGCAGAGTACATGGGG",
            "read1-input": [ "/nmspipeline//01-Processing/TRIMMER0090_P79/00-RawData/TRIMMER_Plate79_S1_L001_R1_001_sub.fastq.gz"],
            "read2-input": [ "/nmspipeline//01-Processing/TRIMMER0090_P79/00-RawData/TRIMMER_Plate79_S1_L001_R2_001_sub.fastq.gz"],
            "stats-file": "/nmspipeline//01-Processing/TRIMMER0090_P79/01-PrimerTrim/75-SMARTindex_LC_primers.log",
            "uncompressed": false
        },
        "primers": [ ["p5primer1","CGTCGCACAGTGGTATCAACGCAGAGTACATGGGG"], ["KaLC.6_REV_LC","GGATACAGTTGGTGCAGCATC"], ["LaLC.R-mIGL","ATCGTACACACCAGTGTGGC"], ["p5primer1","CGTCGCACAGTGGTATCAACGCAGAGTACATGGGG"], ["KaLC.6_REV_LC","GGATACAGTTGGTGCAGCATC"], ["LaLC.R-mIGL","ATCGTACACACCAGTGTGGC"] ]
    },
    "Fragment": {
        "in": 100000,
        "out": 137,
        "basepairs_in": 60000000,
        "basepairs_out": 74531,
        "flipped": 61,
        "primers_counts": [ ["p5primer1","LaLC.R-mIGL",3], ["p5primer1","KaLC.6_REV_LC",134], ["p5primer1","None",316], ["None","None",40058], ["None","KaLC.6_REV_LC",56646], ["None","LaLC.R-mIGL",2843] ]
    },
    "Single_end": {
        "in": 0,
        "out": 0,
        "basepairs_in": 0,
        "basepairs_out": 0,
        "primerTrim": 0,
        "primerBpTrim": 0,
        "discarded": 0
    },
    "Paired_end": {
        "in": 100000,
        "out": 137,
        "discarded": 99863,
        "Read1": {
            "basepairs_in": 30000000,
            "basepairs_out": 36305,
            "primerTrim": 137,
            "primerBpTrim": 4795
        },
        "Read2": {
            "basepairs_in": 30000000,
            "basepairs_out": 38226,
            "primerTrim": 137,
            "primerBpTrim": 2874
        }
    }
  }, {
    "Program_details": {
        "program": "hts_NTrimmer",
        "version": "1.3.2",
        "options": {
            "append-stats-file": "/nmspipeline//01-Processing/TRIMMER0090_P79/01-PrimerTrim/75-SMARTindex_LC_primers.log",
            "exclude": true,
            "force": false,
            "notes": "",
            "uncompressed": false
        }
    },
    "Fragment": {
        "in": 137,
        "out": 137,
        "basepairs_in": 74531,
        "basepairs_out": 74531
    },
    "Single_end": {
        "in": 0,
        "out": 0,
        "basepairs_in": 0,
        "basepairs_out": 0,
        "rightTrim": 0,
        "leftTrim": 0,
        "discarded": 0
    },
    "Paired_end": {
        "in": 137,
        "out": 137,
        "discarded": 0,
        "Read1": {
            "basepairs_in": 36305,
            "basepairs_out": 36305,
            "leftTrim": 0,
            "rightTrim": 0
        },
        "Read2": {
            "basepairs_in": 38226,
            "basepairs_out": 38226,
            "leftTrim": 0,
            "rightTrim": 0
        }
    }
  }, {
    "Program_details": {
        "program": "hts_SeqScreener",
        "version": "1.3.2",
        "options": {
            "append-stats-file": "/nmspipeline//01-Processing/TRIMMER0090_P79/01-PrimerTrim/75-SMARTindex_LC_primers.log",
            "check-read-2": true,
            "force": false,
            "inverse": false,
            "kmer": 21,
            "notes": "",
            "percentage-hits": 0.01,
            "record": true,
            "seq": "../aberrant_LC.fasta",
            "uncompressed": false
        },
        "screen_info": {
            "screenBP": 96,
            "lookupKmers": 8
        }
    },
    "Fragment": {
        "in": 137,
        "out": 137,
        "basepairs_in": 74531,
        "basepairs_out": 74531
    },
    "Single_end": {
        "in": 0,
        "out": 0,
        "basepairs_in": 0,
        "basepairs_out": 0,
        "hits": 0
    },
    "Paired_end": {
        "in": 137,
        "out": 137,
        "hits": 108,
        "Read1": {
            "basepairs_in": 36305,
            "basepairs_out": 36305
        },
        "Read2": {
            "basepairs_in": 38226,
            "basepairs_out": 38226
        }
    }
  }, {
    "Program_details": {
        "program": "hts_QWindowTrim",
        "version": "1.3.2",
        "options": {
            "append-stats-file": "/nmspipeline//01-Processing/TRIMMER0090_P79/01-PrimerTrim/75-SMARTindex_LC_primers.log",
            "avg-qual-score": 10,
            "force": false,
            "no-left": true,
            "no-right": false,
            "notes": "",
            "qual-offset": 33,
            "uncompressed": false,
            "window-size": 10
        }
    },
    "Fragment": {
        "in": 137,
        "out": 137,
        "basepairs_in": 74531,
        "basepairs_out": 74091
    },
    "Single_end": {
        "in": 0,
        "out": 0,
        "basepairs_in": 0,
        "basepairs_out": 0,
        "rightTrim": 0,
        "leftTrim": 0
    },
    "Paired_end": {
        "in": 137,
        "out": 137,
        "Read1": {
            "basepairs_in": 36305,
            "basepairs_out": 36122,
            "leftTrim": 0,
            "rightTrim": 183
        },
        "Read2": {
            "basepairs_in": 38226,
            "basepairs_out": 37969,
            "leftTrim": 0,
            "rightTrim": 257
        }
    }
  }, {
    "Program_details": {
        "program": "hts_Overlapper",
        "version": "1.3.2",
        "options": {
            "append-stats-file": "/nmspipeline//01-Processing/TRIMMER0090_P79/01-PrimerTrim/75-SMARTindex_LC_primers.log",
            "check-lengths": 20,
            "force": false,
            "force-pairs": false,
            "kmer": 8,
            "kmer-offset": 1,
            "max-mismatch": 100,
            "max-mismatch-errorDensity": 0.25,
            "min-overlap": 8,
            "notes": "",
            "number-of-threads": 1,
            "uncompressed": false
        }
    },
    "Fragment": {
        "in": 137,
        "out": 137,
        "basepairs_in": 74091,
        "basepairs_out": 50732,
        "inserts": {
            "short": 30,
            "medium": 96,
            "long": 11
        },
        "overlap_histogram": [ [14,1], [15,1], [28,1], [32,1], [33,1], [36,2], [42,1], [50,1], [52,1], [60,1], [64,1], [85,1], [86,1], [87,1], [102,1], [107,1], [113,1], [121,1], [160,1], [165,1], [171,1], [176,2], [186,1], [189,1], [209,1], [225,1], [240,1], [264,1], [393,1], [396,2], [398,2], [399,4], [403,2], [409,1], [412,1], [416,2], [417,1], [418,25], [421,3], [422,4], [423,6], [426,1], [433,1], [437,1], [440,2], [446,2], [448,2], [449,23], [450,1], [478,1], [479,8] ]
    },
    "Single_end": {
        "in": 0,
        "out": 126,
        "basepairs_in": 0,
        "basepairs_out": 44767
    },
    "Paired_end": {
        "in": 137,
        "out": 11,
        "Read1": {
            "basepairs_in": 36122,
            "basepairs_out": 2900
        },
        "Read2": {
            "basepairs_in": 37969,
            "basepairs_out": 3065
        }
    }
  }, {
    "Program_details": {
        "program": "hts_LengthFilter",
        "version": "1.3.2",
        "options": {
            "append-stats-file": "/nmspipeline//01-Processing/TRIMMER0090_P79/01-PrimerTrim/75-SMARTindex_LC_primers.log",
            "fastq-output": "/nmspipeline//01-Processing/TRIMMER0090_P79/01-PrimerTrim/75-SMARTindex_LC_primers",
            "force": true,
            "max-length": 0,
            "min-length": 385,
            "no-orphans": false,
            "notes": "",
            "stranded": false,
            "uncompressed": false
        }
    },
    "Fragment": {
        "in": 137,
        "out": 96,
        "basepairs_in": 50732,
        "basepairs_out": 41443
    },
    "Single_end": {
        "in": 126,
        "out": 96,
        "basepairs_in": 44767,
        "basepairs_out": 41443,
        "discarded": 30
    },
    "Paired_end": {
        "in": 11,
        "out": 0,
        "discarded": 11,
        "Read1": {
            "basepairs_in": 2900,
            "basepairs_out": 0,
            "discarded": 0
        },
        "Read2": {
            "basepairs_in": 3065,
            "basepairs_out": 0,
            "discarded": 0
        }
    }
  }
]
