[ {
    "Program_details": {
        "program": "hts_Primers",
        "version": "1.3.2",
        "options": {
            "flip": true,
            "float": 0,
            "force": false,
            "keep": false,
            "min_primer_matches": 2,
            "notes": "",
            "primer_end_mismatches": 0,
            "primer_mismatches": 0,
            "primers_3p": "../hc_primers.fasta",
            "primers_5p": "CGTCGCACAGTGGTATCAACGCAGAGTACATGGGG",
            "read1-input": [ "/nmspipeline//01-Processing/TRIMMER0090_P79/00-RawData/TRIMMER_Plate79_S1_L001_R1_001_sub.fastq.gz"],
            "read2-input": [ "/nmspipeline//01-Processing/TRIMMER0090_P79/00-RawData/TRIMMER_Plate79_S1_L001_R2_001_sub.fastq.gz"],
            "stats-file": "/nmspipeline//01-Processing/TRIMMER0090_P79/01-PrimerTrim/75-SMARTindex_HC_primers.log",
            "uncompressed": false
        },
        "primers": [ ["p5primer1","CGTCGCACAGTGGTATCAACGCAGAGTACATGGGG"], ["Ga3.10for_mIGH3","GGATAGACAGATGGGGCTGTTGTTGT"], ["Ga12HC.10_REV_CHI","ATAGACAGATGGGGGTGTCGTTTTGG"], ["p5primer1","CGTCGCACAGTGGTATCAACGCAGAGTACATGGGG"], ["Ga3.10for_mIGH3","GGATAGACAGATGGGGCTGTTGTTGT"], ["Ga12HC.10_REV_CHI","ATAGACAGATGGGGGTGTCGTTTTGG"] ]
    },
    "Fragment": {
        "in": 100000,
        "out": 248,
        "basepairs_in": 60000000,
        "basepairs_out": 133672,
        "flipped": 131,
        "primers_counts": [ ["p5primer1","Ga12HC.10_REV_CHI",247], ["p5primer1","Ga3.10for_mIGH3",1], ["None","Ga3.10for_mIGH3",572], ["p5primer1","None",205], ["None","Ga12HC.10_REV_CHI",25553], ["None","None",73422] ]
    },
    "Single_end": {
        "in": 0,
        "out": 0,
        "basepairs_in": 0,
        "basepairs_out": 0,
        "primerTrim": 0,
        "primerBpTrim": 0,
        "discarded": 0
    },
    "Paired_end": {
        "in": 100000,
        "out": 248,
        "discarded": 99752,
        "Read1": {
            "basepairs_in": 30000000,
            "basepairs_out": 65720,
            "primerTrim": 248,
            "primerBpTrim": 8680
        },
        "Read2": {
            "basepairs_in": 30000000,
            "basepairs_out": 67952,
            "primerTrim": 248,
            "primerBpTrim": 6448
        }
    }
  }, {
    "Program_details": {
        "program": "hts_NTrimmer",
        "version": "1.3.2",
        "options": {
            "append-stats-file": "/nmspipeline//01-Processing/TRIMMER0090_P79/01-PrimerTrim/75-SMARTindex_HC_primers.log",
            "exclude": true,
            "force": false,
            "notes": "",
            "uncompressed": false
        }
    },
    "Fragment": {
        "in": 248,
        "out": 248,
        "basepairs_in": 133672,
        "basepairs_out": 133672
    },
    "Single_end": {
        "in": 0,
        "out": 0,
        "basepairs_in": 0,
        "basepairs_out": 0,
        "rightTrim": 0,
        "leftTrim": 0,
        "discarded": 0
    },
    "Paired_end": {
        "in": 248,
        "out": 248,
        "discarded": 0,
        "Read1": {
            "basepairs_in": 65720,
            "basepairs_out": 65720,
            "leftTrim": 0,
            "rightTrim": 0
        },
        "Read2": {
            "basepairs_in": 67952,
            "basepairs_out": 67952,
            "leftTrim": 0,
            "rightTrim": 0
        }
    }
  }, {
    "Program_details": {
        "program": "hts_SeqScreener",
        "version": "1.3.2",
        "options": {
            "append-stats-file": "/nmspipeline//01-Processing/TRIMMER0090_P79/01-PrimerTrim/75-SMARTindex_HC_primers.log",
            "check-read-2": true,
            "force": false,
            "inverse": false,
            "kmer": 21,
            "notes": "",
            "percentage-hits": 0.01,
            "record": true,
            "seq": "../aberrant_LC.fasta",
            "uncompressed": false
        },
        "screen_info": {
            "screenBP": 96,
            "lookupKmers": 8
        }
    },
    "Fragment": {
        "in": 248,
        "out": 248,
        "basepairs_in": 133672,
        "basepairs_out": 133672
    },
    "Single_end": {
        "in": 0,
        "out": 0,
        "basepairs_in": 0,
        "basepairs_out": 0,
        "hits": 0
    },
    "Paired_end": {
        "in": 248,
        "out": 248,
        "hits": 0,
        "Read1": {
            "basepairs_in": 65720,
            "basepairs_out": 65720
        },
        "Read2": {
            "basepairs_in": 67952,
            "basepairs_out": 67952
        }
    }
  }, {
    "Program_details": {
        "program": "hts_QWindowTrim",
        "version": "1.3.2",
        "options": {
            "append-stats-file": "/nmspipeline//01-Processing/TRIMMER0090_P79/01-PrimerTrim/75-SMARTindex_HC_primers.log",
            "avg-qual-score": 10,
            "force": false,
            "no-left": true,
            "no-right": false,
            "notes": "",
            "qual-offset": 33,
            "uncompressed": false,
            "window-size": 10
        }
    },
    "Fragment": {
        "in": 248,
        "out": 248,
        "basepairs_in": 133672,
        "basepairs_out": 132885
    },
    "Single_end": {
        "in": 0,
        "out": 0,
        "basepairs_in": 0,
        "basepairs_out": 0,
        "rightTrim": 0,
        "leftTrim": 0
    },
    "Paired_end": {
        "in": 248,
        "out": 248,
        "Read1": {
            "basepairs_in": 65720,
            "basepairs_out": 65384,
            "leftTrim": 0,
            "rightTrim": 336
        },
        "Read2": {
            "basepairs_in": 67952,
            "basepairs_out": 67501,
            "leftTrim": 0,
            "rightTrim": 451
        }
    }
  }, {
    "Program_details": {
        "program": "hts_Overlapper",
        "version": "1.3.2",
        "options": {
            "append-stats-file": "/nmspipeline//01-Processing/TRIMMER0090_P79/01-PrimerTrim/75-SMARTindex_HC_primers.log",
            "check-lengths": 20,
            "force": false,
            "force-pairs": false,
            "kmer": 8,
            "kmer-offset": 1,
            "max-mismatch": 100,
            "max-mismatch-errorDensity": 0.25,
            "min-overlap": 8,
            "notes": "",
            "number-of-threads": 1,
            "uncompressed": false
        }
    },
    "Fragment": {
        "in": 248,
        "out": 248,
        "basepairs_in": 132885,
        "basepairs_out": 105650,
        "inserts": {
            "short": 35,
            "medium": 184,
            "long": 29
        },
        "overlap_histogram": [ [20,2], [30,1], [32,3], [40,1], [47,1], [56,2], [75,1], [85,2], [86,1], [94,2], [100,1], [106,3], [134,1], [143,1], [148,1], [153,2], [183,1], [208,2], [209,1], [225,1], [235,1], [236,2], [246,2], [276,1], [289,1], [296,1], [307,3], [321,1], [324,1], [328,1], [331,1], [414,1], [417,1], [429,1], [459,1], [471,2], [473,10], [474,34], [475,1], [476,28], [477,34], [478,6], [479,11], [480,39], [481,2], [488,1], [492,1], [498,1] ]
    },
    "Single_end": {
        "in": 0,
        "out": 219,
        "basepairs_in": 0,
        "basepairs_out": 90176
    },
    "Paired_end": {
        "in": 248,
        "out": 29,
        "Read1": {
            "basepairs_in": 65384,
            "basepairs_out": 7639
        },
        "Read2": {
            "basepairs_in": 67501,
            "basepairs_out": 7835
        }
    }
  }, {
    "Program_details": {
        "program": "hts_LengthFilter",
        "version": "1.3.2",
        "options": {
            "append-stats-file": "/nmspipeline//01-Processing/TRIMMER0090_P79/01-PrimerTrim/75-SMARTindex_HC_primers.log",
            "fastq-output": "/nmspipeline//01-Processing/TRIMMER0090_P79/01-PrimerTrim/75-SMARTindex_HC_primers",
            "force": true,
            "max-length": 0,
            "min-length": 385,
            "no-orphans": false,
            "notes": "",
            "stranded": false,
            "uncompressed": false
        }
    },
    "Fragment": {
        "in": 248,
        "out": 174,
        "basepairs_in": 105650,
        "basepairs_out": 82825
    },
    "Single_end": {
        "in": 219,
        "out": 174,
        "basepairs_in": 90176,
        "basepairs_out": 82825,
        "discarded": 45
    },
    "Paired_end": {
        "in": 29,
        "out": 0,
        "discarded": 29,
        "Read1": {
            "basepairs_in": 7639,
            "basepairs_out": 0,
            "discarded": 0
        },
        "Read2": {
            "basepairs_in": 7835,
            "basepairs_out": 0,
            "discarded": 0
        }
    }
  }
]
