[ {
    "Program_details": {
        "program": "hts_Primers",
        "version": "1.3.2",
        "options": {
            "flip": true,
            "float": 0,
            "force": false,
            "keep": false,
            "min_primer_matches": 2,
            "notes": "",
            "primer_end_mismatches": 0,
            "primer_mismatches": 0,
            "primers_3p": "../hc_primers.fasta",
            "primers_5p": "ATGGCGACAGTGGTATCAACGCAGAGTACATGGGG",
            "read1-input": [ "/nmspipeline//01-Processing/TRIMMER0090_P79/00-RawData/TRIMMER_Plate79_S1_L001_R1_001_sub.fastq.gz"],
            "read2-input": [ "/nmspipeline//01-Processing/TRIMMER0090_P79/00-RawData/TRIMMER_Plate79_S1_L001_R2_001_sub.fastq.gz"],
            "stats-file": "/nmspipeline//01-Processing/TRIMMER0090_P79/01-PrimerTrim/76-SMARTindex_HC_primers.log",
            "uncompressed": false
        },
        "primers": [ ["p5primer1","ATGGCGACAGTGGTATCAACGCAGAGTACATGGGG"], ["Ga3.10for_mIGH3","GGATAGACAGATGGGGCTGTTGTTGT"], ["Ga12HC.10_REV_CHI","ATAGACAGATGGGGGTGTCGTTTTGG"], ["p5primer1","ATGGCGACAGTGGTATCAACGCAGAGTACATGGGG"], ["Ga3.10for_mIGH3","GGATAGACAGATGGGGCTGTTGTTGT"], ["Ga12HC.10_REV_CHI","ATAGACAGATGGGGGTGTCGTTTTGG"] ]
    },
    "Fragment": {
        "in": 100000,
        "out": 34,
        "basepairs_in": 60000000,
        "basepairs_out": 18326,
        "flipped": 18,
        "primers_counts": [ ["p5primer1","Ga12HC.10_REV_CHI",34], ["p5primer1","None",300], ["None","Ga3.10for_mIGH3",573], ["None","Ga12HC.10_REV_CHI",25766], ["None","None",73327] ]
    },
    "Single_end": {
        "in": 0,
        "out": 0,
        "basepairs_in": 0,
        "basepairs_out": 0,
        "primerTrim": 0,
        "primerBpTrim": 0,
        "discarded": 0
    },
    "Paired_end": {
        "in": 100000,
        "out": 34,
        "discarded": 99966,
        "Read1": {
            "basepairs_in": 30000000,
            "basepairs_out": 9010,
            "primerTrim": 34,
            "primerBpTrim": 1190
        },
        "Read2": {
            "basepairs_in": 30000000,
            "basepairs_out": 9316,
            "primerTrim": 34,
            "primerBpTrim": 884
        }
    }
  }, {
    "Program_details": {
        "program": "hts_NTrimmer",
        "version": "1.3.2",
        "options": {
            "append-stats-file": "/nmspipeline//01-Processing/TRIMMER0090_P79/01-PrimerTrim/76-SMARTindex_HC_primers.log",
            "exclude": true,
            "force": false,
            "notes": "",
            "uncompressed": false
        }
    },
    "Fragment": {
        "in": 34,
        "out": 34,
        "basepairs_in": 18326,
        "basepairs_out": 18326
    },
    "Single_end": {
        "in": 0,
        "out": 0,
        "basepairs_in": 0,
        "basepairs_out": 0,
        "rightTrim": 0,
        "leftTrim": 0,
        "discarded": 0
    },
    "Paired_end": {
        "in": 34,
        "out": 34,
        "discarded": 0,
        "Read1": {
            "basepairs_in": 9010,
            "basepairs_out": 9010,
            "leftTrim": 0,
            "rightTrim": 0
        },
        "Read2": {
            "basepairs_in": 9316,
            "basepairs_out": 9316,
            "leftTrim": 0,
            "rightTrim": 0
        }
    }
  }, {
    "Program_details": {
        "program": "hts_SeqScreener",
        "version": "1.3.2",
        "options": {
            "append-stats-file": "/nmspipeline//01-Processing/TRIMMER0090_P79/01-PrimerTrim/76-SMARTindex_HC_primers.log",
            "check-read-2": true,
            "force": false,
            "inverse": false,
            "kmer": 21,
            "notes": "",
            "percentage-hits": 0.01,
            "record": true,
            "seq": "../aberrant_LC.fasta",
            "uncompressed": false
        },
        "screen_info": {
            "screenBP": 96,
            "lookupKmers": 8
        }
    },
    "Fragment": {
        "in": 34,
        "out": 34,
        "basepairs_in": 18326,
        "basepairs_out": 18326
    },
    "Single_end": {
        "in": 0,
        "out": 0,
        "basepairs_in": 0,
        "basepairs_out": 0,
        "hits": 0
    },
    "Paired_end": {
        "in": 34,
        "out": 34,
        "hits": 0,
        "Read1": {
            "basepairs_in": 9010,
            "basepairs_out": 9010
        },
        "Read2": {
            "basepairs_in": 9316,
            "basepairs_out": 9316
        }
    }
  }, {
    "Program_details": {
        "program": "hts_QWindowTrim",
        "version": "1.3.2",
        "options": {
            "append-stats-file": "/nmspipeline//01-Processing/TRIMMER0090_P79/01-PrimerTrim/76-SMARTindex_HC_primers.log",
            "avg-qual-score": 10,
            "force": false,
            "no-left": true,
            "no-right": false,
            "notes": "",
            "qual-offset": 33,
            "uncompressed": false,
            "window-size": 10
        }
    },
    "Fragment": {
        "in": 34,
        "out": 34,
        "basepairs_in": 18326,
        "basepairs_out": 18270
    },
    "Single_end": {
        "in": 0,
        "out": 0,
        "basepairs_in": 0,
        "basepairs_out": 0,
        "rightTrim": 0,
        "leftTrim": 0
    },
    "Paired_end": {
        "in": 34,
        "out": 34,
        "Read1": {
            "basepairs_in": 9010,
            "basepairs_out": 8980,
            "leftTrim": 0,
            "rightTrim": 30
        },
        "Read2": {
            "basepairs_in": 9316,
            "basepairs_out": 9290,
            "leftTrim": 0,
            "rightTrim": 26
        }
    }
  }, {
    "Program_details": {
        "program": "hts_Overlapper",
        "version": "1.3.2",
        "options": {
            "append-stats-file": "/nmspipeline//01-Processing/TRIMMER0090_P79/01-PrimerTrim/76-SMARTindex_HC_primers.log",
            "check-lengths": 20,
            "force": false,
            "force-pairs": false,
            "kmer": 8,
            "kmer-offset": 1,
            "max-mismatch": 100,
            "max-mismatch-errorDensity": 0.25,
            "min-overlap": 8,
            "notes": "",
            "number-of-threads": 1,
            "uncompressed": false
        }
    },
    "Fragment": {
        "in": 34,
        "out": 34,
        "basepairs_in": 18270,
        "basepairs_out": 14195,
        "inserts": {
            "short": 2,
            "medium": 30,
            "long": 2
        },
        "overlap_histogram": [ [32,1], [106,1], [358,1], [428,1], [429,1], [432,2], [433,3], [435,18], [437,1], [438,1], [440,1], [458,1] ]
    },
    "Single_end": {
        "in": 0,
        "out": 32,
        "basepairs_in": 0,
        "basepairs_out": 13119
    },
    "Paired_end": {
        "in": 34,
        "out": 2,
        "Read1": {
            "basepairs_in": 8980,
            "basepairs_out": 528
        },
        "Read2": {
            "basepairs_in": 9290,
            "basepairs_out": 548
        }
    }
  }, {
    "Program_details": {
        "program": "hts_LengthFilter",
        "version": "1.3.2",
        "options": {
            "append-stats-file": "/nmspipeline//01-Processing/TRIMMER0090_P79/01-PrimerTrim/76-SMARTindex_HC_primers.log",
            "fastq-output": "/nmspipeline//01-Processing/TRIMMER0090_P79/01-PrimerTrim/76-SMARTindex_HC_primers",
            "force": true,
            "max-length": 0,
            "min-length": 385,
            "no-orphans": false,
            "notes": "",
            "stranded": false,
            "uncompressed": false
        }
    },
    "Fragment": {
        "in": 34,
        "out": 29,
        "basepairs_in": 14195,
        "basepairs_out": 12623
    },
    "Single_end": {
        "in": 32,
        "out": 29,
        "basepairs_in": 13119,
        "basepairs_out": 12623,
        "discarded": 3
    },
    "Paired_end": {
        "in": 2,
        "out": 0,
        "discarded": 2,
        "Read1": {
            "basepairs_in": 528,
            "basepairs_out": 0,
            "discarded": 0
        },
        "Read2": {
            "basepairs_in": 548,
            "basepairs_out": 0,
            "discarded": 0
        }
    }
  }
]
