[ {
    "Program_details": {
        "program": "hts_Primers",
        "version": "1.3.2",
        "options": {
            "flip": true,
            "float": 0,
            "force": false,
            "keep": false,
            "min_primer_matches": 2,
            "notes": "",
            "primer_end_mismatches": 0,
            "primer_mismatches": 0,
            "primers_3p": "../lc_primers.fasta",
            "primers_5p": "ATGGCGACAGTGGTATCAACGCAGAGTACATGGGG",
            "read1-input": [ "/nmspipeline//01-Processing/TRIMMER0090_P79/00-RawData/TRIMMER_Plate79_S1_L001_R1_001_sub.fastq.gz"],
            "read2-input": [ "/nmspipeline//01-Processing/TRIMMER0090_P79/00-RawData/TRIMMER_Plate79_S1_L001_R2_001_sub.fastq.gz"],
            "stats-file": "/nmspipeline//01-Processing/TRIMMER0090_P79/01-PrimerTrim/76-SMARTindex_LC_primers.log",
            "uncompressed": false
        },
        "primers": [ ["p5primer1","ATGGCGACAGTGGTATCAACGCAGAGTACATGGGG"], ["KaLC.6_REV_LC","GGATACAGTTGGTGCAGCATC"], ["LaLC.R-mIGL","ATCGTACACACCAGTGTGGC"], ["p5primer1","ATGGCGACAGTGGTATCAACGCAGAGTACATGGGG"], ["KaLC.6_REV_LC","GGATACAGTTGGTGCAGCATC"], ["LaLC.R-mIGL","ATCGTACACACCAGTGTGGC"] ]
    },
    "Fragment": {
        "in": 100000,
        "out": 250,
        "basepairs_in": 60000000,
        "basepairs_out": 136002,
        "flipped": 109,
        "primers_counts": [ ["p5primer1","LaLC.R-mIGL",2], ["p5primer1","None",84], ["p5primer1","KaLC.6_REV_LC",248], ["None","None",40290], ["None","KaLC.6_REV_LC",56532], ["None","LaLC.R-mIGL",2844] ]
    },
    "Single_end": {
        "in": 0,
        "out": 0,
        "basepairs_in": 0,
        "basepairs_out": 0,
        "primerTrim": 0,
        "primerBpTrim": 0,
        "discarded": 0
    },
    "Paired_end": {
        "in": 100000,
        "out": 250,
        "discarded": 99750,
        "Read1": {
            "basepairs_in": 30000000,
            "basepairs_out": 66250,
            "primerTrim": 250,
            "primerBpTrim": 8750
        },
        "Read2": {
            "basepairs_in": 30000000,
            "basepairs_out": 69752,
            "primerTrim": 250,
            "primerBpTrim": 5248
        }
    }
  }, {
    "Program_details": {
        "program": "hts_NTrimmer",
        "version": "1.3.2",
        "options": {
            "append-stats-file": "/nmspipeline//01-Processing/TRIMMER0090_P79/01-PrimerTrim/76-SMARTindex_LC_primers.log",
            "exclude": true,
            "force": false,
            "notes": "",
            "uncompressed": false
        }
    },
    "Fragment": {
        "in": 250,
        "out": 250,
        "basepairs_in": 136002,
        "basepairs_out": 136002
    },
    "Single_end": {
        "in": 0,
        "out": 0,
        "basepairs_in": 0,
        "basepairs_out": 0,
        "rightTrim": 0,
        "leftTrim": 0,
        "discarded": 0
    },
    "Paired_end": {
        "in": 250,
        "out": 250,
        "discarded": 0,
        "Read1": {
            "basepairs_in": 66250,
            "basepairs_out": 66250,
            "leftTrim": 0,
            "rightTrim": 0
        },
        "Read2": {
            "basepairs_in": 69752,
            "basepairs_out": 69752,
            "leftTrim": 0,
            "rightTrim": 0
        }
    }
  }, {
    "Program_details": {
        "program": "hts_SeqScreener",
        "version": "1.3.2",
        "options": {
            "append-stats-file": "/nmspipeline//01-Processing/TRIMMER0090_P79/01-PrimerTrim/76-SMARTindex_LC_primers.log",
            "check-read-2": true,
            "force": false,
            "inverse": false,
            "kmer": 21,
            "notes": "",
            "percentage-hits": 0.01,
            "record": true,
            "seq": "../aberrant_LC.fasta",
            "uncompressed": false
        },
        "screen_info": {
            "screenBP": 96,
            "lookupKmers": 8
        }
    },
    "Fragment": {
        "in": 250,
        "out": 250,
        "basepairs_in": 136002,
        "basepairs_out": 136002
    },
    "Single_end": {
        "in": 0,
        "out": 0,
        "basepairs_in": 0,
        "basepairs_out": 0,
        "hits": 0
    },
    "Paired_end": {
        "in": 250,
        "out": 250,
        "hits": 95,
        "Read1": {
            "basepairs_in": 66250,
            "basepairs_out": 66250
        },
        "Read2": {
            "basepairs_in": 69752,
            "basepairs_out": 69752
        }
    }
  }, {
    "Program_details": {
        "program": "hts_QWindowTrim",
        "version": "1.3.2",
        "options": {
            "append-stats-file": "/nmspipeline//01-Processing/TRIMMER0090_P79/01-PrimerTrim/76-SMARTindex_LC_primers.log",
            "avg-qual-score": 10,
            "force": false,
            "no-left": true,
            "no-right": false,
            "notes": "",
            "qual-offset": 33,
            "uncompressed": false,
            "window-size": 10
        }
    },
    "Fragment": {
        "in": 250,
        "out": 250,
        "basepairs_in": 136002,
        "basepairs_out": 135623
    },
    "Single_end": {
        "in": 0,
        "out": 0,
        "basepairs_in": 0,
        "basepairs_out": 0,
        "rightTrim": 0,
        "leftTrim": 0
    },
    "Paired_end": {
        "in": 250,
        "out": 250,
        "Read1": {
            "basepairs_in": 66250,
            "basepairs_out": 66001,
            "leftTrim": 0,
            "rightTrim": 249
        },
        "Read2": {
            "basepairs_in": 69752,
            "basepairs_out": 69622,
            "leftTrim": 0,
            "rightTrim": 130
        }
    }
  }, {
    "Program_details": {
        "program": "hts_Overlapper",
        "version": "1.3.2",
        "options": {
            "append-stats-file": "/nmspipeline//01-Processing/TRIMMER0090_P79/01-PrimerTrim/76-SMARTindex_LC_primers.log",
            "check-lengths": 20,
            "force": false,
            "force-pairs": false,
            "kmer": 8,
            "kmer-offset": 1,
            "max-mismatch": 100,
            "max-mismatch-errorDensity": 0.25,
            "min-overlap": 8,
            "notes": "",
            "number-of-threads": 1,
            "uncompressed": false
        }
    },
    "Fragment": {
        "in": 250,
        "out": 250,
        "basepairs_in": 135623,
        "basepairs_out": 103167,
        "inserts": {
            "short": 12,
            "medium": 227,
            "long": 11
        },
        "overlap_histogram": [ [17,1], [42,1], [75,1], [82,1], [101,1], [131,1], [152,1], [154,1], [158,1], [161,1], [185,1], [246,1], [281,1], [304,1], [321,1], [383,1], [390,1], [396,1], [398,5], [399,9], [406,1], [407,1], [409,1], [410,3], [411,2], [412,10], [413,13], [414,2], [415,2], [417,1], [418,34], [419,1], [420,2], [421,4], [422,12], [423,11], [424,45], [425,8], [426,5], [432,1], [436,1], [439,1], [440,6], [442,26], [443,2], [444,1], [445,2], [447,6], [448,1], [458,1], [493,1] ]
    },
    "Single_end": {
        "in": 0,
        "out": 239,
        "basepairs_in": 0,
        "basepairs_out": 97220
    },
    "Paired_end": {
        "in": 250,
        "out": 11,
        "Read1": {
            "basepairs_in": 66001,
            "basepairs_out": 2906
        },
        "Read2": {
            "basepairs_in": 69622,
            "basepairs_out": 3041
        }
    }
  }, {
    "Program_details": {
        "program": "hts_LengthFilter",
        "version": "1.3.2",
        "options": {
            "append-stats-file": "/nmspipeline//01-Processing/TRIMMER0090_P79/01-PrimerTrim/76-SMARTindex_LC_primers.log",
            "fastq-output": "/nmspipeline//01-Processing/TRIMMER0090_P79/01-PrimerTrim/76-SMARTindex_LC_primers",
            "force": true,
            "max-length": 0,
            "min-length": 385,
            "no-orphans": false,
            "notes": "",
            "stranded": false,
            "uncompressed": false
        }
    },
    "Fragment": {
        "in": 250,
        "out": 223,
        "basepairs_in": 103167,
        "basepairs_out": 94427
    },
    "Single_end": {
        "in": 239,
        "out": 223,
        "basepairs_in": 97220,
        "basepairs_out": 94427,
        "discarded": 16
    },
    "Paired_end": {
        "in": 11,
        "out": 0,
        "discarded": 11,
        "Read1": {
            "basepairs_in": 2906,
            "basepairs_out": 0,
            "discarded": 0
        },
        "Read2": {
            "basepairs_in": 3041,
            "basepairs_out": 0,
            "discarded": 0
        }
    }
  }
]
