[ {
    "Program_details": {
        "program": "hts_Primers",
        "version": "1.3.2",
        "options": {
            "flip": true,
            "float": 0,
            "force": false,
            "keep": false,
            "min_primer_matches": 2,
            "notes": "",
            "primer_end_mismatches": 0,
            "primer_mismatches": 0,
            "primers_3p": "../hc_primers.fasta",
            "primers_5p": "ATTGGTACAGTGGTATCAACGCAGAGTACATGGGG",
            "read1-input": [ "/nmspipeline//01-Processing/TRIMMER0090_P79/00-RawData/TRIMMER_Plate79_S1_L001_R1_001_sub.fastq.gz"],
            "read2-input": [ "/nmspipeline//01-Processing/TRIMMER0090_P79/00-RawData/TRIMMER_Plate79_S1_L001_R2_001_sub.fastq.gz"],
            "stats-file": "/nmspipeline//01-Processing/TRIMMER0090_P79/01-PrimerTrim/77-SMARTindex_HC_primers.log",
            "uncompressed": false
        },
        "primers": [ ["p5primer1","ATTGGTACAGTGGTATCAACGCAGAGTACATGGGG"], ["Ga3.10for_mIGH3","GGATAGACAGATGGGGCTGTTGTTGT"], ["Ga12HC.10_REV_CHI","ATAGACAGATGGGGGTGTCGTTTTGG"], ["p5primer1","ATTGGTACAGTGGTATCAACGCAGAGTACATGGGG"], ["Ga3.10for_mIGH3","GGATAGACAGATGGGGCTGTTGTTGT"], ["Ga12HC.10_REV_CHI","ATAGACAGATGGGGGTGTCGTTTTGG"] ]
    },
    "Fragment": {
        "in": 100000,
        "out": 302,
        "basepairs_in": 60000000,
        "basepairs_out": 162778,
        "flipped": 147,
        "primers_counts": [ ["None","Ga3.10for_mIGH3",573], ["p5primer1","None",576], ["p5primer1","Ga12HC.10_REV_CHI",302], ["None","Ga12HC.10_REV_CHI",25498], ["None","None",73051] ]
    },
    "Single_end": {
        "in": 0,
        "out": 0,
        "basepairs_in": 0,
        "basepairs_out": 0,
        "primerTrim": 0,
        "primerBpTrim": 0,
        "discarded": 0
    },
    "Paired_end": {
        "in": 100000,
        "out": 302,
        "discarded": 99698,
        "Read1": {
            "basepairs_in": 30000000,
            "basepairs_out": 80030,
            "primerTrim": 302,
            "primerBpTrim": 10570
        },
        "Read2": {
            "basepairs_in": 30000000,
            "basepairs_out": 82748,
            "primerTrim": 302,
            "primerBpTrim": 7852
        }
    }
  }, {
    "Program_details": {
        "program": "hts_NTrimmer",
        "version": "1.3.2",
        "options": {
            "append-stats-file": "/nmspipeline//01-Processing/TRIMMER0090_P79/01-PrimerTrim/77-SMARTindex_HC_primers.log",
            "exclude": true,
            "force": false,
            "notes": "",
            "uncompressed": false
        }
    },
    "Fragment": {
        "in": 302,
        "out": 302,
        "basepairs_in": 162778,
        "basepairs_out": 162778
    },
    "Single_end": {
        "in": 0,
        "out": 0,
        "basepairs_in": 0,
        "basepairs_out": 0,
        "rightTrim": 0,
        "leftTrim": 0,
        "discarded": 0
    },
    "Paired_end": {
        "in": 302,
        "out": 302,
        "discarded": 0,
        "Read1": {
            "basepairs_in": 80030,
            "basepairs_out": 80030,
            "leftTrim": 0,
            "rightTrim": 0
        },
        "Read2": {
            "basepairs_in": 82748,
            "basepairs_out": 82748,
            "leftTrim": 0,
            "rightTrim": 0
        }
    }
  }, {
    "Program_details": {
        "program": "hts_SeqScreener",
        "version": "1.3.2",
        "options": {
            "append-stats-file": "/nmspipeline//01-Processing/TRIMMER0090_P79/01-PrimerTrim/77-SMARTindex_HC_primers.log",
            "check-read-2": true,
            "force": false,
            "inverse": false,
            "kmer": 21,
            "notes": "",
            "percentage-hits": 0.01,
            "record": true,
            "seq": "../aberrant_LC.fasta",
            "uncompressed": false
        },
        "screen_info": {
            "screenBP": 96,
            "lookupKmers": 8
        }
    },
    "Fragment": {
        "in": 302,
        "out": 302,
        "basepairs_in": 162778,
        "basepairs_out": 162778
    },
    "Single_end": {
        "in": 0,
        "out": 0,
        "basepairs_in": 0,
        "basepairs_out": 0,
        "hits": 0
    },
    "Paired_end": {
        "in": 302,
        "out": 302,
        "hits": 0,
        "Read1": {
            "basepairs_in": 80030,
            "basepairs_out": 80030
        },
        "Read2": {
            "basepairs_in": 82748,
            "basepairs_out": 82748
        }
    }
  }, {
    "Program_details": {
        "program": "hts_QWindowTrim",
        "version": "1.3.2",
        "options": {
            "append-stats-file": "/nmspipeline//01-Processing/TRIMMER0090_P79/01-PrimerTrim/77-SMARTindex_HC_primers.log",
            "avg-qual-score": 10,
            "force": false,
            "no-left": true,
            "no-right": false,
            "notes": "",
            "qual-offset": 33,
            "uncompressed": false,
            "window-size": 10
        }
    },
    "Fragment": {
        "in": 302,
        "out": 302,
        "basepairs_in": 162778,
        "basepairs_out": 162104
    },
    "Single_end": {
        "in": 0,
        "out": 0,
        "basepairs_in": 0,
        "basepairs_out": 0,
        "rightTrim": 0,
        "leftTrim": 0
    },
    "Paired_end": {
        "in": 302,
        "out": 302,
        "Read1": {
            "basepairs_in": 80030,
            "basepairs_out": 79715,
            "leftTrim": 0,
            "rightTrim": 315
        },
        "Read2": {
            "basepairs_in": 82748,
            "basepairs_out": 82389,
            "leftTrim": 0,
            "rightTrim": 359
        }
    }
  }, {
    "Program_details": {
        "program": "hts_Overlapper",
        "version": "1.3.2",
        "options": {
            "append-stats-file": "/nmspipeline//01-Processing/TRIMMER0090_P79/01-PrimerTrim/77-SMARTindex_HC_primers.log",
            "check-lengths": 20,
            "force": false,
            "force-pairs": false,
            "kmer": 8,
            "kmer-offset": 1,
            "max-mismatch": 100,
            "max-mismatch-errorDensity": 0.25,
            "min-overlap": 8,
            "notes": "",
            "number-of-threads": 1,
            "uncompressed": false
        }
    },
    "Fragment": {
        "in": 302,
        "out": 302,
        "basepairs_in": 162104,
        "basepairs_out": 134117,
        "inserts": {
            "short": 20,
            "medium": 247,
            "long": 35
        },
        "overlap_histogram": [ [23,1], [25,1], [42,1], [48,1], [51,1], [68,1], [73,1], [90,1], [112,1], [160,1], [163,1], [177,1], [186,1], [215,1], [246,1], [248,1], [253,3], [272,1], [388,1], [401,1], [416,1], [423,3], [426,1], [428,2], [431,2], [436,1], [438,1], [439,2], [440,58], [441,4], [442,4], [443,1], [447,1], [448,2], [451,3], [457,1], [460,6], [461,23], [462,80], [463,3], [465,25], [466,4], [467,8], [468,1], [472,1], [484,1], [490,2], [493,1], [523,3] ]
    },
    "Single_end": {
        "in": 0,
        "out": 267,
        "basepairs_in": 0,
        "basepairs_out": 115379
    },
    "Paired_end": {
        "in": 302,
        "out": 35,
        "Read1": {
            "basepairs_in": 79715,
            "basepairs_out": 9205
        },
        "Read2": {
            "basepairs_in": 82389,
            "basepairs_out": 9533
        }
    }
  }, {
    "Program_details": {
        "program": "hts_LengthFilter",
        "version": "1.3.2",
        "options": {
            "append-stats-file": "/nmspipeline//01-Processing/TRIMMER0090_P79/01-PrimerTrim/77-SMARTindex_HC_primers.log",
            "fastq-output": "/nmspipeline//01-Processing/TRIMMER0090_P79/01-PrimerTrim/77-SMARTindex_HC_primers",
            "force": true,
            "max-length": 0,
            "min-length": 385,
            "no-orphans": false,
            "notes": "",
            "stranded": false,
            "uncompressed": false
        }
    },
    "Fragment": {
        "in": 302,
        "out": 247,
        "basepairs_in": 134117,
        "basepairs_out": 112421
    },
    "Single_end": {
        "in": 267,
        "out": 247,
        "basepairs_in": 115379,
        "basepairs_out": 112421,
        "discarded": 20
    },
    "Paired_end": {
        "in": 35,
        "out": 0,
        "discarded": 35,
        "Read1": {
            "basepairs_in": 9205,
            "basepairs_out": 0,
            "discarded": 0
        },
        "Read2": {
            "basepairs_in": 9533,
            "basepairs_out": 0,
            "discarded": 0
        }
    }
  }
]
