[ {
    "Program_details": {
        "program": "hts_Primers",
        "version": "1.3.2",
        "options": {
            "flip": true,
            "float": 0,
            "force": false,
            "keep": false,
            "min_primer_matches": 2,
            "notes": "",
            "primer_end_mismatches": 0,
            "primer_mismatches": 0,
            "primers_3p": "../hc_primers.fasta",
            "primers_5p": "GCCACAACAGTGGTATCAACGCAGAGTACATGGGG",
            "read1-input": [ "/nmspipeline//01-Processing/TRIMMER0090_P79/00-RawData/TRIMMER_Plate79_S1_L001_R1_001_sub.fastq.gz"],
            "read2-input": [ "/nmspipeline//01-Processing/TRIMMER0090_P79/00-RawData/TRIMMER_Plate79_S1_L001_R2_001_sub.fastq.gz"],
            "stats-file": "/nmspipeline//01-Processing/TRIMMER0090_P79/01-PrimerTrim/78-SMARTindex_HC_primers.log",
            "uncompressed": false
        },
        "primers": [ ["p5primer1","GCCACAACAGTGGTATCAACGCAGAGTACATGGGG"], ["Ga3.10for_mIGH3","GGATAGACAGATGGGGCTGTTGTTGT"], ["Ga12HC.10_REV_CHI","ATAGACAGATGGGGGTGTCGTTTTGG"], ["p5primer1","GCCACAACAGTGGTATCAACGCAGAGTACATGGGG"], ["Ga3.10for_mIGH3","GGATAGACAGATGGGGCTGTTGTTGT"], ["Ga12HC.10_REV_CHI","ATAGACAGATGGGGGTGTCGTTTTGG"] ]
    },
    "Fragment": {
        "in": 100000,
        "out": 267,
        "basepairs_in": 60000000,
        "basepairs_out": 143913,
        "flipped": 127,
        "primers_counts": [ ["p5primer1","Ga12HC.10_REV_CHI",267], ["p5primer1","None",554], ["None","Ga3.10for_mIGH3",573], ["None","Ga12HC.10_REV_CHI",25533], ["None","None",73073] ]
    },
    "Single_end": {
        "in": 0,
        "out": 0,
        "basepairs_in": 0,
        "basepairs_out": 0,
        "primerTrim": 0,
        "primerBpTrim": 0,
        "discarded": 0
    },
    "Paired_end": {
        "in": 100000,
        "out": 267,
        "discarded": 99733,
        "Read1": {
            "basepairs_in": 30000000,
            "basepairs_out": 70755,
            "primerTrim": 267,
            "primerBpTrim": 9345
        },
        "Read2": {
            "basepairs_in": 30000000,
            "basepairs_out": 73158,
            "primerTrim": 267,
            "primerBpTrim": 6942
        }
    }
  }, {
    "Program_details": {
        "program": "hts_NTrimmer",
        "version": "1.3.2",
        "options": {
            "append-stats-file": "/nmspipeline//01-Processing/TRIMMER0090_P79/01-PrimerTrim/78-SMARTindex_HC_primers.log",
            "exclude": true,
            "force": false,
            "notes": "",
            "uncompressed": false
        }
    },
    "Fragment": {
        "in": 267,
        "out": 267,
        "basepairs_in": 143913,
        "basepairs_out": 143913
    },
    "Single_end": {
        "in": 0,
        "out": 0,
        "basepairs_in": 0,
        "basepairs_out": 0,
        "rightTrim": 0,
        "leftTrim": 0,
        "discarded": 0
    },
    "Paired_end": {
        "in": 267,
        "out": 267,
        "discarded": 0,
        "Read1": {
            "basepairs_in": 70755,
            "basepairs_out": 70755,
            "leftTrim": 0,
            "rightTrim": 0
        },
        "Read2": {
            "basepairs_in": 73158,
            "basepairs_out": 73158,
            "leftTrim": 0,
            "rightTrim": 0
        }
    }
  }, {
    "Program_details": {
        "program": "hts_SeqScreener",
        "version": "1.3.2",
        "options": {
            "append-stats-file": "/nmspipeline//01-Processing/TRIMMER0090_P79/01-PrimerTrim/78-SMARTindex_HC_primers.log",
            "check-read-2": true,
            "force": false,
            "inverse": false,
            "kmer": 21,
            "notes": "",
            "percentage-hits": 0.01,
            "record": true,
            "seq": "../aberrant_LC.fasta",
            "uncompressed": false
        },
        "screen_info": {
            "screenBP": 96,
            "lookupKmers": 8
        }
    },
    "Fragment": {
        "in": 267,
        "out": 267,
        "basepairs_in": 143913,
        "basepairs_out": 143913
    },
    "Single_end": {
        "in": 0,
        "out": 0,
        "basepairs_in": 0,
        "basepairs_out": 0,
        "hits": 0
    },
    "Paired_end": {
        "in": 267,
        "out": 267,
        "hits": 0,
        "Read1": {
            "basepairs_in": 70755,
            "basepairs_out": 70755
        },
        "Read2": {
            "basepairs_in": 73158,
            "basepairs_out": 73158
        }
    }
  }, {
    "Program_details": {
        "program": "hts_QWindowTrim",
        "version": "1.3.2",
        "options": {
            "append-stats-file": "/nmspipeline//01-Processing/TRIMMER0090_P79/01-PrimerTrim/78-SMARTindex_HC_primers.log",
            "avg-qual-score": 10,
            "force": false,
            "no-left": true,
            "no-right": false,
            "notes": "",
            "qual-offset": 33,
            "uncompressed": false,
            "window-size": 10
        }
    },
    "Fragment": {
        "in": 267,
        "out": 267,
        "basepairs_in": 143913,
        "basepairs_out": 143455
    },
    "Single_end": {
        "in": 0,
        "out": 0,
        "basepairs_in": 0,
        "basepairs_out": 0,
        "rightTrim": 0,
        "leftTrim": 0
    },
    "Paired_end": {
        "in": 267,
        "out": 267,
        "Read1": {
            "basepairs_in": 70755,
            "basepairs_out": 70544,
            "leftTrim": 0,
            "rightTrim": 211
        },
        "Read2": {
            "basepairs_in": 73158,
            "basepairs_out": 72911,
            "leftTrim": 0,
            "rightTrim": 247
        }
    }
  }, {
    "Program_details": {
        "program": "hts_Overlapper",
        "version": "1.3.2",
        "options": {
            "append-stats-file": "/nmspipeline//01-Processing/TRIMMER0090_P79/01-PrimerTrim/78-SMARTindex_HC_primers.log",
            "check-lengths": 20,
            "force": false,
            "force-pairs": false,
            "kmer": 8,
            "kmer-offset": 1,
            "max-mismatch": 100,
            "max-mismatch-errorDensity": 0.25,
            "min-overlap": 8,
            "notes": "",
            "number-of-threads": 1,
            "uncompressed": false
        }
    },
    "Fragment": {
        "in": 267,
        "out": 267,
        "basepairs_in": 143455,
        "basepairs_out": 122480,
        "inserts": {
            "short": 5,
            "medium": 243,
            "long": 19
        },
        "overlap_histogram": [ [11,1], [57,1], [60,1], [97,1], [169,1], [409,1], [412,1], [416,1], [417,1], [422,1], [425,2], [427,1], [431,3], [440,25], [458,10], [460,5], [461,2], [462,6], [463,64], [464,13], [465,14], [466,6], [467,40], [468,28], [469,7], [470,2], [471,8], [474,2] ]
    },
    "Single_end": {
        "in": 0,
        "out": 248,
        "basepairs_in": 0,
        "basepairs_out": 112307
    },
    "Paired_end": {
        "in": 267,
        "out": 19,
        "Read1": {
            "basepairs_in": 70544,
            "basepairs_out": 5005
        },
        "Read2": {
            "basepairs_in": 72911,
            "basepairs_out": 5168
        }
    }
  }, {
    "Program_details": {
        "program": "hts_LengthFilter",
        "version": "1.3.2",
        "options": {
            "append-stats-file": "/nmspipeline//01-Processing/TRIMMER0090_P79/01-PrimerTrim/78-SMARTindex_HC_primers.log",
            "fastq-output": "/nmspipeline//01-Processing/TRIMMER0090_P79/01-PrimerTrim/78-SMARTindex_HC_primers",
            "force": true,
            "max-length": 0,
            "min-length": 385,
            "no-orphans": false,
            "notes": "",
            "stranded": false,
            "uncompressed": false
        }
    },
    "Fragment": {
        "in": 267,
        "out": 243,
        "basepairs_in": 122480,
        "basepairs_out": 111913
    },
    "Single_end": {
        "in": 248,
        "out": 243,
        "basepairs_in": 112307,
        "basepairs_out": 111913,
        "discarded": 5
    },
    "Paired_end": {
        "in": 19,
        "out": 0,
        "discarded": 19,
        "Read1": {
            "basepairs_in": 5005,
            "basepairs_out": 0,
            "discarded": 0
        },
        "Read2": {
            "basepairs_in": 5168,
            "basepairs_out": 0,
            "discarded": 0
        }
    }
  }
]
