[ {
    "Program_details": {
        "program": "hts_Primers",
        "version": "1.3.2",
        "options": {
            "flip": true,
            "float": 0,
            "force": false,
            "keep": false,
            "min_primer_matches": 2,
            "notes": "",
            "primer_end_mismatches": 0,
            "primer_mismatches": 0,
            "primers_3p": "../lc_primers.fasta",
            "primers_5p": "CATCTAACAGTGGTATCAACGCAGAGTACATGGGG",
            "read1-input": [ "/nmspipeline//01-Processing/TRIMMER0090_P79/00-RawData/TRIMMER_Plate79_S1_L001_R1_001_sub.fastq.gz"],
            "read2-input": [ "/nmspipeline//01-Processing/TRIMMER0090_P79/00-RawData/TRIMMER_Plate79_S1_L001_R2_001_sub.fastq.gz"],
            "stats-file": "/nmspipeline//01-Processing/TRIMMER0090_P79/01-PrimerTrim/79-SMARTindex_LC_primers.log",
            "uncompressed": false
        },
        "primers": [ ["p5primer1","CATCTAACAGTGGTATCAACGCAGAGTACATGGGG"], ["KaLC.6_REV_LC","GGATACAGTTGGTGCAGCATC"], ["LaLC.R-mIGL","ATCGTACACACCAGTGTGGC"], ["p5primer1","CATCTAACAGTGGTATCAACGCAGAGTACATGGGG"], ["KaLC.6_REV_LC","GGATACAGTTGGTGCAGCATC"], ["LaLC.R-mIGL","ATCGTACACACCAGTGTGGC"] ]
    },
    "Fragment": {
        "in": 100000,
        "out": 212,
        "basepairs_in": 60000000,
        "basepairs_out": 115330,
        "flipped": 95,
        "primers_counts": [ ["p5primer1","LaLC.R-mIGL",2], ["p5primer1","None",77], ["p5primer1","KaLC.6_REV_LC",210], ["None","None",40297], ["None","KaLC.6_REV_LC",56570], ["None","LaLC.R-mIGL",2844] ]
    },
    "Single_end": {
        "in": 0,
        "out": 0,
        "basepairs_in": 0,
        "basepairs_out": 0,
        "primerTrim": 0,
        "primerBpTrim": 0,
        "discarded": 0
    },
    "Paired_end": {
        "in": 100000,
        "out": 212,
        "discarded": 99788,
        "Read1": {
            "basepairs_in": 30000000,
            "basepairs_out": 56180,
            "primerTrim": 212,
            "primerBpTrim": 7420
        },
        "Read2": {
            "basepairs_in": 30000000,
            "basepairs_out": 59150,
            "primerTrim": 212,
            "primerBpTrim": 4450
        }
    }
  }, {
    "Program_details": {
        "program": "hts_NTrimmer",
        "version": "1.3.2",
        "options": {
            "append-stats-file": "/nmspipeline//01-Processing/TRIMMER0090_P79/01-PrimerTrim/79-SMARTindex_LC_primers.log",
            "exclude": true,
            "force": false,
            "notes": "",
            "uncompressed": false
        }
    },
    "Fragment": {
        "in": 212,
        "out": 212,
        "basepairs_in": 115330,
        "basepairs_out": 115330
    },
    "Single_end": {
        "in": 0,
        "out": 0,
        "basepairs_in": 0,
        "basepairs_out": 0,
        "rightTrim": 0,
        "leftTrim": 0,
        "discarded": 0
    },
    "Paired_end": {
        "in": 212,
        "out": 212,
        "discarded": 0,
        "Read1": {
            "basepairs_in": 56180,
            "basepairs_out": 56180,
            "leftTrim": 0,
            "rightTrim": 0
        },
        "Read2": {
            "basepairs_in": 59150,
            "basepairs_out": 59150,
            "leftTrim": 0,
            "rightTrim": 0
        }
    }
  }, {
    "Program_details": {
        "program": "hts_SeqScreener",
        "version": "1.3.2",
        "options": {
            "append-stats-file": "/nmspipeline//01-Processing/TRIMMER0090_P79/01-PrimerTrim/79-SMARTindex_LC_primers.log",
            "check-read-2": true,
            "force": false,
            "inverse": false,
            "kmer": 21,
            "notes": "",
            "percentage-hits": 0.01,
            "record": true,
            "seq": "../aberrant_LC.fasta",
            "uncompressed": false
        },
        "screen_info": {
            "screenBP": 96,
            "lookupKmers": 8
        }
    },
    "Fragment": {
        "in": 212,
        "out": 212,
        "basepairs_in": 115330,
        "basepairs_out": 115330
    },
    "Single_end": {
        "in": 0,
        "out": 0,
        "basepairs_in": 0,
        "basepairs_out": 0,
        "hits": 0
    },
    "Paired_end": {
        "in": 212,
        "out": 212,
        "hits": 76,
        "Read1": {
            "basepairs_in": 56180,
            "basepairs_out": 56180
        },
        "Read2": {
            "basepairs_in": 59150,
            "basepairs_out": 59150
        }
    }
  }, {
    "Program_details": {
        "program": "hts_QWindowTrim",
        "version": "1.3.2",
        "options": {
            "append-stats-file": "/nmspipeline//01-Processing/TRIMMER0090_P79/01-PrimerTrim/79-SMARTindex_LC_primers.log",
            "avg-qual-score": 10,
            "force": false,
            "no-left": true,
            "no-right": false,
            "notes": "",
            "qual-offset": 33,
            "uncompressed": false,
            "window-size": 10
        }
    },
    "Fragment": {
        "in": 212,
        "out": 212,
        "basepairs_in": 115330,
        "basepairs_out": 114785
    },
    "Single_end": {
        "in": 0,
        "out": 0,
        "basepairs_in": 0,
        "basepairs_out": 0,
        "rightTrim": 0,
        "leftTrim": 0
    },
    "Paired_end": {
        "in": 212,
        "out": 212,
        "Read1": {
            "basepairs_in": 56180,
            "basepairs_out": 55970,
            "leftTrim": 0,
            "rightTrim": 210
        },
        "Read2": {
            "basepairs_in": 59150,
            "basepairs_out": 58815,
            "leftTrim": 0,
            "rightTrim": 335
        }
    }
  }, {
    "Program_details": {
        "program": "hts_Overlapper",
        "version": "1.3.2",
        "options": {
            "append-stats-file": "/nmspipeline//01-Processing/TRIMMER0090_P79/01-PrimerTrim/79-SMARTindex_LC_primers.log",
            "check-lengths": 20,
            "force": false,
            "force-pairs": false,
            "kmer": 8,
            "kmer-offset": 1,
            "max-mismatch": 100,
            "max-mismatch-errorDensity": 0.25,
            "min-overlap": 8,
            "notes": "",
            "number-of-threads": 1,
            "uncompressed": false
        }
    },
    "Fragment": {
        "in": 212,
        "out": 212,
        "basepairs_in": 114785,
        "basepairs_out": 84388,
        "inserts": {
            "short": 19,
            "medium": 175,
            "long": 18
        },
        "overlap_histogram": [ [15,2], [25,1], [31,1], [59,1], [68,1], [74,1], [87,1], [93,1], [107,1], [111,1], [113,1], [120,1], [127,1], [128,1], [137,1], [146,1], [158,1], [166,1], [282,1], [322,1], [332,1], [349,1], [350,1], [358,1], [376,1], [378,1], [381,1], [386,1], [395,1], [396,1], [398,5], [399,4], [400,1], [402,6], [403,6], [411,1], [413,3], [414,1], [418,20], [419,4], [420,1], [421,7], [422,48], [423,12], [424,4], [425,6], [426,9], [427,11], [428,1], [430,1], [432,1], [440,2], [441,2], [442,1], [443,1], [444,3], [451,2] ]
    },
    "Single_end": {
        "in": 0,
        "out": 194,
        "basepairs_in": 0,
        "basepairs_out": 74648
    },
    "Paired_end": {
        "in": 212,
        "out": 18,
        "Read1": {
            "basepairs_in": 55970,
            "basepairs_out": 4741
        },
        "Read2": {
            "basepairs_in": 58815,
            "basepairs_out": 4999
        }
    }
  }, {
    "Program_details": {
        "program": "hts_LengthFilter",
        "version": "1.3.2",
        "options": {
            "append-stats-file": "/nmspipeline//01-Processing/TRIMMER0090_P79/01-PrimerTrim/79-SMARTindex_LC_primers.log",
            "fastq-output": "/nmspipeline//01-Processing/TRIMMER0090_P79/01-PrimerTrim/79-SMARTindex_LC_primers",
            "force": true,
            "max-length": 0,
            "min-length": 385,
            "no-orphans": false,
            "notes": "",
            "stranded": false,
            "uncompressed": false
        }
    },
    "Fragment": {
        "in": 212,
        "out": 166,
        "basepairs_in": 84388,
        "basepairs_out": 69740
    },
    "Single_end": {
        "in": 194,
        "out": 166,
        "basepairs_in": 74648,
        "basepairs_out": 69740,
        "discarded": 28
    },
    "Paired_end": {
        "in": 18,
        "out": 0,
        "discarded": 18,
        "Read1": {
            "basepairs_in": 4741,
            "basepairs_out": 0,
            "discarded": 0
        },
        "Read2": {
            "basepairs_in": 4999,
            "basepairs_out": 0,
            "discarded": 0
        }
    }
  }
]
