[ {
    "Program_details": {
        "program": "hts_Primers",
        "version": "1.3.2",
        "options": {
            "flip": true,
            "float": 0,
            "force": false,
            "keep": false,
            "min_primer_matches": 2,
            "notes": "",
            "primer_end_mismatches": 0,
            "primer_mismatches": 0,
            "primers_3p": "../hc_primers.fasta",
            "primers_5p": "GCAGCCTCAGTGGTATCAACGCAGAGTACATGGGG",
            "read1-input": [ "/nmspipeline//01-Processing/TRIMMER0090_P79/00-RawData/TRIMMER_Plate79_S1_L001_R1_001_sub.fastq.gz"],
            "read2-input": [ "/nmspipeline//01-Processing/TRIMMER0090_P79/00-RawData/TRIMMER_Plate79_S1_L001_R2_001_sub.fastq.gz"],
            "stats-file": "/nmspipeline//01-Processing/TRIMMER0090_P79/01-PrimerTrim/81-SMARTindex_HC_primers.log",
            "uncompressed": false
        },
        "primers": [ ["p5primer1","GCAGCCTCAGTGGTATCAACGCAGAGTACATGGGG"], ["Ga3.10for_mIGH3","GGATAGACAGATGGGGCTGTTGTTGT"], ["Ga12HC.10_REV_CHI","ATAGACAGATGGGGGTGTCGTTTTGG"], ["p5primer1","GCAGCCTCAGTGGTATCAACGCAGAGTACATGGGG"], ["Ga3.10for_mIGH3","GGATAGACAGATGGGGCTGTTGTTGT"], ["Ga12HC.10_REV_CHI","ATAGACAGATGGGGGTGTCGTTTTGG"] ]
    },
    "Fragment": {
        "in": 100000,
        "out": 70,
        "basepairs_in": 60000000,
        "basepairs_out": 37730,
        "flipped": 29,
        "primers_counts": [ ["p5primer1","Ga12HC.10_REV_CHI",70], ["None","Ga3.10for_mIGH3",573], ["p5primer1","None",342], ["None","Ga12HC.10_REV_CHI",25730], ["None","None",73285] ]
    },
    "Single_end": {
        "in": 0,
        "out": 0,
        "basepairs_in": 0,
        "basepairs_out": 0,
        "primerTrim": 0,
        "primerBpTrim": 0,
        "discarded": 0
    },
    "Paired_end": {
        "in": 100000,
        "out": 70,
        "discarded": 99930,
        "Read1": {
            "basepairs_in": 30000000,
            "basepairs_out": 18550,
            "primerTrim": 70,
            "primerBpTrim": 2450
        },
        "Read2": {
            "basepairs_in": 30000000,
            "basepairs_out": 19180,
            "primerTrim": 70,
            "primerBpTrim": 1820
        }
    }
  }, {
    "Program_details": {
        "program": "hts_NTrimmer",
        "version": "1.3.2",
        "options": {
            "append-stats-file": "/nmspipeline//01-Processing/TRIMMER0090_P79/01-PrimerTrim/81-SMARTindex_HC_primers.log",
            "exclude": true,
            "force": false,
            "notes": "",
            "uncompressed": false
        }
    },
    "Fragment": {
        "in": 70,
        "out": 70,
        "basepairs_in": 37730,
        "basepairs_out": 37730
    },
    "Single_end": {
        "in": 0,
        "out": 0,
        "basepairs_in": 0,
        "basepairs_out": 0,
        "rightTrim": 0,
        "leftTrim": 0,
        "discarded": 0
    },
    "Paired_end": {
        "in": 70,
        "out": 70,
        "discarded": 0,
        "Read1": {
            "basepairs_in": 18550,
            "basepairs_out": 18550,
            "leftTrim": 0,
            "rightTrim": 0
        },
        "Read2": {
            "basepairs_in": 19180,
            "basepairs_out": 19180,
            "leftTrim": 0,
            "rightTrim": 0
        }
    }
  }, {
    "Program_details": {
        "program": "hts_SeqScreener",
        "version": "1.3.2",
        "options": {
            "append-stats-file": "/nmspipeline//01-Processing/TRIMMER0090_P79/01-PrimerTrim/81-SMARTindex_HC_primers.log",
            "check-read-2": true,
            "force": false,
            "inverse": false,
            "kmer": 21,
            "notes": "",
            "percentage-hits": 0.01,
            "record": true,
            "seq": "../aberrant_LC.fasta",
            "uncompressed": false
        },
        "screen_info": {
            "screenBP": 96,
            "lookupKmers": 8
        }
    },
    "Fragment": {
        "in": 70,
        "out": 70,
        "basepairs_in": 37730,
        "basepairs_out": 37730
    },
    "Single_end": {
        "in": 0,
        "out": 0,
        "basepairs_in": 0,
        "basepairs_out": 0,
        "hits": 0
    },
    "Paired_end": {
        "in": 70,
        "out": 70,
        "hits": 0,
        "Read1": {
            "basepairs_in": 18550,
            "basepairs_out": 18550
        },
        "Read2": {
            "basepairs_in": 19180,
            "basepairs_out": 19180
        }
    }
  }, {
    "Program_details": {
        "program": "hts_QWindowTrim",
        "version": "1.3.2",
        "options": {
            "append-stats-file": "/nmspipeline//01-Processing/TRIMMER0090_P79/01-PrimerTrim/81-SMARTindex_HC_primers.log",
            "avg-qual-score": 10,
            "force": false,
            "no-left": true,
            "no-right": false,
            "notes": "",
            "qual-offset": 33,
            "uncompressed": false,
            "window-size": 10
        }
    },
    "Fragment": {
        "in": 70,
        "out": 70,
        "basepairs_in": 37730,
        "basepairs_out": 37540
    },
    "Single_end": {
        "in": 0,
        "out": 0,
        "basepairs_in": 0,
        "basepairs_out": 0,
        "rightTrim": 0,
        "leftTrim": 0
    },
    "Paired_end": {
        "in": 70,
        "out": 70,
        "Read1": {
            "basepairs_in": 18550,
            "basepairs_out": 18427,
            "leftTrim": 0,
            "rightTrim": 123
        },
        "Read2": {
            "basepairs_in": 19180,
            "basepairs_out": 19113,
            "leftTrim": 0,
            "rightTrim": 67
        }
    }
  }, {
    "Program_details": {
        "program": "hts_Overlapper",
        "version": "1.3.2",
        "options": {
            "append-stats-file": "/nmspipeline//01-Processing/TRIMMER0090_P79/01-PrimerTrim/81-SMARTindex_HC_primers.log",
            "check-lengths": 20,
            "force": false,
            "force-pairs": false,
            "kmer": 8,
            "kmer-offset": 1,
            "max-mismatch": 100,
            "max-mismatch-errorDensity": 0.25,
            "min-overlap": 8,
            "notes": "",
            "number-of-threads": 1,
            "uncompressed": false
        }
    },
    "Fragment": {
        "in": 70,
        "out": 70,
        "basepairs_in": 37540,
        "basepairs_out": 28702,
        "inserts": {
            "short": 10,
            "medium": 56,
            "long": 4
        },
        "overlap_histogram": [ [27,1], [43,1], [47,1], [48,1], [78,1], [82,1], [99,1], [102,1], [197,1], [229,1], [338,1], [404,1], [438,1], [445,1], [446,16], [448,1], [449,1], [466,1], [467,3], [468,18], [469,1], [471,7], [472,2], [473,2] ]
    },
    "Single_end": {
        "in": 0,
        "out": 66,
        "basepairs_in": 0,
        "basepairs_out": 26557
    },
    "Paired_end": {
        "in": 70,
        "out": 4,
        "Read1": {
            "basepairs_in": 18427,
            "basepairs_out": 1059
        },
        "Read2": {
            "basepairs_in": 19113,
            "basepairs_out": 1086
        }
    }
  }, {
    "Program_details": {
        "program": "hts_LengthFilter",
        "version": "1.3.2",
        "options": {
            "append-stats-file": "/nmspipeline//01-Processing/TRIMMER0090_P79/01-PrimerTrim/81-SMARTindex_HC_primers.log",
            "fastq-output": "/nmspipeline//01-Processing/TRIMMER0090_P79/01-PrimerTrim/81-SMARTindex_HC_primers",
            "force": true,
            "max-length": 0,
            "min-length": 385,
            "no-orphans": false,
            "notes": "",
            "stranded": false,
            "uncompressed": false
        }
    },
    "Fragment": {
        "in": 70,
        "out": 55,
        "basepairs_in": 28702,
        "basepairs_out": 25267
    },
    "Single_end": {
        "in": 66,
        "out": 55,
        "basepairs_in": 26557,
        "basepairs_out": 25267,
        "discarded": 11
    },
    "Paired_end": {
        "in": 4,
        "out": 0,
        "discarded": 4,
        "Read1": {
            "basepairs_in": 1059,
            "basepairs_out": 0,
            "discarded": 0
        },
        "Read2": {
            "basepairs_in": 1086,
            "basepairs_out": 0,
            "discarded": 0
        }
    }
  }
]
