[ {
    "Program_details": {
        "program": "hts_Primers",
        "version": "1.3.2",
        "options": {
            "flip": true,
            "float": 0,
            "force": false,
            "keep": false,
            "min_primer_matches": 2,
            "notes": "",
            "primer_end_mismatches": 0,
            "primer_mismatches": 0,
            "primers_3p": "../lc_primers.fasta",
            "primers_5p": "GCAGCCTCAGTGGTATCAACGCAGAGTACATGGGG",
            "read1-input": [ "/nmspipeline//01-Processing/TRIMMER0090_P79/00-RawData/TRIMMER_Plate79_S1_L001_R1_001_sub.fastq.gz"],
            "read2-input": [ "/nmspipeline//01-Processing/TRIMMER0090_P79/00-RawData/TRIMMER_Plate79_S1_L001_R2_001_sub.fastq.gz"],
            "stats-file": "/nmspipeline//01-Processing/TRIMMER0090_P79/01-PrimerTrim/81-SMARTindex_LC_primers.log",
            "uncompressed": false
        },
        "primers": [ ["p5primer1","GCAGCCTCAGTGGTATCAACGCAGAGTACATGGGG"], ["KaLC.6_REV_LC","GGATACAGTTGGTGCAGCATC"], ["LaLC.R-mIGL","ATCGTACACACCAGTGTGGC"], ["p5primer1","GCAGCCTCAGTGGTATCAACGCAGAGTACATGGGG"], ["KaLC.6_REV_LC","GGATACAGTTGGTGCAGCATC"], ["LaLC.R-mIGL","ATCGTACACACCAGTGTGGC"] ]
    },
    "Fragment": {
        "in": 100000,
        "out": 264,
        "basepairs_in": 60000000,
        "basepairs_out": 143625,
        "flipped": 120,
        "primers_counts": [ ["p5primer1","LaLC.R-mIGL",9], ["p5primer1","None",148], ["p5primer1","KaLC.6_REV_LC",255], ["None","None",40226], ["None","KaLC.6_REV_LC",56525], ["None","LaLC.R-mIGL",2837] ]
    },
    "Single_end": {
        "in": 0,
        "out": 0,
        "basepairs_in": 0,
        "basepairs_out": 0,
        "primerTrim": 0,
        "primerBpTrim": 0,
        "discarded": 0
    },
    "Paired_end": {
        "in": 100000,
        "out": 264,
        "discarded": 99736,
        "Read1": {
            "basepairs_in": 30000000,
            "basepairs_out": 69960,
            "primerTrim": 264,
            "primerBpTrim": 9240
        },
        "Read2": {
            "basepairs_in": 30000000,
            "basepairs_out": 73665,
            "primerTrim": 264,
            "primerBpTrim": 5535
        }
    }
  }, {
    "Program_details": {
        "program": "hts_NTrimmer",
        "version": "1.3.2",
        "options": {
            "append-stats-file": "/nmspipeline//01-Processing/TRIMMER0090_P79/01-PrimerTrim/81-SMARTindex_LC_primers.log",
            "exclude": true,
            "force": false,
            "notes": "",
            "uncompressed": false
        }
    },
    "Fragment": {
        "in": 264,
        "out": 264,
        "basepairs_in": 143625,
        "basepairs_out": 143625
    },
    "Single_end": {
        "in": 0,
        "out": 0,
        "basepairs_in": 0,
        "basepairs_out": 0,
        "rightTrim": 0,
        "leftTrim": 0,
        "discarded": 0
    },
    "Paired_end": {
        "in": 264,
        "out": 264,
        "discarded": 0,
        "Read1": {
            "basepairs_in": 69960,
            "basepairs_out": 69960,
            "leftTrim": 0,
            "rightTrim": 0
        },
        "Read2": {
            "basepairs_in": 73665,
            "basepairs_out": 73665,
            "leftTrim": 0,
            "rightTrim": 0
        }
    }
  }, {
    "Program_details": {
        "program": "hts_SeqScreener",
        "version": "1.3.2",
        "options": {
            "append-stats-file": "/nmspipeline//01-Processing/TRIMMER0090_P79/01-PrimerTrim/81-SMARTindex_LC_primers.log",
            "check-read-2": true,
            "force": false,
            "inverse": false,
            "kmer": 21,
            "notes": "",
            "percentage-hits": 0.01,
            "record": true,
            "seq": "../aberrant_LC.fasta",
            "uncompressed": false
        },
        "screen_info": {
            "screenBP": 96,
            "lookupKmers": 8
        }
    },
    "Fragment": {
        "in": 264,
        "out": 264,
        "basepairs_in": 143625,
        "basepairs_out": 143625
    },
    "Single_end": {
        "in": 0,
        "out": 0,
        "basepairs_in": 0,
        "basepairs_out": 0,
        "hits": 0
    },
    "Paired_end": {
        "in": 264,
        "out": 264,
        "hits": 36,
        "Read1": {
            "basepairs_in": 69960,
            "basepairs_out": 69960
        },
        "Read2": {
            "basepairs_in": 73665,
            "basepairs_out": 73665
        }
    }
  }, {
    "Program_details": {
        "program": "hts_QWindowTrim",
        "version": "1.3.2",
        "options": {
            "append-stats-file": "/nmspipeline//01-Processing/TRIMMER0090_P79/01-PrimerTrim/81-SMARTindex_LC_primers.log",
            "avg-qual-score": 10,
            "force": false,
            "no-left": true,
            "no-right": false,
            "notes": "",
            "qual-offset": 33,
            "uncompressed": false,
            "window-size": 10
        }
    },
    "Fragment": {
        "in": 264,
        "out": 264,
        "basepairs_in": 143625,
        "basepairs_out": 143067
    },
    "Single_end": {
        "in": 0,
        "out": 0,
        "basepairs_in": 0,
        "basepairs_out": 0,
        "rightTrim": 0,
        "leftTrim": 0
    },
    "Paired_end": {
        "in": 264,
        "out": 264,
        "Read1": {
            "basepairs_in": 69960,
            "basepairs_out": 69796,
            "leftTrim": 0,
            "rightTrim": 164
        },
        "Read2": {
            "basepairs_in": 73665,
            "basepairs_out": 73271,
            "leftTrim": 0,
            "rightTrim": 394
        }
    }
  }, {
    "Program_details": {
        "program": "hts_Overlapper",
        "version": "1.3.2",
        "options": {
            "append-stats-file": "/nmspipeline//01-Processing/TRIMMER0090_P79/01-PrimerTrim/81-SMARTindex_LC_primers.log",
            "check-lengths": 20,
            "force": false,
            "force-pairs": false,
            "kmer": 8,
            "kmer-offset": 1,
            "max-mismatch": 100,
            "max-mismatch-errorDensity": 0.25,
            "min-overlap": 8,
            "notes": "",
            "number-of-threads": 1,
            "uncompressed": false
        }
    },
    "Fragment": {
        "in": 264,
        "out": 264,
        "basepairs_in": 143067,
        "basepairs_out": 109397,
        "inserts": {
            "short": 12,
            "medium": 228,
            "long": 24
        },
        "overlap_histogram": [ [45,1], [49,1], [58,1], [65,1], [119,2], [122,1], [156,1], [158,1], [159,1], [160,1], [164,1], [376,1], [386,2], [387,1], [390,1], [396,1], [408,2], [412,1], [413,1], [414,2], [415,3], [416,23], [417,150], [418,16], [419,1], [421,3], [422,9], [423,4], [435,1], [436,1], [440,5] ]
    },
    "Single_end": {
        "in": 0,
        "out": 240,
        "basepairs_in": 0,
        "basepairs_out": 96458
    },
    "Paired_end": {
        "in": 264,
        "out": 24,
        "Read1": {
            "basepairs_in": 69796,
            "basepairs_out": 6307
        },
        "Read2": {
            "basepairs_in": 73271,
            "basepairs_out": 6632
        }
    }
  }, {
    "Program_details": {
        "program": "hts_LengthFilter",
        "version": "1.3.2",
        "options": {
            "append-stats-file": "/nmspipeline//01-Processing/TRIMMER0090_P79/01-PrimerTrim/81-SMARTindex_LC_primers.log",
            "fastq-output": "/nmspipeline//01-Processing/TRIMMER0090_P79/01-PrimerTrim/81-SMARTindex_LC_primers",
            "force": true,
            "max-length": 0,
            "min-length": 385,
            "no-orphans": false,
            "notes": "",
            "stranded": false,
            "uncompressed": false
        }
    },
    "Fragment": {
        "in": 264,
        "out": 227,
        "basepairs_in": 109397,
        "basepairs_out": 94708
    },
    "Single_end": {
        "in": 240,
        "out": 227,
        "basepairs_in": 96458,
        "basepairs_out": 94708,
        "discarded": 13
    },
    "Paired_end": {
        "in": 24,
        "out": 0,
        "discarded": 24,
        "Read1": {
            "basepairs_in": 6307,
            "basepairs_out": 0,
            "discarded": 0
        },
        "Read2": {
            "basepairs_in": 6632,
            "basepairs_out": 0,
            "discarded": 0
        }
    }
  }
]
