[ {
    "Program_details": {
        "program": "hts_Primers",
        "version": "1.3.2",
        "options": {
            "flip": true,
            "float": 0,
            "force": false,
            "keep": false,
            "min_primer_matches": 2,
            "notes": "",
            "primer_end_mismatches": 0,
            "primer_mismatches": 0,
            "primers_3p": "../lc_primers.fasta",
            "primers_5p": "ACTCTTTCAGTGGTATCAACGCAGAGTACATGGGG",
            "read1-input": [ "/nmspipeline//01-Processing/TRIMMER0090_P79/00-RawData/TRIMMER_Plate79_S1_L001_R1_001_sub.fastq.gz"],
            "read2-input": [ "/nmspipeline//01-Processing/TRIMMER0090_P79/00-RawData/TRIMMER_Plate79_S1_L001_R2_001_sub.fastq.gz"],
            "stats-file": "/nmspipeline//01-Processing/TRIMMER0090_P79/01-PrimerTrim/82-SMARTindex_LC_primers.log",
            "uncompressed": false
        },
        "primers": [ ["p5primer1","ACTCTTTCAGTGGTATCAACGCAGAGTACATGGGG"], ["KaLC.6_REV_LC","GGATACAGTTGGTGCAGCATC"], ["LaLC.R-mIGL","ATCGTACACACCAGTGTGGC"], ["p5primer1","ACTCTTTCAGTGGTATCAACGCAGAGTACATGGGG"], ["KaLC.6_REV_LC","GGATACAGTTGGTGCAGCATC"], ["LaLC.R-mIGL","ATCGTACACACCAGTGTGGC"] ]
    },
    "Fragment": {
        "in": 100000,
        "out": 539,
        "basepairs_in": 60000000,
        "basepairs_out": 293218,
        "flipped": 242,
        "primers_counts": [ ["p5primer1","LaLC.R-mIGL",2], ["p5primer1","None",208], ["p5primer1","KaLC.6_REV_LC",537], ["None","None",40166], ["None","KaLC.6_REV_LC",56243], ["None","LaLC.R-mIGL",2844] ]
    },
    "Single_end": {
        "in": 0,
        "out": 0,
        "basepairs_in": 0,
        "basepairs_out": 0,
        "primerTrim": 0,
        "primerBpTrim": 0,
        "discarded": 0
    },
    "Paired_end": {
        "in": 100000,
        "out": 539,
        "discarded": 99461,
        "Read1": {
            "basepairs_in": 30000000,
            "basepairs_out": 142835,
            "primerTrim": 539,
            "primerBpTrim": 18865
        },
        "Read2": {
            "basepairs_in": 30000000,
            "basepairs_out": 150383,
            "primerTrim": 539,
            "primerBpTrim": 11317
        }
    }
  }, {
    "Program_details": {
        "program": "hts_NTrimmer",
        "version": "1.3.2",
        "options": {
            "append-stats-file": "/nmspipeline//01-Processing/TRIMMER0090_P79/01-PrimerTrim/82-SMARTindex_LC_primers.log",
            "exclude": true,
            "force": false,
            "notes": "",
            "uncompressed": false
        }
    },
    "Fragment": {
        "in": 539,
        "out": 538,
        "basepairs_in": 293218,
        "basepairs_out": 292674
    },
    "Single_end": {
        "in": 0,
        "out": 0,
        "basepairs_in": 0,
        "basepairs_out": 0,
        "rightTrim": 0,
        "leftTrim": 0,
        "discarded": 0
    },
    "Paired_end": {
        "in": 539,
        "out": 538,
        "discarded": 1,
        "Read1": {
            "basepairs_in": 142835,
            "basepairs_out": 142570,
            "leftTrim": 0,
            "rightTrim": 0
        },
        "Read2": {
            "basepairs_in": 150383,
            "basepairs_out": 150104,
            "leftTrim": 0,
            "rightTrim": 0
        }
    }
  }, {
    "Program_details": {
        "program": "hts_SeqScreener",
        "version": "1.3.2",
        "options": {
            "append-stats-file": "/nmspipeline//01-Processing/TRIMMER0090_P79/01-PrimerTrim/82-SMARTindex_LC_primers.log",
            "check-read-2": true,
            "force": false,
            "inverse": false,
            "kmer": 21,
            "notes": "",
            "percentage-hits": 0.01,
            "record": true,
            "seq": "../aberrant_LC.fasta",
            "uncompressed": false
        },
        "screen_info": {
            "screenBP": 96,
            "lookupKmers": 8
        }
    },
    "Fragment": {
        "in": 538,
        "out": 538,
        "basepairs_in": 292674,
        "basepairs_out": 292674
    },
    "Single_end": {
        "in": 0,
        "out": 0,
        "basepairs_in": 0,
        "basepairs_out": 0,
        "hits": 0
    },
    "Paired_end": {
        "in": 538,
        "out": 538,
        "hits": 159,
        "Read1": {
            "basepairs_in": 142570,
            "basepairs_out": 142570
        },
        "Read2": {
            "basepairs_in": 150104,
            "basepairs_out": 150104
        }
    }
  }, {
    "Program_details": {
        "program": "hts_QWindowTrim",
        "version": "1.3.2",
        "options": {
            "append-stats-file": "/nmspipeline//01-Processing/TRIMMER0090_P79/01-PrimerTrim/82-SMARTindex_LC_primers.log",
            "avg-qual-score": 10,
            "force": false,
            "no-left": true,
            "no-right": false,
            "notes": "",
            "qual-offset": 33,
            "uncompressed": false,
            "window-size": 10
        }
    },
    "Fragment": {
        "in": 538,
        "out": 538,
        "basepairs_in": 292674,
        "basepairs_out": 291958
    },
    "Single_end": {
        "in": 0,
        "out": 0,
        "basepairs_in": 0,
        "basepairs_out": 0,
        "rightTrim": 0,
        "leftTrim": 0
    },
    "Paired_end": {
        "in": 538,
        "out": 538,
        "Read1": {
            "basepairs_in": 142570,
            "basepairs_out": 142289,
            "leftTrim": 0,
            "rightTrim": 281
        },
        "Read2": {
            "basepairs_in": 150104,
            "basepairs_out": 149669,
            "leftTrim": 0,
            "rightTrim": 435
        }
    }
  }, {
    "Program_details": {
        "program": "hts_Overlapper",
        "version": "1.3.2",
        "options": {
            "append-stats-file": "/nmspipeline//01-Processing/TRIMMER0090_P79/01-PrimerTrim/82-SMARTindex_LC_primers.log",
            "check-lengths": 20,
            "force": false,
            "force-pairs": false,
            "kmer": 8,
            "kmer-offset": 1,
            "max-mismatch": 100,
            "max-mismatch-errorDensity": 0.25,
            "min-overlap": 8,
            "notes": "",
            "number-of-threads": 1,
            "uncompressed": false
        }
    },
    "Fragment": {
        "in": 538,
        "out": 538,
        "basepairs_in": 291958,
        "basepairs_out": 230498,
        "inserts": {
            "short": 23,
            "medium": 475,
            "long": 40
        },
        "overlap_histogram": [ [27,1], [31,1], [48,1], [57,1], [67,1], [74,1], [80,1], [87,1], [89,2], [96,1], [98,1], [101,1], [113,2], [118,1], [133,1], [137,1], [145,1], [193,2], [238,1], [269,1], [288,1], [296,1], [311,1], [376,1], [383,1], [392,1], [396,1], [398,8], [399,13], [400,1], [403,1], [414,1], [417,1], [418,47], [419,1], [420,5], [421,14], [422,23], [423,18], [424,1], [425,1], [426,1], [427,2], [436,2], [437,5], [438,1], [440,24], [441,28], [442,31], [443,8], [444,194], [445,30], [446,4], [447,1], [453,1], [467,1] ]
    },
    "Single_end": {
        "in": 0,
        "out": 498,
        "basepairs_in": 0,
        "basepairs_out": 208837
    },
    "Paired_end": {
        "in": 538,
        "out": 40,
        "Read1": {
            "basepairs_in": 142289,
            "basepairs_out": 10558
        },
        "Read2": {
            "basepairs_in": 149669,
            "basepairs_out": 11103
        }
    }
  }, {
    "Program_details": {
        "program": "hts_LengthFilter",
        "version": "1.3.2",
        "options": {
            "append-stats-file": "/nmspipeline//01-Processing/TRIMMER0090_P79/01-PrimerTrim/82-SMARTindex_LC_primers.log",
            "fastq-output": "/nmspipeline//01-Processing/TRIMMER0090_P79/01-PrimerTrim/82-SMARTindex_LC_primers",
            "force": true,
            "max-length": 0,
            "min-length": 385,
            "no-orphans": false,
            "notes": "",
            "stranded": false,
            "uncompressed": false
        }
    },
    "Fragment": {
        "in": 538,
        "out": 470,
        "basepairs_in": 230498,
        "basepairs_out": 204587
    },
    "Single_end": {
        "in": 498,
        "out": 470,
        "basepairs_in": 208837,
        "basepairs_out": 204587,
        "discarded": 28
    },
    "Paired_end": {
        "in": 40,
        "out": 0,
        "discarded": 40,
        "Read1": {
            "basepairs_in": 10558,
            "basepairs_out": 0,
            "discarded": 0
        },
        "Read2": {
            "basepairs_in": 11103,
            "basepairs_out": 0,
            "discarded": 0
        }
    }
  }
]
