[ {
    "Program_details": {
        "program": "hts_Primers",
        "version": "1.3.2",
        "options": {
            "flip": true,
            "float": 0,
            "force": false,
            "keep": false,
            "min_primer_matches": 2,
            "notes": "",
            "primer_end_mismatches": 0,
            "primer_mismatches": 0,
            "primers_3p": "../hc_primers.fasta",
            "primers_5p": "TGCTATTCAGTGGTATCAACGCAGAGTACATGGGG",
            "read1-input": [ "/nmspipeline//01-Processing/TRIMMER0090_P79/00-RawData/TRIMMER_Plate79_S1_L001_R1_001_sub.fastq.gz"],
            "read2-input": [ "/nmspipeline//01-Processing/TRIMMER0090_P79/00-RawData/TRIMMER_Plate79_S1_L001_R2_001_sub.fastq.gz"],
            "stats-file": "/nmspipeline//01-Processing/TRIMMER0090_P79/01-PrimerTrim/83-SMARTindex_HC_primers.log",
            "uncompressed": false
        },
        "primers": [ ["p5primer1","TGCTATTCAGTGGTATCAACGCAGAGTACATGGGG"], ["Ga3.10for_mIGH3","GGATAGACAGATGGGGCTGTTGTTGT"], ["Ga12HC.10_REV_CHI","ATAGACAGATGGGGGTGTCGTTTTGG"], ["p5primer1","TGCTATTCAGTGGTATCAACGCAGAGTACATGGGG"], ["Ga3.10for_mIGH3","GGATAGACAGATGGGGCTGTTGTTGT"], ["Ga12HC.10_REV_CHI","ATAGACAGATGGGGGTGTCGTTTTGG"] ]
    },
    "Fragment": {
        "in": 100000,
        "out": 209,
        "basepairs_in": 60000000,
        "basepairs_out": 112651,
        "flipped": 111,
        "primers_counts": [ ["p5primer1","Ga12HC.10_REV_CHI",208], ["p5primer1","None",1335], ["p5primer1","Ga3.10for_mIGH3",1], ["None","Ga3.10for_mIGH3",572], ["None","Ga12HC.10_REV_CHI",25592], ["None","None",72292] ]
    },
    "Single_end": {
        "in": 0,
        "out": 0,
        "basepairs_in": 0,
        "basepairs_out": 0,
        "primerTrim": 0,
        "primerBpTrim": 0,
        "discarded": 0
    },
    "Paired_end": {
        "in": 100000,
        "out": 209,
        "discarded": 99791,
        "Read1": {
            "basepairs_in": 30000000,
            "basepairs_out": 55385,
            "primerTrim": 209,
            "primerBpTrim": 7315
        },
        "Read2": {
            "basepairs_in": 30000000,
            "basepairs_out": 57266,
            "primerTrim": 209,
            "primerBpTrim": 5434
        }
    }
  }, {
    "Program_details": {
        "program": "hts_NTrimmer",
        "version": "1.3.2",
        "options": {
            "append-stats-file": "/nmspipeline//01-Processing/TRIMMER0090_P79/01-PrimerTrim/83-SMARTindex_HC_primers.log",
            "exclude": true,
            "force": false,
            "notes": "",
            "uncompressed": false
        }
    },
    "Fragment": {
        "in": 209,
        "out": 209,
        "basepairs_in": 112651,
        "basepairs_out": 112651
    },
    "Single_end": {
        "in": 0,
        "out": 0,
        "basepairs_in": 0,
        "basepairs_out": 0,
        "rightTrim": 0,
        "leftTrim": 0,
        "discarded": 0
    },
    "Paired_end": {
        "in": 209,
        "out": 209,
        "discarded": 0,
        "Read1": {
            "basepairs_in": 55385,
            "basepairs_out": 55385,
            "leftTrim": 0,
            "rightTrim": 0
        },
        "Read2": {
            "basepairs_in": 57266,
            "basepairs_out": 57266,
            "leftTrim": 0,
            "rightTrim": 0
        }
    }
  }, {
    "Program_details": {
        "program": "hts_SeqScreener",
        "version": "1.3.2",
        "options": {
            "append-stats-file": "/nmspipeline//01-Processing/TRIMMER0090_P79/01-PrimerTrim/83-SMARTindex_HC_primers.log",
            "check-read-2": true,
            "force": false,
            "inverse": false,
            "kmer": 21,
            "notes": "",
            "percentage-hits": 0.01,
            "record": true,
            "seq": "../aberrant_LC.fasta",
            "uncompressed": false
        },
        "screen_info": {
            "screenBP": 96,
            "lookupKmers": 8
        }
    },
    "Fragment": {
        "in": 209,
        "out": 209,
        "basepairs_in": 112651,
        "basepairs_out": 112651
    },
    "Single_end": {
        "in": 0,
        "out": 0,
        "basepairs_in": 0,
        "basepairs_out": 0,
        "hits": 0
    },
    "Paired_end": {
        "in": 209,
        "out": 209,
        "hits": 0,
        "Read1": {
            "basepairs_in": 55385,
            "basepairs_out": 55385
        },
        "Read2": {
            "basepairs_in": 57266,
            "basepairs_out": 57266
        }
    }
  }, {
    "Program_details": {
        "program": "hts_QWindowTrim",
        "version": "1.3.2",
        "options": {
            "append-stats-file": "/nmspipeline//01-Processing/TRIMMER0090_P79/01-PrimerTrim/83-SMARTindex_HC_primers.log",
            "avg-qual-score": 10,
            "force": false,
            "no-left": true,
            "no-right": false,
            "notes": "",
            "qual-offset": 33,
            "uncompressed": false,
            "window-size": 10
        }
    },
    "Fragment": {
        "in": 209,
        "out": 209,
        "basepairs_in": 112651,
        "basepairs_out": 112360
    },
    "Single_end": {
        "in": 0,
        "out": 0,
        "basepairs_in": 0,
        "basepairs_out": 0,
        "rightTrim": 0,
        "leftTrim": 0
    },
    "Paired_end": {
        "in": 209,
        "out": 209,
        "Read1": {
            "basepairs_in": 55385,
            "basepairs_out": 55150,
            "leftTrim": 0,
            "rightTrim": 235
        },
        "Read2": {
            "basepairs_in": 57266,
            "basepairs_out": 57210,
            "leftTrim": 0,
            "rightTrim": 56
        }
    }
  }, {
    "Program_details": {
        "program": "hts_Overlapper",
        "version": "1.3.2",
        "options": {
            "append-stats-file": "/nmspipeline//01-Processing/TRIMMER0090_P79/01-PrimerTrim/83-SMARTindex_HC_primers.log",
            "check-lengths": 20,
            "force": false,
            "force-pairs": false,
            "kmer": 8,
            "kmer-offset": 1,
            "max-mismatch": 100,
            "max-mismatch-errorDensity": 0.25,
            "min-overlap": 8,
            "notes": "",
            "number-of-threads": 1,
            "uncompressed": false
        }
    },
    "Fragment": {
        "in": 209,
        "out": 209,
        "basepairs_in": 112360,
        "basepairs_out": 90780,
        "inserts": {
            "short": 10,
            "medium": 178,
            "long": 21
        },
        "overlap_histogram": [ [27,1], [37,1], [98,1], [100,1], [103,1], [121,1], [129,1], [198,1], [239,1], [270,1], [282,1], [355,1], [417,1], [420,1], [422,1], [430,4], [431,76], [432,4], [433,12], [434,4], [436,1], [451,5], [452,10], [453,26], [455,1], [456,15], [457,4], [458,6], [459,3], [465,1], [478,1] ]
    },
    "Single_end": {
        "in": 0,
        "out": 188,
        "basepairs_in": 0,
        "basepairs_out": 79534
    },
    "Paired_end": {
        "in": 209,
        "out": 21,
        "Read1": {
            "basepairs_in": 55150,
            "basepairs_out": 5499
        },
        "Read2": {
            "basepairs_in": 57210,
            "basepairs_out": 5747
        }
    }
  }, {
    "Program_details": {
        "program": "hts_LengthFilter",
        "version": "1.3.2",
        "options": {
            "append-stats-file": "/nmspipeline//01-Processing/TRIMMER0090_P79/01-PrimerTrim/83-SMARTindex_HC_primers.log",
            "fastq-output": "/nmspipeline//01-Processing/TRIMMER0090_P79/01-PrimerTrim/83-SMARTindex_HC_primers",
            "force": true,
            "max-length": 0,
            "min-length": 385,
            "no-orphans": false,
            "notes": "",
            "stranded": false,
            "uncompressed": false
        }
    },
    "Fragment": {
        "in": 209,
        "out": 176,
        "basepairs_in": 90780,
        "basepairs_out": 77575
    },
    "Single_end": {
        "in": 188,
        "out": 176,
        "basepairs_in": 79534,
        "basepairs_out": 77575,
        "discarded": 12
    },
    "Paired_end": {
        "in": 21,
        "out": 0,
        "discarded": 21,
        "Read1": {
            "basepairs_in": 5499,
            "basepairs_out": 0,
            "discarded": 0
        },
        "Read2": {
            "basepairs_in": 5747,
            "basepairs_out": 0,
            "discarded": 0
        }
    }
  }
]
