[ {
    "Program_details": {
        "program": "hts_Primers",
        "version": "1.3.2",
        "options": {
            "flip": true,
            "float": 0,
            "force": false,
            "keep": false,
            "min_primer_matches": 2,
            "notes": "",
            "primer_end_mismatches": 0,
            "primer_mismatches": 0,
            "primers_3p": "../lc_primers.fasta",
            "primers_5p": "TGCTATTCAGTGGTATCAACGCAGAGTACATGGGG",
            "read1-input": [ "/nmspipeline//01-Processing/TRIMMER0090_P79/00-RawData/TRIMMER_Plate79_S1_L001_R1_001_sub.fastq.gz"],
            "read2-input": [ "/nmspipeline//01-Processing/TRIMMER0090_P79/00-RawData/TRIMMER_Plate79_S1_L001_R2_001_sub.fastq.gz"],
            "stats-file": "/nmspipeline//01-Processing/TRIMMER0090_P79/01-PrimerTrim/83-SMARTindex_LC_primers.log",
            "uncompressed": false
        },
        "primers": [ ["p5primer1","TGCTATTCAGTGGTATCAACGCAGAGTACATGGGG"], ["KaLC.6_REV_LC","GGATACAGTTGGTGCAGCATC"], ["LaLC.R-mIGL","ATCGTACACACCAGTGTGGC"], ["p5primer1","TGCTATTCAGTGGTATCAACGCAGAGTACATGGGG"], ["KaLC.6_REV_LC","GGATACAGTTGGTGCAGCATC"], ["LaLC.R-mIGL","ATCGTACACACCAGTGTGGC"] ]
    },
    "Fragment": {
        "in": 100000,
        "out": 1164,
        "basepairs_in": 60000000,
        "basepairs_out": 633219,
        "flipped": 520,
        "primers_counts": [ ["p5primer1","LaLC.R-mIGL",3], ["p5primer1","None",380], ["p5primer1","KaLC.6_REV_LC",1161], ["None","None",39994], ["None","KaLC.6_REV_LC",55619], ["None","LaLC.R-mIGL",2843] ]
    },
    "Single_end": {
        "in": 0,
        "out": 0,
        "basepairs_in": 0,
        "basepairs_out": 0,
        "primerTrim": 0,
        "primerBpTrim": 0,
        "discarded": 0
    },
    "Paired_end": {
        "in": 100000,
        "out": 1164,
        "discarded": 98836,
        "Read1": {
            "basepairs_in": 30000000,
            "basepairs_out": 308460,
            "primerTrim": 1164,
            "primerBpTrim": 40740
        },
        "Read2": {
            "basepairs_in": 30000000,
            "basepairs_out": 324759,
            "primerTrim": 1164,
            "primerBpTrim": 24441
        }
    }
  }, {
    "Program_details": {
        "program": "hts_NTrimmer",
        "version": "1.3.2",
        "options": {
            "append-stats-file": "/nmspipeline//01-Processing/TRIMMER0090_P79/01-PrimerTrim/83-SMARTindex_LC_primers.log",
            "exclude": true,
            "force": false,
            "notes": "",
            "uncompressed": false
        }
    },
    "Fragment": {
        "in": 1164,
        "out": 1164,
        "basepairs_in": 633219,
        "basepairs_out": 633219
    },
    "Single_end": {
        "in": 0,
        "out": 0,
        "basepairs_in": 0,
        "basepairs_out": 0,
        "rightTrim": 0,
        "leftTrim": 0,
        "discarded": 0
    },
    "Paired_end": {
        "in": 1164,
        "out": 1164,
        "discarded": 0,
        "Read1": {
            "basepairs_in": 308460,
            "basepairs_out": 308460,
            "leftTrim": 0,
            "rightTrim": 0
        },
        "Read2": {
            "basepairs_in": 324759,
            "basepairs_out": 324759,
            "leftTrim": 0,
            "rightTrim": 0
        }
    }
  }, {
    "Program_details": {
        "program": "hts_SeqScreener",
        "version": "1.3.2",
        "options": {
            "append-stats-file": "/nmspipeline//01-Processing/TRIMMER0090_P79/01-PrimerTrim/83-SMARTindex_LC_primers.log",
            "check-read-2": true,
            "force": false,
            "inverse": false,
            "kmer": 21,
            "notes": "",
            "percentage-hits": 0.01,
            "record": true,
            "seq": "../aberrant_LC.fasta",
            "uncompressed": false
        },
        "screen_info": {
            "screenBP": 96,
            "lookupKmers": 8
        }
    },
    "Fragment": {
        "in": 1164,
        "out": 1164,
        "basepairs_in": 633219,
        "basepairs_out": 633219
    },
    "Single_end": {
        "in": 0,
        "out": 0,
        "basepairs_in": 0,
        "basepairs_out": 0,
        "hits": 0
    },
    "Paired_end": {
        "in": 1164,
        "out": 1164,
        "hits": 279,
        "Read1": {
            "basepairs_in": 308460,
            "basepairs_out": 308460
        },
        "Read2": {
            "basepairs_in": 324759,
            "basepairs_out": 324759
        }
    }
  }, {
    "Program_details": {
        "program": "hts_QWindowTrim",
        "version": "1.3.2",
        "options": {
            "append-stats-file": "/nmspipeline//01-Processing/TRIMMER0090_P79/01-PrimerTrim/83-SMARTindex_LC_primers.log",
            "avg-qual-score": 10,
            "force": false,
            "no-left": true,
            "no-right": false,
            "notes": "",
            "qual-offset": 33,
            "uncompressed": false,
            "window-size": 10
        }
    },
    "Fragment": {
        "in": 1164,
        "out": 1164,
        "basepairs_in": 633219,
        "basepairs_out": 631081
    },
    "Single_end": {
        "in": 0,
        "out": 0,
        "basepairs_in": 0,
        "basepairs_out": 0,
        "rightTrim": 0,
        "leftTrim": 0
    },
    "Paired_end": {
        "in": 1164,
        "out": 1164,
        "Read1": {
            "basepairs_in": 308460,
            "basepairs_out": 307600,
            "leftTrim": 0,
            "rightTrim": 860
        },
        "Read2": {
            "basepairs_in": 324759,
            "basepairs_out": 323481,
            "leftTrim": 0,
            "rightTrim": 1278
        }
    }
  }, {
    "Program_details": {
        "program": "hts_Overlapper",
        "version": "1.3.2",
        "options": {
            "append-stats-file": "/nmspipeline//01-Processing/TRIMMER0090_P79/01-PrimerTrim/83-SMARTindex_LC_primers.log",
            "check-lengths": 20,
            "force": false,
            "force-pairs": false,
            "kmer": 8,
            "kmer-offset": 1,
            "max-mismatch": 100,
            "max-mismatch-errorDensity": 0.25,
            "min-overlap": 8,
            "notes": "",
            "number-of-threads": 1,
            "uncompressed": false
        }
    },
    "Fragment": {
        "in": 1164,
        "out": 1164,
        "basepairs_in": 631081,
        "basepairs_out": 472947,
        "inserts": {
            "short": 110,
            "medium": 983,
            "long": 71
        },
        "overlap_histogram": [ [9,1], [14,1], [15,1], [26,1], [27,1], [48,1], [50,1], [55,1], [61,1], [67,1], [76,1], [77,1], [81,1], [82,3], [83,5], [84,4], [86,48], [87,2], [89,2], [90,1], [91,1], [96,1], [100,1], [106,1], [108,1], [114,1], [115,1], [123,1], [136,2], [141,2], [142,1], [144,1], [145,1], [154,1], [155,1], [161,1], [162,1], [165,1], [167,1], [174,1], [181,1], [182,1], [184,1], [202,1], [214,1], [231,1], [236,1], [238,1], [261,1], [271,1], [282,1], [296,1], [306,1], [325,1], [334,1], [335,1], [353,1], [354,1], [359,1], [360,1], [361,1], [368,1], [369,1], [381,1], [393,1], [397,2], [398,7], [399,19], [400,1], [402,1], [403,1], [406,3], [410,2], [411,1], [416,1], [417,1], [418,96], [419,7], [420,8], [421,19], [422,31], [423,32], [424,1], [425,2], [427,3], [429,4], [430,32], [431,72], [432,30], [433,19], [434,310], [435,18], [437,1], [439,6], [440,28], [441,10], [442,9], [443,144], [444,36], [445,3], [452,1], [453,1], [456,2], [457,1], [459,1], [470,1], [531,1] ]
    },
    "Single_end": {
        "in": 0,
        "out": 1093,
        "basepairs_in": 0,
        "basepairs_out": 434455
    },
    "Paired_end": {
        "in": 1164,
        "out": 71,
        "Read1": {
            "basepairs_in": 307600,
            "basepairs_out": 18764
        },
        "Read2": {
            "basepairs_in": 323481,
            "basepairs_out": 19728
        }
    }
  }, {
    "Program_details": {
        "program": "hts_LengthFilter",
        "version": "1.3.2",
        "options": {
            "append-stats-file": "/nmspipeline//01-Processing/TRIMMER0090_P79/01-PrimerTrim/83-SMARTindex_LC_primers.log",
            "fastq-output": "/nmspipeline//01-Processing/TRIMMER0090_P79/01-PrimerTrim/83-SMARTindex_LC_primers",
            "force": true,
            "max-length": 0,
            "min-length": 385,
            "no-orphans": false,
            "notes": "",
            "stranded": false,
            "uncompressed": false
        }
    },
    "Fragment": {
        "in": 1164,
        "out": 969,
        "basepairs_in": 472947,
        "basepairs_out": 418323
    },
    "Single_end": {
        "in": 1093,
        "out": 969,
        "basepairs_in": 434455,
        "basepairs_out": 418323,
        "discarded": 124
    },
    "Paired_end": {
        "in": 71,
        "out": 0,
        "discarded": 71,
        "Read1": {
            "basepairs_in": 18764,
            "basepairs_out": 0,
            "discarded": 0
        },
        "Read2": {
            "basepairs_in": 19728,
            "basepairs_out": 0,
            "discarded": 0
        }
    }
  }
]
