[ {
    "Program_details": {
        "program": "hts_Primers",
        "version": "1.3.2",
        "options": {
            "flip": true,
            "float": 0,
            "force": false,
            "keep": false,
            "min_primer_matches": 2,
            "notes": "",
            "primer_end_mismatches": 0,
            "primer_mismatches": 0,
            "primers_3p": "../lc_primers.fasta",
            "primers_5p": "CCGACCTCAGTGGTATCAACGCAGAGTACATGGGG",
            "read1-input": [ "/nmspipeline//01-Processing/TRIMMER0090_P79/00-RawData/TRIMMER_Plate79_S1_L001_R1_001_sub.fastq.gz"],
            "read2-input": [ "/nmspipeline//01-Processing/TRIMMER0090_P79/00-RawData/TRIMMER_Plate79_S1_L001_R2_001_sub.fastq.gz"],
            "stats-file": "/nmspipeline//01-Processing/TRIMMER0090_P79/01-PrimerTrim/86-SMARTindex_LC_primers.log",
            "uncompressed": false
        },
        "primers": [ ["p5primer1","CCGACCTCAGTGGTATCAACGCAGAGTACATGGGG"], ["KaLC.6_REV_LC","GGATACAGTTGGTGCAGCATC"], ["LaLC.R-mIGL","ATCGTACACACCAGTGTGGC"], ["p5primer1","CCGACCTCAGTGGTATCAACGCAGAGTACATGGGG"], ["KaLC.6_REV_LC","GGATACAGTTGGTGCAGCATC"], ["LaLC.R-mIGL","ATCGTACACACCAGTGTGGC"] ]
    },
    "Fragment": {
        "in": 100000,
        "out": 122,
        "basepairs_in": 60000000,
        "basepairs_out": 66368,
        "flipped": 62,
        "primers_counts": [ ["p5primer1","KaLC.6_REV_LC",122], ["p5primer1","None",79], ["None","None",40295], ["None","KaLC.6_REV_LC",56658], ["None","LaLC.R-mIGL",2846] ]
    },
    "Single_end": {
        "in": 0,
        "out": 0,
        "basepairs_in": 0,
        "basepairs_out": 0,
        "primerTrim": 0,
        "primerBpTrim": 0,
        "discarded": 0
    },
    "Paired_end": {
        "in": 100000,
        "out": 122,
        "discarded": 99878,
        "Read1": {
            "basepairs_in": 30000000,
            "basepairs_out": 32330,
            "primerTrim": 122,
            "primerBpTrim": 4270
        },
        "Read2": {
            "basepairs_in": 30000000,
            "basepairs_out": 34038,
            "primerTrim": 122,
            "primerBpTrim": 2562
        }
    }
  }, {
    "Program_details": {
        "program": "hts_NTrimmer",
        "version": "1.3.2",
        "options": {
            "append-stats-file": "/nmspipeline//01-Processing/TRIMMER0090_P79/01-PrimerTrim/86-SMARTindex_LC_primers.log",
            "exclude": true,
            "force": false,
            "notes": "",
            "uncompressed": false
        }
    },
    "Fragment": {
        "in": 122,
        "out": 122,
        "basepairs_in": 66368,
        "basepairs_out": 66368
    },
    "Single_end": {
        "in": 0,
        "out": 0,
        "basepairs_in": 0,
        "basepairs_out": 0,
        "rightTrim": 0,
        "leftTrim": 0,
        "discarded": 0
    },
    "Paired_end": {
        "in": 122,
        "out": 122,
        "discarded": 0,
        "Read1": {
            "basepairs_in": 32330,
            "basepairs_out": 32330,
            "leftTrim": 0,
            "rightTrim": 0
        },
        "Read2": {
            "basepairs_in": 34038,
            "basepairs_out": 34038,
            "leftTrim": 0,
            "rightTrim": 0
        }
    }
  }, {
    "Program_details": {
        "program": "hts_SeqScreener",
        "version": "1.3.2",
        "options": {
            "append-stats-file": "/nmspipeline//01-Processing/TRIMMER0090_P79/01-PrimerTrim/86-SMARTindex_LC_primers.log",
            "check-read-2": true,
            "force": false,
            "inverse": false,
            "kmer": 21,
            "notes": "",
            "percentage-hits": 0.01,
            "record": true,
            "seq": "../aberrant_LC.fasta",
            "uncompressed": false
        },
        "screen_info": {
            "screenBP": 96,
            "lookupKmers": 8
        }
    },
    "Fragment": {
        "in": 122,
        "out": 122,
        "basepairs_in": 66368,
        "basepairs_out": 66368
    },
    "Single_end": {
        "in": 0,
        "out": 0,
        "basepairs_in": 0,
        "basepairs_out": 0,
        "hits": 0
    },
    "Paired_end": {
        "in": 122,
        "out": 122,
        "hits": 38,
        "Read1": {
            "basepairs_in": 32330,
            "basepairs_out": 32330
        },
        "Read2": {
            "basepairs_in": 34038,
            "basepairs_out": 34038
        }
    }
  }, {
    "Program_details": {
        "program": "hts_QWindowTrim",
        "version": "1.3.2",
        "options": {
            "append-stats-file": "/nmspipeline//01-Processing/TRIMMER0090_P79/01-PrimerTrim/86-SMARTindex_LC_primers.log",
            "avg-qual-score": 10,
            "force": false,
            "no-left": true,
            "no-right": false,
            "notes": "",
            "qual-offset": 33,
            "uncompressed": false,
            "window-size": 10
        }
    },
    "Fragment": {
        "in": 122,
        "out": 122,
        "basepairs_in": 66368,
        "basepairs_out": 66082
    },
    "Single_end": {
        "in": 0,
        "out": 0,
        "basepairs_in": 0,
        "basepairs_out": 0,
        "rightTrim": 0,
        "leftTrim": 0
    },
    "Paired_end": {
        "in": 122,
        "out": 122,
        "Read1": {
            "basepairs_in": 32330,
            "basepairs_out": 32194,
            "leftTrim": 0,
            "rightTrim": 136
        },
        "Read2": {
            "basepairs_in": 34038,
            "basepairs_out": 33888,
            "leftTrim": 0,
            "rightTrim": 150
        }
    }
  }, {
    "Program_details": {
        "program": "hts_Overlapper",
        "version": "1.3.2",
        "options": {
            "append-stats-file": "/nmspipeline//01-Processing/TRIMMER0090_P79/01-PrimerTrim/86-SMARTindex_LC_primers.log",
            "check-lengths": 20,
            "force": false,
            "force-pairs": false,
            "kmer": 8,
            "kmer-offset": 1,
            "max-mismatch": 100,
            "max-mismatch-errorDensity": 0.25,
            "min-overlap": 8,
            "notes": "",
            "number-of-threads": 1,
            "uncompressed": false
        }
    },
    "Fragment": {
        "in": 122,
        "out": 122,
        "basepairs_in": 66082,
        "basepairs_out": 50401,
        "inserts": {
            "short": 10,
            "medium": 105,
            "long": 7
        },
        "overlap_histogram": [ [15,1], [54,1], [105,1], [127,2], [133,1], [137,1], [147,1], [155,1], [177,1], [345,1], [364,1], [370,1], [378,1], [398,1], [399,1], [403,1], [406,1], [407,1], [409,1], [415,1], [418,9], [419,3], [421,2], [422,5], [423,4], [437,1], [439,1], [440,5], [441,2], [442,7], [443,1], [444,43], [445,10], [449,1] ]
    },
    "Single_end": {
        "in": 0,
        "out": 115,
        "basepairs_in": 0,
        "basepairs_out": 46620
    },
    "Paired_end": {
        "in": 122,
        "out": 7,
        "Read1": {
            "basepairs_in": 32194,
            "basepairs_out": 1848
        },
        "Read2": {
            "basepairs_in": 33888,
            "basepairs_out": 1933
        }
    }
  }, {
    "Program_details": {
        "program": "hts_LengthFilter",
        "version": "1.3.2",
        "options": {
            "append-stats-file": "/nmspipeline//01-Processing/TRIMMER0090_P79/01-PrimerTrim/86-SMARTindex_LC_primers.log",
            "fastq-output": "/nmspipeline//01-Processing/TRIMMER0090_P79/01-PrimerTrim/86-SMARTindex_LC_primers",
            "force": true,
            "max-length": 0,
            "min-length": 385,
            "no-orphans": false,
            "notes": "",
            "stranded": false,
            "uncompressed": false
        }
    },
    "Fragment": {
        "in": 122,
        "out": 101,
        "basepairs_in": 50401,
        "basepairs_out": 43986
    },
    "Single_end": {
        "in": 115,
        "out": 101,
        "basepairs_in": 46620,
        "basepairs_out": 43986,
        "discarded": 14
    },
    "Paired_end": {
        "in": 7,
        "out": 0,
        "discarded": 7,
        "Read1": {
            "basepairs_in": 1848,
            "basepairs_out": 0,
            "discarded": 0
        },
        "Read2": {
            "basepairs_in": 1933,
            "basepairs_out": 0,
            "discarded": 0
        }
    }
  }
]
