[ {
    "Program_details": {
        "program": "hts_Primers",
        "version": "1.3.2",
        "options": {
            "flip": true,
            "float": 0,
            "force": false,
            "keep": false,
            "min_primer_matches": 2,
            "notes": "",
            "primer_end_mismatches": 0,
            "primer_mismatches": 0,
            "primers_3p": "../hc_primers.fasta",
            "primers_5p": "CCGACCTCAGTGGTATCAACGCAGAGTACATGGGG",
            "read1-input": [ "/nmspipeline//01-Processing/TRIMMER0090_P79/00-RawData/TRIMMER_Plate79_S1_L001_R1_001_sub.fastq.gz"],
            "read2-input": [ "/nmspipeline//01-Processing/TRIMMER0090_P79/00-RawData/TRIMMER_Plate79_S1_L001_R2_001_sub.fastq.gz"],
            "stats-file": "/nmspipeline//01-Processing/TRIMMER0090_P79/01-PrimerTrim/86-SMARTindex_HC_primers.log",
            "uncompressed": false
        },
        "primers": [ ["p5primer1","CCGACCTCAGTGGTATCAACGCAGAGTACATGGGG"], ["Ga3.10for_mIGH3","GGATAGACAGATGGGGCTGTTGTTGT"], ["Ga12HC.10_REV_CHI","ATAGACAGATGGGGGTGTCGTTTTGG"], ["p5primer1","CCGACCTCAGTGGTATCAACGCAGAGTACATGGGG"], ["Ga3.10for_mIGH3","GGATAGACAGATGGGGCTGTTGTTGT"], ["Ga12HC.10_REV_CHI","ATAGACAGATGGGGGTGTCGTTTTGG"] ]
    },
    "Fragment": {
        "in": 100000,
        "out": 26,
        "basepairs_in": 60000000,
        "basepairs_out": 14014,
        "flipped": 15,
        "primers_counts": [ ["p5primer1","Ga12HC.10_REV_CHI",26], ["p5primer1","None",175], ["None","Ga3.10for_mIGH3",573], ["None","Ga12HC.10_REV_CHI",25774], ["None","None",73452] ]
    },
    "Single_end": {
        "in": 0,
        "out": 0,
        "basepairs_in": 0,
        "basepairs_out": 0,
        "primerTrim": 0,
        "primerBpTrim": 0,
        "discarded": 0
    },
    "Paired_end": {
        "in": 100000,
        "out": 26,
        "discarded": 99974,
        "Read1": {
            "basepairs_in": 30000000,
            "basepairs_out": 6890,
            "primerTrim": 26,
            "primerBpTrim": 910
        },
        "Read2": {
            "basepairs_in": 30000000,
            "basepairs_out": 7124,
            "primerTrim": 26,
            "primerBpTrim": 676
        }
    }
  }, {
    "Program_details": {
        "program": "hts_NTrimmer",
        "version": "1.3.2",
        "options": {
            "append-stats-file": "/nmspipeline//01-Processing/TRIMMER0090_P79/01-PrimerTrim/86-SMARTindex_HC_primers.log",
            "exclude": true,
            "force": false,
            "notes": "",
            "uncompressed": false
        }
    },
    "Fragment": {
        "in": 26,
        "out": 26,
        "basepairs_in": 14014,
        "basepairs_out": 14014
    },
    "Single_end": {
        "in": 0,
        "out": 0,
        "basepairs_in": 0,
        "basepairs_out": 0,
        "rightTrim": 0,
        "leftTrim": 0,
        "discarded": 0
    },
    "Paired_end": {
        "in": 26,
        "out": 26,
        "discarded": 0,
        "Read1": {
            "basepairs_in": 6890,
            "basepairs_out": 6890,
            "leftTrim": 0,
            "rightTrim": 0
        },
        "Read2": {
            "basepairs_in": 7124,
            "basepairs_out": 7124,
            "leftTrim": 0,
            "rightTrim": 0
        }
    }
  }, {
    "Program_details": {
        "program": "hts_SeqScreener",
        "version": "1.3.2",
        "options": {
            "append-stats-file": "/nmspipeline//01-Processing/TRIMMER0090_P79/01-PrimerTrim/86-SMARTindex_HC_primers.log",
            "check-read-2": true,
            "force": false,
            "inverse": false,
            "kmer": 21,
            "notes": "",
            "percentage-hits": 0.01,
            "record": true,
            "seq": "../aberrant_LC.fasta",
            "uncompressed": false
        },
        "screen_info": {
            "screenBP": 96,
            "lookupKmers": 8
        }
    },
    "Fragment": {
        "in": 26,
        "out": 26,
        "basepairs_in": 14014,
        "basepairs_out": 14014
    },
    "Single_end": {
        "in": 0,
        "out": 0,
        "basepairs_in": 0,
        "basepairs_out": 0,
        "hits": 0
    },
    "Paired_end": {
        "in": 26,
        "out": 26,
        "hits": 0,
        "Read1": {
            "basepairs_in": 6890,
            "basepairs_out": 6890
        },
        "Read2": {
            "basepairs_in": 7124,
            "basepairs_out": 7124
        }
    }
  }, {
    "Program_details": {
        "program": "hts_QWindowTrim",
        "version": "1.3.2",
        "options": {
            "append-stats-file": "/nmspipeline//01-Processing/TRIMMER0090_P79/01-PrimerTrim/86-SMARTindex_HC_primers.log",
            "avg-qual-score": 10,
            "force": false,
            "no-left": true,
            "no-right": false,
            "notes": "",
            "qual-offset": 33,
            "uncompressed": false,
            "window-size": 10
        }
    },
    "Fragment": {
        "in": 26,
        "out": 26,
        "basepairs_in": 14014,
        "basepairs_out": 13899
    },
    "Single_end": {
        "in": 0,
        "out": 0,
        "basepairs_in": 0,
        "basepairs_out": 0,
        "rightTrim": 0,
        "leftTrim": 0
    },
    "Paired_end": {
        "in": 26,
        "out": 26,
        "Read1": {
            "basepairs_in": 6890,
            "basepairs_out": 6804,
            "leftTrim": 0,
            "rightTrim": 86
        },
        "Read2": {
            "basepairs_in": 7124,
            "basepairs_out": 7095,
            "leftTrim": 0,
            "rightTrim": 29
        }
    }
  }, {
    "Program_details": {
        "program": "hts_Overlapper",
        "version": "1.3.2",
        "options": {
            "append-stats-file": "/nmspipeline//01-Processing/TRIMMER0090_P79/01-PrimerTrim/86-SMARTindex_HC_primers.log",
            "check-lengths": 20,
            "force": false,
            "force-pairs": false,
            "kmer": 8,
            "kmer-offset": 1,
            "max-mismatch": 100,
            "max-mismatch-errorDensity": 0.25,
            "min-overlap": 8,
            "notes": "",
            "number-of-threads": 1,
            "uncompressed": false
        }
    },
    "Fragment": {
        "in": 26,
        "out": 26,
        "basepairs_in": 13899,
        "basepairs_out": 11511,
        "inserts": {
            "short": 4,
            "medium": 17,
            "long": 5
        },
        "overlap_histogram": [ [47,1], [55,1], [72,1], [172,1], [484,1], [494,1], [498,6], [500,1], [502,1], [503,3], [504,4] ]
    },
    "Single_end": {
        "in": 0,
        "out": 21,
        "basepairs_in": 0,
        "basepairs_out": 8839
    },
    "Paired_end": {
        "in": 26,
        "out": 5,
        "Read1": {
            "basepairs_in": 6804,
            "basepairs_out": 1302
        },
        "Read2": {
            "basepairs_in": 7095,
            "basepairs_out": 1370
        }
    }
  }, {
    "Program_details": {
        "program": "hts_LengthFilter",
        "version": "1.3.2",
        "options": {
            "append-stats-file": "/nmspipeline//01-Processing/TRIMMER0090_P79/01-PrimerTrim/86-SMARTindex_HC_primers.log",
            "fastq-output": "/nmspipeline//01-Processing/TRIMMER0090_P79/01-PrimerTrim/86-SMARTindex_HC_primers",
            "force": true,
            "max-length": 0,
            "min-length": 385,
            "no-orphans": false,
            "notes": "",
            "stranded": false,
            "uncompressed": false
        }
    },
    "Fragment": {
        "in": 26,
        "out": 17,
        "basepairs_in": 11511,
        "basepairs_out": 8493
    },
    "Single_end": {
        "in": 21,
        "out": 17,
        "basepairs_in": 8839,
        "basepairs_out": 8493,
        "discarded": 4
    },
    "Paired_end": {
        "in": 5,
        "out": 0,
        "discarded": 5,
        "Read1": {
            "basepairs_in": 1302,
            "basepairs_out": 0,
            "discarded": 0
        },
        "Read2": {
            "basepairs_in": 1370,
            "basepairs_out": 0,
            "discarded": 0
        }
    }
  }
]
