[ {
    "Program_details": {
        "program": "hts_Primers",
        "version": "1.3.2",
        "options": {
            "flip": true,
            "float": 0,
            "force": false,
            "keep": false,
            "min_primer_matches": 2,
            "notes": "",
            "primer_end_mismatches": 0,
            "primer_mismatches": 0,
            "primers_3p": "../hc_primers.fasta",
            "primers_5p": "CGCGGACAGTGGTATCAACGCAGAGTACATGGGG",
            "read1-input": [ "/nmspipeline//01-Processing/TRIMMER0090_P79/00-RawData/TRIMMER_Plate79_S1_L001_R1_001_sub.fastq.gz"],
            "read2-input": [ "/nmspipeline//01-Processing/TRIMMER0090_P79/00-RawData/TRIMMER_Plate79_S1_L001_R2_001_sub.fastq.gz"],
            "stats-file": "/nmspipeline//01-Processing/TRIMMER0090_P79/01-PrimerTrim/89-SMARTindex_HC_primers.log",
            "uncompressed": false
        },
        "primers": [ ["p5primer1","CGCGGACAGTGGTATCAACGCAGAGTACATGGGG"], ["Ga3.10for_mIGH3","GGATAGACAGATGGGGCTGTTGTTGT"], ["Ga12HC.10_REV_CHI","ATAGACAGATGGGGGTGTCGTTTTGG"], ["p5primer1","CGCGGACAGTGGTATCAACGCAGAGTACATGGGG"], ["Ga3.10for_mIGH3","GGATAGACAGATGGGGCTGTTGTTGT"], ["Ga12HC.10_REV_CHI","ATAGACAGATGGGGGTGTCGTTTTGG"] ]
    },
    "Fragment": {
        "in": 100000,
        "out": 61,
        "basepairs_in": 60000000,
        "basepairs_out": 32940,
        "flipped": 27,
        "primers_counts": [ ["p5primer1","Ga12HC.10_REV_CHI",61], ["p5primer1","None",404], ["None","Ga3.10for_mIGH3",573], ["None","Ga12HC.10_REV_CHI",25739], ["None","None",73223] ]
    },
    "Single_end": {
        "in": 0,
        "out": 0,
        "basepairs_in": 0,
        "basepairs_out": 0,
        "primerTrim": 0,
        "primerBpTrim": 0,
        "discarded": 0
    },
    "Paired_end": {
        "in": 100000,
        "out": 61,
        "discarded": 99939,
        "Read1": {
            "basepairs_in": 30000000,
            "basepairs_out": 16226,
            "primerTrim": 61,
            "primerBpTrim": 2074
        },
        "Read2": {
            "basepairs_in": 30000000,
            "basepairs_out": 16714,
            "primerTrim": 61,
            "primerBpTrim": 1586
        }
    }
  }, {
    "Program_details": {
        "program": "hts_NTrimmer",
        "version": "1.3.2",
        "options": {
            "append-stats-file": "/nmspipeline//01-Processing/TRIMMER0090_P79/01-PrimerTrim/89-SMARTindex_HC_primers.log",
            "exclude": true,
            "force": false,
            "notes": "",
            "uncompressed": false
        }
    },
    "Fragment": {
        "in": 61,
        "out": 61,
        "basepairs_in": 32940,
        "basepairs_out": 32940
    },
    "Single_end": {
        "in": 0,
        "out": 0,
        "basepairs_in": 0,
        "basepairs_out": 0,
        "rightTrim": 0,
        "leftTrim": 0,
        "discarded": 0
    },
    "Paired_end": {
        "in": 61,
        "out": 61,
        "discarded": 0,
        "Read1": {
            "basepairs_in": 16226,
            "basepairs_out": 16226,
            "leftTrim": 0,
            "rightTrim": 0
        },
        "Read2": {
            "basepairs_in": 16714,
            "basepairs_out": 16714,
            "leftTrim": 0,
            "rightTrim": 0
        }
    }
  }, {
    "Program_details": {
        "program": "hts_SeqScreener",
        "version": "1.3.2",
        "options": {
            "append-stats-file": "/nmspipeline//01-Processing/TRIMMER0090_P79/01-PrimerTrim/89-SMARTindex_HC_primers.log",
            "check-read-2": true,
            "force": false,
            "inverse": false,
            "kmer": 21,
            "notes": "",
            "percentage-hits": 0.01,
            "record": true,
            "seq": "../aberrant_LC.fasta",
            "uncompressed": false
        },
        "screen_info": {
            "screenBP": 96,
            "lookupKmers": 8
        }
    },
    "Fragment": {
        "in": 61,
        "out": 61,
        "basepairs_in": 32940,
        "basepairs_out": 32940
    },
    "Single_end": {
        "in": 0,
        "out": 0,
        "basepairs_in": 0,
        "basepairs_out": 0,
        "hits": 0
    },
    "Paired_end": {
        "in": 61,
        "out": 61,
        "hits": 0,
        "Read1": {
            "basepairs_in": 16226,
            "basepairs_out": 16226
        },
        "Read2": {
            "basepairs_in": 16714,
            "basepairs_out": 16714
        }
    }
  }, {
    "Program_details": {
        "program": "hts_QWindowTrim",
        "version": "1.3.2",
        "options": {
            "append-stats-file": "/nmspipeline//01-Processing/TRIMMER0090_P79/01-PrimerTrim/89-SMARTindex_HC_primers.log",
            "avg-qual-score": 10,
            "force": false,
            "no-left": true,
            "no-right": false,
            "notes": "",
            "qual-offset": 33,
            "uncompressed": false,
            "window-size": 10
        }
    },
    "Fragment": {
        "in": 61,
        "out": 61,
        "basepairs_in": 32940,
        "basepairs_out": 32863
    },
    "Single_end": {
        "in": 0,
        "out": 0,
        "basepairs_in": 0,
        "basepairs_out": 0,
        "rightTrim": 0,
        "leftTrim": 0
    },
    "Paired_end": {
        "in": 61,
        "out": 61,
        "Read1": {
            "basepairs_in": 16226,
            "basepairs_out": 16170,
            "leftTrim": 0,
            "rightTrim": 56
        },
        "Read2": {
            "basepairs_in": 16714,
            "basepairs_out": 16693,
            "leftTrim": 0,
            "rightTrim": 21
        }
    }
  }, {
    "Program_details": {
        "program": "hts_Overlapper",
        "version": "1.3.2",
        "options": {
            "append-stats-file": "/nmspipeline//01-Processing/TRIMMER0090_P79/01-PrimerTrim/89-SMARTindex_HC_primers.log",
            "check-lengths": 20,
            "force": false,
            "force-pairs": false,
            "kmer": 8,
            "kmer-offset": 1,
            "max-mismatch": 100,
            "max-mismatch-errorDensity": 0.25,
            "min-overlap": 8,
            "notes": "",
            "number-of-threads": 1,
            "uncompressed": false
        }
    },
    "Fragment": {
        "in": 61,
        "out": 61,
        "basepairs_in": 32863,
        "basepairs_out": 25477,
        "inserts": {
            "short": 7,
            "medium": 52,
            "long": 2
        },
        "overlap_histogram": [ [51,1], [60,1], [71,1], [81,1], [84,1], [204,1], [247,1], [326,1], [402,1], [446,1], [454,5], [455,1], [457,26], [458,1], [459,2], [460,2], [461,7], [462,5] ]
    },
    "Single_end": {
        "in": 0,
        "out": 59,
        "basepairs_in": 0,
        "basepairs_out": 24412
    },
    "Paired_end": {
        "in": 61,
        "out": 2,
        "Read1": {
            "basepairs_in": 16170,
            "basepairs_out": 523
        },
        "Read2": {
            "basepairs_in": 16693,
            "basepairs_out": 542
        }
    }
  }, {
    "Program_details": {
        "program": "hts_LengthFilter",
        "version": "1.3.2",
        "options": {
            "append-stats-file": "/nmspipeline//01-Processing/TRIMMER0090_P79/01-PrimerTrim/89-SMARTindex_HC_primers.log",
            "fastq-output": "/nmspipeline//01-Processing/TRIMMER0090_P79/01-PrimerTrim/89-SMARTindex_HC_primers",
            "force": true,
            "max-length": 0,
            "min-length": 385,
            "no-orphans": false,
            "notes": "",
            "stranded": false,
            "uncompressed": false
        }
    },
    "Fragment": {
        "in": 61,
        "out": 51,
        "basepairs_in": 25477,
        "basepairs_out": 23288
    },
    "Single_end": {
        "in": 59,
        "out": 51,
        "basepairs_in": 24412,
        "basepairs_out": 23288,
        "discarded": 8
    },
    "Paired_end": {
        "in": 2,
        "out": 0,
        "discarded": 2,
        "Read1": {
            "basepairs_in": 523,
            "basepairs_out": 0,
            "discarded": 0
        },
        "Read2": {
            "basepairs_in": 542,
            "basepairs_out": 0,
            "discarded": 0
        }
    }
  }
]
