[ {
    "Program_details": {
        "program": "hts_Primers",
        "version": "1.3.2",
        "options": {
            "flip": true,
            "float": 0,
            "force": false,
            "keep": false,
            "min_primer_matches": 2,
            "notes": "",
            "primer_end_mismatches": 0,
            "primer_mismatches": 0,
            "primers_3p": "../lc_primers.fasta",
            "primers_5p": "GCGCTGCAGTGGTATCAACGCAGAGTACATGGGG",
            "read1-input": [ "/nmspipeline//01-Processing/TRIMMER0090_P79/00-RawData/TRIMMER_Plate79_S1_L001_R1_001_sub.fastq.gz"],
            "read2-input": [ "/nmspipeline//01-Processing/TRIMMER0090_P79/00-RawData/TRIMMER_Plate79_S1_L001_R2_001_sub.fastq.gz"],
            "stats-file": "/nmspipeline//01-Processing/TRIMMER0090_P79/01-PrimerTrim/91-SMARTindex_LC_primers.log",
            "uncompressed": false
        },
        "primers": [ ["p5primer1","GCGCTGCAGTGGTATCAACGCAGAGTACATGGGG"], ["KaLC.6_REV_LC","GGATACAGTTGGTGCAGCATC"], ["LaLC.R-mIGL","ATCGTACACACCAGTGTGGC"], ["p5primer1","GCGCTGCAGTGGTATCAACGCAGAGTACATGGGG"], ["KaLC.6_REV_LC","GGATACAGTTGGTGCAGCATC"], ["LaLC.R-mIGL","ATCGTACACACCAGTGTGGC"] ]
    },
    "Fragment": {
        "in": 100000,
        "out": 14,
        "basepairs_in": 60000000,
        "basepairs_out": 7632,
        "flipped": 8,
        "primers_counts": [ ["p5primer1","LaLC.R-mIGL",2], ["p5primer1","KaLC.6_REV_LC",12], ["p5primer1","None",16], ["None","None",40358], ["None","KaLC.6_REV_LC",56768], ["None","LaLC.R-mIGL",2844] ]
    },
    "Single_end": {
        "in": 0,
        "out": 0,
        "basepairs_in": 0,
        "basepairs_out": 0,
        "primerTrim": 0,
        "primerBpTrim": 0,
        "discarded": 0
    },
    "Paired_end": {
        "in": 100000,
        "out": 14,
        "discarded": 99986,
        "Read1": {
            "basepairs_in": 30000000,
            "basepairs_out": 3724,
            "primerTrim": 14,
            "primerBpTrim": 476
        },
        "Read2": {
            "basepairs_in": 30000000,
            "basepairs_out": 3908,
            "primerTrim": 14,
            "primerBpTrim": 292
        }
    }
  }, {
    "Program_details": {
        "program": "hts_NTrimmer",
        "version": "1.3.2",
        "options": {
            "append-stats-file": "/nmspipeline//01-Processing/TRIMMER0090_P79/01-PrimerTrim/91-SMARTindex_LC_primers.log",
            "exclude": true,
            "force": false,
            "notes": "",
            "uncompressed": false
        }
    },
    "Fragment": {
        "in": 14,
        "out": 14,
        "basepairs_in": 7632,
        "basepairs_out": 7632
    },
    "Single_end": {
        "in": 0,
        "out": 0,
        "basepairs_in": 0,
        "basepairs_out": 0,
        "rightTrim": 0,
        "leftTrim": 0,
        "discarded": 0
    },
    "Paired_end": {
        "in": 14,
        "out": 14,
        "discarded": 0,
        "Read1": {
            "basepairs_in": 3724,
            "basepairs_out": 3724,
            "leftTrim": 0,
            "rightTrim": 0
        },
        "Read2": {
            "basepairs_in": 3908,
            "basepairs_out": 3908,
            "leftTrim": 0,
            "rightTrim": 0
        }
    }
  }, {
    "Program_details": {
        "program": "hts_SeqScreener",
        "version": "1.3.2",
        "options": {
            "append-stats-file": "/nmspipeline//01-Processing/TRIMMER0090_P79/01-PrimerTrim/91-SMARTindex_LC_primers.log",
            "check-read-2": true,
            "force": false,
            "inverse": false,
            "kmer": 21,
            "notes": "",
            "percentage-hits": 0.01,
            "record": true,
            "seq": "../aberrant_LC.fasta",
            "uncompressed": false
        },
        "screen_info": {
            "screenBP": 96,
            "lookupKmers": 8
        }
    },
    "Fragment": {
        "in": 14,
        "out": 14,
        "basepairs_in": 7632,
        "basepairs_out": 7632
    },
    "Single_end": {
        "in": 0,
        "out": 0,
        "basepairs_in": 0,
        "basepairs_out": 0,
        "hits": 0
    },
    "Paired_end": {
        "in": 14,
        "out": 14,
        "hits": 0,
        "Read1": {
            "basepairs_in": 3724,
            "basepairs_out": 3724
        },
        "Read2": {
            "basepairs_in": 3908,
            "basepairs_out": 3908
        }
    }
  }, {
    "Program_details": {
        "program": "hts_QWindowTrim",
        "version": "1.3.2",
        "options": {
            "append-stats-file": "/nmspipeline//01-Processing/TRIMMER0090_P79/01-PrimerTrim/91-SMARTindex_LC_primers.log",
            "avg-qual-score": 10,
            "force": false,
            "no-left": true,
            "no-right": false,
            "notes": "",
            "qual-offset": 33,
            "uncompressed": false,
            "window-size": 10
        }
    },
    "Fragment": {
        "in": 14,
        "out": 14,
        "basepairs_in": 7632,
        "basepairs_out": 7581
    },
    "Single_end": {
        "in": 0,
        "out": 0,
        "basepairs_in": 0,
        "basepairs_out": 0,
        "rightTrim": 0,
        "leftTrim": 0
    },
    "Paired_end": {
        "in": 14,
        "out": 14,
        "Read1": {
            "basepairs_in": 3724,
            "basepairs_out": 3721,
            "leftTrim": 0,
            "rightTrim": 3
        },
        "Read2": {
            "basepairs_in": 3908,
            "basepairs_out": 3860,
            "leftTrim": 0,
            "rightTrim": 48
        }
    }
  }, {
    "Program_details": {
        "program": "hts_Overlapper",
        "version": "1.3.2",
        "options": {
            "append-stats-file": "/nmspipeline//01-Processing/TRIMMER0090_P79/01-PrimerTrim/91-SMARTindex_LC_primers.log",
            "check-lengths": 20,
            "force": false,
            "force-pairs": false,
            "kmer": 8,
            "kmer-offset": 1,
            "max-mismatch": 100,
            "max-mismatch-errorDensity": 0.25,
            "min-overlap": 8,
            "notes": "",
            "number-of-threads": 1,
            "uncompressed": false
        }
    },
    "Fragment": {
        "in": 14,
        "out": 14,
        "basepairs_in": 7581,
        "basepairs_out": 5443,
        "inserts": {
            "short": 2,
            "medium": 10,
            "long": 2
        },
        "overlap_histogram": [ [68,1], [115,1], [344,1], [364,1], [431,3], [434,5] ]
    },
    "Single_end": {
        "in": 0,
        "out": 12,
        "basepairs_in": 0,
        "basepairs_out": 4354
    },
    "Paired_end": {
        "in": 14,
        "out": 2,
        "Read1": {
            "basepairs_in": 3721,
            "basepairs_out": 532
        },
        "Read2": {
            "basepairs_in": 3860,
            "basepairs_out": 557
        }
    }
  }, {
    "Program_details": {
        "program": "hts_LengthFilter",
        "version": "1.3.2",
        "options": {
            "append-stats-file": "/nmspipeline//01-Processing/TRIMMER0090_P79/01-PrimerTrim/91-SMARTindex_LC_primers.log",
            "fastq-output": "/nmspipeline//01-Processing/TRIMMER0090_P79/01-PrimerTrim/91-SMARTindex_LC_primers",
            "force": true,
            "max-length": 0,
            "min-length": 385,
            "no-orphans": false,
            "notes": "",
            "stranded": false,
            "uncompressed": false
        }
    },
    "Fragment": {
        "in": 14,
        "out": 8,
        "basepairs_in": 5443,
        "basepairs_out": 3463
    },
    "Single_end": {
        "in": 12,
        "out": 8,
        "basepairs_in": 4354,
        "basepairs_out": 3463,
        "discarded": 4
    },
    "Paired_end": {
        "in": 2,
        "out": 0,
        "discarded": 2,
        "Read1": {
            "basepairs_in": 532,
            "basepairs_out": 0,
            "discarded": 0
        },
        "Read2": {
            "basepairs_in": 557,
            "basepairs_out": 0,
            "discarded": 0
        }
    }
  }
]
