[ {
    "Program_details": {
        "program": "hts_Primers",
        "version": "1.3.2",
        "options": {
            "flip": true,
            "float": 0,
            "force": false,
            "keep": false,
            "min_primer_matches": 2,
            "notes": "",
            "primer_end_mismatches": 0,
            "primer_mismatches": 0,
            "primers_3p": "../lc_primers.fasta",
            "primers_5p": "GAACCTCAGTGGTATCAACGCAGAGTACATGGGG",
            "read1-input": [ "/nmspipeline//01-Processing/TRIMMER0090_P79/00-RawData/TRIMMER_Plate79_S1_L001_R1_001_sub.fastq.gz"],
            "read2-input": [ "/nmspipeline//01-Processing/TRIMMER0090_P79/00-RawData/TRIMMER_Plate79_S1_L001_R2_001_sub.fastq.gz"],
            "stats-file": "/nmspipeline//01-Processing/TRIMMER0090_P79/01-PrimerTrim/92-SMARTindex_LC_primers.log",
            "uncompressed": false
        },
        "primers": [ ["p5primer1","GAACCTCAGTGGTATCAACGCAGAGTACATGGGG"], ["KaLC.6_REV_LC","GGATACAGTTGGTGCAGCATC"], ["LaLC.R-mIGL","ATCGTACACACCAGTGTGGC"], ["p5primer1","GAACCTCAGTGGTATCAACGCAGAGTACATGGGG"], ["KaLC.6_REV_LC","GGATACAGTTGGTGCAGCATC"], ["LaLC.R-mIGL","ATCGTACACACCAGTGTGGC"] ]
    },
    "Fragment": {
        "in": 100000,
        "out": 608,
        "basepairs_in": 60000000,
        "basepairs_out": 331362,
        "flipped": 279,
        "primers_counts": [ ["p5primer1","LaLC.R-mIGL",2], ["p5primer1","None",357], ["p5primer1","KaLC.6_REV_LC",606], ["None","None",40017], ["None","KaLC.6_REV_LC",56174], ["None","LaLC.R-mIGL",2844] ]
    },
    "Single_end": {
        "in": 0,
        "out": 0,
        "basepairs_in": 0,
        "basepairs_out": 0,
        "primerTrim": 0,
        "primerBpTrim": 0,
        "discarded": 0
    },
    "Paired_end": {
        "in": 100000,
        "out": 608,
        "discarded": 99392,
        "Read1": {
            "basepairs_in": 30000000,
            "basepairs_out": 161728,
            "primerTrim": 608,
            "primerBpTrim": 20672
        },
        "Read2": {
            "basepairs_in": 30000000,
            "basepairs_out": 169634,
            "primerTrim": 608,
            "primerBpTrim": 12766
        }
    }
  }, {
    "Program_details": {
        "program": "hts_NTrimmer",
        "version": "1.3.2",
        "options": {
            "append-stats-file": "/nmspipeline//01-Processing/TRIMMER0090_P79/01-PrimerTrim/92-SMARTindex_LC_primers.log",
            "exclude": true,
            "force": false,
            "notes": "",
            "uncompressed": false
        }
    },
    "Fragment": {
        "in": 608,
        "out": 607,
        "basepairs_in": 331362,
        "basepairs_out": 330817
    },
    "Single_end": {
        "in": 0,
        "out": 0,
        "basepairs_in": 0,
        "basepairs_out": 0,
        "rightTrim": 0,
        "leftTrim": 0,
        "discarded": 0
    },
    "Paired_end": {
        "in": 608,
        "out": 607,
        "discarded": 1,
        "Read1": {
            "basepairs_in": 161728,
            "basepairs_out": 161462,
            "leftTrim": 0,
            "rightTrim": 0
        },
        "Read2": {
            "basepairs_in": 169634,
            "basepairs_out": 169355,
            "leftTrim": 0,
            "rightTrim": 0
        }
    }
  }, {
    "Program_details": {
        "program": "hts_SeqScreener",
        "version": "1.3.2",
        "options": {
            "append-stats-file": "/nmspipeline//01-Processing/TRIMMER0090_P79/01-PrimerTrim/92-SMARTindex_LC_primers.log",
            "check-read-2": true,
            "force": false,
            "inverse": false,
            "kmer": 21,
            "notes": "",
            "percentage-hits": 0.01,
            "record": true,
            "seq": "../aberrant_LC.fasta",
            "uncompressed": false
        },
        "screen_info": {
            "screenBP": 96,
            "lookupKmers": 8
        }
    },
    "Fragment": {
        "in": 607,
        "out": 607,
        "basepairs_in": 330817,
        "basepairs_out": 330817
    },
    "Single_end": {
        "in": 0,
        "out": 0,
        "basepairs_in": 0,
        "basepairs_out": 0,
        "hits": 0
    },
    "Paired_end": {
        "in": 607,
        "out": 607,
        "hits": 156,
        "Read1": {
            "basepairs_in": 161462,
            "basepairs_out": 161462
        },
        "Read2": {
            "basepairs_in": 169355,
            "basepairs_out": 169355
        }
    }
  }, {
    "Program_details": {
        "program": "hts_QWindowTrim",
        "version": "1.3.2",
        "options": {
            "append-stats-file": "/nmspipeline//01-Processing/TRIMMER0090_P79/01-PrimerTrim/92-SMARTindex_LC_primers.log",
            "avg-qual-score": 10,
            "force": false,
            "no-left": true,
            "no-right": false,
            "notes": "",
            "qual-offset": 33,
            "uncompressed": false,
            "window-size": 10
        }
    },
    "Fragment": {
        "in": 607,
        "out": 607,
        "basepairs_in": 330817,
        "basepairs_out": 329915
    },
    "Single_end": {
        "in": 0,
        "out": 0,
        "basepairs_in": 0,
        "basepairs_out": 0,
        "rightTrim": 0,
        "leftTrim": 0
    },
    "Paired_end": {
        "in": 607,
        "out": 607,
        "Read1": {
            "basepairs_in": 161462,
            "basepairs_out": 161113,
            "leftTrim": 0,
            "rightTrim": 349
        },
        "Read2": {
            "basepairs_in": 169355,
            "basepairs_out": 168802,
            "leftTrim": 0,
            "rightTrim": 553
        }
    }
  }, {
    "Program_details": {
        "program": "hts_Overlapper",
        "version": "1.3.2",
        "options": {
            "append-stats-file": "/nmspipeline//01-Processing/TRIMMER0090_P79/01-PrimerTrim/92-SMARTindex_LC_primers.log",
            "check-lengths": 20,
            "force": false,
            "force-pairs": false,
            "kmer": 8,
            "kmer-offset": 1,
            "max-mismatch": 100,
            "max-mismatch-errorDensity": 0.25,
            "min-overlap": 8,
            "notes": "",
            "number-of-threads": 1,
            "uncompressed": false
        }
    },
    "Fragment": {
        "in": 607,
        "out": 607,
        "basepairs_in": 329915,
        "basepairs_out": 256891,
        "inserts": {
            "short": 35,
            "medium": 533,
            "long": 39
        },
        "overlap_histogram": [ [26,1], [29,1], [38,1], [47,2], [49,1], [52,2], [60,1], [76,1], [79,1], [82,1], [89,2], [96,1], [99,1], [105,1], [115,1], [117,1], [124,1], [137,1], [144,1], [145,1], [155,1], [156,1], [157,1], [159,1], [166,1], [210,1], [215,1], [218,1], [219,1], [232,1], [256,1], [266,1], [295,1], [298,1], [309,1], [338,2], [339,1], [341,1], [342,1], [345,3], [369,1], [380,1], [381,1], [382,1], [385,1], [392,1], [396,2], [397,1], [398,6], [399,10], [403,2], [415,2], [416,1], [418,56], [419,3], [420,4], [421,14], [422,9], [423,12], [424,1], [426,1], [427,1], [432,1], [434,1], [436,1], [437,5], [438,2], [440,28], [441,37], [442,33], [443,16], [444,197], [445,58], [446,2], [448,1], [450,1], [452,1], [453,3], [454,1], [465,1], [468,1], [525,1] ]
    },
    "Single_end": {
        "in": 0,
        "out": 568,
        "basepairs_in": 0,
        "basepairs_out": 235704
    },
    "Paired_end": {
        "in": 607,
        "out": 39,
        "Read1": {
            "basepairs_in": 161113,
            "basepairs_out": 10338
        },
        "Read2": {
            "basepairs_in": 168802,
            "basepairs_out": 10849
        }
    }
  }, {
    "Program_details": {
        "program": "hts_LengthFilter",
        "version": "1.3.2",
        "options": {
            "append-stats-file": "/nmspipeline//01-Processing/TRIMMER0090_P79/01-PrimerTrim/92-SMARTindex_LC_primers.log",
            "fastq-output": "/nmspipeline//01-Processing/TRIMMER0090_P79/01-PrimerTrim/92-SMARTindex_LC_primers",
            "force": true,
            "max-length": 0,
            "min-length": 385,
            "no-orphans": false,
            "notes": "",
            "stranded": false,
            "uncompressed": false
        }
    },
    "Fragment": {
        "in": 607,
        "out": 518,
        "basepairs_in": 256891,
        "basepairs_out": 226251
    },
    "Single_end": {
        "in": 568,
        "out": 518,
        "basepairs_in": 235704,
        "basepairs_out": 226251,
        "discarded": 50
    },
    "Paired_end": {
        "in": 39,
        "out": 0,
        "discarded": 39,
        "Read1": {
            "basepairs_in": 10338,
            "basepairs_out": 0,
            "discarded": 0
        },
        "Read2": {
            "basepairs_in": 10849,
            "basepairs_out": 0,
            "discarded": 0
        }
    }
  }
]
