[ {
    "Program_details": {
        "program": "hts_Primers",
        "version": "1.3.2",
        "options": {
            "flip": true,
            "float": 0,
            "force": false,
            "keep": false,
            "min_primer_matches": 2,
            "notes": "",
            "primer_end_mismatches": 0,
            "primer_mismatches": 0,
            "primers_3p": "../lc_primers.fasta",
            "primers_5p": "TTCGAGCAGTGGTATCAACGCAGAGTACATGGGG",
            "read1-input": [ "/nmspipeline//01-Processing/TRIMMER0090_P79/00-RawData/TRIMMER_Plate79_S1_L001_R1_001_sub.fastq.gz"],
            "read2-input": [ "/nmspipeline//01-Processing/TRIMMER0090_P79/00-RawData/TRIMMER_Plate79_S1_L001_R2_001_sub.fastq.gz"],
            "stats-file": "/nmspipeline//01-Processing/TRIMMER0090_P79/01-PrimerTrim/93-SMARTindex_LC_primers.log",
            "uncompressed": false
        },
        "primers": [ ["p5primer1","TTCGAGCAGTGGTATCAACGCAGAGTACATGGGG"], ["KaLC.6_REV_LC","GGATACAGTTGGTGCAGCATC"], ["LaLC.R-mIGL","ATCGTACACACCAGTGTGGC"], ["p5primer1","TTCGAGCAGTGGTATCAACGCAGAGTACATGGGG"], ["KaLC.6_REV_LC","GGATACAGTTGGTGCAGCATC"], ["LaLC.R-mIGL","ATCGTACACACCAGTGTGGC"] ]
    },
    "Fragment": {
        "in": 100000,
        "out": 163,
        "basepairs_in": 60000000,
        "basepairs_out": 88837,
        "flipped": 72,
        "primers_counts": [ ["p5primer1","LaLC.R-mIGL",2], ["p5primer1","KaLC.6_REV_LC",161], ["p5primer1","None",317], ["None","None",40057], ["None","KaLC.6_REV_LC",56619], ["None","LaLC.R-mIGL",2844] ]
    },
    "Single_end": {
        "in": 0,
        "out": 0,
        "basepairs_in": 0,
        "basepairs_out": 0,
        "primerTrim": 0,
        "primerBpTrim": 0,
        "discarded": 0
    },
    "Paired_end": {
        "in": 100000,
        "out": 163,
        "discarded": 99837,
        "Read1": {
            "basepairs_in": 30000000,
            "basepairs_out": 43358,
            "primerTrim": 163,
            "primerBpTrim": 5542
        },
        "Read2": {
            "basepairs_in": 30000000,
            "basepairs_out": 45479,
            "primerTrim": 163,
            "primerBpTrim": 3421
        }
    }
  }, {
    "Program_details": {
        "program": "hts_NTrimmer",
        "version": "1.3.2",
        "options": {
            "append-stats-file": "/nmspipeline//01-Processing/TRIMMER0090_P79/01-PrimerTrim/93-SMARTindex_LC_primers.log",
            "exclude": true,
            "force": false,
            "notes": "",
            "uncompressed": false
        }
    },
    "Fragment": {
        "in": 163,
        "out": 163,
        "basepairs_in": 88837,
        "basepairs_out": 88837
    },
    "Single_end": {
        "in": 0,
        "out": 0,
        "basepairs_in": 0,
        "basepairs_out": 0,
        "rightTrim": 0,
        "leftTrim": 0,
        "discarded": 0
    },
    "Paired_end": {
        "in": 163,
        "out": 163,
        "discarded": 0,
        "Read1": {
            "basepairs_in": 43358,
            "basepairs_out": 43358,
            "leftTrim": 0,
            "rightTrim": 0
        },
        "Read2": {
            "basepairs_in": 45479,
            "basepairs_out": 45479,
            "leftTrim": 0,
            "rightTrim": 0
        }
    }
  }, {
    "Program_details": {
        "program": "hts_SeqScreener",
        "version": "1.3.2",
        "options": {
            "append-stats-file": "/nmspipeline//01-Processing/TRIMMER0090_P79/01-PrimerTrim/93-SMARTindex_LC_primers.log",
            "check-read-2": true,
            "force": false,
            "inverse": false,
            "kmer": 21,
            "notes": "",
            "percentage-hits": 0.01,
            "record": true,
            "seq": "../aberrant_LC.fasta",
            "uncompressed": false
        },
        "screen_info": {
            "screenBP": 96,
            "lookupKmers": 8
        }
    },
    "Fragment": {
        "in": 163,
        "out": 163,
        "basepairs_in": 88837,
        "basepairs_out": 88837
    },
    "Single_end": {
        "in": 0,
        "out": 0,
        "basepairs_in": 0,
        "basepairs_out": 0,
        "hits": 0
    },
    "Paired_end": {
        "in": 163,
        "out": 163,
        "hits": 23,
        "Read1": {
            "basepairs_in": 43358,
            "basepairs_out": 43358
        },
        "Read2": {
            "basepairs_in": 45479,
            "basepairs_out": 45479
        }
    }
  }, {
    "Program_details": {
        "program": "hts_QWindowTrim",
        "version": "1.3.2",
        "options": {
            "append-stats-file": "/nmspipeline//01-Processing/TRIMMER0090_P79/01-PrimerTrim/93-SMARTindex_LC_primers.log",
            "avg-qual-score": 10,
            "force": false,
            "no-left": true,
            "no-right": false,
            "notes": "",
            "qual-offset": 33,
            "uncompressed": false,
            "window-size": 10
        }
    },
    "Fragment": {
        "in": 163,
        "out": 163,
        "basepairs_in": 88837,
        "basepairs_out": 88678
    },
    "Single_end": {
        "in": 0,
        "out": 0,
        "basepairs_in": 0,
        "basepairs_out": 0,
        "rightTrim": 0,
        "leftTrim": 0
    },
    "Paired_end": {
        "in": 163,
        "out": 163,
        "Read1": {
            "basepairs_in": 43358,
            "basepairs_out": 43266,
            "leftTrim": 0,
            "rightTrim": 92
        },
        "Read2": {
            "basepairs_in": 45479,
            "basepairs_out": 45412,
            "leftTrim": 0,
            "rightTrim": 67
        }
    }
  }, {
    "Program_details": {
        "program": "hts_Overlapper",
        "version": "1.3.2",
        "options": {
            "append-stats-file": "/nmspipeline//01-Processing/TRIMMER0090_P79/01-PrimerTrim/93-SMARTindex_LC_primers.log",
            "check-lengths": 20,
            "force": false,
            "force-pairs": false,
            "kmer": 8,
            "kmer-offset": 1,
            "max-mismatch": 100,
            "max-mismatch-errorDensity": 0.25,
            "min-overlap": 8,
            "notes": "",
            "number-of-threads": 1,
            "uncompressed": false
        }
    },
    "Fragment": {
        "in": 163,
        "out": 163,
        "basepairs_in": 88678,
        "basepairs_out": 69089,
        "inserts": {
            "short": 13,
            "medium": 137,
            "long": 13
        },
        "overlap_histogram": [ [25,1], [39,1], [47,1], [89,1], [96,1], [118,1], [119,1], [147,1], [175,1], [227,1], [238,1], [240,1], [247,1], [298,1], [398,1], [399,2], [402,2], [417,1], [418,6], [421,1], [423,5], [434,1], [436,1], [437,2], [439,1], [440,5], [441,5], [442,12], [443,2], [444,73], [445,11], [448,1], [469,2], [470,1], [528,1] ]
    },
    "Single_end": {
        "in": 0,
        "out": 150,
        "basepairs_in": 0,
        "basepairs_out": 62035
    },
    "Paired_end": {
        "in": 163,
        "out": 13,
        "Read1": {
            "basepairs_in": 43266,
            "basepairs_out": 3433
        },
        "Read2": {
            "basepairs_in": 45412,
            "basepairs_out": 3621
        }
    }
  }, {
    "Program_details": {
        "program": "hts_LengthFilter",
        "version": "1.3.2",
        "options": {
            "append-stats-file": "/nmspipeline//01-Processing/TRIMMER0090_P79/01-PrimerTrim/93-SMARTindex_LC_primers.log",
            "fastq-output": "/nmspipeline//01-Processing/TRIMMER0090_P79/01-PrimerTrim/93-SMARTindex_LC_primers",
            "force": true,
            "max-length": 0,
            "min-length": 385,
            "no-orphans": false,
            "notes": "",
            "stranded": false,
            "uncompressed": false
        }
    },
    "Fragment": {
        "in": 163,
        "out": 136,
        "basepairs_in": 69089,
        "basepairs_out": 59930
    },
    "Single_end": {
        "in": 150,
        "out": 136,
        "basepairs_in": 62035,
        "basepairs_out": 59930,
        "discarded": 14
    },
    "Paired_end": {
        "in": 13,
        "out": 0,
        "discarded": 13,
        "Read1": {
            "basepairs_in": 3433,
            "basepairs_out": 0,
            "discarded": 0
        },
        "Read2": {
            "basepairs_in": 3621,
            "basepairs_out": 0,
            "discarded": 0
        }
    }
  }
]
