[ {
    "Program_details": {
        "program": "hts_Primers",
        "version": "1.3.2",
        "options": {
            "flip": true,
            "float": 0,
            "force": false,
            "keep": false,
            "min_primer_matches": 2,
            "notes": "",
            "primer_end_mismatches": 0,
            "primer_mismatches": 0,
            "primers_3p": "../hc_primers.fasta",
            "primers_5p": "AGAATCCAGTGGTATCAACGCAGAGTACATGGGG",
            "read1-input": [ "/nmspipeline//01-Processing/TRIMMER0090_P79/00-RawData/TRIMMER_Plate79_S1_L001_R1_001_sub.fastq.gz"],
            "read2-input": [ "/nmspipeline//01-Processing/TRIMMER0090_P79/00-RawData/TRIMMER_Plate79_S1_L001_R2_001_sub.fastq.gz"],
            "stats-file": "/nmspipeline//01-Processing/TRIMMER0090_P79/01-PrimerTrim/94-SMARTindex_HC_primers.log",
            "uncompressed": false
        },
        "primers": [ ["p5primer1","AGAATCCAGTGGTATCAACGCAGAGTACATGGGG"], ["Ga3.10for_mIGH3","GGATAGACAGATGGGGCTGTTGTTGT"], ["Ga12HC.10_REV_CHI","ATAGACAGATGGGGGTGTCGTTTTGG"], ["p5primer1","AGAATCCAGTGGTATCAACGCAGAGTACATGGGG"], ["Ga3.10for_mIGH3","GGATAGACAGATGGGGCTGTTGTTGT"], ["Ga12HC.10_REV_CHI","ATAGACAGATGGGGGTGTCGTTTTGG"] ]
    },
    "Fragment": {
        "in": 100000,
        "out": 114,
        "basepairs_in": 60000000,
        "basepairs_out": 61560,
        "flipped": 43,
        "primers_counts": [ ["p5primer1","None",261], ["p5primer1","Ga12HC.10_REV_CHI",114], ["None","Ga3.10for_mIGH3",573], ["None","Ga12HC.10_REV_CHI",25686], ["None","None",73366] ]
    },
    "Single_end": {
        "in": 0,
        "out": 0,
        "basepairs_in": 0,
        "basepairs_out": 0,
        "primerTrim": 0,
        "primerBpTrim": 0,
        "discarded": 0
    },
    "Paired_end": {
        "in": 100000,
        "out": 114,
        "discarded": 99886,
        "Read1": {
            "basepairs_in": 30000000,
            "basepairs_out": 30324,
            "primerTrim": 114,
            "primerBpTrim": 3876
        },
        "Read2": {
            "basepairs_in": 30000000,
            "basepairs_out": 31236,
            "primerTrim": 114,
            "primerBpTrim": 2964
        }
    }
  }, {
    "Program_details": {
        "program": "hts_NTrimmer",
        "version": "1.3.2",
        "options": {
            "append-stats-file": "/nmspipeline//01-Processing/TRIMMER0090_P79/01-PrimerTrim/94-SMARTindex_HC_primers.log",
            "exclude": true,
            "force": false,
            "notes": "",
            "uncompressed": false
        }
    },
    "Fragment": {
        "in": 114,
        "out": 114,
        "basepairs_in": 61560,
        "basepairs_out": 61560
    },
    "Single_end": {
        "in": 0,
        "out": 0,
        "basepairs_in": 0,
        "basepairs_out": 0,
        "rightTrim": 0,
        "leftTrim": 0,
        "discarded": 0
    },
    "Paired_end": {
        "in": 114,
        "out": 114,
        "discarded": 0,
        "Read1": {
            "basepairs_in": 30324,
            "basepairs_out": 30324,
            "leftTrim": 0,
            "rightTrim": 0
        },
        "Read2": {
            "basepairs_in": 31236,
            "basepairs_out": 31236,
            "leftTrim": 0,
            "rightTrim": 0
        }
    }
  }, {
    "Program_details": {
        "program": "hts_SeqScreener",
        "version": "1.3.2",
        "options": {
            "append-stats-file": "/nmspipeline//01-Processing/TRIMMER0090_P79/01-PrimerTrim/94-SMARTindex_HC_primers.log",
            "check-read-2": true,
            "force": false,
            "inverse": false,
            "kmer": 21,
            "notes": "",
            "percentage-hits": 0.01,
            "record": true,
            "seq": "../aberrant_LC.fasta",
            "uncompressed": false
        },
        "screen_info": {
            "screenBP": 96,
            "lookupKmers": 8
        }
    },
    "Fragment": {
        "in": 114,
        "out": 114,
        "basepairs_in": 61560,
        "basepairs_out": 61560
    },
    "Single_end": {
        "in": 0,
        "out": 0,
        "basepairs_in": 0,
        "basepairs_out": 0,
        "hits": 0
    },
    "Paired_end": {
        "in": 114,
        "out": 114,
        "hits": 0,
        "Read1": {
            "basepairs_in": 30324,
            "basepairs_out": 30324
        },
        "Read2": {
            "basepairs_in": 31236,
            "basepairs_out": 31236
        }
    }
  }, {
    "Program_details": {
        "program": "hts_QWindowTrim",
        "version": "1.3.2",
        "options": {
            "append-stats-file": "/nmspipeline//01-Processing/TRIMMER0090_P79/01-PrimerTrim/94-SMARTindex_HC_primers.log",
            "avg-qual-score": 10,
            "force": false,
            "no-left": true,
            "no-right": false,
            "notes": "",
            "qual-offset": 33,
            "uncompressed": false,
            "window-size": 10
        }
    },
    "Fragment": {
        "in": 114,
        "out": 114,
        "basepairs_in": 61560,
        "basepairs_out": 61422
    },
    "Single_end": {
        "in": 0,
        "out": 0,
        "basepairs_in": 0,
        "basepairs_out": 0,
        "rightTrim": 0,
        "leftTrim": 0
    },
    "Paired_end": {
        "in": 114,
        "out": 114,
        "Read1": {
            "basepairs_in": 30324,
            "basepairs_out": 30276,
            "leftTrim": 0,
            "rightTrim": 48
        },
        "Read2": {
            "basepairs_in": 31236,
            "basepairs_out": 31146,
            "leftTrim": 0,
            "rightTrim": 90
        }
    }
  }, {
    "Program_details": {
        "program": "hts_Overlapper",
        "version": "1.3.2",
        "options": {
            "append-stats-file": "/nmspipeline//01-Processing/TRIMMER0090_P79/01-PrimerTrim/94-SMARTindex_HC_primers.log",
            "check-lengths": 20,
            "force": false,
            "force-pairs": false,
            "kmer": 8,
            "kmer-offset": 1,
            "max-mismatch": 100,
            "max-mismatch-errorDensity": 0.25,
            "min-overlap": 8,
            "notes": "",
            "number-of-threads": 1,
            "uncompressed": false
        }
    },
    "Fragment": {
        "in": 114,
        "out": 114,
        "basepairs_in": 61422,
        "basepairs_out": 50449,
        "inserts": {
            "short": 5,
            "medium": 100,
            "long": 9
        },
        "overlap_histogram": [ [33,1], [68,1], [154,1], [175,1], [234,1], [419,1], [428,14], [430,1], [442,1], [443,1], [445,2], [446,3], [447,1], [450,6], [451,13], [452,4], [453,4], [454,3], [455,20], [456,15], [457,6], [462,4], [469,1] ]
    },
    "Single_end": {
        "in": 0,
        "out": 105,
        "basepairs_in": 0,
        "basepairs_out": 45609
    },
    "Paired_end": {
        "in": 114,
        "out": 9,
        "Read1": {
            "basepairs_in": 30276,
            "basepairs_out": 2385
        },
        "Read2": {
            "basepairs_in": 31146,
            "basepairs_out": 2455
        }
    }
  }, {
    "Program_details": {
        "program": "hts_LengthFilter",
        "version": "1.3.2",
        "options": {
            "append-stats-file": "/nmspipeline//01-Processing/TRIMMER0090_P79/01-PrimerTrim/94-SMARTindex_HC_primers.log",
            "fastq-output": "/nmspipeline//01-Processing/TRIMMER0090_P79/01-PrimerTrim/94-SMARTindex_HC_primers",
            "force": true,
            "max-length": 0,
            "min-length": 385,
            "no-orphans": false,
            "notes": "",
            "stranded": false,
            "uncompressed": false
        }
    },
    "Fragment": {
        "in": 114,
        "out": 100,
        "basepairs_in": 50449,
        "basepairs_out": 44945
    },
    "Single_end": {
        "in": 105,
        "out": 100,
        "basepairs_in": 45609,
        "basepairs_out": 44945,
        "discarded": 5
    },
    "Paired_end": {
        "in": 9,
        "out": 0,
        "discarded": 9,
        "Read1": {
            "basepairs_in": 2385,
            "basepairs_out": 0,
            "discarded": 0
        },
        "Read2": {
            "basepairs_in": 2455,
            "basepairs_out": 0,
            "discarded": 0
        }
    }
  }
]
