[ {
    "Program_details": {
        "program": "hts_Primers",
        "version": "1.3.2",
        "options": {
            "flip": true,
            "float": 0,
            "force": false,
            "keep": false,
            "min_primer_matches": 2,
            "notes": "",
            "primer_end_mismatches": 0,
            "primer_mismatches": 0,
            "primers_3p": "../lc_primers.fasta",
            "primers_5p": "AGAATCCAGTGGTATCAACGCAGAGTACATGGGG",
            "read1-input": [ "/nmspipeline//01-Processing/TRIMMER0090_P79/00-RawData/TRIMMER_Plate79_S1_L001_R1_001_sub.fastq.gz"],
            "read2-input": [ "/nmspipeline//01-Processing/TRIMMER0090_P79/00-RawData/TRIMMER_Plate79_S1_L001_R2_001_sub.fastq.gz"],
            "stats-file": "/nmspipeline//01-Processing/TRIMMER0090_P79/01-PrimerTrim/94-SMARTindex_LC_primers.log",
            "uncompressed": false
        },
        "primers": [ ["p5primer1","AGAATCCAGTGGTATCAACGCAGAGTACATGGGG"], ["KaLC.6_REV_LC","GGATACAGTTGGTGCAGCATC"], ["LaLC.R-mIGL","ATCGTACACACCAGTGTGGC"], ["p5primer1","AGAATCCAGTGGTATCAACGCAGAGTACATGGGG"], ["KaLC.6_REV_LC","GGATACAGTTGGTGCAGCATC"], ["LaLC.R-mIGL","ATCGTACACACCAGTGTGGC"] ]
    },
    "Fragment": {
        "in": 100000,
        "out": 217,
        "basepairs_in": 60000000,
        "basepairs_out": 118265,
        "flipped": 87,
        "primers_counts": [ ["p5primer1","KaLC.6_REV_LC",217], ["p5primer1","None",158], ["None","None",40216], ["None","KaLC.6_REV_LC",56563], ["None","LaLC.R-mIGL",2846] ]
    },
    "Single_end": {
        "in": 0,
        "out": 0,
        "basepairs_in": 0,
        "basepairs_out": 0,
        "primerTrim": 0,
        "primerBpTrim": 0,
        "discarded": 0
    },
    "Paired_end": {
        "in": 100000,
        "out": 217,
        "discarded": 99783,
        "Read1": {
            "basepairs_in": 30000000,
            "basepairs_out": 57722,
            "primerTrim": 217,
            "primerBpTrim": 7378
        },
        "Read2": {
            "basepairs_in": 30000000,
            "basepairs_out": 60543,
            "primerTrim": 217,
            "primerBpTrim": 4557
        }
    }
  }, {
    "Program_details": {
        "program": "hts_NTrimmer",
        "version": "1.3.2",
        "options": {
            "append-stats-file": "/nmspipeline//01-Processing/TRIMMER0090_P79/01-PrimerTrim/94-SMARTindex_LC_primers.log",
            "exclude": true,
            "force": false,
            "notes": "",
            "uncompressed": false
        }
    },
    "Fragment": {
        "in": 217,
        "out": 217,
        "basepairs_in": 118265,
        "basepairs_out": 118265
    },
    "Single_end": {
        "in": 0,
        "out": 0,
        "basepairs_in": 0,
        "basepairs_out": 0,
        "rightTrim": 0,
        "leftTrim": 0,
        "discarded": 0
    },
    "Paired_end": {
        "in": 217,
        "out": 217,
        "discarded": 0,
        "Read1": {
            "basepairs_in": 57722,
            "basepairs_out": 57722,
            "leftTrim": 0,
            "rightTrim": 0
        },
        "Read2": {
            "basepairs_in": 60543,
            "basepairs_out": 60543,
            "leftTrim": 0,
            "rightTrim": 0
        }
    }
  }, {
    "Program_details": {
        "program": "hts_SeqScreener",
        "version": "1.3.2",
        "options": {
            "append-stats-file": "/nmspipeline//01-Processing/TRIMMER0090_P79/01-PrimerTrim/94-SMARTindex_LC_primers.log",
            "check-read-2": true,
            "force": false,
            "inverse": false,
            "kmer": 21,
            "notes": "",
            "percentage-hits": 0.01,
            "record": true,
            "seq": "../aberrant_LC.fasta",
            "uncompressed": false
        },
        "screen_info": {
            "screenBP": 96,
            "lookupKmers": 8
        }
    },
    "Fragment": {
        "in": 217,
        "out": 217,
        "basepairs_in": 118265,
        "basepairs_out": 118265
    },
    "Single_end": {
        "in": 0,
        "out": 0,
        "basepairs_in": 0,
        "basepairs_out": 0,
        "hits": 0
    },
    "Paired_end": {
        "in": 217,
        "out": 217,
        "hits": 22,
        "Read1": {
            "basepairs_in": 57722,
            "basepairs_out": 57722
        },
        "Read2": {
            "basepairs_in": 60543,
            "basepairs_out": 60543
        }
    }
  }, {
    "Program_details": {
        "program": "hts_QWindowTrim",
        "version": "1.3.2",
        "options": {
            "append-stats-file": "/nmspipeline//01-Processing/TRIMMER0090_P79/01-PrimerTrim/94-SMARTindex_LC_primers.log",
            "avg-qual-score": 10,
            "force": false,
            "no-left": true,
            "no-right": false,
            "notes": "",
            "qual-offset": 33,
            "uncompressed": false,
            "window-size": 10
        }
    },
    "Fragment": {
        "in": 217,
        "out": 217,
        "basepairs_in": 118265,
        "basepairs_out": 117755
    },
    "Single_end": {
        "in": 0,
        "out": 0,
        "basepairs_in": 0,
        "basepairs_out": 0,
        "rightTrim": 0,
        "leftTrim": 0
    },
    "Paired_end": {
        "in": 217,
        "out": 217,
        "Read1": {
            "basepairs_in": 57722,
            "basepairs_out": 57534,
            "leftTrim": 0,
            "rightTrim": 188
        },
        "Read2": {
            "basepairs_in": 60543,
            "basepairs_out": 60221,
            "leftTrim": 0,
            "rightTrim": 322
        }
    }
  }, {
    "Program_details": {
        "program": "hts_Overlapper",
        "version": "1.3.2",
        "options": {
            "append-stats-file": "/nmspipeline//01-Processing/TRIMMER0090_P79/01-PrimerTrim/94-SMARTindex_LC_primers.log",
            "check-lengths": 20,
            "force": false,
            "force-pairs": false,
            "kmer": 8,
            "kmer-offset": 1,
            "max-mismatch": 100,
            "max-mismatch-errorDensity": 0.25,
            "min-overlap": 8,
            "notes": "",
            "number-of-threads": 1,
            "uncompressed": false
        }
    },
    "Fragment": {
        "in": 217,
        "out": 217,
        "basepairs_in": 117755,
        "basepairs_out": 89590,
        "inserts": {
            "short": 15,
            "medium": 188,
            "long": 14
        },
        "overlap_histogram": [ [15,1], [53,2], [55,1], [78,1], [93,1], [95,1], [105,1], [124,1], [136,1], [175,1], [189,1], [223,1], [225,1], [237,1], [284,1], [338,1], [398,1], [399,4], [400,1], [408,2], [409,1], [411,12], [412,3], [413,2], [414,21], [415,37], [417,3], [418,7], [419,1], [420,1], [421,1], [422,2], [423,1], [435,1], [437,1], [438,2], [440,7], [441,15], [442,6], [443,1], [444,38], [445,12], [446,1], [471,1], [482,1] ]
    },
    "Single_end": {
        "in": 0,
        "out": 203,
        "basepairs_in": 0,
        "basepairs_out": 81993
    },
    "Paired_end": {
        "in": 217,
        "out": 14,
        "Read1": {
            "basepairs_in": 57534,
            "basepairs_out": 3714
        },
        "Read2": {
            "basepairs_in": 60221,
            "basepairs_out": 3883
        }
    }
  }, {
    "Program_details": {
        "program": "hts_LengthFilter",
        "version": "1.3.2",
        "options": {
            "append-stats-file": "/nmspipeline//01-Processing/TRIMMER0090_P79/01-PrimerTrim/94-SMARTindex_LC_primers.log",
            "fastq-output": "/nmspipeline//01-Processing/TRIMMER0090_P79/01-PrimerTrim/94-SMARTindex_LC_primers",
            "force": true,
            "max-length": 0,
            "min-length": 385,
            "no-orphans": false,
            "notes": "",
            "stranded": false,
            "uncompressed": false
        }
    },
    "Fragment": {
        "in": 217,
        "out": 186,
        "basepairs_in": 89590,
        "basepairs_out": 79515
    },
    "Single_end": {
        "in": 203,
        "out": 186,
        "basepairs_in": 81993,
        "basepairs_out": 79515,
        "discarded": 17
    },
    "Paired_end": {
        "in": 14,
        "out": 0,
        "discarded": 14,
        "Read1": {
            "basepairs_in": 3714,
            "basepairs_out": 0,
            "discarded": 0
        },
        "Read2": {
            "basepairs_in": 3883,
            "basepairs_out": 0,
            "discarded": 0
        }
    }
  }
]
