[ {
    "Program_details": {
        "program": "hts_Primers",
        "version": "1.3.2",
        "options": {
            "flip": true,
            "float": 0,
            "force": false,
            "keep": false,
            "min_primer_matches": 2,
            "notes": "",
            "primer_end_mismatches": 0,
            "primer_mismatches": 0,
            "primers_3p": "../lc_primers.fasta",
            "primers_5p": "AGGCATCAGTGGTATCAACGCAGAGTACATGGGG",
            "read1-input": [ "/nmspipeline//01-Processing/TRIMMER0090_P79/00-RawData/TRIMMER_Plate79_S1_L001_R1_001_sub.fastq.gz"],
            "read2-input": [ "/nmspipeline//01-Processing/TRIMMER0090_P79/00-RawData/TRIMMER_Plate79_S1_L001_R2_001_sub.fastq.gz"],
            "stats-file": "/nmspipeline//01-Processing/TRIMMER0090_P79/01-PrimerTrim/95-SMARTindex_LC_primers.log",
            "uncompressed": false
        },
        "primers": [ ["p5primer1","AGGCATCAGTGGTATCAACGCAGAGTACATGGGG"], ["KaLC.6_REV_LC","GGATACAGTTGGTGCAGCATC"], ["LaLC.R-mIGL","ATCGTACACACCAGTGTGGC"], ["p5primer1","AGGCATCAGTGGTATCAACGCAGAGTACATGGGG"], ["KaLC.6_REV_LC","GGATACAGTTGGTGCAGCATC"], ["LaLC.R-mIGL","ATCGTACACACCAGTGTGGC"] ]
    },
    "Fragment": {
        "in": 100000,
        "out": 203,
        "basepairs_in": 60000000,
        "basepairs_out": 110635,
        "flipped": 90,
        "primers_counts": [ ["p5primer1","None",105], ["p5primer1","KaLC.6_REV_LC",203], ["None","None",40269], ["None","KaLC.6_REV_LC",56577], ["None","LaLC.R-mIGL",2846] ]
    },
    "Single_end": {
        "in": 0,
        "out": 0,
        "basepairs_in": 0,
        "basepairs_out": 0,
        "primerTrim": 0,
        "primerBpTrim": 0,
        "discarded": 0
    },
    "Paired_end": {
        "in": 100000,
        "out": 203,
        "discarded": 99797,
        "Read1": {
            "basepairs_in": 30000000,
            "basepairs_out": 53998,
            "primerTrim": 203,
            "primerBpTrim": 6902
        },
        "Read2": {
            "basepairs_in": 30000000,
            "basepairs_out": 56637,
            "primerTrim": 203,
            "primerBpTrim": 4263
        }
    }
  }, {
    "Program_details": {
        "program": "hts_NTrimmer",
        "version": "1.3.2",
        "options": {
            "append-stats-file": "/nmspipeline//01-Processing/TRIMMER0090_P79/01-PrimerTrim/95-SMARTindex_LC_primers.log",
            "exclude": true,
            "force": false,
            "notes": "",
            "uncompressed": false
        }
    },
    "Fragment": {
        "in": 203,
        "out": 203,
        "basepairs_in": 110635,
        "basepairs_out": 110635
    },
    "Single_end": {
        "in": 0,
        "out": 0,
        "basepairs_in": 0,
        "basepairs_out": 0,
        "rightTrim": 0,
        "leftTrim": 0,
        "discarded": 0
    },
    "Paired_end": {
        "in": 203,
        "out": 203,
        "discarded": 0,
        "Read1": {
            "basepairs_in": 53998,
            "basepairs_out": 53998,
            "leftTrim": 0,
            "rightTrim": 0
        },
        "Read2": {
            "basepairs_in": 56637,
            "basepairs_out": 56637,
            "leftTrim": 0,
            "rightTrim": 0
        }
    }
  }, {
    "Program_details": {
        "program": "hts_SeqScreener",
        "version": "1.3.2",
        "options": {
            "append-stats-file": "/nmspipeline//01-Processing/TRIMMER0090_P79/01-PrimerTrim/95-SMARTindex_LC_primers.log",
            "check-read-2": true,
            "force": false,
            "inverse": false,
            "kmer": 21,
            "notes": "",
            "percentage-hits": 0.01,
            "record": true,
            "seq": "../aberrant_LC.fasta",
            "uncompressed": false
        },
        "screen_info": {
            "screenBP": 96,
            "lookupKmers": 8
        }
    },
    "Fragment": {
        "in": 203,
        "out": 203,
        "basepairs_in": 110635,
        "basepairs_out": 110635
    },
    "Single_end": {
        "in": 0,
        "out": 0,
        "basepairs_in": 0,
        "basepairs_out": 0,
        "hits": 0
    },
    "Paired_end": {
        "in": 203,
        "out": 203,
        "hits": 20,
        "Read1": {
            "basepairs_in": 53998,
            "basepairs_out": 53998
        },
        "Read2": {
            "basepairs_in": 56637,
            "basepairs_out": 56637
        }
    }
  }, {
    "Program_details": {
        "program": "hts_QWindowTrim",
        "version": "1.3.2",
        "options": {
            "append-stats-file": "/nmspipeline//01-Processing/TRIMMER0090_P79/01-PrimerTrim/95-SMARTindex_LC_primers.log",
            "avg-qual-score": 10,
            "force": false,
            "no-left": true,
            "no-right": false,
            "notes": "",
            "qual-offset": 33,
            "uncompressed": false,
            "window-size": 10
        }
    },
    "Fragment": {
        "in": 203,
        "out": 203,
        "basepairs_in": 110635,
        "basepairs_out": 110350
    },
    "Single_end": {
        "in": 0,
        "out": 0,
        "basepairs_in": 0,
        "basepairs_out": 0,
        "rightTrim": 0,
        "leftTrim": 0
    },
    "Paired_end": {
        "in": 203,
        "out": 203,
        "Read1": {
            "basepairs_in": 53998,
            "basepairs_out": 53864,
            "leftTrim": 0,
            "rightTrim": 134
        },
        "Read2": {
            "basepairs_in": 56637,
            "basepairs_out": 56486,
            "leftTrim": 0,
            "rightTrim": 151
        }
    }
  }, {
    "Program_details": {
        "program": "hts_Overlapper",
        "version": "1.3.2",
        "options": {
            "append-stats-file": "/nmspipeline//01-Processing/TRIMMER0090_P79/01-PrimerTrim/95-SMARTindex_LC_primers.log",
            "check-lengths": 20,
            "force": false,
            "force-pairs": false,
            "kmer": 8,
            "kmer-offset": 1,
            "max-mismatch": 100,
            "max-mismatch-errorDensity": 0.25,
            "min-overlap": 8,
            "notes": "",
            "number-of-threads": 1,
            "uncompressed": false
        }
    },
    "Fragment": {
        "in": 203,
        "out": 203,
        "basepairs_in": 110350,
        "basepairs_out": 83762,
        "inserts": {
            "short": 18,
            "medium": 172,
            "long": 13
        },
        "overlap_histogram": [ [32,1], [47,2], [54,1], [59,1], [70,1], [97,1], [107,2], [124,1], [137,1], [145,2], [172,1], [186,1], [223,1], [237,1], [245,1], [296,1], [333,1], [337,1], [343,2], [366,1], [370,1], [375,1], [380,1], [382,2], [384,1], [385,3], [386,2], [387,1], [399,2], [417,1], [418,6], [420,1], [422,1], [423,5], [424,1], [426,1], [434,1], [437,1], [438,1], [440,8], [441,9], [442,12], [443,4], [444,80], [445,15], [453,2], [454,1], [466,1], [467,1] ]
    },
    "Single_end": {
        "in": 0,
        "out": 190,
        "basepairs_in": 0,
        "basepairs_out": 76731
    },
    "Paired_end": {
        "in": 203,
        "out": 13,
        "Read1": {
            "basepairs_in": 53864,
            "basepairs_out": 3429
        },
        "Read2": {
            "basepairs_in": 56486,
            "basepairs_out": 3602
        }
    }
  }, {
    "Program_details": {
        "program": "hts_LengthFilter",
        "version": "1.3.2",
        "options": {
            "append-stats-file": "/nmspipeline//01-Processing/TRIMMER0090_P79/01-PrimerTrim/95-SMARTindex_LC_primers.log",
            "fastq-output": "/nmspipeline//01-Processing/TRIMMER0090_P79/01-PrimerTrim/95-SMARTindex_LC_primers",
            "force": true,
            "max-length": 0,
            "min-length": 385,
            "no-orphans": false,
            "notes": "",
            "stranded": false,
            "uncompressed": false
        }
    },
    "Fragment": {
        "in": 203,
        "out": 160,
        "basepairs_in": 83762,
        "basepairs_out": 70206
    },
    "Single_end": {
        "in": 190,
        "out": 160,
        "basepairs_in": 76731,
        "basepairs_out": 70206,
        "discarded": 30
    },
    "Paired_end": {
        "in": 13,
        "out": 0,
        "discarded": 13,
        "Read1": {
            "basepairs_in": 3429,
            "basepairs_out": 0,
            "discarded": 0
        },
        "Read2": {
            "basepairs_in": 3602,
            "basepairs_out": 0,
            "discarded": 0
        }
    }
  }
]
