[ {
    "Program_details": {
        "program": "hts_Primers",
        "version": "1.3.2",
        "options": {
            "flip": true,
            "float": 0,
            "force": false,
            "keep": false,
            "min_primer_matches": 2,
            "notes": "",
            "primer_end_mismatches": 0,
            "primer_mismatches": 0,
            "primers_3p": "../hc_primers.fasta",
            "primers_5p": "AGGCATCAGTGGTATCAACGCAGAGTACATGGGG",
            "read1-input": [ "/nmspipeline//01-Processing/TRIMMER0090_P79/00-RawData/TRIMMER_Plate79_S1_L001_R1_001_sub.fastq.gz"],
            "read2-input": [ "/nmspipeline//01-Processing/TRIMMER0090_P79/00-RawData/TRIMMER_Plate79_S1_L001_R2_001_sub.fastq.gz"],
            "stats-file": "/nmspipeline//01-Processing/TRIMMER0090_P79/01-PrimerTrim/95-SMARTindex_HC_primers.log",
            "uncompressed": false
        },
        "primers": [ ["p5primer1","AGGCATCAGTGGTATCAACGCAGAGTACATGGGG"], ["Ga3.10for_mIGH3","GGATAGACAGATGGGGCTGTTGTTGT"], ["Ga12HC.10_REV_CHI","ATAGACAGATGGGGGTGTCGTTTTGG"], ["p5primer1","AGGCATCAGTGGTATCAACGCAGAGTACATGGGG"], ["Ga3.10for_mIGH3","GGATAGACAGATGGGGCTGTTGTTGT"], ["Ga12HC.10_REV_CHI","ATAGACAGATGGGGGTGTCGTTTTGG"] ]
    },
    "Fragment": {
        "in": 100000,
        "out": 58,
        "basepairs_in": 60000000,
        "basepairs_out": 31320,
        "flipped": 32,
        "primers_counts": [ ["p5primer1","Ga12HC.10_REV_CHI",57], ["p5primer1","None",250], ["p5primer1","Ga3.10for_mIGH3",1], ["None","Ga3.10for_mIGH3",572], ["None","Ga12HC.10_REV_CHI",25743], ["None","None",73377] ]
    },
    "Single_end": {
        "in": 0,
        "out": 0,
        "basepairs_in": 0,
        "basepairs_out": 0,
        "primerTrim": 0,
        "primerBpTrim": 0,
        "discarded": 0
    },
    "Paired_end": {
        "in": 100000,
        "out": 58,
        "discarded": 99942,
        "Read1": {
            "basepairs_in": 30000000,
            "basepairs_out": 15428,
            "primerTrim": 58,
            "primerBpTrim": 1972
        },
        "Read2": {
            "basepairs_in": 30000000,
            "basepairs_out": 15892,
            "primerTrim": 58,
            "primerBpTrim": 1508
        }
    }
  }, {
    "Program_details": {
        "program": "hts_NTrimmer",
        "version": "1.3.2",
        "options": {
            "append-stats-file": "/nmspipeline//01-Processing/TRIMMER0090_P79/01-PrimerTrim/95-SMARTindex_HC_primers.log",
            "exclude": true,
            "force": false,
            "notes": "",
            "uncompressed": false
        }
    },
    "Fragment": {
        "in": 58,
        "out": 58,
        "basepairs_in": 31320,
        "basepairs_out": 31320
    },
    "Single_end": {
        "in": 0,
        "out": 0,
        "basepairs_in": 0,
        "basepairs_out": 0,
        "rightTrim": 0,
        "leftTrim": 0,
        "discarded": 0
    },
    "Paired_end": {
        "in": 58,
        "out": 58,
        "discarded": 0,
        "Read1": {
            "basepairs_in": 15428,
            "basepairs_out": 15428,
            "leftTrim": 0,
            "rightTrim": 0
        },
        "Read2": {
            "basepairs_in": 15892,
            "basepairs_out": 15892,
            "leftTrim": 0,
            "rightTrim": 0
        }
    }
  }, {
    "Program_details": {
        "program": "hts_SeqScreener",
        "version": "1.3.2",
        "options": {
            "append-stats-file": "/nmspipeline//01-Processing/TRIMMER0090_P79/01-PrimerTrim/95-SMARTindex_HC_primers.log",
            "check-read-2": true,
            "force": false,
            "inverse": false,
            "kmer": 21,
            "notes": "",
            "percentage-hits": 0.01,
            "record": true,
            "seq": "../aberrant_LC.fasta",
            "uncompressed": false
        },
        "screen_info": {
            "screenBP": 96,
            "lookupKmers": 8
        }
    },
    "Fragment": {
        "in": 58,
        "out": 58,
        "basepairs_in": 31320,
        "basepairs_out": 31320
    },
    "Single_end": {
        "in": 0,
        "out": 0,
        "basepairs_in": 0,
        "basepairs_out": 0,
        "hits": 0
    },
    "Paired_end": {
        "in": 58,
        "out": 58,
        "hits": 0,
        "Read1": {
            "basepairs_in": 15428,
            "basepairs_out": 15428
        },
        "Read2": {
            "basepairs_in": 15892,
            "basepairs_out": 15892
        }
    }
  }, {
    "Program_details": {
        "program": "hts_QWindowTrim",
        "version": "1.3.2",
        "options": {
            "append-stats-file": "/nmspipeline//01-Processing/TRIMMER0090_P79/01-PrimerTrim/95-SMARTindex_HC_primers.log",
            "avg-qual-score": 10,
            "force": false,
            "no-left": true,
            "no-right": false,
            "notes": "",
            "qual-offset": 33,
            "uncompressed": false,
            "window-size": 10
        }
    },
    "Fragment": {
        "in": 58,
        "out": 58,
        "basepairs_in": 31320,
        "basepairs_out": 31120
    },
    "Single_end": {
        "in": 0,
        "out": 0,
        "basepairs_in": 0,
        "basepairs_out": 0,
        "rightTrim": 0,
        "leftTrim": 0
    },
    "Paired_end": {
        "in": 58,
        "out": 58,
        "Read1": {
            "basepairs_in": 15428,
            "basepairs_out": 15322,
            "leftTrim": 0,
            "rightTrim": 106
        },
        "Read2": {
            "basepairs_in": 15892,
            "basepairs_out": 15798,
            "leftTrim": 0,
            "rightTrim": 94
        }
    }
  }, {
    "Program_details": {
        "program": "hts_Overlapper",
        "version": "1.3.2",
        "options": {
            "append-stats-file": "/nmspipeline//01-Processing/TRIMMER0090_P79/01-PrimerTrim/95-SMARTindex_HC_primers.log",
            "check-lengths": 20,
            "force": false,
            "force-pairs": false,
            "kmer": 8,
            "kmer-offset": 1,
            "max-mismatch": 100,
            "max-mismatch-errorDensity": 0.25,
            "min-overlap": 8,
            "notes": "",
            "number-of-threads": 1,
            "uncompressed": false
        }
    },
    "Fragment": {
        "in": 58,
        "out": 58,
        "basepairs_in": 31120,
        "basepairs_out": 27106,
        "inserts": {
            "short": 4,
            "medium": 39,
            "long": 15
        },
        "overlap_histogram": [ [29,1], [51,1], [73,1], [258,1], [311,1], [340,1], [395,1], [451,1], [479,1], [483,1], [485,3], [486,4], [487,1], [488,1], [489,8], [490,1], [491,4], [492,7], [493,2], [511,2] ]
    },
    "Single_end": {
        "in": 0,
        "out": 43,
        "basepairs_in": 0,
        "basepairs_out": 19062
    },
    "Paired_end": {
        "in": 58,
        "out": 15,
        "Read1": {
            "basepairs_in": 15322,
            "basepairs_out": 3944
        },
        "Read2": {
            "basepairs_in": 15798,
            "basepairs_out": 4100
        }
    }
  }, {
    "Program_details": {
        "program": "hts_LengthFilter",
        "version": "1.3.2",
        "options": {
            "append-stats-file": "/nmspipeline//01-Processing/TRIMMER0090_P79/01-PrimerTrim/95-SMARTindex_HC_primers.log",
            "fastq-output": "/nmspipeline//01-Processing/TRIMMER0090_P79/01-PrimerTrim/95-SMARTindex_HC_primers",
            "force": true,
            "max-length": 0,
            "min-length": 385,
            "no-orphans": false,
            "notes": "",
            "stranded": false,
            "uncompressed": false
        }
    },
    "Fragment": {
        "in": 58,
        "out": 37,
        "basepairs_in": 27106,
        "basepairs_out": 18000
    },
    "Single_end": {
        "in": 43,
        "out": 37,
        "basepairs_in": 19062,
        "basepairs_out": 18000,
        "discarded": 6
    },
    "Paired_end": {
        "in": 15,
        "out": 0,
        "discarded": 15,
        "Read1": {
            "basepairs_in": 3944,
            "basepairs_out": 0,
            "discarded": 0
        },
        "Read2": {
            "basepairs_in": 4100,
            "basepairs_out": 0,
            "discarded": 0
        }
    }
  }
]
