[ {
    "Program_details": {
        "program": "hts_Primers",
        "version": "1.3.2",
        "options": {
            "flip": true,
            "float": 0,
            "force": false,
            "keep": false,
            "min_primer_matches": 2,
            "notes": "",
            "primer_end_mismatches": 0,
            "primer_mismatches": 0,
            "primers_3p": "../lc_primers.fasta",
            "primers_5p": "ACACGCCAGTGGTATCAACGCAGAGTACATGGGG",
            "read1-input": [ "/nmspipeline/01-Processing/TRIMMER0090_P79/00-RawData/TRIMMER_Plate79_S1_L001_R1_001_sub.fastq.gz"],
            "read2-input": [ "/nmspipeline/01-Processing/TRIMMER0090_P79/00-RawData/TRIMMER_Plate79_S1_L001_R2_001_sub.fastq.gz"],
            "stats-file": "/nmspipeline/01-Processing/TRIMMER0090_P79/01-PrimerTrim/96-SMARTindex_LC_primers.log",
            "uncompressed": false
        },
        "primers": [ ["p5primer1","ACACGCCAGTGGTATCAACGCAGAGTACATGGGG"], ["KaLC.6_REV_LC","GGATACAGTTGGTGCAGCATC"], ["LaLC.R-mIGL","ATCGTACACACCAGTGTGGC"], ["p5primer1","ACACGCCAGTGGTATCAACGCAGAGTACATGGGG"], ["KaLC.6_REV_LC","GGATACAGTTGGTGCAGCATC"], ["LaLC.R-mIGL","ATCGTACACACCAGTGTGGC"] ]
    },
    "Fragment": {
        "in": 100000,
        "out": 1,
        "basepairs_in": 60000000,
        "basepairs_out": 546,
        "flipped": 0,
        "primers_counts": [ ["p5primer1","LaLC.R-mIGL",1], ["p5primer1","None",25], ["None","None",40349], ["None","KaLC.6_REV_LC",56780], ["None","LaLC.R-mIGL",2845] ]
    },
    "Single_end": {
        "in": 0,
        "out": 0,
        "basepairs_in": 0,
        "basepairs_out": 0,
        "primerTrim": 0,
        "primerBpTrim": 0,
        "discarded": 0
    },
    "Paired_end": {
        "in": 100000,
        "out": 1,
        "discarded": 99999,
        "Read1": {
            "basepairs_in": 30000000,
            "basepairs_out": 266,
            "primerTrim": 1,
            "primerBpTrim": 34
        },
        "Read2": {
            "basepairs_in": 30000000,
            "basepairs_out": 280,
            "primerTrim": 1,
            "primerBpTrim": 20
        }
    }
  }, {
    "Program_details": {
        "program": "hts_NTrimmer",
        "version": "1.3.2",
        "options": {
            "append-stats-file": "/nmspipeline/01-Processing/TRIMMER0090_P79/01-PrimerTrim/96-SMARTindex_LC_primers.log",
            "exclude": true,
            "force": false,
            "notes": "",
            "uncompressed": false
        }
    },
    "Fragment": {
        "in": 1,
        "out": 1,
        "basepairs_in": 546,
        "basepairs_out": 546
    },
    "Single_end": {
        "in": 0,
        "out": 0,
        "basepairs_in": 0,
        "basepairs_out": 0,
        "rightTrim": 0,
        "leftTrim": 0,
        "discarded": 0
    },
    "Paired_end": {
        "in": 1,
        "out": 1,
        "discarded": 0,
        "Read1": {
            "basepairs_in": 266,
            "basepairs_out": 266,
            "leftTrim": 0,
            "rightTrim": 0
        },
        "Read2": {
            "basepairs_in": 280,
            "basepairs_out": 280,
            "leftTrim": 0,
            "rightTrim": 0
        }
    }
  }, {
    "Program_details": {
        "program": "hts_SeqScreener",
        "version": "1.3.2",
        "options": {
            "append-stats-file": "/nmspipeline/01-Processing/TRIMMER0090_P79/01-PrimerTrim/96-SMARTindex_LC_primers.log",
            "check-read-2": true,
            "force": false,
            "inverse": false,
            "kmer": 21,
            "notes": "",
            "percentage-hits": 0.01,
            "record": true,
            "seq": "../aberrant_LC.fasta",
            "uncompressed": false
        },
        "screen_info": {
            "screenBP": 96,
            "lookupKmers": 8
        }
    },
    "Fragment": {
        "in": 1,
        "out": 1,
        "basepairs_in": 546,
        "basepairs_out": 546
    },
    "Single_end": {
        "in": 0,
        "out": 0,
        "basepairs_in": 0,
        "basepairs_out": 0,
        "hits": 0
    },
    "Paired_end": {
        "in": 1,
        "out": 1,
        "hits": 0,
        "Read1": {
            "basepairs_in": 266,
            "basepairs_out": 266
        },
        "Read2": {
            "basepairs_in": 280,
            "basepairs_out": 280
        }
    }
  }, {
    "Program_details": {
        "program": "hts_QWindowTrim",
        "version": "1.3.2",
        "options": {
            "append-stats-file": "/nmspipeline/01-Processing/TRIMMER0090_P79/01-PrimerTrim/96-SMARTindex_LC_primers.log",
            "avg-qual-score": 10,
            "force": false,
            "no-left": true,
            "no-right": false,
            "notes": "",
            "qual-offset": 33,
            "uncompressed": false,
            "window-size": 10
        }
    },
    "Fragment": {
        "in": 1,
        "out": 1,
        "basepairs_in": 546,
        "basepairs_out": 518
    },
    "Single_end": {
        "in": 0,
        "out": 0,
        "basepairs_in": 0,
        "basepairs_out": 0,
        "rightTrim": 0,
        "leftTrim": 0
    },
    "Paired_end": {
        "in": 1,
        "out": 1,
        "Read1": {
            "basepairs_in": 266,
            "basepairs_out": 260,
            "leftTrim": 0,
            "rightTrim": 6
        },
        "Read2": {
            "basepairs_in": 280,
            "basepairs_out": 258,
            "leftTrim": 0,
            "rightTrim": 22
        }
    }
  }, {
    "Program_details": {
        "program": "hts_Overlapper",
        "version": "1.3.2",
        "options": {
            "append-stats-file": "/nmspipeline/01-Processing/TRIMMER0090_P79/01-PrimerTrim/96-SMARTindex_LC_primers.log",
            "check-lengths": 20,
            "force": false,
            "force-pairs": false,
            "kmer": 8,
            "kmer-offset": 1,
            "max-mismatch": 100,
            "max-mismatch-errorDensity": 0.25,
            "min-overlap": 8,
            "notes": "",
            "number-of-threads": 1,
            "uncompressed": false
        }
    },
    "Fragment": {
        "in": 1,
        "out": 1,
        "basepairs_in": 518,
        "basepairs_out": 112,
        "inserts": {
            "short": 1,
            "medium": 0,
            "long": 0
        },
        "overlap_histogram": [ [112,1] ]
    },
    "Single_end": {
        "in": 0,
        "out": 1,
        "basepairs_in": 0,
        "basepairs_out": 112
    },
    "Paired_end": {
        "in": 1,
        "out": 0,
        "Read1": {
            "basepairs_in": 260,
            "basepairs_out": 0
        },
        "Read2": {
            "basepairs_in": 258,
            "basepairs_out": 0
        }
    }
  }, {
    "Program_details": {
        "program": "hts_LengthFilter",
        "version": "1.3.2",
        "options": {
            "append-stats-file": "/nmspipeline/01-Processing/TRIMMER0090_P79/01-PrimerTrim/96-SMARTindex_LC_primers.log",
            "fastq-output": "/nmspipeline/01-Processing/TRIMMER0090_P79/01-PrimerTrim/96-SMARTindex_LC_primers",
            "force": true,
            "max-length": 0,
            "min-length": 385,
            "no-orphans": false,
            "notes": "",
            "stranded": false,
            "uncompressed": false
        }
    },
    "Fragment": {
        "in": 1,
        "out": 0,
        "basepairs_in": 112,
        "basepairs_out": 0
    },
    "Single_end": {
        "in": 1,
        "out": 0,
        "basepairs_in": 112,
        "basepairs_out": 0,
        "discarded": 1
    },
    "Paired_end": {
        "in": 0,
        "out": 0,
        "discarded": 0,
        "Read1": {
            "basepairs_in": 0,
            "basepairs_out": 0,
            "discarded": 0
        },
        "Read2": {
            "basepairs_in": 0,
            "basepairs_out": 0,
            "discarded": 0
        }
    }
  }
]
