[ {
    "Program_details": {
        "program": "hts_Primers",
        "version": "1.3.2",
        "options": {
            "flip": true,
            "float": 0,
            "force": false,
            "keep": false,
            "min_primer_matches": 2,
            "notes": "",
            "primer_end_mismatches": 0,
            "primer_mismatches": 0,
            "primers_3p": "../lc_primers.fasta",
            "primers_5p": "CAGCGTCAGTGGTATCAACGCAGAGTACATGGGG",
            "read1-input": [ "/nmspipeline//01-Processing/TRIMMER0091_P80/00-RawData/TRIMMER_Plate80_S2_L001_R1_001_sub.fastq.gz"],
            "read2-input": [ "/nmspipeline//01-Processing/TRIMMER0091_P80/00-RawData/TRIMMER_Plate80_S2_L001_R2_001_sub.fastq.gz"],
            "stats-file": "/nmspipeline//01-Processing/TRIMMER0091_P80/01-PrimerTrim/01-SMARTindex_LC_primers.log",
            "uncompressed": false
        },
        "primers": [ ["p5primer1","CAGCGTCAGTGGTATCAACGCAGAGTACATGGGG"], ["KaLC.6_REV_LC","GGATACAGTTGGTGCAGCATC"], ["LaLC.R-mIGL","ATCGTACACACCAGTGTGGC"], ["p5primer1","CAGCGTCAGTGGTATCAACGCAGAGTACATGGGG"], ["KaLC.6_REV_LC","GGATACAGTTGGTGCAGCATC"], ["LaLC.R-mIGL","ATCGTACACACCAGTGTGGC"] ]
    },
    "Fragment": {
        "in": 100000,
        "out": 807,
        "basepairs_in": 60000000,
        "basepairs_out": 439824,
        "flipped": 336,
        "primers_counts": [ ["p5primer1","LaLC.R-mIGL",9], ["p5primer1","KaLC.6_REV_LC",798], ["p5primer1","None",480], ["None","LaLC.R-mIGL",595], ["None","None",47986], ["None","KaLC.6_REV_LC",50132] ]
    },
    "Single_end": {
        "in": 0,
        "out": 0,
        "basepairs_in": 0,
        "basepairs_out": 0,
        "primerTrim": 0,
        "primerBpTrim": 0,
        "discarded": 0
    },
    "Paired_end": {
        "in": 100000,
        "out": 807,
        "discarded": 99193,
        "Read1": {
            "basepairs_in": 30000000,
            "basepairs_out": 214662,
            "primerTrim": 807,
            "primerBpTrim": 27438
        },
        "Read2": {
            "basepairs_in": 30000000,
            "basepairs_out": 225162,
            "primerTrim": 807,
            "primerBpTrim": 16938
        }
    }
  }, {
    "Program_details": {
        "program": "hts_NTrimmer",
        "version": "1.3.2",
        "options": {
            "append-stats-file": "/nmspipeline//01-Processing/TRIMMER0091_P80/01-PrimerTrim/01-SMARTindex_LC_primers.log",
            "exclude": true,
            "force": false,
            "notes": "",
            "uncompressed": false
        }
    },
    "Fragment": {
        "in": 807,
        "out": 807,
        "basepairs_in": 439824,
        "basepairs_out": 439824
    },
    "Single_end": {
        "in": 0,
        "out": 0,
        "basepairs_in": 0,
        "basepairs_out": 0,
        "rightTrim": 0,
        "leftTrim": 0,
        "discarded": 0
    },
    "Paired_end": {
        "in": 807,
        "out": 807,
        "discarded": 0,
        "Read1": {
            "basepairs_in": 214662,
            "basepairs_out": 214662,
            "leftTrim": 0,
            "rightTrim": 0
        },
        "Read2": {
            "basepairs_in": 225162,
            "basepairs_out": 225162,
            "leftTrim": 0,
            "rightTrim": 0
        }
    }
  }, {
    "Program_details": {
        "program": "hts_SeqScreener",
        "version": "1.3.2",
        "options": {
            "append-stats-file": "/nmspipeline//01-Processing/TRIMMER0091_P80/01-PrimerTrim/01-SMARTindex_LC_primers.log",
            "check-read-2": true,
            "force": false,
            "inverse": false,
            "kmer": 21,
            "notes": "",
            "percentage-hits": 0.01,
            "record": true,
            "seq": "../aberrant_LC.fasta",
            "uncompressed": false
        },
        "screen_info": {
            "screenBP": 96,
            "lookupKmers": 8
        }
    },
    "Fragment": {
        "in": 807,
        "out": 807,
        "basepairs_in": 439824,
        "basepairs_out": 439824
    },
    "Single_end": {
        "in": 0,
        "out": 0,
        "basepairs_in": 0,
        "basepairs_out": 0,
        "hits": 0
    },
    "Paired_end": {
        "in": 807,
        "out": 807,
        "hits": 296,
        "Read1": {
            "basepairs_in": 214662,
            "basepairs_out": 214662
        },
        "Read2": {
            "basepairs_in": 225162,
            "basepairs_out": 225162
        }
    }
  }, {
    "Program_details": {
        "program": "hts_QWindowTrim",
        "version": "1.3.2",
        "options": {
            "append-stats-file": "/nmspipeline//01-Processing/TRIMMER0091_P80/01-PrimerTrim/01-SMARTindex_LC_primers.log",
            "avg-qual-score": 10,
            "force": false,
            "no-left": true,
            "no-right": false,
            "notes": "",
            "qual-offset": 33,
            "uncompressed": false,
            "window-size": 10
        }
    },
    "Fragment": {
        "in": 807,
        "out": 807,
        "basepairs_in": 439824,
        "basepairs_out": 437916
    },
    "Single_end": {
        "in": 0,
        "out": 0,
        "basepairs_in": 0,
        "basepairs_out": 0,
        "rightTrim": 0,
        "leftTrim": 0
    },
    "Paired_end": {
        "in": 807,
        "out": 807,
        "Read1": {
            "basepairs_in": 214662,
            "basepairs_out": 213905,
            "leftTrim": 0,
            "rightTrim": 757
        },
        "Read2": {
            "basepairs_in": 225162,
            "basepairs_out": 224011,
            "leftTrim": 0,
            "rightTrim": 1151
        }
    }
  }, {
    "Program_details": {
        "program": "hts_Overlapper",
        "version": "1.3.2",
        "options": {
            "append-stats-file": "/nmspipeline//01-Processing/TRIMMER0091_P80/01-PrimerTrim/01-SMARTindex_LC_primers.log",
            "check-lengths": 20,
            "force": false,
            "force-pairs": false,
            "kmer": 8,
            "kmer-offset": 1,
            "max-mismatch": 100,
            "max-mismatch-errorDensity": 0.25,
            "min-overlap": 8,
            "notes": "",
            "number-of-threads": 1,
            "uncompressed": false
        }
    },
    "Fragment": {
        "in": 807,
        "out": 807,
        "basepairs_in": 437916,
        "basepairs_out": 311604,
        "inserts": {
            "short": 110,
            "medium": 647,
            "long": 50
        },
        "overlap_histogram": [ [14,2], [15,3], [21,1], [23,1], [25,1], [29,2], [31,1], [36,1], [38,1], [47,1], [49,2], [56,1], [58,2], [63,1], [67,3], [76,1], [80,1], [81,1], [83,3], [86,1], [90,1], [91,1], [102,1], [111,1], [124,1], [125,1], [129,2], [132,1], [133,1], [136,1], [142,2], [143,1], [145,1], [146,1], [154,1], [155,2], [158,2], [161,1], [168,1], [174,1], [184,2], [186,28], [187,3], [188,2], [189,1], [190,2], [194,1], [201,1], [203,1], [204,1], [211,1], [213,3], [222,1], [227,1], [229,1], [246,1], [252,1], [256,1], [263,1], [264,1], [268,1], [273,1], [280,1], [282,2], [295,1], [298,1], [315,2], [331,1], [337,1], [338,1], [340,1], [346,1], [353,1], [360,1], [367,1], [374,1], [375,1], [381,1], [382,2], [390,1], [391,2], [393,1], [394,2], [396,3], [397,5], [398,15], [399,22], [400,1], [401,3], [402,1], [403,9], [404,1], [406,3], [407,4], [408,2], [409,3], [411,3], [412,18], [413,3], [414,11], [415,38], [416,2], [417,8], [418,238], [419,58], [420,7], [421,31], [422,37], [423,38], [424,4], [426,2], [428,18], [429,5], [430,4], [432,2], [434,3], [436,1], [437,1], [439,2], [440,6], [441,1], [442,1], [444,1], [446,4], [448,1], [478,1] ]
    },
    "Single_end": {
        "in": 0,
        "out": 757,
        "basepairs_in": 0,
        "basepairs_out": 284483
    },
    "Paired_end": {
        "in": 807,
        "out": 50,
        "Read1": {
            "basepairs_in": 213905,
            "basepairs_out": 13245
        },
        "Read2": {
            "basepairs_in": 224011,
            "basepairs_out": 13876
        }
    }
  }, {
    "Program_details": {
        "program": "hts_LengthFilter",
        "version": "1.3.2",
        "options": {
            "append-stats-file": "/nmspipeline//01-Processing/TRIMMER0091_P80/01-PrimerTrim/01-SMARTindex_LC_primers.log",
            "fastq-output": "/nmspipeline//01-Processing/TRIMMER0091_P80/01-PrimerTrim/01-SMARTindex_LC_primers",
            "force": true,
            "max-length": 0,
            "min-length": 385,
            "no-orphans": false,
            "notes": "",
            "stranded": false,
            "uncompressed": false
        }
    },
    "Fragment": {
        "in": 807,
        "out": 627,
        "basepairs_in": 311604,
        "basepairs_out": 261755
    },
    "Single_end": {
        "in": 757,
        "out": 627,
        "basepairs_in": 284483,
        "basepairs_out": 261755,
        "discarded": 130
    },
    "Paired_end": {
        "in": 50,
        "out": 0,
        "discarded": 50,
        "Read1": {
            "basepairs_in": 13245,
            "basepairs_out": 0,
            "discarded": 0
        },
        "Read2": {
            "basepairs_in": 13876,
            "basepairs_out": 0,
            "discarded": 0
        }
    }
  }
]
