[ {
    "Program_details": {
        "program": "hts_Primers",
        "version": "1.3.2",
        "options": {
            "flip": true,
            "float": 0,
            "force": false,
            "keep": false,
            "min_primer_matches": 2,
            "notes": "",
            "primer_end_mismatches": 0,
            "primer_mismatches": 0,
            "primers_3p": "../hc_primers.fasta",
            "primers_5p": "GATCACCAGTGGTATCAACGCAGAGTACATGGGG",
            "read1-input": [ "/nmspipeline//01-Processing/TRIMMER0091_P80/00-RawData/TRIMMER_Plate80_S2_L001_R1_001_sub.fastq.gz"],
            "read2-input": [ "/nmspipeline//01-Processing/TRIMMER0091_P80/00-RawData/TRIMMER_Plate80_S2_L001_R2_001_sub.fastq.gz"],
            "stats-file": "/nmspipeline//01-Processing/TRIMMER0091_P80/01-PrimerTrim/02-SMARTindex_HC_primers.log",
            "uncompressed": false
        },
        "primers": [ ["p5primer1","GATCACCAGTGGTATCAACGCAGAGTACATGGGG"], ["Ga3.10for_mIGH3","GGATAGACAGATGGGGCTGTTGTTGT"], ["Ga12HC.10_REV_CHI","ATAGACAGATGGGGGTGTCGTTTTGG"], ["p5primer1","GATCACCAGTGGTATCAACGCAGAGTACATGGGG"], ["Ga3.10for_mIGH3","GGATAGACAGATGGGGCTGTTGTTGT"], ["Ga12HC.10_REV_CHI","ATAGACAGATGGGGGTGTCGTTTTGG"] ]
    },
    "Fragment": {
        "in": 100000,
        "out": 116,
        "basepairs_in": 60000000,
        "basepairs_out": 62640,
        "flipped": 68,
        "primers_counts": [ ["p5primer1","Ga12HC.10_REV_CHI",115], ["p5primer1","None",297], ["p5primer1","Ga3.10for_mIGH3",1], ["None","Ga3.10for_mIGH3",1141], ["None","Ga12HC.10_REV_CHI",28032], ["None","None",70414] ]
    },
    "Single_end": {
        "in": 0,
        "out": 0,
        "basepairs_in": 0,
        "basepairs_out": 0,
        "primerTrim": 0,
        "primerBpTrim": 0,
        "discarded": 0
    },
    "Paired_end": {
        "in": 100000,
        "out": 116,
        "discarded": 99884,
        "Read1": {
            "basepairs_in": 30000000,
            "basepairs_out": 30856,
            "primerTrim": 116,
            "primerBpTrim": 3944
        },
        "Read2": {
            "basepairs_in": 30000000,
            "basepairs_out": 31784,
            "primerTrim": 116,
            "primerBpTrim": 3016
        }
    }
  }, {
    "Program_details": {
        "program": "hts_NTrimmer",
        "version": "1.3.2",
        "options": {
            "append-stats-file": "/nmspipeline//01-Processing/TRIMMER0091_P80/01-PrimerTrim/02-SMARTindex_HC_primers.log",
            "exclude": true,
            "force": false,
            "notes": "",
            "uncompressed": false
        }
    },
    "Fragment": {
        "in": 116,
        "out": 116,
        "basepairs_in": 62640,
        "basepairs_out": 62640
    },
    "Single_end": {
        "in": 0,
        "out": 0,
        "basepairs_in": 0,
        "basepairs_out": 0,
        "rightTrim": 0,
        "leftTrim": 0,
        "discarded": 0
    },
    "Paired_end": {
        "in": 116,
        "out": 116,
        "discarded": 0,
        "Read1": {
            "basepairs_in": 30856,
            "basepairs_out": 30856,
            "leftTrim": 0,
            "rightTrim": 0
        },
        "Read2": {
            "basepairs_in": 31784,
            "basepairs_out": 31784,
            "leftTrim": 0,
            "rightTrim": 0
        }
    }
  }, {
    "Program_details": {
        "program": "hts_SeqScreener",
        "version": "1.3.2",
        "options": {
            "append-stats-file": "/nmspipeline//01-Processing/TRIMMER0091_P80/01-PrimerTrim/02-SMARTindex_HC_primers.log",
            "check-read-2": true,
            "force": false,
            "inverse": false,
            "kmer": 21,
            "notes": "",
            "percentage-hits": 0.01,
            "record": true,
            "seq": "../aberrant_LC.fasta",
            "uncompressed": false
        },
        "screen_info": {
            "screenBP": 96,
            "lookupKmers": 8
        }
    },
    "Fragment": {
        "in": 116,
        "out": 116,
        "basepairs_in": 62640,
        "basepairs_out": 62640
    },
    "Single_end": {
        "in": 0,
        "out": 0,
        "basepairs_in": 0,
        "basepairs_out": 0,
        "hits": 0
    },
    "Paired_end": {
        "in": 116,
        "out": 116,
        "hits": 0,
        "Read1": {
            "basepairs_in": 30856,
            "basepairs_out": 30856
        },
        "Read2": {
            "basepairs_in": 31784,
            "basepairs_out": 31784
        }
    }
  }, {
    "Program_details": {
        "program": "hts_QWindowTrim",
        "version": "1.3.2",
        "options": {
            "append-stats-file": "/nmspipeline//01-Processing/TRIMMER0091_P80/01-PrimerTrim/02-SMARTindex_HC_primers.log",
            "avg-qual-score": 10,
            "force": false,
            "no-left": true,
            "no-right": false,
            "notes": "",
            "qual-offset": 33,
            "uncompressed": false,
            "window-size": 10
        }
    },
    "Fragment": {
        "in": 116,
        "out": 116,
        "basepairs_in": 62640,
        "basepairs_out": 62311
    },
    "Single_end": {
        "in": 0,
        "out": 0,
        "basepairs_in": 0,
        "basepairs_out": 0,
        "rightTrim": 0,
        "leftTrim": 0
    },
    "Paired_end": {
        "in": 116,
        "out": 116,
        "Read1": {
            "basepairs_in": 30856,
            "basepairs_out": 30654,
            "leftTrim": 0,
            "rightTrim": 202
        },
        "Read2": {
            "basepairs_in": 31784,
            "basepairs_out": 31657,
            "leftTrim": 0,
            "rightTrim": 127
        }
    }
  }, {
    "Program_details": {
        "program": "hts_Overlapper",
        "version": "1.3.2",
        "options": {
            "append-stats-file": "/nmspipeline//01-Processing/TRIMMER0091_P80/01-PrimerTrim/02-SMARTindex_HC_primers.log",
            "check-lengths": 20,
            "force": false,
            "force-pairs": false,
            "kmer": 8,
            "kmer-offset": 1,
            "max-mismatch": 100,
            "max-mismatch-errorDensity": 0.25,
            "min-overlap": 8,
            "notes": "",
            "number-of-threads": 1,
            "uncompressed": false
        }
    },
    "Fragment": {
        "in": 116,
        "out": 116,
        "basepairs_in": 62311,
        "basepairs_out": 51851,
        "inserts": {
            "short": 10,
            "medium": 92,
            "long": 14
        },
        "overlap_histogram": [ [50,1], [70,1], [85,1], [106,1], [122,1], [135,1], [148,1], [159,1], [174,1], [268,1], [276,1], [280,1], [342,1], [422,1], [429,1], [468,6], [469,1], [470,3], [471,14], [472,2], [473,6], [474,10], [475,3], [476,10], [477,26], [478,5], [482,1] ]
    },
    "Single_end": {
        "in": 0,
        "out": 102,
        "basepairs_in": 0,
        "basepairs_out": 44328
    },
    "Paired_end": {
        "in": 116,
        "out": 14,
        "Read1": {
            "basepairs_in": 30654,
            "basepairs_out": 3709
        },
        "Read2": {
            "basepairs_in": 31657,
            "basepairs_out": 3814
        }
    }
  }, {
    "Program_details": {
        "program": "hts_LengthFilter",
        "version": "1.3.2",
        "options": {
            "append-stats-file": "/nmspipeline//01-Processing/TRIMMER0091_P80/01-PrimerTrim/02-SMARTindex_HC_primers.log",
            "fastq-output": "/nmspipeline//01-Processing/TRIMMER0091_P80/01-PrimerTrim/02-SMARTindex_HC_primers",
            "force": true,
            "max-length": 0,
            "min-length": 385,
            "no-orphans": false,
            "notes": "",
            "stranded": false,
            "uncompressed": false
        }
    },
    "Fragment": {
        "in": 116,
        "out": 89,
        "basepairs_in": 51851,
        "basepairs_out": 42113
    },
    "Single_end": {
        "in": 102,
        "out": 89,
        "basepairs_in": 44328,
        "basepairs_out": 42113,
        "discarded": 13
    },
    "Paired_end": {
        "in": 14,
        "out": 0,
        "discarded": 14,
        "Read1": {
            "basepairs_in": 3709,
            "basepairs_out": 0,
            "discarded": 0
        },
        "Read2": {
            "basepairs_in": 3814,
            "basepairs_out": 0,
            "discarded": 0
        }
    }
  }
]
