[ {
    "Program_details": {
        "program": "hts_Primers",
        "version": "1.3.2",
        "options": {
            "flip": true,
            "float": 0,
            "force": false,
            "keep": false,
            "min_primer_matches": 2,
            "notes": "",
            "primer_end_mismatches": 0,
            "primer_mismatches": 0,
            "primers_3p": "../hc_primers.fasta",
            "primers_5p": "TGCACGCAGTGGTATCAACGCAGAGTACATGGGG",
            "read1-input": [ "/nmspipeline//01-Processing/TRIMMER0091_P80/00-RawData/TRIMMER_Plate80_S2_L001_R1_001_sub.fastq.gz"],
            "read2-input": [ "/nmspipeline//01-Processing/TRIMMER0091_P80/00-RawData/TRIMMER_Plate80_S2_L001_R2_001_sub.fastq.gz"],
            "stats-file": "/nmspipeline//01-Processing/TRIMMER0091_P80/01-PrimerTrim/04-SMARTindex_HC_primers.log",
            "uncompressed": false
        },
        "primers": [ ["p5primer1","TGCACGCAGTGGTATCAACGCAGAGTACATGGGG"], ["Ga3.10for_mIGH3","GGATAGACAGATGGGGCTGTTGTTGT"], ["Ga12HC.10_REV_CHI","ATAGACAGATGGGGGTGTCGTTTTGG"], ["p5primer1","TGCACGCAGTGGTATCAACGCAGAGTACATGGGG"], ["Ga3.10for_mIGH3","GGATAGACAGATGGGGCTGTTGTTGT"], ["Ga12HC.10_REV_CHI","ATAGACAGATGGGGGTGTCGTTTTGG"] ]
    },
    "Fragment": {
        "in": 100000,
        "out": 154,
        "basepairs_in": 60000000,
        "basepairs_out": 83160,
        "flipped": 67,
        "primers_counts": [ ["p5primer1","Ga12HC.10_REV_CHI",154], ["p5primer1","None",422], ["None","Ga3.10for_mIGH3",1142], ["None","Ga12HC.10_REV_CHI",27993], ["None","None",70289] ]
    },
    "Single_end": {
        "in": 0,
        "out": 0,
        "basepairs_in": 0,
        "basepairs_out": 0,
        "primerTrim": 0,
        "primerBpTrim": 0,
        "discarded": 0
    },
    "Paired_end": {
        "in": 100000,
        "out": 154,
        "discarded": 99846,
        "Read1": {
            "basepairs_in": 30000000,
            "basepairs_out": 40964,
            "primerTrim": 154,
            "primerBpTrim": 5236
        },
        "Read2": {
            "basepairs_in": 30000000,
            "basepairs_out": 42196,
            "primerTrim": 154,
            "primerBpTrim": 4004
        }
    }
  }, {
    "Program_details": {
        "program": "hts_NTrimmer",
        "version": "1.3.2",
        "options": {
            "append-stats-file": "/nmspipeline//01-Processing/TRIMMER0091_P80/01-PrimerTrim/04-SMARTindex_HC_primers.log",
            "exclude": true,
            "force": false,
            "notes": "",
            "uncompressed": false
        }
    },
    "Fragment": {
        "in": 154,
        "out": 154,
        "basepairs_in": 83160,
        "basepairs_out": 83160
    },
    "Single_end": {
        "in": 0,
        "out": 0,
        "basepairs_in": 0,
        "basepairs_out": 0,
        "rightTrim": 0,
        "leftTrim": 0,
        "discarded": 0
    },
    "Paired_end": {
        "in": 154,
        "out": 154,
        "discarded": 0,
        "Read1": {
            "basepairs_in": 40964,
            "basepairs_out": 40964,
            "leftTrim": 0,
            "rightTrim": 0
        },
        "Read2": {
            "basepairs_in": 42196,
            "basepairs_out": 42196,
            "leftTrim": 0,
            "rightTrim": 0
        }
    }
  }, {
    "Program_details": {
        "program": "hts_SeqScreener",
        "version": "1.3.2",
        "options": {
            "append-stats-file": "/nmspipeline//01-Processing/TRIMMER0091_P80/01-PrimerTrim/04-SMARTindex_HC_primers.log",
            "check-read-2": true,
            "force": false,
            "inverse": false,
            "kmer": 21,
            "notes": "",
            "percentage-hits": 0.01,
            "record": true,
            "seq": "../aberrant_LC.fasta",
            "uncompressed": false
        },
        "screen_info": {
            "screenBP": 96,
            "lookupKmers": 8
        }
    },
    "Fragment": {
        "in": 154,
        "out": 154,
        "basepairs_in": 83160,
        "basepairs_out": 83160
    },
    "Single_end": {
        "in": 0,
        "out": 0,
        "basepairs_in": 0,
        "basepairs_out": 0,
        "hits": 0
    },
    "Paired_end": {
        "in": 154,
        "out": 154,
        "hits": 0,
        "Read1": {
            "basepairs_in": 40964,
            "basepairs_out": 40964
        },
        "Read2": {
            "basepairs_in": 42196,
            "basepairs_out": 42196
        }
    }
  }, {
    "Program_details": {
        "program": "hts_QWindowTrim",
        "version": "1.3.2",
        "options": {
            "append-stats-file": "/nmspipeline//01-Processing/TRIMMER0091_P80/01-PrimerTrim/04-SMARTindex_HC_primers.log",
            "avg-qual-score": 10,
            "force": false,
            "no-left": true,
            "no-right": false,
            "notes": "",
            "qual-offset": 33,
            "uncompressed": false,
            "window-size": 10
        }
    },
    "Fragment": {
        "in": 154,
        "out": 154,
        "basepairs_in": 83160,
        "basepairs_out": 82704
    },
    "Single_end": {
        "in": 0,
        "out": 0,
        "basepairs_in": 0,
        "basepairs_out": 0,
        "rightTrim": 0,
        "leftTrim": 0
    },
    "Paired_end": {
        "in": 154,
        "out": 154,
        "Read1": {
            "basepairs_in": 40964,
            "basepairs_out": 40770,
            "leftTrim": 0,
            "rightTrim": 194
        },
        "Read2": {
            "basepairs_in": 42196,
            "basepairs_out": 41934,
            "leftTrim": 0,
            "rightTrim": 262
        }
    }
  }, {
    "Program_details": {
        "program": "hts_Overlapper",
        "version": "1.3.2",
        "options": {
            "append-stats-file": "/nmspipeline//01-Processing/TRIMMER0091_P80/01-PrimerTrim/04-SMARTindex_HC_primers.log",
            "check-lengths": 20,
            "force": false,
            "force-pairs": false,
            "kmer": 8,
            "kmer-offset": 1,
            "max-mismatch": 100,
            "max-mismatch-errorDensity": 0.25,
            "min-overlap": 8,
            "notes": "",
            "number-of-threads": 1,
            "uncompressed": false
        }
    },
    "Fragment": {
        "in": 154,
        "out": 154,
        "basepairs_in": 82704,
        "basepairs_out": 68042,
        "inserts": {
            "short": 21,
            "medium": 122,
            "long": 11
        },
        "overlap_histogram": [ [23,1], [27,1], [30,2], [32,1], [43,1], [97,1], [99,1], [102,1], [103,1], [106,3], [111,1], [140,1], [163,1], [164,1], [180,1], [198,1], [224,1], [270,1], [307,1], [317,1], [362,1], [449,1], [460,1], [484,1], [492,1], [493,19], [494,69], [495,4], [496,17], [497,4], [518,1], [527,1] ]
    },
    "Single_end": {
        "in": 0,
        "out": 143,
        "basepairs_in": 0,
        "basepairs_out": 62123
    },
    "Paired_end": {
        "in": 154,
        "out": 11,
        "Read1": {
            "basepairs_in": 40770,
            "basepairs_out": 2925
        },
        "Read2": {
            "basepairs_in": 41934,
            "basepairs_out": 2994
        }
    }
  }, {
    "Program_details": {
        "program": "hts_LengthFilter",
        "version": "1.3.2",
        "options": {
            "append-stats-file": "/nmspipeline//01-Processing/TRIMMER0091_P80/01-PrimerTrim/04-SMARTindex_HC_primers.log",
            "fastq-output": "/nmspipeline//01-Processing/TRIMMER0091_P80/01-PrimerTrim/04-SMARTindex_HC_primers",
            "force": true,
            "max-length": 0,
            "min-length": 385,
            "no-orphans": false,
            "notes": "",
            "stranded": false,
            "uncompressed": false
        }
    },
    "Fragment": {
        "in": 154,
        "out": 119,
        "basepairs_in": 68042,
        "basepairs_out": 58783
    },
    "Single_end": {
        "in": 143,
        "out": 119,
        "basepairs_in": 62123,
        "basepairs_out": 58783,
        "discarded": 24
    },
    "Paired_end": {
        "in": 11,
        "out": 0,
        "discarded": 11,
        "Read1": {
            "basepairs_in": 2925,
            "basepairs_out": 0,
            "discarded": 0
        },
        "Read2": {
            "basepairs_in": 2994,
            "basepairs_out": 0,
            "discarded": 0
        }
    }
  }
]
