[ {
    "Program_details": {
        "program": "hts_Primers",
        "version": "1.3.2",
        "options": {
            "flip": true,
            "float": 0,
            "force": false,
            "keep": false,
            "min_primer_matches": 2,
            "notes": "",
            "primer_end_mismatches": 0,
            "primer_mismatches": 0,
            "primers_3p": "../lc_primers.fasta",
            "primers_5p": "TGCACGCAGTGGTATCAACGCAGAGTACATGGGG",
            "read1-input": [ "/nmspipeline//01-Processing/TRIMMER0091_P80/00-RawData/TRIMMER_Plate80_S2_L001_R1_001_sub.fastq.gz"],
            "read2-input": [ "/nmspipeline//01-Processing/TRIMMER0091_P80/00-RawData/TRIMMER_Plate80_S2_L001_R2_001_sub.fastq.gz"],
            "stats-file": "/nmspipeline//01-Processing/TRIMMER0091_P80/01-PrimerTrim/04-SMARTindex_LC_primers.log",
            "uncompressed": false
        },
        "primers": [ ["p5primer1","TGCACGCAGTGGTATCAACGCAGAGTACATGGGG"], ["KaLC.6_REV_LC","GGATACAGTTGGTGCAGCATC"], ["LaLC.R-mIGL","ATCGTACACACCAGTGTGGC"], ["p5primer1","TGCACGCAGTGGTATCAACGCAGAGTACATGGGG"], ["KaLC.6_REV_LC","GGATACAGTTGGTGCAGCATC"], ["LaLC.R-mIGL","ATCGTACACACCAGTGTGGC"] ]
    },
    "Fragment": {
        "in": 100000,
        "out": 277,
        "basepairs_in": 60000000,
        "basepairs_out": 150965,
        "flipped": 128,
        "primers_counts": [ ["p5primer1","None",299], ["p5primer1","KaLC.6_REV_LC",277], ["None","LaLC.R-mIGL",604], ["None","None",48167], ["None","KaLC.6_REV_LC",50653] ]
    },
    "Single_end": {
        "in": 0,
        "out": 0,
        "basepairs_in": 0,
        "basepairs_out": 0,
        "primerTrim": 0,
        "primerBpTrim": 0,
        "discarded": 0
    },
    "Paired_end": {
        "in": 100000,
        "out": 277,
        "discarded": 99723,
        "Read1": {
            "basepairs_in": 30000000,
            "basepairs_out": 73682,
            "primerTrim": 277,
            "primerBpTrim": 9418
        },
        "Read2": {
            "basepairs_in": 30000000,
            "basepairs_out": 77283,
            "primerTrim": 277,
            "primerBpTrim": 5817
        }
    }
  }, {
    "Program_details": {
        "program": "hts_NTrimmer",
        "version": "1.3.2",
        "options": {
            "append-stats-file": "/nmspipeline//01-Processing/TRIMMER0091_P80/01-PrimerTrim/04-SMARTindex_LC_primers.log",
            "exclude": true,
            "force": false,
            "notes": "",
            "uncompressed": false
        }
    },
    "Fragment": {
        "in": 277,
        "out": 277,
        "basepairs_in": 150965,
        "basepairs_out": 150965
    },
    "Single_end": {
        "in": 0,
        "out": 0,
        "basepairs_in": 0,
        "basepairs_out": 0,
        "rightTrim": 0,
        "leftTrim": 0,
        "discarded": 0
    },
    "Paired_end": {
        "in": 277,
        "out": 277,
        "discarded": 0,
        "Read1": {
            "basepairs_in": 73682,
            "basepairs_out": 73682,
            "leftTrim": 0,
            "rightTrim": 0
        },
        "Read2": {
            "basepairs_in": 77283,
            "basepairs_out": 77283,
            "leftTrim": 0,
            "rightTrim": 0
        }
    }
  }, {
    "Program_details": {
        "program": "hts_SeqScreener",
        "version": "1.3.2",
        "options": {
            "append-stats-file": "/nmspipeline//01-Processing/TRIMMER0091_P80/01-PrimerTrim/04-SMARTindex_LC_primers.log",
            "check-read-2": true,
            "force": false,
            "inverse": false,
            "kmer": 21,
            "notes": "",
            "percentage-hits": 0.01,
            "record": true,
            "seq": "../aberrant_LC.fasta",
            "uncompressed": false
        },
        "screen_info": {
            "screenBP": 96,
            "lookupKmers": 8
        }
    },
    "Fragment": {
        "in": 277,
        "out": 277,
        "basepairs_in": 150965,
        "basepairs_out": 150965
    },
    "Single_end": {
        "in": 0,
        "out": 0,
        "basepairs_in": 0,
        "basepairs_out": 0,
        "hits": 0
    },
    "Paired_end": {
        "in": 277,
        "out": 277,
        "hits": 22,
        "Read1": {
            "basepairs_in": 73682,
            "basepairs_out": 73682
        },
        "Read2": {
            "basepairs_in": 77283,
            "basepairs_out": 77283
        }
    }
  }, {
    "Program_details": {
        "program": "hts_QWindowTrim",
        "version": "1.3.2",
        "options": {
            "append-stats-file": "/nmspipeline//01-Processing/TRIMMER0091_P80/01-PrimerTrim/04-SMARTindex_LC_primers.log",
            "avg-qual-score": 10,
            "force": false,
            "no-left": true,
            "no-right": false,
            "notes": "",
            "qual-offset": 33,
            "uncompressed": false,
            "window-size": 10
        }
    },
    "Fragment": {
        "in": 277,
        "out": 277,
        "basepairs_in": 150965,
        "basepairs_out": 150293
    },
    "Single_end": {
        "in": 0,
        "out": 0,
        "basepairs_in": 0,
        "basepairs_out": 0,
        "rightTrim": 0,
        "leftTrim": 0
    },
    "Paired_end": {
        "in": 277,
        "out": 277,
        "Read1": {
            "basepairs_in": 73682,
            "basepairs_out": 73445,
            "leftTrim": 0,
            "rightTrim": 237
        },
        "Read2": {
            "basepairs_in": 77283,
            "basepairs_out": 76848,
            "leftTrim": 0,
            "rightTrim": 435
        }
    }
  }, {
    "Program_details": {
        "program": "hts_Overlapper",
        "version": "1.3.2",
        "options": {
            "append-stats-file": "/nmspipeline//01-Processing/TRIMMER0091_P80/01-PrimerTrim/04-SMARTindex_LC_primers.log",
            "check-lengths": 20,
            "force": false,
            "force-pairs": false,
            "kmer": 8,
            "kmer-offset": 1,
            "max-mismatch": 100,
            "max-mismatch-errorDensity": 0.25,
            "min-overlap": 8,
            "notes": "",
            "number-of-threads": 1,
            "uncompressed": false
        }
    },
    "Fragment": {
        "in": 277,
        "out": 277,
        "basepairs_in": 150293,
        "basepairs_out": 110871,
        "inserts": {
            "short": 28,
            "medium": 225,
            "long": 24
        },
        "overlap_histogram": [ [9,1], [13,1], [28,1], [29,1], [31,2], [59,1], [83,1], [86,1], [88,1], [98,1], [101,1], [107,1], [122,1], [128,1], [140,2], [155,1], [174,1], [175,1], [182,1], [193,1], [202,1], [247,1], [251,1], [255,2], [265,1], [279,1], [288,1], [332,1], [363,1], [366,1], [386,1], [388,1], [391,2], [397,1], [398,3], [399,2], [413,2], [414,1], [416,1], [417,1], [418,14], [419,3], [420,12], [421,11], [422,133], [423,18], [424,3], [425,1], [426,1], [427,1], [434,1], [439,1], [440,3], [442,1], [444,2] ]
    },
    "Single_end": {
        "in": 0,
        "out": 253,
        "basepairs_in": 0,
        "basepairs_out": 97886
    },
    "Paired_end": {
        "in": 277,
        "out": 24,
        "Read1": {
            "basepairs_in": 73445,
            "basepairs_out": 6349
        },
        "Read2": {
            "basepairs_in": 76848,
            "basepairs_out": 6636
        }
    }
  }, {
    "Program_details": {
        "program": "hts_LengthFilter",
        "version": "1.3.2",
        "options": {
            "append-stats-file": "/nmspipeline//01-Processing/TRIMMER0091_P80/01-PrimerTrim/04-SMARTindex_LC_primers.log",
            "fastq-output": "/nmspipeline//01-Processing/TRIMMER0091_P80/01-PrimerTrim/04-SMARTindex_LC_primers",
            "force": true,
            "max-length": 0,
            "min-length": 385,
            "no-orphans": false,
            "notes": "",
            "stranded": false,
            "uncompressed": false
        }
    },
    "Fragment": {
        "in": 277,
        "out": 220,
        "basepairs_in": 110871,
        "basepairs_out": 92611
    },
    "Single_end": {
        "in": 253,
        "out": 220,
        "basepairs_in": 97886,
        "basepairs_out": 92611,
        "discarded": 33
    },
    "Paired_end": {
        "in": 24,
        "out": 0,
        "discarded": 24,
        "Read1": {
            "basepairs_in": 6349,
            "basepairs_out": 0,
            "discarded": 0
        },
        "Read2": {
            "basepairs_in": 6636,
            "basepairs_out": 0,
            "discarded": 0
        }
    }
  }
]
