[ {
    "Program_details": {
        "program": "hts_Primers",
        "version": "1.3.2",
        "options": {
            "flip": true,
            "float": 0,
            "force": false,
            "keep": false,
            "min_primer_matches": 2,
            "notes": "",
            "primer_end_mismatches": 0,
            "primer_mismatches": 0,
            "primers_3p": "../lc_primers.fasta",
            "primers_5p": "ACATTACAGTGGTATCAACGCAGAGTACATGGGG",
            "read1-input": [ "/nmspipeline//01-Processing/TRIMMER0091_P80/00-RawData/TRIMMER_Plate80_S2_L001_R1_001_sub.fastq.gz"],
            "read2-input": [ "/nmspipeline//01-Processing/TRIMMER0091_P80/00-RawData/TRIMMER_Plate80_S2_L001_R2_001_sub.fastq.gz"],
            "stats-file": "/nmspipeline//01-Processing/TRIMMER0091_P80/01-PrimerTrim/05-SMARTindex_LC_primers.log",
            "uncompressed": false
        },
        "primers": [ ["p5primer1","ACATTACAGTGGTATCAACGCAGAGTACATGGGG"], ["KaLC.6_REV_LC","GGATACAGTTGGTGCAGCATC"], ["LaLC.R-mIGL","ATCGTACACACCAGTGTGGC"], ["p5primer1","ACATTACAGTGGTATCAACGCAGAGTACATGGGG"], ["KaLC.6_REV_LC","GGATACAGTTGGTGCAGCATC"], ["LaLC.R-mIGL","ATCGTACACACCAGTGTGGC"] ]
    },
    "Fragment": {
        "in": 100000,
        "out": 384,
        "basepairs_in": 60000000,
        "basepairs_out": 209287,
        "flipped": 147,
        "primers_counts": [ ["p5primer1","LaLC.R-mIGL",7], ["p5primer1","None",526], ["p5primer1","KaLC.6_REV_LC",377], ["None","LaLC.R-mIGL",597], ["None","None",47940], ["None","KaLC.6_REV_LC",50553] ]
    },
    "Single_end": {
        "in": 0,
        "out": 0,
        "basepairs_in": 0,
        "basepairs_out": 0,
        "primerTrim": 0,
        "primerBpTrim": 0,
        "discarded": 0
    },
    "Paired_end": {
        "in": 100000,
        "out": 384,
        "discarded": 99616,
        "Read1": {
            "basepairs_in": 30000000,
            "basepairs_out": 102144,
            "primerTrim": 384,
            "primerBpTrim": 13056
        },
        "Read2": {
            "basepairs_in": 30000000,
            "basepairs_out": 107143,
            "primerTrim": 384,
            "primerBpTrim": 8057
        }
    }
  }, {
    "Program_details": {
        "program": "hts_NTrimmer",
        "version": "1.3.2",
        "options": {
            "append-stats-file": "/nmspipeline//01-Processing/TRIMMER0091_P80/01-PrimerTrim/05-SMARTindex_LC_primers.log",
            "exclude": true,
            "force": false,
            "notes": "",
            "uncompressed": false
        }
    },
    "Fragment": {
        "in": 384,
        "out": 384,
        "basepairs_in": 209287,
        "basepairs_out": 209287
    },
    "Single_end": {
        "in": 0,
        "out": 0,
        "basepairs_in": 0,
        "basepairs_out": 0,
        "rightTrim": 0,
        "leftTrim": 0,
        "discarded": 0
    },
    "Paired_end": {
        "in": 384,
        "out": 384,
        "discarded": 0,
        "Read1": {
            "basepairs_in": 102144,
            "basepairs_out": 102144,
            "leftTrim": 0,
            "rightTrim": 0
        },
        "Read2": {
            "basepairs_in": 107143,
            "basepairs_out": 107143,
            "leftTrim": 0,
            "rightTrim": 0
        }
    }
  }, {
    "Program_details": {
        "program": "hts_SeqScreener",
        "version": "1.3.2",
        "options": {
            "append-stats-file": "/nmspipeline//01-Processing/TRIMMER0091_P80/01-PrimerTrim/05-SMARTindex_LC_primers.log",
            "check-read-2": true,
            "force": false,
            "inverse": false,
            "kmer": 21,
            "notes": "",
            "percentage-hits": 0.01,
            "record": true,
            "seq": "../aberrant_LC.fasta",
            "uncompressed": false
        },
        "screen_info": {
            "screenBP": 96,
            "lookupKmers": 8
        }
    },
    "Fragment": {
        "in": 384,
        "out": 384,
        "basepairs_in": 209287,
        "basepairs_out": 209287
    },
    "Single_end": {
        "in": 0,
        "out": 0,
        "basepairs_in": 0,
        "basepairs_out": 0,
        "hits": 0
    },
    "Paired_end": {
        "in": 384,
        "out": 384,
        "hits": 344,
        "Read1": {
            "basepairs_in": 102144,
            "basepairs_out": 102144
        },
        "Read2": {
            "basepairs_in": 107143,
            "basepairs_out": 107143
        }
    }
  }, {
    "Program_details": {
        "program": "hts_QWindowTrim",
        "version": "1.3.2",
        "options": {
            "append-stats-file": "/nmspipeline//01-Processing/TRIMMER0091_P80/01-PrimerTrim/05-SMARTindex_LC_primers.log",
            "avg-qual-score": 10,
            "force": false,
            "no-left": true,
            "no-right": false,
            "notes": "",
            "qual-offset": 33,
            "uncompressed": false,
            "window-size": 10
        }
    },
    "Fragment": {
        "in": 384,
        "out": 384,
        "basepairs_in": 209287,
        "basepairs_out": 208600
    },
    "Single_end": {
        "in": 0,
        "out": 0,
        "basepairs_in": 0,
        "basepairs_out": 0,
        "rightTrim": 0,
        "leftTrim": 0
    },
    "Paired_end": {
        "in": 384,
        "out": 384,
        "Read1": {
            "basepairs_in": 102144,
            "basepairs_out": 101888,
            "leftTrim": 0,
            "rightTrim": 256
        },
        "Read2": {
            "basepairs_in": 107143,
            "basepairs_out": 106712,
            "leftTrim": 0,
            "rightTrim": 431
        }
    }
  }, {
    "Program_details": {
        "program": "hts_Overlapper",
        "version": "1.3.2",
        "options": {
            "append-stats-file": "/nmspipeline//01-Processing/TRIMMER0091_P80/01-PrimerTrim/05-SMARTindex_LC_primers.log",
            "check-lengths": 20,
            "force": false,
            "force-pairs": false,
            "kmer": 8,
            "kmer-offset": 1,
            "max-mismatch": 100,
            "max-mismatch-errorDensity": 0.25,
            "min-overlap": 8,
            "notes": "",
            "number-of-threads": 1,
            "uncompressed": false
        }
    },
    "Fragment": {
        "in": 384,
        "out": 384,
        "basepairs_in": 208600,
        "basepairs_out": 155773,
        "inserts": {
            "short": 30,
            "medium": 338,
            "long": 16
        },
        "overlap_histogram": [ [25,1], [53,1], [74,1], [89,1], [119,1], [120,1], [122,1], [127,1], [128,1], [131,1], [137,1], [140,1], [154,2], [156,1], [157,3], [158,2], [159,1], [161,1], [162,1], [166,1], [179,1], [215,1], [228,1], [231,1], [240,1], [265,1], [290,1], [344,1], [345,1], [347,1], [364,1], [390,1], [394,5], [395,4], [398,1], [399,4], [403,1], [407,1], [408,1], [413,1], [416,1], [417,4], [418,24], [419,1], [420,2], [421,43], [422,10], [423,15], [424,9], [425,150], [426,23], [427,1], [428,16], [430,2], [437,1], [440,5], [442,1], [445,3], [453,1], [473,1], [493,1] ]
    },
    "Single_end": {
        "in": 0,
        "out": 368,
        "basepairs_in": 0,
        "basepairs_out": 147152
    },
    "Paired_end": {
        "in": 384,
        "out": 16,
        "Read1": {
            "basepairs_in": 101888,
            "basepairs_out": 4216
        },
        "Read2": {
            "basepairs_in": 106712,
            "basepairs_out": 4405
        }
    }
  }, {
    "Program_details": {
        "program": "hts_LengthFilter",
        "version": "1.3.2",
        "options": {
            "append-stats-file": "/nmspipeline//01-Processing/TRIMMER0091_P80/01-PrimerTrim/05-SMARTindex_LC_primers.log",
            "fastq-output": "/nmspipeline//01-Processing/TRIMMER0091_P80/01-PrimerTrim/05-SMARTindex_LC_primers",
            "force": true,
            "max-length": 0,
            "min-length": 385,
            "no-orphans": false,
            "notes": "",
            "stranded": false,
            "uncompressed": false
        }
    },
    "Fragment": {
        "in": 384,
        "out": 333,
        "basepairs_in": 155773,
        "basepairs_out": 140940
    },
    "Single_end": {
        "in": 368,
        "out": 333,
        "basepairs_in": 147152,
        "basepairs_out": 140940,
        "discarded": 35
    },
    "Paired_end": {
        "in": 16,
        "out": 0,
        "discarded": 16,
        "Read1": {
            "basepairs_in": 4216,
            "basepairs_out": 0,
            "discarded": 0
        },
        "Read2": {
            "basepairs_in": 4405,
            "basepairs_out": 0,
            "discarded": 0
        }
    }
  }
]
