[ {
    "Program_details": {
        "program": "hts_Primers",
        "version": "1.3.2",
        "options": {
            "flip": true,
            "float": 0,
            "force": false,
            "keep": false,
            "min_primer_matches": 2,
            "notes": "",
            "primer_end_mismatches": 0,
            "primer_mismatches": 0,
            "primers_3p": "../hc_primers.fasta",
            "primers_5p": "ACATTACAGTGGTATCAACGCAGAGTACATGGGG",
            "read1-input": [ "/nmspipeline//01-Processing/TRIMMER0091_P80/00-RawData/TRIMMER_Plate80_S2_L001_R1_001_sub.fastq.gz"],
            "read2-input": [ "/nmspipeline//01-Processing/TRIMMER0091_P80/00-RawData/TRIMMER_Plate80_S2_L001_R2_001_sub.fastq.gz"],
            "stats-file": "/nmspipeline//01-Processing/TRIMMER0091_P80/01-PrimerTrim/05-SMARTindex_HC_primers.log",
            "uncompressed": false
        },
        "primers": [ ["p5primer1","ACATTACAGTGGTATCAACGCAGAGTACATGGGG"], ["Ga3.10for_mIGH3","GGATAGACAGATGGGGCTGTTGTTGT"], ["Ga12HC.10_REV_CHI","ATAGACAGATGGGGGTGTCGTTTTGG"], ["p5primer1","ACATTACAGTGGTATCAACGCAGAGTACATGGGG"], ["Ga3.10for_mIGH3","GGATAGACAGATGGGGCTGTTGTTGT"], ["Ga12HC.10_REV_CHI","ATAGACAGATGGGGGTGTCGTTTTGG"] ]
    },
    "Fragment": {
        "in": 100000,
        "out": 354,
        "basepairs_in": 60000000,
        "basepairs_out": 191160,
        "flipped": 130,
        "primers_counts": [ ["p5primer1","Ga12HC.10_REV_CHI",354], ["p5primer1","None",556], ["None","Ga3.10for_mIGH3",1142], ["None","Ga12HC.10_REV_CHI",27793], ["None","None",70155] ]
    },
    "Single_end": {
        "in": 0,
        "out": 0,
        "basepairs_in": 0,
        "basepairs_out": 0,
        "primerTrim": 0,
        "primerBpTrim": 0,
        "discarded": 0
    },
    "Paired_end": {
        "in": 100000,
        "out": 354,
        "discarded": 99646,
        "Read1": {
            "basepairs_in": 30000000,
            "basepairs_out": 94164,
            "primerTrim": 354,
            "primerBpTrim": 12036
        },
        "Read2": {
            "basepairs_in": 30000000,
            "basepairs_out": 96996,
            "primerTrim": 354,
            "primerBpTrim": 9204
        }
    }
  }, {
    "Program_details": {
        "program": "hts_NTrimmer",
        "version": "1.3.2",
        "options": {
            "append-stats-file": "/nmspipeline//01-Processing/TRIMMER0091_P80/01-PrimerTrim/05-SMARTindex_HC_primers.log",
            "exclude": true,
            "force": false,
            "notes": "",
            "uncompressed": false
        }
    },
    "Fragment": {
        "in": 354,
        "out": 354,
        "basepairs_in": 191160,
        "basepairs_out": 191160
    },
    "Single_end": {
        "in": 0,
        "out": 0,
        "basepairs_in": 0,
        "basepairs_out": 0,
        "rightTrim": 0,
        "leftTrim": 0,
        "discarded": 0
    },
    "Paired_end": {
        "in": 354,
        "out": 354,
        "discarded": 0,
        "Read1": {
            "basepairs_in": 94164,
            "basepairs_out": 94164,
            "leftTrim": 0,
            "rightTrim": 0
        },
        "Read2": {
            "basepairs_in": 96996,
            "basepairs_out": 96996,
            "leftTrim": 0,
            "rightTrim": 0
        }
    }
  }, {
    "Program_details": {
        "program": "hts_SeqScreener",
        "version": "1.3.2",
        "options": {
            "append-stats-file": "/nmspipeline//01-Processing/TRIMMER0091_P80/01-PrimerTrim/05-SMARTindex_HC_primers.log",
            "check-read-2": true,
            "force": false,
            "inverse": false,
            "kmer": 21,
            "notes": "",
            "percentage-hits": 0.01,
            "record": true,
            "seq": "../aberrant_LC.fasta",
            "uncompressed": false
        },
        "screen_info": {
            "screenBP": 96,
            "lookupKmers": 8
        }
    },
    "Fragment": {
        "in": 354,
        "out": 354,
        "basepairs_in": 191160,
        "basepairs_out": 191160
    },
    "Single_end": {
        "in": 0,
        "out": 0,
        "basepairs_in": 0,
        "basepairs_out": 0,
        "hits": 0
    },
    "Paired_end": {
        "in": 354,
        "out": 354,
        "hits": 0,
        "Read1": {
            "basepairs_in": 94164,
            "basepairs_out": 94164
        },
        "Read2": {
            "basepairs_in": 96996,
            "basepairs_out": 96996
        }
    }
  }, {
    "Program_details": {
        "program": "hts_QWindowTrim",
        "version": "1.3.2",
        "options": {
            "append-stats-file": "/nmspipeline//01-Processing/TRIMMER0091_P80/01-PrimerTrim/05-SMARTindex_HC_primers.log",
            "avg-qual-score": 10,
            "force": false,
            "no-left": true,
            "no-right": false,
            "notes": "",
            "qual-offset": 33,
            "uncompressed": false,
            "window-size": 10
        }
    },
    "Fragment": {
        "in": 354,
        "out": 354,
        "basepairs_in": 191160,
        "basepairs_out": 190389
    },
    "Single_end": {
        "in": 0,
        "out": 0,
        "basepairs_in": 0,
        "basepairs_out": 0,
        "rightTrim": 0,
        "leftTrim": 0
    },
    "Paired_end": {
        "in": 354,
        "out": 354,
        "Read1": {
            "basepairs_in": 94164,
            "basepairs_out": 93808,
            "leftTrim": 0,
            "rightTrim": 356
        },
        "Read2": {
            "basepairs_in": 96996,
            "basepairs_out": 96581,
            "leftTrim": 0,
            "rightTrim": 415
        }
    }
  }, {
    "Program_details": {
        "program": "hts_Overlapper",
        "version": "1.3.2",
        "options": {
            "append-stats-file": "/nmspipeline//01-Processing/TRIMMER0091_P80/01-PrimerTrim/05-SMARTindex_HC_primers.log",
            "check-lengths": 20,
            "force": false,
            "force-pairs": false,
            "kmer": 8,
            "kmer-offset": 1,
            "max-mismatch": 100,
            "max-mismatch-errorDensity": 0.25,
            "min-overlap": 8,
            "notes": "",
            "number-of-threads": 1,
            "uncompressed": false
        }
    },
    "Fragment": {
        "in": 354,
        "out": 354,
        "basepairs_in": 190389,
        "basepairs_out": 153689,
        "inserts": {
            "short": 37,
            "medium": 299,
            "long": 18
        },
        "overlap_histogram": [ [13,1], [14,1], [29,1], [32,1], [43,1], [57,1], [65,2], [67,1], [77,1], [78,1], [90,1], [96,1], [99,2], [117,1], [121,1], [126,1], [135,1], [141,1], [148,1], [166,1], [168,1], [169,2], [181,1], [199,1], [210,1], [211,1], [214,1], [219,1], [228,1], [229,1], [235,1], [244,1], [262,1], [263,1], [276,1], [304,1], [307,1], [312,1], [320,1], [325,1], [341,1], [388,1], [399,1], [421,1], [423,1], [440,1], [456,1], [458,1], [466,2], [467,35], [468,7], [469,187], [470,9], [471,35], [472,4], [473,2], [477,1], [493,1], [494,1], [496,1] ]
    },
    "Single_end": {
        "in": 0,
        "out": 336,
        "basepairs_in": 0,
        "basepairs_out": 144014
    },
    "Paired_end": {
        "in": 354,
        "out": 18,
        "Read1": {
            "basepairs_in": 93808,
            "basepairs_out": 4761
        },
        "Read2": {
            "basepairs_in": 96581,
            "basepairs_out": 4914
        }
    }
  }, {
    "Program_details": {
        "program": "hts_LengthFilter",
        "version": "1.3.2",
        "options": {
            "append-stats-file": "/nmspipeline//01-Processing/TRIMMER0091_P80/01-PrimerTrim/05-SMARTindex_HC_primers.log",
            "fastq-output": "/nmspipeline//01-Processing/TRIMMER0091_P80/01-PrimerTrim/05-SMARTindex_HC_primers",
            "force": true,
            "max-length": 0,
            "min-length": 385,
            "no-orphans": false,
            "notes": "",
            "stranded": false,
            "uncompressed": false
        }
    },
    "Fragment": {
        "in": 354,
        "out": 292,
        "basepairs_in": 153689,
        "basepairs_out": 136750
    },
    "Single_end": {
        "in": 336,
        "out": 292,
        "basepairs_in": 144014,
        "basepairs_out": 136750,
        "discarded": 44
    },
    "Paired_end": {
        "in": 18,
        "out": 0,
        "discarded": 18,
        "Read1": {
            "basepairs_in": 4761,
            "basepairs_out": 0,
            "discarded": 0
        },
        "Read2": {
            "basepairs_in": 4914,
            "basepairs_out": 0,
            "discarded": 0
        }
    }
  }
]
