[ {
    "Program_details": {
        "program": "hts_Primers",
        "version": "1.3.2",
        "options": {
            "flip": true,
            "float": 0,
            "force": false,
            "keep": false,
            "min_primer_matches": 2,
            "notes": "",
            "primer_end_mismatches": 0,
            "primer_mismatches": 0,
            "primers_3p": "../lc_primers.fasta",
            "primers_5p": "GTGTAGCAGTGGTATCAACGCAGAGTACATGGGG",
            "read1-input": [ "/nmspipeline//01-Processing/TRIMMER0091_P80/00-RawData/TRIMMER_Plate80_S2_L001_R1_001_sub.fastq.gz"],
            "read2-input": [ "/nmspipeline//01-Processing/TRIMMER0091_P80/00-RawData/TRIMMER_Plate80_S2_L001_R2_001_sub.fastq.gz"],
            "stats-file": "/nmspipeline//01-Processing/TRIMMER0091_P80/01-PrimerTrim/06-SMARTindex_LC_primers.log",
            "uncompressed": false
        },
        "primers": [ ["p5primer1","GTGTAGCAGTGGTATCAACGCAGAGTACATGGGG"], ["KaLC.6_REV_LC","GGATACAGTTGGTGCAGCATC"], ["LaLC.R-mIGL","ATCGTACACACCAGTGTGGC"], ["p5primer1","GTGTAGCAGTGGTATCAACGCAGAGTACATGGGG"], ["KaLC.6_REV_LC","GGATACAGTTGGTGCAGCATC"], ["LaLC.R-mIGL","ATCGTACACACCAGTGTGGC"] ]
    },
    "Fragment": {
        "in": 100000,
        "out": 583,
        "basepairs_in": 60000000,
        "basepairs_out": 317737,
        "flipped": 273,
        "primers_counts": [ ["p5primer1","LaLC.R-mIGL",2], ["None","LaLC.R-mIGL",602], ["p5primer1","None",175], ["p5primer1","KaLC.6_REV_LC",581], ["None","None",48291], ["None","KaLC.6_REV_LC",50349] ]
    },
    "Single_end": {
        "in": 0,
        "out": 0,
        "basepairs_in": 0,
        "basepairs_out": 0,
        "primerTrim": 0,
        "primerBpTrim": 0,
        "discarded": 0
    },
    "Paired_end": {
        "in": 100000,
        "out": 583,
        "discarded": 99417,
        "Read1": {
            "basepairs_in": 30000000,
            "basepairs_out": 155078,
            "primerTrim": 583,
            "primerBpTrim": 19822
        },
        "Read2": {
            "basepairs_in": 30000000,
            "basepairs_out": 162659,
            "primerTrim": 583,
            "primerBpTrim": 12241
        }
    }
  }, {
    "Program_details": {
        "program": "hts_NTrimmer",
        "version": "1.3.2",
        "options": {
            "append-stats-file": "/nmspipeline//01-Processing/TRIMMER0091_P80/01-PrimerTrim/06-SMARTindex_LC_primers.log",
            "exclude": true,
            "force": false,
            "notes": "",
            "uncompressed": false
        }
    },
    "Fragment": {
        "in": 583,
        "out": 583,
        "basepairs_in": 317737,
        "basepairs_out": 317737
    },
    "Single_end": {
        "in": 0,
        "out": 0,
        "basepairs_in": 0,
        "basepairs_out": 0,
        "rightTrim": 0,
        "leftTrim": 0,
        "discarded": 0
    },
    "Paired_end": {
        "in": 583,
        "out": 583,
        "discarded": 0,
        "Read1": {
            "basepairs_in": 155078,
            "basepairs_out": 155078,
            "leftTrim": 0,
            "rightTrim": 0
        },
        "Read2": {
            "basepairs_in": 162659,
            "basepairs_out": 162659,
            "leftTrim": 0,
            "rightTrim": 0
        }
    }
  }, {
    "Program_details": {
        "program": "hts_SeqScreener",
        "version": "1.3.2",
        "options": {
            "append-stats-file": "/nmspipeline//01-Processing/TRIMMER0091_P80/01-PrimerTrim/06-SMARTindex_LC_primers.log",
            "check-read-2": true,
            "force": false,
            "inverse": false,
            "kmer": 21,
            "notes": "",
            "percentage-hits": 0.01,
            "record": true,
            "seq": "../aberrant_LC.fasta",
            "uncompressed": false
        },
        "screen_info": {
            "screenBP": 96,
            "lookupKmers": 8
        }
    },
    "Fragment": {
        "in": 583,
        "out": 583,
        "basepairs_in": 317737,
        "basepairs_out": 317737
    },
    "Single_end": {
        "in": 0,
        "out": 0,
        "basepairs_in": 0,
        "basepairs_out": 0,
        "hits": 0
    },
    "Paired_end": {
        "in": 583,
        "out": 583,
        "hits": 111,
        "Read1": {
            "basepairs_in": 155078,
            "basepairs_out": 155078
        },
        "Read2": {
            "basepairs_in": 162659,
            "basepairs_out": 162659
        }
    }
  }, {
    "Program_details": {
        "program": "hts_QWindowTrim",
        "version": "1.3.2",
        "options": {
            "append-stats-file": "/nmspipeline//01-Processing/TRIMMER0091_P80/01-PrimerTrim/06-SMARTindex_LC_primers.log",
            "avg-qual-score": 10,
            "force": false,
            "no-left": true,
            "no-right": false,
            "notes": "",
            "qual-offset": 33,
            "uncompressed": false,
            "window-size": 10
        }
    },
    "Fragment": {
        "in": 583,
        "out": 583,
        "basepairs_in": 317737,
        "basepairs_out": 316324
    },
    "Single_end": {
        "in": 0,
        "out": 0,
        "basepairs_in": 0,
        "basepairs_out": 0,
        "rightTrim": 0,
        "leftTrim": 0
    },
    "Paired_end": {
        "in": 583,
        "out": 583,
        "Read1": {
            "basepairs_in": 155078,
            "basepairs_out": 154345,
            "leftTrim": 0,
            "rightTrim": 733
        },
        "Read2": {
            "basepairs_in": 162659,
            "basepairs_out": 161979,
            "leftTrim": 0,
            "rightTrim": 680
        }
    }
  }, {
    "Program_details": {
        "program": "hts_Overlapper",
        "version": "1.3.2",
        "options": {
            "append-stats-file": "/nmspipeline//01-Processing/TRIMMER0091_P80/01-PrimerTrim/06-SMARTindex_LC_primers.log",
            "check-lengths": 20,
            "force": false,
            "force-pairs": false,
            "kmer": 8,
            "kmer-offset": 1,
            "max-mismatch": 100,
            "max-mismatch-errorDensity": 0.25,
            "min-overlap": 8,
            "notes": "",
            "number-of-threads": 1,
            "uncompressed": false
        }
    },
    "Fragment": {
        "in": 583,
        "out": 583,
        "basepairs_in": 316324,
        "basepairs_out": 218505,
        "inserts": {
            "short": 85,
            "medium": 470,
            "long": 28
        },
        "overlap_histogram": [ [15,1], [29,3], [32,2], [39,2], [43,1], [49,1], [50,1], [64,1], [67,1], [69,1], [76,1], [83,1], [85,1], [93,3], [100,2], [101,3], [115,1], [116,1], [123,1], [127,1], [129,1], [132,1], [133,1], [137,1], [144,1], [152,1], [153,1], [154,1], [155,1], [157,2], [158,2], [162,1], [164,2], [165,1], [166,1], [176,1], [180,1], [182,1], [202,2], [213,1], [231,1], [236,1], [237,1], [239,1], [241,5], [242,5], [244,1], [248,1], [250,2], [251,1], [255,1], [258,1], [259,8], [260,1], [267,1], [268,1], [282,1], [285,1], [288,1], [292,1], [296,1], [298,3], [300,1], [327,2], [332,1], [334,1], [338,12], [339,4], [341,2], [342,3], [346,2], [350,49], [351,2], [352,3], [360,1], [361,1], [366,1], [367,2], [368,36], [370,5], [371,3], [373,13], [374,1], [375,2], [377,1], [390,1], [392,1], [395,1], [397,1], [398,3], [399,10], [400,3], [401,1], [402,5], [403,9], [408,1], [411,1], [413,1], [414,2], [415,1], [418,20], [419,2], [420,4], [421,6], [422,27], [423,19], [424,4], [425,13], [426,13], [427,49], [428,8], [430,1], [433,1], [436,3], [437,1], [438,1], [439,2], [440,6], [441,22], [442,1], [443,2], [444,14], [445,48], [446,3], [455,1], [462,1], [473,1] ]
    },
    "Single_end": {
        "in": 0,
        "out": 555,
        "basepairs_in": 0,
        "basepairs_out": 203338
    },
    "Paired_end": {
        "in": 583,
        "out": 28,
        "Read1": {
            "basepairs_in": 154345,
            "basepairs_out": 7392
        },
        "Read2": {
            "basepairs_in": 161979,
            "basepairs_out": 7775
        }
    }
  }, {
    "Program_details": {
        "program": "hts_LengthFilter",
        "version": "1.3.2",
        "options": {
            "append-stats-file": "/nmspipeline//01-Processing/TRIMMER0091_P80/01-PrimerTrim/06-SMARTindex_LC_primers.log",
            "fastq-output": "/nmspipeline//01-Processing/TRIMMER0091_P80/01-PrimerTrim/06-SMARTindex_LC_primers",
            "force": true,
            "max-length": 0,
            "min-length": 385,
            "no-orphans": false,
            "notes": "",
            "stranded": false,
            "uncompressed": false
        }
    },
    "Fragment": {
        "in": 583,
        "out": 314,
        "basepairs_in": 218505,
        "basepairs_out": 134310
    },
    "Single_end": {
        "in": 555,
        "out": 314,
        "basepairs_in": 203338,
        "basepairs_out": 134310,
        "discarded": 241
    },
    "Paired_end": {
        "in": 28,
        "out": 0,
        "discarded": 28,
        "Read1": {
            "basepairs_in": 7392,
            "basepairs_out": 0,
            "discarded": 0
        },
        "Read2": {
            "basepairs_in": 7775,
            "basepairs_out": 0,
            "discarded": 0
        }
    }
  }
]
