[ {
    "Program_details": {
        "program": "hts_Primers",
        "version": "1.3.2",
        "options": {
            "flip": true,
            "float": 0,
            "force": false,
            "keep": false,
            "min_primer_matches": 2,
            "notes": "",
            "primer_end_mismatches": 0,
            "primer_mismatches": 0,
            "primers_3p": "../hc_primers.fasta",
            "primers_5p": "GTGTAGCAGTGGTATCAACGCAGAGTACATGGGG",
            "read1-input": [ "/nmspipeline//01-Processing/TRIMMER0091_P80/00-RawData/TRIMMER_Plate80_S2_L001_R1_001_sub.fastq.gz"],
            "read2-input": [ "/nmspipeline//01-Processing/TRIMMER0091_P80/00-RawData/TRIMMER_Plate80_S2_L001_R2_001_sub.fastq.gz"],
            "stats-file": "/nmspipeline//01-Processing/TRIMMER0091_P80/01-PrimerTrim/06-SMARTindex_HC_primers.log",
            "uncompressed": false
        },
        "primers": [ ["p5primer1","GTGTAGCAGTGGTATCAACGCAGAGTACATGGGG"], ["Ga3.10for_mIGH3","GGATAGACAGATGGGGCTGTTGTTGT"], ["Ga12HC.10_REV_CHI","ATAGACAGATGGGGGTGTCGTTTTGG"], ["p5primer1","GTGTAGCAGTGGTATCAACGCAGAGTACATGGGG"], ["Ga3.10for_mIGH3","GGATAGACAGATGGGGCTGTTGTTGT"], ["Ga12HC.10_REV_CHI","ATAGACAGATGGGGGTGTCGTTTTGG"] ]
    },
    "Fragment": {
        "in": 100000,
        "out": 50,
        "basepairs_in": 60000000,
        "basepairs_out": 27000,
        "flipped": 25,
        "primers_counts": [ ["p5primer1","Ga12HC.10_REV_CHI",49], ["p5primer1","Ga3.10for_mIGH3",1], ["None","Ga3.10for_mIGH3",1141], ["p5primer1","None",708], ["None","Ga12HC.10_REV_CHI",28098], ["None","None",70003] ]
    },
    "Single_end": {
        "in": 0,
        "out": 0,
        "basepairs_in": 0,
        "basepairs_out": 0,
        "primerTrim": 0,
        "primerBpTrim": 0,
        "discarded": 0
    },
    "Paired_end": {
        "in": 100000,
        "out": 50,
        "discarded": 99950,
        "Read1": {
            "basepairs_in": 30000000,
            "basepairs_out": 13300,
            "primerTrim": 50,
            "primerBpTrim": 1700
        },
        "Read2": {
            "basepairs_in": 30000000,
            "basepairs_out": 13700,
            "primerTrim": 50,
            "primerBpTrim": 1300
        }
    }
  }, {
    "Program_details": {
        "program": "hts_NTrimmer",
        "version": "1.3.2",
        "options": {
            "append-stats-file": "/nmspipeline//01-Processing/TRIMMER0091_P80/01-PrimerTrim/06-SMARTindex_HC_primers.log",
            "exclude": true,
            "force": false,
            "notes": "",
            "uncompressed": false
        }
    },
    "Fragment": {
        "in": 50,
        "out": 50,
        "basepairs_in": 27000,
        "basepairs_out": 27000
    },
    "Single_end": {
        "in": 0,
        "out": 0,
        "basepairs_in": 0,
        "basepairs_out": 0,
        "rightTrim": 0,
        "leftTrim": 0,
        "discarded": 0
    },
    "Paired_end": {
        "in": 50,
        "out": 50,
        "discarded": 0,
        "Read1": {
            "basepairs_in": 13300,
            "basepairs_out": 13300,
            "leftTrim": 0,
            "rightTrim": 0
        },
        "Read2": {
            "basepairs_in": 13700,
            "basepairs_out": 13700,
            "leftTrim": 0,
            "rightTrim": 0
        }
    }
  }, {
    "Program_details": {
        "program": "hts_SeqScreener",
        "version": "1.3.2",
        "options": {
            "append-stats-file": "/nmspipeline//01-Processing/TRIMMER0091_P80/01-PrimerTrim/06-SMARTindex_HC_primers.log",
            "check-read-2": true,
            "force": false,
            "inverse": false,
            "kmer": 21,
            "notes": "",
            "percentage-hits": 0.01,
            "record": true,
            "seq": "../aberrant_LC.fasta",
            "uncompressed": false
        },
        "screen_info": {
            "screenBP": 96,
            "lookupKmers": 8
        }
    },
    "Fragment": {
        "in": 50,
        "out": 50,
        "basepairs_in": 27000,
        "basepairs_out": 27000
    },
    "Single_end": {
        "in": 0,
        "out": 0,
        "basepairs_in": 0,
        "basepairs_out": 0,
        "hits": 0
    },
    "Paired_end": {
        "in": 50,
        "out": 50,
        "hits": 0,
        "Read1": {
            "basepairs_in": 13300,
            "basepairs_out": 13300
        },
        "Read2": {
            "basepairs_in": 13700,
            "basepairs_out": 13700
        }
    }
  }, {
    "Program_details": {
        "program": "hts_QWindowTrim",
        "version": "1.3.2",
        "options": {
            "append-stats-file": "/nmspipeline//01-Processing/TRIMMER0091_P80/01-PrimerTrim/06-SMARTindex_HC_primers.log",
            "avg-qual-score": 10,
            "force": false,
            "no-left": true,
            "no-right": false,
            "notes": "",
            "qual-offset": 33,
            "uncompressed": false,
            "window-size": 10
        }
    },
    "Fragment": {
        "in": 50,
        "out": 50,
        "basepairs_in": 27000,
        "basepairs_out": 26765
    },
    "Single_end": {
        "in": 0,
        "out": 0,
        "basepairs_in": 0,
        "basepairs_out": 0,
        "rightTrim": 0,
        "leftTrim": 0
    },
    "Paired_end": {
        "in": 50,
        "out": 50,
        "Read1": {
            "basepairs_in": 13300,
            "basepairs_out": 13213,
            "leftTrim": 0,
            "rightTrim": 87
        },
        "Read2": {
            "basepairs_in": 13700,
            "basepairs_out": 13552,
            "leftTrim": 0,
            "rightTrim": 148
        }
    }
  }, {
    "Program_details": {
        "program": "hts_Overlapper",
        "version": "1.3.2",
        "options": {
            "append-stats-file": "/nmspipeline//01-Processing/TRIMMER0091_P80/01-PrimerTrim/06-SMARTindex_HC_primers.log",
            "check-lengths": 20,
            "force": false,
            "force-pairs": false,
            "kmer": 8,
            "kmer-offset": 1,
            "max-mismatch": 100,
            "max-mismatch-errorDensity": 0.25,
            "min-overlap": 8,
            "notes": "",
            "number-of-threads": 1,
            "uncompressed": false
        }
    },
    "Fragment": {
        "in": 50,
        "out": 50,
        "basepairs_in": 26765,
        "basepairs_out": 15393,
        "inserts": {
            "short": 21,
            "medium": 26,
            "long": 3
        },
        "overlap_histogram": [ [32,1], [60,1], [78,2], [90,1], [95,1], [102,1], [104,1], [114,1], [121,1], [139,1], [180,1], [181,1], [201,8], [325,2], [359,1], [394,1], [414,1], [422,1], [425,14], [426,2], [427,1], [439,1], [443,1], [446,1] ]
    },
    "Single_end": {
        "in": 0,
        "out": 47,
        "basepairs_in": 0,
        "basepairs_out": 13778
    },
    "Paired_end": {
        "in": 50,
        "out": 3,
        "Read1": {
            "basepairs_in": 13213,
            "basepairs_out": 797
        },
        "Read2": {
            "basepairs_in": 13552,
            "basepairs_out": 818
        }
    }
  }, {
    "Program_details": {
        "program": "hts_LengthFilter",
        "version": "1.3.2",
        "options": {
            "append-stats-file": "/nmspipeline//01-Processing/TRIMMER0091_P80/01-PrimerTrim/06-SMARTindex_HC_primers.log",
            "fastq-output": "/nmspipeline//01-Processing/TRIMMER0091_P80/01-PrimerTrim/06-SMARTindex_HC_primers",
            "force": true,
            "max-length": 0,
            "min-length": 385,
            "no-orphans": false,
            "notes": "",
            "stranded": false,
            "uncompressed": false
        }
    },
    "Fragment": {
        "in": 50,
        "out": 23,
        "basepairs_in": 15393,
        "basepairs_out": 9787
    },
    "Single_end": {
        "in": 47,
        "out": 23,
        "basepairs_in": 13778,
        "basepairs_out": 9787,
        "discarded": 24
    },
    "Paired_end": {
        "in": 3,
        "out": 0,
        "discarded": 3,
        "Read1": {
            "basepairs_in": 797,
            "basepairs_out": 0,
            "discarded": 0
        },
        "Read2": {
            "basepairs_in": 818,
            "basepairs_out": 0,
            "discarded": 0
        }
    }
  }
]
