[ {
    "Program_details": {
        "program": "hts_Primers",
        "version": "1.3.2",
        "options": {
            "flip": true,
            "float": 0,
            "force": false,
            "keep": false,
            "min_primer_matches": 2,
            "notes": "",
            "primer_end_mismatches": 0,
            "primer_mismatches": 0,
            "primers_3p": "../hc_primers.fasta",
            "primers_5p": "CTAGTCCAGTGGTATCAACGCAGAGTACATGGGG",
            "read1-input": [ "/nmspipeline//01-Processing/TRIMMER0091_P80/00-RawData/TRIMMER_Plate80_S2_L001_R1_001_sub.fastq.gz"],
            "read2-input": [ "/nmspipeline//01-Processing/TRIMMER0091_P80/00-RawData/TRIMMER_Plate80_S2_L001_R2_001_sub.fastq.gz"],
            "stats-file": "/nmspipeline//01-Processing/TRIMMER0091_P80/01-PrimerTrim/07-SMARTindex_HC_primers.log",
            "uncompressed": false
        },
        "primers": [ ["p5primer1","CTAGTCCAGTGGTATCAACGCAGAGTACATGGGG"], ["Ga3.10for_mIGH3","GGATAGACAGATGGGGCTGTTGTTGT"], ["Ga12HC.10_REV_CHI","ATAGACAGATGGGGGTGTCGTTTTGG"], ["p5primer1","CTAGTCCAGTGGTATCAACGCAGAGTACATGGGG"], ["Ga3.10for_mIGH3","GGATAGACAGATGGGGCTGTTGTTGT"], ["Ga12HC.10_REV_CHI","ATAGACAGATGGGGGTGTCGTTTTGG"] ]
    },
    "Fragment": {
        "in": 100000,
        "out": 199,
        "basepairs_in": 60000000,
        "basepairs_out": 107460,
        "flipped": 98,
        "primers_counts": [ ["p5primer1","Ga12HC.10_REV_CHI",165], ["p5primer1","Ga3.10for_mIGH3",34], ["None","Ga3.10for_mIGH3",1108], ["p5primer1","None",458], ["None","Ga12HC.10_REV_CHI",27982], ["None","None",70253] ]
    },
    "Single_end": {
        "in": 0,
        "out": 0,
        "basepairs_in": 0,
        "basepairs_out": 0,
        "primerTrim": 0,
        "primerBpTrim": 0,
        "discarded": 0
    },
    "Paired_end": {
        "in": 100000,
        "out": 199,
        "discarded": 99801,
        "Read1": {
            "basepairs_in": 30000000,
            "basepairs_out": 52934,
            "primerTrim": 199,
            "primerBpTrim": 6766
        },
        "Read2": {
            "basepairs_in": 30000000,
            "basepairs_out": 54526,
            "primerTrim": 199,
            "primerBpTrim": 5174
        }
    }
  }, {
    "Program_details": {
        "program": "hts_NTrimmer",
        "version": "1.3.2",
        "options": {
            "append-stats-file": "/nmspipeline//01-Processing/TRIMMER0091_P80/01-PrimerTrim/07-SMARTindex_HC_primers.log",
            "exclude": true,
            "force": false,
            "notes": "",
            "uncompressed": false
        }
    },
    "Fragment": {
        "in": 199,
        "out": 199,
        "basepairs_in": 107460,
        "basepairs_out": 107460
    },
    "Single_end": {
        "in": 0,
        "out": 0,
        "basepairs_in": 0,
        "basepairs_out": 0,
        "rightTrim": 0,
        "leftTrim": 0,
        "discarded": 0
    },
    "Paired_end": {
        "in": 199,
        "out": 199,
        "discarded": 0,
        "Read1": {
            "basepairs_in": 52934,
            "basepairs_out": 52934,
            "leftTrim": 0,
            "rightTrim": 0
        },
        "Read2": {
            "basepairs_in": 54526,
            "basepairs_out": 54526,
            "leftTrim": 0,
            "rightTrim": 0
        }
    }
  }, {
    "Program_details": {
        "program": "hts_SeqScreener",
        "version": "1.3.2",
        "options": {
            "append-stats-file": "/nmspipeline//01-Processing/TRIMMER0091_P80/01-PrimerTrim/07-SMARTindex_HC_primers.log",
            "check-read-2": true,
            "force": false,
            "inverse": false,
            "kmer": 21,
            "notes": "",
            "percentage-hits": 0.01,
            "record": true,
            "seq": "../aberrant_LC.fasta",
            "uncompressed": false
        },
        "screen_info": {
            "screenBP": 96,
            "lookupKmers": 8
        }
    },
    "Fragment": {
        "in": 199,
        "out": 199,
        "basepairs_in": 107460,
        "basepairs_out": 107460
    },
    "Single_end": {
        "in": 0,
        "out": 0,
        "basepairs_in": 0,
        "basepairs_out": 0,
        "hits": 0
    },
    "Paired_end": {
        "in": 199,
        "out": 199,
        "hits": 0,
        "Read1": {
            "basepairs_in": 52934,
            "basepairs_out": 52934
        },
        "Read2": {
            "basepairs_in": 54526,
            "basepairs_out": 54526
        }
    }
  }, {
    "Program_details": {
        "program": "hts_QWindowTrim",
        "version": "1.3.2",
        "options": {
            "append-stats-file": "/nmspipeline//01-Processing/TRIMMER0091_P80/01-PrimerTrim/07-SMARTindex_HC_primers.log",
            "avg-qual-score": 10,
            "force": false,
            "no-left": true,
            "no-right": false,
            "notes": "",
            "qual-offset": 33,
            "uncompressed": false,
            "window-size": 10
        }
    },
    "Fragment": {
        "in": 199,
        "out": 199,
        "basepairs_in": 107460,
        "basepairs_out": 106674
    },
    "Single_end": {
        "in": 0,
        "out": 0,
        "basepairs_in": 0,
        "basepairs_out": 0,
        "rightTrim": 0,
        "leftTrim": 0
    },
    "Paired_end": {
        "in": 199,
        "out": 199,
        "Read1": {
            "basepairs_in": 52934,
            "basepairs_out": 52557,
            "leftTrim": 0,
            "rightTrim": 377
        },
        "Read2": {
            "basepairs_in": 54526,
            "basepairs_out": 54117,
            "leftTrim": 0,
            "rightTrim": 409
        }
    }
  }, {
    "Program_details": {
        "program": "hts_Overlapper",
        "version": "1.3.2",
        "options": {
            "append-stats-file": "/nmspipeline//01-Processing/TRIMMER0091_P80/01-PrimerTrim/07-SMARTindex_HC_primers.log",
            "check-lengths": 20,
            "force": false,
            "force-pairs": false,
            "kmer": 8,
            "kmer-offset": 1,
            "max-mismatch": 100,
            "max-mismatch-errorDensity": 0.25,
            "min-overlap": 8,
            "notes": "",
            "number-of-threads": 1,
            "uncompressed": false
        }
    },
    "Fragment": {
        "in": 199,
        "out": 199,
        "basepairs_in": 106674,
        "basepairs_out": 77854,
        "inserts": {
            "short": 35,
            "medium": 140,
            "long": 24
        },
        "overlap_histogram": [ [15,1], [16,1], [18,1], [24,1], [25,3], [29,1], [32,1], [39,1], [43,1], [46,1], [47,1], [56,1], [64,1], [66,1], [83,1], [90,1], [91,1], [93,1], [112,1], [123,2], [125,1], [130,1], [142,2], [190,1], [206,1], [215,1], [216,1], [238,1], [248,1], [258,1], [273,1], [277,1], [299,1], [347,1], [352,1], [363,1], [364,1], [405,3], [413,1], [434,1], [439,6], [441,2], [442,64], [443,13], [444,22], [445,7], [446,11], [456,1], [464,1], [469,1], [470,1] ]
    },
    "Single_end": {
        "in": 0,
        "out": 175,
        "basepairs_in": 0,
        "basepairs_out": 64943
    },
    "Paired_end": {
        "in": 199,
        "out": 24,
        "Read1": {
            "basepairs_in": 52557,
            "basepairs_out": 6351
        },
        "Read2": {
            "basepairs_in": 54117,
            "basepairs_out": 6560
        }
    }
  }, {
    "Program_details": {
        "program": "hts_LengthFilter",
        "version": "1.3.2",
        "options": {
            "append-stats-file": "/nmspipeline//01-Processing/TRIMMER0091_P80/01-PrimerTrim/07-SMARTindex_HC_primers.log",
            "fastq-output": "/nmspipeline//01-Processing/TRIMMER0091_P80/01-PrimerTrim/07-SMARTindex_HC_primers",
            "force": true,
            "max-length": 0,
            "min-length": 385,
            "no-orphans": false,
            "notes": "",
            "stranded": false,
            "uncompressed": false
        }
    },
    "Fragment": {
        "in": 199,
        "out": 134,
        "basepairs_in": 77854,
        "basepairs_out": 59273
    },
    "Single_end": {
        "in": 175,
        "out": 134,
        "basepairs_in": 64943,
        "basepairs_out": 59273,
        "discarded": 41
    },
    "Paired_end": {
        "in": 24,
        "out": 0,
        "discarded": 24,
        "Read1": {
            "basepairs_in": 6351,
            "basepairs_out": 0,
            "discarded": 0
        },
        "Read2": {
            "basepairs_in": 6560,
            "basepairs_out": 0,
            "discarded": 0
        }
    }
  }
]
