[ {
    "Program_details": {
        "program": "hts_Primers",
        "version": "1.3.2",
        "options": {
            "flip": true,
            "float": 0,
            "force": false,
            "keep": false,
            "min_primer_matches": 2,
            "notes": "",
            "primer_end_mismatches": 0,
            "primer_mismatches": 0,
            "primers_3p": "../lc_primers.fasta",
            "primers_5p": "TGTGCACAGTGGTATCAACGCAGAGTACATGGGG",
            "read1-input": [ "/nmspipeline//01-Processing/TRIMMER0091_P80/00-RawData/TRIMMER_Plate80_S2_L001_R1_001_sub.fastq.gz"],
            "read2-input": [ "/nmspipeline//01-Processing/TRIMMER0091_P80/00-RawData/TRIMMER_Plate80_S2_L001_R2_001_sub.fastq.gz"],
            "stats-file": "/nmspipeline//01-Processing/TRIMMER0091_P80/01-PrimerTrim/08-SMARTindex_LC_primers.log",
            "uncompressed": false
        },
        "primers": [ ["p5primer1","TGTGCACAGTGGTATCAACGCAGAGTACATGGGG"], ["KaLC.6_REV_LC","GGATACAGTTGGTGCAGCATC"], ["LaLC.R-mIGL","ATCGTACACACCAGTGTGGC"], ["p5primer1","TGTGCACAGTGGTATCAACGCAGAGTACATGGGG"], ["KaLC.6_REV_LC","GGATACAGTTGGTGCAGCATC"], ["LaLC.R-mIGL","ATCGTACACACCAGTGTGGC"] ]
    },
    "Fragment": {
        "in": 100000,
        "out": 851,
        "basepairs_in": 60000000,
        "basepairs_out": 463803,
        "flipped": 352,
        "primers_counts": [ ["p5primer1","LaLC.R-mIGL",8], ["None","LaLC.R-mIGL",596], ["p5primer1","None",334], ["p5primer1","KaLC.6_REV_LC",843], ["None","None",48132], ["None","KaLC.6_REV_LC",50087] ]
    },
    "Single_end": {
        "in": 0,
        "out": 0,
        "basepairs_in": 0,
        "basepairs_out": 0,
        "primerTrim": 0,
        "primerBpTrim": 0,
        "discarded": 0
    },
    "Paired_end": {
        "in": 100000,
        "out": 851,
        "discarded": 99149,
        "Read1": {
            "basepairs_in": 30000000,
            "basepairs_out": 226366,
            "primerTrim": 851,
            "primerBpTrim": 28934
        },
        "Read2": {
            "basepairs_in": 30000000,
            "basepairs_out": 237437,
            "primerTrim": 851,
            "primerBpTrim": 17863
        }
    }
  }, {
    "Program_details": {
        "program": "hts_NTrimmer",
        "version": "1.3.2",
        "options": {
            "append-stats-file": "/nmspipeline//01-Processing/TRIMMER0091_P80/01-PrimerTrim/08-SMARTindex_LC_primers.log",
            "exclude": true,
            "force": false,
            "notes": "",
            "uncompressed": false
        }
    },
    "Fragment": {
        "in": 851,
        "out": 851,
        "basepairs_in": 463803,
        "basepairs_out": 463803
    },
    "Single_end": {
        "in": 0,
        "out": 0,
        "basepairs_in": 0,
        "basepairs_out": 0,
        "rightTrim": 0,
        "leftTrim": 0,
        "discarded": 0
    },
    "Paired_end": {
        "in": 851,
        "out": 851,
        "discarded": 0,
        "Read1": {
            "basepairs_in": 226366,
            "basepairs_out": 226366,
            "leftTrim": 0,
            "rightTrim": 0
        },
        "Read2": {
            "basepairs_in": 237437,
            "basepairs_out": 237437,
            "leftTrim": 0,
            "rightTrim": 0
        }
    }
  }, {
    "Program_details": {
        "program": "hts_SeqScreener",
        "version": "1.3.2",
        "options": {
            "append-stats-file": "/nmspipeline//01-Processing/TRIMMER0091_P80/01-PrimerTrim/08-SMARTindex_LC_primers.log",
            "check-read-2": true,
            "force": false,
            "inverse": false,
            "kmer": 21,
            "notes": "",
            "percentage-hits": 0.01,
            "record": true,
            "seq": "../aberrant_LC.fasta",
            "uncompressed": false
        },
        "screen_info": {
            "screenBP": 96,
            "lookupKmers": 8
        }
    },
    "Fragment": {
        "in": 851,
        "out": 851,
        "basepairs_in": 463803,
        "basepairs_out": 463803
    },
    "Single_end": {
        "in": 0,
        "out": 0,
        "basepairs_in": 0,
        "basepairs_out": 0,
        "hits": 0
    },
    "Paired_end": {
        "in": 851,
        "out": 851,
        "hits": 167,
        "Read1": {
            "basepairs_in": 226366,
            "basepairs_out": 226366
        },
        "Read2": {
            "basepairs_in": 237437,
            "basepairs_out": 237437
        }
    }
  }, {
    "Program_details": {
        "program": "hts_QWindowTrim",
        "version": "1.3.2",
        "options": {
            "append-stats-file": "/nmspipeline//01-Processing/TRIMMER0091_P80/01-PrimerTrim/08-SMARTindex_LC_primers.log",
            "avg-qual-score": 10,
            "force": false,
            "no-left": true,
            "no-right": false,
            "notes": "",
            "qual-offset": 33,
            "uncompressed": false,
            "window-size": 10
        }
    },
    "Fragment": {
        "in": 851,
        "out": 851,
        "basepairs_in": 463803,
        "basepairs_out": 461911
    },
    "Single_end": {
        "in": 0,
        "out": 0,
        "basepairs_in": 0,
        "basepairs_out": 0,
        "rightTrim": 0,
        "leftTrim": 0
    },
    "Paired_end": {
        "in": 851,
        "out": 851,
        "Read1": {
            "basepairs_in": 226366,
            "basepairs_out": 225682,
            "leftTrim": 0,
            "rightTrim": 684
        },
        "Read2": {
            "basepairs_in": 237437,
            "basepairs_out": 236229,
            "leftTrim": 0,
            "rightTrim": 1208
        }
    }
  }, {
    "Program_details": {
        "program": "hts_Overlapper",
        "version": "1.3.2",
        "options": {
            "append-stats-file": "/nmspipeline//01-Processing/TRIMMER0091_P80/01-PrimerTrim/08-SMARTindex_LC_primers.log",
            "check-lengths": 20,
            "force": false,
            "force-pairs": false,
            "kmer": 8,
            "kmer-offset": 1,
            "max-mismatch": 100,
            "max-mismatch-errorDensity": 0.25,
            "min-overlap": 8,
            "notes": "",
            "number-of-threads": 1,
            "uncompressed": false
        }
    },
    "Fragment": {
        "in": 851,
        "out": 851,
        "basepairs_in": 461911,
        "basepairs_out": 335287,
        "inserts": {
            "short": 63,
            "medium": 740,
            "long": 48
        },
        "overlap_histogram": [ [11,1], [18,1], [24,1], [26,1], [27,1], [29,1], [31,1], [32,1], [36,2], [39,1], [40,1], [47,1], [53,1], [56,1], [60,1], [62,1], [67,2], [70,1], [73,1], [75,1], [78,1], [83,1], [87,3], [89,3], [91,1], [93,1], [100,2], [102,1], [112,1], [113,1], [115,1], [116,1], [117,2], [121,1], [124,1], [125,1], [127,1], [131,1], [132,1], [137,1], [141,1], [154,1], [158,1], [177,1], [178,3], [179,1], [205,1], [209,2], [213,1], [231,1], [246,1], [263,1], [284,1], [288,1], [293,1], [294,1], [319,1], [320,1], [329,1], [353,1], [356,1], [375,1], [376,2], [379,1], [381,6], [382,1], [383,1], [384,2], [385,22], [386,124], [387,5], [388,1], [390,3], [395,1], [397,1], [398,2], [399,15], [408,1], [409,1], [412,8], [413,1], [414,5], [415,1], [416,39], [417,342], [418,63], [419,4], [420,5], [421,14], [422,16], [423,25], [425,2], [426,1], [428,1], [436,1], [439,2], [440,3], [441,2], [442,1], [444,3], [446,1], [448,1] ]
    },
    "Single_end": {
        "in": 0,
        "out": 803,
        "basepairs_in": 0,
        "basepairs_out": 309289
    },
    "Paired_end": {
        "in": 851,
        "out": 48,
        "Read1": {
            "basepairs_in": 225682,
            "basepairs_out": 12693
        },
        "Read2": {
            "basepairs_in": 236229,
            "basepairs_out": 13305
        }
    }
  }, {
    "Program_details": {
        "program": "hts_LengthFilter",
        "version": "1.3.2",
        "options": {
            "append-stats-file": "/nmspipeline//01-Processing/TRIMMER0091_P80/01-PrimerTrim/08-SMARTindex_LC_primers.log",
            "fastq-output": "/nmspipeline//01-Processing/TRIMMER0091_P80/01-PrimerTrim/08-SMARTindex_LC_primers",
            "force": true,
            "max-length": 0,
            "min-length": 385,
            "no-orphans": false,
            "notes": "",
            "stranded": false,
            "uncompressed": false
        }
    },
    "Fragment": {
        "in": 851,
        "out": 717,
        "basepairs_in": 335287,
        "basepairs_out": 294468
    },
    "Single_end": {
        "in": 803,
        "out": 717,
        "basepairs_in": 309289,
        "basepairs_out": 294468,
        "discarded": 86
    },
    "Paired_end": {
        "in": 48,
        "out": 0,
        "discarded": 48,
        "Read1": {
            "basepairs_in": 12693,
            "basepairs_out": 0,
            "discarded": 0
        },
        "Read2": {
            "basepairs_in": 13305,
            "basepairs_out": 0,
            "discarded": 0
        }
    }
  }
]
