[ {
    "Program_details": {
        "program": "hts_Primers",
        "version": "1.3.2",
        "options": {
            "flip": true,
            "float": 0,
            "force": false,
            "keep": false,
            "min_primer_matches": 2,
            "notes": "",
            "primer_end_mismatches": 0,
            "primer_mismatches": 0,
            "primers_3p": "../hc_primers.fasta",
            "primers_5p": "TGTGCACAGTGGTATCAACGCAGAGTACATGGGG",
            "read1-input": [ "/nmspipeline//01-Processing/TRIMMER0091_P80/00-RawData/TRIMMER_Plate80_S2_L001_R1_001_sub.fastq.gz"],
            "read2-input": [ "/nmspipeline//01-Processing/TRIMMER0091_P80/00-RawData/TRIMMER_Plate80_S2_L001_R2_001_sub.fastq.gz"],
            "stats-file": "/nmspipeline//01-Processing/TRIMMER0091_P80/01-PrimerTrim/08-SMARTindex_HC_primers.log",
            "uncompressed": false
        },
        "primers": [ ["p5primer1","TGTGCACAGTGGTATCAACGCAGAGTACATGGGG"], ["Ga3.10for_mIGH3","GGATAGACAGATGGGGCTGTTGTTGT"], ["Ga12HC.10_REV_CHI","ATAGACAGATGGGGGTGTCGTTTTGG"], ["p5primer1","TGTGCACAGTGGTATCAACGCAGAGTACATGGGG"], ["Ga3.10for_mIGH3","GGATAGACAGATGGGGCTGTTGTTGT"], ["Ga12HC.10_REV_CHI","ATAGACAGATGGGGGTGTCGTTTTGG"] ]
    },
    "Fragment": {
        "in": 100000,
        "out": 141,
        "basepairs_in": 60000000,
        "basepairs_out": 76140,
        "flipped": 73,
        "primers_counts": [ ["p5primer1","Ga12HC.10_REV_CHI",141], ["None","Ga3.10for_mIGH3",1142], ["p5primer1","None",1044], ["None","Ga12HC.10_REV_CHI",28006], ["None","None",69667] ]
    },
    "Single_end": {
        "in": 0,
        "out": 0,
        "basepairs_in": 0,
        "basepairs_out": 0,
        "primerTrim": 0,
        "primerBpTrim": 0,
        "discarded": 0
    },
    "Paired_end": {
        "in": 100000,
        "out": 141,
        "discarded": 99859,
        "Read1": {
            "basepairs_in": 30000000,
            "basepairs_out": 37506,
            "primerTrim": 141,
            "primerBpTrim": 4794
        },
        "Read2": {
            "basepairs_in": 30000000,
            "basepairs_out": 38634,
            "primerTrim": 141,
            "primerBpTrim": 3666
        }
    }
  }, {
    "Program_details": {
        "program": "hts_NTrimmer",
        "version": "1.3.2",
        "options": {
            "append-stats-file": "/nmspipeline//01-Processing/TRIMMER0091_P80/01-PrimerTrim/08-SMARTindex_HC_primers.log",
            "exclude": true,
            "force": false,
            "notes": "",
            "uncompressed": false
        }
    },
    "Fragment": {
        "in": 141,
        "out": 141,
        "basepairs_in": 76140,
        "basepairs_out": 76140
    },
    "Single_end": {
        "in": 0,
        "out": 0,
        "basepairs_in": 0,
        "basepairs_out": 0,
        "rightTrim": 0,
        "leftTrim": 0,
        "discarded": 0
    },
    "Paired_end": {
        "in": 141,
        "out": 141,
        "discarded": 0,
        "Read1": {
            "basepairs_in": 37506,
            "basepairs_out": 37506,
            "leftTrim": 0,
            "rightTrim": 0
        },
        "Read2": {
            "basepairs_in": 38634,
            "basepairs_out": 38634,
            "leftTrim": 0,
            "rightTrim": 0
        }
    }
  }, {
    "Program_details": {
        "program": "hts_SeqScreener",
        "version": "1.3.2",
        "options": {
            "append-stats-file": "/nmspipeline//01-Processing/TRIMMER0091_P80/01-PrimerTrim/08-SMARTindex_HC_primers.log",
            "check-read-2": true,
            "force": false,
            "inverse": false,
            "kmer": 21,
            "notes": "",
            "percentage-hits": 0.01,
            "record": true,
            "seq": "../aberrant_LC.fasta",
            "uncompressed": false
        },
        "screen_info": {
            "screenBP": 96,
            "lookupKmers": 8
        }
    },
    "Fragment": {
        "in": 141,
        "out": 141,
        "basepairs_in": 76140,
        "basepairs_out": 76140
    },
    "Single_end": {
        "in": 0,
        "out": 0,
        "basepairs_in": 0,
        "basepairs_out": 0,
        "hits": 0
    },
    "Paired_end": {
        "in": 141,
        "out": 141,
        "hits": 0,
        "Read1": {
            "basepairs_in": 37506,
            "basepairs_out": 37506
        },
        "Read2": {
            "basepairs_in": 38634,
            "basepairs_out": 38634
        }
    }
  }, {
    "Program_details": {
        "program": "hts_QWindowTrim",
        "version": "1.3.2",
        "options": {
            "append-stats-file": "/nmspipeline//01-Processing/TRIMMER0091_P80/01-PrimerTrim/08-SMARTindex_HC_primers.log",
            "avg-qual-score": 10,
            "force": false,
            "no-left": true,
            "no-right": false,
            "notes": "",
            "qual-offset": 33,
            "uncompressed": false,
            "window-size": 10
        }
    },
    "Fragment": {
        "in": 141,
        "out": 141,
        "basepairs_in": 76140,
        "basepairs_out": 75689
    },
    "Single_end": {
        "in": 0,
        "out": 0,
        "basepairs_in": 0,
        "basepairs_out": 0,
        "rightTrim": 0,
        "leftTrim": 0
    },
    "Paired_end": {
        "in": 141,
        "out": 141,
        "Read1": {
            "basepairs_in": 37506,
            "basepairs_out": 37200,
            "leftTrim": 0,
            "rightTrim": 306
        },
        "Read2": {
            "basepairs_in": 38634,
            "basepairs_out": 38489,
            "leftTrim": 0,
            "rightTrim": 145
        }
    }
  }, {
    "Program_details": {
        "program": "hts_Overlapper",
        "version": "1.3.2",
        "options": {
            "append-stats-file": "/nmspipeline//01-Processing/TRIMMER0091_P80/01-PrimerTrim/08-SMARTindex_HC_primers.log",
            "check-lengths": 20,
            "force": false,
            "force-pairs": false,
            "kmer": 8,
            "kmer-offset": 1,
            "max-mismatch": 100,
            "max-mismatch-errorDensity": 0.25,
            "min-overlap": 8,
            "notes": "",
            "number-of-threads": 1,
            "uncompressed": false
        }
    },
    "Fragment": {
        "in": 141,
        "out": 141,
        "basepairs_in": 75689,
        "basepairs_out": 52876,
        "inserts": {
            "short": 32,
            "medium": 103,
            "long": 6
        },
        "overlap_histogram": [ [19,1], [27,1], [31,1], [32,2], [38,1], [47,1], [53,1], [61,1], [63,1], [67,1], [68,3], [84,2], [87,1], [89,1], [91,1], [99,2], [117,1], [124,1], [139,1], [152,1], [154,1], [179,1], [185,1], [218,1], [222,2], [232,1], [284,1], [291,1], [292,1], [316,1], [424,2], [428,2], [434,2], [454,11], [456,2], [457,40], [458,4], [459,2], [460,3], [461,16], [462,11], [463,3], [468,1] ]
    },
    "Single_end": {
        "in": 0,
        "out": 135,
        "basepairs_in": 0,
        "basepairs_out": 49637
    },
    "Paired_end": {
        "in": 141,
        "out": 6,
        "Read1": {
            "basepairs_in": 37200,
            "basepairs_out": 1595
        },
        "Read2": {
            "basepairs_in": 38489,
            "basepairs_out": 1644
        }
    }
  }, {
    "Program_details": {
        "program": "hts_LengthFilter",
        "version": "1.3.2",
        "options": {
            "append-stats-file": "/nmspipeline//01-Processing/TRIMMER0091_P80/01-PrimerTrim/08-SMARTindex_HC_primers.log",
            "fastq-output": "/nmspipeline//01-Processing/TRIMMER0091_P80/01-PrimerTrim/08-SMARTindex_HC_primers",
            "force": true,
            "max-length": 0,
            "min-length": 385,
            "no-orphans": false,
            "notes": "",
            "stranded": false,
            "uncompressed": false
        }
    },
    "Fragment": {
        "in": 141,
        "out": 99,
        "basepairs_in": 52876,
        "basepairs_out": 45203
    },
    "Single_end": {
        "in": 135,
        "out": 99,
        "basepairs_in": 49637,
        "basepairs_out": 45203,
        "discarded": 36
    },
    "Paired_end": {
        "in": 6,
        "out": 0,
        "discarded": 6,
        "Read1": {
            "basepairs_in": 1595,
            "basepairs_out": 0,
            "discarded": 0
        },
        "Read2": {
            "basepairs_in": 1644,
            "basepairs_out": 0,
            "discarded": 0
        }
    }
  }
]
