[ {
    "Program_details": {
        "program": "hts_Primers",
        "version": "1.3.2",
        "options": {
            "flip": true,
            "float": 0,
            "force": false,
            "keep": false,
            "min_primer_matches": 2,
            "notes": "",
            "primer_end_mismatches": 0,
            "primer_mismatches": 0,
            "primers_3p": "../lc_primers.fasta",
            "primers_5p": "CGGTTAACAGTGGTATCAACGCAGAGTACATGGGG",
            "read1-input": [ "/nmspipeline//01-Processing/TRIMMER0091_P80/00-RawData/TRIMMER_Plate80_S2_L001_R1_001_sub.fastq.gz"],
            "read2-input": [ "/nmspipeline//01-Processing/TRIMMER0091_P80/00-RawData/TRIMMER_Plate80_S2_L001_R2_001_sub.fastq.gz"],
            "stats-file": "/nmspipeline//01-Processing/TRIMMER0091_P80/01-PrimerTrim/10-SMARTindex_LC_primers.log",
            "uncompressed": false
        },
        "primers": [ ["p5primer1","CGGTTAACAGTGGTATCAACGCAGAGTACATGGGG"], ["KaLC.6_REV_LC","GGATACAGTTGGTGCAGCATC"], ["LaLC.R-mIGL","ATCGTACACACCAGTGTGGC"], ["p5primer1","CGGTTAACAGTGGTATCAACGCAGAGTACATGGGG"], ["KaLC.6_REV_LC","GGATACAGTTGGTGCAGCATC"], ["LaLC.R-mIGL","ATCGTACACACCAGTGTGGC"] ]
    },
    "Fragment": {
        "in": 100000,
        "out": 86,
        "basepairs_in": 60000000,
        "basepairs_out": 46788,
        "flipped": 43,
        "primers_counts": [ ["p5primer1","LaLC.R-mIGL",4], ["p5primer1","KaLC.6_REV_LC",82], ["p5primer1","None",41], ["None","LaLC.R-mIGL",600], ["None","None",48425], ["None","KaLC.6_REV_LC",50848] ]
    },
    "Single_end": {
        "in": 0,
        "out": 0,
        "basepairs_in": 0,
        "basepairs_out": 0,
        "primerTrim": 0,
        "primerBpTrim": 0,
        "discarded": 0
    },
    "Paired_end": {
        "in": 100000,
        "out": 86,
        "discarded": 99914,
        "Read1": {
            "basepairs_in": 30000000,
            "basepairs_out": 22790,
            "primerTrim": 86,
            "primerBpTrim": 3010
        },
        "Read2": {
            "basepairs_in": 30000000,
            "basepairs_out": 23998,
            "primerTrim": 86,
            "primerBpTrim": 1802
        }
    }
  }, {
    "Program_details": {
        "program": "hts_NTrimmer",
        "version": "1.3.2",
        "options": {
            "append-stats-file": "/nmspipeline//01-Processing/TRIMMER0091_P80/01-PrimerTrim/10-SMARTindex_LC_primers.log",
            "exclude": true,
            "force": false,
            "notes": "",
            "uncompressed": false
        }
    },
    "Fragment": {
        "in": 86,
        "out": 86,
        "basepairs_in": 46788,
        "basepairs_out": 46788
    },
    "Single_end": {
        "in": 0,
        "out": 0,
        "basepairs_in": 0,
        "basepairs_out": 0,
        "rightTrim": 0,
        "leftTrim": 0,
        "discarded": 0
    },
    "Paired_end": {
        "in": 86,
        "out": 86,
        "discarded": 0,
        "Read1": {
            "basepairs_in": 22790,
            "basepairs_out": 22790,
            "leftTrim": 0,
            "rightTrim": 0
        },
        "Read2": {
            "basepairs_in": 23998,
            "basepairs_out": 23998,
            "leftTrim": 0,
            "rightTrim": 0
        }
    }
  }, {
    "Program_details": {
        "program": "hts_SeqScreener",
        "version": "1.3.2",
        "options": {
            "append-stats-file": "/nmspipeline//01-Processing/TRIMMER0091_P80/01-PrimerTrim/10-SMARTindex_LC_primers.log",
            "check-read-2": true,
            "force": false,
            "inverse": false,
            "kmer": 21,
            "notes": "",
            "percentage-hits": 0.01,
            "record": true,
            "seq": "../aberrant_LC.fasta",
            "uncompressed": false
        },
        "screen_info": {
            "screenBP": 96,
            "lookupKmers": 8
        }
    },
    "Fragment": {
        "in": 86,
        "out": 86,
        "basepairs_in": 46788,
        "basepairs_out": 46788
    },
    "Single_end": {
        "in": 0,
        "out": 0,
        "basepairs_in": 0,
        "basepairs_out": 0,
        "hits": 0
    },
    "Paired_end": {
        "in": 86,
        "out": 86,
        "hits": 67,
        "Read1": {
            "basepairs_in": 22790,
            "basepairs_out": 22790
        },
        "Read2": {
            "basepairs_in": 23998,
            "basepairs_out": 23998
        }
    }
  }, {
    "Program_details": {
        "program": "hts_QWindowTrim",
        "version": "1.3.2",
        "options": {
            "append-stats-file": "/nmspipeline//01-Processing/TRIMMER0091_P80/01-PrimerTrim/10-SMARTindex_LC_primers.log",
            "avg-qual-score": 10,
            "force": false,
            "no-left": true,
            "no-right": false,
            "notes": "",
            "qual-offset": 33,
            "uncompressed": false,
            "window-size": 10
        }
    },
    "Fragment": {
        "in": 86,
        "out": 86,
        "basepairs_in": 46788,
        "basepairs_out": 46678
    },
    "Single_end": {
        "in": 0,
        "out": 0,
        "basepairs_in": 0,
        "basepairs_out": 0,
        "rightTrim": 0,
        "leftTrim": 0
    },
    "Paired_end": {
        "in": 86,
        "out": 86,
        "Read1": {
            "basepairs_in": 22790,
            "basepairs_out": 22732,
            "leftTrim": 0,
            "rightTrim": 58
        },
        "Read2": {
            "basepairs_in": 23998,
            "basepairs_out": 23946,
            "leftTrim": 0,
            "rightTrim": 52
        }
    }
  }, {
    "Program_details": {
        "program": "hts_Overlapper",
        "version": "1.3.2",
        "options": {
            "append-stats-file": "/nmspipeline//01-Processing/TRIMMER0091_P80/01-PrimerTrim/10-SMARTindex_LC_primers.log",
            "check-lengths": 20,
            "force": false,
            "force-pairs": false,
            "kmer": 8,
            "kmer-offset": 1,
            "max-mismatch": 100,
            "max-mismatch-errorDensity": 0.25,
            "min-overlap": 8,
            "notes": "",
            "number-of-threads": 1,
            "uncompressed": false
        }
    },
    "Fragment": {
        "in": 86,
        "out": 86,
        "basepairs_in": 46678,
        "basepairs_out": 33683,
        "inserts": {
            "short": 10,
            "medium": 69,
            "long": 7
        },
        "overlap_histogram": [ [29,1], [31,1], [91,1], [111,1], [162,1], [185,1], [207,1], [219,2], [222,1], [298,1], [338,1], [339,1], [367,1], [370,1], [379,1], [396,2], [397,1], [398,2], [399,6], [403,1], [417,1], [418,19], [419,2], [420,2], [421,8], [422,6], [423,7], [440,3], [444,2], [451,1] ]
    },
    "Single_end": {
        "in": 0,
        "out": 79,
        "basepairs_in": 0,
        "basepairs_out": 29906
    },
    "Paired_end": {
        "in": 86,
        "out": 7,
        "Read1": {
            "basepairs_in": 22732,
            "basepairs_out": 1846
        },
        "Read2": {
            "basepairs_in": 23946,
            "basepairs_out": 1931
        }
    }
  }, {
    "Program_details": {
        "program": "hts_LengthFilter",
        "version": "1.3.2",
        "options": {
            "append-stats-file": "/nmspipeline//01-Processing/TRIMMER0091_P80/01-PrimerTrim/10-SMARTindex_LC_primers.log",
            "fastq-output": "/nmspipeline//01-Processing/TRIMMER0091_P80/01-PrimerTrim/10-SMARTindex_LC_primers",
            "force": true,
            "max-length": 0,
            "min-length": 385,
            "no-orphans": false,
            "notes": "",
            "stranded": false,
            "uncompressed": false
        }
    },
    "Fragment": {
        "in": 86,
        "out": 63,
        "basepairs_in": 33683,
        "basepairs_out": 26339
    },
    "Single_end": {
        "in": 79,
        "out": 63,
        "basepairs_in": 29906,
        "basepairs_out": 26339,
        "discarded": 16
    },
    "Paired_end": {
        "in": 7,
        "out": 0,
        "discarded": 7,
        "Read1": {
            "basepairs_in": 1846,
            "basepairs_out": 0,
            "discarded": 0
        },
        "Read2": {
            "basepairs_in": 1931,
            "basepairs_out": 0,
            "discarded": 0
        }
    }
  }
]
