[ {
    "Program_details": {
        "program": "hts_Primers",
        "version": "1.3.2",
        "options": {
            "flip": true,
            "float": 0,
            "force": false,
            "keep": false,
            "min_primer_matches": 2,
            "notes": "",
            "primer_end_mismatches": 0,
            "primer_mismatches": 0,
            "primers_3p": "../hc_primers.fasta",
            "primers_5p": "CGGTTAACAGTGGTATCAACGCAGAGTACATGGGG",
            "read1-input": [ "/nmspipeline/01-Processing/TRIMMER0091_P80/00-RawData/TRIMMER_Plate80_S2_L001_R1_001_sub.fastq.gz"],
            "read2-input": [ "/nmspipeline/01-Processing/TRIMMER0091_P80/00-RawData/TRIMMER_Plate80_S2_L001_R2_001_sub.fastq.gz"],
            "stats-file": "/nmspipeline/01-Processing/TRIMMER0091_P80/01-PrimerTrim/10-SMARTindex_HC_primers.log",
            "uncompressed": false
        },
        "primers": [ ["p5primer1","CGGTTAACAGTGGTATCAACGCAGAGTACATGGGG"], ["Ga3.10for_mIGH3","GGATAGACAGATGGGGCTGTTGTTGT"], ["Ga12HC.10_REV_CHI","ATAGACAGATGGGGGTGTCGTTTTGG"], ["p5primer1","CGGTTAACAGTGGTATCAACGCAGAGTACATGGGG"], ["Ga3.10for_mIGH3","GGATAGACAGATGGGGCTGTTGTTGT"], ["Ga12HC.10_REV_CHI","ATAGACAGATGGGGGTGTCGTTTTGG"] ]
    },
    "Fragment": {
        "in": 100000,
        "out": 9,
        "basepairs_in": 60000000,
        "basepairs_out": 4851,
        "flipped": 3,
        "primers_counts": [ ["p5primer1","Ga12HC.10_REV_CHI",7], ["p5primer1","None",118], ["p5primer1","Ga3.10for_mIGH3",2], ["None","Ga3.10for_mIGH3",1140], ["None","Ga12HC.10_REV_CHI",28140], ["None","None",70593] ]
    },
    "Single_end": {
        "in": 0,
        "out": 0,
        "basepairs_in": 0,
        "basepairs_out": 0,
        "primerTrim": 0,
        "primerBpTrim": 0,
        "discarded": 0
    },
    "Paired_end": {
        "in": 100000,
        "out": 9,
        "discarded": 99991,
        "Read1": {
            "basepairs_in": 30000000,
            "basepairs_out": 2385,
            "primerTrim": 9,
            "primerBpTrim": 315
        },
        "Read2": {
            "basepairs_in": 30000000,
            "basepairs_out": 2466,
            "primerTrim": 9,
            "primerBpTrim": 234
        }
    }
  }, {
    "Program_details": {
        "program": "hts_NTrimmer",
        "version": "1.3.2",
        "options": {
            "append-stats-file": "/nmspipeline/01-Processing/TRIMMER0091_P80/01-PrimerTrim/10-SMARTindex_HC_primers.log",
            "exclude": true,
            "force": false,
            "notes": "",
            "uncompressed": false
        }
    },
    "Fragment": {
        "in": 9,
        "out": 9,
        "basepairs_in": 4851,
        "basepairs_out": 4851
    },
    "Single_end": {
        "in": 0,
        "out": 0,
        "basepairs_in": 0,
        "basepairs_out": 0,
        "rightTrim": 0,
        "leftTrim": 0,
        "discarded": 0
    },
    "Paired_end": {
        "in": 9,
        "out": 9,
        "discarded": 0,
        "Read1": {
            "basepairs_in": 2385,
            "basepairs_out": 2385,
            "leftTrim": 0,
            "rightTrim": 0
        },
        "Read2": {
            "basepairs_in": 2466,
            "basepairs_out": 2466,
            "leftTrim": 0,
            "rightTrim": 0
        }
    }
  }, {
    "Program_details": {
        "program": "hts_SeqScreener",
        "version": "1.3.2",
        "options": {
            "append-stats-file": "/nmspipeline/01-Processing/TRIMMER0091_P80/01-PrimerTrim/10-SMARTindex_HC_primers.log",
            "check-read-2": true,
            "force": false,
            "inverse": false,
            "kmer": 21,
            "notes": "",
            "percentage-hits": 0.01,
            "record": true,
            "seq": "../aberrant_LC.fasta",
            "uncompressed": false
        },
        "screen_info": {
            "screenBP": 96,
            "lookupKmers": 8
        }
    },
    "Fragment": {
        "in": 9,
        "out": 9,
        "basepairs_in": 4851,
        "basepairs_out": 4851
    },
    "Single_end": {
        "in": 0,
        "out": 0,
        "basepairs_in": 0,
        "basepairs_out": 0,
        "hits": 0
    },
    "Paired_end": {
        "in": 9,
        "out": 9,
        "hits": 0,
        "Read1": {
            "basepairs_in": 2385,
            "basepairs_out": 2385
        },
        "Read2": {
            "basepairs_in": 2466,
            "basepairs_out": 2466
        }
    }
  }, {
    "Program_details": {
        "program": "hts_QWindowTrim",
        "version": "1.3.2",
        "options": {
            "append-stats-file": "/nmspipeline/01-Processing/TRIMMER0091_P80/01-PrimerTrim/10-SMARTindex_HC_primers.log",
            "avg-qual-score": 10,
            "force": false,
            "no-left": true,
            "no-right": false,
            "notes": "",
            "qual-offset": 33,
            "uncompressed": false,
            "window-size": 10
        }
    },
    "Fragment": {
        "in": 9,
        "out": 9,
        "basepairs_in": 4851,
        "basepairs_out": 4794
    },
    "Single_end": {
        "in": 0,
        "out": 0,
        "basepairs_in": 0,
        "basepairs_out": 0,
        "rightTrim": 0,
        "leftTrim": 0
    },
    "Paired_end": {
        "in": 9,
        "out": 9,
        "Read1": {
            "basepairs_in": 2385,
            "basepairs_out": 2345,
            "leftTrim": 0,
            "rightTrim": 40
        },
        "Read2": {
            "basepairs_in": 2466,
            "basepairs_out": 2449,
            "leftTrim": 0,
            "rightTrim": 17
        }
    }
  }, {
    "Program_details": {
        "program": "hts_Overlapper",
        "version": "1.3.2",
        "options": {
            "append-stats-file": "/nmspipeline/01-Processing/TRIMMER0091_P80/01-PrimerTrim/10-SMARTindex_HC_primers.log",
            "check-lengths": 20,
            "force": false,
            "force-pairs": false,
            "kmer": 8,
            "kmer-offset": 1,
            "max-mismatch": 100,
            "max-mismatch-errorDensity": 0.25,
            "min-overlap": 8,
            "notes": "",
            "number-of-threads": 1,
            "uncompressed": false
        }
    },
    "Fragment": {
        "in": 9,
        "out": 9,
        "basepairs_in": 4794,
        "basepairs_out": 1783,
        "inserts": {
            "short": 7,
            "medium": 2,
            "long": 0
        },
        "overlap_histogram": [ [16,1], [27,1], [178,1], [209,1], [211,1], [252,1], [255,1], [314,1], [321,1] ]
    },
    "Single_end": {
        "in": 0,
        "out": 9,
        "basepairs_in": 0,
        "basepairs_out": 1783
    },
    "Paired_end": {
        "in": 9,
        "out": 0,
        "Read1": {
            "basepairs_in": 2345,
            "basepairs_out": 0
        },
        "Read2": {
            "basepairs_in": 2449,
            "basepairs_out": 0
        }
    }
  }, {
    "Program_details": {
        "program": "hts_LengthFilter",
        "version": "1.3.2",
        "options": {
            "append-stats-file": "/nmspipeline/01-Processing/TRIMMER0091_P80/01-PrimerTrim/10-SMARTindex_HC_primers.log",
            "fastq-output": "/nmspipeline/01-Processing/TRIMMER0091_P80/01-PrimerTrim/10-SMARTindex_HC_primers",
            "force": true,
            "max-length": 0,
            "min-length": 385,
            "no-orphans": false,
            "notes": "",
            "stranded": false,
            "uncompressed": false
        }
    },
    "Fragment": {
        "in": 9,
        "out": 0,
        "basepairs_in": 1783,
        "basepairs_out": 0
    },
    "Single_end": {
        "in": 9,
        "out": 0,
        "basepairs_in": 1783,
        "basepairs_out": 0,
        "discarded": 9
    },
    "Paired_end": {
        "in": 0,
        "out": 0,
        "discarded": 0,
        "Read1": {
            "basepairs_in": 0,
            "basepairs_out": 0,
            "discarded": 0
        },
        "Read2": {
            "basepairs_in": 0,
            "basepairs_out": 0,
            "discarded": 0
        }
    }
  }
]
