[ {
    "Program_details": {
        "program": "hts_Primers",
        "version": "1.3.2",
        "options": {
            "flip": true,
            "float": 0,
            "force": false,
            "keep": false,
            "min_primer_matches": 2,
            "notes": "",
            "primer_end_mismatches": 0,
            "primer_mismatches": 0,
            "primers_3p": "../hc_primers.fasta",
            "primers_5p": "TTAACTACAGTGGTATCAACGCAGAGTACATGGGG",
            "read1-input": [ "/nmspipeline//01-Processing/TRIMMER0091_P80/00-RawData/TRIMMER_Plate80_S2_L001_R1_001_sub.fastq.gz"],
            "read2-input": [ "/nmspipeline//01-Processing/TRIMMER0091_P80/00-RawData/TRIMMER_Plate80_S2_L001_R2_001_sub.fastq.gz"],
            "stats-file": "/nmspipeline//01-Processing/TRIMMER0091_P80/01-PrimerTrim/11-SMARTindex_HC_primers.log",
            "uncompressed": false
        },
        "primers": [ ["p5primer1","TTAACTACAGTGGTATCAACGCAGAGTACATGGGG"], ["Ga3.10for_mIGH3","GGATAGACAGATGGGGCTGTTGTTGT"], ["Ga12HC.10_REV_CHI","ATAGACAGATGGGGGTGTCGTTTTGG"], ["p5primer1","TTAACTACAGTGGTATCAACGCAGAGTACATGGGG"], ["Ga3.10for_mIGH3","GGATAGACAGATGGGGCTGTTGTTGT"], ["Ga12HC.10_REV_CHI","ATAGACAGATGGGGGTGTCGTTTTGG"] ]
    },
    "Fragment": {
        "in": 100000,
        "out": 572,
        "basepairs_in": 60000000,
        "basepairs_out": 308308,
        "flipped": 272,
        "primers_counts": [ ["p5primer1","Ga3.10for_mIGH3",6], ["None","Ga3.10for_mIGH3",1136], ["p5primer1","Ga12HC.10_REV_CHI",566], ["p5primer1","None",569], ["None","Ga12HC.10_REV_CHI",27581], ["None","None",70142] ]
    },
    "Single_end": {
        "in": 0,
        "out": 0,
        "basepairs_in": 0,
        "basepairs_out": 0,
        "primerTrim": 0,
        "primerBpTrim": 0,
        "discarded": 0
    },
    "Paired_end": {
        "in": 100000,
        "out": 572,
        "discarded": 99428,
        "Read1": {
            "basepairs_in": 30000000,
            "basepairs_out": 151580,
            "primerTrim": 572,
            "primerBpTrim": 20020
        },
        "Read2": {
            "basepairs_in": 30000000,
            "basepairs_out": 156728,
            "primerTrim": 572,
            "primerBpTrim": 14872
        }
    }
  }, {
    "Program_details": {
        "program": "hts_NTrimmer",
        "version": "1.3.2",
        "options": {
            "append-stats-file": "/nmspipeline//01-Processing/TRIMMER0091_P80/01-PrimerTrim/11-SMARTindex_HC_primers.log",
            "exclude": true,
            "force": false,
            "notes": "",
            "uncompressed": false
        }
    },
    "Fragment": {
        "in": 572,
        "out": 572,
        "basepairs_in": 308308,
        "basepairs_out": 308308
    },
    "Single_end": {
        "in": 0,
        "out": 0,
        "basepairs_in": 0,
        "basepairs_out": 0,
        "rightTrim": 0,
        "leftTrim": 0,
        "discarded": 0
    },
    "Paired_end": {
        "in": 572,
        "out": 572,
        "discarded": 0,
        "Read1": {
            "basepairs_in": 151580,
            "basepairs_out": 151580,
            "leftTrim": 0,
            "rightTrim": 0
        },
        "Read2": {
            "basepairs_in": 156728,
            "basepairs_out": 156728,
            "leftTrim": 0,
            "rightTrim": 0
        }
    }
  }, {
    "Program_details": {
        "program": "hts_SeqScreener",
        "version": "1.3.2",
        "options": {
            "append-stats-file": "/nmspipeline//01-Processing/TRIMMER0091_P80/01-PrimerTrim/11-SMARTindex_HC_primers.log",
            "check-read-2": true,
            "force": false,
            "inverse": false,
            "kmer": 21,
            "notes": "",
            "percentage-hits": 0.01,
            "record": true,
            "seq": "../aberrant_LC.fasta",
            "uncompressed": false
        },
        "screen_info": {
            "screenBP": 96,
            "lookupKmers": 8
        }
    },
    "Fragment": {
        "in": 572,
        "out": 572,
        "basepairs_in": 308308,
        "basepairs_out": 308308
    },
    "Single_end": {
        "in": 0,
        "out": 0,
        "basepairs_in": 0,
        "basepairs_out": 0,
        "hits": 0
    },
    "Paired_end": {
        "in": 572,
        "out": 572,
        "hits": 0,
        "Read1": {
            "basepairs_in": 151580,
            "basepairs_out": 151580
        },
        "Read2": {
            "basepairs_in": 156728,
            "basepairs_out": 156728
        }
    }
  }, {
    "Program_details": {
        "program": "hts_QWindowTrim",
        "version": "1.3.2",
        "options": {
            "append-stats-file": "/nmspipeline//01-Processing/TRIMMER0091_P80/01-PrimerTrim/11-SMARTindex_HC_primers.log",
            "avg-qual-score": 10,
            "force": false,
            "no-left": true,
            "no-right": false,
            "notes": "",
            "qual-offset": 33,
            "uncompressed": false,
            "window-size": 10
        }
    },
    "Fragment": {
        "in": 572,
        "out": 572,
        "basepairs_in": 308308,
        "basepairs_out": 307226
    },
    "Single_end": {
        "in": 0,
        "out": 0,
        "basepairs_in": 0,
        "basepairs_out": 0,
        "rightTrim": 0,
        "leftTrim": 0
    },
    "Paired_end": {
        "in": 572,
        "out": 572,
        "Read1": {
            "basepairs_in": 151580,
            "basepairs_out": 151006,
            "leftTrim": 0,
            "rightTrim": 574
        },
        "Read2": {
            "basepairs_in": 156728,
            "basepairs_out": 156220,
            "leftTrim": 0,
            "rightTrim": 508
        }
    }
  }, {
    "Program_details": {
        "program": "hts_Overlapper",
        "version": "1.3.2",
        "options": {
            "append-stats-file": "/nmspipeline//01-Processing/TRIMMER0091_P80/01-PrimerTrim/11-SMARTindex_HC_primers.log",
            "check-lengths": 20,
            "force": false,
            "force-pairs": false,
            "kmer": 8,
            "kmer-offset": 1,
            "max-mismatch": 100,
            "max-mismatch-errorDensity": 0.25,
            "min-overlap": 8,
            "notes": "",
            "number-of-threads": 1,
            "uncompressed": false
        }
    },
    "Fragment": {
        "in": 572,
        "out": 572,
        "basepairs_in": 307226,
        "basepairs_out": 244320,
        "inserts": {
            "short": 26,
            "medium": 498,
            "long": 48
        },
        "overlap_histogram": [ [13,1], [22,1], [24,1], [27,4], [30,1], [41,1], [67,1], [69,1], [123,1], [125,1], [133,1], [146,1], [154,1], [164,1], [166,1], [183,1], [207,2], [235,1], [241,1], [246,1], [262,1], [272,1], [283,1], [294,1], [301,1], [309,1], [354,1], [369,1], [415,1], [419,33], [420,4], [425,1], [426,20], [427,22], [428,65], [429,2], [433,1], [434,12], [435,9], [436,58], [437,209], [438,24], [439,3], [440,15], [446,3], [447,1], [449,1], [452,1], [456,2], [460,1], [462,1], [465,2], [468,1] ]
    },
    "Single_end": {
        "in": 0,
        "out": 524,
        "basepairs_in": 0,
        "basepairs_out": 218611
    },
    "Paired_end": {
        "in": 572,
        "out": 48,
        "Read1": {
            "basepairs_in": 151006,
            "basepairs_out": 12621
        },
        "Read2": {
            "basepairs_in": 156220,
            "basepairs_out": 13088
        }
    }
  }, {
    "Program_details": {
        "program": "hts_LengthFilter",
        "version": "1.3.2",
        "options": {
            "append-stats-file": "/nmspipeline//01-Processing/TRIMMER0091_P80/01-PrimerTrim/11-SMARTindex_HC_primers.log",
            "fastq-output": "/nmspipeline//01-Processing/TRIMMER0091_P80/01-PrimerTrim/11-SMARTindex_HC_primers",
            "force": true,
            "max-length": 0,
            "min-length": 385,
            "no-orphans": false,
            "notes": "",
            "stranded": false,
            "uncompressed": false
        }
    },
    "Fragment": {
        "in": 572,
        "out": 492,
        "basepairs_in": 244320,
        "basepairs_out": 213463
    },
    "Single_end": {
        "in": 524,
        "out": 492,
        "basepairs_in": 218611,
        "basepairs_out": 213463,
        "discarded": 32
    },
    "Paired_end": {
        "in": 48,
        "out": 0,
        "discarded": 48,
        "Read1": {
            "basepairs_in": 12621,
            "basepairs_out": 0,
            "discarded": 0
        },
        "Read2": {
            "basepairs_in": 13088,
            "basepairs_out": 0,
            "discarded": 0
        }
    }
  }
]
