[ {
    "Program_details": {
        "program": "hts_Primers",
        "version": "1.3.2",
        "options": {
            "flip": true,
            "float": 0,
            "force": false,
            "keep": false,
            "min_primer_matches": 2,
            "notes": "",
            "primer_end_mismatches": 0,
            "primer_mismatches": 0,
            "primers_3p": "../lc_primers.fasta",
            "primers_5p": "TTAACTACAGTGGTATCAACGCAGAGTACATGGGG",
            "read1-input": [ "/nmspipeline//01-Processing/TRIMMER0091_P80/00-RawData/TRIMMER_Plate80_S2_L001_R1_001_sub.fastq.gz"],
            "read2-input": [ "/nmspipeline//01-Processing/TRIMMER0091_P80/00-RawData/TRIMMER_Plate80_S2_L001_R2_001_sub.fastq.gz"],
            "stats-file": "/nmspipeline//01-Processing/TRIMMER0091_P80/01-PrimerTrim/11-SMARTindex_LC_primers.log",
            "uncompressed": false
        },
        "primers": [ ["p5primer1","TTAACTACAGTGGTATCAACGCAGAGTACATGGGG"], ["KaLC.6_REV_LC","GGATACAGTTGGTGCAGCATC"], ["LaLC.R-mIGL","ATCGTACACACCAGTGTGGC"], ["p5primer1","TTAACTACAGTGGTATCAACGCAGAGTACATGGGG"], ["KaLC.6_REV_LC","GGATACAGTTGGTGCAGCATC"], ["LaLC.R-mIGL","ATCGTACACACCAGTGTGGC"] ]
    },
    "Fragment": {
        "in": 100000,
        "out": 405,
        "basepairs_in": 60000000,
        "basepairs_out": 220320,
        "flipped": 157,
        "primers_counts": [ ["None","LaLC.R-mIGL",604], ["p5primer1","KaLC.6_REV_LC",405], ["p5primer1","None",736], ["None","None",47730], ["None","KaLC.6_REV_LC",50525] ]
    },
    "Single_end": {
        "in": 0,
        "out": 0,
        "basepairs_in": 0,
        "basepairs_out": 0,
        "primerTrim": 0,
        "primerBpTrim": 0,
        "discarded": 0
    },
    "Paired_end": {
        "in": 100000,
        "out": 405,
        "discarded": 99595,
        "Read1": {
            "basepairs_in": 30000000,
            "basepairs_out": 107325,
            "primerTrim": 405,
            "primerBpTrim": 14175
        },
        "Read2": {
            "basepairs_in": 30000000,
            "basepairs_out": 112995,
            "primerTrim": 405,
            "primerBpTrim": 8505
        }
    }
  }, {
    "Program_details": {
        "program": "hts_NTrimmer",
        "version": "1.3.2",
        "options": {
            "append-stats-file": "/nmspipeline//01-Processing/TRIMMER0091_P80/01-PrimerTrim/11-SMARTindex_LC_primers.log",
            "exclude": true,
            "force": false,
            "notes": "",
            "uncompressed": false
        }
    },
    "Fragment": {
        "in": 405,
        "out": 405,
        "basepairs_in": 220320,
        "basepairs_out": 220320
    },
    "Single_end": {
        "in": 0,
        "out": 0,
        "basepairs_in": 0,
        "basepairs_out": 0,
        "rightTrim": 0,
        "leftTrim": 0,
        "discarded": 0
    },
    "Paired_end": {
        "in": 405,
        "out": 405,
        "discarded": 0,
        "Read1": {
            "basepairs_in": 107325,
            "basepairs_out": 107325,
            "leftTrim": 0,
            "rightTrim": 0
        },
        "Read2": {
            "basepairs_in": 112995,
            "basepairs_out": 112995,
            "leftTrim": 0,
            "rightTrim": 0
        }
    }
  }, {
    "Program_details": {
        "program": "hts_SeqScreener",
        "version": "1.3.2",
        "options": {
            "append-stats-file": "/nmspipeline//01-Processing/TRIMMER0091_P80/01-PrimerTrim/11-SMARTindex_LC_primers.log",
            "check-read-2": true,
            "force": false,
            "inverse": false,
            "kmer": 21,
            "notes": "",
            "percentage-hits": 0.01,
            "record": true,
            "seq": "../aberrant_LC.fasta",
            "uncompressed": false
        },
        "screen_info": {
            "screenBP": 96,
            "lookupKmers": 8
        }
    },
    "Fragment": {
        "in": 405,
        "out": 405,
        "basepairs_in": 220320,
        "basepairs_out": 220320
    },
    "Single_end": {
        "in": 0,
        "out": 0,
        "basepairs_in": 0,
        "basepairs_out": 0,
        "hits": 0
    },
    "Paired_end": {
        "in": 405,
        "out": 405,
        "hits": 58,
        "Read1": {
            "basepairs_in": 107325,
            "basepairs_out": 107325
        },
        "Read2": {
            "basepairs_in": 112995,
            "basepairs_out": 112995
        }
    }
  }, {
    "Program_details": {
        "program": "hts_QWindowTrim",
        "version": "1.3.2",
        "options": {
            "append-stats-file": "/nmspipeline//01-Processing/TRIMMER0091_P80/01-PrimerTrim/11-SMARTindex_LC_primers.log",
            "avg-qual-score": 10,
            "force": false,
            "no-left": true,
            "no-right": false,
            "notes": "",
            "qual-offset": 33,
            "uncompressed": false,
            "window-size": 10
        }
    },
    "Fragment": {
        "in": 405,
        "out": 405,
        "basepairs_in": 220320,
        "basepairs_out": 219766
    },
    "Single_end": {
        "in": 0,
        "out": 0,
        "basepairs_in": 0,
        "basepairs_out": 0,
        "rightTrim": 0,
        "leftTrim": 0
    },
    "Paired_end": {
        "in": 405,
        "out": 405,
        "Read1": {
            "basepairs_in": 107325,
            "basepairs_out": 107115,
            "leftTrim": 0,
            "rightTrim": 210
        },
        "Read2": {
            "basepairs_in": 112995,
            "basepairs_out": 112651,
            "leftTrim": 0,
            "rightTrim": 344
        }
    }
  }, {
    "Program_details": {
        "program": "hts_Overlapper",
        "version": "1.3.2",
        "options": {
            "append-stats-file": "/nmspipeline//01-Processing/TRIMMER0091_P80/01-PrimerTrim/11-SMARTindex_LC_primers.log",
            "check-lengths": 20,
            "force": false,
            "force-pairs": false,
            "kmer": 8,
            "kmer-offset": 1,
            "max-mismatch": 100,
            "max-mismatch-errorDensity": 0.25,
            "min-overlap": 8,
            "notes": "",
            "number-of-threads": 1,
            "uncompressed": false
        }
    },
    "Fragment": {
        "in": 405,
        "out": 405,
        "basepairs_in": 219766,
        "basepairs_out": 168536,
        "inserts": {
            "short": 24,
            "medium": 367,
            "long": 14
        },
        "overlap_histogram": [ [14,1], [26,2], [29,1], [36,1], [39,1], [47,1], [92,1], [93,1], [97,2], [98,1], [124,1], [130,1], [131,1], [140,1], [153,1], [176,1], [219,1], [225,1], [237,1], [244,1], [251,1], [274,1], [296,1], [318,1], [354,1], [363,1], [398,1], [399,8], [413,1], [415,1], [418,18], [419,1], [420,1], [421,4], [422,6], [423,6], [424,1], [429,1], [430,13], [431,54], [432,11], [433,8], [434,207], [435,7], [437,1], [439,1], [440,5], [442,2], [445,1], [448,1], [449,1], [456,1], [513,1] ]
    },
    "Single_end": {
        "in": 0,
        "out": 391,
        "basepairs_in": 0,
        "basepairs_out": 160951
    },
    "Paired_end": {
        "in": 405,
        "out": 14,
        "Read1": {
            "basepairs_in": 107115,
            "basepairs_out": 3699
        },
        "Read2": {
            "basepairs_in": 112651,
            "basepairs_out": 3886
        }
    }
  }, {
    "Program_details": {
        "program": "hts_LengthFilter",
        "version": "1.3.2",
        "options": {
            "append-stats-file": "/nmspipeline//01-Processing/TRIMMER0091_P80/01-PrimerTrim/11-SMARTindex_LC_primers.log",
            "fastq-output": "/nmspipeline//01-Processing/TRIMMER0091_P80/01-PrimerTrim/11-SMARTindex_LC_primers",
            "force": true,
            "max-length": 0,
            "min-length": 385,
            "no-orphans": false,
            "notes": "",
            "stranded": false,
            "uncompressed": false
        }
    },
    "Fragment": {
        "in": 405,
        "out": 363,
        "basepairs_in": 168536,
        "basepairs_out": 156622
    },
    "Single_end": {
        "in": 391,
        "out": 363,
        "basepairs_in": 160951,
        "basepairs_out": 156622,
        "discarded": 28
    },
    "Paired_end": {
        "in": 14,
        "out": 0,
        "discarded": 14,
        "Read1": {
            "basepairs_in": 3699,
            "basepairs_out": 0,
            "discarded": 0
        },
        "Read2": {
            "basepairs_in": 3886,
            "basepairs_out": 0,
            "discarded": 0
        }
    }
  }
]
