[ {
    "Program_details": {
        "program": "hts_Primers",
        "version": "1.3.2",
        "options": {
            "flip": true,
            "float": 0,
            "force": false,
            "keep": false,
            "min_primer_matches": 2,
            "notes": "",
            "primer_end_mismatches": 0,
            "primer_mismatches": 0,
            "primers_3p": "../hc_primers.fasta",
            "primers_5p": "ATGAACACAGTGGTATCAACGCAGAGTACATGGGG",
            "read1-input": [ "/nmspipeline//01-Processing/TRIMMER0091_P80/00-RawData/TRIMMER_Plate80_S2_L001_R1_001_sub.fastq.gz"],
            "read2-input": [ "/nmspipeline//01-Processing/TRIMMER0091_P80/00-RawData/TRIMMER_Plate80_S2_L001_R2_001_sub.fastq.gz"],
            "stats-file": "/nmspipeline//01-Processing/TRIMMER0091_P80/01-PrimerTrim/12-SMARTindex_HC_primers.log",
            "uncompressed": false
        },
        "primers": [ ["p5primer1","ATGAACACAGTGGTATCAACGCAGAGTACATGGGG"], ["Ga3.10for_mIGH3","GGATAGACAGATGGGGCTGTTGTTGT"], ["Ga12HC.10_REV_CHI","ATAGACAGATGGGGGTGTCGTTTTGG"], ["p5primer1","ATGAACACAGTGGTATCAACGCAGAGTACATGGGG"], ["Ga3.10for_mIGH3","GGATAGACAGATGGGGCTGTTGTTGT"], ["Ga12HC.10_REV_CHI","ATAGACAGATGGGGGTGTCGTTTTGG"] ]
    },
    "Fragment": {
        "in": 100000,
        "out": 161,
        "basepairs_in": 60000000,
        "basepairs_out": 86779,
        "flipped": 76,
        "primers_counts": [ ["p5primer1","None",406], ["p5primer1","Ga12HC.10_REV_CHI",161], ["None","Ga3.10for_mIGH3",1142], ["None","Ga12HC.10_REV_CHI",27986], ["None","None",70305] ]
    },
    "Single_end": {
        "in": 0,
        "out": 0,
        "basepairs_in": 0,
        "basepairs_out": 0,
        "primerTrim": 0,
        "primerBpTrim": 0,
        "discarded": 0
    },
    "Paired_end": {
        "in": 100000,
        "out": 161,
        "discarded": 99839,
        "Read1": {
            "basepairs_in": 30000000,
            "basepairs_out": 42665,
            "primerTrim": 161,
            "primerBpTrim": 5635
        },
        "Read2": {
            "basepairs_in": 30000000,
            "basepairs_out": 44114,
            "primerTrim": 161,
            "primerBpTrim": 4186
        }
    }
  }, {
    "Program_details": {
        "program": "hts_NTrimmer",
        "version": "1.3.2",
        "options": {
            "append-stats-file": "/nmspipeline//01-Processing/TRIMMER0091_P80/01-PrimerTrim/12-SMARTindex_HC_primers.log",
            "exclude": true,
            "force": false,
            "notes": "",
            "uncompressed": false
        }
    },
    "Fragment": {
        "in": 161,
        "out": 161,
        "basepairs_in": 86779,
        "basepairs_out": 86779
    },
    "Single_end": {
        "in": 0,
        "out": 0,
        "basepairs_in": 0,
        "basepairs_out": 0,
        "rightTrim": 0,
        "leftTrim": 0,
        "discarded": 0
    },
    "Paired_end": {
        "in": 161,
        "out": 161,
        "discarded": 0,
        "Read1": {
            "basepairs_in": 42665,
            "basepairs_out": 42665,
            "leftTrim": 0,
            "rightTrim": 0
        },
        "Read2": {
            "basepairs_in": 44114,
            "basepairs_out": 44114,
            "leftTrim": 0,
            "rightTrim": 0
        }
    }
  }, {
    "Program_details": {
        "program": "hts_SeqScreener",
        "version": "1.3.2",
        "options": {
            "append-stats-file": "/nmspipeline//01-Processing/TRIMMER0091_P80/01-PrimerTrim/12-SMARTindex_HC_primers.log",
            "check-read-2": true,
            "force": false,
            "inverse": false,
            "kmer": 21,
            "notes": "",
            "percentage-hits": 0.01,
            "record": true,
            "seq": "../aberrant_LC.fasta",
            "uncompressed": false
        },
        "screen_info": {
            "screenBP": 96,
            "lookupKmers": 8
        }
    },
    "Fragment": {
        "in": 161,
        "out": 161,
        "basepairs_in": 86779,
        "basepairs_out": 86779
    },
    "Single_end": {
        "in": 0,
        "out": 0,
        "basepairs_in": 0,
        "basepairs_out": 0,
        "hits": 0
    },
    "Paired_end": {
        "in": 161,
        "out": 161,
        "hits": 0,
        "Read1": {
            "basepairs_in": 42665,
            "basepairs_out": 42665
        },
        "Read2": {
            "basepairs_in": 44114,
            "basepairs_out": 44114
        }
    }
  }, {
    "Program_details": {
        "program": "hts_QWindowTrim",
        "version": "1.3.2",
        "options": {
            "append-stats-file": "/nmspipeline//01-Processing/TRIMMER0091_P80/01-PrimerTrim/12-SMARTindex_HC_primers.log",
            "avg-qual-score": 10,
            "force": false,
            "no-left": true,
            "no-right": false,
            "notes": "",
            "qual-offset": 33,
            "uncompressed": false,
            "window-size": 10
        }
    },
    "Fragment": {
        "in": 161,
        "out": 161,
        "basepairs_in": 86779,
        "basepairs_out": 86399
    },
    "Single_end": {
        "in": 0,
        "out": 0,
        "basepairs_in": 0,
        "basepairs_out": 0,
        "rightTrim": 0,
        "leftTrim": 0
    },
    "Paired_end": {
        "in": 161,
        "out": 161,
        "Read1": {
            "basepairs_in": 42665,
            "basepairs_out": 42499,
            "leftTrim": 0,
            "rightTrim": 166
        },
        "Read2": {
            "basepairs_in": 44114,
            "basepairs_out": 43900,
            "leftTrim": 0,
            "rightTrim": 214
        }
    }
  }, {
    "Program_details": {
        "program": "hts_Overlapper",
        "version": "1.3.2",
        "options": {
            "append-stats-file": "/nmspipeline//01-Processing/TRIMMER0091_P80/01-PrimerTrim/12-SMARTindex_HC_primers.log",
            "check-lengths": 20,
            "force": false,
            "force-pairs": false,
            "kmer": 8,
            "kmer-offset": 1,
            "max-mismatch": 100,
            "max-mismatch-errorDensity": 0.25,
            "min-overlap": 8,
            "notes": "",
            "number-of-threads": 1,
            "uncompressed": false
        }
    },
    "Fragment": {
        "in": 161,
        "out": 161,
        "basepairs_in": 86399,
        "basepairs_out": 71294,
        "inserts": {
            "short": 20,
            "medium": 119,
            "long": 22
        },
        "overlap_histogram": [ [9,1], [27,2], [29,1], [35,1], [44,2], [47,1], [52,1], [58,1], [62,1], [68,1], [97,1], [116,1], [119,1], [125,2], [159,1], [231,1], [232,1], [285,2], [315,1], [371,1], [372,1], [412,1], [435,1], [465,1], [489,1], [490,1], [492,7], [493,13], [494,58], [495,5], [496,22], [497,3], [498,1] ]
    },
    "Single_end": {
        "in": 0,
        "out": 139,
        "basepairs_in": 0,
        "basepairs_out": 59506
    },
    "Paired_end": {
        "in": 161,
        "out": 22,
        "Read1": {
            "basepairs_in": 42499,
            "basepairs_out": 5802
        },
        "Read2": {
            "basepairs_in": 43900,
            "basepairs_out": 5986
        }
    }
  }, {
    "Program_details": {
        "program": "hts_LengthFilter",
        "version": "1.3.2",
        "options": {
            "append-stats-file": "/nmspipeline//01-Processing/TRIMMER0091_P80/01-PrimerTrim/12-SMARTindex_HC_primers.log",
            "fastq-output": "/nmspipeline//01-Processing/TRIMMER0091_P80/01-PrimerTrim/12-SMARTindex_HC_primers",
            "force": true,
            "max-length": 0,
            "min-length": 385,
            "no-orphans": false,
            "notes": "",
            "stranded": false,
            "uncompressed": false
        }
    },
    "Fragment": {
        "in": 161,
        "out": 114,
        "basepairs_in": 71294,
        "basepairs_out": 56172
    },
    "Single_end": {
        "in": 139,
        "out": 114,
        "basepairs_in": 59506,
        "basepairs_out": 56172,
        "discarded": 25
    },
    "Paired_end": {
        "in": 22,
        "out": 0,
        "discarded": 22,
        "Read1": {
            "basepairs_in": 5802,
            "basepairs_out": 0,
            "discarded": 0
        },
        "Read2": {
            "basepairs_in": 5986,
            "basepairs_out": 0,
            "discarded": 0
        }
    }
  }
]
