[ {
    "Program_details": {
        "program": "hts_Primers",
        "version": "1.3.2",
        "options": {
            "flip": true,
            "float": 0,
            "force": false,
            "keep": false,
            "min_primer_matches": 2,
            "notes": "",
            "primer_end_mismatches": 0,
            "primer_mismatches": 0,
            "primers_3p": "../lc_primers.fasta",
            "primers_5p": "ATGAACACAGTGGTATCAACGCAGAGTACATGGGG",
            "read1-input": [ "/nmspipeline//01-Processing/TRIMMER0091_P80/00-RawData/TRIMMER_Plate80_S2_L001_R1_001_sub.fastq.gz"],
            "read2-input": [ "/nmspipeline//01-Processing/TRIMMER0091_P80/00-RawData/TRIMMER_Plate80_S2_L001_R2_001_sub.fastq.gz"],
            "stats-file": "/nmspipeline//01-Processing/TRIMMER0091_P80/01-PrimerTrim/12-SMARTindex_LC_primers.log",
            "uncompressed": false
        },
        "primers": [ ["p5primer1","ATGAACACAGTGGTATCAACGCAGAGTACATGGGG"], ["KaLC.6_REV_LC","GGATACAGTTGGTGCAGCATC"], ["LaLC.R-mIGL","ATCGTACACACCAGTGTGGC"], ["p5primer1","ATGAACACAGTGGTATCAACGCAGAGTACATGGGG"], ["KaLC.6_REV_LC","GGATACAGTTGGTGCAGCATC"], ["LaLC.R-mIGL","ATCGTACACACCAGTGTGGC"] ]
    },
    "Fragment": {
        "in": 100000,
        "out": 313,
        "basepairs_in": 60000000,
        "basepairs_out": 170272,
        "flipped": 130,
        "primers_counts": [ ["p5primer1","KaLC.6_REV_LC",313], ["p5primer1","None",254], ["None","LaLC.R-mIGL",604], ["None","None",48212], ["None","KaLC.6_REV_LC",50617] ]
    },
    "Single_end": {
        "in": 0,
        "out": 0,
        "basepairs_in": 0,
        "basepairs_out": 0,
        "primerTrim": 0,
        "primerBpTrim": 0,
        "discarded": 0
    },
    "Paired_end": {
        "in": 100000,
        "out": 313,
        "discarded": 99687,
        "Read1": {
            "basepairs_in": 30000000,
            "basepairs_out": 82945,
            "primerTrim": 313,
            "primerBpTrim": 10955
        },
        "Read2": {
            "basepairs_in": 30000000,
            "basepairs_out": 87327,
            "primerTrim": 313,
            "primerBpTrim": 6573
        }
    }
  }, {
    "Program_details": {
        "program": "hts_NTrimmer",
        "version": "1.3.2",
        "options": {
            "append-stats-file": "/nmspipeline//01-Processing/TRIMMER0091_P80/01-PrimerTrim/12-SMARTindex_LC_primers.log",
            "exclude": true,
            "force": false,
            "notes": "",
            "uncompressed": false
        }
    },
    "Fragment": {
        "in": 313,
        "out": 313,
        "basepairs_in": 170272,
        "basepairs_out": 170272
    },
    "Single_end": {
        "in": 0,
        "out": 0,
        "basepairs_in": 0,
        "basepairs_out": 0,
        "rightTrim": 0,
        "leftTrim": 0,
        "discarded": 0
    },
    "Paired_end": {
        "in": 313,
        "out": 313,
        "discarded": 0,
        "Read1": {
            "basepairs_in": 82945,
            "basepairs_out": 82945,
            "leftTrim": 0,
            "rightTrim": 0
        },
        "Read2": {
            "basepairs_in": 87327,
            "basepairs_out": 87327,
            "leftTrim": 0,
            "rightTrim": 0
        }
    }
  }, {
    "Program_details": {
        "program": "hts_SeqScreener",
        "version": "1.3.2",
        "options": {
            "append-stats-file": "/nmspipeline//01-Processing/TRIMMER0091_P80/01-PrimerTrim/12-SMARTindex_LC_primers.log",
            "check-read-2": true,
            "force": false,
            "inverse": false,
            "kmer": 21,
            "notes": "",
            "percentage-hits": 0.01,
            "record": true,
            "seq": "../aberrant_LC.fasta",
            "uncompressed": false
        },
        "screen_info": {
            "screenBP": 96,
            "lookupKmers": 8
        }
    },
    "Fragment": {
        "in": 313,
        "out": 313,
        "basepairs_in": 170272,
        "basepairs_out": 170272
    },
    "Single_end": {
        "in": 0,
        "out": 0,
        "basepairs_in": 0,
        "basepairs_out": 0,
        "hits": 0
    },
    "Paired_end": {
        "in": 313,
        "out": 313,
        "hits": 76,
        "Read1": {
            "basepairs_in": 82945,
            "basepairs_out": 82945
        },
        "Read2": {
            "basepairs_in": 87327,
            "basepairs_out": 87327
        }
    }
  }, {
    "Program_details": {
        "program": "hts_QWindowTrim",
        "version": "1.3.2",
        "options": {
            "append-stats-file": "/nmspipeline//01-Processing/TRIMMER0091_P80/01-PrimerTrim/12-SMARTindex_LC_primers.log",
            "avg-qual-score": 10,
            "force": false,
            "no-left": true,
            "no-right": false,
            "notes": "",
            "qual-offset": 33,
            "uncompressed": false,
            "window-size": 10
        }
    },
    "Fragment": {
        "in": 313,
        "out": 313,
        "basepairs_in": 170272,
        "basepairs_out": 169404
    },
    "Single_end": {
        "in": 0,
        "out": 0,
        "basepairs_in": 0,
        "basepairs_out": 0,
        "rightTrim": 0,
        "leftTrim": 0
    },
    "Paired_end": {
        "in": 313,
        "out": 313,
        "Read1": {
            "basepairs_in": 82945,
            "basepairs_out": 82562,
            "leftTrim": 0,
            "rightTrim": 383
        },
        "Read2": {
            "basepairs_in": 87327,
            "basepairs_out": 86842,
            "leftTrim": 0,
            "rightTrim": 485
        }
    }
  }, {
    "Program_details": {
        "program": "hts_Overlapper",
        "version": "1.3.2",
        "options": {
            "append-stats-file": "/nmspipeline//01-Processing/TRIMMER0091_P80/01-PrimerTrim/12-SMARTindex_LC_primers.log",
            "check-lengths": 20,
            "force": false,
            "force-pairs": false,
            "kmer": 8,
            "kmer-offset": 1,
            "max-mismatch": 100,
            "max-mismatch-errorDensity": 0.25,
            "min-overlap": 8,
            "notes": "",
            "number-of-threads": 1,
            "uncompressed": false
        }
    },
    "Fragment": {
        "in": 313,
        "out": 313,
        "basepairs_in": 169404,
        "basepairs_out": 125299,
        "inserts": {
            "short": 32,
            "medium": 249,
            "long": 32
        },
        "overlap_histogram": [ [15,1], [32,1], [36,2], [38,1], [40,1], [52,2], [57,2], [61,1], [82,1], [86,1], [91,2], [101,1], [113,2], [120,1], [122,1], [134,1], [154,1], [155,1], [157,1], [179,1], [201,1], [202,1], [209,1], [225,1], [229,1], [233,1], [254,1], [288,1], [335,1], [356,1], [365,4], [383,1], [393,1], [396,1], [397,2], [398,2], [399,3], [416,1], [417,1], [418,45], [419,2], [420,12], [421,13], [422,124], [423,19], [425,4], [439,1], [440,6], [442,2], [444,1], [447,1] ]
    },
    "Single_end": {
        "in": 0,
        "out": 281,
        "basepairs_in": 0,
        "basepairs_out": 108038
    },
    "Paired_end": {
        "in": 313,
        "out": 32,
        "Read1": {
            "basepairs_in": 82562,
            "basepairs_out": 8402
        },
        "Read2": {
            "basepairs_in": 86842,
            "basepairs_out": 8859
        }
    }
  }, {
    "Program_details": {
        "program": "hts_LengthFilter",
        "version": "1.3.2",
        "options": {
            "append-stats-file": "/nmspipeline//01-Processing/TRIMMER0091_P80/01-PrimerTrim/12-SMARTindex_LC_primers.log",
            "fastq-output": "/nmspipeline//01-Processing/TRIMMER0091_P80/01-PrimerTrim/12-SMARTindex_LC_primers",
            "force": true,
            "max-length": 0,
            "min-length": 385,
            "no-orphans": false,
            "notes": "",
            "stranded": false,
            "uncompressed": false
        }
    },
    "Fragment": {
        "in": 313,
        "out": 241,
        "basepairs_in": 125299,
        "basepairs_out": 101489
    },
    "Single_end": {
        "in": 281,
        "out": 241,
        "basepairs_in": 108038,
        "basepairs_out": 101489,
        "discarded": 40
    },
    "Paired_end": {
        "in": 32,
        "out": 0,
        "discarded": 32,
        "Read1": {
            "basepairs_in": 8402,
            "basepairs_out": 0,
            "discarded": 0
        },
        "Read2": {
            "basepairs_in": 8859,
            "basepairs_out": 0,
            "discarded": 0
        }
    }
  }
]
