[ {
    "Program_details": {
        "program": "hts_Primers",
        "version": "1.3.2",
        "options": {
            "flip": true,
            "float": 0,
            "force": false,
            "keep": false,
            "min_primer_matches": 2,
            "notes": "",
            "primer_end_mismatches": 0,
            "primer_mismatches": 0,
            "primers_3p": "../lc_primers.fasta",
            "primers_5p": "CCTAAGACAGTGGTATCAACGCAGAGTACATGGGG",
            "read1-input": [ "/nmspipeline//01-Processing/TRIMMER0091_P80/00-RawData/TRIMMER_Plate80_S2_L001_R1_001_sub.fastq.gz"],
            "read2-input": [ "/nmspipeline//01-Processing/TRIMMER0091_P80/00-RawData/TRIMMER_Plate80_S2_L001_R2_001_sub.fastq.gz"],
            "stats-file": "/nmspipeline//01-Processing/TRIMMER0091_P80/01-PrimerTrim/13-SMARTindex_LC_primers.log",
            "uncompressed": false
        },
        "primers": [ ["p5primer1","CCTAAGACAGTGGTATCAACGCAGAGTACATGGGG"], ["KaLC.6_REV_LC","GGATACAGTTGGTGCAGCATC"], ["LaLC.R-mIGL","ATCGTACACACCAGTGTGGC"], ["p5primer1","CCTAAGACAGTGGTATCAACGCAGAGTACATGGGG"], ["KaLC.6_REV_LC","GGATACAGTTGGTGCAGCATC"], ["LaLC.R-mIGL","ATCGTACACACCAGTGTGGC"] ]
    },
    "Fragment": {
        "in": 100000,
        "out": 541,
        "basepairs_in": 60000000,
        "basepairs_out": 294317,
        "flipped": 226,
        "primers_counts": [ ["p5primer1","LaLC.R-mIGL",13], ["p5primer1","KaLC.6_REV_LC",528], ["p5primer1","None",547], ["None","LaLC.R-mIGL",591], ["None","None",47919], ["None","KaLC.6_REV_LC",50402] ]
    },
    "Single_end": {
        "in": 0,
        "out": 0,
        "basepairs_in": 0,
        "basepairs_out": 0,
        "primerTrim": 0,
        "primerBpTrim": 0,
        "discarded": 0
    },
    "Paired_end": {
        "in": 100000,
        "out": 541,
        "discarded": 99459,
        "Read1": {
            "basepairs_in": 30000000,
            "basepairs_out": 143365,
            "primerTrim": 541,
            "primerBpTrim": 18935
        },
        "Read2": {
            "basepairs_in": 30000000,
            "basepairs_out": 150952,
            "primerTrim": 541,
            "primerBpTrim": 11348
        }
    }
  }, {
    "Program_details": {
        "program": "hts_NTrimmer",
        "version": "1.3.2",
        "options": {
            "append-stats-file": "/nmspipeline//01-Processing/TRIMMER0091_P80/01-PrimerTrim/13-SMARTindex_LC_primers.log",
            "exclude": true,
            "force": false,
            "notes": "",
            "uncompressed": false
        }
    },
    "Fragment": {
        "in": 541,
        "out": 541,
        "basepairs_in": 294317,
        "basepairs_out": 294317
    },
    "Single_end": {
        "in": 0,
        "out": 0,
        "basepairs_in": 0,
        "basepairs_out": 0,
        "rightTrim": 0,
        "leftTrim": 0,
        "discarded": 0
    },
    "Paired_end": {
        "in": 541,
        "out": 541,
        "discarded": 0,
        "Read1": {
            "basepairs_in": 143365,
            "basepairs_out": 143365,
            "leftTrim": 0,
            "rightTrim": 0
        },
        "Read2": {
            "basepairs_in": 150952,
            "basepairs_out": 150952,
            "leftTrim": 0,
            "rightTrim": 0
        }
    }
  }, {
    "Program_details": {
        "program": "hts_SeqScreener",
        "version": "1.3.2",
        "options": {
            "append-stats-file": "/nmspipeline//01-Processing/TRIMMER0091_P80/01-PrimerTrim/13-SMARTindex_LC_primers.log",
            "check-read-2": true,
            "force": false,
            "inverse": false,
            "kmer": 21,
            "notes": "",
            "percentage-hits": 0.01,
            "record": true,
            "seq": "../aberrant_LC.fasta",
            "uncompressed": false
        },
        "screen_info": {
            "screenBP": 96,
            "lookupKmers": 8
        }
    },
    "Fragment": {
        "in": 541,
        "out": 541,
        "basepairs_in": 294317,
        "basepairs_out": 294317
    },
    "Single_end": {
        "in": 0,
        "out": 0,
        "basepairs_in": 0,
        "basepairs_out": 0,
        "hits": 0
    },
    "Paired_end": {
        "in": 541,
        "out": 541,
        "hits": 480,
        "Read1": {
            "basepairs_in": 143365,
            "basepairs_out": 143365
        },
        "Read2": {
            "basepairs_in": 150952,
            "basepairs_out": 150952
        }
    }
  }, {
    "Program_details": {
        "program": "hts_QWindowTrim",
        "version": "1.3.2",
        "options": {
            "append-stats-file": "/nmspipeline//01-Processing/TRIMMER0091_P80/01-PrimerTrim/13-SMARTindex_LC_primers.log",
            "avg-qual-score": 10,
            "force": false,
            "no-left": true,
            "no-right": false,
            "notes": "",
            "qual-offset": 33,
            "uncompressed": false,
            "window-size": 10
        }
    },
    "Fragment": {
        "in": 541,
        "out": 541,
        "basepairs_in": 294317,
        "basepairs_out": 293173
    },
    "Single_end": {
        "in": 0,
        "out": 0,
        "basepairs_in": 0,
        "basepairs_out": 0,
        "rightTrim": 0,
        "leftTrim": 0
    },
    "Paired_end": {
        "in": 541,
        "out": 541,
        "Read1": {
            "basepairs_in": 143365,
            "basepairs_out": 142880,
            "leftTrim": 0,
            "rightTrim": 485
        },
        "Read2": {
            "basepairs_in": 150952,
            "basepairs_out": 150293,
            "leftTrim": 0,
            "rightTrim": 659
        }
    }
  }, {
    "Program_details": {
        "program": "hts_Overlapper",
        "version": "1.3.2",
        "options": {
            "append-stats-file": "/nmspipeline//01-Processing/TRIMMER0091_P80/01-PrimerTrim/13-SMARTindex_LC_primers.log",
            "check-lengths": 20,
            "force": false,
            "force-pairs": false,
            "kmer": 8,
            "kmer-offset": 1,
            "max-mismatch": 100,
            "max-mismatch-errorDensity": 0.25,
            "min-overlap": 8,
            "notes": "",
            "number-of-threads": 1,
            "uncompressed": false
        }
    },
    "Fragment": {
        "in": 541,
        "out": 541,
        "basepairs_in": 293173,
        "basepairs_out": 222546,
        "inserts": {
            "short": 30,
            "medium": 478,
            "long": 33
        },
        "overlap_histogram": [ [15,1], [25,1], [31,1], [32,1], [49,1], [58,1], [77,1], [78,1], [80,1], [81,1], [84,1], [86,1], [88,1], [89,1], [91,1], [101,1], [113,1], [117,1], [125,1], [128,1], [140,1], [156,1], [158,2], [161,1], [164,1], [172,1], [200,1], [206,1], [240,1], [285,1], [297,1], [299,2], [311,1], [328,1], [343,1], [364,1], [369,2], [376,2], [382,1], [387,1], [389,1], [390,2], [394,7], [399,2], [406,1], [408,1], [411,1], [415,3], [416,1], [417,4], [418,20], [420,1], [421,64], [422,8], [423,28], [424,8], [425,249], [426,26], [427,1], [428,16], [429,2], [431,1], [437,3], [440,6], [442,2], [443,1], [445,1], [450,1], [453,2], [512,1] ]
    },
    "Single_end": {
        "in": 0,
        "out": 508,
        "basepairs_in": 0,
        "basepairs_out": 204759
    },
    "Paired_end": {
        "in": 541,
        "out": 33,
        "Read1": {
            "basepairs_in": 142880,
            "basepairs_out": 8682
        },
        "Read2": {
            "basepairs_in": 150293,
            "basepairs_out": 9105
        }
    }
  }, {
    "Program_details": {
        "program": "hts_LengthFilter",
        "version": "1.3.2",
        "options": {
            "append-stats-file": "/nmspipeline//01-Processing/TRIMMER0091_P80/01-PrimerTrim/13-SMARTindex_LC_primers.log",
            "fastq-output": "/nmspipeline//01-Processing/TRIMMER0091_P80/01-PrimerTrim/13-SMARTindex_LC_primers",
            "force": true,
            "max-length": 0,
            "min-length": 385,
            "no-orphans": false,
            "notes": "",
            "stranded": false,
            "uncompressed": false
        }
    },
    "Fragment": {
        "in": 541,
        "out": 465,
        "basepairs_in": 222546,
        "basepairs_out": 197058
    },
    "Single_end": {
        "in": 508,
        "out": 465,
        "basepairs_in": 204759,
        "basepairs_out": 197058,
        "discarded": 43
    },
    "Paired_end": {
        "in": 33,
        "out": 0,
        "discarded": 33,
        "Read1": {
            "basepairs_in": 8682,
            "basepairs_out": 0,
            "discarded": 0
        },
        "Read2": {
            "basepairs_in": 9105,
            "basepairs_out": 0,
            "discarded": 0
        }
    }
  }
]
