[ {
    "Program_details": {
        "program": "hts_Primers",
        "version": "1.3.2",
        "options": {
            "flip": true,
            "float": 0,
            "force": false,
            "keep": false,
            "min_primer_matches": 2,
            "notes": "",
            "primer_end_mismatches": 0,
            "primer_mismatches": 0,
            "primers_3p": "../hc_primers.fasta",
            "primers_5p": "CCTAAGACAGTGGTATCAACGCAGAGTACATGGGG",
            "read1-input": [ "/nmspipeline//01-Processing/TRIMMER0091_P80/00-RawData/TRIMMER_Plate80_S2_L001_R1_001_sub.fastq.gz"],
            "read2-input": [ "/nmspipeline//01-Processing/TRIMMER0091_P80/00-RawData/TRIMMER_Plate80_S2_L001_R2_001_sub.fastq.gz"],
            "stats-file": "/nmspipeline//01-Processing/TRIMMER0091_P80/01-PrimerTrim/13-SMARTindex_HC_primers.log",
            "uncompressed": false
        },
        "primers": [ ["p5primer1","CCTAAGACAGTGGTATCAACGCAGAGTACATGGGG"], ["Ga3.10for_mIGH3","GGATAGACAGATGGGGCTGTTGTTGT"], ["Ga12HC.10_REV_CHI","ATAGACAGATGGGGGTGTCGTTTTGG"], ["p5primer1","CCTAAGACAGTGGTATCAACGCAGAGTACATGGGG"], ["Ga3.10for_mIGH3","GGATAGACAGATGGGGCTGTTGTTGT"], ["Ga12HC.10_REV_CHI","ATAGACAGATGGGGGTGTCGTTTTGG"] ]
    },
    "Fragment": {
        "in": 100000,
        "out": 390,
        "basepairs_in": 60000000,
        "basepairs_out": 210210,
        "flipped": 154,
        "primers_counts": [ ["p5primer1","Ga12HC.10_REV_CHI",390], ["p5primer1","None",698], ["None","Ga3.10for_mIGH3",1142], ["None","Ga12HC.10_REV_CHI",27757], ["None","None",70013] ]
    },
    "Single_end": {
        "in": 0,
        "out": 0,
        "basepairs_in": 0,
        "basepairs_out": 0,
        "primerTrim": 0,
        "primerBpTrim": 0,
        "discarded": 0
    },
    "Paired_end": {
        "in": 100000,
        "out": 390,
        "discarded": 99610,
        "Read1": {
            "basepairs_in": 30000000,
            "basepairs_out": 103350,
            "primerTrim": 390,
            "primerBpTrim": 13650
        },
        "Read2": {
            "basepairs_in": 30000000,
            "basepairs_out": 106860,
            "primerTrim": 390,
            "primerBpTrim": 10140
        }
    }
  }, {
    "Program_details": {
        "program": "hts_NTrimmer",
        "version": "1.3.2",
        "options": {
            "append-stats-file": "/nmspipeline//01-Processing/TRIMMER0091_P80/01-PrimerTrim/13-SMARTindex_HC_primers.log",
            "exclude": true,
            "force": false,
            "notes": "",
            "uncompressed": false
        }
    },
    "Fragment": {
        "in": 390,
        "out": 390,
        "basepairs_in": 210210,
        "basepairs_out": 210210
    },
    "Single_end": {
        "in": 0,
        "out": 0,
        "basepairs_in": 0,
        "basepairs_out": 0,
        "rightTrim": 0,
        "leftTrim": 0,
        "discarded": 0
    },
    "Paired_end": {
        "in": 390,
        "out": 390,
        "discarded": 0,
        "Read1": {
            "basepairs_in": 103350,
            "basepairs_out": 103350,
            "leftTrim": 0,
            "rightTrim": 0
        },
        "Read2": {
            "basepairs_in": 106860,
            "basepairs_out": 106860,
            "leftTrim": 0,
            "rightTrim": 0
        }
    }
  }, {
    "Program_details": {
        "program": "hts_SeqScreener",
        "version": "1.3.2",
        "options": {
            "append-stats-file": "/nmspipeline//01-Processing/TRIMMER0091_P80/01-PrimerTrim/13-SMARTindex_HC_primers.log",
            "check-read-2": true,
            "force": false,
            "inverse": false,
            "kmer": 21,
            "notes": "",
            "percentage-hits": 0.01,
            "record": true,
            "seq": "../aberrant_LC.fasta",
            "uncompressed": false
        },
        "screen_info": {
            "screenBP": 96,
            "lookupKmers": 8
        }
    },
    "Fragment": {
        "in": 390,
        "out": 390,
        "basepairs_in": 210210,
        "basepairs_out": 210210
    },
    "Single_end": {
        "in": 0,
        "out": 0,
        "basepairs_in": 0,
        "basepairs_out": 0,
        "hits": 0
    },
    "Paired_end": {
        "in": 390,
        "out": 390,
        "hits": 0,
        "Read1": {
            "basepairs_in": 103350,
            "basepairs_out": 103350
        },
        "Read2": {
            "basepairs_in": 106860,
            "basepairs_out": 106860
        }
    }
  }, {
    "Program_details": {
        "program": "hts_QWindowTrim",
        "version": "1.3.2",
        "options": {
            "append-stats-file": "/nmspipeline//01-Processing/TRIMMER0091_P80/01-PrimerTrim/13-SMARTindex_HC_primers.log",
            "avg-qual-score": 10,
            "force": false,
            "no-left": true,
            "no-right": false,
            "notes": "",
            "qual-offset": 33,
            "uncompressed": false,
            "window-size": 10
        }
    },
    "Fragment": {
        "in": 390,
        "out": 390,
        "basepairs_in": 210210,
        "basepairs_out": 209524
    },
    "Single_end": {
        "in": 0,
        "out": 0,
        "basepairs_in": 0,
        "basepairs_out": 0,
        "rightTrim": 0,
        "leftTrim": 0
    },
    "Paired_end": {
        "in": 390,
        "out": 390,
        "Read1": {
            "basepairs_in": 103350,
            "basepairs_out": 103130,
            "leftTrim": 0,
            "rightTrim": 220
        },
        "Read2": {
            "basepairs_in": 106860,
            "basepairs_out": 106394,
            "leftTrim": 0,
            "rightTrim": 466
        }
    }
  }, {
    "Program_details": {
        "program": "hts_Overlapper",
        "version": "1.3.2",
        "options": {
            "append-stats-file": "/nmspipeline//01-Processing/TRIMMER0091_P80/01-PrimerTrim/13-SMARTindex_HC_primers.log",
            "check-lengths": 20,
            "force": false,
            "force-pairs": false,
            "kmer": 8,
            "kmer-offset": 1,
            "max-mismatch": 100,
            "max-mismatch-errorDensity": 0.25,
            "min-overlap": 8,
            "notes": "",
            "number-of-threads": 1,
            "uncompressed": false
        }
    },
    "Fragment": {
        "in": 390,
        "out": 390,
        "basepairs_in": 209524,
        "basepairs_out": 174181,
        "inserts": {
            "short": 27,
            "medium": 339,
            "long": 24
        },
        "overlap_histogram": [ [29,1], [31,2], [39,1], [40,1], [45,1], [58,1], [59,2], [60,1], [75,1], [78,1], [90,1], [105,1], [106,1], [121,2], [169,3], [179,1], [210,1], [213,1], [215,1], [223,1], [253,2], [294,1], [304,1], [320,1], [330,1], [413,1], [418,3], [443,1], [446,1], [447,1], [459,1], [466,3], [467,36], [468,6], [469,221], [470,14], [471,36], [472,5], [473,4], [476,1], [506,1] ]
    },
    "Single_end": {
        "in": 0,
        "out": 366,
        "basepairs_in": 0,
        "basepairs_out": 161347
    },
    "Paired_end": {
        "in": 390,
        "out": 24,
        "Read1": {
            "basepairs_in": 103130,
            "basepairs_out": 6339
        },
        "Read2": {
            "basepairs_in": 106394,
            "basepairs_out": 6495
        }
    }
  }, {
    "Program_details": {
        "program": "hts_LengthFilter",
        "version": "1.3.2",
        "options": {
            "append-stats-file": "/nmspipeline//01-Processing/TRIMMER0091_P80/01-PrimerTrim/13-SMARTindex_HC_primers.log",
            "fastq-output": "/nmspipeline//01-Processing/TRIMMER0091_P80/01-PrimerTrim/13-SMARTindex_HC_primers",
            "force": true,
            "max-length": 0,
            "min-length": 385,
            "no-orphans": false,
            "notes": "",
            "stranded": false,
            "uncompressed": false
        }
    },
    "Fragment": {
        "in": 390,
        "out": 335,
        "basepairs_in": 174181,
        "basepairs_out": 156899
    },
    "Single_end": {
        "in": 366,
        "out": 335,
        "basepairs_in": 161347,
        "basepairs_out": 156899,
        "discarded": 31
    },
    "Paired_end": {
        "in": 24,
        "out": 0,
        "discarded": 24,
        "Read1": {
            "basepairs_in": 6339,
            "basepairs_out": 0,
            "discarded": 0
        },
        "Read2": {
            "basepairs_in": 6495,
            "basepairs_out": 0,
            "discarded": 0
        }
    }
  }
]
