[ {
    "Program_details": {
        "program": "hts_Primers",
        "version": "1.3.2",
        "options": {
            "flip": true,
            "float": 0,
            "force": false,
            "keep": false,
            "min_primer_matches": 2,
            "notes": "",
            "primer_end_mismatches": 0,
            "primer_mismatches": 0,
            "primers_3p": "../lc_primers.fasta",
            "primers_5p": "GGCTGCACAGTGGTATCAACGCAGAGTACATGGGG",
            "read1-input": [ "/nmspipeline//01-Processing/TRIMMER0091_P80/00-RawData/TRIMMER_Plate80_S2_L001_R1_001_sub.fastq.gz"],
            "read2-input": [ "/nmspipeline//01-Processing/TRIMMER0091_P80/00-RawData/TRIMMER_Plate80_S2_L001_R2_001_sub.fastq.gz"],
            "stats-file": "/nmspipeline//01-Processing/TRIMMER0091_P80/01-PrimerTrim/15-SMARTindex_LC_primers.log",
            "uncompressed": false
        },
        "primers": [ ["p5primer1","GGCTGCACAGTGGTATCAACGCAGAGTACATGGGG"], ["KaLC.6_REV_LC","GGATACAGTTGGTGCAGCATC"], ["LaLC.R-mIGL","ATCGTACACACCAGTGTGGC"], ["p5primer1","GGCTGCACAGTGGTATCAACGCAGAGTACATGGGG"], ["KaLC.6_REV_LC","GGATACAGTTGGTGCAGCATC"], ["LaLC.R-mIGL","ATCGTACACACCAGTGTGGC"] ]
    },
    "Fragment": {
        "in": 100000,
        "out": 151,
        "basepairs_in": 60000000,
        "basepairs_out": 82147,
        "flipped": 67,
        "primers_counts": [ ["p5primer1","LaLC.R-mIGL",3], ["p5primer1","None",187], ["p5primer1","KaLC.6_REV_LC",148], ["None","LaLC.R-mIGL",601], ["None","None",48279], ["None","KaLC.6_REV_LC",50782] ]
    },
    "Single_end": {
        "in": 0,
        "out": 0,
        "basepairs_in": 0,
        "basepairs_out": 0,
        "primerTrim": 0,
        "primerBpTrim": 0,
        "discarded": 0
    },
    "Paired_end": {
        "in": 100000,
        "out": 151,
        "discarded": 99849,
        "Read1": {
            "basepairs_in": 30000000,
            "basepairs_out": 40015,
            "primerTrim": 151,
            "primerBpTrim": 5285
        },
        "Read2": {
            "basepairs_in": 30000000,
            "basepairs_out": 42132,
            "primerTrim": 151,
            "primerBpTrim": 3168
        }
    }
  }, {
    "Program_details": {
        "program": "hts_NTrimmer",
        "version": "1.3.2",
        "options": {
            "append-stats-file": "/nmspipeline//01-Processing/TRIMMER0091_P80/01-PrimerTrim/15-SMARTindex_LC_primers.log",
            "exclude": true,
            "force": false,
            "notes": "",
            "uncompressed": false
        }
    },
    "Fragment": {
        "in": 151,
        "out": 151,
        "basepairs_in": 82147,
        "basepairs_out": 82147
    },
    "Single_end": {
        "in": 0,
        "out": 0,
        "basepairs_in": 0,
        "basepairs_out": 0,
        "rightTrim": 0,
        "leftTrim": 0,
        "discarded": 0
    },
    "Paired_end": {
        "in": 151,
        "out": 151,
        "discarded": 0,
        "Read1": {
            "basepairs_in": 40015,
            "basepairs_out": 40015,
            "leftTrim": 0,
            "rightTrim": 0
        },
        "Read2": {
            "basepairs_in": 42132,
            "basepairs_out": 42132,
            "leftTrim": 0,
            "rightTrim": 0
        }
    }
  }, {
    "Program_details": {
        "program": "hts_SeqScreener",
        "version": "1.3.2",
        "options": {
            "append-stats-file": "/nmspipeline//01-Processing/TRIMMER0091_P80/01-PrimerTrim/15-SMARTindex_LC_primers.log",
            "check-read-2": true,
            "force": false,
            "inverse": false,
            "kmer": 21,
            "notes": "",
            "percentage-hits": 0.01,
            "record": true,
            "seq": "../aberrant_LC.fasta",
            "uncompressed": false
        },
        "screen_info": {
            "screenBP": 96,
            "lookupKmers": 8
        }
    },
    "Fragment": {
        "in": 151,
        "out": 151,
        "basepairs_in": 82147,
        "basepairs_out": 82147
    },
    "Single_end": {
        "in": 0,
        "out": 0,
        "basepairs_in": 0,
        "basepairs_out": 0,
        "hits": 0
    },
    "Paired_end": {
        "in": 151,
        "out": 151,
        "hits": 51,
        "Read1": {
            "basepairs_in": 40015,
            "basepairs_out": 40015
        },
        "Read2": {
            "basepairs_in": 42132,
            "basepairs_out": 42132
        }
    }
  }, {
    "Program_details": {
        "program": "hts_QWindowTrim",
        "version": "1.3.2",
        "options": {
            "append-stats-file": "/nmspipeline//01-Processing/TRIMMER0091_P80/01-PrimerTrim/15-SMARTindex_LC_primers.log",
            "avg-qual-score": 10,
            "force": false,
            "no-left": true,
            "no-right": false,
            "notes": "",
            "qual-offset": 33,
            "uncompressed": false,
            "window-size": 10
        }
    },
    "Fragment": {
        "in": 151,
        "out": 151,
        "basepairs_in": 82147,
        "basepairs_out": 81686
    },
    "Single_end": {
        "in": 0,
        "out": 0,
        "basepairs_in": 0,
        "basepairs_out": 0,
        "rightTrim": 0,
        "leftTrim": 0
    },
    "Paired_end": {
        "in": 151,
        "out": 151,
        "Read1": {
            "basepairs_in": 40015,
            "basepairs_out": 39769,
            "leftTrim": 0,
            "rightTrim": 246
        },
        "Read2": {
            "basepairs_in": 42132,
            "basepairs_out": 41917,
            "leftTrim": 0,
            "rightTrim": 215
        }
    }
  }, {
    "Program_details": {
        "program": "hts_Overlapper",
        "version": "1.3.2",
        "options": {
            "append-stats-file": "/nmspipeline//01-Processing/TRIMMER0091_P80/01-PrimerTrim/15-SMARTindex_LC_primers.log",
            "check-lengths": 20,
            "force": false,
            "force-pairs": false,
            "kmer": 8,
            "kmer-offset": 1,
            "max-mismatch": 100,
            "max-mismatch-errorDensity": 0.25,
            "min-overlap": 8,
            "notes": "",
            "number-of-threads": 1,
            "uncompressed": false
        }
    },
    "Fragment": {
        "in": 151,
        "out": 151,
        "basepairs_in": 81686,
        "basepairs_out": 55458,
        "inserts": {
            "short": 27,
            "medium": 116,
            "long": 8
        },
        "overlap_histogram": [ [15,1], [26,1], [32,1], [33,1], [48,1], [49,1], [55,1], [56,1], [57,1], [72,1], [93,2], [106,1], [125,1], [131,1], [154,1], [156,1], [157,1], [162,1], [174,1], [213,2], [216,1], [221,1], [223,1], [227,1], [231,1], [293,1], [295,1], [302,2], [338,1], [343,1], [346,1], [362,1], [369,1], [370,1], [371,1], [373,3], [395,1], [399,3], [401,1], [402,1], [403,6], [404,1], [415,1], [417,20], [418,8], [419,1], [420,1], [421,1], [422,19], [423,3], [424,1], [425,4], [426,6], [427,7], [437,2], [440,2], [443,2], [444,10], [445,1] ]
    },
    "Single_end": {
        "in": 0,
        "out": 143,
        "basepairs_in": 0,
        "basepairs_out": 51205
    },
    "Paired_end": {
        "in": 151,
        "out": 8,
        "Read1": {
            "basepairs_in": 39769,
            "basepairs_out": 2054
        },
        "Read2": {
            "basepairs_in": 41917,
            "basepairs_out": 2199
        }
    }
  }, {
    "Program_details": {
        "program": "hts_LengthFilter",
        "version": "1.3.2",
        "options": {
            "append-stats-file": "/nmspipeline//01-Processing/TRIMMER0091_P80/01-PrimerTrim/15-SMARTindex_LC_primers.log",
            "fastq-output": "/nmspipeline//01-Processing/TRIMMER0091_P80/01-PrimerTrim/15-SMARTindex_LC_primers",
            "force": true,
            "max-length": 0,
            "min-length": 385,
            "no-orphans": false,
            "notes": "",
            "stranded": false,
            "uncompressed": false
        }
    },
    "Fragment": {
        "in": 151,
        "out": 102,
        "basepairs_in": 55458,
        "basepairs_out": 43057
    },
    "Single_end": {
        "in": 143,
        "out": 102,
        "basepairs_in": 51205,
        "basepairs_out": 43057,
        "discarded": 41
    },
    "Paired_end": {
        "in": 8,
        "out": 0,
        "discarded": 8,
        "Read1": {
            "basepairs_in": 2054,
            "basepairs_out": 0,
            "discarded": 0
        },
        "Read2": {
            "basepairs_in": 2199,
            "basepairs_out": 0,
            "discarded": 0
        }
    }
  }
]
