[ {
    "Program_details": {
        "program": "hts_Primers",
        "version": "1.3.2",
        "options": {
            "flip": true,
            "float": 0,
            "force": false,
            "keep": false,
            "min_primer_matches": 2,
            "notes": "",
            "primer_end_mismatches": 0,
            "primer_mismatches": 0,
            "primers_3p": "../hc_primers.fasta",
            "primers_5p": "GGCTGCACAGTGGTATCAACGCAGAGTACATGGGG",
            "read1-input": [ "/nmspipeline//01-Processing/TRIMMER0091_P80/00-RawData/TRIMMER_Plate80_S2_L001_R1_001_sub.fastq.gz"],
            "read2-input": [ "/nmspipeline//01-Processing/TRIMMER0091_P80/00-RawData/TRIMMER_Plate80_S2_L001_R2_001_sub.fastq.gz"],
            "stats-file": "/nmspipeline//01-Processing/TRIMMER0091_P80/01-PrimerTrim/15-SMARTindex_HC_primers.log",
            "uncompressed": false
        },
        "primers": [ ["p5primer1","GGCTGCACAGTGGTATCAACGCAGAGTACATGGGG"], ["Ga3.10for_mIGH3","GGATAGACAGATGGGGCTGTTGTTGT"], ["Ga12HC.10_REV_CHI","ATAGACAGATGGGGGTGTCGTTTTGG"], ["p5primer1","GGCTGCACAGTGGTATCAACGCAGAGTACATGGGG"], ["Ga3.10for_mIGH3","GGATAGACAGATGGGGCTGTTGTTGT"], ["Ga12HC.10_REV_CHI","ATAGACAGATGGGGGTGTCGTTTTGG"] ]
    },
    "Fragment": {
        "in": 100000,
        "out": 84,
        "basepairs_in": 60000000,
        "basepairs_out": 45276,
        "flipped": 37,
        "primers_counts": [ ["p5primer1","Ga12HC.10_REV_CHI",84], ["None","Ga3.10for_mIGH3",1142], ["p5primer1","None",254], ["None","Ga12HC.10_REV_CHI",28063], ["None","None",70457] ]
    },
    "Single_end": {
        "in": 0,
        "out": 0,
        "basepairs_in": 0,
        "basepairs_out": 0,
        "primerTrim": 0,
        "primerBpTrim": 0,
        "discarded": 0
    },
    "Paired_end": {
        "in": 100000,
        "out": 84,
        "discarded": 99916,
        "Read1": {
            "basepairs_in": 30000000,
            "basepairs_out": 22260,
            "primerTrim": 84,
            "primerBpTrim": 2940
        },
        "Read2": {
            "basepairs_in": 30000000,
            "basepairs_out": 23016,
            "primerTrim": 84,
            "primerBpTrim": 2184
        }
    }
  }, {
    "Program_details": {
        "program": "hts_NTrimmer",
        "version": "1.3.2",
        "options": {
            "append-stats-file": "/nmspipeline//01-Processing/TRIMMER0091_P80/01-PrimerTrim/15-SMARTindex_HC_primers.log",
            "exclude": true,
            "force": false,
            "notes": "",
            "uncompressed": false
        }
    },
    "Fragment": {
        "in": 84,
        "out": 84,
        "basepairs_in": 45276,
        "basepairs_out": 45276
    },
    "Single_end": {
        "in": 0,
        "out": 0,
        "basepairs_in": 0,
        "basepairs_out": 0,
        "rightTrim": 0,
        "leftTrim": 0,
        "discarded": 0
    },
    "Paired_end": {
        "in": 84,
        "out": 84,
        "discarded": 0,
        "Read1": {
            "basepairs_in": 22260,
            "basepairs_out": 22260,
            "leftTrim": 0,
            "rightTrim": 0
        },
        "Read2": {
            "basepairs_in": 23016,
            "basepairs_out": 23016,
            "leftTrim": 0,
            "rightTrim": 0
        }
    }
  }, {
    "Program_details": {
        "program": "hts_SeqScreener",
        "version": "1.3.2",
        "options": {
            "append-stats-file": "/nmspipeline//01-Processing/TRIMMER0091_P80/01-PrimerTrim/15-SMARTindex_HC_primers.log",
            "check-read-2": true,
            "force": false,
            "inverse": false,
            "kmer": 21,
            "notes": "",
            "percentage-hits": 0.01,
            "record": true,
            "seq": "../aberrant_LC.fasta",
            "uncompressed": false
        },
        "screen_info": {
            "screenBP": 96,
            "lookupKmers": 8
        }
    },
    "Fragment": {
        "in": 84,
        "out": 84,
        "basepairs_in": 45276,
        "basepairs_out": 45276
    },
    "Single_end": {
        "in": 0,
        "out": 0,
        "basepairs_in": 0,
        "basepairs_out": 0,
        "hits": 0
    },
    "Paired_end": {
        "in": 84,
        "out": 84,
        "hits": 0,
        "Read1": {
            "basepairs_in": 22260,
            "basepairs_out": 22260
        },
        "Read2": {
            "basepairs_in": 23016,
            "basepairs_out": 23016
        }
    }
  }, {
    "Program_details": {
        "program": "hts_QWindowTrim",
        "version": "1.3.2",
        "options": {
            "append-stats-file": "/nmspipeline//01-Processing/TRIMMER0091_P80/01-PrimerTrim/15-SMARTindex_HC_primers.log",
            "avg-qual-score": 10,
            "force": false,
            "no-left": true,
            "no-right": false,
            "notes": "",
            "qual-offset": 33,
            "uncompressed": false,
            "window-size": 10
        }
    },
    "Fragment": {
        "in": 84,
        "out": 84,
        "basepairs_in": 45276,
        "basepairs_out": 45038
    },
    "Single_end": {
        "in": 0,
        "out": 0,
        "basepairs_in": 0,
        "basepairs_out": 0,
        "rightTrim": 0,
        "leftTrim": 0
    },
    "Paired_end": {
        "in": 84,
        "out": 84,
        "Read1": {
            "basepairs_in": 22260,
            "basepairs_out": 22156,
            "leftTrim": 0,
            "rightTrim": 104
        },
        "Read2": {
            "basepairs_in": 23016,
            "basepairs_out": 22882,
            "leftTrim": 0,
            "rightTrim": 134
        }
    }
  }, {
    "Program_details": {
        "program": "hts_Overlapper",
        "version": "1.3.2",
        "options": {
            "append-stats-file": "/nmspipeline//01-Processing/TRIMMER0091_P80/01-PrimerTrim/15-SMARTindex_HC_primers.log",
            "check-lengths": 20,
            "force": false,
            "force-pairs": false,
            "kmer": 8,
            "kmer-offset": 1,
            "max-mismatch": 100,
            "max-mismatch-errorDensity": 0.25,
            "min-overlap": 8,
            "notes": "",
            "number-of-threads": 1,
            "uncompressed": false
        }
    },
    "Fragment": {
        "in": 84,
        "out": 84,
        "basepairs_in": 45038,
        "basepairs_out": 29533,
        "inserts": {
            "short": 25,
            "medium": 48,
            "long": 11
        },
        "overlap_histogram": [ [16,4], [27,1], [54,2], [58,1], [65,1], [71,1], [72,1], [79,1], [93,1], [131,1], [147,2], [186,1], [215,2], [225,1], [226,2], [234,1], [248,1], [272,1], [278,1], [305,1], [332,1], [382,3], [386,1], [405,1], [427,1], [439,2], [440,1], [442,25], [443,2], [444,6], [445,3] ]
    },
    "Single_end": {
        "in": 0,
        "out": 73,
        "basepairs_in": 0,
        "basepairs_out": 23641
    },
    "Paired_end": {
        "in": 84,
        "out": 11,
        "Read1": {
            "basepairs_in": 22156,
            "basepairs_out": 2891
        },
        "Read2": {
            "basepairs_in": 22882,
            "basepairs_out": 3001
        }
    }
  }, {
    "Program_details": {
        "program": "hts_LengthFilter",
        "version": "1.3.2",
        "options": {
            "append-stats-file": "/nmspipeline//01-Processing/TRIMMER0091_P80/01-PrimerTrim/15-SMARTindex_HC_primers.log",
            "fastq-output": "/nmspipeline//01-Processing/TRIMMER0091_P80/01-PrimerTrim/15-SMARTindex_HC_primers",
            "force": true,
            "max-length": 0,
            "min-length": 385,
            "no-orphans": false,
            "notes": "",
            "stranded": false,
            "uncompressed": false
        }
    },
    "Fragment": {
        "in": 84,
        "out": 42,
        "basepairs_in": 29533,
        "basepairs_out": 18471
    },
    "Single_end": {
        "in": 73,
        "out": 42,
        "basepairs_in": 23641,
        "basepairs_out": 18471,
        "discarded": 31
    },
    "Paired_end": {
        "in": 11,
        "out": 0,
        "discarded": 11,
        "Read1": {
            "basepairs_in": 2891,
            "basepairs_out": 0,
            "discarded": 0
        },
        "Read2": {
            "basepairs_in": 3001,
            "basepairs_out": 0,
            "discarded": 0
        }
    }
  }
]
