[ {
    "Program_details": {
        "program": "hts_Primers",
        "version": "1.3.2",
        "options": {
            "flip": true,
            "float": 0,
            "force": false,
            "keep": false,
            "min_primer_matches": 2,
            "notes": "",
            "primer_end_mismatches": 0,
            "primer_mismatches": 0,
            "primers_3p": "../lc_primers.fasta",
            "primers_5p": "TCTTAATCAGTGGTATCAACGCAGAGTACATGGGG",
            "read1-input": [ "/nmspipeline//01-Processing/TRIMMER0091_P80/00-RawData/TRIMMER_Plate80_S2_L001_R1_001_sub.fastq.gz"],
            "read2-input": [ "/nmspipeline//01-Processing/TRIMMER0091_P80/00-RawData/TRIMMER_Plate80_S2_L001_R2_001_sub.fastq.gz"],
            "stats-file": "/nmspipeline//01-Processing/TRIMMER0091_P80/01-PrimerTrim/17-SMARTindex_LC_primers.log",
            "uncompressed": false
        },
        "primers": [ ["p5primer1","TCTTAATCAGTGGTATCAACGCAGAGTACATGGGG"], ["KaLC.6_REV_LC","GGATACAGTTGGTGCAGCATC"], ["LaLC.R-mIGL","ATCGTACACACCAGTGTGGC"], ["p5primer1","TCTTAATCAGTGGTATCAACGCAGAGTACATGGGG"], ["KaLC.6_REV_LC","GGATACAGTTGGTGCAGCATC"], ["LaLC.R-mIGL","ATCGTACACACCAGTGTGGC"] ]
    },
    "Fragment": {
        "in": 100000,
        "out": 334,
        "basepairs_in": 60000000,
        "basepairs_out": 181701,
        "flipped": 144,
        "primers_counts": [ ["p5primer1","LaLC.R-mIGL",5], ["p5primer1","None",449], ["p5primer1","KaLC.6_REV_LC",329], ["None","LaLC.R-mIGL",599], ["None","None",48017], ["None","KaLC.6_REV_LC",50601] ]
    },
    "Single_end": {
        "in": 0,
        "out": 0,
        "basepairs_in": 0,
        "basepairs_out": 0,
        "primerTrim": 0,
        "primerBpTrim": 0,
        "discarded": 0
    },
    "Paired_end": {
        "in": 100000,
        "out": 334,
        "discarded": 99666,
        "Read1": {
            "basepairs_in": 30000000,
            "basepairs_out": 88510,
            "primerTrim": 334,
            "primerBpTrim": 11690
        },
        "Read2": {
            "basepairs_in": 30000000,
            "basepairs_out": 93191,
            "primerTrim": 334,
            "primerBpTrim": 7009
        }
    }
  }, {
    "Program_details": {
        "program": "hts_NTrimmer",
        "version": "1.3.2",
        "options": {
            "append-stats-file": "/nmspipeline//01-Processing/TRIMMER0091_P80/01-PrimerTrim/17-SMARTindex_LC_primers.log",
            "exclude": true,
            "force": false,
            "notes": "",
            "uncompressed": false
        }
    },
    "Fragment": {
        "in": 334,
        "out": 334,
        "basepairs_in": 181701,
        "basepairs_out": 181701
    },
    "Single_end": {
        "in": 0,
        "out": 0,
        "basepairs_in": 0,
        "basepairs_out": 0,
        "rightTrim": 0,
        "leftTrim": 0,
        "discarded": 0
    },
    "Paired_end": {
        "in": 334,
        "out": 334,
        "discarded": 0,
        "Read1": {
            "basepairs_in": 88510,
            "basepairs_out": 88510,
            "leftTrim": 0,
            "rightTrim": 0
        },
        "Read2": {
            "basepairs_in": 93191,
            "basepairs_out": 93191,
            "leftTrim": 0,
            "rightTrim": 0
        }
    }
  }, {
    "Program_details": {
        "program": "hts_SeqScreener",
        "version": "1.3.2",
        "options": {
            "append-stats-file": "/nmspipeline//01-Processing/TRIMMER0091_P80/01-PrimerTrim/17-SMARTindex_LC_primers.log",
            "check-read-2": true,
            "force": false,
            "inverse": false,
            "kmer": 21,
            "notes": "",
            "percentage-hits": 0.01,
            "record": true,
            "seq": "../aberrant_LC.fasta",
            "uncompressed": false
        },
        "screen_info": {
            "screenBP": 96,
            "lookupKmers": 8
        }
    },
    "Fragment": {
        "in": 334,
        "out": 334,
        "basepairs_in": 181701,
        "basepairs_out": 181701
    },
    "Single_end": {
        "in": 0,
        "out": 0,
        "basepairs_in": 0,
        "basepairs_out": 0,
        "hits": 0
    },
    "Paired_end": {
        "in": 334,
        "out": 334,
        "hits": 95,
        "Read1": {
            "basepairs_in": 88510,
            "basepairs_out": 88510
        },
        "Read2": {
            "basepairs_in": 93191,
            "basepairs_out": 93191
        }
    }
  }, {
    "Program_details": {
        "program": "hts_QWindowTrim",
        "version": "1.3.2",
        "options": {
            "append-stats-file": "/nmspipeline//01-Processing/TRIMMER0091_P80/01-PrimerTrim/17-SMARTindex_LC_primers.log",
            "avg-qual-score": 10,
            "force": false,
            "no-left": true,
            "no-right": false,
            "notes": "",
            "qual-offset": 33,
            "uncompressed": false,
            "window-size": 10
        }
    },
    "Fragment": {
        "in": 334,
        "out": 334,
        "basepairs_in": 181701,
        "basepairs_out": 180729
    },
    "Single_end": {
        "in": 0,
        "out": 0,
        "basepairs_in": 0,
        "basepairs_out": 0,
        "rightTrim": 0,
        "leftTrim": 0
    },
    "Paired_end": {
        "in": 334,
        "out": 334,
        "Read1": {
            "basepairs_in": 88510,
            "basepairs_out": 88087,
            "leftTrim": 0,
            "rightTrim": 423
        },
        "Read2": {
            "basepairs_in": 93191,
            "basepairs_out": 92642,
            "leftTrim": 0,
            "rightTrim": 549
        }
    }
  }, {
    "Program_details": {
        "program": "hts_Overlapper",
        "version": "1.3.2",
        "options": {
            "append-stats-file": "/nmspipeline//01-Processing/TRIMMER0091_P80/01-PrimerTrim/17-SMARTindex_LC_primers.log",
            "check-lengths": 20,
            "force": false,
            "force-pairs": false,
            "kmer": 8,
            "kmer-offset": 1,
            "max-mismatch": 100,
            "max-mismatch-errorDensity": 0.25,
            "min-overlap": 8,
            "notes": "",
            "number-of-threads": 1,
            "uncompressed": false
        }
    },
    "Fragment": {
        "in": 334,
        "out": 334,
        "basepairs_in": 180729,
        "basepairs_out": 121812,
        "inserts": {
            "short": 58,
            "medium": 264,
            "long": 12
        },
        "overlap_histogram": [ [15,1], [28,1], [40,1], [49,2], [52,2], [56,1], [58,1], [59,1], [60,1], [66,1], [77,2], [79,1], [80,7], [81,2], [82,1], [83,1], [86,1], [89,1], [91,1], [92,1], [98,1], [99,1], [100,1], [101,1], [109,1], [121,1], [132,1], [133,1], [135,1], [137,1], [145,1], [150,1], [154,2], [158,1], [159,1], [161,2], [197,1], [209,1], [212,1], [213,1], [222,1], [228,1], [232,1], [261,1], [265,1], [267,1], [282,3], [298,1], [306,1], [309,1], [326,1], [361,1], [380,1], [387,2], [395,4], [396,1], [397,1], [398,4], [399,5], [402,1], [403,1], [408,3], [409,10], [411,1], [412,11], [413,53], [414,29], [415,55], [416,1], [418,36], [419,3], [420,1], [421,6], [422,10], [423,7], [424,1], [427,1], [435,1], [440,2], [441,2], [442,1], [443,1], [444,1] ]
    },
    "Single_end": {
        "in": 0,
        "out": 322,
        "basepairs_in": 0,
        "basepairs_out": 115342
    },
    "Paired_end": {
        "in": 334,
        "out": 12,
        "Read1": {
            "basepairs_in": 88087,
            "basepairs_out": 3158
        },
        "Read2": {
            "basepairs_in": 92642,
            "basepairs_out": 3312
        }
    }
  }, {
    "Program_details": {
        "program": "hts_LengthFilter",
        "version": "1.3.2",
        "options": {
            "append-stats-file": "/nmspipeline//01-Processing/TRIMMER0091_P80/01-PrimerTrim/17-SMARTindex_LC_primers.log",
            "fastq-output": "/nmspipeline//01-Processing/TRIMMER0091_P80/01-PrimerTrim/17-SMARTindex_LC_primers",
            "force": true,
            "max-length": 0,
            "min-length": 385,
            "no-orphans": false,
            "notes": "",
            "stranded": false,
            "uncompressed": false
        }
    },
    "Fragment": {
        "in": 334,
        "out": 255,
        "basepairs_in": 121812,
        "basepairs_out": 105741
    },
    "Single_end": {
        "in": 322,
        "out": 255,
        "basepairs_in": 115342,
        "basepairs_out": 105741,
        "discarded": 67
    },
    "Paired_end": {
        "in": 12,
        "out": 0,
        "discarded": 12,
        "Read1": {
            "basepairs_in": 3158,
            "basepairs_out": 0,
            "discarded": 0
        },
        "Read2": {
            "basepairs_in": 3312,
            "basepairs_out": 0,
            "discarded": 0
        }
    }
  }
]
