[ {
    "Program_details": {
        "program": "hts_Primers",
        "version": "1.3.2",
        "options": {
            "flip": true,
            "float": 0,
            "force": false,
            "keep": false,
            "min_primer_matches": 2,
            "notes": "",
            "primer_end_mismatches": 0,
            "primer_mismatches": 0,
            "primers_3p": "../lc_primers.fasta",
            "primers_5p": "GTCAGGTCAGTGGTATCAACGCAGAGTACATGGGG",
            "read1-input": [ "/nmspipeline//01-Processing/TRIMMER0091_P80/00-RawData/TRIMMER_Plate80_S2_L001_R1_001_sub.fastq.gz"],
            "read2-input": [ "/nmspipeline//01-Processing/TRIMMER0091_P80/00-RawData/TRIMMER_Plate80_S2_L001_R2_001_sub.fastq.gz"],
            "stats-file": "/nmspipeline//01-Processing/TRIMMER0091_P80/01-PrimerTrim/18-SMARTindex_LC_primers.log",
            "uncompressed": false
        },
        "primers": [ ["p5primer1","GTCAGGTCAGTGGTATCAACGCAGAGTACATGGGG"], ["KaLC.6_REV_LC","GGATACAGTTGGTGCAGCATC"], ["LaLC.R-mIGL","ATCGTACACACCAGTGTGGC"], ["p5primer1","GTCAGGTCAGTGGTATCAACGCAGAGTACATGGGG"], ["KaLC.6_REV_LC","GGATACAGTTGGTGCAGCATC"], ["LaLC.R-mIGL","ATCGTACACACCAGTGTGGC"] ]
    },
    "Fragment": {
        "in": 100000,
        "out": 70,
        "basepairs_in": 60000000,
        "basepairs_out": 38082,
        "flipped": 31,
        "primers_counts": [ ["p5primer1","LaLC.R-mIGL",2], ["p5primer1","KaLC.6_REV_LC",68], ["p5primer1","None",145], ["None","LaLC.R-mIGL",602], ["None","None",48321], ["None","KaLC.6_REV_LC",50862] ]
    },
    "Single_end": {
        "in": 0,
        "out": 0,
        "basepairs_in": 0,
        "basepairs_out": 0,
        "primerTrim": 0,
        "primerBpTrim": 0,
        "discarded": 0
    },
    "Paired_end": {
        "in": 100000,
        "out": 70,
        "discarded": 99930,
        "Read1": {
            "basepairs_in": 30000000,
            "basepairs_out": 18550,
            "primerTrim": 70,
            "primerBpTrim": 2450
        },
        "Read2": {
            "basepairs_in": 30000000,
            "basepairs_out": 19532,
            "primerTrim": 70,
            "primerBpTrim": 1468
        }
    }
  }, {
    "Program_details": {
        "program": "hts_NTrimmer",
        "version": "1.3.2",
        "options": {
            "append-stats-file": "/nmspipeline//01-Processing/TRIMMER0091_P80/01-PrimerTrim/18-SMARTindex_LC_primers.log",
            "exclude": true,
            "force": false,
            "notes": "",
            "uncompressed": false
        }
    },
    "Fragment": {
        "in": 70,
        "out": 70,
        "basepairs_in": 38082,
        "basepairs_out": 38082
    },
    "Single_end": {
        "in": 0,
        "out": 0,
        "basepairs_in": 0,
        "basepairs_out": 0,
        "rightTrim": 0,
        "leftTrim": 0,
        "discarded": 0
    },
    "Paired_end": {
        "in": 70,
        "out": 70,
        "discarded": 0,
        "Read1": {
            "basepairs_in": 18550,
            "basepairs_out": 18550,
            "leftTrim": 0,
            "rightTrim": 0
        },
        "Read2": {
            "basepairs_in": 19532,
            "basepairs_out": 19532,
            "leftTrim": 0,
            "rightTrim": 0
        }
    }
  }, {
    "Program_details": {
        "program": "hts_SeqScreener",
        "version": "1.3.2",
        "options": {
            "append-stats-file": "/nmspipeline//01-Processing/TRIMMER0091_P80/01-PrimerTrim/18-SMARTindex_LC_primers.log",
            "check-read-2": true,
            "force": false,
            "inverse": false,
            "kmer": 21,
            "notes": "",
            "percentage-hits": 0.01,
            "record": true,
            "seq": "../aberrant_LC.fasta",
            "uncompressed": false
        },
        "screen_info": {
            "screenBP": 96,
            "lookupKmers": 8
        }
    },
    "Fragment": {
        "in": 70,
        "out": 70,
        "basepairs_in": 38082,
        "basepairs_out": 38082
    },
    "Single_end": {
        "in": 0,
        "out": 0,
        "basepairs_in": 0,
        "basepairs_out": 0,
        "hits": 0
    },
    "Paired_end": {
        "in": 70,
        "out": 70,
        "hits": 12,
        "Read1": {
            "basepairs_in": 18550,
            "basepairs_out": 18550
        },
        "Read2": {
            "basepairs_in": 19532,
            "basepairs_out": 19532
        }
    }
  }, {
    "Program_details": {
        "program": "hts_QWindowTrim",
        "version": "1.3.2",
        "options": {
            "append-stats-file": "/nmspipeline//01-Processing/TRIMMER0091_P80/01-PrimerTrim/18-SMARTindex_LC_primers.log",
            "avg-qual-score": 10,
            "force": false,
            "no-left": true,
            "no-right": false,
            "notes": "",
            "qual-offset": 33,
            "uncompressed": false,
            "window-size": 10
        }
    },
    "Fragment": {
        "in": 70,
        "out": 70,
        "basepairs_in": 38082,
        "basepairs_out": 37939
    },
    "Single_end": {
        "in": 0,
        "out": 0,
        "basepairs_in": 0,
        "basepairs_out": 0,
        "rightTrim": 0,
        "leftTrim": 0
    },
    "Paired_end": {
        "in": 70,
        "out": 70,
        "Read1": {
            "basepairs_in": 18550,
            "basepairs_out": 18480,
            "leftTrim": 0,
            "rightTrim": 70
        },
        "Read2": {
            "basepairs_in": 19532,
            "basepairs_out": 19459,
            "leftTrim": 0,
            "rightTrim": 73
        }
    }
  }, {
    "Program_details": {
        "program": "hts_Overlapper",
        "version": "1.3.2",
        "options": {
            "append-stats-file": "/nmspipeline//01-Processing/TRIMMER0091_P80/01-PrimerTrim/18-SMARTindex_LC_primers.log",
            "check-lengths": 20,
            "force": false,
            "force-pairs": false,
            "kmer": 8,
            "kmer-offset": 1,
            "max-mismatch": 100,
            "max-mismatch-errorDensity": 0.25,
            "min-overlap": 8,
            "notes": "",
            "number-of-threads": 1,
            "uncompressed": false
        }
    },
    "Fragment": {
        "in": 70,
        "out": 70,
        "basepairs_in": 37939,
        "basepairs_out": 25271,
        "inserts": {
            "short": 15,
            "medium": 51,
            "long": 4
        },
        "overlap_histogram": [ [14,1], [76,1], [89,1], [91,1], [140,1], [141,1], [149,1], [155,1], [158,2], [159,2], [219,2], [269,1], [320,1], [341,1], [342,1], [381,1], [386,1], [398,1], [399,1], [402,1], [412,4], [414,3], [415,3], [416,7], [417,14], [418,6], [419,1], [421,1], [422,2], [429,1], [446,1] ]
    },
    "Single_end": {
        "in": 0,
        "out": 66,
        "basepairs_in": 0,
        "basepairs_out": 23117
    },
    "Paired_end": {
        "in": 70,
        "out": 4,
        "Read1": {
            "basepairs_in": 18480,
            "basepairs_out": 1052
        },
        "Read2": {
            "basepairs_in": 19459,
            "basepairs_out": 1102
        }
    }
  }, {
    "Program_details": {
        "program": "hts_LengthFilter",
        "version": "1.3.2",
        "options": {
            "append-stats-file": "/nmspipeline//01-Processing/TRIMMER0091_P80/01-PrimerTrim/18-SMARTindex_LC_primers.log",
            "fastq-output": "/nmspipeline//01-Processing/TRIMMER0091_P80/01-PrimerTrim/18-SMARTindex_LC_primers",
            "force": true,
            "max-length": 0,
            "min-length": 385,
            "no-orphans": false,
            "notes": "",
            "stranded": false,
            "uncompressed": false
        }
    },
    "Fragment": {
        "in": 70,
        "out": 47,
        "basepairs_in": 25271,
        "basepairs_out": 19537
    },
    "Single_end": {
        "in": 66,
        "out": 47,
        "basepairs_in": 23117,
        "basepairs_out": 19537,
        "discarded": 19
    },
    "Paired_end": {
        "in": 4,
        "out": 0,
        "discarded": 4,
        "Read1": {
            "basepairs_in": 1052,
            "basepairs_out": 0,
            "discarded": 0
        },
        "Read2": {
            "basepairs_in": 1102,
            "basepairs_out": 0,
            "discarded": 0
        }
    }
  }
]
