[ {
    "Program_details": {
        "program": "hts_Primers",
        "version": "1.3.2",
        "options": {
            "flip": true,
            "float": 0,
            "force": false,
            "keep": false,
            "min_primer_matches": 2,
            "notes": "",
            "primer_end_mismatches": 0,
            "primer_mismatches": 0,
            "primers_3p": "../hc_primers.fasta",
            "primers_5p": "GTCAGGTCAGTGGTATCAACGCAGAGTACATGGGG",
            "read1-input": [ "/nmspipeline//01-Processing/TRIMMER0091_P80/00-RawData/TRIMMER_Plate80_S2_L001_R1_001_sub.fastq.gz"],
            "read2-input": [ "/nmspipeline//01-Processing/TRIMMER0091_P80/00-RawData/TRIMMER_Plate80_S2_L001_R2_001_sub.fastq.gz"],
            "stats-file": "/nmspipeline//01-Processing/TRIMMER0091_P80/01-PrimerTrim/18-SMARTindex_HC_primers.log",
            "uncompressed": false
        },
        "primers": [ ["p5primer1","GTCAGGTCAGTGGTATCAACGCAGAGTACATGGGG"], ["Ga3.10for_mIGH3","GGATAGACAGATGGGGCTGTTGTTGT"], ["Ga12HC.10_REV_CHI","ATAGACAGATGGGGGTGTCGTTTTGG"], ["p5primer1","GTCAGGTCAGTGGTATCAACGCAGAGTACATGGGG"], ["Ga3.10for_mIGH3","GGATAGACAGATGGGGCTGTTGTTGT"], ["Ga12HC.10_REV_CHI","ATAGACAGATGGGGGTGTCGTTTTGG"] ]
    },
    "Fragment": {
        "in": 100000,
        "out": 34,
        "basepairs_in": 60000000,
        "basepairs_out": 18326,
        "flipped": 17,
        "primers_counts": [ ["p5primer1","None",181], ["p5primer1","Ga12HC.10_REV_CHI",33], ["p5primer1","Ga3.10for_mIGH3",1], ["None","Ga3.10for_mIGH3",1141], ["None","Ga12HC.10_REV_CHI",28114], ["None","None",70530] ]
    },
    "Single_end": {
        "in": 0,
        "out": 0,
        "basepairs_in": 0,
        "basepairs_out": 0,
        "primerTrim": 0,
        "primerBpTrim": 0,
        "discarded": 0
    },
    "Paired_end": {
        "in": 100000,
        "out": 34,
        "discarded": 99966,
        "Read1": {
            "basepairs_in": 30000000,
            "basepairs_out": 9010,
            "primerTrim": 34,
            "primerBpTrim": 1190
        },
        "Read2": {
            "basepairs_in": 30000000,
            "basepairs_out": 9316,
            "primerTrim": 34,
            "primerBpTrim": 884
        }
    }
  }, {
    "Program_details": {
        "program": "hts_NTrimmer",
        "version": "1.3.2",
        "options": {
            "append-stats-file": "/nmspipeline//01-Processing/TRIMMER0091_P80/01-PrimerTrim/18-SMARTindex_HC_primers.log",
            "exclude": true,
            "force": false,
            "notes": "",
            "uncompressed": false
        }
    },
    "Fragment": {
        "in": 34,
        "out": 34,
        "basepairs_in": 18326,
        "basepairs_out": 18326
    },
    "Single_end": {
        "in": 0,
        "out": 0,
        "basepairs_in": 0,
        "basepairs_out": 0,
        "rightTrim": 0,
        "leftTrim": 0,
        "discarded": 0
    },
    "Paired_end": {
        "in": 34,
        "out": 34,
        "discarded": 0,
        "Read1": {
            "basepairs_in": 9010,
            "basepairs_out": 9010,
            "leftTrim": 0,
            "rightTrim": 0
        },
        "Read2": {
            "basepairs_in": 9316,
            "basepairs_out": 9316,
            "leftTrim": 0,
            "rightTrim": 0
        }
    }
  }, {
    "Program_details": {
        "program": "hts_SeqScreener",
        "version": "1.3.2",
        "options": {
            "append-stats-file": "/nmspipeline//01-Processing/TRIMMER0091_P80/01-PrimerTrim/18-SMARTindex_HC_primers.log",
            "check-read-2": true,
            "force": false,
            "inverse": false,
            "kmer": 21,
            "notes": "",
            "percentage-hits": 0.01,
            "record": true,
            "seq": "../aberrant_LC.fasta",
            "uncompressed": false
        },
        "screen_info": {
            "screenBP": 96,
            "lookupKmers": 8
        }
    },
    "Fragment": {
        "in": 34,
        "out": 34,
        "basepairs_in": 18326,
        "basepairs_out": 18326
    },
    "Single_end": {
        "in": 0,
        "out": 0,
        "basepairs_in": 0,
        "basepairs_out": 0,
        "hits": 0
    },
    "Paired_end": {
        "in": 34,
        "out": 34,
        "hits": 0,
        "Read1": {
            "basepairs_in": 9010,
            "basepairs_out": 9010
        },
        "Read2": {
            "basepairs_in": 9316,
            "basepairs_out": 9316
        }
    }
  }, {
    "Program_details": {
        "program": "hts_QWindowTrim",
        "version": "1.3.2",
        "options": {
            "append-stats-file": "/nmspipeline//01-Processing/TRIMMER0091_P80/01-PrimerTrim/18-SMARTindex_HC_primers.log",
            "avg-qual-score": 10,
            "force": false,
            "no-left": true,
            "no-right": false,
            "notes": "",
            "qual-offset": 33,
            "uncompressed": false,
            "window-size": 10
        }
    },
    "Fragment": {
        "in": 34,
        "out": 34,
        "basepairs_in": 18326,
        "basepairs_out": 18076
    },
    "Single_end": {
        "in": 0,
        "out": 0,
        "basepairs_in": 0,
        "basepairs_out": 0,
        "rightTrim": 0,
        "leftTrim": 0
    },
    "Paired_end": {
        "in": 34,
        "out": 34,
        "Read1": {
            "basepairs_in": 9010,
            "basepairs_out": 8895,
            "leftTrim": 0,
            "rightTrim": 115
        },
        "Read2": {
            "basepairs_in": 9316,
            "basepairs_out": 9181,
            "leftTrim": 0,
            "rightTrim": 135
        }
    }
  }, {
    "Program_details": {
        "program": "hts_Overlapper",
        "version": "1.3.2",
        "options": {
            "append-stats-file": "/nmspipeline//01-Processing/TRIMMER0091_P80/01-PrimerTrim/18-SMARTindex_HC_primers.log",
            "check-lengths": 20,
            "force": false,
            "force-pairs": false,
            "kmer": 8,
            "kmer-offset": 1,
            "max-mismatch": 100,
            "max-mismatch-errorDensity": 0.25,
            "min-overlap": 8,
            "notes": "",
            "number-of-threads": 1,
            "uncompressed": false
        }
    },
    "Fragment": {
        "in": 34,
        "out": 34,
        "basepairs_in": 18076,
        "basepairs_out": 8027,
        "inserts": {
            "short": 18,
            "medium": 15,
            "long": 1
        },
        "overlap_histogram": [ [32,2], [35,1], [38,1], [39,1], [48,1], [51,1], [70,1], [72,2], [81,1], [83,1], [88,2], [122,1], [215,1], [220,1], [232,1], [283,1], [309,1], [310,1], [315,1], [316,1], [336,1], [443,3], [444,1], [445,3], [447,2] ]
    },
    "Single_end": {
        "in": 0,
        "out": 33,
        "basepairs_in": 0,
        "basepairs_out": 7489
    },
    "Paired_end": {
        "in": 34,
        "out": 1,
        "Read1": {
            "basepairs_in": 8895,
            "basepairs_out": 264
        },
        "Read2": {
            "basepairs_in": 9181,
            "basepairs_out": 274
        }
    }
  }, {
    "Program_details": {
        "program": "hts_LengthFilter",
        "version": "1.3.2",
        "options": {
            "append-stats-file": "/nmspipeline//01-Processing/TRIMMER0091_P80/01-PrimerTrim/18-SMARTindex_HC_primers.log",
            "fastq-output": "/nmspipeline//01-Processing/TRIMMER0091_P80/01-PrimerTrim/18-SMARTindex_HC_primers",
            "force": true,
            "max-length": 0,
            "min-length": 385,
            "no-orphans": false,
            "notes": "",
            "stranded": false,
            "uncompressed": false
        }
    },
    "Fragment": {
        "in": 34,
        "out": 9,
        "basepairs_in": 8027,
        "basepairs_out": 4002
    },
    "Single_end": {
        "in": 33,
        "out": 9,
        "basepairs_in": 7489,
        "basepairs_out": 4002,
        "discarded": 24
    },
    "Paired_end": {
        "in": 1,
        "out": 0,
        "discarded": 1,
        "Read1": {
            "basepairs_in": 264,
            "basepairs_out": 0,
            "discarded": 0
        },
        "Read2": {
            "basepairs_in": 274,
            "basepairs_out": 0,
            "discarded": 0
        }
    }
  }
]
