[ {
    "Program_details": {
        "program": "hts_Primers",
        "version": "1.3.2",
        "options": {
            "flip": true,
            "float": 0,
            "force": false,
            "keep": false,
            "min_primer_matches": 2,
            "notes": "",
            "primer_end_mismatches": 0,
            "primer_mismatches": 0,
            "primers_3p": "../lc_primers.fasta",
            "primers_5p": "ATACTGTCAGTGGTATCAACGCAGAGTACATGGGG",
            "read1-input": [ "/nmspipeline//01-Processing/TRIMMER0091_P80/00-RawData/TRIMMER_Plate80_S2_L001_R1_001_sub.fastq.gz"],
            "read2-input": [ "/nmspipeline//01-Processing/TRIMMER0091_P80/00-RawData/TRIMMER_Plate80_S2_L001_R2_001_sub.fastq.gz"],
            "stats-file": "/nmspipeline//01-Processing/TRIMMER0091_P80/01-PrimerTrim/19-SMARTindex_LC_primers.log",
            "uncompressed": false
        },
        "primers": [ ["p5primer1","ATACTGTCAGTGGTATCAACGCAGAGTACATGGGG"], ["KaLC.6_REV_LC","GGATACAGTTGGTGCAGCATC"], ["LaLC.R-mIGL","ATCGTACACACCAGTGTGGC"], ["p5primer1","ATACTGTCAGTGGTATCAACGCAGAGTACATGGGG"], ["KaLC.6_REV_LC","GGATACAGTTGGTGCAGCATC"], ["LaLC.R-mIGL","ATCGTACACACCAGTGTGGC"] ]
    },
    "Fragment": {
        "in": 100000,
        "out": 586,
        "basepairs_in": 60000000,
        "basepairs_out": 318786,
        "flipped": 241,
        "primers_counts": [ ["p5primer1","LaLC.R-mIGL",2], ["p5primer1","None",332], ["p5primer1","KaLC.6_REV_LC",584], ["None","LaLC.R-mIGL",602], ["None","None",48134], ["None","KaLC.6_REV_LC",50346] ]
    },
    "Single_end": {
        "in": 0,
        "out": 0,
        "basepairs_in": 0,
        "basepairs_out": 0,
        "primerTrim": 0,
        "primerBpTrim": 0,
        "discarded": 0
    },
    "Paired_end": {
        "in": 100000,
        "out": 586,
        "discarded": 99414,
        "Read1": {
            "basepairs_in": 30000000,
            "basepairs_out": 155290,
            "primerTrim": 586,
            "primerBpTrim": 20510
        },
        "Read2": {
            "basepairs_in": 30000000,
            "basepairs_out": 163496,
            "primerTrim": 586,
            "primerBpTrim": 12304
        }
    }
  }, {
    "Program_details": {
        "program": "hts_NTrimmer",
        "version": "1.3.2",
        "options": {
            "append-stats-file": "/nmspipeline//01-Processing/TRIMMER0091_P80/01-PrimerTrim/19-SMARTindex_LC_primers.log",
            "exclude": true,
            "force": false,
            "notes": "",
            "uncompressed": false
        }
    },
    "Fragment": {
        "in": 586,
        "out": 586,
        "basepairs_in": 318786,
        "basepairs_out": 318786
    },
    "Single_end": {
        "in": 0,
        "out": 0,
        "basepairs_in": 0,
        "basepairs_out": 0,
        "rightTrim": 0,
        "leftTrim": 0,
        "discarded": 0
    },
    "Paired_end": {
        "in": 586,
        "out": 586,
        "discarded": 0,
        "Read1": {
            "basepairs_in": 155290,
            "basepairs_out": 155290,
            "leftTrim": 0,
            "rightTrim": 0
        },
        "Read2": {
            "basepairs_in": 163496,
            "basepairs_out": 163496,
            "leftTrim": 0,
            "rightTrim": 0
        }
    }
  }, {
    "Program_details": {
        "program": "hts_SeqScreener",
        "version": "1.3.2",
        "options": {
            "append-stats-file": "/nmspipeline//01-Processing/TRIMMER0091_P80/01-PrimerTrim/19-SMARTindex_LC_primers.log",
            "check-read-2": true,
            "force": false,
            "inverse": false,
            "kmer": 21,
            "notes": "",
            "percentage-hits": 0.01,
            "record": true,
            "seq": "../aberrant_LC.fasta",
            "uncompressed": false
        },
        "screen_info": {
            "screenBP": 96,
            "lookupKmers": 8
        }
    },
    "Fragment": {
        "in": 586,
        "out": 586,
        "basepairs_in": 318786,
        "basepairs_out": 318786
    },
    "Single_end": {
        "in": 0,
        "out": 0,
        "basepairs_in": 0,
        "basepairs_out": 0,
        "hits": 0
    },
    "Paired_end": {
        "in": 586,
        "out": 586,
        "hits": 121,
        "Read1": {
            "basepairs_in": 155290,
            "basepairs_out": 155290
        },
        "Read2": {
            "basepairs_in": 163496,
            "basepairs_out": 163496
        }
    }
  }, {
    "Program_details": {
        "program": "hts_QWindowTrim",
        "version": "1.3.2",
        "options": {
            "append-stats-file": "/nmspipeline//01-Processing/TRIMMER0091_P80/01-PrimerTrim/19-SMARTindex_LC_primers.log",
            "avg-qual-score": 10,
            "force": false,
            "no-left": true,
            "no-right": false,
            "notes": "",
            "qual-offset": 33,
            "uncompressed": false,
            "window-size": 10
        }
    },
    "Fragment": {
        "in": 586,
        "out": 586,
        "basepairs_in": 318786,
        "basepairs_out": 317212
    },
    "Single_end": {
        "in": 0,
        "out": 0,
        "basepairs_in": 0,
        "basepairs_out": 0,
        "rightTrim": 0,
        "leftTrim": 0
    },
    "Paired_end": {
        "in": 586,
        "out": 586,
        "Read1": {
            "basepairs_in": 155290,
            "basepairs_out": 154713,
            "leftTrim": 0,
            "rightTrim": 577
        },
        "Read2": {
            "basepairs_in": 163496,
            "basepairs_out": 162499,
            "leftTrim": 0,
            "rightTrim": 997
        }
    }
  }, {
    "Program_details": {
        "program": "hts_Overlapper",
        "version": "1.3.2",
        "options": {
            "append-stats-file": "/nmspipeline//01-Processing/TRIMMER0091_P80/01-PrimerTrim/19-SMARTindex_LC_primers.log",
            "check-lengths": 20,
            "force": false,
            "force-pairs": false,
            "kmer": 8,
            "kmer-offset": 1,
            "max-mismatch": 100,
            "max-mismatch-errorDensity": 0.25,
            "min-overlap": 8,
            "notes": "",
            "number-of-threads": 1,
            "uncompressed": false
        }
    },
    "Fragment": {
        "in": 586,
        "out": 586,
        "basepairs_in": 317212,
        "basepairs_out": 229502,
        "inserts": {
            "short": 81,
            "medium": 472,
            "long": 33
        },
        "overlap_histogram": [ [15,2], [26,1], [55,1], [56,1], [59,1], [64,1], [82,4], [83,8], [84,2], [85,1], [86,35], [87,1], [91,1], [99,1], [100,1], [108,1], [112,1], [113,1], [123,1], [133,1], [138,1], [177,1], [201,1], [217,1], [218,1], [219,2], [221,1], [222,1], [223,1], [226,1], [234,1], [236,1], [238,1], [246,1], [298,1], [305,1], [321,1], [332,2], [338,1], [340,1], [378,1], [395,1], [396,1], [397,1], [398,8], [399,6], [407,1], [411,1], [417,1], [418,32], [419,1], [420,1], [421,10], [422,11], [423,12], [424,1], [426,3], [427,1], [428,3], [430,16], [431,47], [432,17], [433,11], [434,182], [435,8], [436,1], [439,6], [440,12], [441,3], [442,2], [443,38], [444,17], [445,4], [446,1], [456,2], [462,1], [530,1] ]
    },
    "Single_end": {
        "in": 0,
        "out": 553,
        "basepairs_in": 0,
        "basepairs_out": 211728
    },
    "Paired_end": {
        "in": 586,
        "out": 33,
        "Read1": {
            "basepairs_in": 154713,
            "basepairs_out": 8639
        },
        "Read2": {
            "basepairs_in": 162499,
            "basepairs_out": 9135
        }
    }
  }, {
    "Program_details": {
        "program": "hts_LengthFilter",
        "version": "1.3.2",
        "options": {
            "append-stats-file": "/nmspipeline//01-Processing/TRIMMER0091_P80/01-PrimerTrim/19-SMARTindex_LC_primers.log",
            "fastq-output": "/nmspipeline//01-Processing/TRIMMER0091_P80/01-PrimerTrim/19-SMARTindex_LC_primers",
            "force": true,
            "max-length": 0,
            "min-length": 385,
            "no-orphans": false,
            "notes": "",
            "stranded": false,
            "uncompressed": false
        }
    },
    "Fragment": {
        "in": 586,
        "out": 464,
        "basepairs_in": 229502,
        "basepairs_out": 200338
    },
    "Single_end": {
        "in": 553,
        "out": 464,
        "basepairs_in": 211728,
        "basepairs_out": 200338,
        "discarded": 89
    },
    "Paired_end": {
        "in": 33,
        "out": 0,
        "discarded": 33,
        "Read1": {
            "basepairs_in": 8639,
            "basepairs_out": 0,
            "discarded": 0
        },
        "Read2": {
            "basepairs_in": 9135,
            "basepairs_out": 0,
            "discarded": 0
        }
    }
  }
]
