[ {
    "Program_details": {
        "program": "hts_Primers",
        "version": "1.3.2",
        "options": {
            "flip": true,
            "float": 0,
            "force": false,
            "keep": false,
            "min_primer_matches": 2,
            "notes": "",
            "primer_end_mismatches": 0,
            "primer_mismatches": 0,
            "primers_3p": "../hc_primers.fasta",
            "primers_5p": "ATACTGTCAGTGGTATCAACGCAGAGTACATGGGG",
            "read1-input": [ "/nmspipeline//01-Processing/TRIMMER0091_P80/00-RawData/TRIMMER_Plate80_S2_L001_R1_001_sub.fastq.gz"],
            "read2-input": [ "/nmspipeline//01-Processing/TRIMMER0091_P80/00-RawData/TRIMMER_Plate80_S2_L001_R2_001_sub.fastq.gz"],
            "stats-file": "/nmspipeline//01-Processing/TRIMMER0091_P80/01-PrimerTrim/19-SMARTindex_HC_primers.log",
            "uncompressed": false
        },
        "primers": [ ["p5primer1","ATACTGTCAGTGGTATCAACGCAGAGTACATGGGG"], ["Ga3.10for_mIGH3","GGATAGACAGATGGGGCTGTTGTTGT"], ["Ga12HC.10_REV_CHI","ATAGACAGATGGGGGTGTCGTTTTGG"], ["p5primer1","ATACTGTCAGTGGTATCAACGCAGAGTACATGGGG"], ["Ga3.10for_mIGH3","GGATAGACAGATGGGGCTGTTGTTGT"], ["Ga12HC.10_REV_CHI","ATAGACAGATGGGGGTGTCGTTTTGG"] ]
    },
    "Fragment": {
        "in": 100000,
        "out": 184,
        "basepairs_in": 60000000,
        "basepairs_out": 99176,
        "flipped": 77,
        "primers_counts": [ ["p5primer1","Ga12HC.10_REV_CHI",182], ["p5primer1","Ga3.10for_mIGH3",2], ["None","Ga3.10for_mIGH3",1140], ["p5primer1","None",734], ["None","Ga12HC.10_REV_CHI",27965], ["None","None",69977] ]
    },
    "Single_end": {
        "in": 0,
        "out": 0,
        "basepairs_in": 0,
        "basepairs_out": 0,
        "primerTrim": 0,
        "primerBpTrim": 0,
        "discarded": 0
    },
    "Paired_end": {
        "in": 100000,
        "out": 184,
        "discarded": 99816,
        "Read1": {
            "basepairs_in": 30000000,
            "basepairs_out": 48760,
            "primerTrim": 184,
            "primerBpTrim": 6440
        },
        "Read2": {
            "basepairs_in": 30000000,
            "basepairs_out": 50416,
            "primerTrim": 184,
            "primerBpTrim": 4784
        }
    }
  }, {
    "Program_details": {
        "program": "hts_NTrimmer",
        "version": "1.3.2",
        "options": {
            "append-stats-file": "/nmspipeline//01-Processing/TRIMMER0091_P80/01-PrimerTrim/19-SMARTindex_HC_primers.log",
            "exclude": true,
            "force": false,
            "notes": "",
            "uncompressed": false
        }
    },
    "Fragment": {
        "in": 184,
        "out": 184,
        "basepairs_in": 99176,
        "basepairs_out": 99176
    },
    "Single_end": {
        "in": 0,
        "out": 0,
        "basepairs_in": 0,
        "basepairs_out": 0,
        "rightTrim": 0,
        "leftTrim": 0,
        "discarded": 0
    },
    "Paired_end": {
        "in": 184,
        "out": 184,
        "discarded": 0,
        "Read1": {
            "basepairs_in": 48760,
            "basepairs_out": 48760,
            "leftTrim": 0,
            "rightTrim": 0
        },
        "Read2": {
            "basepairs_in": 50416,
            "basepairs_out": 50416,
            "leftTrim": 0,
            "rightTrim": 0
        }
    }
  }, {
    "Program_details": {
        "program": "hts_SeqScreener",
        "version": "1.3.2",
        "options": {
            "append-stats-file": "/nmspipeline//01-Processing/TRIMMER0091_P80/01-PrimerTrim/19-SMARTindex_HC_primers.log",
            "check-read-2": true,
            "force": false,
            "inverse": false,
            "kmer": 21,
            "notes": "",
            "percentage-hits": 0.01,
            "record": true,
            "seq": "../aberrant_LC.fasta",
            "uncompressed": false
        },
        "screen_info": {
            "screenBP": 96,
            "lookupKmers": 8
        }
    },
    "Fragment": {
        "in": 184,
        "out": 184,
        "basepairs_in": 99176,
        "basepairs_out": 99176
    },
    "Single_end": {
        "in": 0,
        "out": 0,
        "basepairs_in": 0,
        "basepairs_out": 0,
        "hits": 0
    },
    "Paired_end": {
        "in": 184,
        "out": 184,
        "hits": 0,
        "Read1": {
            "basepairs_in": 48760,
            "basepairs_out": 48760
        },
        "Read2": {
            "basepairs_in": 50416,
            "basepairs_out": 50416
        }
    }
  }, {
    "Program_details": {
        "program": "hts_QWindowTrim",
        "version": "1.3.2",
        "options": {
            "append-stats-file": "/nmspipeline//01-Processing/TRIMMER0091_P80/01-PrimerTrim/19-SMARTindex_HC_primers.log",
            "avg-qual-score": 10,
            "force": false,
            "no-left": true,
            "no-right": false,
            "notes": "",
            "qual-offset": 33,
            "uncompressed": false,
            "window-size": 10
        }
    },
    "Fragment": {
        "in": 184,
        "out": 184,
        "basepairs_in": 99176,
        "basepairs_out": 98784
    },
    "Single_end": {
        "in": 0,
        "out": 0,
        "basepairs_in": 0,
        "basepairs_out": 0,
        "rightTrim": 0,
        "leftTrim": 0
    },
    "Paired_end": {
        "in": 184,
        "out": 184,
        "Read1": {
            "basepairs_in": 48760,
            "basepairs_out": 48544,
            "leftTrim": 0,
            "rightTrim": 216
        },
        "Read2": {
            "basepairs_in": 50416,
            "basepairs_out": 50240,
            "leftTrim": 0,
            "rightTrim": 176
        }
    }
  }, {
    "Program_details": {
        "program": "hts_Overlapper",
        "version": "1.3.2",
        "options": {
            "append-stats-file": "/nmspipeline//01-Processing/TRIMMER0091_P80/01-PrimerTrim/19-SMARTindex_HC_primers.log",
            "check-lengths": 20,
            "force": false,
            "force-pairs": false,
            "kmer": 8,
            "kmer-offset": 1,
            "max-mismatch": 100,
            "max-mismatch-errorDensity": 0.25,
            "min-overlap": 8,
            "notes": "",
            "number-of-threads": 1,
            "uncompressed": false
        }
    },
    "Fragment": {
        "in": 184,
        "out": 184,
        "basepairs_in": 98784,
        "basepairs_out": 74408,
        "inserts": {
            "short": 21,
            "medium": 152,
            "long": 11
        },
        "overlap_histogram": [ [10,1], [13,1], [23,1], [24,1], [25,1], [27,1], [28,1], [31,1], [39,1], [53,1], [69,1], [76,1], [85,1], [89,1], [103,1], [186,1], [200,1], [211,1], [218,1], [229,1], [237,1], [277,1], [288,1], [332,1], [392,1], [411,1], [412,1], [421,1], [422,1], [425,1], [431,66], [432,1], [433,6], [434,9], [443,1], [451,1], [452,4], [453,32], [454,3], [455,1], [456,8], [458,8], [459,1], [465,1], [511,1] ]
    },
    "Single_end": {
        "in": 0,
        "out": 173,
        "basepairs_in": 0,
        "basepairs_out": 68500
    },
    "Paired_end": {
        "in": 184,
        "out": 11,
        "Read1": {
            "basepairs_in": 48544,
            "basepairs_out": 2896
        },
        "Read2": {
            "basepairs_in": 50240,
            "basepairs_out": 3012
        }
    }
  }, {
    "Program_details": {
        "program": "hts_LengthFilter",
        "version": "1.3.2",
        "options": {
            "append-stats-file": "/nmspipeline//01-Processing/TRIMMER0091_P80/01-PrimerTrim/19-SMARTindex_HC_primers.log",
            "fastq-output": "/nmspipeline//01-Processing/TRIMMER0091_P80/01-PrimerTrim/19-SMARTindex_HC_primers",
            "force": true,
            "max-length": 0,
            "min-length": 385,
            "no-orphans": false,
            "notes": "",
            "stranded": false,
            "uncompressed": false
        }
    },
    "Fragment": {
        "in": 184,
        "out": 149,
        "basepairs_in": 74408,
        "basepairs_out": 65627
    },
    "Single_end": {
        "in": 173,
        "out": 149,
        "basepairs_in": 68500,
        "basepairs_out": 65627,
        "discarded": 24
    },
    "Paired_end": {
        "in": 11,
        "out": 0,
        "discarded": 11,
        "Read1": {
            "basepairs_in": 2896,
            "basepairs_out": 0,
            "discarded": 0
        },
        "Read2": {
            "basepairs_in": 3012,
            "basepairs_out": 0,
            "discarded": 0
        }
    }
  }
]
