[ {
    "Program_details": {
        "program": "hts_Primers",
        "version": "1.3.2",
        "options": {
            "flip": true,
            "float": 0,
            "force": false,
            "keep": false,
            "min_primer_matches": 2,
            "notes": "",
            "primer_end_mismatches": 0,
            "primer_mismatches": 0,
            "primers_3p": "../hc_primers.fasta",
            "primers_5p": "TATGTCTCAGTGGTATCAACGCAGAGTACATGGGG",
            "read1-input": [ "/nmspipeline//01-Processing/TRIMMER0091_P80/00-RawData/TRIMMER_Plate80_S2_L001_R1_001_sub.fastq.gz"],
            "read2-input": [ "/nmspipeline//01-Processing/TRIMMER0091_P80/00-RawData/TRIMMER_Plate80_S2_L001_R2_001_sub.fastq.gz"],
            "stats-file": "/nmspipeline//01-Processing/TRIMMER0091_P80/01-PrimerTrim/20-SMARTindex_HC_primers.log",
            "uncompressed": false
        },
        "primers": [ ["p5primer1","TATGTCTCAGTGGTATCAACGCAGAGTACATGGGG"], ["Ga3.10for_mIGH3","GGATAGACAGATGGGGCTGTTGTTGT"], ["Ga12HC.10_REV_CHI","ATAGACAGATGGGGGTGTCGTTTTGG"], ["p5primer1","TATGTCTCAGTGGTATCAACGCAGAGTACATGGGG"], ["Ga3.10for_mIGH3","GGATAGACAGATGGGGCTGTTGTTGT"], ["Ga12HC.10_REV_CHI","ATAGACAGATGGGGGTGTCGTTTTGG"] ]
    },
    "Fragment": {
        "in": 100000,
        "out": 300,
        "basepairs_in": 60000000,
        "basepairs_out": 161700,
        "flipped": 123,
        "primers_counts": [ ["p5primer1","None",491], ["p5primer1","Ga12HC.10_REV_CHI",300], ["None","Ga3.10for_mIGH3",1142], ["None","Ga12HC.10_REV_CHI",27847], ["None","None",70220] ]
    },
    "Single_end": {
        "in": 0,
        "out": 0,
        "basepairs_in": 0,
        "basepairs_out": 0,
        "primerTrim": 0,
        "primerBpTrim": 0,
        "discarded": 0
    },
    "Paired_end": {
        "in": 100000,
        "out": 300,
        "discarded": 99700,
        "Read1": {
            "basepairs_in": 30000000,
            "basepairs_out": 79500,
            "primerTrim": 300,
            "primerBpTrim": 10500
        },
        "Read2": {
            "basepairs_in": 30000000,
            "basepairs_out": 82200,
            "primerTrim": 300,
            "primerBpTrim": 7800
        }
    }
  }, {
    "Program_details": {
        "program": "hts_NTrimmer",
        "version": "1.3.2",
        "options": {
            "append-stats-file": "/nmspipeline//01-Processing/TRIMMER0091_P80/01-PrimerTrim/20-SMARTindex_HC_primers.log",
            "exclude": true,
            "force": false,
            "notes": "",
            "uncompressed": false
        }
    },
    "Fragment": {
        "in": 300,
        "out": 300,
        "basepairs_in": 161700,
        "basepairs_out": 161700
    },
    "Single_end": {
        "in": 0,
        "out": 0,
        "basepairs_in": 0,
        "basepairs_out": 0,
        "rightTrim": 0,
        "leftTrim": 0,
        "discarded": 0
    },
    "Paired_end": {
        "in": 300,
        "out": 300,
        "discarded": 0,
        "Read1": {
            "basepairs_in": 79500,
            "basepairs_out": 79500,
            "leftTrim": 0,
            "rightTrim": 0
        },
        "Read2": {
            "basepairs_in": 82200,
            "basepairs_out": 82200,
            "leftTrim": 0,
            "rightTrim": 0
        }
    }
  }, {
    "Program_details": {
        "program": "hts_SeqScreener",
        "version": "1.3.2",
        "options": {
            "append-stats-file": "/nmspipeline//01-Processing/TRIMMER0091_P80/01-PrimerTrim/20-SMARTindex_HC_primers.log",
            "check-read-2": true,
            "force": false,
            "inverse": false,
            "kmer": 21,
            "notes": "",
            "percentage-hits": 0.01,
            "record": true,
            "seq": "../aberrant_LC.fasta",
            "uncompressed": false
        },
        "screen_info": {
            "screenBP": 96,
            "lookupKmers": 8
        }
    },
    "Fragment": {
        "in": 300,
        "out": 300,
        "basepairs_in": 161700,
        "basepairs_out": 161700
    },
    "Single_end": {
        "in": 0,
        "out": 0,
        "basepairs_in": 0,
        "basepairs_out": 0,
        "hits": 0
    },
    "Paired_end": {
        "in": 300,
        "out": 300,
        "hits": 0,
        "Read1": {
            "basepairs_in": 79500,
            "basepairs_out": 79500
        },
        "Read2": {
            "basepairs_in": 82200,
            "basepairs_out": 82200
        }
    }
  }, {
    "Program_details": {
        "program": "hts_QWindowTrim",
        "version": "1.3.2",
        "options": {
            "append-stats-file": "/nmspipeline//01-Processing/TRIMMER0091_P80/01-PrimerTrim/20-SMARTindex_HC_primers.log",
            "avg-qual-score": 10,
            "force": false,
            "no-left": true,
            "no-right": false,
            "notes": "",
            "qual-offset": 33,
            "uncompressed": false,
            "window-size": 10
        }
    },
    "Fragment": {
        "in": 300,
        "out": 300,
        "basepairs_in": 161700,
        "basepairs_out": 160974
    },
    "Single_end": {
        "in": 0,
        "out": 0,
        "basepairs_in": 0,
        "basepairs_out": 0,
        "rightTrim": 0,
        "leftTrim": 0
    },
    "Paired_end": {
        "in": 300,
        "out": 300,
        "Read1": {
            "basepairs_in": 79500,
            "basepairs_out": 79047,
            "leftTrim": 0,
            "rightTrim": 453
        },
        "Read2": {
            "basepairs_in": 82200,
            "basepairs_out": 81927,
            "leftTrim": 0,
            "rightTrim": 273
        }
    }
  }, {
    "Program_details": {
        "program": "hts_Overlapper",
        "version": "1.3.2",
        "options": {
            "append-stats-file": "/nmspipeline//01-Processing/TRIMMER0091_P80/01-PrimerTrim/20-SMARTindex_HC_primers.log",
            "check-lengths": 20,
            "force": false,
            "force-pairs": false,
            "kmer": 8,
            "kmer-offset": 1,
            "max-mismatch": 100,
            "max-mismatch-errorDensity": 0.25,
            "min-overlap": 8,
            "notes": "",
            "number-of-threads": 1,
            "uncompressed": false
        }
    },
    "Fragment": {
        "in": 300,
        "out": 300,
        "basepairs_in": 160974,
        "basepairs_out": 132112,
        "inserts": {
            "short": 27,
            "medium": 241,
            "long": 32
        },
        "overlap_histogram": [ [23,1], [24,1], [27,1], [31,1], [32,1], [40,1], [51,1], [53,2], [59,1], [69,1], [74,1], [79,1], [101,1], [116,1], [160,1], [166,1], [175,1], [177,1], [201,1], [207,1], [225,1], [230,1], [232,2], [237,1], [254,1], [290,1], [338,1], [348,1], [405,1], [428,2], [433,5], [437,2], [438,1], [445,1], [446,19], [448,3], [454,1], [458,1], [459,1], [462,1], [463,1], [464,5], [466,4], [467,2], [468,25], [469,119], [470,23], [471,8], [472,1], [473,7], [474,2], [480,2], [488,1] ]
    },
    "Single_end": {
        "in": 0,
        "out": 268,
        "basepairs_in": 0,
        "basepairs_out": 114987
    },
    "Paired_end": {
        "in": 300,
        "out": 32,
        "Read1": {
            "basepairs_in": 79047,
            "basepairs_out": 8408
        },
        "Read2": {
            "basepairs_in": 81927,
            "basepairs_out": 8717
        }
    }
  }, {
    "Program_details": {
        "program": "hts_LengthFilter",
        "version": "1.3.2",
        "options": {
            "append-stats-file": "/nmspipeline//01-Processing/TRIMMER0091_P80/01-PrimerTrim/20-SMARTindex_HC_primers.log",
            "fastq-output": "/nmspipeline//01-Processing/TRIMMER0091_P80/01-PrimerTrim/20-SMARTindex_HC_primers",
            "force": true,
            "max-length": 0,
            "min-length": 385,
            "no-orphans": false,
            "notes": "",
            "stranded": false,
            "uncompressed": false
        }
    },
    "Fragment": {
        "in": 300,
        "out": 238,
        "basepairs_in": 132112,
        "basepairs_out": 110683
    },
    "Single_end": {
        "in": 268,
        "out": 238,
        "basepairs_in": 114987,
        "basepairs_out": 110683,
        "discarded": 30
    },
    "Paired_end": {
        "in": 32,
        "out": 0,
        "discarded": 32,
        "Read1": {
            "basepairs_in": 8408,
            "basepairs_out": 0,
            "discarded": 0
        },
        "Read2": {
            "basepairs_in": 8717,
            "basepairs_out": 0,
            "discarded": 0
        }
    }
  }
]
