[ {
    "Program_details": {
        "program": "hts_Primers",
        "version": "1.3.2",
        "options": {
            "flip": true,
            "float": 0,
            "force": false,
            "keep": false,
            "min_primer_matches": 2,
            "notes": "",
            "primer_end_mismatches": 0,
            "primer_mismatches": 0,
            "primers_3p": "../lc_primers.fasta",
            "primers_5p": "TATGTCTCAGTGGTATCAACGCAGAGTACATGGGG",
            "read1-input": [ "/nmspipeline//01-Processing/TRIMMER0091_P80/00-RawData/TRIMMER_Plate80_S2_L001_R1_001_sub.fastq.gz"],
            "read2-input": [ "/nmspipeline//01-Processing/TRIMMER0091_P80/00-RawData/TRIMMER_Plate80_S2_L001_R2_001_sub.fastq.gz"],
            "stats-file": "/nmspipeline//01-Processing/TRIMMER0091_P80/01-PrimerTrim/20-SMARTindex_LC_primers.log",
            "uncompressed": false
        },
        "primers": [ ["p5primer1","TATGTCTCAGTGGTATCAACGCAGAGTACATGGGG"], ["KaLC.6_REV_LC","GGATACAGTTGGTGCAGCATC"], ["LaLC.R-mIGL","ATCGTACACACCAGTGTGGC"], ["p5primer1","TATGTCTCAGTGGTATCAACGCAGAGTACATGGGG"], ["KaLC.6_REV_LC","GGATACAGTTGGTGCAGCATC"], ["LaLC.R-mIGL","ATCGTACACACCAGTGTGGC"] ]
    },
    "Fragment": {
        "in": 100000,
        "out": 363,
        "basepairs_in": 60000000,
        "basepairs_out": 197472,
        "flipped": 159,
        "primers_counts": [ ["p5primer1","KaLC.6_REV_LC",363], ["p5primer1","None",428], ["None","LaLC.R-mIGL",604], ["None","None",48038], ["None","KaLC.6_REV_LC",50567] ]
    },
    "Single_end": {
        "in": 0,
        "out": 0,
        "basepairs_in": 0,
        "basepairs_out": 0,
        "primerTrim": 0,
        "primerBpTrim": 0,
        "discarded": 0
    },
    "Paired_end": {
        "in": 100000,
        "out": 363,
        "discarded": 99637,
        "Read1": {
            "basepairs_in": 30000000,
            "basepairs_out": 96195,
            "primerTrim": 363,
            "primerBpTrim": 12705
        },
        "Read2": {
            "basepairs_in": 30000000,
            "basepairs_out": 101277,
            "primerTrim": 363,
            "primerBpTrim": 7623
        }
    }
  }, {
    "Program_details": {
        "program": "hts_NTrimmer",
        "version": "1.3.2",
        "options": {
            "append-stats-file": "/nmspipeline//01-Processing/TRIMMER0091_P80/01-PrimerTrim/20-SMARTindex_LC_primers.log",
            "exclude": true,
            "force": false,
            "notes": "",
            "uncompressed": false
        }
    },
    "Fragment": {
        "in": 363,
        "out": 363,
        "basepairs_in": 197472,
        "basepairs_out": 197472
    },
    "Single_end": {
        "in": 0,
        "out": 0,
        "basepairs_in": 0,
        "basepairs_out": 0,
        "rightTrim": 0,
        "leftTrim": 0,
        "discarded": 0
    },
    "Paired_end": {
        "in": 363,
        "out": 363,
        "discarded": 0,
        "Read1": {
            "basepairs_in": 96195,
            "basepairs_out": 96195,
            "leftTrim": 0,
            "rightTrim": 0
        },
        "Read2": {
            "basepairs_in": 101277,
            "basepairs_out": 101277,
            "leftTrim": 0,
            "rightTrim": 0
        }
    }
  }, {
    "Program_details": {
        "program": "hts_SeqScreener",
        "version": "1.3.2",
        "options": {
            "append-stats-file": "/nmspipeline//01-Processing/TRIMMER0091_P80/01-PrimerTrim/20-SMARTindex_LC_primers.log",
            "check-read-2": true,
            "force": false,
            "inverse": false,
            "kmer": 21,
            "notes": "",
            "percentage-hits": 0.01,
            "record": true,
            "seq": "../aberrant_LC.fasta",
            "uncompressed": false
        },
        "screen_info": {
            "screenBP": 96,
            "lookupKmers": 8
        }
    },
    "Fragment": {
        "in": 363,
        "out": 363,
        "basepairs_in": 197472,
        "basepairs_out": 197472
    },
    "Single_end": {
        "in": 0,
        "out": 0,
        "basepairs_in": 0,
        "basepairs_out": 0,
        "hits": 0
    },
    "Paired_end": {
        "in": 363,
        "out": 363,
        "hits": 103,
        "Read1": {
            "basepairs_in": 96195,
            "basepairs_out": 96195
        },
        "Read2": {
            "basepairs_in": 101277,
            "basepairs_out": 101277
        }
    }
  }, {
    "Program_details": {
        "program": "hts_QWindowTrim",
        "version": "1.3.2",
        "options": {
            "append-stats-file": "/nmspipeline//01-Processing/TRIMMER0091_P80/01-PrimerTrim/20-SMARTindex_LC_primers.log",
            "avg-qual-score": 10,
            "force": false,
            "no-left": true,
            "no-right": false,
            "notes": "",
            "qual-offset": 33,
            "uncompressed": false,
            "window-size": 10
        }
    },
    "Fragment": {
        "in": 363,
        "out": 363,
        "basepairs_in": 197472,
        "basepairs_out": 196923
    },
    "Single_end": {
        "in": 0,
        "out": 0,
        "basepairs_in": 0,
        "basepairs_out": 0,
        "rightTrim": 0,
        "leftTrim": 0
    },
    "Paired_end": {
        "in": 363,
        "out": 363,
        "Read1": {
            "basepairs_in": 96195,
            "basepairs_out": 95945,
            "leftTrim": 0,
            "rightTrim": 250
        },
        "Read2": {
            "basepairs_in": 101277,
            "basepairs_out": 100978,
            "leftTrim": 0,
            "rightTrim": 299
        }
    }
  }, {
    "Program_details": {
        "program": "hts_Overlapper",
        "version": "1.3.2",
        "options": {
            "append-stats-file": "/nmspipeline//01-Processing/TRIMMER0091_P80/01-PrimerTrim/20-SMARTindex_LC_primers.log",
            "check-lengths": 20,
            "force": false,
            "force-pairs": false,
            "kmer": 8,
            "kmer-offset": 1,
            "max-mismatch": 100,
            "max-mismatch-errorDensity": 0.25,
            "min-overlap": 8,
            "notes": "",
            "number-of-threads": 1,
            "uncompressed": false
        }
    },
    "Fragment": {
        "in": 363,
        "out": 363,
        "basepairs_in": 196923,
        "basepairs_out": 147113,
        "inserts": {
            "short": 23,
            "medium": 319,
            "long": 21
        },
        "overlap_histogram": [ [11,1], [26,1], [36,1], [40,1], [44,1], [48,1], [77,1], [97,1], [101,1], [108,1], [120,1], [123,1], [131,1], [133,1], [136,1], [145,1], [164,1], [171,1], [175,1], [177,1], [189,1], [209,1], [245,1], [355,1], [361,1], [371,3], [389,1], [394,1], [398,5], [399,10], [401,1], [402,2], [406,2], [407,1], [409,4], [411,3], [412,47], [413,10], [414,1], [415,13], [416,20], [417,5], [418,45], [420,7], [421,96], [422,6], [423,18], [425,1], [427,1], [429,1], [430,4], [432,2], [434,1], [435,1], [440,1], [445,1], [446,1], [535,2] ]
    },
    "Single_end": {
        "in": 0,
        "out": 342,
        "basepairs_in": 0,
        "basepairs_out": 135746
    },
    "Paired_end": {
        "in": 363,
        "out": 21,
        "Read1": {
            "basepairs_in": 95945,
            "basepairs_out": 5528
        },
        "Read2": {
            "basepairs_in": 100978,
            "basepairs_out": 5839
        }
    }
  }, {
    "Program_details": {
        "program": "hts_LengthFilter",
        "version": "1.3.2",
        "options": {
            "append-stats-file": "/nmspipeline//01-Processing/TRIMMER0091_P80/01-PrimerTrim/20-SMARTindex_LC_primers.log",
            "fastq-output": "/nmspipeline//01-Processing/TRIMMER0091_P80/01-PrimerTrim/20-SMARTindex_LC_primers",
            "force": true,
            "max-length": 0,
            "min-length": 385,
            "no-orphans": false,
            "notes": "",
            "stranded": false,
            "uncompressed": false
        }
    },
    "Fragment": {
        "in": 363,
        "out": 314,
        "basepairs_in": 147113,
        "basepairs_out": 131211
    },
    "Single_end": {
        "in": 342,
        "out": 314,
        "basepairs_in": 135746,
        "basepairs_out": 131211,
        "discarded": 28
    },
    "Paired_end": {
        "in": 21,
        "out": 0,
        "discarded": 21,
        "Read1": {
            "basepairs_in": 5528,
            "basepairs_out": 0,
            "discarded": 0
        },
        "Read2": {
            "basepairs_in": 5839,
            "basepairs_out": 0,
            "discarded": 0
        }
    }
  }
]
