[ {
    "Program_details": {
        "program": "hts_Primers",
        "version": "1.3.2",
        "options": {
            "flip": true,
            "float": 0,
            "force": false,
            "keep": false,
            "min_primer_matches": 2,
            "notes": "",
            "primer_end_mismatches": 0,
            "primer_mismatches": 0,
            "primers_3p": "../hc_primers.fasta",
            "primers_5p": "GGAGGTTCAGTGGTATCAACGCAGAGTACATGGGG",
            "read1-input": [ "/nmspipeline//01-Processing/TRIMMER0091_P80/00-RawData/TRIMMER_Plate80_S2_L001_R1_001_sub.fastq.gz"],
            "read2-input": [ "/nmspipeline//01-Processing/TRIMMER0091_P80/00-RawData/TRIMMER_Plate80_S2_L001_R2_001_sub.fastq.gz"],
            "stats-file": "/nmspipeline//01-Processing/TRIMMER0091_P80/01-PrimerTrim/22-SMARTindex_HC_primers.log",
            "uncompressed": false
        },
        "primers": [ ["p5primer1","GGAGGTTCAGTGGTATCAACGCAGAGTACATGGGG"], ["Ga3.10for_mIGH3","GGATAGACAGATGGGGCTGTTGTTGT"], ["Ga12HC.10_REV_CHI","ATAGACAGATGGGGGTGTCGTTTTGG"], ["p5primer1","GGAGGTTCAGTGGTATCAACGCAGAGTACATGGGG"], ["Ga3.10for_mIGH3","GGATAGACAGATGGGGCTGTTGTTGT"], ["Ga12HC.10_REV_CHI","ATAGACAGATGGGGGTGTCGTTTTGG"] ]
    },
    "Fragment": {
        "in": 100000,
        "out": 1310,
        "basepairs_in": 60000000,
        "basepairs_out": 706090,
        "flipped": 582,
        "primers_counts": [ ["p5primer1","Ga3.10for_mIGH3",5], ["None","Ga3.10for_mIGH3",1137], ["p5primer1","Ga12HC.10_REV_CHI",1305], ["p5primer1","None",1948], ["None","Ga12HC.10_REV_CHI",26842], ["None","None",68763] ]
    },
    "Single_end": {
        "in": 0,
        "out": 0,
        "basepairs_in": 0,
        "basepairs_out": 0,
        "primerTrim": 0,
        "primerBpTrim": 0,
        "discarded": 0
    },
    "Paired_end": {
        "in": 100000,
        "out": 1310,
        "discarded": 98690,
        "Read1": {
            "basepairs_in": 30000000,
            "basepairs_out": 347150,
            "primerTrim": 1310,
            "primerBpTrim": 45850
        },
        "Read2": {
            "basepairs_in": 30000000,
            "basepairs_out": 358940,
            "primerTrim": 1310,
            "primerBpTrim": 34060
        }
    }
  }, {
    "Program_details": {
        "program": "hts_NTrimmer",
        "version": "1.3.2",
        "options": {
            "append-stats-file": "/nmspipeline//01-Processing/TRIMMER0091_P80/01-PrimerTrim/22-SMARTindex_HC_primers.log",
            "exclude": true,
            "force": false,
            "notes": "",
            "uncompressed": false
        }
    },
    "Fragment": {
        "in": 1310,
        "out": 1309,
        "basepairs_in": 706090,
        "basepairs_out": 705551
    },
    "Single_end": {
        "in": 0,
        "out": 0,
        "basepairs_in": 0,
        "basepairs_out": 0,
        "rightTrim": 0,
        "leftTrim": 0,
        "discarded": 0
    },
    "Paired_end": {
        "in": 1310,
        "out": 1309,
        "discarded": 1,
        "Read1": {
            "basepairs_in": 347150,
            "basepairs_out": 346885,
            "leftTrim": 0,
            "rightTrim": 0
        },
        "Read2": {
            "basepairs_in": 358940,
            "basepairs_out": 358666,
            "leftTrim": 0,
            "rightTrim": 0
        }
    }
  }, {
    "Program_details": {
        "program": "hts_SeqScreener",
        "version": "1.3.2",
        "options": {
            "append-stats-file": "/nmspipeline//01-Processing/TRIMMER0091_P80/01-PrimerTrim/22-SMARTindex_HC_primers.log",
            "check-read-2": true,
            "force": false,
            "inverse": false,
            "kmer": 21,
            "notes": "",
            "percentage-hits": 0.01,
            "record": true,
            "seq": "../aberrant_LC.fasta",
            "uncompressed": false
        },
        "screen_info": {
            "screenBP": 96,
            "lookupKmers": 8
        }
    },
    "Fragment": {
        "in": 1309,
        "out": 1309,
        "basepairs_in": 705551,
        "basepairs_out": 705551
    },
    "Single_end": {
        "in": 0,
        "out": 0,
        "basepairs_in": 0,
        "basepairs_out": 0,
        "hits": 0
    },
    "Paired_end": {
        "in": 1309,
        "out": 1309,
        "hits": 0,
        "Read1": {
            "basepairs_in": 346885,
            "basepairs_out": 346885
        },
        "Read2": {
            "basepairs_in": 358666,
            "basepairs_out": 358666
        }
    }
  }, {
    "Program_details": {
        "program": "hts_QWindowTrim",
        "version": "1.3.2",
        "options": {
            "append-stats-file": "/nmspipeline//01-Processing/TRIMMER0091_P80/01-PrimerTrim/22-SMARTindex_HC_primers.log",
            "avg-qual-score": 10,
            "force": false,
            "no-left": true,
            "no-right": false,
            "notes": "",
            "qual-offset": 33,
            "uncompressed": false,
            "window-size": 10
        }
    },
    "Fragment": {
        "in": 1309,
        "out": 1309,
        "basepairs_in": 705551,
        "basepairs_out": 701470
    },
    "Single_end": {
        "in": 0,
        "out": 0,
        "basepairs_in": 0,
        "basepairs_out": 0,
        "rightTrim": 0,
        "leftTrim": 0
    },
    "Paired_end": {
        "in": 1309,
        "out": 1309,
        "Read1": {
            "basepairs_in": 346885,
            "basepairs_out": 345083,
            "leftTrim": 0,
            "rightTrim": 1802
        },
        "Read2": {
            "basepairs_in": 358666,
            "basepairs_out": 356387,
            "leftTrim": 0,
            "rightTrim": 2279
        }
    }
  }, {
    "Program_details": {
        "program": "hts_Overlapper",
        "version": "1.3.2",
        "options": {
            "append-stats-file": "/nmspipeline//01-Processing/TRIMMER0091_P80/01-PrimerTrim/22-SMARTindex_HC_primers.log",
            "check-lengths": 20,
            "force": false,
            "force-pairs": false,
            "kmer": 8,
            "kmer-offset": 1,
            "max-mismatch": 100,
            "max-mismatch-errorDensity": 0.25,
            "min-overlap": 8,
            "notes": "",
            "number-of-threads": 1,
            "uncompressed": false
        }
    },
    "Fragment": {
        "in": 1309,
        "out": 1309,
        "basepairs_in": 701470,
        "basepairs_out": 591234,
        "inserts": {
            "short": 181,
            "medium": 895,
            "long": 233
        },
        "overlap_histogram": [ [9,1], [18,1], [21,1], [29,1], [31,2], [32,5], [34,1], [40,7], [42,2], [50,2], [52,1], [55,1], [56,3], [57,13], [59,2], [60,2], [65,1], [68,1], [71,2], [72,4], [74,10], [75,1], [80,2], [84,1], [86,5], [87,1], [88,1], [89,1], [92,1], [94,7], [95,1], [99,1], [103,1], [105,4], [106,3], [108,3], [109,1], [112,4], [115,3], [117,1], [119,2], [122,5], [124,8], [126,3], [130,1], [136,2], [142,1], [145,3], [147,1], [148,1], [150,1], [156,1], [158,1], [164,2], [173,1], [175,1], [177,1], [178,3], [181,1], [183,3], [185,1], [200,1], [203,1], [207,1], [209,1], [213,2], [217,1], [218,1], [222,1], [228,1], [233,1], [237,1], [241,2], [242,8], [244,1], [256,1], [260,1], [263,1], [265,2], [266,4], [270,1], [274,1], [275,1], [276,3], [282,1], [283,1], [284,2], [286,1], [287,1], [298,1], [303,1], [306,4], [309,1], [313,1], [314,1], [315,1], [319,1], [322,1], [325,2], [334,1], [344,1], [350,1], [351,1], [358,4], [360,2], [366,1], [367,2], [372,1], [384,2], [398,1], [403,1], [410,1], [422,1], [427,1], [429,1], [434,1], [441,1], [444,1], [458,1], [471,2], [472,2], [473,2], [474,1], [477,2], [478,2], [480,2], [482,1], [483,1], [484,1], [486,3], [487,1], [488,1], [489,2], [491,4], [493,2], [494,1], [495,1], [496,1], [500,1], [501,34], [502,7], [503,53], [504,164], [505,8], [506,37], [507,115], [508,25], [509,63], [510,271], [511,26], [512,2], [515,1], [516,1], [524,2], [529,2] ]
    },
    "Single_end": {
        "in": 0,
        "out": 1076,
        "basepairs_in": 0,
        "basepairs_out": 466470
    },
    "Paired_end": {
        "in": 1309,
        "out": 233,
        "Read1": {
            "basepairs_in": 345083,
            "basepairs_out": 61328
        },
        "Read2": {
            "basepairs_in": 356387,
            "basepairs_out": 63436
        }
    }
  }, {
    "Program_details": {
        "program": "hts_LengthFilter",
        "version": "1.3.2",
        "options": {
            "append-stats-file": "/nmspipeline//01-Processing/TRIMMER0091_P80/01-PrimerTrim/22-SMARTindex_HC_primers.log",
            "fastq-output": "/nmspipeline//01-Processing/TRIMMER0091_P80/01-PrimerTrim/22-SMARTindex_HC_primers",
            "force": true,
            "max-length": 0,
            "min-length": 385,
            "no-orphans": false,
            "notes": "",
            "stranded": false,
            "uncompressed": false
        }
    },
    "Fragment": {
        "in": 1309,
        "out": 854,
        "basepairs_in": 591234,
        "basepairs_out": 431591
    },
    "Single_end": {
        "in": 1076,
        "out": 854,
        "basepairs_in": 466470,
        "basepairs_out": 431591,
        "discarded": 222
    },
    "Paired_end": {
        "in": 233,
        "out": 0,
        "discarded": 233,
        "Read1": {
            "basepairs_in": 61328,
            "basepairs_out": 0,
            "discarded": 0
        },
        "Read2": {
            "basepairs_in": 63436,
            "basepairs_out": 0,
            "discarded": 0
        }
    }
  }
]
