[ {
    "Program_details": {
        "program": "hts_Primers",
        "version": "1.3.2",
        "options": {
            "flip": true,
            "float": 0,
            "force": false,
            "keep": false,
            "min_primer_matches": 2,
            "notes": "",
            "primer_end_mismatches": 0,
            "primer_mismatches": 0,
            "primers_3p": "../lc_primers.fasta",
            "primers_5p": "GGAGGTTCAGTGGTATCAACGCAGAGTACATGGGG",
            "read1-input": [ "/nmspipeline//01-Processing/TRIMMER0091_P80/00-RawData/TRIMMER_Plate80_S2_L001_R1_001_sub.fastq.gz"],
            "read2-input": [ "/nmspipeline//01-Processing/TRIMMER0091_P80/00-RawData/TRIMMER_Plate80_S2_L001_R2_001_sub.fastq.gz"],
            "stats-file": "/nmspipeline//01-Processing/TRIMMER0091_P80/01-PrimerTrim/22-SMARTindex_LC_primers.log",
            "uncompressed": false
        },
        "primers": [ ["p5primer1","GGAGGTTCAGTGGTATCAACGCAGAGTACATGGGG"], ["KaLC.6_REV_LC","GGATACAGTTGGTGCAGCATC"], ["LaLC.R-mIGL","ATCGTACACACCAGTGTGGC"], ["p5primer1","GGAGGTTCAGTGGTATCAACGCAGAGTACATGGGG"], ["KaLC.6_REV_LC","GGATACAGTTGGTGCAGCATC"], ["LaLC.R-mIGL","ATCGTACACACCAGTGTGGC"] ]
    },
    "Fragment": {
        "in": 100000,
        "out": 1609,
        "basepairs_in": 60000000,
        "basepairs_out": 875318,
        "flipped": 736,
        "primers_counts": [ ["None","LaLC.R-mIGL",582], ["p5primer1","LaLC.R-mIGL",22], ["p5primer1","None",1649], ["p5primer1","KaLC.6_REV_LC",1587], ["None","None",46817], ["None","KaLC.6_REV_LC",49343] ]
    },
    "Single_end": {
        "in": 0,
        "out": 0,
        "basepairs_in": 0,
        "basepairs_out": 0,
        "primerTrim": 0,
        "primerBpTrim": 0,
        "discarded": 0
    },
    "Paired_end": {
        "in": 100000,
        "out": 1609,
        "discarded": 98391,
        "Read1": {
            "basepairs_in": 30000000,
            "basepairs_out": 426385,
            "primerTrim": 1609,
            "primerBpTrim": 56315
        },
        "Read2": {
            "basepairs_in": 30000000,
            "basepairs_out": 448933,
            "primerTrim": 1609,
            "primerBpTrim": 33767
        }
    }
  }, {
    "Program_details": {
        "program": "hts_NTrimmer",
        "version": "1.3.2",
        "options": {
            "append-stats-file": "/nmspipeline//01-Processing/TRIMMER0091_P80/01-PrimerTrim/22-SMARTindex_LC_primers.log",
            "exclude": true,
            "force": false,
            "notes": "",
            "uncompressed": false
        }
    },
    "Fragment": {
        "in": 1609,
        "out": 1609,
        "basepairs_in": 875318,
        "basepairs_out": 875318
    },
    "Single_end": {
        "in": 0,
        "out": 0,
        "basepairs_in": 0,
        "basepairs_out": 0,
        "rightTrim": 0,
        "leftTrim": 0,
        "discarded": 0
    },
    "Paired_end": {
        "in": 1609,
        "out": 1609,
        "discarded": 0,
        "Read1": {
            "basepairs_in": 426385,
            "basepairs_out": 426385,
            "leftTrim": 0,
            "rightTrim": 0
        },
        "Read2": {
            "basepairs_in": 448933,
            "basepairs_out": 448933,
            "leftTrim": 0,
            "rightTrim": 0
        }
    }
  }, {
    "Program_details": {
        "program": "hts_SeqScreener",
        "version": "1.3.2",
        "options": {
            "append-stats-file": "/nmspipeline//01-Processing/TRIMMER0091_P80/01-PrimerTrim/22-SMARTindex_LC_primers.log",
            "check-read-2": true,
            "force": false,
            "inverse": false,
            "kmer": 21,
            "notes": "",
            "percentage-hits": 0.01,
            "record": true,
            "seq": "../aberrant_LC.fasta",
            "uncompressed": false
        },
        "screen_info": {
            "screenBP": 96,
            "lookupKmers": 8
        }
    },
    "Fragment": {
        "in": 1609,
        "out": 1609,
        "basepairs_in": 875318,
        "basepairs_out": 875318
    },
    "Single_end": {
        "in": 0,
        "out": 0,
        "basepairs_in": 0,
        "basepairs_out": 0,
        "hits": 0
    },
    "Paired_end": {
        "in": 1609,
        "out": 1609,
        "hits": 330,
        "Read1": {
            "basepairs_in": 426385,
            "basepairs_out": 426385
        },
        "Read2": {
            "basepairs_in": 448933,
            "basepairs_out": 448933
        }
    }
  }, {
    "Program_details": {
        "program": "hts_QWindowTrim",
        "version": "1.3.2",
        "options": {
            "append-stats-file": "/nmspipeline//01-Processing/TRIMMER0091_P80/01-PrimerTrim/22-SMARTindex_LC_primers.log",
            "avg-qual-score": 10,
            "force": false,
            "no-left": true,
            "no-right": false,
            "notes": "",
            "qual-offset": 33,
            "uncompressed": false,
            "window-size": 10
        }
    },
    "Fragment": {
        "in": 1609,
        "out": 1609,
        "basepairs_in": 875318,
        "basepairs_out": 872362
    },
    "Single_end": {
        "in": 0,
        "out": 0,
        "basepairs_in": 0,
        "basepairs_out": 0,
        "rightTrim": 0,
        "leftTrim": 0
    },
    "Paired_end": {
        "in": 1609,
        "out": 1609,
        "Read1": {
            "basepairs_in": 426385,
            "basepairs_out": 425338,
            "leftTrim": 0,
            "rightTrim": 1047
        },
        "Read2": {
            "basepairs_in": 448933,
            "basepairs_out": 447024,
            "leftTrim": 0,
            "rightTrim": 1909
        }
    }
  }, {
    "Program_details": {
        "program": "hts_Overlapper",
        "version": "1.3.2",
        "options": {
            "append-stats-file": "/nmspipeline//01-Processing/TRIMMER0091_P80/01-PrimerTrim/22-SMARTindex_LC_primers.log",
            "check-lengths": 20,
            "force": false,
            "force-pairs": false,
            "kmer": 8,
            "kmer-offset": 1,
            "max-mismatch": 100,
            "max-mismatch-errorDensity": 0.25,
            "min-overlap": 8,
            "notes": "",
            "number-of-threads": 1,
            "uncompressed": false
        }
    },
    "Fragment": {
        "in": 1609,
        "out": 1609,
        "basepairs_in": 872362,
        "basepairs_out": 658339,
        "inserts": {
            "short": 167,
            "medium": 1326,
            "long": 116
        },
        "overlap_histogram": [ [14,1], [15,1], [25,2], [28,1], [29,3], [32,3], [36,1], [39,3], [41,1], [42,1], [47,1], [49,2], [50,1], [52,1], [56,1], [58,1], [63,1], [68,1], [72,1], [76,1], [77,2], [78,1], [82,1], [83,1], [84,3], [86,1], [87,1], [88,3], [89,3], [90,1], [92,2], [93,4], [97,4], [99,1], [103,2], [105,1], [109,1], [112,3], [113,10], [114,1], [115,1], [116,1], [118,1], [119,2], [122,1], [124,3], [125,4], [127,1], [131,3], [133,4], [136,2], [137,5], [139,2], [141,1], [142,2], [145,6], [149,1], [150,1], [154,3], [156,2], [157,6], [158,3], [161,1], [162,1], [163,1], [164,2], [169,1], [170,1], [172,1], [175,1], [176,1], [179,1], [185,2], [186,1], [188,1], [192,1], [199,1], [206,1], [210,1], [220,1], [222,2], [223,2], [227,1], [237,1], [238,2], [240,1], [242,3], [262,1], [263,1], [265,1], [267,2], [272,1], [282,3], [289,1], [296,3], [298,5], [301,1], [309,1], [315,1], [320,1], [323,1], [327,1], [329,1], [334,1], [335,1], [337,1], [338,3], [340,1], [341,3], [342,2], [345,10], [346,1], [347,1], [350,1], [351,1], [353,2], [361,3], [362,1], [366,1], [375,1], [376,2], [380,3], [381,2], [382,3], [387,4], [388,1], [391,1], [392,1], [393,1], [394,1], [396,4], [397,2], [398,13], [399,26], [400,2], [402,1], [403,1], [409,1], [411,3], [412,1], [415,2], [416,1], [417,1], [418,82], [419,5], [420,7], [421,17], [422,42], [423,39], [424,1], [426,1], [427,2], [428,1], [429,1], [431,1], [433,3], [434,1], [436,4], [437,18], [438,2], [439,2], [440,58], [441,74], [442,54], [443,12], [444,604], [445,143], [446,6], [447,1], [452,1], [453,6], [454,1], [455,1], [456,2], [484,1], [495,1], [523,1], [527,1] ]
    },
    "Single_end": {
        "in": 0,
        "out": 1493,
        "basepairs_in": 0,
        "basepairs_out": 595486
    },
    "Paired_end": {
        "in": 1609,
        "out": 116,
        "Read1": {
            "basepairs_in": 425338,
            "basepairs_out": 30645
        },
        "Read2": {
            "basepairs_in": 447024,
            "basepairs_out": 32208
        }
    }
  }, {
    "Program_details": {
        "program": "hts_LengthFilter",
        "version": "1.3.2",
        "options": {
            "append-stats-file": "/nmspipeline//01-Processing/TRIMMER0091_P80/01-PrimerTrim/22-SMARTindex_LC_primers.log",
            "fastq-output": "/nmspipeline//01-Processing/TRIMMER0091_P80/01-PrimerTrim/22-SMARTindex_LC_primers",
            "force": true,
            "max-length": 0,
            "min-length": 385,
            "no-orphans": false,
            "notes": "",
            "stranded": false,
            "uncompressed": false
        }
    },
    "Fragment": {
        "in": 1609,
        "out": 1263,
        "basepairs_in": 658339,
        "basepairs_out": 552824
    },
    "Single_end": {
        "in": 1493,
        "out": 1263,
        "basepairs_in": 595486,
        "basepairs_out": 552824,
        "discarded": 230
    },
    "Paired_end": {
        "in": 116,
        "out": 0,
        "discarded": 116,
        "Read1": {
            "basepairs_in": 30645,
            "basepairs_out": 0,
            "discarded": 0
        },
        "Read2": {
            "basepairs_in": 32208,
            "basepairs_out": 0,
            "discarded": 0
        }
    }
  }
]
