[ {
    "Program_details": {
        "program": "hts_Primers",
        "version": "1.3.2",
        "options": {
            "flip": true,
            "float": 0,
            "force": false,
            "keep": false,
            "min_primer_matches": 2,
            "notes": "",
            "primer_end_mismatches": 0,
            "primer_mismatches": 0,
            "primers_3p": "../lc_primers.fasta",
            "primers_5p": "CACACTTCAGTGGTATCAACGCAGAGTACATGGGG",
            "read1-input": [ "/nmspipeline//01-Processing/TRIMMER0091_P80/00-RawData/TRIMMER_Plate80_S2_L001_R1_001_sub.fastq.gz"],
            "read2-input": [ "/nmspipeline//01-Processing/TRIMMER0091_P80/00-RawData/TRIMMER_Plate80_S2_L001_R2_001_sub.fastq.gz"],
            "stats-file": "/nmspipeline//01-Processing/TRIMMER0091_P80/01-PrimerTrim/23-SMARTindex_LC_primers.log",
            "uncompressed": false
        },
        "primers": [ ["p5primer1","CACACTTCAGTGGTATCAACGCAGAGTACATGGGG"], ["KaLC.6_REV_LC","GGATACAGTTGGTGCAGCATC"], ["LaLC.R-mIGL","ATCGTACACACCAGTGTGGC"], ["p5primer1","CACACTTCAGTGGTATCAACGCAGAGTACATGGGG"], ["KaLC.6_REV_LC","GGATACAGTTGGTGCAGCATC"], ["LaLC.R-mIGL","ATCGTACACACCAGTGTGGC"] ]
    },
    "Fragment": {
        "in": 100000,
        "out": 500,
        "basepairs_in": 60000000,
        "basepairs_out": 272000,
        "flipped": 215,
        "primers_counts": [ ["p5primer1","None",400], ["p5primer1","KaLC.6_REV_LC",500], ["None","LaLC.R-mIGL",604], ["None","None",48066], ["None","KaLC.6_REV_LC",50430] ]
    },
    "Single_end": {
        "in": 0,
        "out": 0,
        "basepairs_in": 0,
        "basepairs_out": 0,
        "primerTrim": 0,
        "primerBpTrim": 0,
        "discarded": 0
    },
    "Paired_end": {
        "in": 100000,
        "out": 500,
        "discarded": 99500,
        "Read1": {
            "basepairs_in": 30000000,
            "basepairs_out": 132500,
            "primerTrim": 500,
            "primerBpTrim": 17500
        },
        "Read2": {
            "basepairs_in": 30000000,
            "basepairs_out": 139500,
            "primerTrim": 500,
            "primerBpTrim": 10500
        }
    }
  }, {
    "Program_details": {
        "program": "hts_NTrimmer",
        "version": "1.3.2",
        "options": {
            "append-stats-file": "/nmspipeline//01-Processing/TRIMMER0091_P80/01-PrimerTrim/23-SMARTindex_LC_primers.log",
            "exclude": true,
            "force": false,
            "notes": "",
            "uncompressed": false
        }
    },
    "Fragment": {
        "in": 500,
        "out": 500,
        "basepairs_in": 272000,
        "basepairs_out": 272000
    },
    "Single_end": {
        "in": 0,
        "out": 0,
        "basepairs_in": 0,
        "basepairs_out": 0,
        "rightTrim": 0,
        "leftTrim": 0,
        "discarded": 0
    },
    "Paired_end": {
        "in": 500,
        "out": 500,
        "discarded": 0,
        "Read1": {
            "basepairs_in": 132500,
            "basepairs_out": 132500,
            "leftTrim": 0,
            "rightTrim": 0
        },
        "Read2": {
            "basepairs_in": 139500,
            "basepairs_out": 139500,
            "leftTrim": 0,
            "rightTrim": 0
        }
    }
  }, {
    "Program_details": {
        "program": "hts_SeqScreener",
        "version": "1.3.2",
        "options": {
            "append-stats-file": "/nmspipeline//01-Processing/TRIMMER0091_P80/01-PrimerTrim/23-SMARTindex_LC_primers.log",
            "check-read-2": true,
            "force": false,
            "inverse": false,
            "kmer": 21,
            "notes": "",
            "percentage-hits": 0.01,
            "record": true,
            "seq": "../aberrant_LC.fasta",
            "uncompressed": false
        },
        "screen_info": {
            "screenBP": 96,
            "lookupKmers": 8
        }
    },
    "Fragment": {
        "in": 500,
        "out": 500,
        "basepairs_in": 272000,
        "basepairs_out": 272000
    },
    "Single_end": {
        "in": 0,
        "out": 0,
        "basepairs_in": 0,
        "basepairs_out": 0,
        "hits": 0
    },
    "Paired_end": {
        "in": 500,
        "out": 500,
        "hits": 129,
        "Read1": {
            "basepairs_in": 132500,
            "basepairs_out": 132500
        },
        "Read2": {
            "basepairs_in": 139500,
            "basepairs_out": 139500
        }
    }
  }, {
    "Program_details": {
        "program": "hts_QWindowTrim",
        "version": "1.3.2",
        "options": {
            "append-stats-file": "/nmspipeline//01-Processing/TRIMMER0091_P80/01-PrimerTrim/23-SMARTindex_LC_primers.log",
            "avg-qual-score": 10,
            "force": false,
            "no-left": true,
            "no-right": false,
            "notes": "",
            "qual-offset": 33,
            "uncompressed": false,
            "window-size": 10
        }
    },
    "Fragment": {
        "in": 500,
        "out": 500,
        "basepairs_in": 272000,
        "basepairs_out": 270684
    },
    "Single_end": {
        "in": 0,
        "out": 0,
        "basepairs_in": 0,
        "basepairs_out": 0,
        "rightTrim": 0,
        "leftTrim": 0
    },
    "Paired_end": {
        "in": 500,
        "out": 500,
        "Read1": {
            "basepairs_in": 132500,
            "basepairs_out": 132032,
            "leftTrim": 0,
            "rightTrim": 468
        },
        "Read2": {
            "basepairs_in": 139500,
            "basepairs_out": 138652,
            "leftTrim": 0,
            "rightTrim": 848
        }
    }
  }, {
    "Program_details": {
        "program": "hts_Overlapper",
        "version": "1.3.2",
        "options": {
            "append-stats-file": "/nmspipeline//01-Processing/TRIMMER0091_P80/01-PrimerTrim/23-SMARTindex_LC_primers.log",
            "check-lengths": 20,
            "force": false,
            "force-pairs": false,
            "kmer": 8,
            "kmer-offset": 1,
            "max-mismatch": 100,
            "max-mismatch-errorDensity": 0.25,
            "min-overlap": 8,
            "notes": "",
            "number-of-threads": 1,
            "uncompressed": false
        }
    },
    "Fragment": {
        "in": 500,
        "out": 500,
        "basepairs_in": 270684,
        "basepairs_out": 195878,
        "inserts": {
            "short": 53,
            "medium": 418,
            "long": 29
        },
        "overlap_histogram": [ [17,1], [25,2], [26,1], [28,1], [35,1], [43,2], [49,1], [51,1], [52,1], [53,1], [55,1], [56,2], [64,1], [67,1], [91,1], [93,2], [94,1], [95,1], [99,1], [101,1], [103,1], [115,1], [119,1], [122,1], [125,1], [129,1], [131,6], [133,1], [137,1], [141,1], [156,1], [159,1], [160,1], [164,1], [165,1], [184,1], [186,1], [213,1], [233,1], [242,1], [250,1], [262,1], [264,1], [268,1], [283,1], [285,1], [287,1], [294,1], [302,1], [321,1], [328,1], [341,1], [343,1], [353,1], [359,1], [366,1], [369,2], [373,11], [386,2], [389,1], [394,1], [395,1], [396,2], [398,3], [399,8], [400,3], [401,2], [402,12], [403,20], [404,7], [405,2], [410,3], [412,1], [414,16], [415,2], [417,2], [418,41], [419,3], [420,3], [421,11], [422,106], [423,19], [424,9], [425,19], [426,20], [427,30], [428,1], [429,1], [430,1], [432,3], [434,1], [437,1], [439,1], [440,12], [441,1], [442,3], [443,1], [444,11], [445,2], [446,1], [449,1], [450,1], [460,1], [472,1] ]
    },
    "Single_end": {
        "in": 0,
        "out": 471,
        "basepairs_in": 0,
        "basepairs_out": 180222
    },
    "Paired_end": {
        "in": 500,
        "out": 29,
        "Read1": {
            "basepairs_in": 132032,
            "basepairs_out": 7647
        },
        "Read2": {
            "basepairs_in": 138652,
            "basepairs_out": 8009
        }
    }
  }, {
    "Program_details": {
        "program": "hts_LengthFilter",
        "version": "1.3.2",
        "options": {
            "append-stats-file": "/nmspipeline//01-Processing/TRIMMER0091_P80/01-PrimerTrim/23-SMARTindex_LC_primers.log",
            "fastq-output": "/nmspipeline//01-Processing/TRIMMER0091_P80/01-PrimerTrim/23-SMARTindex_LC_primers",
            "force": true,
            "max-length": 0,
            "min-length": 385,
            "no-orphans": false,
            "notes": "",
            "stranded": false,
            "uncompressed": false
        }
    },
    "Fragment": {
        "in": 500,
        "out": 393,
        "basepairs_in": 195878,
        "basepairs_out": 165292
    },
    "Single_end": {
        "in": 471,
        "out": 393,
        "basepairs_in": 180222,
        "basepairs_out": 165292,
        "discarded": 78
    },
    "Paired_end": {
        "in": 29,
        "out": 0,
        "discarded": 29,
        "Read1": {
            "basepairs_in": 7647,
            "basepairs_out": 0,
            "discarded": 0
        },
        "Read2": {
            "basepairs_in": 8009,
            "basepairs_out": 0,
            "discarded": 0
        }
    }
  }
]
