[ {
    "Program_details": {
        "program": "hts_Primers",
        "version": "1.3.2",
        "options": {
            "flip": true,
            "float": 0,
            "force": false,
            "keep": false,
            "min_primer_matches": 2,
            "notes": "",
            "primer_end_mismatches": 0,
            "primer_mismatches": 0,
            "primers_3p": "../lc_primers.fasta",
            "primers_5p": "CCGCAATCAGTGGTATCAACGCAGAGTACATGGGG",
            "read1-input": [ "/nmspipeline//01-Processing/TRIMMER0091_P80/00-RawData/TRIMMER_Plate80_S2_L001_R1_001_sub.fastq.gz"],
            "read2-input": [ "/nmspipeline//01-Processing/TRIMMER0091_P80/00-RawData/TRIMMER_Plate80_S2_L001_R2_001_sub.fastq.gz"],
            "stats-file": "/nmspipeline//01-Processing/TRIMMER0091_P80/01-PrimerTrim/24-SMARTindex_LC_primers.log",
            "uncompressed": false
        },
        "primers": [ ["p5primer1","CCGCAATCAGTGGTATCAACGCAGAGTACATGGGG"], ["KaLC.6_REV_LC","GGATACAGTTGGTGCAGCATC"], ["LaLC.R-mIGL","ATCGTACACACCAGTGTGGC"], ["p5primer1","CCGCAATCAGTGGTATCAACGCAGAGTACATGGGG"], ["KaLC.6_REV_LC","GGATACAGTTGGTGCAGCATC"], ["LaLC.R-mIGL","ATCGTACACACCAGTGTGGC"] ]
    },
    "Fragment": {
        "in": 100000,
        "out": 45,
        "basepairs_in": 60000000,
        "basepairs_out": 24480,
        "flipped": 21,
        "primers_counts": [ ["p5primer1","None",112], ["p5primer1","KaLC.6_REV_LC",45], ["None","LaLC.R-mIGL",604], ["None","None",48354], ["None","KaLC.6_REV_LC",50885] ]
    },
    "Single_end": {
        "in": 0,
        "out": 0,
        "basepairs_in": 0,
        "basepairs_out": 0,
        "primerTrim": 0,
        "primerBpTrim": 0,
        "discarded": 0
    },
    "Paired_end": {
        "in": 100000,
        "out": 45,
        "discarded": 99955,
        "Read1": {
            "basepairs_in": 30000000,
            "basepairs_out": 11925,
            "primerTrim": 45,
            "primerBpTrim": 1575
        },
        "Read2": {
            "basepairs_in": 30000000,
            "basepairs_out": 12555,
            "primerTrim": 45,
            "primerBpTrim": 945
        }
    }
  }, {
    "Program_details": {
        "program": "hts_NTrimmer",
        "version": "1.3.2",
        "options": {
            "append-stats-file": "/nmspipeline//01-Processing/TRIMMER0091_P80/01-PrimerTrim/24-SMARTindex_LC_primers.log",
            "exclude": true,
            "force": false,
            "notes": "",
            "uncompressed": false
        }
    },
    "Fragment": {
        "in": 45,
        "out": 45,
        "basepairs_in": 24480,
        "basepairs_out": 24480
    },
    "Single_end": {
        "in": 0,
        "out": 0,
        "basepairs_in": 0,
        "basepairs_out": 0,
        "rightTrim": 0,
        "leftTrim": 0,
        "discarded": 0
    },
    "Paired_end": {
        "in": 45,
        "out": 45,
        "discarded": 0,
        "Read1": {
            "basepairs_in": 11925,
            "basepairs_out": 11925,
            "leftTrim": 0,
            "rightTrim": 0
        },
        "Read2": {
            "basepairs_in": 12555,
            "basepairs_out": 12555,
            "leftTrim": 0,
            "rightTrim": 0
        }
    }
  }, {
    "Program_details": {
        "program": "hts_SeqScreener",
        "version": "1.3.2",
        "options": {
            "append-stats-file": "/nmspipeline//01-Processing/TRIMMER0091_P80/01-PrimerTrim/24-SMARTindex_LC_primers.log",
            "check-read-2": true,
            "force": false,
            "inverse": false,
            "kmer": 21,
            "notes": "",
            "percentage-hits": 0.01,
            "record": true,
            "seq": "../aberrant_LC.fasta",
            "uncompressed": false
        },
        "screen_info": {
            "screenBP": 96,
            "lookupKmers": 8
        }
    },
    "Fragment": {
        "in": 45,
        "out": 45,
        "basepairs_in": 24480,
        "basepairs_out": 24480
    },
    "Single_end": {
        "in": 0,
        "out": 0,
        "basepairs_in": 0,
        "basepairs_out": 0,
        "hits": 0
    },
    "Paired_end": {
        "in": 45,
        "out": 45,
        "hits": 18,
        "Read1": {
            "basepairs_in": 11925,
            "basepairs_out": 11925
        },
        "Read2": {
            "basepairs_in": 12555,
            "basepairs_out": 12555
        }
    }
  }, {
    "Program_details": {
        "program": "hts_QWindowTrim",
        "version": "1.3.2",
        "options": {
            "append-stats-file": "/nmspipeline//01-Processing/TRIMMER0091_P80/01-PrimerTrim/24-SMARTindex_LC_primers.log",
            "avg-qual-score": 10,
            "force": false,
            "no-left": true,
            "no-right": false,
            "notes": "",
            "qual-offset": 33,
            "uncompressed": false,
            "window-size": 10
        }
    },
    "Fragment": {
        "in": 45,
        "out": 45,
        "basepairs_in": 24480,
        "basepairs_out": 24303
    },
    "Single_end": {
        "in": 0,
        "out": 0,
        "basepairs_in": 0,
        "basepairs_out": 0,
        "rightTrim": 0,
        "leftTrim": 0
    },
    "Paired_end": {
        "in": 45,
        "out": 45,
        "Read1": {
            "basepairs_in": 11925,
            "basepairs_out": 11864,
            "leftTrim": 0,
            "rightTrim": 61
        },
        "Read2": {
            "basepairs_in": 12555,
            "basepairs_out": 12439,
            "leftTrim": 0,
            "rightTrim": 116
        }
    }
  }, {
    "Program_details": {
        "program": "hts_Overlapper",
        "version": "1.3.2",
        "options": {
            "append-stats-file": "/nmspipeline//01-Processing/TRIMMER0091_P80/01-PrimerTrim/24-SMARTindex_LC_primers.log",
            "check-lengths": 20,
            "force": false,
            "force-pairs": false,
            "kmer": 8,
            "kmer-offset": 1,
            "max-mismatch": 100,
            "max-mismatch-errorDensity": 0.25,
            "min-overlap": 8,
            "notes": "",
            "number-of-threads": 1,
            "uncompressed": false
        }
    },
    "Fragment": {
        "in": 45,
        "out": 45,
        "basepairs_in": 24303,
        "basepairs_out": 15550,
        "inserts": {
            "short": 12,
            "medium": 29,
            "long": 4
        },
        "overlap_histogram": [ [14,1], [40,1], [83,1], [86,2], [91,1], [119,2], [126,1], [137,2], [157,1], [298,1], [384,1], [398,1], [399,1], [418,6], [419,1], [422,4], [431,1], [432,1], [434,8], [439,1], [440,2], [444,1] ]
    },
    "Single_end": {
        "in": 0,
        "out": 41,
        "basepairs_in": 0,
        "basepairs_out": 13387
    },
    "Paired_end": {
        "in": 45,
        "out": 4,
        "Read1": {
            "basepairs_in": 11864,
            "basepairs_out": 1048
        },
        "Read2": {
            "basepairs_in": 12439,
            "basepairs_out": 1115
        }
    }
  }, {
    "Program_details": {
        "program": "hts_LengthFilter",
        "version": "1.3.2",
        "options": {
            "append-stats-file": "/nmspipeline//01-Processing/TRIMMER0091_P80/01-PrimerTrim/24-SMARTindex_LC_primers.log",
            "fastq-output": "/nmspipeline//01-Processing/TRIMMER0091_P80/01-PrimerTrim/24-SMARTindex_LC_primers",
            "force": true,
            "max-length": 0,
            "min-length": 385,
            "no-orphans": false,
            "notes": "",
            "stranded": false,
            "uncompressed": false
        }
    },
    "Fragment": {
        "in": 45,
        "out": 27,
        "basepairs_in": 15550,
        "basepairs_out": 11510
    },
    "Single_end": {
        "in": 41,
        "out": 27,
        "basepairs_in": 13387,
        "basepairs_out": 11510,
        "discarded": 14
    },
    "Paired_end": {
        "in": 4,
        "out": 0,
        "discarded": 4,
        "Read1": {
            "basepairs_in": 1048,
            "basepairs_out": 0,
            "discarded": 0
        },
        "Read2": {
            "basepairs_in": 1115,
            "basepairs_out": 0,
            "discarded": 0
        }
    }
  }
]
