[ {
    "Program_details": {
        "program": "hts_Primers",
        "version": "1.3.2",
        "options": {
            "flip": true,
            "float": 0,
            "force": false,
            "keep": false,
            "min_primer_matches": 2,
            "notes": "",
            "primer_end_mismatches": 0,
            "primer_mismatches": 0,
            "primers_3p": "../lc_primers.fasta",
            "primers_5p": "TTTATGCAGTGGTATCAACGCAGAGTACATGGGG",
            "read1-input": [ "/nmspipeline//01-Processing/TRIMMER0091_P80/00-RawData/TRIMMER_Plate80_S2_L001_R1_001_sub.fastq.gz"],
            "read2-input": [ "/nmspipeline//01-Processing/TRIMMER0091_P80/00-RawData/TRIMMER_Plate80_S2_L001_R2_001_sub.fastq.gz"],
            "stats-file": "/nmspipeline//01-Processing/TRIMMER0091_P80/01-PrimerTrim/25-SMARTindex_LC_primers.log",
            "uncompressed": false
        },
        "primers": [ ["p5primer1","TTTATGCAGTGGTATCAACGCAGAGTACATGGGG"], ["KaLC.6_REV_LC","GGATACAGTTGGTGCAGCATC"], ["LaLC.R-mIGL","ATCGTACACACCAGTGTGGC"], ["p5primer1","TTTATGCAGTGGTATCAACGCAGAGTACATGGGG"], ["KaLC.6_REV_LC","GGATACAGTTGGTGCAGCATC"], ["LaLC.R-mIGL","ATCGTACACACCAGTGTGGC"] ]
    },
    "Fragment": {
        "in": 100000,
        "out": 475,
        "basepairs_in": 60000000,
        "basepairs_out": 258875,
        "flipped": 219,
        "primers_counts": [ ["p5primer1","KaLC.6_REV_LC",475], ["p5primer1","None",584], ["None","LaLC.R-mIGL",604], ["None","None",47882], ["None","KaLC.6_REV_LC",50455] ]
    },
    "Single_end": {
        "in": 0,
        "out": 0,
        "basepairs_in": 0,
        "basepairs_out": 0,
        "primerTrim": 0,
        "primerBpTrim": 0,
        "discarded": 0
    },
    "Paired_end": {
        "in": 100000,
        "out": 475,
        "discarded": 99525,
        "Read1": {
            "basepairs_in": 30000000,
            "basepairs_out": 126350,
            "primerTrim": 475,
            "primerBpTrim": 16150
        },
        "Read2": {
            "basepairs_in": 30000000,
            "basepairs_out": 132525,
            "primerTrim": 475,
            "primerBpTrim": 9975
        }
    }
  }, {
    "Program_details": {
        "program": "hts_NTrimmer",
        "version": "1.3.2",
        "options": {
            "append-stats-file": "/nmspipeline//01-Processing/TRIMMER0091_P80/01-PrimerTrim/25-SMARTindex_LC_primers.log",
            "exclude": true,
            "force": false,
            "notes": "",
            "uncompressed": false
        }
    },
    "Fragment": {
        "in": 475,
        "out": 475,
        "basepairs_in": 258875,
        "basepairs_out": 258875
    },
    "Single_end": {
        "in": 0,
        "out": 0,
        "basepairs_in": 0,
        "basepairs_out": 0,
        "rightTrim": 0,
        "leftTrim": 0,
        "discarded": 0
    },
    "Paired_end": {
        "in": 475,
        "out": 475,
        "discarded": 0,
        "Read1": {
            "basepairs_in": 126350,
            "basepairs_out": 126350,
            "leftTrim": 0,
            "rightTrim": 0
        },
        "Read2": {
            "basepairs_in": 132525,
            "basepairs_out": 132525,
            "leftTrim": 0,
            "rightTrim": 0
        }
    }
  }, {
    "Program_details": {
        "program": "hts_SeqScreener",
        "version": "1.3.2",
        "options": {
            "append-stats-file": "/nmspipeline//01-Processing/TRIMMER0091_P80/01-PrimerTrim/25-SMARTindex_LC_primers.log",
            "check-read-2": true,
            "force": false,
            "inverse": false,
            "kmer": 21,
            "notes": "",
            "percentage-hits": 0.01,
            "record": true,
            "seq": "../aberrant_LC.fasta",
            "uncompressed": false
        },
        "screen_info": {
            "screenBP": 96,
            "lookupKmers": 8
        }
    },
    "Fragment": {
        "in": 475,
        "out": 475,
        "basepairs_in": 258875,
        "basepairs_out": 258875
    },
    "Single_end": {
        "in": 0,
        "out": 0,
        "basepairs_in": 0,
        "basepairs_out": 0,
        "hits": 0
    },
    "Paired_end": {
        "in": 475,
        "out": 475,
        "hits": 148,
        "Read1": {
            "basepairs_in": 126350,
            "basepairs_out": 126350
        },
        "Read2": {
            "basepairs_in": 132525,
            "basepairs_out": 132525
        }
    }
  }, {
    "Program_details": {
        "program": "hts_QWindowTrim",
        "version": "1.3.2",
        "options": {
            "append-stats-file": "/nmspipeline//01-Processing/TRIMMER0091_P80/01-PrimerTrim/25-SMARTindex_LC_primers.log",
            "avg-qual-score": 10,
            "force": false,
            "no-left": true,
            "no-right": false,
            "notes": "",
            "qual-offset": 33,
            "uncompressed": false,
            "window-size": 10
        }
    },
    "Fragment": {
        "in": 475,
        "out": 475,
        "basepairs_in": 258875,
        "basepairs_out": 257797
    },
    "Single_end": {
        "in": 0,
        "out": 0,
        "basepairs_in": 0,
        "basepairs_out": 0,
        "rightTrim": 0,
        "leftTrim": 0
    },
    "Paired_end": {
        "in": 475,
        "out": 475,
        "Read1": {
            "basepairs_in": 126350,
            "basepairs_out": 125870,
            "leftTrim": 0,
            "rightTrim": 480
        },
        "Read2": {
            "basepairs_in": 132525,
            "basepairs_out": 131927,
            "leftTrim": 0,
            "rightTrim": 598
        }
    }
  }, {
    "Program_details": {
        "program": "hts_Overlapper",
        "version": "1.3.2",
        "options": {
            "append-stats-file": "/nmspipeline//01-Processing/TRIMMER0091_P80/01-PrimerTrim/25-SMARTindex_LC_primers.log",
            "check-lengths": 20,
            "force": false,
            "force-pairs": false,
            "kmer": 8,
            "kmer-offset": 1,
            "max-mismatch": 100,
            "max-mismatch-errorDensity": 0.25,
            "min-overlap": 8,
            "notes": "",
            "number-of-threads": 1,
            "uncompressed": false
        }
    },
    "Fragment": {
        "in": 475,
        "out": 475,
        "basepairs_in": 257797,
        "basepairs_out": 182819,
        "inserts": {
            "short": 53,
            "medium": 402,
            "long": 20
        },
        "overlap_histogram": [ [14,1], [15,2], [18,1], [24,1], [29,1], [40,1], [47,1], [49,2], [56,1], [57,1], [60,2], [67,1], [73,1], [77,2], [79,1], [80,3], [81,2], [82,4], [91,2], [94,1], [113,1], [133,1], [135,2], [137,1], [142,1], [143,1], [167,1], [197,1], [203,1], [209,2], [213,1], [220,1], [222,1], [223,1], [237,1], [243,1], [249,1], [256,1], [263,1], [266,1], [282,3], [292,1], [318,1], [328,1], [334,1], [335,1], [337,1], [343,1], [381,1], [395,1], [396,1], [397,2], [398,5], [399,16], [402,1], [403,3], [406,2], [408,3], [409,11], [410,4], [411,1], [412,27], [413,85], [414,34], [415,77], [416,1], [418,57], [419,1], [420,3], [421,10], [422,15], [423,16], [424,1], [426,1], [439,1], [440,10], [442,2] ]
    },
    "Single_end": {
        "in": 0,
        "out": 455,
        "basepairs_in": 0,
        "basepairs_out": 171959
    },
    "Paired_end": {
        "in": 475,
        "out": 20,
        "Read1": {
            "basepairs_in": 125870,
            "basepairs_out": 5291
        },
        "Read2": {
            "basepairs_in": 131927,
            "basepairs_out": 5569
        }
    }
  }, {
    "Program_details": {
        "program": "hts_LengthFilter",
        "version": "1.3.2",
        "options": {
            "append-stats-file": "/nmspipeline//01-Processing/TRIMMER0091_P80/01-PrimerTrim/25-SMARTindex_LC_primers.log",
            "fastq-output": "/nmspipeline//01-Processing/TRIMMER0091_P80/01-PrimerTrim/25-SMARTindex_LC_primers",
            "force": true,
            "max-length": 0,
            "min-length": 385,
            "no-orphans": false,
            "notes": "",
            "stranded": false,
            "uncompressed": false
        }
    },
    "Fragment": {
        "in": 475,
        "out": 391,
        "basepairs_in": 182819,
        "basepairs_out": 162218
    },
    "Single_end": {
        "in": 455,
        "out": 391,
        "basepairs_in": 171959,
        "basepairs_out": 162218,
        "discarded": 64
    },
    "Paired_end": {
        "in": 20,
        "out": 0,
        "discarded": 20,
        "Read1": {
            "basepairs_in": 5291,
            "basepairs_out": 0,
            "discarded": 0
        },
        "Read2": {
            "basepairs_in": 5569,
            "basepairs_out": 0,
            "discarded": 0
        }
    }
  }
]
