[ {
    "Program_details": {
        "program": "hts_Primers",
        "version": "1.3.2",
        "options": {
            "flip": true,
            "float": 0,
            "force": false,
            "keep": false,
            "min_primer_matches": 2,
            "notes": "",
            "primer_end_mismatches": 0,
            "primer_mismatches": 0,
            "primers_3p": "../hc_primers.fasta",
            "primers_5p": "TTTATGCAGTGGTATCAACGCAGAGTACATGGGG",
            "read1-input": [ "/nmspipeline//01-Processing/TRIMMER0091_P80/00-RawData/TRIMMER_Plate80_S2_L001_R1_001_sub.fastq.gz"],
            "read2-input": [ "/nmspipeline//01-Processing/TRIMMER0091_P80/00-RawData/TRIMMER_Plate80_S2_L001_R2_001_sub.fastq.gz"],
            "stats-file": "/nmspipeline//01-Processing/TRIMMER0091_P80/01-PrimerTrim/25-SMARTindex_HC_primers.log",
            "uncompressed": false
        },
        "primers": [ ["p5primer1","TTTATGCAGTGGTATCAACGCAGAGTACATGGGG"], ["Ga3.10for_mIGH3","GGATAGACAGATGGGGCTGTTGTTGT"], ["Ga12HC.10_REV_CHI","ATAGACAGATGGGGGTGTCGTTTTGG"], ["p5primer1","TTTATGCAGTGGTATCAACGCAGAGTACATGGGG"], ["Ga3.10for_mIGH3","GGATAGACAGATGGGGCTGTTGTTGT"], ["Ga12HC.10_REV_CHI","ATAGACAGATGGGGGTGTCGTTTTGG"] ]
    },
    "Fragment": {
        "in": 100000,
        "out": 426,
        "basepairs_in": 60000000,
        "basepairs_out": 230040,
        "flipped": 196,
        "primers_counts": [ ["p5primer1","Ga12HC.10_REV_CHI",425], ["p5primer1","None",633], ["p5primer1","Ga3.10for_mIGH3",1], ["None","Ga3.10for_mIGH3",1141], ["None","Ga12HC.10_REV_CHI",27722], ["None","None",70078] ]
    },
    "Single_end": {
        "in": 0,
        "out": 0,
        "basepairs_in": 0,
        "basepairs_out": 0,
        "primerTrim": 0,
        "primerBpTrim": 0,
        "discarded": 0
    },
    "Paired_end": {
        "in": 100000,
        "out": 426,
        "discarded": 99574,
        "Read1": {
            "basepairs_in": 30000000,
            "basepairs_out": 113316,
            "primerTrim": 426,
            "primerBpTrim": 14484
        },
        "Read2": {
            "basepairs_in": 30000000,
            "basepairs_out": 116724,
            "primerTrim": 426,
            "primerBpTrim": 11076
        }
    }
  }, {
    "Program_details": {
        "program": "hts_NTrimmer",
        "version": "1.3.2",
        "options": {
            "append-stats-file": "/nmspipeline//01-Processing/TRIMMER0091_P80/01-PrimerTrim/25-SMARTindex_HC_primers.log",
            "exclude": true,
            "force": false,
            "notes": "",
            "uncompressed": false
        }
    },
    "Fragment": {
        "in": 426,
        "out": 426,
        "basepairs_in": 230040,
        "basepairs_out": 230040
    },
    "Single_end": {
        "in": 0,
        "out": 0,
        "basepairs_in": 0,
        "basepairs_out": 0,
        "rightTrim": 0,
        "leftTrim": 0,
        "discarded": 0
    },
    "Paired_end": {
        "in": 426,
        "out": 426,
        "discarded": 0,
        "Read1": {
            "basepairs_in": 113316,
            "basepairs_out": 113316,
            "leftTrim": 0,
            "rightTrim": 0
        },
        "Read2": {
            "basepairs_in": 116724,
            "basepairs_out": 116724,
            "leftTrim": 0,
            "rightTrim": 0
        }
    }
  }, {
    "Program_details": {
        "program": "hts_SeqScreener",
        "version": "1.3.2",
        "options": {
            "append-stats-file": "/nmspipeline//01-Processing/TRIMMER0091_P80/01-PrimerTrim/25-SMARTindex_HC_primers.log",
            "check-read-2": true,
            "force": false,
            "inverse": false,
            "kmer": 21,
            "notes": "",
            "percentage-hits": 0.01,
            "record": true,
            "seq": "../aberrant_LC.fasta",
            "uncompressed": false
        },
        "screen_info": {
            "screenBP": 96,
            "lookupKmers": 8
        }
    },
    "Fragment": {
        "in": 426,
        "out": 426,
        "basepairs_in": 230040,
        "basepairs_out": 230040
    },
    "Single_end": {
        "in": 0,
        "out": 0,
        "basepairs_in": 0,
        "basepairs_out": 0,
        "hits": 0
    },
    "Paired_end": {
        "in": 426,
        "out": 426,
        "hits": 0,
        "Read1": {
            "basepairs_in": 113316,
            "basepairs_out": 113316
        },
        "Read2": {
            "basepairs_in": 116724,
            "basepairs_out": 116724
        }
    }
  }, {
    "Program_details": {
        "program": "hts_QWindowTrim",
        "version": "1.3.2",
        "options": {
            "append-stats-file": "/nmspipeline//01-Processing/TRIMMER0091_P80/01-PrimerTrim/25-SMARTindex_HC_primers.log",
            "avg-qual-score": 10,
            "force": false,
            "no-left": true,
            "no-right": false,
            "notes": "",
            "qual-offset": 33,
            "uncompressed": false,
            "window-size": 10
        }
    },
    "Fragment": {
        "in": 426,
        "out": 426,
        "basepairs_in": 230040,
        "basepairs_out": 229381
    },
    "Single_end": {
        "in": 0,
        "out": 0,
        "basepairs_in": 0,
        "basepairs_out": 0,
        "rightTrim": 0,
        "leftTrim": 0
    },
    "Paired_end": {
        "in": 426,
        "out": 426,
        "Read1": {
            "basepairs_in": 113316,
            "basepairs_out": 112896,
            "leftTrim": 0,
            "rightTrim": 420
        },
        "Read2": {
            "basepairs_in": 116724,
            "basepairs_out": 116485,
            "leftTrim": 0,
            "rightTrim": 239
        }
    }
  }, {
    "Program_details": {
        "program": "hts_Overlapper",
        "version": "1.3.2",
        "options": {
            "append-stats-file": "/nmspipeline//01-Processing/TRIMMER0091_P80/01-PrimerTrim/25-SMARTindex_HC_primers.log",
            "check-lengths": 20,
            "force": false,
            "force-pairs": false,
            "kmer": 8,
            "kmer-offset": 1,
            "max-mismatch": 100,
            "max-mismatch-errorDensity": 0.25,
            "min-overlap": 8,
            "notes": "",
            "number-of-threads": 1,
            "uncompressed": false
        }
    },
    "Fragment": {
        "in": 426,
        "out": 426,
        "basepairs_in": 229381,
        "basepairs_out": 195781,
        "inserts": {
            "short": 18,
            "medium": 382,
            "long": 26
        },
        "overlap_histogram": [ [24,2], [61,1], [78,1], [118,1], [123,1], [131,1], [166,1], [167,1], [200,1], [216,1], [226,1], [227,1], [238,1], [257,1], [260,1], [269,1], [270,1], [299,1], [315,1], [352,1], [358,1], [376,1], [394,1], [407,1], [436,1], [441,1], [443,1], [462,1], [464,2], [465,1], [466,1], [467,6], [468,250], [469,12], [470,14], [471,8], [472,7], [476,11], [477,2], [478,42], [479,4], [480,6], [489,1], [490,1], [493,1], [500,1], [505,1] ]
    },
    "Single_end": {
        "in": 0,
        "out": 400,
        "basepairs_in": 0,
        "basepairs_out": 181818
    },
    "Paired_end": {
        "in": 426,
        "out": 26,
        "Read1": {
            "basepairs_in": 112896,
            "basepairs_out": 6877
        },
        "Read2": {
            "basepairs_in": 116485,
            "basepairs_out": 7086
        }
    }
  }, {
    "Program_details": {
        "program": "hts_LengthFilter",
        "version": "1.3.2",
        "options": {
            "append-stats-file": "/nmspipeline//01-Processing/TRIMMER0091_P80/01-PrimerTrim/25-SMARTindex_HC_primers.log",
            "fastq-output": "/nmspipeline//01-Processing/TRIMMER0091_P80/01-PrimerTrim/25-SMARTindex_HC_primers",
            "force": true,
            "max-length": 0,
            "min-length": 385,
            "no-orphans": false,
            "notes": "",
            "stranded": false,
            "uncompressed": false
        }
    },
    "Fragment": {
        "in": 426,
        "out": 377,
        "basepairs_in": 195781,
        "basepairs_out": 177063
    },
    "Single_end": {
        "in": 400,
        "out": 377,
        "basepairs_in": 181818,
        "basepairs_out": 177063,
        "discarded": 23
    },
    "Paired_end": {
        "in": 26,
        "out": 0,
        "discarded": 26,
        "Read1": {
            "basepairs_in": 6877,
            "basepairs_out": 0,
            "discarded": 0
        },
        "Read2": {
            "basepairs_in": 7086,
            "basepairs_out": 0,
            "discarded": 0
        }
    }
  }
]
