[ {
    "Program_details": {
        "program": "hts_Primers",
        "version": "1.3.2",
        "options": {
            "flip": true,
            "float": 0,
            "force": false,
            "keep": false,
            "min_primer_matches": 2,
            "notes": "",
            "primer_end_mismatches": 0,
            "primer_mismatches": 0,
            "primers_3p": "../lc_primers.fasta",
            "primers_5p": "AACGCCCAGTGGTATCAACGCAGAGTACATGGGG",
            "read1-input": [ "/nmspipeline//01-Processing/TRIMMER0091_P80/00-RawData/TRIMMER_Plate80_S2_L001_R1_001_sub.fastq.gz"],
            "read2-input": [ "/nmspipeline//01-Processing/TRIMMER0091_P80/00-RawData/TRIMMER_Plate80_S2_L001_R2_001_sub.fastq.gz"],
            "stats-file": "/nmspipeline//01-Processing/TRIMMER0091_P80/01-PrimerTrim/26-SMARTindex_LC_primers.log",
            "uncompressed": false
        },
        "primers": [ ["p5primer1","AACGCCCAGTGGTATCAACGCAGAGTACATGGGG"], ["KaLC.6_REV_LC","GGATACAGTTGGTGCAGCATC"], ["LaLC.R-mIGL","ATCGTACACACCAGTGTGGC"], ["p5primer1","AACGCCCAGTGGTATCAACGCAGAGTACATGGGG"], ["KaLC.6_REV_LC","GGATACAGTTGGTGCAGCATC"], ["LaLC.R-mIGL","ATCGTACACACCAGTGTGGC"] ]
    },
    "Fragment": {
        "in": 100000,
        "out": 506,
        "basepairs_in": 60000000,
        "basepairs_out": 275773,
        "flipped": 226,
        "primers_counts": [ ["p5primer1","LaLC.R-mIGL",3], ["p5primer1","None",124], ["p5primer1","KaLC.6_REV_LC",503], ["None","LaLC.R-mIGL",601], ["None","None",48342], ["None","KaLC.6_REV_LC",50427] ]
    },
    "Single_end": {
        "in": 0,
        "out": 0,
        "basepairs_in": 0,
        "basepairs_out": 0,
        "primerTrim": 0,
        "primerBpTrim": 0,
        "discarded": 0
    },
    "Paired_end": {
        "in": 100000,
        "out": 506,
        "discarded": 99494,
        "Read1": {
            "basepairs_in": 30000000,
            "basepairs_out": 134596,
            "primerTrim": 506,
            "primerBpTrim": 17204
        },
        "Read2": {
            "basepairs_in": 30000000,
            "basepairs_out": 141177,
            "primerTrim": 506,
            "primerBpTrim": 10623
        }
    }
  }, {
    "Program_details": {
        "program": "hts_NTrimmer",
        "version": "1.3.2",
        "options": {
            "append-stats-file": "/nmspipeline//01-Processing/TRIMMER0091_P80/01-PrimerTrim/26-SMARTindex_LC_primers.log",
            "exclude": true,
            "force": false,
            "notes": "",
            "uncompressed": false
        }
    },
    "Fragment": {
        "in": 506,
        "out": 506,
        "basepairs_in": 275773,
        "basepairs_out": 275773
    },
    "Single_end": {
        "in": 0,
        "out": 0,
        "basepairs_in": 0,
        "basepairs_out": 0,
        "rightTrim": 0,
        "leftTrim": 0,
        "discarded": 0
    },
    "Paired_end": {
        "in": 506,
        "out": 506,
        "discarded": 0,
        "Read1": {
            "basepairs_in": 134596,
            "basepairs_out": 134596,
            "leftTrim": 0,
            "rightTrim": 0
        },
        "Read2": {
            "basepairs_in": 141177,
            "basepairs_out": 141177,
            "leftTrim": 0,
            "rightTrim": 0
        }
    }
  }, {
    "Program_details": {
        "program": "hts_SeqScreener",
        "version": "1.3.2",
        "options": {
            "append-stats-file": "/nmspipeline//01-Processing/TRIMMER0091_P80/01-PrimerTrim/26-SMARTindex_LC_primers.log",
            "check-read-2": true,
            "force": false,
            "inverse": false,
            "kmer": 21,
            "notes": "",
            "percentage-hits": 0.01,
            "record": true,
            "seq": "../aberrant_LC.fasta",
            "uncompressed": false
        },
        "screen_info": {
            "screenBP": 96,
            "lookupKmers": 8
        }
    },
    "Fragment": {
        "in": 506,
        "out": 506,
        "basepairs_in": 275773,
        "basepairs_out": 275773
    },
    "Single_end": {
        "in": 0,
        "out": 0,
        "basepairs_in": 0,
        "basepairs_out": 0,
        "hits": 0
    },
    "Paired_end": {
        "in": 506,
        "out": 506,
        "hits": 258,
        "Read1": {
            "basepairs_in": 134596,
            "basepairs_out": 134596
        },
        "Read2": {
            "basepairs_in": 141177,
            "basepairs_out": 141177
        }
    }
  }, {
    "Program_details": {
        "program": "hts_QWindowTrim",
        "version": "1.3.2",
        "options": {
            "append-stats-file": "/nmspipeline//01-Processing/TRIMMER0091_P80/01-PrimerTrim/26-SMARTindex_LC_primers.log",
            "avg-qual-score": 10,
            "force": false,
            "no-left": true,
            "no-right": false,
            "notes": "",
            "qual-offset": 33,
            "uncompressed": false,
            "window-size": 10
        }
    },
    "Fragment": {
        "in": 506,
        "out": 506,
        "basepairs_in": 275773,
        "basepairs_out": 275110
    },
    "Single_end": {
        "in": 0,
        "out": 0,
        "basepairs_in": 0,
        "basepairs_out": 0,
        "rightTrim": 0,
        "leftTrim": 0
    },
    "Paired_end": {
        "in": 506,
        "out": 506,
        "Read1": {
            "basepairs_in": 134596,
            "basepairs_out": 134207,
            "leftTrim": 0,
            "rightTrim": 389
        },
        "Read2": {
            "basepairs_in": 141177,
            "basepairs_out": 140903,
            "leftTrim": 0,
            "rightTrim": 274
        }
    }
  }, {
    "Program_details": {
        "program": "hts_Overlapper",
        "version": "1.3.2",
        "options": {
            "append-stats-file": "/nmspipeline//01-Processing/TRIMMER0091_P80/01-PrimerTrim/26-SMARTindex_LC_primers.log",
            "check-lengths": 20,
            "force": false,
            "force-pairs": false,
            "kmer": 8,
            "kmer-offset": 1,
            "max-mismatch": 100,
            "max-mismatch-errorDensity": 0.25,
            "min-overlap": 8,
            "notes": "",
            "number-of-threads": 1,
            "uncompressed": false
        }
    },
    "Fragment": {
        "in": 506,
        "out": 506,
        "basepairs_in": 275110,
        "basepairs_out": 206672,
        "inserts": {
            "short": 33,
            "medium": 450,
            "long": 23
        },
        "overlap_histogram": [ [14,1], [25,1], [31,2], [36,2], [40,1], [42,1], [52,1], [67,1], [78,1], [105,1], [114,1], [119,1], [120,1], [124,1], [133,1], [136,1], [137,1], [145,1], [158,1], [161,1], [164,1], [179,2], [186,1], [187,1], [236,1], [237,1], [240,1], [242,1], [247,1], [276,1], [287,1], [298,1], [318,1], [332,3], [335,1], [336,1], [361,1], [366,2], [375,1], [378,2], [383,1], [387,1], [399,1], [405,1], [407,2], [409,5], [410,3], [411,3], [413,3], [414,38], [415,5], [416,1], [417,55], [418,95], [419,3], [420,3], [421,65], [422,13], [423,13], [424,5], [425,1], [433,1], [434,1], [435,4], [437,3], [439,7], [440,5], [441,16], [442,28], [443,2], [444,45], [445,3], [453,1], [469,1], [475,1], [488,1] ]
    },
    "Single_end": {
        "in": 0,
        "out": 483,
        "basepairs_in": 0,
        "basepairs_out": 194195
    },
    "Paired_end": {
        "in": 506,
        "out": 23,
        "Read1": {
            "basepairs_in": 134207,
            "basepairs_out": 6073
        },
        "Read2": {
            "basepairs_in": 140903,
            "basepairs_out": 6404
        }
    }
  }, {
    "Program_details": {
        "program": "hts_LengthFilter",
        "version": "1.3.2",
        "options": {
            "append-stats-file": "/nmspipeline//01-Processing/TRIMMER0091_P80/01-PrimerTrim/26-SMARTindex_LC_primers.log",
            "fastq-output": "/nmspipeline//01-Processing/TRIMMER0091_P80/01-PrimerTrim/26-SMARTindex_LC_primers",
            "force": true,
            "max-length": 0,
            "min-length": 385,
            "no-orphans": false,
            "notes": "",
            "stranded": false,
            "uncompressed": false
        }
    },
    "Fragment": {
        "in": 506,
        "out": 435,
        "basepairs_in": 206672,
        "basepairs_out": 184741
    },
    "Single_end": {
        "in": 483,
        "out": 435,
        "basepairs_in": 194195,
        "basepairs_out": 184741,
        "discarded": 48
    },
    "Paired_end": {
        "in": 23,
        "out": 0,
        "discarded": 23,
        "Read1": {
            "basepairs_in": 6073,
            "basepairs_out": 0,
            "discarded": 0
        },
        "Read2": {
            "basepairs_in": 6404,
            "basepairs_out": 0,
            "discarded": 0
        }
    }
  }
]
