[ {
    "Program_details": {
        "program": "hts_Primers",
        "version": "1.3.2",
        "options": {
            "flip": true,
            "float": 0,
            "force": false,
            "keep": false,
            "min_primer_matches": 2,
            "notes": "",
            "primer_end_mismatches": 0,
            "primer_mismatches": 0,
            "primers_3p": "../hc_primers.fasta",
            "primers_5p": "AACGCCCAGTGGTATCAACGCAGAGTACATGGGG",
            "read1-input": [ "/nmspipeline//01-Processing/TRIMMER0091_P80/00-RawData/TRIMMER_Plate80_S2_L001_R1_001_sub.fastq.gz"],
            "read2-input": [ "/nmspipeline//01-Processing/TRIMMER0091_P80/00-RawData/TRIMMER_Plate80_S2_L001_R2_001_sub.fastq.gz"],
            "stats-file": "/nmspipeline//01-Processing/TRIMMER0091_P80/01-PrimerTrim/26-SMARTindex_HC_primers.log",
            "uncompressed": false
        },
        "primers": [ ["p5primer1","AACGCCCAGTGGTATCAACGCAGAGTACATGGGG"], ["Ga3.10for_mIGH3","GGATAGACAGATGGGGCTGTTGTTGT"], ["Ga12HC.10_REV_CHI","ATAGACAGATGGGGGTGTCGTTTTGG"], ["p5primer1","AACGCCCAGTGGTATCAACGCAGAGTACATGGGG"], ["Ga3.10for_mIGH3","GGATAGACAGATGGGGCTGTTGTTGT"], ["Ga12HC.10_REV_CHI","ATAGACAGATGGGGGTGTCGTTTTGG"] ]
    },
    "Fragment": {
        "in": 100000,
        "out": 14,
        "basepairs_in": 60000000,
        "basepairs_out": 7560,
        "flipped": 7,
        "primers_counts": [ ["p5primer1","Ga12HC.10_REV_CHI",14], ["p5primer1","None",616], ["None","Ga3.10for_mIGH3",1142], ["None","Ga12HC.10_REV_CHI",28133], ["None","None",70095] ]
    },
    "Single_end": {
        "in": 0,
        "out": 0,
        "basepairs_in": 0,
        "basepairs_out": 0,
        "primerTrim": 0,
        "primerBpTrim": 0,
        "discarded": 0
    },
    "Paired_end": {
        "in": 100000,
        "out": 14,
        "discarded": 99986,
        "Read1": {
            "basepairs_in": 30000000,
            "basepairs_out": 3724,
            "primerTrim": 14,
            "primerBpTrim": 476
        },
        "Read2": {
            "basepairs_in": 30000000,
            "basepairs_out": 3836,
            "primerTrim": 14,
            "primerBpTrim": 364
        }
    }
  }, {
    "Program_details": {
        "program": "hts_NTrimmer",
        "version": "1.3.2",
        "options": {
            "append-stats-file": "/nmspipeline//01-Processing/TRIMMER0091_P80/01-PrimerTrim/26-SMARTindex_HC_primers.log",
            "exclude": true,
            "force": false,
            "notes": "",
            "uncompressed": false
        }
    },
    "Fragment": {
        "in": 14,
        "out": 14,
        "basepairs_in": 7560,
        "basepairs_out": 7560
    },
    "Single_end": {
        "in": 0,
        "out": 0,
        "basepairs_in": 0,
        "basepairs_out": 0,
        "rightTrim": 0,
        "leftTrim": 0,
        "discarded": 0
    },
    "Paired_end": {
        "in": 14,
        "out": 14,
        "discarded": 0,
        "Read1": {
            "basepairs_in": 3724,
            "basepairs_out": 3724,
            "leftTrim": 0,
            "rightTrim": 0
        },
        "Read2": {
            "basepairs_in": 3836,
            "basepairs_out": 3836,
            "leftTrim": 0,
            "rightTrim": 0
        }
    }
  }, {
    "Program_details": {
        "program": "hts_SeqScreener",
        "version": "1.3.2",
        "options": {
            "append-stats-file": "/nmspipeline//01-Processing/TRIMMER0091_P80/01-PrimerTrim/26-SMARTindex_HC_primers.log",
            "check-read-2": true,
            "force": false,
            "inverse": false,
            "kmer": 21,
            "notes": "",
            "percentage-hits": 0.01,
            "record": true,
            "seq": "../aberrant_LC.fasta",
            "uncompressed": false
        },
        "screen_info": {
            "screenBP": 96,
            "lookupKmers": 8
        }
    },
    "Fragment": {
        "in": 14,
        "out": 14,
        "basepairs_in": 7560,
        "basepairs_out": 7560
    },
    "Single_end": {
        "in": 0,
        "out": 0,
        "basepairs_in": 0,
        "basepairs_out": 0,
        "hits": 0
    },
    "Paired_end": {
        "in": 14,
        "out": 14,
        "hits": 0,
        "Read1": {
            "basepairs_in": 3724,
            "basepairs_out": 3724
        },
        "Read2": {
            "basepairs_in": 3836,
            "basepairs_out": 3836
        }
    }
  }, {
    "Program_details": {
        "program": "hts_QWindowTrim",
        "version": "1.3.2",
        "options": {
            "append-stats-file": "/nmspipeline//01-Processing/TRIMMER0091_P80/01-PrimerTrim/26-SMARTindex_HC_primers.log",
            "avg-qual-score": 10,
            "force": false,
            "no-left": true,
            "no-right": false,
            "notes": "",
            "qual-offset": 33,
            "uncompressed": false,
            "window-size": 10
        }
    },
    "Fragment": {
        "in": 14,
        "out": 14,
        "basepairs_in": 7560,
        "basepairs_out": 7518
    },
    "Single_end": {
        "in": 0,
        "out": 0,
        "basepairs_in": 0,
        "basepairs_out": 0,
        "rightTrim": 0,
        "leftTrim": 0
    },
    "Paired_end": {
        "in": 14,
        "out": 14,
        "Read1": {
            "basepairs_in": 3724,
            "basepairs_out": 3687,
            "leftTrim": 0,
            "rightTrim": 37
        },
        "Read2": {
            "basepairs_in": 3836,
            "basepairs_out": 3831,
            "leftTrim": 0,
            "rightTrim": 5
        }
    }
  }, {
    "Program_details": {
        "program": "hts_Overlapper",
        "version": "1.3.2",
        "options": {
            "append-stats-file": "/nmspipeline//01-Processing/TRIMMER0091_P80/01-PrimerTrim/26-SMARTindex_HC_primers.log",
            "check-lengths": 20,
            "force": false,
            "force-pairs": false,
            "kmer": 8,
            "kmer-offset": 1,
            "max-mismatch": 100,
            "max-mismatch-errorDensity": 0.25,
            "min-overlap": 8,
            "notes": "",
            "number-of-threads": 1,
            "uncompressed": false
        }
    },
    "Fragment": {
        "in": 14,
        "out": 14,
        "basepairs_in": 7518,
        "basepairs_out": 4037,
        "inserts": {
            "short": 7,
            "medium": 7,
            "long": 0
        },
        "overlap_histogram": [ [28,1], [53,1], [72,1], [157,1], [201,2], [221,1], [315,1], [462,2], [466,3], [467,1] ]
    },
    "Single_end": {
        "in": 0,
        "out": 14,
        "basepairs_in": 0,
        "basepairs_out": 4037
    },
    "Paired_end": {
        "in": 14,
        "out": 0,
        "Read1": {
            "basepairs_in": 3687,
            "basepairs_out": 0
        },
        "Read2": {
            "basepairs_in": 3831,
            "basepairs_out": 0
        }
    }
  }, {
    "Program_details": {
        "program": "hts_LengthFilter",
        "version": "1.3.2",
        "options": {
            "append-stats-file": "/nmspipeline//01-Processing/TRIMMER0091_P80/01-PrimerTrim/26-SMARTindex_HC_primers.log",
            "fastq-output": "/nmspipeline//01-Processing/TRIMMER0091_P80/01-PrimerTrim/26-SMARTindex_HC_primers",
            "force": true,
            "max-length": 0,
            "min-length": 385,
            "no-orphans": false,
            "notes": "",
            "stranded": false,
            "uncompressed": false
        }
    },
    "Fragment": {
        "in": 14,
        "out": 6,
        "basepairs_in": 4037,
        "basepairs_out": 2789
    },
    "Single_end": {
        "in": 14,
        "out": 6,
        "basepairs_in": 4037,
        "basepairs_out": 2789,
        "discarded": 8
    },
    "Paired_end": {
        "in": 0,
        "out": 0,
        "discarded": 0,
        "Read1": {
            "basepairs_in": 0,
            "basepairs_out": 0,
            "discarded": 0
        },
        "Read2": {
            "basepairs_in": 0,
            "basepairs_out": 0,
            "discarded": 0
        }
    }
  }
]
