[ {
    "Program_details": {
        "program": "hts_Primers",
        "version": "1.3.2",
        "options": {
            "flip": true,
            "float": 0,
            "force": false,
            "keep": false,
            "min_primer_matches": 2,
            "notes": "",
            "primer_end_mismatches": 0,
            "primer_mismatches": 0,
            "primers_3p": "../lc_primers.fasta",
            "primers_5p": "CAAGCACAGTGGTATCAACGCAGAGTACATGGGG",
            "read1-input": [ "/nmspipeline//01-Processing/TRIMMER0091_P80/00-RawData/TRIMMER_Plate80_S2_L001_R1_001_sub.fastq.gz"],
            "read2-input": [ "/nmspipeline//01-Processing/TRIMMER0091_P80/00-RawData/TRIMMER_Plate80_S2_L001_R2_001_sub.fastq.gz"],
            "stats-file": "/nmspipeline//01-Processing/TRIMMER0091_P80/01-PrimerTrim/27-SMARTindex_LC_primers.log",
            "uncompressed": false
        },
        "primers": [ ["p5primer1","CAAGCACAGTGGTATCAACGCAGAGTACATGGGG"], ["KaLC.6_REV_LC","GGATACAGTTGGTGCAGCATC"], ["LaLC.R-mIGL","ATCGTACACACCAGTGTGGC"], ["p5primer1","CAAGCACAGTGGTATCAACGCAGAGTACATGGGG"], ["KaLC.6_REV_LC","GGATACAGTTGGTGCAGCATC"], ["LaLC.R-mIGL","ATCGTACACACCAGTGTGGC"] ]
    },
    "Fragment": {
        "in": 100000,
        "out": 452,
        "basepairs_in": 60000000,
        "basepairs_out": 246342,
        "flipped": 188,
        "primers_counts": [ ["p5primer1","LaLC.R-mIGL",2], ["p5primer1","None",327], ["p5primer1","KaLC.6_REV_LC",450], ["None","LaLC.R-mIGL",602], ["None","None",48139], ["None","KaLC.6_REV_LC",50480] ]
    },
    "Single_end": {
        "in": 0,
        "out": 0,
        "basepairs_in": 0,
        "basepairs_out": 0,
        "primerTrim": 0,
        "primerBpTrim": 0,
        "discarded": 0
    },
    "Paired_end": {
        "in": 100000,
        "out": 452,
        "discarded": 99548,
        "Read1": {
            "basepairs_in": 30000000,
            "basepairs_out": 120232,
            "primerTrim": 452,
            "primerBpTrim": 15368
        },
        "Read2": {
            "basepairs_in": 30000000,
            "basepairs_out": 126110,
            "primerTrim": 452,
            "primerBpTrim": 9490
        }
    }
  }, {
    "Program_details": {
        "program": "hts_NTrimmer",
        "version": "1.3.2",
        "options": {
            "append-stats-file": "/nmspipeline//01-Processing/TRIMMER0091_P80/01-PrimerTrim/27-SMARTindex_LC_primers.log",
            "exclude": true,
            "force": false,
            "notes": "",
            "uncompressed": false
        }
    },
    "Fragment": {
        "in": 452,
        "out": 452,
        "basepairs_in": 246342,
        "basepairs_out": 246342
    },
    "Single_end": {
        "in": 0,
        "out": 0,
        "basepairs_in": 0,
        "basepairs_out": 0,
        "rightTrim": 0,
        "leftTrim": 0,
        "discarded": 0
    },
    "Paired_end": {
        "in": 452,
        "out": 452,
        "discarded": 0,
        "Read1": {
            "basepairs_in": 120232,
            "basepairs_out": 120232,
            "leftTrim": 0,
            "rightTrim": 0
        },
        "Read2": {
            "basepairs_in": 126110,
            "basepairs_out": 126110,
            "leftTrim": 0,
            "rightTrim": 0
        }
    }
  }, {
    "Program_details": {
        "program": "hts_SeqScreener",
        "version": "1.3.2",
        "options": {
            "append-stats-file": "/nmspipeline//01-Processing/TRIMMER0091_P80/01-PrimerTrim/27-SMARTindex_LC_primers.log",
            "check-read-2": true,
            "force": false,
            "inverse": false,
            "kmer": 21,
            "notes": "",
            "percentage-hits": 0.01,
            "record": true,
            "seq": "../aberrant_LC.fasta",
            "uncompressed": false
        },
        "screen_info": {
            "screenBP": 96,
            "lookupKmers": 8
        }
    },
    "Fragment": {
        "in": 452,
        "out": 452,
        "basepairs_in": 246342,
        "basepairs_out": 246342
    },
    "Single_end": {
        "in": 0,
        "out": 0,
        "basepairs_in": 0,
        "basepairs_out": 0,
        "hits": 0
    },
    "Paired_end": {
        "in": 452,
        "out": 452,
        "hits": 100,
        "Read1": {
            "basepairs_in": 120232,
            "basepairs_out": 120232
        },
        "Read2": {
            "basepairs_in": 126110,
            "basepairs_out": 126110
        }
    }
  }, {
    "Program_details": {
        "program": "hts_QWindowTrim",
        "version": "1.3.2",
        "options": {
            "append-stats-file": "/nmspipeline//01-Processing/TRIMMER0091_P80/01-PrimerTrim/27-SMARTindex_LC_primers.log",
            "avg-qual-score": 10,
            "force": false,
            "no-left": true,
            "no-right": false,
            "notes": "",
            "qual-offset": 33,
            "uncompressed": false,
            "window-size": 10
        }
    },
    "Fragment": {
        "in": 452,
        "out": 452,
        "basepairs_in": 246342,
        "basepairs_out": 245824
    },
    "Single_end": {
        "in": 0,
        "out": 0,
        "basepairs_in": 0,
        "basepairs_out": 0,
        "rightTrim": 0,
        "leftTrim": 0
    },
    "Paired_end": {
        "in": 452,
        "out": 452,
        "Read1": {
            "basepairs_in": 120232,
            "basepairs_out": 120067,
            "leftTrim": 0,
            "rightTrim": 165
        },
        "Read2": {
            "basepairs_in": 126110,
            "basepairs_out": 125757,
            "leftTrim": 0,
            "rightTrim": 353
        }
    }
  }, {
    "Program_details": {
        "program": "hts_Overlapper",
        "version": "1.3.2",
        "options": {
            "append-stats-file": "/nmspipeline//01-Processing/TRIMMER0091_P80/01-PrimerTrim/27-SMARTindex_LC_primers.log",
            "check-lengths": 20,
            "force": false,
            "force-pairs": false,
            "kmer": 8,
            "kmer-offset": 1,
            "max-mismatch": 100,
            "max-mismatch-errorDensity": 0.25,
            "min-overlap": 8,
            "notes": "",
            "number-of-threads": 1,
            "uncompressed": false
        }
    },
    "Fragment": {
        "in": 452,
        "out": 452,
        "basepairs_in": 245824,
        "basepairs_out": 194450,
        "inserts": {
            "short": 21,
            "medium": 395,
            "long": 36
        },
        "overlap_histogram": [ [15,1], [36,1], [40,1], [42,1], [43,1], [64,1], [70,1], [73,1], [83,1], [93,1], [113,1], [120,1], [137,1], [144,1], [214,1], [219,1], [241,1], [251,1], [254,1], [264,1], [265,1], [282,1], [296,1], [327,1], [338,1], [375,1], [381,1], [386,1], [391,1], [395,1], [396,2], [397,1], [398,3], [399,12], [417,2], [418,24], [419,1], [420,1], [421,4], [422,10], [423,12], [424,4], [429,1], [433,1], [435,2], [437,4], [440,25], [441,33], [442,21], [443,7], [444,156], [445,52], [446,4], [452,1], [453,1], [455,1], [457,1] ]
    },
    "Single_end": {
        "in": 0,
        "out": 416,
        "basepairs_in": 0,
        "basepairs_out": 174925
    },
    "Paired_end": {
        "in": 452,
        "out": 36,
        "Read1": {
            "basepairs_in": 120067,
            "basepairs_out": 9551
        },
        "Read2": {
            "basepairs_in": 125757,
            "basepairs_out": 9974
        }
    }
  }, {
    "Program_details": {
        "program": "hts_LengthFilter",
        "version": "1.3.2",
        "options": {
            "append-stats-file": "/nmspipeline//01-Processing/TRIMMER0091_P80/01-PrimerTrim/27-SMARTindex_LC_primers.log",
            "fastq-output": "/nmspipeline//01-Processing/TRIMMER0091_P80/01-PrimerTrim/27-SMARTindex_LC_primers",
            "force": true,
            "max-length": 0,
            "min-length": 385,
            "no-orphans": false,
            "notes": "",
            "stranded": false,
            "uncompressed": false
        }
    },
    "Fragment": {
        "in": 452,
        "out": 389,
        "basepairs_in": 194450,
        "basepairs_out": 170145
    },
    "Single_end": {
        "in": 416,
        "out": 389,
        "basepairs_in": 174925,
        "basepairs_out": 170145,
        "discarded": 27
    },
    "Paired_end": {
        "in": 36,
        "out": 0,
        "discarded": 36,
        "Read1": {
            "basepairs_in": 9551,
            "basepairs_out": 0,
            "discarded": 0
        },
        "Read2": {
            "basepairs_in": 9974,
            "basepairs_out": 0,
            "discarded": 0
        }
    }
  }
]
