[ {
    "Program_details": {
        "program": "hts_Primers",
        "version": "1.3.2",
        "options": {
            "flip": true,
            "float": 0,
            "force": false,
            "keep": false,
            "min_primer_matches": 2,
            "notes": "",
            "primer_end_mismatches": 0,
            "primer_mismatches": 0,
            "primers_3p": "../lc_primers.fasta",
            "primers_5p": "GCTCGACAGTGGTATCAACGCAGAGTACATGGGG",
            "read1-input": [ "/nmspipeline//01-Processing/TRIMMER0091_P80/00-RawData/TRIMMER_Plate80_S2_L001_R1_001_sub.fastq.gz"],
            "read2-input": [ "/nmspipeline//01-Processing/TRIMMER0091_P80/00-RawData/TRIMMER_Plate80_S2_L001_R2_001_sub.fastq.gz"],
            "stats-file": "/nmspipeline//01-Processing/TRIMMER0091_P80/01-PrimerTrim/28-SMARTindex_LC_primers.log",
            "uncompressed": false
        },
        "primers": [ ["p5primer1","GCTCGACAGTGGTATCAACGCAGAGTACATGGGG"], ["KaLC.6_REV_LC","GGATACAGTTGGTGCAGCATC"], ["LaLC.R-mIGL","ATCGTACACACCAGTGTGGC"], ["p5primer1","GCTCGACAGTGGTATCAACGCAGAGTACATGGGG"], ["KaLC.6_REV_LC","GGATACAGTTGGTGCAGCATC"], ["LaLC.R-mIGL","ATCGTACACACCAGTGTGGC"] ]
    },
    "Fragment": {
        "in": 100000,
        "out": 230,
        "basepairs_in": 60000000,
        "basepairs_out": 125351,
        "flipped": 102,
        "primers_counts": [ ["p5primer1","LaLC.R-mIGL",1], ["None","LaLC.R-mIGL",603], ["None","None",48295], ["p5primer1","None",171], ["p5primer1","KaLC.6_REV_LC",229], ["None","KaLC.6_REV_LC",50701] ]
    },
    "Single_end": {
        "in": 0,
        "out": 0,
        "basepairs_in": 0,
        "basepairs_out": 0,
        "primerTrim": 0,
        "primerBpTrim": 0,
        "discarded": 0
    },
    "Paired_end": {
        "in": 100000,
        "out": 230,
        "discarded": 99770,
        "Read1": {
            "basepairs_in": 30000000,
            "basepairs_out": 61180,
            "primerTrim": 230,
            "primerBpTrim": 7820
        },
        "Read2": {
            "basepairs_in": 30000000,
            "basepairs_out": 64171,
            "primerTrim": 230,
            "primerBpTrim": 4829
        }
    }
  }, {
    "Program_details": {
        "program": "hts_NTrimmer",
        "version": "1.3.2",
        "options": {
            "append-stats-file": "/nmspipeline//01-Processing/TRIMMER0091_P80/01-PrimerTrim/28-SMARTindex_LC_primers.log",
            "exclude": true,
            "force": false,
            "notes": "",
            "uncompressed": false
        }
    },
    "Fragment": {
        "in": 230,
        "out": 230,
        "basepairs_in": 125351,
        "basepairs_out": 125351
    },
    "Single_end": {
        "in": 0,
        "out": 0,
        "basepairs_in": 0,
        "basepairs_out": 0,
        "rightTrim": 0,
        "leftTrim": 0,
        "discarded": 0
    },
    "Paired_end": {
        "in": 230,
        "out": 230,
        "discarded": 0,
        "Read1": {
            "basepairs_in": 61180,
            "basepairs_out": 61180,
            "leftTrim": 0,
            "rightTrim": 0
        },
        "Read2": {
            "basepairs_in": 64171,
            "basepairs_out": 64171,
            "leftTrim": 0,
            "rightTrim": 0
        }
    }
  }, {
    "Program_details": {
        "program": "hts_SeqScreener",
        "version": "1.3.2",
        "options": {
            "append-stats-file": "/nmspipeline//01-Processing/TRIMMER0091_P80/01-PrimerTrim/28-SMARTindex_LC_primers.log",
            "check-read-2": true,
            "force": false,
            "inverse": false,
            "kmer": 21,
            "notes": "",
            "percentage-hits": 0.01,
            "record": true,
            "seq": "../aberrant_LC.fasta",
            "uncompressed": false
        },
        "screen_info": {
            "screenBP": 96,
            "lookupKmers": 8
        }
    },
    "Fragment": {
        "in": 230,
        "out": 230,
        "basepairs_in": 125351,
        "basepairs_out": 125351
    },
    "Single_end": {
        "in": 0,
        "out": 0,
        "basepairs_in": 0,
        "basepairs_out": 0,
        "hits": 0
    },
    "Paired_end": {
        "in": 230,
        "out": 230,
        "hits": 51,
        "Read1": {
            "basepairs_in": 61180,
            "basepairs_out": 61180
        },
        "Read2": {
            "basepairs_in": 64171,
            "basepairs_out": 64171
        }
    }
  }, {
    "Program_details": {
        "program": "hts_QWindowTrim",
        "version": "1.3.2",
        "options": {
            "append-stats-file": "/nmspipeline//01-Processing/TRIMMER0091_P80/01-PrimerTrim/28-SMARTindex_LC_primers.log",
            "avg-qual-score": 10,
            "force": false,
            "no-left": true,
            "no-right": false,
            "notes": "",
            "qual-offset": 33,
            "uncompressed": false,
            "window-size": 10
        }
    },
    "Fragment": {
        "in": 230,
        "out": 230,
        "basepairs_in": 125351,
        "basepairs_out": 124871
    },
    "Single_end": {
        "in": 0,
        "out": 0,
        "basepairs_in": 0,
        "basepairs_out": 0,
        "rightTrim": 0,
        "leftTrim": 0
    },
    "Paired_end": {
        "in": 230,
        "out": 230,
        "Read1": {
            "basepairs_in": 61180,
            "basepairs_out": 60982,
            "leftTrim": 0,
            "rightTrim": 198
        },
        "Read2": {
            "basepairs_in": 64171,
            "basepairs_out": 63889,
            "leftTrim": 0,
            "rightTrim": 282
        }
    }
  }, {
    "Program_details": {
        "program": "hts_Overlapper",
        "version": "1.3.2",
        "options": {
            "append-stats-file": "/nmspipeline//01-Processing/TRIMMER0091_P80/01-PrimerTrim/28-SMARTindex_LC_primers.log",
            "check-lengths": 20,
            "force": false,
            "force-pairs": false,
            "kmer": 8,
            "kmer-offset": 1,
            "max-mismatch": 100,
            "max-mismatch-errorDensity": 0.25,
            "min-overlap": 8,
            "notes": "",
            "number-of-threads": 1,
            "uncompressed": false
        }
    },
    "Fragment": {
        "in": 230,
        "out": 230,
        "basepairs_in": 124871,
        "basepairs_out": 93177,
        "inserts": {
            "short": 15,
            "medium": 199,
            "long": 16
        },
        "overlap_histogram": [ [18,1], [49,2], [52,1], [59,1], [60,1], [68,1], [79,1], [89,1], [93,1], [100,1], [109,1], [116,1], [118,1], [144,1], [358,2], [361,1], [393,1], [397,1], [398,3], [399,3], [401,1], [406,1], [412,34], [413,5], [415,10], [416,11], [417,5], [418,35], [419,1], [420,8], [421,51], [422,1], [423,7], [428,1], [429,1], [430,2], [432,1], [435,2], [440,3], [441,1], [442,1], [445,2], [446,1], [449,1], [537,2] ]
    },
    "Single_end": {
        "in": 0,
        "out": 214,
        "basepairs_in": 0,
        "basepairs_out": 84496
    },
    "Paired_end": {
        "in": 230,
        "out": 16,
        "Read1": {
            "basepairs_in": 60982,
            "basepairs_out": 4242
        },
        "Read2": {
            "basepairs_in": 63889,
            "basepairs_out": 4439
        }
    }
  }, {
    "Program_details": {
        "program": "hts_LengthFilter",
        "version": "1.3.2",
        "options": {
            "append-stats-file": "/nmspipeline//01-Processing/TRIMMER0091_P80/01-PrimerTrim/28-SMARTindex_LC_primers.log",
            "fastq-output": "/nmspipeline//01-Processing/TRIMMER0091_P80/01-PrimerTrim/28-SMARTindex_LC_primers",
            "force": true,
            "max-length": 0,
            "min-length": 385,
            "no-orphans": false,
            "notes": "",
            "stranded": false,
            "uncompressed": false
        }
    },
    "Fragment": {
        "in": 230,
        "out": 196,
        "basepairs_in": 93177,
        "basepairs_out": 82216
    },
    "Single_end": {
        "in": 214,
        "out": 196,
        "basepairs_in": 84496,
        "basepairs_out": 82216,
        "discarded": 18
    },
    "Paired_end": {
        "in": 16,
        "out": 0,
        "discarded": 16,
        "Read1": {
            "basepairs_in": 4242,
            "basepairs_out": 0,
            "discarded": 0
        },
        "Read2": {
            "basepairs_in": 4439,
            "basepairs_out": 0,
            "discarded": 0
        }
    }
  }
]
