[ {
    "Program_details": {
        "program": "hts_Primers",
        "version": "1.3.2",
        "options": {
            "flip": true,
            "float": 0,
            "force": false,
            "keep": false,
            "min_primer_matches": 2,
            "notes": "",
            "primer_end_mismatches": 0,
            "primer_mismatches": 0,
            "primers_3p": "../hc_primers.fasta",
            "primers_5p": "GCTCGACAGTGGTATCAACGCAGAGTACATGGGG",
            "read1-input": [ "/nmspipeline//01-Processing/TRIMMER0091_P80/00-RawData/TRIMMER_Plate80_S2_L001_R1_001_sub.fastq.gz"],
            "read2-input": [ "/nmspipeline//01-Processing/TRIMMER0091_P80/00-RawData/TRIMMER_Plate80_S2_L001_R2_001_sub.fastq.gz"],
            "stats-file": "/nmspipeline//01-Processing/TRIMMER0091_P80/01-PrimerTrim/28-SMARTindex_HC_primers.log",
            "uncompressed": false
        },
        "primers": [ ["p5primer1","GCTCGACAGTGGTATCAACGCAGAGTACATGGGG"], ["Ga3.10for_mIGH3","GGATAGACAGATGGGGCTGTTGTTGT"], ["Ga12HC.10_REV_CHI","ATAGACAGATGGGGGTGTCGTTTTGG"], ["p5primer1","GCTCGACAGTGGTATCAACGCAGAGTACATGGGG"], ["Ga3.10for_mIGH3","GGATAGACAGATGGGGCTGTTGTTGT"], ["Ga12HC.10_REV_CHI","ATAGACAGATGGGGGTGTCGTTTTGG"] ]
    },
    "Fragment": {
        "in": 100000,
        "out": 114,
        "basepairs_in": 60000000,
        "basepairs_out": 61560,
        "flipped": 46,
        "primers_counts": [ ["p5primer1","Ga12HC.10_REV_CHI",114], ["None","Ga3.10for_mIGH3",1142], ["None","Ga12HC.10_REV_CHI",28033], ["p5primer1","None",287], ["None","None",70424] ]
    },
    "Single_end": {
        "in": 0,
        "out": 0,
        "basepairs_in": 0,
        "basepairs_out": 0,
        "primerTrim": 0,
        "primerBpTrim": 0,
        "discarded": 0
    },
    "Paired_end": {
        "in": 100000,
        "out": 114,
        "discarded": 99886,
        "Read1": {
            "basepairs_in": 30000000,
            "basepairs_out": 30324,
            "primerTrim": 114,
            "primerBpTrim": 3876
        },
        "Read2": {
            "basepairs_in": 30000000,
            "basepairs_out": 31236,
            "primerTrim": 114,
            "primerBpTrim": 2964
        }
    }
  }, {
    "Program_details": {
        "program": "hts_NTrimmer",
        "version": "1.3.2",
        "options": {
            "append-stats-file": "/nmspipeline//01-Processing/TRIMMER0091_P80/01-PrimerTrim/28-SMARTindex_HC_primers.log",
            "exclude": true,
            "force": false,
            "notes": "",
            "uncompressed": false
        }
    },
    "Fragment": {
        "in": 114,
        "out": 114,
        "basepairs_in": 61560,
        "basepairs_out": 61560
    },
    "Single_end": {
        "in": 0,
        "out": 0,
        "basepairs_in": 0,
        "basepairs_out": 0,
        "rightTrim": 0,
        "leftTrim": 0,
        "discarded": 0
    },
    "Paired_end": {
        "in": 114,
        "out": 114,
        "discarded": 0,
        "Read1": {
            "basepairs_in": 30324,
            "basepairs_out": 30324,
            "leftTrim": 0,
            "rightTrim": 0
        },
        "Read2": {
            "basepairs_in": 31236,
            "basepairs_out": 31236,
            "leftTrim": 0,
            "rightTrim": 0
        }
    }
  }, {
    "Program_details": {
        "program": "hts_SeqScreener",
        "version": "1.3.2",
        "options": {
            "append-stats-file": "/nmspipeline//01-Processing/TRIMMER0091_P80/01-PrimerTrim/28-SMARTindex_HC_primers.log",
            "check-read-2": true,
            "force": false,
            "inverse": false,
            "kmer": 21,
            "notes": "",
            "percentage-hits": 0.01,
            "record": true,
            "seq": "../aberrant_LC.fasta",
            "uncompressed": false
        },
        "screen_info": {
            "screenBP": 96,
            "lookupKmers": 8
        }
    },
    "Fragment": {
        "in": 114,
        "out": 114,
        "basepairs_in": 61560,
        "basepairs_out": 61560
    },
    "Single_end": {
        "in": 0,
        "out": 0,
        "basepairs_in": 0,
        "basepairs_out": 0,
        "hits": 0
    },
    "Paired_end": {
        "in": 114,
        "out": 114,
        "hits": 0,
        "Read1": {
            "basepairs_in": 30324,
            "basepairs_out": 30324
        },
        "Read2": {
            "basepairs_in": 31236,
            "basepairs_out": 31236
        }
    }
  }, {
    "Program_details": {
        "program": "hts_QWindowTrim",
        "version": "1.3.2",
        "options": {
            "append-stats-file": "/nmspipeline//01-Processing/TRIMMER0091_P80/01-PrimerTrim/28-SMARTindex_HC_primers.log",
            "avg-qual-score": 10,
            "force": false,
            "no-left": true,
            "no-right": false,
            "notes": "",
            "qual-offset": 33,
            "uncompressed": false,
            "window-size": 10
        }
    },
    "Fragment": {
        "in": 114,
        "out": 114,
        "basepairs_in": 61560,
        "basepairs_out": 61361
    },
    "Single_end": {
        "in": 0,
        "out": 0,
        "basepairs_in": 0,
        "basepairs_out": 0,
        "rightTrim": 0,
        "leftTrim": 0
    },
    "Paired_end": {
        "in": 114,
        "out": 114,
        "Read1": {
            "basepairs_in": 30324,
            "basepairs_out": 30250,
            "leftTrim": 0,
            "rightTrim": 74
        },
        "Read2": {
            "basepairs_in": 31236,
            "basepairs_out": 31111,
            "leftTrim": 0,
            "rightTrim": 125
        }
    }
  }, {
    "Program_details": {
        "program": "hts_Overlapper",
        "version": "1.3.2",
        "options": {
            "append-stats-file": "/nmspipeline//01-Processing/TRIMMER0091_P80/01-PrimerTrim/28-SMARTindex_HC_primers.log",
            "check-lengths": 20,
            "force": false,
            "force-pairs": false,
            "kmer": 8,
            "kmer-offset": 1,
            "max-mismatch": 100,
            "max-mismatch-errorDensity": 0.25,
            "min-overlap": 8,
            "notes": "",
            "number-of-threads": 1,
            "uncompressed": false
        }
    },
    "Fragment": {
        "in": 114,
        "out": 114,
        "basepairs_in": 61361,
        "basepairs_out": 52046,
        "inserts": {
            "short": 4,
            "medium": 101,
            "long": 9
        },
        "overlap_histogram": [ [24,1], [115,1], [177,1], [236,1], [276,1], [339,1], [429,1], [430,1], [437,1], [446,7], [448,5], [460,1], [464,2], [466,1], [468,9], [469,48], [470,11], [471,6], [472,2], [473,2], [474,2] ]
    },
    "Single_end": {
        "in": 0,
        "out": 105,
        "basepairs_in": 0,
        "basepairs_out": 47237
    },
    "Paired_end": {
        "in": 114,
        "out": 9,
        "Read1": {
            "basepairs_in": 30250,
            "basepairs_out": 2370
        },
        "Read2": {
            "basepairs_in": 31111,
            "basepairs_out": 2439
        }
    }
  }, {
    "Program_details": {
        "program": "hts_LengthFilter",
        "version": "1.3.2",
        "options": {
            "append-stats-file": "/nmspipeline//01-Processing/TRIMMER0091_P80/01-PrimerTrim/28-SMARTindex_HC_primers.log",
            "fastq-output": "/nmspipeline//01-Processing/TRIMMER0091_P80/01-PrimerTrim/28-SMARTindex_HC_primers",
            "force": true,
            "max-length": 0,
            "min-length": 385,
            "no-orphans": false,
            "notes": "",
            "stranded": false,
            "uncompressed": false
        }
    },
    "Fragment": {
        "in": 114,
        "out": 99,
        "basepairs_in": 52046,
        "basepairs_out": 46070
    },
    "Single_end": {
        "in": 105,
        "out": 99,
        "basepairs_in": 47237,
        "basepairs_out": 46070,
        "discarded": 6
    },
    "Paired_end": {
        "in": 9,
        "out": 0,
        "discarded": 9,
        "Read1": {
            "basepairs_in": 2370,
            "basepairs_out": 0,
            "discarded": 0
        },
        "Read2": {
            "basepairs_in": 2439,
            "basepairs_out": 0,
            "discarded": 0
        }
    }
  }
]
