[ {
    "Program_details": {
        "program": "hts_Primers",
        "version": "1.3.2",
        "options": {
            "flip": true,
            "float": 0,
            "force": false,
            "keep": false,
            "min_primer_matches": 2,
            "notes": "",
            "primer_end_mismatches": 0,
            "primer_mismatches": 0,
            "primers_3p": "../hc_primers.fasta",
            "primers_5p": "GCGAATCAGTGGTATCAACGCAGAGTACATGGGG",
            "read1-input": [ "/nmspipeline//01-Processing/TRIMMER0091_P80/00-RawData/TRIMMER_Plate80_S2_L001_R1_001_sub.fastq.gz"],
            "read2-input": [ "/nmspipeline//01-Processing/TRIMMER0091_P80/00-RawData/TRIMMER_Plate80_S2_L001_R2_001_sub.fastq.gz"],
            "stats-file": "/nmspipeline//01-Processing/TRIMMER0091_P80/01-PrimerTrim/29-SMARTindex_HC_primers.log",
            "uncompressed": false
        },
        "primers": [ ["p5primer1","GCGAATCAGTGGTATCAACGCAGAGTACATGGGG"], ["Ga3.10for_mIGH3","GGATAGACAGATGGGGCTGTTGTTGT"], ["Ga12HC.10_REV_CHI","ATAGACAGATGGGGGTGTCGTTTTGG"], ["p5primer1","GCGAATCAGTGGTATCAACGCAGAGTACATGGGG"], ["Ga3.10for_mIGH3","GGATAGACAGATGGGGCTGTTGTTGT"], ["Ga12HC.10_REV_CHI","ATAGACAGATGGGGGTGTCGTTTTGG"] ]
    },
    "Fragment": {
        "in": 100000,
        "out": 284,
        "basepairs_in": 60000000,
        "basepairs_out": 153360,
        "flipped": 119,
        "primers_counts": [ ["p5primer1","None",266], ["p5primer1","Ga12HC.10_REV_CHI",283], ["p5primer1","Ga3.10for_mIGH3",1], ["None","Ga3.10for_mIGH3",1141], ["None","Ga12HC.10_REV_CHI",27864], ["None","None",70445] ]
    },
    "Single_end": {
        "in": 0,
        "out": 0,
        "basepairs_in": 0,
        "basepairs_out": 0,
        "primerTrim": 0,
        "primerBpTrim": 0,
        "discarded": 0
    },
    "Paired_end": {
        "in": 100000,
        "out": 284,
        "discarded": 99716,
        "Read1": {
            "basepairs_in": 30000000,
            "basepairs_out": 75544,
            "primerTrim": 284,
            "primerBpTrim": 9656
        },
        "Read2": {
            "basepairs_in": 30000000,
            "basepairs_out": 77816,
            "primerTrim": 284,
            "primerBpTrim": 7384
        }
    }
  }, {
    "Program_details": {
        "program": "hts_NTrimmer",
        "version": "1.3.2",
        "options": {
            "append-stats-file": "/nmspipeline//01-Processing/TRIMMER0091_P80/01-PrimerTrim/29-SMARTindex_HC_primers.log",
            "exclude": true,
            "force": false,
            "notes": "",
            "uncompressed": false
        }
    },
    "Fragment": {
        "in": 284,
        "out": 284,
        "basepairs_in": 153360,
        "basepairs_out": 153360
    },
    "Single_end": {
        "in": 0,
        "out": 0,
        "basepairs_in": 0,
        "basepairs_out": 0,
        "rightTrim": 0,
        "leftTrim": 0,
        "discarded": 0
    },
    "Paired_end": {
        "in": 284,
        "out": 284,
        "discarded": 0,
        "Read1": {
            "basepairs_in": 75544,
            "basepairs_out": 75544,
            "leftTrim": 0,
            "rightTrim": 0
        },
        "Read2": {
            "basepairs_in": 77816,
            "basepairs_out": 77816,
            "leftTrim": 0,
            "rightTrim": 0
        }
    }
  }, {
    "Program_details": {
        "program": "hts_SeqScreener",
        "version": "1.3.2",
        "options": {
            "append-stats-file": "/nmspipeline//01-Processing/TRIMMER0091_P80/01-PrimerTrim/29-SMARTindex_HC_primers.log",
            "check-read-2": true,
            "force": false,
            "inverse": false,
            "kmer": 21,
            "notes": "",
            "percentage-hits": 0.01,
            "record": true,
            "seq": "../aberrant_LC.fasta",
            "uncompressed": false
        },
        "screen_info": {
            "screenBP": 96,
            "lookupKmers": 8
        }
    },
    "Fragment": {
        "in": 284,
        "out": 284,
        "basepairs_in": 153360,
        "basepairs_out": 153360
    },
    "Single_end": {
        "in": 0,
        "out": 0,
        "basepairs_in": 0,
        "basepairs_out": 0,
        "hits": 0
    },
    "Paired_end": {
        "in": 284,
        "out": 284,
        "hits": 0,
        "Read1": {
            "basepairs_in": 75544,
            "basepairs_out": 75544
        },
        "Read2": {
            "basepairs_in": 77816,
            "basepairs_out": 77816
        }
    }
  }, {
    "Program_details": {
        "program": "hts_QWindowTrim",
        "version": "1.3.2",
        "options": {
            "append-stats-file": "/nmspipeline//01-Processing/TRIMMER0091_P80/01-PrimerTrim/29-SMARTindex_HC_primers.log",
            "avg-qual-score": 10,
            "force": false,
            "no-left": true,
            "no-right": false,
            "notes": "",
            "qual-offset": 33,
            "uncompressed": false,
            "window-size": 10
        }
    },
    "Fragment": {
        "in": 284,
        "out": 284,
        "basepairs_in": 153360,
        "basepairs_out": 153025
    },
    "Single_end": {
        "in": 0,
        "out": 0,
        "basepairs_in": 0,
        "basepairs_out": 0,
        "rightTrim": 0,
        "leftTrim": 0
    },
    "Paired_end": {
        "in": 284,
        "out": 284,
        "Read1": {
            "basepairs_in": 75544,
            "basepairs_out": 75364,
            "leftTrim": 0,
            "rightTrim": 180
        },
        "Read2": {
            "basepairs_in": 77816,
            "basepairs_out": 77661,
            "leftTrim": 0,
            "rightTrim": 155
        }
    }
  }, {
    "Program_details": {
        "program": "hts_Overlapper",
        "version": "1.3.2",
        "options": {
            "append-stats-file": "/nmspipeline//01-Processing/TRIMMER0091_P80/01-PrimerTrim/29-SMARTindex_HC_primers.log",
            "check-lengths": 20,
            "force": false,
            "force-pairs": false,
            "kmer": 8,
            "kmer-offset": 1,
            "max-mismatch": 100,
            "max-mismatch-errorDensity": 0.25,
            "min-overlap": 8,
            "notes": "",
            "number-of-threads": 1,
            "uncompressed": false
        }
    },
    "Fragment": {
        "in": 284,
        "out": 284,
        "basepairs_in": 153025,
        "basepairs_out": 125231,
        "inserts": {
            "short": 11,
            "medium": 260,
            "long": 13
        },
        "overlap_histogram": [ [18,1], [33,1], [51,1], [74,1], [82,1], [98,2], [157,1], [220,1], [247,1], [256,1], [332,1], [346,1], [349,1], [350,1], [400,1], [425,1], [432,2], [434,52], [435,2], [436,4], [452,1], [454,11], [455,23], [456,100], [457,8], [459,31], [460,4], [461,12], [462,2], [469,1], [495,1] ]
    },
    "Single_end": {
        "in": 0,
        "out": 271,
        "basepairs_in": 0,
        "basepairs_out": 118238
    },
    "Paired_end": {
        "in": 284,
        "out": 13,
        "Read1": {
            "basepairs_in": 75364,
            "basepairs_out": 3449
        },
        "Read2": {
            "basepairs_in": 77661,
            "basepairs_out": 3544
        }
    }
  }, {
    "Program_details": {
        "program": "hts_LengthFilter",
        "version": "1.3.2",
        "options": {
            "append-stats-file": "/nmspipeline//01-Processing/TRIMMER0091_P80/01-PrimerTrim/29-SMARTindex_HC_primers.log",
            "fastq-output": "/nmspipeline//01-Processing/TRIMMER0091_P80/01-PrimerTrim/29-SMARTindex_HC_primers",
            "force": true,
            "max-length": 0,
            "min-length": 385,
            "no-orphans": false,
            "notes": "",
            "stranded": false,
            "uncompressed": false
        }
    },
    "Fragment": {
        "in": 284,
        "out": 256,
        "basepairs_in": 125231,
        "basepairs_out": 115527
    },
    "Single_end": {
        "in": 271,
        "out": 256,
        "basepairs_in": 118238,
        "basepairs_out": 115527,
        "discarded": 15
    },
    "Paired_end": {
        "in": 13,
        "out": 0,
        "discarded": 13,
        "Read1": {
            "basepairs_in": 3449,
            "basepairs_out": 0,
            "discarded": 0
        },
        "Read2": {
            "basepairs_in": 3544,
            "basepairs_out": 0,
            "discarded": 0
        }
    }
  }
]
