[ {
    "Program_details": {
        "program": "hts_Primers",
        "version": "1.3.2",
        "options": {
            "flip": true,
            "float": 0,
            "force": false,
            "keep": false,
            "min_primer_matches": 2,
            "notes": "",
            "primer_end_mismatches": 0,
            "primer_mismatches": 0,
            "primers_3p": "../lc_primers.fasta",
            "primers_5p": "GCGAATCAGTGGTATCAACGCAGAGTACATGGGG",
            "read1-input": [ "/nmspipeline//01-Processing/TRIMMER0091_P80/00-RawData/TRIMMER_Plate80_S2_L001_R1_001_sub.fastq.gz"],
            "read2-input": [ "/nmspipeline//01-Processing/TRIMMER0091_P80/00-RawData/TRIMMER_Plate80_S2_L001_R2_001_sub.fastq.gz"],
            "stats-file": "/nmspipeline//01-Processing/TRIMMER0091_P80/01-PrimerTrim/29-SMARTindex_LC_primers.log",
            "uncompressed": false
        },
        "primers": [ ["p5primer1","GCGAATCAGTGGTATCAACGCAGAGTACATGGGG"], ["KaLC.6_REV_LC","GGATACAGTTGGTGCAGCATC"], ["LaLC.R-mIGL","ATCGTACACACCAGTGTGGC"], ["p5primer1","GCGAATCAGTGGTATCAACGCAGAGTACATGGGG"], ["KaLC.6_REV_LC","GGATACAGTTGGTGCAGCATC"], ["LaLC.R-mIGL","ATCGTACACACCAGTGTGGC"] ]
    },
    "Fragment": {
        "in": 100000,
        "out": 188,
        "basepairs_in": 60000000,
        "basepairs_out": 102461,
        "flipped": 76,
        "primers_counts": [ ["p5primer1","LaLC.R-mIGL",1], ["p5primer1","KaLC.6_REV_LC",187], ["p5primer1","None",362], ["None","LaLC.R-mIGL",603], ["None","None",48104], ["None","KaLC.6_REV_LC",50743] ]
    },
    "Single_end": {
        "in": 0,
        "out": 0,
        "basepairs_in": 0,
        "basepairs_out": 0,
        "primerTrim": 0,
        "primerBpTrim": 0,
        "discarded": 0
    },
    "Paired_end": {
        "in": 100000,
        "out": 188,
        "discarded": 99812,
        "Read1": {
            "basepairs_in": 30000000,
            "basepairs_out": 50008,
            "primerTrim": 188,
            "primerBpTrim": 6392
        },
        "Read2": {
            "basepairs_in": 30000000,
            "basepairs_out": 52453,
            "primerTrim": 188,
            "primerBpTrim": 3947
        }
    }
  }, {
    "Program_details": {
        "program": "hts_NTrimmer",
        "version": "1.3.2",
        "options": {
            "append-stats-file": "/nmspipeline//01-Processing/TRIMMER0091_P80/01-PrimerTrim/29-SMARTindex_LC_primers.log",
            "exclude": true,
            "force": false,
            "notes": "",
            "uncompressed": false
        }
    },
    "Fragment": {
        "in": 188,
        "out": 187,
        "basepairs_in": 102461,
        "basepairs_out": 101916
    },
    "Single_end": {
        "in": 0,
        "out": 0,
        "basepairs_in": 0,
        "basepairs_out": 0,
        "rightTrim": 0,
        "leftTrim": 0,
        "discarded": 0
    },
    "Paired_end": {
        "in": 188,
        "out": 187,
        "discarded": 1,
        "Read1": {
            "basepairs_in": 50008,
            "basepairs_out": 49742,
            "leftTrim": 0,
            "rightTrim": 0
        },
        "Read2": {
            "basepairs_in": 52453,
            "basepairs_out": 52174,
            "leftTrim": 0,
            "rightTrim": 0
        }
    }
  }, {
    "Program_details": {
        "program": "hts_SeqScreener",
        "version": "1.3.2",
        "options": {
            "append-stats-file": "/nmspipeline//01-Processing/TRIMMER0091_P80/01-PrimerTrim/29-SMARTindex_LC_primers.log",
            "check-read-2": true,
            "force": false,
            "inverse": false,
            "kmer": 21,
            "notes": "",
            "percentage-hits": 0.01,
            "record": true,
            "seq": "../aberrant_LC.fasta",
            "uncompressed": false
        },
        "screen_info": {
            "screenBP": 96,
            "lookupKmers": 8
        }
    },
    "Fragment": {
        "in": 187,
        "out": 187,
        "basepairs_in": 101916,
        "basepairs_out": 101916
    },
    "Single_end": {
        "in": 0,
        "out": 0,
        "basepairs_in": 0,
        "basepairs_out": 0,
        "hits": 0
    },
    "Paired_end": {
        "in": 187,
        "out": 187,
        "hits": 171,
        "Read1": {
            "basepairs_in": 49742,
            "basepairs_out": 49742
        },
        "Read2": {
            "basepairs_in": 52174,
            "basepairs_out": 52174
        }
    }
  }, {
    "Program_details": {
        "program": "hts_QWindowTrim",
        "version": "1.3.2",
        "options": {
            "append-stats-file": "/nmspipeline//01-Processing/TRIMMER0091_P80/01-PrimerTrim/29-SMARTindex_LC_primers.log",
            "avg-qual-score": 10,
            "force": false,
            "no-left": true,
            "no-right": false,
            "notes": "",
            "qual-offset": 33,
            "uncompressed": false,
            "window-size": 10
        }
    },
    "Fragment": {
        "in": 187,
        "out": 187,
        "basepairs_in": 101916,
        "basepairs_out": 101540
    },
    "Single_end": {
        "in": 0,
        "out": 0,
        "basepairs_in": 0,
        "basepairs_out": 0,
        "rightTrim": 0,
        "leftTrim": 0
    },
    "Paired_end": {
        "in": 187,
        "out": 187,
        "Read1": {
            "basepairs_in": 49742,
            "basepairs_out": 49598,
            "leftTrim": 0,
            "rightTrim": 144
        },
        "Read2": {
            "basepairs_in": 52174,
            "basepairs_out": 51942,
            "leftTrim": 0,
            "rightTrim": 232
        }
    }
  }, {
    "Program_details": {
        "program": "hts_Overlapper",
        "version": "1.3.2",
        "options": {
            "append-stats-file": "/nmspipeline//01-Processing/TRIMMER0091_P80/01-PrimerTrim/29-SMARTindex_LC_primers.log",
            "check-lengths": 20,
            "force": false,
            "force-pairs": false,
            "kmer": 8,
            "kmer-offset": 1,
            "max-mismatch": 100,
            "max-mismatch-errorDensity": 0.25,
            "min-overlap": 8,
            "notes": "",
            "number-of-threads": 1,
            "uncompressed": false
        }
    },
    "Fragment": {
        "in": 187,
        "out": 187,
        "basepairs_in": 101540,
        "basepairs_out": 75071,
        "inserts": {
            "short": 18,
            "medium": 160,
            "long": 9
        },
        "overlap_histogram": [ [40,1], [48,1], [60,1], [64,1], [67,1], [89,1], [97,1], [101,2], [105,1], [112,1], [131,1], [132,1], [145,1], [176,1], [209,1], [214,1], [238,1], [304,1], [391,1], [393,2], [398,1], [399,4], [401,1], [403,4], [406,1], [413,1], [418,17], [419,1], [421,9], [422,16], [423,10], [424,3], [425,13], [426,22], [427,8], [428,1], [435,1], [436,3], [438,1], [439,3], [440,9], [441,2], [443,3], [444,18], [445,2], [446,2] ]
    },
    "Single_end": {
        "in": 0,
        "out": 178,
        "basepairs_in": 0,
        "basepairs_out": 70188
    },
    "Paired_end": {
        "in": 187,
        "out": 9,
        "Read1": {
            "basepairs_in": 49598,
            "basepairs_out": 2386
        },
        "Read2": {
            "basepairs_in": 51942,
            "basepairs_out": 2497
        }
    }
  }, {
    "Program_details": {
        "program": "hts_LengthFilter",
        "version": "1.3.2",
        "options": {
            "append-stats-file": "/nmspipeline//01-Processing/TRIMMER0091_P80/01-PrimerTrim/29-SMARTindex_LC_primers.log",
            "fastq-output": "/nmspipeline//01-Processing/TRIMMER0091_P80/01-PrimerTrim/29-SMARTindex_LC_primers",
            "force": true,
            "max-length": 0,
            "min-length": 385,
            "no-orphans": false,
            "notes": "",
            "stranded": false,
            "uncompressed": false
        }
    },
    "Fragment": {
        "in": 187,
        "out": 159,
        "basepairs_in": 75071,
        "basepairs_out": 67755
    },
    "Single_end": {
        "in": 178,
        "out": 159,
        "basepairs_in": 70188,
        "basepairs_out": 67755,
        "discarded": 19
    },
    "Paired_end": {
        "in": 9,
        "out": 0,
        "discarded": 9,
        "Read1": {
            "basepairs_in": 2386,
            "basepairs_out": 0,
            "discarded": 0
        },
        "Read2": {
            "basepairs_in": 2497,
            "basepairs_out": 0,
            "discarded": 0
        }
    }
  }
]
