[ {
    "Program_details": {
        "program": "hts_Primers",
        "version": "1.3.2",
        "options": {
            "flip": true,
            "float": 0,
            "force": false,
            "keep": false,
            "min_primer_matches": 2,
            "notes": "",
            "primer_end_mismatches": 0,
            "primer_mismatches": 0,
            "primers_3p": "../lc_primers.fasta",
            "primers_5p": "TGGATTCAGTGGTATCAACGCAGAGTACATGGGG",
            "read1-input": [ "/nmspipeline//01-Processing/TRIMMER0091_P80/00-RawData/TRIMMER_Plate80_S2_L001_R1_001_sub.fastq.gz"],
            "read2-input": [ "/nmspipeline//01-Processing/TRIMMER0091_P80/00-RawData/TRIMMER_Plate80_S2_L001_R2_001_sub.fastq.gz"],
            "stats-file": "/nmspipeline//01-Processing/TRIMMER0091_P80/01-PrimerTrim/30-SMARTindex_LC_primers.log",
            "uncompressed": false
        },
        "primers": [ ["p5primer1","TGGATTCAGTGGTATCAACGCAGAGTACATGGGG"], ["KaLC.6_REV_LC","GGATACAGTTGGTGCAGCATC"], ["LaLC.R-mIGL","ATCGTACACACCAGTGTGGC"], ["p5primer1","TGGATTCAGTGGTATCAACGCAGAGTACATGGGG"], ["KaLC.6_REV_LC","GGATACAGTTGGTGCAGCATC"], ["LaLC.R-mIGL","ATCGTACACACCAGTGTGGC"] ]
    },
    "Fragment": {
        "in": 100000,
        "out": 516,
        "basepairs_in": 60000000,
        "basepairs_out": 281228,
        "flipped": 216,
        "primers_counts": [ ["p5primer1","LaLC.R-mIGL",8], ["p5primer1","KaLC.6_REV_LC",508], ["p5primer1","None",529], ["None","LaLC.R-mIGL",596], ["None","None",47937], ["None","KaLC.6_REV_LC",50422] ]
    },
    "Single_end": {
        "in": 0,
        "out": 0,
        "basepairs_in": 0,
        "basepairs_out": 0,
        "primerTrim": 0,
        "primerBpTrim": 0,
        "discarded": 0
    },
    "Paired_end": {
        "in": 100000,
        "out": 516,
        "discarded": 99484,
        "Read1": {
            "basepairs_in": 30000000,
            "basepairs_out": 137256,
            "primerTrim": 516,
            "primerBpTrim": 17544
        },
        "Read2": {
            "basepairs_in": 30000000,
            "basepairs_out": 143972,
            "primerTrim": 516,
            "primerBpTrim": 10828
        }
    }
  }, {
    "Program_details": {
        "program": "hts_NTrimmer",
        "version": "1.3.2",
        "options": {
            "append-stats-file": "/nmspipeline//01-Processing/TRIMMER0091_P80/01-PrimerTrim/30-SMARTindex_LC_primers.log",
            "exclude": true,
            "force": false,
            "notes": "",
            "uncompressed": false
        }
    },
    "Fragment": {
        "in": 516,
        "out": 516,
        "basepairs_in": 281228,
        "basepairs_out": 281228
    },
    "Single_end": {
        "in": 0,
        "out": 0,
        "basepairs_in": 0,
        "basepairs_out": 0,
        "rightTrim": 0,
        "leftTrim": 0,
        "discarded": 0
    },
    "Paired_end": {
        "in": 516,
        "out": 516,
        "discarded": 0,
        "Read1": {
            "basepairs_in": 137256,
            "basepairs_out": 137256,
            "leftTrim": 0,
            "rightTrim": 0
        },
        "Read2": {
            "basepairs_in": 143972,
            "basepairs_out": 143972,
            "leftTrim": 0,
            "rightTrim": 0
        }
    }
  }, {
    "Program_details": {
        "program": "hts_SeqScreener",
        "version": "1.3.2",
        "options": {
            "append-stats-file": "/nmspipeline//01-Processing/TRIMMER0091_P80/01-PrimerTrim/30-SMARTindex_LC_primers.log",
            "check-read-2": true,
            "force": false,
            "inverse": false,
            "kmer": 21,
            "notes": "",
            "percentage-hits": 0.01,
            "record": true,
            "seq": "../aberrant_LC.fasta",
            "uncompressed": false
        },
        "screen_info": {
            "screenBP": 96,
            "lookupKmers": 8
        }
    },
    "Fragment": {
        "in": 516,
        "out": 516,
        "basepairs_in": 281228,
        "basepairs_out": 281228
    },
    "Single_end": {
        "in": 0,
        "out": 0,
        "basepairs_in": 0,
        "basepairs_out": 0,
        "hits": 0
    },
    "Paired_end": {
        "in": 516,
        "out": 516,
        "hits": 190,
        "Read1": {
            "basepairs_in": 137256,
            "basepairs_out": 137256
        },
        "Read2": {
            "basepairs_in": 143972,
            "basepairs_out": 143972
        }
    }
  }, {
    "Program_details": {
        "program": "hts_QWindowTrim",
        "version": "1.3.2",
        "options": {
            "append-stats-file": "/nmspipeline//01-Processing/TRIMMER0091_P80/01-PrimerTrim/30-SMARTindex_LC_primers.log",
            "avg-qual-score": 10,
            "force": false,
            "no-left": true,
            "no-right": false,
            "notes": "",
            "qual-offset": 33,
            "uncompressed": false,
            "window-size": 10
        }
    },
    "Fragment": {
        "in": 516,
        "out": 516,
        "basepairs_in": 281228,
        "basepairs_out": 280354
    },
    "Single_end": {
        "in": 0,
        "out": 0,
        "basepairs_in": 0,
        "basepairs_out": 0,
        "rightTrim": 0,
        "leftTrim": 0
    },
    "Paired_end": {
        "in": 516,
        "out": 516,
        "Read1": {
            "basepairs_in": 137256,
            "basepairs_out": 136913,
            "leftTrim": 0,
            "rightTrim": 343
        },
        "Read2": {
            "basepairs_in": 143972,
            "basepairs_out": 143441,
            "leftTrim": 0,
            "rightTrim": 531
        }
    }
  }, {
    "Program_details": {
        "program": "hts_Overlapper",
        "version": "1.3.2",
        "options": {
            "append-stats-file": "/nmspipeline//01-Processing/TRIMMER0091_P80/01-PrimerTrim/30-SMARTindex_LC_primers.log",
            "check-lengths": 20,
            "force": false,
            "force-pairs": false,
            "kmer": 8,
            "kmer-offset": 1,
            "max-mismatch": 100,
            "max-mismatch-errorDensity": 0.25,
            "min-overlap": 8,
            "notes": "",
            "number-of-threads": 1,
            "uncompressed": false
        }
    },
    "Fragment": {
        "in": 516,
        "out": 516,
        "basepairs_in": 280354,
        "basepairs_out": 208269,
        "inserts": {
            "short": 33,
            "medium": 458,
            "long": 25
        },
        "overlap_histogram": [ [25,1], [39,1], [48,1], [64,2], [79,1], [80,1], [82,1], [83,1], [88,1], [89,3], [93,1], [113,1], [125,2], [127,1], [128,1], [136,1], [144,1], [145,2], [150,1], [156,1], [159,1], [164,1], [169,1], [196,1], [197,1], [219,1], [223,2], [281,1], [282,4], [289,1], [298,1], [323,1], [326,1], [335,1], [337,1], [342,1], [364,1], [369,1], [375,1], [384,1], [388,1], [398,5], [399,4], [403,1], [405,1], [408,2], [409,9], [410,1], [411,1], [412,17], [413,100], [414,30], [415,96], [416,3], [417,1], [418,56], [419,3], [420,1], [421,7], [422,13], [423,10], [425,1], [426,2], [427,1], [433,1], [436,1], [440,5], [441,9], [442,6], [443,4], [444,38], [445,10], [452,1], [472,1] ]
    },
    "Single_end": {
        "in": 0,
        "out": 491,
        "basepairs_in": 0,
        "basepairs_out": 194696
    },
    "Paired_end": {
        "in": 516,
        "out": 25,
        "Read1": {
            "basepairs_in": 136913,
            "basepairs_out": 6612
        },
        "Read2": {
            "basepairs_in": 143441,
            "basepairs_out": 6961
        }
    }
  }, {
    "Program_details": {
        "program": "hts_LengthFilter",
        "version": "1.3.2",
        "options": {
            "append-stats-file": "/nmspipeline//01-Processing/TRIMMER0091_P80/01-PrimerTrim/30-SMARTindex_LC_primers.log",
            "fastq-output": "/nmspipeline//01-Processing/TRIMMER0091_P80/01-PrimerTrim/30-SMARTindex_LC_primers",
            "force": true,
            "max-length": 0,
            "min-length": 385,
            "no-orphans": false,
            "notes": "",
            "stranded": false,
            "uncompressed": false
        }
    },
    "Fragment": {
        "in": 516,
        "out": 442,
        "basepairs_in": 208269,
        "basepairs_out": 185489
    },
    "Single_end": {
        "in": 491,
        "out": 442,
        "basepairs_in": 194696,
        "basepairs_out": 185489,
        "discarded": 49
    },
    "Paired_end": {
        "in": 25,
        "out": 0,
        "discarded": 25,
        "Read1": {
            "basepairs_in": 6612,
            "basepairs_out": 0,
            "discarded": 0
        },
        "Read2": {
            "basepairs_in": 6961,
            "basepairs_out": 0,
            "discarded": 0
        }
    }
  }
]
