[ {
    "Program_details": {
        "program": "hts_Primers",
        "version": "1.3.2",
        "options": {
            "flip": true,
            "float": 0,
            "force": false,
            "keep": false,
            "min_primer_matches": 2,
            "notes": "",
            "primer_end_mismatches": 0,
            "primer_mismatches": 0,
            "primers_3p": "../lc_primers.fasta",
            "primers_5p": "ACCTACCAGTGGTATCAACGCAGAGTACATGGGG",
            "read1-input": [ "/nmspipeline//01-Processing/TRIMMER0091_P80/00-RawData/TRIMMER_Plate80_S2_L001_R1_001_sub.fastq.gz"],
            "read2-input": [ "/nmspipeline//01-Processing/TRIMMER0091_P80/00-RawData/TRIMMER_Plate80_S2_L001_R2_001_sub.fastq.gz"],
            "stats-file": "/nmspipeline//01-Processing/TRIMMER0091_P80/01-PrimerTrim/31-SMARTindex_LC_primers.log",
            "uncompressed": false
        },
        "primers": [ ["p5primer1","ACCTACCAGTGGTATCAACGCAGAGTACATGGGG"], ["KaLC.6_REV_LC","GGATACAGTTGGTGCAGCATC"], ["LaLC.R-mIGL","ATCGTACACACCAGTGTGGC"], ["p5primer1","ACCTACCAGTGGTATCAACGCAGAGTACATGGGG"], ["KaLC.6_REV_LC","GGATACAGTTGGTGCAGCATC"], ["LaLC.R-mIGL","ATCGTACACACCAGTGTGGC"] ]
    },
    "Fragment": {
        "in": 100000,
        "out": 464,
        "basepairs_in": 60000000,
        "basepairs_out": 252888,
        "flipped": 193,
        "primers_counts": [ ["p5primer1","LaLC.R-mIGL",8], ["p5primer1","None",128], ["p5primer1","KaLC.6_REV_LC",456], ["None","LaLC.R-mIGL",596], ["None","None",48338], ["None","KaLC.6_REV_LC",50474] ]
    },
    "Single_end": {
        "in": 0,
        "out": 0,
        "basepairs_in": 0,
        "basepairs_out": 0,
        "primerTrim": 0,
        "primerBpTrim": 0,
        "discarded": 0
    },
    "Paired_end": {
        "in": 100000,
        "out": 464,
        "discarded": 99536,
        "Read1": {
            "basepairs_in": 30000000,
            "basepairs_out": 123424,
            "primerTrim": 464,
            "primerBpTrim": 15776
        },
        "Read2": {
            "basepairs_in": 30000000,
            "basepairs_out": 129464,
            "primerTrim": 464,
            "primerBpTrim": 9736
        }
    }
  }, {
    "Program_details": {
        "program": "hts_NTrimmer",
        "version": "1.3.2",
        "options": {
            "append-stats-file": "/nmspipeline//01-Processing/TRIMMER0091_P80/01-PrimerTrim/31-SMARTindex_LC_primers.log",
            "exclude": true,
            "force": false,
            "notes": "",
            "uncompressed": false
        }
    },
    "Fragment": {
        "in": 464,
        "out": 463,
        "basepairs_in": 252888,
        "basepairs_out": 252343
    },
    "Single_end": {
        "in": 0,
        "out": 0,
        "basepairs_in": 0,
        "basepairs_out": 0,
        "rightTrim": 0,
        "leftTrim": 0,
        "discarded": 0
    },
    "Paired_end": {
        "in": 464,
        "out": 463,
        "discarded": 1,
        "Read1": {
            "basepairs_in": 123424,
            "basepairs_out": 123158,
            "leftTrim": 0,
            "rightTrim": 0
        },
        "Read2": {
            "basepairs_in": 129464,
            "basepairs_out": 129185,
            "leftTrim": 0,
            "rightTrim": 0
        }
    }
  }, {
    "Program_details": {
        "program": "hts_SeqScreener",
        "version": "1.3.2",
        "options": {
            "append-stats-file": "/nmspipeline//01-Processing/TRIMMER0091_P80/01-PrimerTrim/31-SMARTindex_LC_primers.log",
            "check-read-2": true,
            "force": false,
            "inverse": false,
            "kmer": 21,
            "notes": "",
            "percentage-hits": 0.01,
            "record": true,
            "seq": "../aberrant_LC.fasta",
            "uncompressed": false
        },
        "screen_info": {
            "screenBP": 96,
            "lookupKmers": 8
        }
    },
    "Fragment": {
        "in": 463,
        "out": 463,
        "basepairs_in": 252343,
        "basepairs_out": 252343
    },
    "Single_end": {
        "in": 0,
        "out": 0,
        "basepairs_in": 0,
        "basepairs_out": 0,
        "hits": 0
    },
    "Paired_end": {
        "in": 463,
        "out": 463,
        "hits": 413,
        "Read1": {
            "basepairs_in": 123158,
            "basepairs_out": 123158
        },
        "Read2": {
            "basepairs_in": 129185,
            "basepairs_out": 129185
        }
    }
  }, {
    "Program_details": {
        "program": "hts_QWindowTrim",
        "version": "1.3.2",
        "options": {
            "append-stats-file": "/nmspipeline//01-Processing/TRIMMER0091_P80/01-PrimerTrim/31-SMARTindex_LC_primers.log",
            "avg-qual-score": 10,
            "force": false,
            "no-left": true,
            "no-right": false,
            "notes": "",
            "qual-offset": 33,
            "uncompressed": false,
            "window-size": 10
        }
    },
    "Fragment": {
        "in": 463,
        "out": 463,
        "basepairs_in": 252343,
        "basepairs_out": 251468
    },
    "Single_end": {
        "in": 0,
        "out": 0,
        "basepairs_in": 0,
        "basepairs_out": 0,
        "rightTrim": 0,
        "leftTrim": 0
    },
    "Paired_end": {
        "in": 463,
        "out": 463,
        "Read1": {
            "basepairs_in": 123158,
            "basepairs_out": 122767,
            "leftTrim": 0,
            "rightTrim": 391
        },
        "Read2": {
            "basepairs_in": 129185,
            "basepairs_out": 128701,
            "leftTrim": 0,
            "rightTrim": 484
        }
    }
  }, {
    "Program_details": {
        "program": "hts_Overlapper",
        "version": "1.3.2",
        "options": {
            "append-stats-file": "/nmspipeline//01-Processing/TRIMMER0091_P80/01-PrimerTrim/31-SMARTindex_LC_primers.log",
            "check-lengths": 20,
            "force": false,
            "force-pairs": false,
            "kmer": 8,
            "kmer-offset": 1,
            "max-mismatch": 100,
            "max-mismatch-errorDensity": 0.25,
            "min-overlap": 8,
            "notes": "",
            "number-of-threads": 1,
            "uncompressed": false
        }
    },
    "Fragment": {
        "in": 463,
        "out": 463,
        "basepairs_in": 251468,
        "basepairs_out": 181328,
        "inserts": {
            "short": 43,
            "medium": 390,
            "long": 30
        },
        "overlap_histogram": [ [12,1], [15,2], [25,1], [28,1], [45,1], [47,1], [48,1], [53,1], [64,1], [76,1], [86,1], [89,1], [91,1], [98,1], [99,1], [101,1], [116,1], [133,1], [141,1], [153,1], [156,4], [159,1], [162,1], [163,1], [164,1], [193,1], [201,2], [204,1], [213,1], [219,2], [223,1], [234,1], [245,3], [251,1], [272,1], [282,2], [284,1], [302,1], [306,1], [308,1], [309,1], [316,1], [320,3], [323,1], [324,16], [325,1], [326,2], [335,1], [342,1], [363,1], [364,1], [369,1], [386,2], [392,1], [395,1], [396,2], [398,2], [399,5], [403,1], [405,1], [406,1], [407,3], [409,3], [410,2], [412,6], [413,42], [414,13], [415,22], [416,6], [417,145], [418,44], [419,6], [420,1], [421,7], [422,8], [423,11], [424,2], [427,1], [429,1], [430,1], [431,2], [433,1], [437,1], [440,7], [441,2], [442,1] ]
    },
    "Single_end": {
        "in": 0,
        "out": 433,
        "basepairs_in": 0,
        "basepairs_out": 165065
    },
    "Paired_end": {
        "in": 463,
        "out": 30,
        "Read1": {
            "basepairs_in": 122767,
            "basepairs_out": 7931
        },
        "Read2": {
            "basepairs_in": 128701,
            "basepairs_out": 8332
        }
    }
  }, {
    "Program_details": {
        "program": "hts_LengthFilter",
        "version": "1.3.2",
        "options": {
            "append-stats-file": "/nmspipeline//01-Processing/TRIMMER0091_P80/01-PrimerTrim/31-SMARTindex_LC_primers.log",
            "fastq-output": "/nmspipeline//01-Processing/TRIMMER0091_P80/01-PrimerTrim/31-SMARTindex_LC_primers",
            "force": true,
            "max-length": 0,
            "min-length": 385,
            "no-orphans": false,
            "notes": "",
            "stranded": false,
            "uncompressed": false
        }
    },
    "Fragment": {
        "in": 463,
        "out": 354,
        "basepairs_in": 181328,
        "basepairs_out": 147487
    },
    "Single_end": {
        "in": 433,
        "out": 354,
        "basepairs_in": 165065,
        "basepairs_out": 147487,
        "discarded": 79
    },
    "Paired_end": {
        "in": 30,
        "out": 0,
        "discarded": 30,
        "Read1": {
            "basepairs_in": 7931,
            "basepairs_out": 0,
            "discarded": 0
        },
        "Read2": {
            "basepairs_in": 8332,
            "basepairs_out": 0,
            "discarded": 0
        }
    }
  }
]
