[ {
    "Program_details": {
        "program": "hts_Primers",
        "version": "1.3.2",
        "options": {
            "flip": true,
            "float": 0,
            "force": false,
            "keep": false,
            "min_primer_matches": 2,
            "notes": "",
            "primer_end_mismatches": 0,
            "primer_mismatches": 0,
            "primers_3p": "../lc_primers.fasta",
            "primers_5p": "CGAAGGCAGTGGTATCAACGCAGAGTACATGGGG",
            "read1-input": [ "/nmspipeline//01-Processing/TRIMMER0091_P80/00-RawData/TRIMMER_Plate80_S2_L001_R1_001_sub.fastq.gz"],
            "read2-input": [ "/nmspipeline//01-Processing/TRIMMER0091_P80/00-RawData/TRIMMER_Plate80_S2_L001_R2_001_sub.fastq.gz"],
            "stats-file": "/nmspipeline//01-Processing/TRIMMER0091_P80/01-PrimerTrim/32-SMARTindex_LC_primers.log",
            "uncompressed": false
        },
        "primers": [ ["p5primer1","CGAAGGCAGTGGTATCAACGCAGAGTACATGGGG"], ["KaLC.6_REV_LC","GGATACAGTTGGTGCAGCATC"], ["LaLC.R-mIGL","ATCGTACACACCAGTGTGGC"], ["p5primer1","CGAAGGCAGTGGTATCAACGCAGAGTACATGGGG"], ["KaLC.6_REV_LC","GGATACAGTTGGTGCAGCATC"], ["LaLC.R-mIGL","ATCGTACACACCAGTGTGGC"] ]
    },
    "Fragment": {
        "in": 100000,
        "out": 92,
        "basepairs_in": 60000000,
        "basepairs_out": 50143,
        "flipped": 38,
        "primers_counts": [ ["p5primer1","LaLC.R-mIGL",3], ["p5primer1","None",124], ["p5primer1","KaLC.6_REV_LC",89], ["None","LaLC.R-mIGL",601], ["None","None",48342], ["None","KaLC.6_REV_LC",50841] ]
    },
    "Single_end": {
        "in": 0,
        "out": 0,
        "basepairs_in": 0,
        "basepairs_out": 0,
        "primerTrim": 0,
        "primerBpTrim": 0,
        "discarded": 0
    },
    "Paired_end": {
        "in": 100000,
        "out": 92,
        "discarded": 99908,
        "Read1": {
            "basepairs_in": 30000000,
            "basepairs_out": 24472,
            "primerTrim": 92,
            "primerBpTrim": 3128
        },
        "Read2": {
            "basepairs_in": 30000000,
            "basepairs_out": 25671,
            "primerTrim": 92,
            "primerBpTrim": 1929
        }
    }
  }, {
    "Program_details": {
        "program": "hts_NTrimmer",
        "version": "1.3.2",
        "options": {
            "append-stats-file": "/nmspipeline//01-Processing/TRIMMER0091_P80/01-PrimerTrim/32-SMARTindex_LC_primers.log",
            "exclude": true,
            "force": false,
            "notes": "",
            "uncompressed": false
        }
    },
    "Fragment": {
        "in": 92,
        "out": 92,
        "basepairs_in": 50143,
        "basepairs_out": 50143
    },
    "Single_end": {
        "in": 0,
        "out": 0,
        "basepairs_in": 0,
        "basepairs_out": 0,
        "rightTrim": 0,
        "leftTrim": 0,
        "discarded": 0
    },
    "Paired_end": {
        "in": 92,
        "out": 92,
        "discarded": 0,
        "Read1": {
            "basepairs_in": 24472,
            "basepairs_out": 24472,
            "leftTrim": 0,
            "rightTrim": 0
        },
        "Read2": {
            "basepairs_in": 25671,
            "basepairs_out": 25671,
            "leftTrim": 0,
            "rightTrim": 0
        }
    }
  }, {
    "Program_details": {
        "program": "hts_SeqScreener",
        "version": "1.3.2",
        "options": {
            "append-stats-file": "/nmspipeline//01-Processing/TRIMMER0091_P80/01-PrimerTrim/32-SMARTindex_LC_primers.log",
            "check-read-2": true,
            "force": false,
            "inverse": false,
            "kmer": 21,
            "notes": "",
            "percentage-hits": 0.01,
            "record": true,
            "seq": "../aberrant_LC.fasta",
            "uncompressed": false
        },
        "screen_info": {
            "screenBP": 96,
            "lookupKmers": 8
        }
    },
    "Fragment": {
        "in": 92,
        "out": 92,
        "basepairs_in": 50143,
        "basepairs_out": 50143
    },
    "Single_end": {
        "in": 0,
        "out": 0,
        "basepairs_in": 0,
        "basepairs_out": 0,
        "hits": 0
    },
    "Paired_end": {
        "in": 92,
        "out": 92,
        "hits": 73,
        "Read1": {
            "basepairs_in": 24472,
            "basepairs_out": 24472
        },
        "Read2": {
            "basepairs_in": 25671,
            "basepairs_out": 25671
        }
    }
  }, {
    "Program_details": {
        "program": "hts_QWindowTrim",
        "version": "1.3.2",
        "options": {
            "append-stats-file": "/nmspipeline//01-Processing/TRIMMER0091_P80/01-PrimerTrim/32-SMARTindex_LC_primers.log",
            "avg-qual-score": 10,
            "force": false,
            "no-left": true,
            "no-right": false,
            "notes": "",
            "qual-offset": 33,
            "uncompressed": false,
            "window-size": 10
        }
    },
    "Fragment": {
        "in": 92,
        "out": 92,
        "basepairs_in": 50143,
        "basepairs_out": 49844
    },
    "Single_end": {
        "in": 0,
        "out": 0,
        "basepairs_in": 0,
        "basepairs_out": 0,
        "rightTrim": 0,
        "leftTrim": 0
    },
    "Paired_end": {
        "in": 92,
        "out": 92,
        "Read1": {
            "basepairs_in": 24472,
            "basepairs_out": 24379,
            "leftTrim": 0,
            "rightTrim": 93
        },
        "Read2": {
            "basepairs_in": 25671,
            "basepairs_out": 25465,
            "leftTrim": 0,
            "rightTrim": 206
        }
    }
  }, {
    "Program_details": {
        "program": "hts_Overlapper",
        "version": "1.3.2",
        "options": {
            "append-stats-file": "/nmspipeline//01-Processing/TRIMMER0091_P80/01-PrimerTrim/32-SMARTindex_LC_primers.log",
            "check-lengths": 20,
            "force": false,
            "force-pairs": false,
            "kmer": 8,
            "kmer-offset": 1,
            "max-mismatch": 100,
            "max-mismatch-errorDensity": 0.25,
            "min-overlap": 8,
            "notes": "",
            "number-of-threads": 1,
            "uncompressed": false
        }
    },
    "Fragment": {
        "in": 92,
        "out": 92,
        "basepairs_in": 49844,
        "basepairs_out": 31824,
        "inserts": {
            "short": 23,
            "medium": 66,
            "long": 3
        },
        "overlap_histogram": [ [35,1], [40,1], [49,1], [60,1], [67,1], [68,1], [71,1], [86,1], [87,1], [88,1], [89,1], [92,1], [97,1], [101,1], [141,1], [152,1], [158,1], [189,1], [192,1], [209,1], [223,1], [263,1], [272,1], [282,1], [327,1], [353,1], [366,1], [387,1], [388,1], [399,5], [406,1], [417,1], [418,27], [421,6], [422,10], [423,4], [439,2], [440,1], [446,1], [450,1], [503,1] ]
    },
    "Single_end": {
        "in": 0,
        "out": 89,
        "basepairs_in": 0,
        "basepairs_out": 30191
    },
    "Paired_end": {
        "in": 92,
        "out": 3,
        "Read1": {
            "basepairs_in": 24379,
            "basepairs_out": 796
        },
        "Read2": {
            "basepairs_in": 25465,
            "basepairs_out": 837
        }
    }
  }, {
    "Program_details": {
        "program": "hts_LengthFilter",
        "version": "1.3.2",
        "options": {
            "append-stats-file": "/nmspipeline//01-Processing/TRIMMER0091_P80/01-PrimerTrim/32-SMARTindex_LC_primers.log",
            "fastq-output": "/nmspipeline//01-Processing/TRIMMER0091_P80/01-PrimerTrim/32-SMARTindex_LC_primers",
            "force": true,
            "max-length": 0,
            "min-length": 385,
            "no-orphans": false,
            "notes": "",
            "stranded": false,
            "uncompressed": false
        }
    },
    "Fragment": {
        "in": 92,
        "out": 62,
        "basepairs_in": 31824,
        "basepairs_out": 26034
    },
    "Single_end": {
        "in": 89,
        "out": 62,
        "basepairs_in": 30191,
        "basepairs_out": 26034,
        "discarded": 27
    },
    "Paired_end": {
        "in": 3,
        "out": 0,
        "discarded": 3,
        "Read1": {
            "basepairs_in": 796,
            "basepairs_out": 0,
            "discarded": 0
        },
        "Read2": {
            "basepairs_in": 837,
            "basepairs_out": 0,
            "discarded": 0
        }
    }
  }
]
