[ {
    "Program_details": {
        "program": "hts_Primers",
        "version": "1.3.2",
        "options": {
            "flip": true,
            "float": 0,
            "force": false,
            "keep": false,
            "min_primer_matches": 2,
            "notes": "",
            "primer_end_mismatches": 0,
            "primer_mismatches": 0,
            "primers_3p": "../hc_primers.fasta",
            "primers_5p": "AGATAGAACAGTGGTATCAACGCAGAGTACATGGGG",
            "read1-input": [ "/nmspipeline//01-Processing/TRIMMER0091_P80/00-RawData/TRIMMER_Plate80_S2_L001_R1_001_sub.fastq.gz"],
            "read2-input": [ "/nmspipeline//01-Processing/TRIMMER0091_P80/00-RawData/TRIMMER_Plate80_S2_L001_R2_001_sub.fastq.gz"],
            "stats-file": "/nmspipeline//01-Processing/TRIMMER0091_P80/01-PrimerTrim/33-SMARTindex_HC_primers.log",
            "uncompressed": false
        },
        "primers": [ ["p5primer1","AGATAGAACAGTGGTATCAACGCAGAGTACATGGGG"], ["Ga3.10for_mIGH3","GGATAGACAGATGGGGCTGTTGTTGT"], ["Ga12HC.10_REV_CHI","ATAGACAGATGGGGGTGTCGTTTTGG"], ["p5primer1","AGATAGAACAGTGGTATCAACGCAGAGTACATGGGG"], ["Ga3.10for_mIGH3","GGATAGACAGATGGGGCTGTTGTTGT"], ["Ga12HC.10_REV_CHI","ATAGACAGATGGGGGTGTCGTTTTGG"] ]
    },
    "Fragment": {
        "in": 100000,
        "out": 286,
        "basepairs_in": 60000000,
        "basepairs_out": 153868,
        "flipped": 130,
        "primers_counts": [ ["p5primer1","Ga12HC.10_REV_CHI",281], ["p5primer1","Ga3.10for_mIGH3",5], ["None","Ga3.10for_mIGH3",1137], ["p5primer1","None",875], ["None","Ga12HC.10_REV_CHI",27866], ["None","None",69836] ]
    },
    "Single_end": {
        "in": 0,
        "out": 0,
        "basepairs_in": 0,
        "basepairs_out": 0,
        "primerTrim": 0,
        "primerBpTrim": 0,
        "discarded": 0
    },
    "Paired_end": {
        "in": 100000,
        "out": 286,
        "discarded": 99714,
        "Read1": {
            "basepairs_in": 30000000,
            "basepairs_out": 75504,
            "primerTrim": 286,
            "primerBpTrim": 10296
        },
        "Read2": {
            "basepairs_in": 30000000,
            "basepairs_out": 78364,
            "primerTrim": 286,
            "primerBpTrim": 7436
        }
    }
  }, {
    "Program_details": {
        "program": "hts_NTrimmer",
        "version": "1.3.2",
        "options": {
            "append-stats-file": "/nmspipeline//01-Processing/TRIMMER0091_P80/01-PrimerTrim/33-SMARTindex_HC_primers.log",
            "exclude": true,
            "force": false,
            "notes": "",
            "uncompressed": false
        }
    },
    "Fragment": {
        "in": 286,
        "out": 286,
        "basepairs_in": 153868,
        "basepairs_out": 153868
    },
    "Single_end": {
        "in": 0,
        "out": 0,
        "basepairs_in": 0,
        "basepairs_out": 0,
        "rightTrim": 0,
        "leftTrim": 0,
        "discarded": 0
    },
    "Paired_end": {
        "in": 286,
        "out": 286,
        "discarded": 0,
        "Read1": {
            "basepairs_in": 75504,
            "basepairs_out": 75504,
            "leftTrim": 0,
            "rightTrim": 0
        },
        "Read2": {
            "basepairs_in": 78364,
            "basepairs_out": 78364,
            "leftTrim": 0,
            "rightTrim": 0
        }
    }
  }, {
    "Program_details": {
        "program": "hts_SeqScreener",
        "version": "1.3.2",
        "options": {
            "append-stats-file": "/nmspipeline//01-Processing/TRIMMER0091_P80/01-PrimerTrim/33-SMARTindex_HC_primers.log",
            "check-read-2": true,
            "force": false,
            "inverse": false,
            "kmer": 21,
            "notes": "",
            "percentage-hits": 0.01,
            "record": true,
            "seq": "../aberrant_LC.fasta",
            "uncompressed": false
        },
        "screen_info": {
            "screenBP": 96,
            "lookupKmers": 8
        }
    },
    "Fragment": {
        "in": 286,
        "out": 286,
        "basepairs_in": 153868,
        "basepairs_out": 153868
    },
    "Single_end": {
        "in": 0,
        "out": 0,
        "basepairs_in": 0,
        "basepairs_out": 0,
        "hits": 0
    },
    "Paired_end": {
        "in": 286,
        "out": 286,
        "hits": 0,
        "Read1": {
            "basepairs_in": 75504,
            "basepairs_out": 75504
        },
        "Read2": {
            "basepairs_in": 78364,
            "basepairs_out": 78364
        }
    }
  }, {
    "Program_details": {
        "program": "hts_QWindowTrim",
        "version": "1.3.2",
        "options": {
            "append-stats-file": "/nmspipeline//01-Processing/TRIMMER0091_P80/01-PrimerTrim/33-SMARTindex_HC_primers.log",
            "avg-qual-score": 10,
            "force": false,
            "no-left": true,
            "no-right": false,
            "notes": "",
            "qual-offset": 33,
            "uncompressed": false,
            "window-size": 10
        }
    },
    "Fragment": {
        "in": 286,
        "out": 286,
        "basepairs_in": 153868,
        "basepairs_out": 153455
    },
    "Single_end": {
        "in": 0,
        "out": 0,
        "basepairs_in": 0,
        "basepairs_out": 0,
        "rightTrim": 0,
        "leftTrim": 0
    },
    "Paired_end": {
        "in": 286,
        "out": 286,
        "Read1": {
            "basepairs_in": 75504,
            "basepairs_out": 75219,
            "leftTrim": 0,
            "rightTrim": 285
        },
        "Read2": {
            "basepairs_in": 78364,
            "basepairs_out": 78236,
            "leftTrim": 0,
            "rightTrim": 128
        }
    }
  }, {
    "Program_details": {
        "program": "hts_Overlapper",
        "version": "1.3.2",
        "options": {
            "append-stats-file": "/nmspipeline//01-Processing/TRIMMER0091_P80/01-PrimerTrim/33-SMARTindex_HC_primers.log",
            "check-lengths": 20,
            "force": false,
            "force-pairs": false,
            "kmer": 8,
            "kmer-offset": 1,
            "max-mismatch": 100,
            "max-mismatch-errorDensity": 0.25,
            "min-overlap": 8,
            "notes": "",
            "number-of-threads": 1,
            "uncompressed": false
        }
    },
    "Fragment": {
        "in": 286,
        "out": 286,
        "basepairs_in": 153455,
        "basepairs_out": 126505,
        "inserts": {
            "short": 17,
            "medium": 241,
            "long": 28
        },
        "overlap_histogram": [ [24,1], [25,1], [28,1], [32,1], [36,1], [50,1], [72,1], [90,1], [103,2], [111,1], [115,1], [191,1], [200,1], [205,1], [229,1], [253,1], [276,1], [297,1], [314,1], [322,1], [424,1], [425,1], [427,1], [446,7], [448,1], [450,1], [454,26], [455,2], [456,3], [457,91], [458,10], [459,16], [460,12], [461,32], [462,25], [463,3], [464,1], [467,1], [469,1], [472,1], [476,1] ]
    },
    "Single_end": {
        "in": 0,
        "out": 258,
        "basepairs_in": 0,
        "basepairs_out": 111524
    },
    "Paired_end": {
        "in": 286,
        "out": 28,
        "Read1": {
            "basepairs_in": 75219,
            "basepairs_out": 7324
        },
        "Read2": {
            "basepairs_in": 78236,
            "basepairs_out": 7657
        }
    }
  }, {
    "Program_details": {
        "program": "hts_LengthFilter",
        "version": "1.3.2",
        "options": {
            "append-stats-file": "/nmspipeline//01-Processing/TRIMMER0091_P80/01-PrimerTrim/33-SMARTindex_HC_primers.log",
            "fastq-output": "/nmspipeline//01-Processing/TRIMMER0091_P80/01-PrimerTrim/33-SMARTindex_HC_primers",
            "force": true,
            "max-length": 0,
            "min-length": 385,
            "no-orphans": false,
            "notes": "",
            "stranded": false,
            "uncompressed": false
        }
    },
    "Fragment": {
        "in": 286,
        "out": 237,
        "basepairs_in": 126505,
        "basepairs_out": 108448
    },
    "Single_end": {
        "in": 258,
        "out": 237,
        "basepairs_in": 111524,
        "basepairs_out": 108448,
        "discarded": 21
    },
    "Paired_end": {
        "in": 28,
        "out": 0,
        "discarded": 28,
        "Read1": {
            "basepairs_in": 7324,
            "basepairs_out": 0,
            "discarded": 0
        },
        "Read2": {
            "basepairs_in": 7657,
            "basepairs_out": 0,
            "discarded": 0
        }
    }
  }
]
