[ {
    "Program_details": {
        "program": "hts_Primers",
        "version": "1.3.2",
        "options": {
            "flip": true,
            "float": 0,
            "force": false,
            "keep": false,
            "min_primer_matches": 2,
            "notes": "",
            "primer_end_mismatches": 0,
            "primer_mismatches": 0,
            "primers_3p": "../lc_primers.fasta",
            "primers_5p": "TTGGTAAACAGTGGTATCAACGCAGAGTACATGGGG",
            "read1-input": [ "/nmspipeline//01-Processing/TRIMMER0091_P80/00-RawData/TRIMMER_Plate80_S2_L001_R1_001_sub.fastq.gz"],
            "read2-input": [ "/nmspipeline//01-Processing/TRIMMER0091_P80/00-RawData/TRIMMER_Plate80_S2_L001_R2_001_sub.fastq.gz"],
            "stats-file": "/nmspipeline//01-Processing/TRIMMER0091_P80/01-PrimerTrim/34-SMARTindex_LC_primers.log",
            "uncompressed": false
        },
        "primers": [ ["p5primer1","TTGGTAAACAGTGGTATCAACGCAGAGTACATGGGG"], ["KaLC.6_REV_LC","GGATACAGTTGGTGCAGCATC"], ["LaLC.R-mIGL","ATCGTACACACCAGTGTGGC"], ["p5primer1","TTGGTAAACAGTGGTATCAACGCAGAGTACATGGGG"], ["KaLC.6_REV_LC","GGATACAGTTGGTGCAGCATC"], ["LaLC.R-mIGL","ATCGTACACACCAGTGTGGC"] ]
    },
    "Fragment": {
        "in": 100000,
        "out": 399,
        "basepairs_in": 60000000,
        "basepairs_out": 216664,
        "flipped": 169,
        "primers_counts": [ ["p5primer1","LaLC.R-mIGL",7], ["p5primer1","KaLC.6_REV_LC",392], ["p5primer1","None",361], ["None","LaLC.R-mIGL",597], ["None","None",48105], ["None","KaLC.6_REV_LC",50538] ]
    },
    "Single_end": {
        "in": 0,
        "out": 0,
        "basepairs_in": 0,
        "basepairs_out": 0,
        "primerTrim": 0,
        "primerBpTrim": 0,
        "discarded": 0
    },
    "Paired_end": {
        "in": 100000,
        "out": 399,
        "discarded": 99601,
        "Read1": {
            "basepairs_in": 30000000,
            "basepairs_out": 105336,
            "primerTrim": 399,
            "primerBpTrim": 14364
        },
        "Read2": {
            "basepairs_in": 30000000,
            "basepairs_out": 111328,
            "primerTrim": 399,
            "primerBpTrim": 8372
        }
    }
  }, {
    "Program_details": {
        "program": "hts_NTrimmer",
        "version": "1.3.2",
        "options": {
            "append-stats-file": "/nmspipeline//01-Processing/TRIMMER0091_P80/01-PrimerTrim/34-SMARTindex_LC_primers.log",
            "exclude": true,
            "force": false,
            "notes": "",
            "uncompressed": false
        }
    },
    "Fragment": {
        "in": 399,
        "out": 399,
        "basepairs_in": 216664,
        "basepairs_out": 216664
    },
    "Single_end": {
        "in": 0,
        "out": 0,
        "basepairs_in": 0,
        "basepairs_out": 0,
        "rightTrim": 0,
        "leftTrim": 0,
        "discarded": 0
    },
    "Paired_end": {
        "in": 399,
        "out": 399,
        "discarded": 0,
        "Read1": {
            "basepairs_in": 105336,
            "basepairs_out": 105336,
            "leftTrim": 0,
            "rightTrim": 0
        },
        "Read2": {
            "basepairs_in": 111328,
            "basepairs_out": 111328,
            "leftTrim": 0,
            "rightTrim": 0
        }
    }
  }, {
    "Program_details": {
        "program": "hts_SeqScreener",
        "version": "1.3.2",
        "options": {
            "append-stats-file": "/nmspipeline//01-Processing/TRIMMER0091_P80/01-PrimerTrim/34-SMARTindex_LC_primers.log",
            "check-read-2": true,
            "force": false,
            "inverse": false,
            "kmer": 21,
            "notes": "",
            "percentage-hits": 0.01,
            "record": true,
            "seq": "../aberrant_LC.fasta",
            "uncompressed": false
        },
        "screen_info": {
            "screenBP": 96,
            "lookupKmers": 8
        }
    },
    "Fragment": {
        "in": 399,
        "out": 399,
        "basepairs_in": 216664,
        "basepairs_out": 216664
    },
    "Single_end": {
        "in": 0,
        "out": 0,
        "basepairs_in": 0,
        "basepairs_out": 0,
        "hits": 0
    },
    "Paired_end": {
        "in": 399,
        "out": 399,
        "hits": 191,
        "Read1": {
            "basepairs_in": 105336,
            "basepairs_out": 105336
        },
        "Read2": {
            "basepairs_in": 111328,
            "basepairs_out": 111328
        }
    }
  }, {
    "Program_details": {
        "program": "hts_QWindowTrim",
        "version": "1.3.2",
        "options": {
            "append-stats-file": "/nmspipeline//01-Processing/TRIMMER0091_P80/01-PrimerTrim/34-SMARTindex_LC_primers.log",
            "avg-qual-score": 10,
            "force": false,
            "no-left": true,
            "no-right": false,
            "notes": "",
            "qual-offset": 33,
            "uncompressed": false,
            "window-size": 10
        }
    },
    "Fragment": {
        "in": 399,
        "out": 399,
        "basepairs_in": 216664,
        "basepairs_out": 216028
    },
    "Single_end": {
        "in": 0,
        "out": 0,
        "basepairs_in": 0,
        "basepairs_out": 0,
        "rightTrim": 0,
        "leftTrim": 0
    },
    "Paired_end": {
        "in": 399,
        "out": 399,
        "Read1": {
            "basepairs_in": 105336,
            "basepairs_out": 105017,
            "leftTrim": 0,
            "rightTrim": 319
        },
        "Read2": {
            "basepairs_in": 111328,
            "basepairs_out": 111011,
            "leftTrim": 0,
            "rightTrim": 317
        }
    }
  }, {
    "Program_details": {
        "program": "hts_Overlapper",
        "version": "1.3.2",
        "options": {
            "append-stats-file": "/nmspipeline//01-Processing/TRIMMER0091_P80/01-PrimerTrim/34-SMARTindex_LC_primers.log",
            "check-lengths": 20,
            "force": false,
            "force-pairs": false,
            "kmer": 8,
            "kmer-offset": 1,
            "max-mismatch": 100,
            "max-mismatch-errorDensity": 0.25,
            "min-overlap": 8,
            "notes": "",
            "number-of-threads": 1,
            "uncompressed": false
        }
    },
    "Fragment": {
        "in": 399,
        "out": 399,
        "basepairs_in": 216028,
        "basepairs_out": 159591,
        "inserts": {
            "short": 36,
            "medium": 340,
            "long": 23
        },
        "overlap_histogram": [ [15,2], [28,1], [36,1], [39,1], [40,1], [49,1], [55,1], [60,1], [62,1], [72,1], [76,1], [79,1], [89,1], [93,5], [97,1], [101,1], [112,1], [113,1], [116,1], [119,1], [122,1], [123,1], [144,1], [163,1], [166,1], [179,1], [186,1], [206,1], [228,1], [247,2], [279,1], [293,1], [332,1], [333,1], [334,1], [336,1], [346,1], [349,1], [358,1], [366,1], [373,1], [376,1], [378,2], [381,1], [389,1], [398,1], [399,5], [400,1], [405,1], [406,1], [409,6], [410,2], [411,2], [412,1], [414,23], [415,3], [416,1], [417,35], [418,87], [419,2], [420,1], [421,32], [422,8], [423,4], [424,9], [425,1], [434,2], [435,3], [437,1], [438,1], [439,10], [440,6], [441,11], [442,17], [443,6], [444,36], [445,2], [449,1], [450,1], [500,1] ]
    },
    "Single_end": {
        "in": 0,
        "out": 376,
        "basepairs_in": 0,
        "basepairs_out": 147119
    },
    "Paired_end": {
        "in": 399,
        "out": 23,
        "Read1": {
            "basepairs_in": 105017,
            "basepairs_out": 6058
        },
        "Read2": {
            "basepairs_in": 111011,
            "basepairs_out": 6414
        }
    }
  }, {
    "Program_details": {
        "program": "hts_LengthFilter",
        "version": "1.3.2",
        "options": {
            "append-stats-file": "/nmspipeline//01-Processing/TRIMMER0091_P80/01-PrimerTrim/34-SMARTindex_LC_primers.log",
            "fastq-output": "/nmspipeline//01-Processing/TRIMMER0091_P80/01-PrimerTrim/34-SMARTindex_LC_primers",
            "force": true,
            "max-length": 0,
            "min-length": 385,
            "no-orphans": false,
            "notes": "",
            "stranded": false,
            "uncompressed": false
        }
    },
    "Fragment": {
        "in": 399,
        "out": 325,
        "basepairs_in": 159591,
        "basepairs_out": 138058
    },
    "Single_end": {
        "in": 376,
        "out": 325,
        "basepairs_in": 147119,
        "basepairs_out": 138058,
        "discarded": 51
    },
    "Paired_end": {
        "in": 23,
        "out": 0,
        "discarded": 23,
        "Read1": {
            "basepairs_in": 6058,
            "basepairs_out": 0,
            "discarded": 0
        },
        "Read2": {
            "basepairs_in": 6414,
            "basepairs_out": 0,
            "discarded": 0
        }
    }
  }
]
