[ {
    "Program_details": {
        "program": "hts_Primers",
        "version": "1.3.2",
        "options": {
            "flip": true,
            "float": 0,
            "force": false,
            "keep": false,
            "min_primer_matches": 2,
            "notes": "",
            "primer_end_mismatches": 0,
            "primer_mismatches": 0,
            "primers_3p": "../hc_primers.fasta",
            "primers_5p": "TTGGTAAACAGTGGTATCAACGCAGAGTACATGGGG",
            "read1-input": [ "/nmspipeline//01-Processing/TRIMMER0091_P80/00-RawData/TRIMMER_Plate80_S2_L001_R1_001_sub.fastq.gz"],
            "read2-input": [ "/nmspipeline//01-Processing/TRIMMER0091_P80/00-RawData/TRIMMER_Plate80_S2_L001_R2_001_sub.fastq.gz"],
            "stats-file": "/nmspipeline//01-Processing/TRIMMER0091_P80/01-PrimerTrim/34-SMARTindex_HC_primers.log",
            "uncompressed": false
        },
        "primers": [ ["p5primer1","TTGGTAAACAGTGGTATCAACGCAGAGTACATGGGG"], ["Ga3.10for_mIGH3","GGATAGACAGATGGGGCTGTTGTTGT"], ["Ga12HC.10_REV_CHI","ATAGACAGATGGGGGTGTCGTTTTGG"], ["p5primer1","TTGGTAAACAGTGGTATCAACGCAGAGTACATGGGG"], ["Ga3.10for_mIGH3","GGATAGACAGATGGGGCTGTTGTTGT"], ["Ga12HC.10_REV_CHI","ATAGACAGATGGGGGTGTCGTTTTGG"] ]
    },
    "Fragment": {
        "in": 100000,
        "out": 255,
        "basepairs_in": 60000000,
        "basepairs_out": 137190,
        "flipped": 118,
        "primers_counts": [ ["p5primer1","Ga12HC.10_REV_CHI",255], ["p5primer1","None",505], ["None","Ga3.10for_mIGH3",1142], ["None","Ga12HC.10_REV_CHI",27892], ["None","None",70206] ]
    },
    "Single_end": {
        "in": 0,
        "out": 0,
        "basepairs_in": 0,
        "basepairs_out": 0,
        "primerTrim": 0,
        "primerBpTrim": 0,
        "discarded": 0
    },
    "Paired_end": {
        "in": 100000,
        "out": 255,
        "discarded": 99745,
        "Read1": {
            "basepairs_in": 30000000,
            "basepairs_out": 67320,
            "primerTrim": 255,
            "primerBpTrim": 9180
        },
        "Read2": {
            "basepairs_in": 30000000,
            "basepairs_out": 69870,
            "primerTrim": 255,
            "primerBpTrim": 6630
        }
    }
  }, {
    "Program_details": {
        "program": "hts_NTrimmer",
        "version": "1.3.2",
        "options": {
            "append-stats-file": "/nmspipeline//01-Processing/TRIMMER0091_P80/01-PrimerTrim/34-SMARTindex_HC_primers.log",
            "exclude": true,
            "force": false,
            "notes": "",
            "uncompressed": false
        }
    },
    "Fragment": {
        "in": 255,
        "out": 255,
        "basepairs_in": 137190,
        "basepairs_out": 137190
    },
    "Single_end": {
        "in": 0,
        "out": 0,
        "basepairs_in": 0,
        "basepairs_out": 0,
        "rightTrim": 0,
        "leftTrim": 0,
        "discarded": 0
    },
    "Paired_end": {
        "in": 255,
        "out": 255,
        "discarded": 0,
        "Read1": {
            "basepairs_in": 67320,
            "basepairs_out": 67320,
            "leftTrim": 0,
            "rightTrim": 0
        },
        "Read2": {
            "basepairs_in": 69870,
            "basepairs_out": 69870,
            "leftTrim": 0,
            "rightTrim": 0
        }
    }
  }, {
    "Program_details": {
        "program": "hts_SeqScreener",
        "version": "1.3.2",
        "options": {
            "append-stats-file": "/nmspipeline//01-Processing/TRIMMER0091_P80/01-PrimerTrim/34-SMARTindex_HC_primers.log",
            "check-read-2": true,
            "force": false,
            "inverse": false,
            "kmer": 21,
            "notes": "",
            "percentage-hits": 0.01,
            "record": true,
            "seq": "../aberrant_LC.fasta",
            "uncompressed": false
        },
        "screen_info": {
            "screenBP": 96,
            "lookupKmers": 8
        }
    },
    "Fragment": {
        "in": 255,
        "out": 255,
        "basepairs_in": 137190,
        "basepairs_out": 137190
    },
    "Single_end": {
        "in": 0,
        "out": 0,
        "basepairs_in": 0,
        "basepairs_out": 0,
        "hits": 0
    },
    "Paired_end": {
        "in": 255,
        "out": 255,
        "hits": 0,
        "Read1": {
            "basepairs_in": 67320,
            "basepairs_out": 67320
        },
        "Read2": {
            "basepairs_in": 69870,
            "basepairs_out": 69870
        }
    }
  }, {
    "Program_details": {
        "program": "hts_QWindowTrim",
        "version": "1.3.2",
        "options": {
            "append-stats-file": "/nmspipeline//01-Processing/TRIMMER0091_P80/01-PrimerTrim/34-SMARTindex_HC_primers.log",
            "avg-qual-score": 10,
            "force": false,
            "no-left": true,
            "no-right": false,
            "notes": "",
            "qual-offset": 33,
            "uncompressed": false,
            "window-size": 10
        }
    },
    "Fragment": {
        "in": 255,
        "out": 255,
        "basepairs_in": 137190,
        "basepairs_out": 136723
    },
    "Single_end": {
        "in": 0,
        "out": 0,
        "basepairs_in": 0,
        "basepairs_out": 0,
        "rightTrim": 0,
        "leftTrim": 0
    },
    "Paired_end": {
        "in": 255,
        "out": 255,
        "Read1": {
            "basepairs_in": 67320,
            "basepairs_out": 67035,
            "leftTrim": 0,
            "rightTrim": 285
        },
        "Read2": {
            "basepairs_in": 69870,
            "basepairs_out": 69688,
            "leftTrim": 0,
            "rightTrim": 182
        }
    }
  }, {
    "Program_details": {
        "program": "hts_Overlapper",
        "version": "1.3.2",
        "options": {
            "append-stats-file": "/nmspipeline//01-Processing/TRIMMER0091_P80/01-PrimerTrim/34-SMARTindex_HC_primers.log",
            "check-lengths": 20,
            "force": false,
            "force-pairs": false,
            "kmer": 8,
            "kmer-offset": 1,
            "max-mismatch": 100,
            "max-mismatch-errorDensity": 0.25,
            "min-overlap": 8,
            "notes": "",
            "number-of-threads": 1,
            "uncompressed": false
        }
    },
    "Fragment": {
        "in": 255,
        "out": 255,
        "basepairs_in": 136723,
        "basepairs_out": 110049,
        "inserts": {
            "short": 27,
            "medium": 208,
            "long": 20
        },
        "overlap_histogram": [ [18,1], [29,1], [33,1], [39,1], [43,1], [53,1], [61,1], [65,1], [68,1], [74,1], [120,1], [125,1], [126,1], [127,1], [161,1], [175,1], [180,1], [184,1], [195,1], [207,2], [210,1], [211,1], [244,2], [250,1], [273,1], [301,1], [324,1], [339,1], [340,1], [351,1], [360,1], [415,1], [418,1], [436,1], [437,5], [453,1], [460,1], [461,4], [462,49], [463,5], [464,11], [465,4], [466,104], [467,10], [468,2], [469,2], [471,1] ]
    },
    "Single_end": {
        "in": 0,
        "out": 235,
        "basepairs_in": 0,
        "basepairs_out": 99344
    },
    "Paired_end": {
        "in": 255,
        "out": 20,
        "Read1": {
            "basepairs_in": 67035,
            "basepairs_out": 5231
        },
        "Read2": {
            "basepairs_in": 69688,
            "basepairs_out": 5474
        }
    }
  }, {
    "Program_details": {
        "program": "hts_LengthFilter",
        "version": "1.3.2",
        "options": {
            "append-stats-file": "/nmspipeline//01-Processing/TRIMMER0091_P80/01-PrimerTrim/34-SMARTindex_HC_primers.log",
            "fastq-output": "/nmspipeline//01-Processing/TRIMMER0091_P80/01-PrimerTrim/34-SMARTindex_HC_primers",
            "force": true,
            "max-length": 0,
            "min-length": 385,
            "no-orphans": false,
            "notes": "",
            "stranded": false,
            "uncompressed": false
        }
    },
    "Fragment": {
        "in": 255,
        "out": 202,
        "basepairs_in": 110049,
        "basepairs_out": 93607
    },
    "Single_end": {
        "in": 235,
        "out": 202,
        "basepairs_in": 99344,
        "basepairs_out": 93607,
        "discarded": 33
    },
    "Paired_end": {
        "in": 20,
        "out": 0,
        "discarded": 20,
        "Read1": {
            "basepairs_in": 5231,
            "basepairs_out": 0,
            "discarded": 0
        },
        "Read2": {
            "basepairs_in": 5474,
            "basepairs_out": 0,
            "discarded": 0
        }
    }
  }
]
