[ {
    "Program_details": {
        "program": "hts_Primers",
        "version": "1.3.2",
        "options": {
            "flip": true,
            "float": 0,
            "force": false,
            "keep": false,
            "min_primer_matches": 2,
            "notes": "",
            "primer_end_mismatches": 0,
            "primer_mismatches": 0,
            "primers_3p": "../lc_primers.fasta",
            "primers_5p": "GTTACCAACAGTGGTATCAACGCAGAGTACATGGGG",
            "read1-input": [ "/nmspipeline//01-Processing/TRIMMER0091_P80/00-RawData/TRIMMER_Plate80_S2_L001_R1_001_sub.fastq.gz"],
            "read2-input": [ "/nmspipeline//01-Processing/TRIMMER0091_P80/00-RawData/TRIMMER_Plate80_S2_L001_R2_001_sub.fastq.gz"],
            "stats-file": "/nmspipeline//01-Processing/TRIMMER0091_P80/01-PrimerTrim/35-SMARTindex_LC_primers.log",
            "uncompressed": false
        },
        "primers": [ ["p5primer1","GTTACCAACAGTGGTATCAACGCAGAGTACATGGGG"], ["KaLC.6_REV_LC","GGATACAGTTGGTGCAGCATC"], ["LaLC.R-mIGL","ATCGTACACACCAGTGTGGC"], ["p5primer1","GTTACCAACAGTGGTATCAACGCAGAGTACATGGGG"], ["KaLC.6_REV_LC","GGATACAGTTGGTGCAGCATC"], ["LaLC.R-mIGL","ATCGTACACACCAGTGTGGC"] ]
    },
    "Fragment": {
        "in": 100000,
        "out": 474,
        "basepairs_in": 60000000,
        "basepairs_out": 257386,
        "flipped": 229,
        "primers_counts": [ ["p5primer1","LaLC.R-mIGL",4], ["p5primer1","KaLC.6_REV_LC",470], ["p5primer1","None",405], ["None","LaLC.R-mIGL",600], ["None","None",48061], ["None","KaLC.6_REV_LC",50460] ]
    },
    "Single_end": {
        "in": 0,
        "out": 0,
        "basepairs_in": 0,
        "basepairs_out": 0,
        "primerTrim": 0,
        "primerBpTrim": 0,
        "discarded": 0
    },
    "Paired_end": {
        "in": 100000,
        "out": 474,
        "discarded": 99526,
        "Read1": {
            "basepairs_in": 30000000,
            "basepairs_out": 125136,
            "primerTrim": 474,
            "primerBpTrim": 17064
        },
        "Read2": {
            "basepairs_in": 30000000,
            "basepairs_out": 132250,
            "primerTrim": 474,
            "primerBpTrim": 9950
        }
    }
  }, {
    "Program_details": {
        "program": "hts_NTrimmer",
        "version": "1.3.2",
        "options": {
            "append-stats-file": "/nmspipeline//01-Processing/TRIMMER0091_P80/01-PrimerTrim/35-SMARTindex_LC_primers.log",
            "exclude": true,
            "force": false,
            "notes": "",
            "uncompressed": false
        }
    },
    "Fragment": {
        "in": 474,
        "out": 473,
        "basepairs_in": 257386,
        "basepairs_out": 256843
    },
    "Single_end": {
        "in": 0,
        "out": 0,
        "basepairs_in": 0,
        "basepairs_out": 0,
        "rightTrim": 0,
        "leftTrim": 0,
        "discarded": 0
    },
    "Paired_end": {
        "in": 474,
        "out": 473,
        "discarded": 1,
        "Read1": {
            "basepairs_in": 125136,
            "basepairs_out": 124872,
            "leftTrim": 0,
            "rightTrim": 0
        },
        "Read2": {
            "basepairs_in": 132250,
            "basepairs_out": 131971,
            "leftTrim": 0,
            "rightTrim": 0
        }
    }
  }, {
    "Program_details": {
        "program": "hts_SeqScreener",
        "version": "1.3.2",
        "options": {
            "append-stats-file": "/nmspipeline//01-Processing/TRIMMER0091_P80/01-PrimerTrim/35-SMARTindex_LC_primers.log",
            "check-read-2": true,
            "force": false,
            "inverse": false,
            "kmer": 21,
            "notes": "",
            "percentage-hits": 0.01,
            "record": true,
            "seq": "../aberrant_LC.fasta",
            "uncompressed": false
        },
        "screen_info": {
            "screenBP": 96,
            "lookupKmers": 8
        }
    },
    "Fragment": {
        "in": 473,
        "out": 473,
        "basepairs_in": 256843,
        "basepairs_out": 256843
    },
    "Single_end": {
        "in": 0,
        "out": 0,
        "basepairs_in": 0,
        "basepairs_out": 0,
        "hits": 0
    },
    "Paired_end": {
        "in": 473,
        "out": 473,
        "hits": 76,
        "Read1": {
            "basepairs_in": 124872,
            "basepairs_out": 124872
        },
        "Read2": {
            "basepairs_in": 131971,
            "basepairs_out": 131971
        }
    }
  }, {
    "Program_details": {
        "program": "hts_QWindowTrim",
        "version": "1.3.2",
        "options": {
            "append-stats-file": "/nmspipeline//01-Processing/TRIMMER0091_P80/01-PrimerTrim/35-SMARTindex_LC_primers.log",
            "avg-qual-score": 10,
            "force": false,
            "no-left": true,
            "no-right": false,
            "notes": "",
            "qual-offset": 33,
            "uncompressed": false,
            "window-size": 10
        }
    },
    "Fragment": {
        "in": 473,
        "out": 473,
        "basepairs_in": 256843,
        "basepairs_out": 255822
    },
    "Single_end": {
        "in": 0,
        "out": 0,
        "basepairs_in": 0,
        "basepairs_out": 0,
        "rightTrim": 0,
        "leftTrim": 0
    },
    "Paired_end": {
        "in": 473,
        "out": 473,
        "Read1": {
            "basepairs_in": 124872,
            "basepairs_out": 124364,
            "leftTrim": 0,
            "rightTrim": 508
        },
        "Read2": {
            "basepairs_in": 131971,
            "basepairs_out": 131458,
            "leftTrim": 0,
            "rightTrim": 513
        }
    }
  }, {
    "Program_details": {
        "program": "hts_Overlapper",
        "version": "1.3.2",
        "options": {
            "append-stats-file": "/nmspipeline//01-Processing/TRIMMER0091_P80/01-PrimerTrim/35-SMARTindex_LC_primers.log",
            "check-lengths": 20,
            "force": false,
            "force-pairs": false,
            "kmer": 8,
            "kmer-offset": 1,
            "max-mismatch": 100,
            "max-mismatch-errorDensity": 0.25,
            "min-overlap": 8,
            "notes": "",
            "number-of-threads": 1,
            "uncompressed": false
        }
    },
    "Fragment": {
        "in": 473,
        "out": 473,
        "basepairs_in": 255822,
        "basepairs_out": 198825,
        "inserts": {
            "short": 25,
            "medium": 411,
            "long": 37
        },
        "overlap_histogram": [ [9,1], [42,1], [43,1], [47,1], [48,1], [53,1], [56,1], [67,1], [84,1], [86,1], [88,1], [112,2], [113,1], [114,1], [125,1], [127,1], [139,1], [156,1], [158,1], [176,1], [228,1], [231,2], [258,1], [281,1], [299,1], [308,1], [334,1], [355,1], [372,1], [380,1], [381,1], [394,1], [395,1], [396,1], [397,2], [398,2], [399,10], [401,1], [410,1], [415,1], [417,1], [418,15], [419,1], [420,5], [421,5], [422,6], [423,10], [424,1], [426,2], [427,1], [429,1], [430,83], [431,16], [432,91], [433,5], [434,43], [435,79], [436,6], [437,1], [438,1], [439,1], [440,4], [442,1], [444,1], [459,1], [462,1], [484,1] ]
    },
    "Single_end": {
        "in": 0,
        "out": 436,
        "basepairs_in": 0,
        "basepairs_out": 178880
    },
    "Paired_end": {
        "in": 473,
        "out": 37,
        "Read1": {
            "basepairs_in": 124364,
            "basepairs_out": 9699
        },
        "Read2": {
            "basepairs_in": 131458,
            "basepairs_out": 10246
        }
    }
  }, {
    "Program_details": {
        "program": "hts_LengthFilter",
        "version": "1.3.2",
        "options": {
            "append-stats-file": "/nmspipeline//01-Processing/TRIMMER0091_P80/01-PrimerTrim/35-SMARTindex_LC_primers.log",
            "fastq-output": "/nmspipeline//01-Processing/TRIMMER0091_P80/01-PrimerTrim/35-SMARTindex_LC_primers",
            "force": true,
            "max-length": 0,
            "min-length": 385,
            "no-orphans": false,
            "notes": "",
            "stranded": false,
            "uncompressed": false
        }
    },
    "Fragment": {
        "in": 473,
        "out": 403,
        "basepairs_in": 198825,
        "basepairs_out": 173267
    },
    "Single_end": {
        "in": 436,
        "out": 403,
        "basepairs_in": 178880,
        "basepairs_out": 173267,
        "discarded": 33
    },
    "Paired_end": {
        "in": 37,
        "out": 0,
        "discarded": 37,
        "Read1": {
            "basepairs_in": 9699,
            "basepairs_out": 0,
            "discarded": 0
        },
        "Read2": {
            "basepairs_in": 10246,
            "basepairs_out": 0,
            "discarded": 0
        }
    }
  }
]
