[ {
    "Program_details": {
        "program": "hts_Primers",
        "version": "1.3.2",
        "options": {
            "flip": true,
            "float": 0,
            "force": false,
            "keep": false,
            "min_primer_matches": 2,
            "notes": "",
            "primer_end_mismatches": 0,
            "primer_mismatches": 0,
            "primers_3p": "../hc_primers.fasta",
            "primers_5p": "GTTACCAACAGTGGTATCAACGCAGAGTACATGGGG",
            "read1-input": [ "/nmspipeline//01-Processing/TRIMMER0091_P80/00-RawData/TRIMMER_Plate80_S2_L001_R1_001_sub.fastq.gz"],
            "read2-input": [ "/nmspipeline//01-Processing/TRIMMER0091_P80/00-RawData/TRIMMER_Plate80_S2_L001_R2_001_sub.fastq.gz"],
            "stats-file": "/nmspipeline//01-Processing/TRIMMER0091_P80/01-PrimerTrim/35-SMARTindex_HC_primers.log",
            "uncompressed": false
        },
        "primers": [ ["p5primer1","GTTACCAACAGTGGTATCAACGCAGAGTACATGGGG"], ["Ga3.10for_mIGH3","GGATAGACAGATGGGGCTGTTGTTGT"], ["Ga12HC.10_REV_CHI","ATAGACAGATGGGGGTGTCGTTTTGG"], ["p5primer1","GTTACCAACAGTGGTATCAACGCAGAGTACATGGGG"], ["Ga3.10for_mIGH3","GGATAGACAGATGGGGCTGTTGTTGT"], ["Ga12HC.10_REV_CHI","ATAGACAGATGGGGGTGTCGTTTTGG"] ]
    },
    "Fragment": {
        "in": 100000,
        "out": 271,
        "basepairs_in": 60000000,
        "basepairs_out": 145798,
        "flipped": 121,
        "primers_counts": [ ["p5primer1","Ga12HC.10_REV_CHI",268], ["p5primer1","None",608], ["p5primer1","Ga3.10for_mIGH3",3], ["None","Ga3.10for_mIGH3",1139], ["None","Ga12HC.10_REV_CHI",27879], ["None","None",70103] ]
    },
    "Single_end": {
        "in": 0,
        "out": 0,
        "basepairs_in": 0,
        "basepairs_out": 0,
        "primerTrim": 0,
        "primerBpTrim": 0,
        "discarded": 0
    },
    "Paired_end": {
        "in": 100000,
        "out": 271,
        "discarded": 99729,
        "Read1": {
            "basepairs_in": 30000000,
            "basepairs_out": 71544,
            "primerTrim": 271,
            "primerBpTrim": 9756
        },
        "Read2": {
            "basepairs_in": 30000000,
            "basepairs_out": 74254,
            "primerTrim": 271,
            "primerBpTrim": 7046
        }
    }
  }, {
    "Program_details": {
        "program": "hts_NTrimmer",
        "version": "1.3.2",
        "options": {
            "append-stats-file": "/nmspipeline//01-Processing/TRIMMER0091_P80/01-PrimerTrim/35-SMARTindex_HC_primers.log",
            "exclude": true,
            "force": false,
            "notes": "",
            "uncompressed": false
        }
    },
    "Fragment": {
        "in": 271,
        "out": 271,
        "basepairs_in": 145798,
        "basepairs_out": 145798
    },
    "Single_end": {
        "in": 0,
        "out": 0,
        "basepairs_in": 0,
        "basepairs_out": 0,
        "rightTrim": 0,
        "leftTrim": 0,
        "discarded": 0
    },
    "Paired_end": {
        "in": 271,
        "out": 271,
        "discarded": 0,
        "Read1": {
            "basepairs_in": 71544,
            "basepairs_out": 71544,
            "leftTrim": 0,
            "rightTrim": 0
        },
        "Read2": {
            "basepairs_in": 74254,
            "basepairs_out": 74254,
            "leftTrim": 0,
            "rightTrim": 0
        }
    }
  }, {
    "Program_details": {
        "program": "hts_SeqScreener",
        "version": "1.3.2",
        "options": {
            "append-stats-file": "/nmspipeline//01-Processing/TRIMMER0091_P80/01-PrimerTrim/35-SMARTindex_HC_primers.log",
            "check-read-2": true,
            "force": false,
            "inverse": false,
            "kmer": 21,
            "notes": "",
            "percentage-hits": 0.01,
            "record": true,
            "seq": "../aberrant_LC.fasta",
            "uncompressed": false
        },
        "screen_info": {
            "screenBP": 96,
            "lookupKmers": 8
        }
    },
    "Fragment": {
        "in": 271,
        "out": 271,
        "basepairs_in": 145798,
        "basepairs_out": 145798
    },
    "Single_end": {
        "in": 0,
        "out": 0,
        "basepairs_in": 0,
        "basepairs_out": 0,
        "hits": 0
    },
    "Paired_end": {
        "in": 271,
        "out": 271,
        "hits": 0,
        "Read1": {
            "basepairs_in": 71544,
            "basepairs_out": 71544
        },
        "Read2": {
            "basepairs_in": 74254,
            "basepairs_out": 74254
        }
    }
  }, {
    "Program_details": {
        "program": "hts_QWindowTrim",
        "version": "1.3.2",
        "options": {
            "append-stats-file": "/nmspipeline//01-Processing/TRIMMER0091_P80/01-PrimerTrim/35-SMARTindex_HC_primers.log",
            "avg-qual-score": 10,
            "force": false,
            "no-left": true,
            "no-right": false,
            "notes": "",
            "qual-offset": 33,
            "uncompressed": false,
            "window-size": 10
        }
    },
    "Fragment": {
        "in": 271,
        "out": 271,
        "basepairs_in": 145798,
        "basepairs_out": 145310
    },
    "Single_end": {
        "in": 0,
        "out": 0,
        "basepairs_in": 0,
        "basepairs_out": 0,
        "rightTrim": 0,
        "leftTrim": 0
    },
    "Paired_end": {
        "in": 271,
        "out": 271,
        "Read1": {
            "basepairs_in": 71544,
            "basepairs_out": 71359,
            "leftTrim": 0,
            "rightTrim": 185
        },
        "Read2": {
            "basepairs_in": 74254,
            "basepairs_out": 73951,
            "leftTrim": 0,
            "rightTrim": 303
        }
    }
  }, {
    "Program_details": {
        "program": "hts_Overlapper",
        "version": "1.3.2",
        "options": {
            "append-stats-file": "/nmspipeline//01-Processing/TRIMMER0091_P80/01-PrimerTrim/35-SMARTindex_HC_primers.log",
            "check-lengths": 20,
            "force": false,
            "force-pairs": false,
            "kmer": 8,
            "kmer-offset": 1,
            "max-mismatch": 100,
            "max-mismatch-errorDensity": 0.25,
            "min-overlap": 8,
            "notes": "",
            "number-of-threads": 1,
            "uncompressed": false
        }
    },
    "Fragment": {
        "in": 271,
        "out": 271,
        "basepairs_in": 145310,
        "basepairs_out": 119003,
        "inserts": {
            "short": 13,
            "medium": 240,
            "long": 18
        },
        "overlap_histogram": [ [16,1], [30,1], [50,1], [56,1], [63,1], [69,1], [84,1], [100,1], [116,1], [147,1], [148,1], [193,1], [201,1], [287,1], [358,1], [387,1], [409,2], [419,1], [426,1], [427,1], [428,3], [438,3], [439,1], [440,3], [442,1], [446,2], [448,17], [449,1], [450,16], [452,21], [453,62], [454,53], [455,8], [456,29], [457,3], [458,1], [460,1], [461,1], [462,4], [463,1], [478,1] ]
    },
    "Single_end": {
        "in": 0,
        "out": 253,
        "basepairs_in": 0,
        "basepairs_out": 109394
    },
    "Paired_end": {
        "in": 271,
        "out": 18,
        "Read1": {
            "basepairs_in": 71359,
            "basepairs_out": 4725
        },
        "Read2": {
            "basepairs_in": 73951,
            "basepairs_out": 4884
        }
    }
  }, {
    "Program_details": {
        "program": "hts_LengthFilter",
        "version": "1.3.2",
        "options": {
            "append-stats-file": "/nmspipeline//01-Processing/TRIMMER0091_P80/01-PrimerTrim/35-SMARTindex_HC_primers.log",
            "fastq-output": "/nmspipeline//01-Processing/TRIMMER0091_P80/01-PrimerTrim/35-SMARTindex_HC_primers",
            "force": true,
            "max-length": 0,
            "min-length": 385,
            "no-orphans": false,
            "notes": "",
            "stranded": false,
            "uncompressed": false
        }
    },
    "Fragment": {
        "in": 271,
        "out": 238,
        "basepairs_in": 119003,
        "basepairs_out": 107476
    },
    "Single_end": {
        "in": 253,
        "out": 238,
        "basepairs_in": 109394,
        "basepairs_out": 107476,
        "discarded": 15
    },
    "Paired_end": {
        "in": 18,
        "out": 0,
        "discarded": 18,
        "Read1": {
            "basepairs_in": 4725,
            "basepairs_out": 0,
            "discarded": 0
        },
        "Read2": {
            "basepairs_in": 4884,
            "basepairs_out": 0,
            "discarded": 0
        }
    }
  }
]
