[ {
    "Program_details": {
        "program": "hts_Primers",
        "version": "1.3.2",
        "options": {
            "flip": true,
            "float": 0,
            "force": false,
            "keep": false,
            "min_primer_matches": 2,
            "notes": "",
            "primer_end_mismatches": 0,
            "primer_mismatches": 0,
            "primers_3p": "../lc_primers.fasta",
            "primers_5p": "CGCAACAACAGTGGTATCAACGCAGAGTACATGGGG",
            "read1-input": [ "/nmspipeline//01-Processing/TRIMMER0091_P80/00-RawData/TRIMMER_Plate80_S2_L001_R1_001_sub.fastq.gz"],
            "read2-input": [ "/nmspipeline//01-Processing/TRIMMER0091_P80/00-RawData/TRIMMER_Plate80_S2_L001_R2_001_sub.fastq.gz"],
            "stats-file": "/nmspipeline//01-Processing/TRIMMER0091_P80/01-PrimerTrim/36-SMARTindex_LC_primers.log",
            "uncompressed": false
        },
        "primers": [ ["p5primer1","CGCAACAACAGTGGTATCAACGCAGAGTACATGGGG"], ["KaLC.6_REV_LC","GGATACAGTTGGTGCAGCATC"], ["LaLC.R-mIGL","ATCGTACACACCAGTGTGGC"], ["p5primer1","CGCAACAACAGTGGTATCAACGCAGAGTACATGGGG"], ["KaLC.6_REV_LC","GGATACAGTTGGTGCAGCATC"], ["LaLC.R-mIGL","ATCGTACACACCAGTGTGGC"] ]
    },
    "Fragment": {
        "in": 100000,
        "out": 450,
        "basepairs_in": 60000000,
        "basepairs_out": 244352,
        "flipped": 185,
        "primers_counts": [ ["p5primer1","LaLC.R-mIGL",2], ["p5primer1","None",510], ["p5primer1","KaLC.6_REV_LC",448], ["None","LaLC.R-mIGL",602], ["None","None",47956], ["None","KaLC.6_REV_LC",50482] ]
    },
    "Single_end": {
        "in": 0,
        "out": 0,
        "basepairs_in": 0,
        "basepairs_out": 0,
        "primerTrim": 0,
        "primerBpTrim": 0,
        "discarded": 0
    },
    "Paired_end": {
        "in": 100000,
        "out": 450,
        "discarded": 99550,
        "Read1": {
            "basepairs_in": 30000000,
            "basepairs_out": 118800,
            "primerTrim": 450,
            "primerBpTrim": 16200
        },
        "Read2": {
            "basepairs_in": 30000000,
            "basepairs_out": 125552,
            "primerTrim": 450,
            "primerBpTrim": 9448
        }
    }
  }, {
    "Program_details": {
        "program": "hts_NTrimmer",
        "version": "1.3.2",
        "options": {
            "append-stats-file": "/nmspipeline//01-Processing/TRIMMER0091_P80/01-PrimerTrim/36-SMARTindex_LC_primers.log",
            "exclude": true,
            "force": false,
            "notes": "",
            "uncompressed": false
        }
    },
    "Fragment": {
        "in": 450,
        "out": 449,
        "basepairs_in": 244352,
        "basepairs_out": 243809
    },
    "Single_end": {
        "in": 0,
        "out": 0,
        "basepairs_in": 0,
        "basepairs_out": 0,
        "rightTrim": 0,
        "leftTrim": 0,
        "discarded": 0
    },
    "Paired_end": {
        "in": 450,
        "out": 449,
        "discarded": 1,
        "Read1": {
            "basepairs_in": 118800,
            "basepairs_out": 118536,
            "leftTrim": 0,
            "rightTrim": 0
        },
        "Read2": {
            "basepairs_in": 125552,
            "basepairs_out": 125273,
            "leftTrim": 0,
            "rightTrim": 0
        }
    }
  }, {
    "Program_details": {
        "program": "hts_SeqScreener",
        "version": "1.3.2",
        "options": {
            "append-stats-file": "/nmspipeline//01-Processing/TRIMMER0091_P80/01-PrimerTrim/36-SMARTindex_LC_primers.log",
            "check-read-2": true,
            "force": false,
            "inverse": false,
            "kmer": 21,
            "notes": "",
            "percentage-hits": 0.01,
            "record": true,
            "seq": "../aberrant_LC.fasta",
            "uncompressed": false
        },
        "screen_info": {
            "screenBP": 96,
            "lookupKmers": 8
        }
    },
    "Fragment": {
        "in": 449,
        "out": 449,
        "basepairs_in": 243809,
        "basepairs_out": 243809
    },
    "Single_end": {
        "in": 0,
        "out": 0,
        "basepairs_in": 0,
        "basepairs_out": 0,
        "hits": 0
    },
    "Paired_end": {
        "in": 449,
        "out": 449,
        "hits": 406,
        "Read1": {
            "basepairs_in": 118536,
            "basepairs_out": 118536
        },
        "Read2": {
            "basepairs_in": 125273,
            "basepairs_out": 125273
        }
    }
  }, {
    "Program_details": {
        "program": "hts_QWindowTrim",
        "version": "1.3.2",
        "options": {
            "append-stats-file": "/nmspipeline//01-Processing/TRIMMER0091_P80/01-PrimerTrim/36-SMARTindex_LC_primers.log",
            "avg-qual-score": 10,
            "force": false,
            "no-left": true,
            "no-right": false,
            "notes": "",
            "qual-offset": 33,
            "uncompressed": false,
            "window-size": 10
        }
    },
    "Fragment": {
        "in": 449,
        "out": 449,
        "basepairs_in": 243809,
        "basepairs_out": 242967
    },
    "Single_end": {
        "in": 0,
        "out": 0,
        "basepairs_in": 0,
        "basepairs_out": 0,
        "rightTrim": 0,
        "leftTrim": 0
    },
    "Paired_end": {
        "in": 449,
        "out": 449,
        "Read1": {
            "basepairs_in": 118536,
            "basepairs_out": 118152,
            "leftTrim": 0,
            "rightTrim": 384
        },
        "Read2": {
            "basepairs_in": 125273,
            "basepairs_out": 124815,
            "leftTrim": 0,
            "rightTrim": 458
        }
    }
  }, {
    "Program_details": {
        "program": "hts_Overlapper",
        "version": "1.3.2",
        "options": {
            "append-stats-file": "/nmspipeline//01-Processing/TRIMMER0091_P80/01-PrimerTrim/36-SMARTindex_LC_primers.log",
            "check-lengths": 20,
            "force": false,
            "force-pairs": false,
            "kmer": 8,
            "kmer-offset": 1,
            "max-mismatch": 100,
            "max-mismatch-errorDensity": 0.25,
            "min-overlap": 8,
            "notes": "",
            "number-of-threads": 1,
            "uncompressed": false
        }
    },
    "Fragment": {
        "in": 449,
        "out": 449,
        "basepairs_in": 242967,
        "basepairs_out": 190771,
        "inserts": {
            "short": 24,
            "medium": 399,
            "long": 26
        },
        "overlap_histogram": [ [14,1], [25,1], [26,1], [27,1], [52,1], [59,1], [65,1], [66,1], [76,1], [79,1], [84,1], [107,1], [110,1], [112,1], [113,1], [116,1], [121,1], [137,1], [139,1], [145,1], [172,1], [175,1], [254,1], [255,1], [278,1], [309,1], [342,1], [361,2], [366,1], [394,1], [398,3], [399,8], [408,1], [418,32], [419,2], [420,4], [421,7], [422,6], [423,15], [424,1], [425,1], [426,1], [427,1], [429,1], [436,2], [437,1], [438,2], [440,26], [441,26], [442,21], [443,8], [444,177], [445,40], [446,1], [449,1], [453,1], [461,1], [469,1], [530,1] ]
    },
    "Single_end": {
        "in": 0,
        "out": 423,
        "basepairs_in": 0,
        "basepairs_out": 176696
    },
    "Paired_end": {
        "in": 449,
        "out": 26,
        "Read1": {
            "basepairs_in": 118152,
            "basepairs_out": 6852
        },
        "Read2": {
            "basepairs_in": 124815,
            "basepairs_out": 7223
        }
    }
  }, {
    "Program_details": {
        "program": "hts_LengthFilter",
        "version": "1.3.2",
        "options": {
            "append-stats-file": "/nmspipeline//01-Processing/TRIMMER0091_P80/01-PrimerTrim/36-SMARTindex_LC_primers.log",
            "fastq-output": "/nmspipeline//01-Processing/TRIMMER0091_P80/01-PrimerTrim/36-SMARTindex_LC_primers",
            "force": true,
            "max-length": 0,
            "min-length": 385,
            "no-orphans": false,
            "notes": "",
            "stranded": false,
            "uncompressed": false
        }
    },
    "Fragment": {
        "in": 449,
        "out": 393,
        "basepairs_in": 190771,
        "basepairs_out": 172150
    },
    "Single_end": {
        "in": 423,
        "out": 393,
        "basepairs_in": 176696,
        "basepairs_out": 172150,
        "discarded": 30
    },
    "Paired_end": {
        "in": 26,
        "out": 0,
        "discarded": 26,
        "Read1": {
            "basepairs_in": 6852,
            "basepairs_out": 0,
            "discarded": 0
        },
        "Read2": {
            "basepairs_in": 7223,
            "basepairs_out": 0,
            "discarded": 0
        }
    }
  }
]
