[ {
    "Program_details": {
        "program": "hts_Primers",
        "version": "1.3.2",
        "options": {
            "flip": true,
            "float": 0,
            "force": false,
            "keep": false,
            "min_primer_matches": 2,
            "notes": "",
            "primer_end_mismatches": 0,
            "primer_mismatches": 0,
            "primers_3p": "../hc_primers.fasta",
            "primers_5p": "CGCAACAACAGTGGTATCAACGCAGAGTACATGGGG",
            "read1-input": [ "/nmspipeline//01-Processing/TRIMMER0091_P80/00-RawData/TRIMMER_Plate80_S2_L001_R1_001_sub.fastq.gz"],
            "read2-input": [ "/nmspipeline//01-Processing/TRIMMER0091_P80/00-RawData/TRIMMER_Plate80_S2_L001_R2_001_sub.fastq.gz"],
            "stats-file": "/nmspipeline//01-Processing/TRIMMER0091_P80/01-PrimerTrim/36-SMARTindex_HC_primers.log",
            "uncompressed": false
        },
        "primers": [ ["p5primer1","CGCAACAACAGTGGTATCAACGCAGAGTACATGGGG"], ["Ga3.10for_mIGH3","GGATAGACAGATGGGGCTGTTGTTGT"], ["Ga12HC.10_REV_CHI","ATAGACAGATGGGGGTGTCGTTTTGG"], ["p5primer1","CGCAACAACAGTGGTATCAACGCAGAGTACATGGGG"], ["Ga3.10for_mIGH3","GGATAGACAGATGGGGCTGTTGTTGT"], ["Ga12HC.10_REV_CHI","ATAGACAGATGGGGGTGTCGTTTTGG"] ]
    },
    "Fragment": {
        "in": 100000,
        "out": 345,
        "basepairs_in": 60000000,
        "basepairs_out": 185610,
        "flipped": 158,
        "primers_counts": [ ["p5primer1","Ga12HC.10_REV_CHI",343], ["p5primer1","None",615], ["p5primer1","Ga3.10for_mIGH3",2], ["None","Ga3.10for_mIGH3",1140], ["None","Ga12HC.10_REV_CHI",27804], ["None","None",70096] ]
    },
    "Single_end": {
        "in": 0,
        "out": 0,
        "basepairs_in": 0,
        "basepairs_out": 0,
        "primerTrim": 0,
        "primerBpTrim": 0,
        "discarded": 0
    },
    "Paired_end": {
        "in": 100000,
        "out": 345,
        "discarded": 99655,
        "Read1": {
            "basepairs_in": 30000000,
            "basepairs_out": 91080,
            "primerTrim": 345,
            "primerBpTrim": 12420
        },
        "Read2": {
            "basepairs_in": 30000000,
            "basepairs_out": 94530,
            "primerTrim": 345,
            "primerBpTrim": 8970
        }
    }
  }, {
    "Program_details": {
        "program": "hts_NTrimmer",
        "version": "1.3.2",
        "options": {
            "append-stats-file": "/nmspipeline//01-Processing/TRIMMER0091_P80/01-PrimerTrim/36-SMARTindex_HC_primers.log",
            "exclude": true,
            "force": false,
            "notes": "",
            "uncompressed": false
        }
    },
    "Fragment": {
        "in": 345,
        "out": 345,
        "basepairs_in": 185610,
        "basepairs_out": 185610
    },
    "Single_end": {
        "in": 0,
        "out": 0,
        "basepairs_in": 0,
        "basepairs_out": 0,
        "rightTrim": 0,
        "leftTrim": 0,
        "discarded": 0
    },
    "Paired_end": {
        "in": 345,
        "out": 345,
        "discarded": 0,
        "Read1": {
            "basepairs_in": 91080,
            "basepairs_out": 91080,
            "leftTrim": 0,
            "rightTrim": 0
        },
        "Read2": {
            "basepairs_in": 94530,
            "basepairs_out": 94530,
            "leftTrim": 0,
            "rightTrim": 0
        }
    }
  }, {
    "Program_details": {
        "program": "hts_SeqScreener",
        "version": "1.3.2",
        "options": {
            "append-stats-file": "/nmspipeline//01-Processing/TRIMMER0091_P80/01-PrimerTrim/36-SMARTindex_HC_primers.log",
            "check-read-2": true,
            "force": false,
            "inverse": false,
            "kmer": 21,
            "notes": "",
            "percentage-hits": 0.01,
            "record": true,
            "seq": "../aberrant_LC.fasta",
            "uncompressed": false
        },
        "screen_info": {
            "screenBP": 96,
            "lookupKmers": 8
        }
    },
    "Fragment": {
        "in": 345,
        "out": 345,
        "basepairs_in": 185610,
        "basepairs_out": 185610
    },
    "Single_end": {
        "in": 0,
        "out": 0,
        "basepairs_in": 0,
        "basepairs_out": 0,
        "hits": 0
    },
    "Paired_end": {
        "in": 345,
        "out": 345,
        "hits": 0,
        "Read1": {
            "basepairs_in": 91080,
            "basepairs_out": 91080
        },
        "Read2": {
            "basepairs_in": 94530,
            "basepairs_out": 94530
        }
    }
  }, {
    "Program_details": {
        "program": "hts_QWindowTrim",
        "version": "1.3.2",
        "options": {
            "append-stats-file": "/nmspipeline//01-Processing/TRIMMER0091_P80/01-PrimerTrim/36-SMARTindex_HC_primers.log",
            "avg-qual-score": 10,
            "force": false,
            "no-left": true,
            "no-right": false,
            "notes": "",
            "qual-offset": 33,
            "uncompressed": false,
            "window-size": 10
        }
    },
    "Fragment": {
        "in": 345,
        "out": 345,
        "basepairs_in": 185610,
        "basepairs_out": 185063
    },
    "Single_end": {
        "in": 0,
        "out": 0,
        "basepairs_in": 0,
        "basepairs_out": 0,
        "rightTrim": 0,
        "leftTrim": 0
    },
    "Paired_end": {
        "in": 345,
        "out": 345,
        "Read1": {
            "basepairs_in": 91080,
            "basepairs_out": 90906,
            "leftTrim": 0,
            "rightTrim": 174
        },
        "Read2": {
            "basepairs_in": 94530,
            "basepairs_out": 94157,
            "leftTrim": 0,
            "rightTrim": 373
        }
    }
  }, {
    "Program_details": {
        "program": "hts_Overlapper",
        "version": "1.3.2",
        "options": {
            "append-stats-file": "/nmspipeline//01-Processing/TRIMMER0091_P80/01-PrimerTrim/36-SMARTindex_HC_primers.log",
            "check-lengths": 20,
            "force": false,
            "force-pairs": false,
            "kmer": 8,
            "kmer-offset": 1,
            "max-mismatch": 100,
            "max-mismatch-errorDensity": 0.25,
            "min-overlap": 8,
            "notes": "",
            "number-of-threads": 1,
            "uncompressed": false
        }
    },
    "Fragment": {
        "in": 345,
        "out": 345,
        "basepairs_in": 185063,
        "basepairs_out": 159658,
        "inserts": {
            "short": 12,
            "medium": 314,
            "long": 19
        },
        "overlap_histogram": [ [24,1], [37,1], [41,1], [48,1], [55,1], [68,1], [93,1], [95,1], [106,1], [215,1], [217,1], [253,1], [337,1], [443,1], [444,1], [450,1], [451,2], [452,1], [453,1], [461,2], [462,1], [464,1], [468,3], [469,1], [471,1], [472,43], [473,205], [474,35], [475,7], [476,4], [477,1], [479,1], [501,1] ]
    },
    "Single_end": {
        "in": 0,
        "out": 326,
        "basepairs_in": 0,
        "basepairs_out": 149462
    },
    "Paired_end": {
        "in": 345,
        "out": 19,
        "Read1": {
            "basepairs_in": 90906,
            "basepairs_out": 5000
        },
        "Read2": {
            "basepairs_in": 94157,
            "basepairs_out": 5196
        }
    }
  }, {
    "Program_details": {
        "program": "hts_LengthFilter",
        "version": "1.3.2",
        "options": {
            "append-stats-file": "/nmspipeline//01-Processing/TRIMMER0091_P80/01-PrimerTrim/36-SMARTindex_HC_primers.log",
            "fastq-output": "/nmspipeline//01-Processing/TRIMMER0091_P80/01-PrimerTrim/36-SMARTindex_HC_primers",
            "force": true,
            "max-length": 0,
            "min-length": 385,
            "no-orphans": false,
            "notes": "",
            "stranded": false,
            "uncompressed": false
        }
    },
    "Fragment": {
        "in": 345,
        "out": 313,
        "basepairs_in": 159658,
        "basepairs_out": 147873
    },
    "Single_end": {
        "in": 326,
        "out": 313,
        "basepairs_in": 149462,
        "basepairs_out": 147873,
        "discarded": 13
    },
    "Paired_end": {
        "in": 19,
        "out": 0,
        "discarded": 19,
        "Read1": {
            "basepairs_in": 5000,
            "basepairs_out": 0,
            "discarded": 0
        },
        "Read2": {
            "basepairs_in": 5196,
            "basepairs_out": 0,
            "discarded": 0
        }
    }
  }
]
