[ {
    "Program_details": {
        "program": "hts_Primers",
        "version": "1.3.2",
        "options": {
            "flip": true,
            "float": 0,
            "force": false,
            "keep": false,
            "min_primer_matches": 2,
            "notes": "",
            "primer_end_mismatches": 0,
            "primer_mismatches": 0,
            "primers_3p": "../lc_primers.fasta",
            "primers_5p": "TGGCGAAACAGTGGTATCAACGCAGAGTACATGGGG",
            "read1-input": [ "/nmspipeline/01-Processing/TRIMMER0091_P80/00-RawData/TRIMMER_Plate80_S2_L001_R1_001_sub.fastq.gz"],
            "read2-input": [ "/nmspipeline/01-Processing/TRIMMER0091_P80/00-RawData/TRIMMER_Plate80_S2_L001_R2_001_sub.fastq.gz"],
            "stats-file": "/nmspipeline/01-Processing/TRIMMER0091_P80/01-PrimerTrim/37-SMARTindex_LC_primers.log",
            "uncompressed": false
        },
        "primers": [ ["p5primer1","TGGCGAAACAGTGGTATCAACGCAGAGTACATGGGG"], ["KaLC.6_REV_LC","GGATACAGTTGGTGCAGCATC"], ["LaLC.R-mIGL","ATCGTACACACCAGTGTGGC"], ["p5primer1","TGGCGAAACAGTGGTATCAACGCAGAGTACATGGGG"], ["KaLC.6_REV_LC","GGATACAGTTGGTGCAGCATC"], ["LaLC.R-mIGL","ATCGTACACACCAGTGTGGC"] ]
    },
    "Fragment": {
        "in": 100000,
        "out": 7,
        "basepairs_in": 60000000,
        "basepairs_out": 3802,
        "flipped": 5,
        "primers_counts": [ ["p5primer1","LaLC.R-mIGL",1], ["p5primer1","KaLC.6_REV_LC",6], ["p5primer1","None",30], ["None","LaLC.R-mIGL",603], ["None","None",48436], ["None","KaLC.6_REV_LC",50924] ]
    },
    "Single_end": {
        "in": 0,
        "out": 0,
        "basepairs_in": 0,
        "basepairs_out": 0,
        "primerTrim": 0,
        "primerBpTrim": 0,
        "discarded": 0
    },
    "Paired_end": {
        "in": 100000,
        "out": 7,
        "discarded": 99993,
        "Read1": {
            "basepairs_in": 30000000,
            "basepairs_out": 1848,
            "primerTrim": 7,
            "primerBpTrim": 252
        },
        "Read2": {
            "basepairs_in": 30000000,
            "basepairs_out": 1954,
            "primerTrim": 7,
            "primerBpTrim": 146
        }
    }
  }, {
    "Program_details": {
        "program": "hts_NTrimmer",
        "version": "1.3.2",
        "options": {
            "append-stats-file": "/nmspipeline/01-Processing/TRIMMER0091_P80/01-PrimerTrim/37-SMARTindex_LC_primers.log",
            "exclude": true,
            "force": false,
            "notes": "",
            "uncompressed": false
        }
    },
    "Fragment": {
        "in": 7,
        "out": 7,
        "basepairs_in": 3802,
        "basepairs_out": 3802
    },
    "Single_end": {
        "in": 0,
        "out": 0,
        "basepairs_in": 0,
        "basepairs_out": 0,
        "rightTrim": 0,
        "leftTrim": 0,
        "discarded": 0
    },
    "Paired_end": {
        "in": 7,
        "out": 7,
        "discarded": 0,
        "Read1": {
            "basepairs_in": 1848,
            "basepairs_out": 1848,
            "leftTrim": 0,
            "rightTrim": 0
        },
        "Read2": {
            "basepairs_in": 1954,
            "basepairs_out": 1954,
            "leftTrim": 0,
            "rightTrim": 0
        }
    }
  }, {
    "Program_details": {
        "program": "hts_SeqScreener",
        "version": "1.3.2",
        "options": {
            "append-stats-file": "/nmspipeline/01-Processing/TRIMMER0091_P80/01-PrimerTrim/37-SMARTindex_LC_primers.log",
            "check-read-2": true,
            "force": false,
            "inverse": false,
            "kmer": 21,
            "notes": "",
            "percentage-hits": 0.01,
            "record": true,
            "seq": "../aberrant_LC.fasta",
            "uncompressed": false
        },
        "screen_info": {
            "screenBP": 96,
            "lookupKmers": 8
        }
    },
    "Fragment": {
        "in": 7,
        "out": 7,
        "basepairs_in": 3802,
        "basepairs_out": 3802
    },
    "Single_end": {
        "in": 0,
        "out": 0,
        "basepairs_in": 0,
        "basepairs_out": 0,
        "hits": 0
    },
    "Paired_end": {
        "in": 7,
        "out": 7,
        "hits": 2,
        "Read1": {
            "basepairs_in": 1848,
            "basepairs_out": 1848
        },
        "Read2": {
            "basepairs_in": 1954,
            "basepairs_out": 1954
        }
    }
  }, {
    "Program_details": {
        "program": "hts_QWindowTrim",
        "version": "1.3.2",
        "options": {
            "append-stats-file": "/nmspipeline/01-Processing/TRIMMER0091_P80/01-PrimerTrim/37-SMARTindex_LC_primers.log",
            "avg-qual-score": 10,
            "force": false,
            "no-left": true,
            "no-right": false,
            "notes": "",
            "qual-offset": 33,
            "uncompressed": false,
            "window-size": 10
        }
    },
    "Fragment": {
        "in": 7,
        "out": 7,
        "basepairs_in": 3802,
        "basepairs_out": 3770
    },
    "Single_end": {
        "in": 0,
        "out": 0,
        "basepairs_in": 0,
        "basepairs_out": 0,
        "rightTrim": 0,
        "leftTrim": 0
    },
    "Paired_end": {
        "in": 7,
        "out": 7,
        "Read1": {
            "basepairs_in": 1848,
            "basepairs_out": 1826,
            "leftTrim": 0,
            "rightTrim": 22
        },
        "Read2": {
            "basepairs_in": 1954,
            "basepairs_out": 1944,
            "leftTrim": 0,
            "rightTrim": 10
        }
    }
  }, {
    "Program_details": {
        "program": "hts_Overlapper",
        "version": "1.3.2",
        "options": {
            "append-stats-file": "/nmspipeline/01-Processing/TRIMMER0091_P80/01-PrimerTrim/37-SMARTindex_LC_primers.log",
            "check-lengths": 20,
            "force": false,
            "force-pairs": false,
            "kmer": 8,
            "kmer-offset": 1,
            "max-mismatch": 100,
            "max-mismatch-errorDensity": 0.25,
            "min-overlap": 8,
            "notes": "",
            "number-of-threads": 1,
            "uncompressed": false
        }
    },
    "Fragment": {
        "in": 7,
        "out": 7,
        "basepairs_in": 3770,
        "basepairs_out": 964,
        "inserts": {
            "short": 6,
            "medium": 0,
            "long": 1
        },
        "overlap_histogram": [ [24,1], [27,1], [56,1], [78,1], [91,1], [149,1] ]
    },
    "Single_end": {
        "in": 0,
        "out": 6,
        "basepairs_in": 0,
        "basepairs_out": 425
    },
    "Paired_end": {
        "in": 7,
        "out": 1,
        "Read1": {
            "basepairs_in": 1826,
            "basepairs_out": 264
        },
        "Read2": {
            "basepairs_in": 1944,
            "basepairs_out": 275
        }
    }
  }, {
    "Program_details": {
        "program": "hts_LengthFilter",
        "version": "1.3.2",
        "options": {
            "append-stats-file": "/nmspipeline/01-Processing/TRIMMER0091_P80/01-PrimerTrim/37-SMARTindex_LC_primers.log",
            "fastq-output": "/nmspipeline/01-Processing/TRIMMER0091_P80/01-PrimerTrim/37-SMARTindex_LC_primers",
            "force": true,
            "max-length": 0,
            "min-length": 385,
            "no-orphans": false,
            "notes": "",
            "stranded": false,
            "uncompressed": false
        }
    },
    "Fragment": {
        "in": 7,
        "out": 0,
        "basepairs_in": 964,
        "basepairs_out": 0
    },
    "Single_end": {
        "in": 6,
        "out": 0,
        "basepairs_in": 425,
        "basepairs_out": 0,
        "discarded": 6
    },
    "Paired_end": {
        "in": 1,
        "out": 0,
        "discarded": 1,
        "Read1": {
            "basepairs_in": 264,
            "basepairs_out": 0,
            "discarded": 0
        },
        "Read2": {
            "basepairs_in": 275,
            "basepairs_out": 0,
            "discarded": 0
        }
    }
  }
]
