[ {
    "Program_details": {
        "program": "hts_Primers",
        "version": "1.3.2",
        "options": {
            "flip": true,
            "float": 0,
            "force": false,
            "keep": false,
            "min_primer_matches": 2,
            "notes": "",
            "primer_end_mismatches": 0,
            "primer_mismatches": 0,
            "primers_3p": "../hc_primers.fasta",
            "primers_5p": "CAACAGAACAGTGGTATCAACGCAGAGTACATGGGG",
            "read1-input": [ "/nmspipeline//01-Processing/TRIMMER0091_P80/00-RawData/TRIMMER_Plate80_S2_L001_R1_001_sub.fastq.gz"],
            "read2-input": [ "/nmspipeline//01-Processing/TRIMMER0091_P80/00-RawData/TRIMMER_Plate80_S2_L001_R2_001_sub.fastq.gz"],
            "stats-file": "/nmspipeline//01-Processing/TRIMMER0091_P80/01-PrimerTrim/39-SMARTindex_HC_primers.log",
            "uncompressed": false
        },
        "primers": [ ["p5primer1","CAACAGAACAGTGGTATCAACGCAGAGTACATGGGG"], ["Ga3.10for_mIGH3","GGATAGACAGATGGGGCTGTTGTTGT"], ["Ga12HC.10_REV_CHI","ATAGACAGATGGGGGTGTCGTTTTGG"], ["p5primer1","CAACAGAACAGTGGTATCAACGCAGAGTACATGGGG"], ["Ga3.10for_mIGH3","GGATAGACAGATGGGGCTGTTGTTGT"], ["Ga12HC.10_REV_CHI","ATAGACAGATGGGGGTGTCGTTTTGG"] ]
    },
    "Fragment": {
        "in": 100000,
        "out": 371,
        "basepairs_in": 60000000,
        "basepairs_out": 199598,
        "flipped": 156,
        "primers_counts": [ ["p5primer1","Ga12HC.10_REV_CHI",371], ["None","Ga3.10for_mIGH3",1142], ["p5primer1","None",847], ["None","Ga12HC.10_REV_CHI",27776], ["None","None",69864] ]
    },
    "Single_end": {
        "in": 0,
        "out": 0,
        "basepairs_in": 0,
        "basepairs_out": 0,
        "primerTrim": 0,
        "primerBpTrim": 0,
        "discarded": 0
    },
    "Paired_end": {
        "in": 100000,
        "out": 371,
        "discarded": 99629,
        "Read1": {
            "basepairs_in": 30000000,
            "basepairs_out": 97944,
            "primerTrim": 371,
            "primerBpTrim": 13356
        },
        "Read2": {
            "basepairs_in": 30000000,
            "basepairs_out": 101654,
            "primerTrim": 371,
            "primerBpTrim": 9646
        }
    }
  }, {
    "Program_details": {
        "program": "hts_NTrimmer",
        "version": "1.3.2",
        "options": {
            "append-stats-file": "/nmspipeline//01-Processing/TRIMMER0091_P80/01-PrimerTrim/39-SMARTindex_HC_primers.log",
            "exclude": true,
            "force": false,
            "notes": "",
            "uncompressed": false
        }
    },
    "Fragment": {
        "in": 371,
        "out": 371,
        "basepairs_in": 199598,
        "basepairs_out": 199598
    },
    "Single_end": {
        "in": 0,
        "out": 0,
        "basepairs_in": 0,
        "basepairs_out": 0,
        "rightTrim": 0,
        "leftTrim": 0,
        "discarded": 0
    },
    "Paired_end": {
        "in": 371,
        "out": 371,
        "discarded": 0,
        "Read1": {
            "basepairs_in": 97944,
            "basepairs_out": 97944,
            "leftTrim": 0,
            "rightTrim": 0
        },
        "Read2": {
            "basepairs_in": 101654,
            "basepairs_out": 101654,
            "leftTrim": 0,
            "rightTrim": 0
        }
    }
  }, {
    "Program_details": {
        "program": "hts_SeqScreener",
        "version": "1.3.2",
        "options": {
            "append-stats-file": "/nmspipeline//01-Processing/TRIMMER0091_P80/01-PrimerTrim/39-SMARTindex_HC_primers.log",
            "check-read-2": true,
            "force": false,
            "inverse": false,
            "kmer": 21,
            "notes": "",
            "percentage-hits": 0.01,
            "record": true,
            "seq": "../aberrant_LC.fasta",
            "uncompressed": false
        },
        "screen_info": {
            "screenBP": 96,
            "lookupKmers": 8
        }
    },
    "Fragment": {
        "in": 371,
        "out": 371,
        "basepairs_in": 199598,
        "basepairs_out": 199598
    },
    "Single_end": {
        "in": 0,
        "out": 0,
        "basepairs_in": 0,
        "basepairs_out": 0,
        "hits": 0
    },
    "Paired_end": {
        "in": 371,
        "out": 371,
        "hits": 0,
        "Read1": {
            "basepairs_in": 97944,
            "basepairs_out": 97944
        },
        "Read2": {
            "basepairs_in": 101654,
            "basepairs_out": 101654
        }
    }
  }, {
    "Program_details": {
        "program": "hts_QWindowTrim",
        "version": "1.3.2",
        "options": {
            "append-stats-file": "/nmspipeline//01-Processing/TRIMMER0091_P80/01-PrimerTrim/39-SMARTindex_HC_primers.log",
            "avg-qual-score": 10,
            "force": false,
            "no-left": true,
            "no-right": false,
            "notes": "",
            "qual-offset": 33,
            "uncompressed": false,
            "window-size": 10
        }
    },
    "Fragment": {
        "in": 371,
        "out": 371,
        "basepairs_in": 199598,
        "basepairs_out": 199085
    },
    "Single_end": {
        "in": 0,
        "out": 0,
        "basepairs_in": 0,
        "basepairs_out": 0,
        "rightTrim": 0,
        "leftTrim": 0
    },
    "Paired_end": {
        "in": 371,
        "out": 371,
        "Read1": {
            "basepairs_in": 97944,
            "basepairs_out": 97773,
            "leftTrim": 0,
            "rightTrim": 171
        },
        "Read2": {
            "basepairs_in": 101654,
            "basepairs_out": 101312,
            "leftTrim": 0,
            "rightTrim": 342
        }
    }
  }, {
    "Program_details": {
        "program": "hts_Overlapper",
        "version": "1.3.2",
        "options": {
            "append-stats-file": "/nmspipeline//01-Processing/TRIMMER0091_P80/01-PrimerTrim/39-SMARTindex_HC_primers.log",
            "check-lengths": 20,
            "force": false,
            "force-pairs": false,
            "kmer": 8,
            "kmer-offset": 1,
            "max-mismatch": 100,
            "max-mismatch-errorDensity": 0.25,
            "min-overlap": 8,
            "notes": "",
            "number-of-threads": 1,
            "uncompressed": false
        }
    },
    "Fragment": {
        "in": 371,
        "out": 371,
        "basepairs_in": 199085,
        "basepairs_out": 162874,
        "inserts": {
            "short": 25,
            "medium": 319,
            "long": 27
        },
        "overlap_histogram": [ [21,1], [23,1], [24,1], [30,1], [39,1], [45,1], [58,1], [59,1], [65,1], [72,1], [84,1], [85,1], [86,1], [89,1], [97,1], [103,1], [108,1], [125,1], [156,1], [198,1], [205,1], [235,1], [241,1], [261,1], [269,1], [276,1], [295,1], [327,1], [351,2], [372,1], [380,1], [395,1], [406,1], [418,1], [419,1], [420,1], [422,1], [424,1], [426,1], [427,3], [428,1], [437,2], [439,1], [441,1], [444,1], [446,1], [449,1], [452,1], [454,1], [455,2], [457,21], [458,1], [459,19], [460,122], [461,6], [462,24], [463,20], [464,42], [465,25], [466,6], [467,1], [471,2] ]
    },
    "Single_end": {
        "in": 0,
        "out": 344,
        "basepairs_in": 0,
        "basepairs_out": 148406
    },
    "Paired_end": {
        "in": 371,
        "out": 27,
        "Read1": {
            "basepairs_in": 97773,
            "basepairs_out": 7106
        },
        "Read2": {
            "basepairs_in": 101312,
            "basepairs_out": 7362
        }
    }
  }, {
    "Program_details": {
        "program": "hts_LengthFilter",
        "version": "1.3.2",
        "options": {
            "append-stats-file": "/nmspipeline//01-Processing/TRIMMER0091_P80/01-PrimerTrim/39-SMARTindex_HC_primers.log",
            "fastq-output": "/nmspipeline//01-Processing/TRIMMER0091_P80/01-PrimerTrim/39-SMARTindex_HC_primers",
            "force": true,
            "max-length": 0,
            "min-length": 385,
            "no-orphans": false,
            "notes": "",
            "stranded": false,
            "uncompressed": false
        }
    },
    "Fragment": {
        "in": 371,
        "out": 312,
        "basepairs_in": 162874,
        "basepairs_out": 143276
    },
    "Single_end": {
        "in": 344,
        "out": 312,
        "basepairs_in": 148406,
        "basepairs_out": 143276,
        "discarded": 32
    },
    "Paired_end": {
        "in": 27,
        "out": 0,
        "discarded": 27,
        "Read1": {
            "basepairs_in": 7106,
            "basepairs_out": 0,
            "discarded": 0
        },
        "Read2": {
            "basepairs_in": 7362,
            "basepairs_out": 0,
            "discarded": 0
        }
    }
  }
]
