[ {
    "Program_details": {
        "program": "hts_Primers",
        "version": "1.3.2",
        "options": {
            "flip": true,
            "float": 0,
            "force": false,
            "keep": false,
            "min_primer_matches": 2,
            "notes": "",
            "primer_end_mismatches": 0,
            "primer_mismatches": 0,
            "primers_3p": "../lc_primers.fasta",
            "primers_5p": "CAACAGAACAGTGGTATCAACGCAGAGTACATGGGG",
            "read1-input": [ "/nmspipeline//01-Processing/TRIMMER0091_P80/00-RawData/TRIMMER_Plate80_S2_L001_R1_001_sub.fastq.gz"],
            "read2-input": [ "/nmspipeline//01-Processing/TRIMMER0091_P80/00-RawData/TRIMMER_Plate80_S2_L001_R2_001_sub.fastq.gz"],
            "stats-file": "/nmspipeline//01-Processing/TRIMMER0091_P80/01-PrimerTrim/39-SMARTindex_LC_primers.log",
            "uncompressed": false
        },
        "primers": [ ["p5primer1","CAACAGAACAGTGGTATCAACGCAGAGTACATGGGG"], ["KaLC.6_REV_LC","GGATACAGTTGGTGCAGCATC"], ["LaLC.R-mIGL","ATCGTACACACCAGTGTGGC"], ["p5primer1","CAACAGAACAGTGGTATCAACGCAGAGTACATGGGG"], ["KaLC.6_REV_LC","GGATACAGTTGGTGCAGCATC"], ["LaLC.R-mIGL","ATCGTACACACCAGTGTGGC"] ]
    },
    "Fragment": {
        "in": 100000,
        "out": 637,
        "basepairs_in": 60000000,
        "basepairs_out": 345901,
        "flipped": 286,
        "primers_counts": [ ["p5primer1","LaLC.R-mIGL",10], ["p5primer1","None",581], ["p5primer1","KaLC.6_REV_LC",627], ["None","LaLC.R-mIGL",594], ["None","None",47885], ["None","KaLC.6_REV_LC",50303] ]
    },
    "Single_end": {
        "in": 0,
        "out": 0,
        "basepairs_in": 0,
        "basepairs_out": 0,
        "primerTrim": 0,
        "primerBpTrim": 0,
        "discarded": 0
    },
    "Paired_end": {
        "in": 100000,
        "out": 637,
        "discarded": 99363,
        "Read1": {
            "basepairs_in": 30000000,
            "basepairs_out": 168168,
            "primerTrim": 637,
            "primerBpTrim": 22932
        },
        "Read2": {
            "basepairs_in": 30000000,
            "basepairs_out": 177733,
            "primerTrim": 637,
            "primerBpTrim": 13367
        }
    }
  }, {
    "Program_details": {
        "program": "hts_NTrimmer",
        "version": "1.3.2",
        "options": {
            "append-stats-file": "/nmspipeline//01-Processing/TRIMMER0091_P80/01-PrimerTrim/39-SMARTindex_LC_primers.log",
            "exclude": true,
            "force": false,
            "notes": "",
            "uncompressed": false
        }
    },
    "Fragment": {
        "in": 637,
        "out": 635,
        "basepairs_in": 345901,
        "basepairs_out": 344815
    },
    "Single_end": {
        "in": 0,
        "out": 0,
        "basepairs_in": 0,
        "basepairs_out": 0,
        "rightTrim": 0,
        "leftTrim": 0,
        "discarded": 0
    },
    "Paired_end": {
        "in": 637,
        "out": 635,
        "discarded": 2,
        "Read1": {
            "basepairs_in": 168168,
            "basepairs_out": 167640,
            "leftTrim": 0,
            "rightTrim": 0
        },
        "Read2": {
            "basepairs_in": 177733,
            "basepairs_out": 177175,
            "leftTrim": 0,
            "rightTrim": 0
        }
    }
  }, {
    "Program_details": {
        "program": "hts_SeqScreener",
        "version": "1.3.2",
        "options": {
            "append-stats-file": "/nmspipeline//01-Processing/TRIMMER0091_P80/01-PrimerTrim/39-SMARTindex_LC_primers.log",
            "check-read-2": true,
            "force": false,
            "inverse": false,
            "kmer": 21,
            "notes": "",
            "percentage-hits": 0.01,
            "record": true,
            "seq": "../aberrant_LC.fasta",
            "uncompressed": false
        },
        "screen_info": {
            "screenBP": 96,
            "lookupKmers": 8
        }
    },
    "Fragment": {
        "in": 635,
        "out": 635,
        "basepairs_in": 344815,
        "basepairs_out": 344815
    },
    "Single_end": {
        "in": 0,
        "out": 0,
        "basepairs_in": 0,
        "basepairs_out": 0,
        "hits": 0
    },
    "Paired_end": {
        "in": 635,
        "out": 635,
        "hits": 137,
        "Read1": {
            "basepairs_in": 167640,
            "basepairs_out": 167640
        },
        "Read2": {
            "basepairs_in": 177175,
            "basepairs_out": 177175
        }
    }
  }, {
    "Program_details": {
        "program": "hts_QWindowTrim",
        "version": "1.3.2",
        "options": {
            "append-stats-file": "/nmspipeline//01-Processing/TRIMMER0091_P80/01-PrimerTrim/39-SMARTindex_LC_primers.log",
            "avg-qual-score": 10,
            "force": false,
            "no-left": true,
            "no-right": false,
            "notes": "",
            "qual-offset": 33,
            "uncompressed": false,
            "window-size": 10
        }
    },
    "Fragment": {
        "in": 635,
        "out": 635,
        "basepairs_in": 344815,
        "basepairs_out": 343629
    },
    "Single_end": {
        "in": 0,
        "out": 0,
        "basepairs_in": 0,
        "basepairs_out": 0,
        "rightTrim": 0,
        "leftTrim": 0
    },
    "Paired_end": {
        "in": 635,
        "out": 635,
        "Read1": {
            "basepairs_in": 167640,
            "basepairs_out": 167010,
            "leftTrim": 0,
            "rightTrim": 630
        },
        "Read2": {
            "basepairs_in": 177175,
            "basepairs_out": 176619,
            "leftTrim": 0,
            "rightTrim": 556
        }
    }
  }, {
    "Program_details": {
        "program": "hts_Overlapper",
        "version": "1.3.2",
        "options": {
            "append-stats-file": "/nmspipeline//01-Processing/TRIMMER0091_P80/01-PrimerTrim/39-SMARTindex_LC_primers.log",
            "check-lengths": 20,
            "force": false,
            "force-pairs": false,
            "kmer": 8,
            "kmer-offset": 1,
            "max-mismatch": 100,
            "max-mismatch-errorDensity": 0.25,
            "min-overlap": 8,
            "notes": "",
            "number-of-threads": 1,
            "uncompressed": false
        }
    },
    "Fragment": {
        "in": 635,
        "out": 635,
        "basepairs_in": 343629,
        "basepairs_out": 256142,
        "inserts": {
            "short": 55,
            "medium": 547,
            "long": 33
        },
        "overlap_histogram": [ [12,1], [13,1], [15,3], [25,1], [29,1], [30,1], [34,1], [48,1], [53,1], [55,2], [62,1], [65,2], [67,2], [73,1], [75,1], [81,1], [83,1], [86,1], [89,1], [93,2], [97,3], [98,2], [99,1], [101,1], [112,1], [113,1], [114,1], [116,1], [117,1], [119,1], [123,1], [139,1], [158,2], [159,2], [160,1], [161,1], [162,1], [187,1], [213,1], [219,1], [245,1], [263,1], [264,1], [278,1], [284,1], [297,1], [305,1], [326,1], [333,1], [351,1], [354,1], [360,1], [366,1], [380,1], [393,1], [396,4], [398,6], [399,16], [401,2], [402,1], [405,1], [407,2], [408,1], [409,42], [410,22], [411,12], [412,8], [415,1], [416,1], [417,3], [418,41], [420,6], [421,69], [422,26], [423,20], [424,3], [427,2], [434,1], [436,1], [438,1], [439,154], [440,11], [441,17], [442,16], [443,3], [444,39], [445,3], [470,1] ]
    },
    "Single_end": {
        "in": 0,
        "out": 602,
        "basepairs_in": 0,
        "basepairs_out": 238306
    },
    "Paired_end": {
        "in": 635,
        "out": 33,
        "Read1": {
            "basepairs_in": 167010,
            "basepairs_out": 8648
        },
        "Read2": {
            "basepairs_in": 176619,
            "basepairs_out": 9188
        }
    }
  }, {
    "Program_details": {
        "program": "hts_LengthFilter",
        "version": "1.3.2",
        "options": {
            "append-stats-file": "/nmspipeline//01-Processing/TRIMMER0091_P80/01-PrimerTrim/39-SMARTindex_LC_primers.log",
            "fastq-output": "/nmspipeline//01-Processing/TRIMMER0091_P80/01-PrimerTrim/39-SMARTindex_LC_primers",
            "force": true,
            "max-length": 0,
            "min-length": 385,
            "no-orphans": false,
            "notes": "",
            "stranded": false,
            "uncompressed": false
        }
    },
    "Fragment": {
        "in": 635,
        "out": 537,
        "basepairs_in": 256142,
        "basepairs_out": 229126
    },
    "Single_end": {
        "in": 602,
        "out": 537,
        "basepairs_in": 238306,
        "basepairs_out": 229126,
        "discarded": 65
    },
    "Paired_end": {
        "in": 33,
        "out": 0,
        "discarded": 33,
        "Read1": {
            "basepairs_in": 8648,
            "basepairs_out": 0,
            "discarded": 0
        },
        "Read2": {
            "basepairs_in": 9188,
            "basepairs_out": 0,
            "discarded": 0
        }
    }
  }
]
