[ {
    "Program_details": {
        "program": "hts_Primers",
        "version": "1.3.2",
        "options": {
            "flip": true,
            "float": 0,
            "force": false,
            "keep": false,
            "min_primer_matches": 2,
            "notes": "",
            "primer_end_mismatches": 0,
            "primer_mismatches": 0,
            "primers_3p": "../lc_primers.fasta",
            "primers_5p": "GATTGTAACAGTGGTATCAACGCAGAGTACATGGGG",
            "read1-input": [ "/nmspipeline//01-Processing/TRIMMER0091_P80/00-RawData/TRIMMER_Plate80_S2_L001_R1_001_sub.fastq.gz"],
            "read2-input": [ "/nmspipeline//01-Processing/TRIMMER0091_P80/00-RawData/TRIMMER_Plate80_S2_L001_R2_001_sub.fastq.gz"],
            "stats-file": "/nmspipeline//01-Processing/TRIMMER0091_P80/01-PrimerTrim/40-SMARTindex_LC_primers.log",
            "uncompressed": false
        },
        "primers": [ ["p5primer1","GATTGTAACAGTGGTATCAACGCAGAGTACATGGGG"], ["KaLC.6_REV_LC","GGATACAGTTGGTGCAGCATC"], ["LaLC.R-mIGL","ATCGTACACACCAGTGTGGC"], ["p5primer1","GATTGTAACAGTGGTATCAACGCAGAGTACATGGGG"], ["KaLC.6_REV_LC","GGATACAGTTGGTGCAGCATC"], ["LaLC.R-mIGL","ATCGTACACACCAGTGTGGC"] ]
    },
    "Fragment": {
        "in": 100000,
        "out": 642,
        "basepairs_in": 60000000,
        "basepairs_out": 348611,
        "flipped": 273,
        "primers_counts": [ ["p5primer1","LaLC.R-mIGL",5], ["None","LaLC.R-mIGL",599], ["None","None",47847], ["None","KaLC.6_REV_LC",50293], ["p5primer1","None",619], ["p5primer1","KaLC.6_REV_LC",637] ]
    },
    "Single_end": {
        "in": 0,
        "out": 0,
        "basepairs_in": 0,
        "basepairs_out": 0,
        "primerTrim": 0,
        "primerBpTrim": 0,
        "discarded": 0
    },
    "Paired_end": {
        "in": 100000,
        "out": 642,
        "discarded": 99358,
        "Read1": {
            "basepairs_in": 30000000,
            "basepairs_out": 169488,
            "primerTrim": 642,
            "primerBpTrim": 23112
        },
        "Read2": {
            "basepairs_in": 30000000,
            "basepairs_out": 179123,
            "primerTrim": 642,
            "primerBpTrim": 13477
        }
    }
  }, {
    "Program_details": {
        "program": "hts_NTrimmer",
        "version": "1.3.2",
        "options": {
            "append-stats-file": "/nmspipeline//01-Processing/TRIMMER0091_P80/01-PrimerTrim/40-SMARTindex_LC_primers.log",
            "exclude": true,
            "force": false,
            "notes": "",
            "uncompressed": false
        }
    },
    "Fragment": {
        "in": 642,
        "out": 642,
        "basepairs_in": 348611,
        "basepairs_out": 348611
    },
    "Single_end": {
        "in": 0,
        "out": 0,
        "basepairs_in": 0,
        "basepairs_out": 0,
        "rightTrim": 0,
        "leftTrim": 0,
        "discarded": 0
    },
    "Paired_end": {
        "in": 642,
        "out": 642,
        "discarded": 0,
        "Read1": {
            "basepairs_in": 169488,
            "basepairs_out": 169488,
            "leftTrim": 0,
            "rightTrim": 0
        },
        "Read2": {
            "basepairs_in": 179123,
            "basepairs_out": 179123,
            "leftTrim": 0,
            "rightTrim": 0
        }
    }
  }, {
    "Program_details": {
        "program": "hts_SeqScreener",
        "version": "1.3.2",
        "options": {
            "append-stats-file": "/nmspipeline//01-Processing/TRIMMER0091_P80/01-PrimerTrim/40-SMARTindex_LC_primers.log",
            "check-read-2": true,
            "force": false,
            "inverse": false,
            "kmer": 21,
            "notes": "",
            "percentage-hits": 0.01,
            "record": true,
            "seq": "../aberrant_LC.fasta",
            "uncompressed": false
        },
        "screen_info": {
            "screenBP": 96,
            "lookupKmers": 8
        }
    },
    "Fragment": {
        "in": 642,
        "out": 642,
        "basepairs_in": 348611,
        "basepairs_out": 348611
    },
    "Single_end": {
        "in": 0,
        "out": 0,
        "basepairs_in": 0,
        "basepairs_out": 0,
        "hits": 0
    },
    "Paired_end": {
        "in": 642,
        "out": 642,
        "hits": 140,
        "Read1": {
            "basepairs_in": 169488,
            "basepairs_out": 169488
        },
        "Read2": {
            "basepairs_in": 179123,
            "basepairs_out": 179123
        }
    }
  }, {
    "Program_details": {
        "program": "hts_QWindowTrim",
        "version": "1.3.2",
        "options": {
            "append-stats-file": "/nmspipeline//01-Processing/TRIMMER0091_P80/01-PrimerTrim/40-SMARTindex_LC_primers.log",
            "avg-qual-score": 10,
            "force": false,
            "no-left": true,
            "no-right": false,
            "notes": "",
            "qual-offset": 33,
            "uncompressed": false,
            "window-size": 10
        }
    },
    "Fragment": {
        "in": 642,
        "out": 642,
        "basepairs_in": 348611,
        "basepairs_out": 347590
    },
    "Single_end": {
        "in": 0,
        "out": 0,
        "basepairs_in": 0,
        "basepairs_out": 0,
        "rightTrim": 0,
        "leftTrim": 0
    },
    "Paired_end": {
        "in": 642,
        "out": 642,
        "Read1": {
            "basepairs_in": 169488,
            "basepairs_out": 169092,
            "leftTrim": 0,
            "rightTrim": 396
        },
        "Read2": {
            "basepairs_in": 179123,
            "basepairs_out": 178498,
            "leftTrim": 0,
            "rightTrim": 625
        }
    }
  }, {
    "Program_details": {
        "program": "hts_Overlapper",
        "version": "1.3.2",
        "options": {
            "append-stats-file": "/nmspipeline//01-Processing/TRIMMER0091_P80/01-PrimerTrim/40-SMARTindex_LC_primers.log",
            "check-lengths": 20,
            "force": false,
            "force-pairs": false,
            "kmer": 8,
            "kmer-offset": 1,
            "max-mismatch": 100,
            "max-mismatch-errorDensity": 0.25,
            "min-overlap": 8,
            "notes": "",
            "number-of-threads": 1,
            "uncompressed": false
        }
    },
    "Fragment": {
        "in": 642,
        "out": 642,
        "basepairs_in": 347590,
        "basepairs_out": 265401,
        "inserts": {
            "short": 41,
            "medium": 567,
            "long": 34
        },
        "overlap_histogram": [ [9,1], [17,1], [31,1], [48,1], [49,2], [56,1], [58,1], [60,1], [61,1], [67,1], [71,1], [75,1], [82,1], [91,1], [95,1], [97,1], [113,1], [115,1], [131,1], [141,1], [144,1], [145,1], [149,2], [153,2], [157,2], [159,1], [164,1], [166,2], [178,2], [206,1], [213,1], [228,2], [263,2], [291,2], [308,1], [310,1], [333,1], [334,1], [346,2], [364,1], [374,1], [379,1], [381,2], [382,1], [383,1], [393,3], [395,1], [396,4], [397,2], [398,6], [399,7], [403,1], [410,1], [412,1], [414,1], [416,1], [417,1], [418,40], [419,3], [420,2], [421,16], [422,17], [423,14], [424,1], [425,3], [426,3], [428,4], [429,3], [430,137], [431,18], [432,97], [433,8], [434,58], [435,75], [436,4], [438,2], [439,2], [440,10], [441,1], [444,2], [458,1], [460,1], [527,1] ]
    },
    "Single_end": {
        "in": 0,
        "out": 608,
        "basepairs_in": 0,
        "basepairs_out": 247073
    },
    "Paired_end": {
        "in": 642,
        "out": 34,
        "Read1": {
            "basepairs_in": 169092,
            "basepairs_out": 8905
        },
        "Read2": {
            "basepairs_in": 178498,
            "basepairs_out": 9423
        }
    }
  }, {
    "Program_details": {
        "program": "hts_LengthFilter",
        "version": "1.3.2",
        "options": {
            "append-stats-file": "/nmspipeline//01-Processing/TRIMMER0091_P80/01-PrimerTrim/40-SMARTindex_LC_primers.log",
            "fastq-output": "/nmspipeline//01-Processing/TRIMMER0091_P80/01-PrimerTrim/40-SMARTindex_LC_primers",
            "force": true,
            "max-length": 0,
            "min-length": 385,
            "no-orphans": false,
            "notes": "",
            "stranded": false,
            "uncompressed": false
        }
    },
    "Fragment": {
        "in": 642,
        "out": 552,
        "basepairs_in": 265401,
        "basepairs_out": 236735
    },
    "Single_end": {
        "in": 608,
        "out": 552,
        "basepairs_in": 247073,
        "basepairs_out": 236735,
        "discarded": 56
    },
    "Paired_end": {
        "in": 34,
        "out": 0,
        "discarded": 34,
        "Read1": {
            "basepairs_in": 8905,
            "basepairs_out": 0,
            "discarded": 0
        },
        "Read2": {
            "basepairs_in": 9423,
            "basepairs_out": 0,
            "discarded": 0
        }
    }
  }
]
