[ {
    "Program_details": {
        "program": "hts_Primers",
        "version": "1.3.2",
        "options": {
            "flip": true,
            "float": 0,
            "force": false,
            "keep": false,
            "min_primer_matches": 2,
            "notes": "",
            "primer_end_mismatches": 0,
            "primer_mismatches": 0,
            "primers_3p": "../hc_primers.fasta",
            "primers_5p": "GATTGTAACAGTGGTATCAACGCAGAGTACATGGGG",
            "read1-input": [ "/nmspipeline//01-Processing/TRIMMER0091_P80/00-RawData/TRIMMER_Plate80_S2_L001_R1_001_sub.fastq.gz"],
            "read2-input": [ "/nmspipeline//01-Processing/TRIMMER0091_P80/00-RawData/TRIMMER_Plate80_S2_L001_R2_001_sub.fastq.gz"],
            "stats-file": "/nmspipeline//01-Processing/TRIMMER0091_P80/01-PrimerTrim/40-SMARTindex_HC_primers.log",
            "uncompressed": false
        },
        "primers": [ ["p5primer1","GATTGTAACAGTGGTATCAACGCAGAGTACATGGGG"], ["Ga3.10for_mIGH3","GGATAGACAGATGGGGCTGTTGTTGT"], ["Ga12HC.10_REV_CHI","ATAGACAGATGGGGGTGTCGTTTTGG"], ["p5primer1","GATTGTAACAGTGGTATCAACGCAGAGTACATGGGG"], ["Ga3.10for_mIGH3","GGATAGACAGATGGGGCTGTTGTTGT"], ["Ga12HC.10_REV_CHI","ATAGACAGATGGGGGTGTCGTTTTGG"] ]
    },
    "Fragment": {
        "in": 100000,
        "out": 431,
        "basepairs_in": 60000000,
        "basepairs_out": 231878,
        "flipped": 191,
        "primers_counts": [ ["p5primer1","Ga12HC.10_REV_CHI",431], ["None","Ga3.10for_mIGH3",1142], ["None","Ga12HC.10_REV_CHI",27716], ["None","None",69881], ["p5primer1","None",830] ]
    },
    "Single_end": {
        "in": 0,
        "out": 0,
        "basepairs_in": 0,
        "basepairs_out": 0,
        "primerTrim": 0,
        "primerBpTrim": 0,
        "discarded": 0
    },
    "Paired_end": {
        "in": 100000,
        "out": 431,
        "discarded": 99569,
        "Read1": {
            "basepairs_in": 30000000,
            "basepairs_out": 113784,
            "primerTrim": 431,
            "primerBpTrim": 15516
        },
        "Read2": {
            "basepairs_in": 30000000,
            "basepairs_out": 118094,
            "primerTrim": 431,
            "primerBpTrim": 11206
        }
    }
  }, {
    "Program_details": {
        "program": "hts_NTrimmer",
        "version": "1.3.2",
        "options": {
            "append-stats-file": "/nmspipeline//01-Processing/TRIMMER0091_P80/01-PrimerTrim/40-SMARTindex_HC_primers.log",
            "exclude": true,
            "force": false,
            "notes": "",
            "uncompressed": false
        }
    },
    "Fragment": {
        "in": 431,
        "out": 431,
        "basepairs_in": 231878,
        "basepairs_out": 231878
    },
    "Single_end": {
        "in": 0,
        "out": 0,
        "basepairs_in": 0,
        "basepairs_out": 0,
        "rightTrim": 0,
        "leftTrim": 0,
        "discarded": 0
    },
    "Paired_end": {
        "in": 431,
        "out": 431,
        "discarded": 0,
        "Read1": {
            "basepairs_in": 113784,
            "basepairs_out": 113784,
            "leftTrim": 0,
            "rightTrim": 0
        },
        "Read2": {
            "basepairs_in": 118094,
            "basepairs_out": 118094,
            "leftTrim": 0,
            "rightTrim": 0
        }
    }
  }, {
    "Program_details": {
        "program": "hts_SeqScreener",
        "version": "1.3.2",
        "options": {
            "append-stats-file": "/nmspipeline//01-Processing/TRIMMER0091_P80/01-PrimerTrim/40-SMARTindex_HC_primers.log",
            "check-read-2": true,
            "force": false,
            "inverse": false,
            "kmer": 21,
            "notes": "",
            "percentage-hits": 0.01,
            "record": true,
            "seq": "../aberrant_LC.fasta",
            "uncompressed": false
        },
        "screen_info": {
            "screenBP": 96,
            "lookupKmers": 8
        }
    },
    "Fragment": {
        "in": 431,
        "out": 431,
        "basepairs_in": 231878,
        "basepairs_out": 231878
    },
    "Single_end": {
        "in": 0,
        "out": 0,
        "basepairs_in": 0,
        "basepairs_out": 0,
        "hits": 0
    },
    "Paired_end": {
        "in": 431,
        "out": 431,
        "hits": 0,
        "Read1": {
            "basepairs_in": 113784,
            "basepairs_out": 113784
        },
        "Read2": {
            "basepairs_in": 118094,
            "basepairs_out": 118094
        }
    }
  }, {
    "Program_details": {
        "program": "hts_QWindowTrim",
        "version": "1.3.2",
        "options": {
            "append-stats-file": "/nmspipeline//01-Processing/TRIMMER0091_P80/01-PrimerTrim/40-SMARTindex_HC_primers.log",
            "avg-qual-score": 10,
            "force": false,
            "no-left": true,
            "no-right": false,
            "notes": "",
            "qual-offset": 33,
            "uncompressed": false,
            "window-size": 10
        }
    },
    "Fragment": {
        "in": 431,
        "out": 431,
        "basepairs_in": 231878,
        "basepairs_out": 230887
    },
    "Single_end": {
        "in": 0,
        "out": 0,
        "basepairs_in": 0,
        "basepairs_out": 0,
        "rightTrim": 0,
        "leftTrim": 0
    },
    "Paired_end": {
        "in": 431,
        "out": 431,
        "Read1": {
            "basepairs_in": 113784,
            "basepairs_out": 113378,
            "leftTrim": 0,
            "rightTrim": 406
        },
        "Read2": {
            "basepairs_in": 118094,
            "basepairs_out": 117509,
            "leftTrim": 0,
            "rightTrim": 585
        }
    }
  }, {
    "Program_details": {
        "program": "hts_Overlapper",
        "version": "1.3.2",
        "options": {
            "append-stats-file": "/nmspipeline//01-Processing/TRIMMER0091_P80/01-PrimerTrim/40-SMARTindex_HC_primers.log",
            "check-lengths": 20,
            "force": false,
            "force-pairs": false,
            "kmer": 8,
            "kmer-offset": 1,
            "max-mismatch": 100,
            "max-mismatch-errorDensity": 0.25,
            "min-overlap": 8,
            "notes": "",
            "number-of-threads": 1,
            "uncompressed": false
        }
    },
    "Fragment": {
        "in": 431,
        "out": 431,
        "basepairs_in": 230887,
        "basepairs_out": 187523,
        "inserts": {
            "short": 34,
            "medium": 366,
            "long": 31
        },
        "overlap_histogram": [ [18,1], [29,1], [33,1], [39,3], [40,4], [56,1], [59,1], [75,1], [87,1], [94,2], [109,1], [130,1], [147,1], [150,1], [151,1], [157,1], [177,1], [186,2], [216,1], [221,2], [224,1], [226,1], [228,1], [241,1], [249,1], [261,1], [275,2], [276,1], [284,1], [287,1], [316,1], [351,1], [367,1], [382,1], [401,1], [406,3], [408,1], [418,1], [428,4], [431,6], [434,1], [437,2], [439,1], [444,2], [449,9], [452,2], [453,1], [454,1], [456,1], [457,30], [458,2], [459,20], [460,115], [461,13], [462,16], [463,17], [464,71], [465,30], [466,4], [467,1], [471,1], [476,1] ]
    },
    "Single_end": {
        "in": 0,
        "out": 400,
        "basepairs_in": 0,
        "basepairs_out": 170935
    },
    "Paired_end": {
        "in": 431,
        "out": 31,
        "Read1": {
            "basepairs_in": 113378,
            "basepairs_out": 8141
        },
        "Read2": {
            "basepairs_in": 117509,
            "basepairs_out": 8447
        }
    }
  }, {
    "Program_details": {
        "program": "hts_LengthFilter",
        "version": "1.3.2",
        "options": {
            "append-stats-file": "/nmspipeline//01-Processing/TRIMMER0091_P80/01-PrimerTrim/40-SMARTindex_HC_primers.log",
            "fastq-output": "/nmspipeline//01-Processing/TRIMMER0091_P80/01-PrimerTrim/40-SMARTindex_HC_primers",
            "force": true,
            "max-length": 0,
            "min-length": 385,
            "no-orphans": false,
            "notes": "",
            "stranded": false,
            "uncompressed": false
        }
    },
    "Fragment": {
        "in": 431,
        "out": 357,
        "basepairs_in": 187523,
        "basepairs_out": 163820
    },
    "Single_end": {
        "in": 400,
        "out": 357,
        "basepairs_in": 170935,
        "basepairs_out": 163820,
        "discarded": 43
    },
    "Paired_end": {
        "in": 31,
        "out": 0,
        "discarded": 31,
        "Read1": {
            "basepairs_in": 8141,
            "basepairs_out": 0,
            "discarded": 0
        },
        "Read2": {
            "basepairs_in": 8447,
            "basepairs_out": 0,
            "discarded": 0
        }
    }
  }
]
