[ {
    "Program_details": {
        "program": "hts_Primers",
        "version": "1.3.2",
        "options": {
            "flip": true,
            "float": 0,
            "force": false,
            "keep": false,
            "min_primer_matches": 2,
            "notes": "",
            "primer_end_mismatches": 0,
            "primer_mismatches": 0,
            "primers_3p": "../lc_primers.fasta",
            "primers_5p": "CTCTCGATCAGTGGTATCAACGCAGAGTACATGGGG",
            "read1-input": [ "/nmspipeline//01-Processing/TRIMMER0091_P80/00-RawData/TRIMMER_Plate80_S2_L001_R1_001_sub.fastq.gz"],
            "read2-input": [ "/nmspipeline//01-Processing/TRIMMER0091_P80/00-RawData/TRIMMER_Plate80_S2_L001_R2_001_sub.fastq.gz"],
            "stats-file": "/nmspipeline//01-Processing/TRIMMER0091_P80/01-PrimerTrim/41-SMARTindex_LC_primers.log",
            "uncompressed": false
        },
        "primers": [ ["p5primer1","CTCTCGATCAGTGGTATCAACGCAGAGTACATGGGG"], ["KaLC.6_REV_LC","GGATACAGTTGGTGCAGCATC"], ["LaLC.R-mIGL","ATCGTACACACCAGTGTGGC"], ["p5primer1","CTCTCGATCAGTGGTATCAACGCAGAGTACATGGGG"], ["KaLC.6_REV_LC","GGATACAGTTGGTGCAGCATC"], ["LaLC.R-mIGL","ATCGTACACACCAGTGTGGC"] ]
    },
    "Fragment": {
        "in": 100000,
        "out": 81,
        "basepairs_in": 60000000,
        "basepairs_out": 43983,
        "flipped": 35,
        "primers_counts": [ ["p5primer1","None",63], ["p5primer1","KaLC.6_REV_LC",81], ["None","LaLC.R-mIGL",604], ["None","None",48403], ["None","KaLC.6_REV_LC",50849] ]
    },
    "Single_end": {
        "in": 0,
        "out": 0,
        "basepairs_in": 0,
        "basepairs_out": 0,
        "primerTrim": 0,
        "primerBpTrim": 0,
        "discarded": 0
    },
    "Paired_end": {
        "in": 100000,
        "out": 81,
        "discarded": 99919,
        "Read1": {
            "basepairs_in": 30000000,
            "basepairs_out": 21384,
            "primerTrim": 81,
            "primerBpTrim": 2916
        },
        "Read2": {
            "basepairs_in": 30000000,
            "basepairs_out": 22599,
            "primerTrim": 81,
            "primerBpTrim": 1701
        }
    }
  }, {
    "Program_details": {
        "program": "hts_NTrimmer",
        "version": "1.3.2",
        "options": {
            "append-stats-file": "/nmspipeline//01-Processing/TRIMMER0091_P80/01-PrimerTrim/41-SMARTindex_LC_primers.log",
            "exclude": true,
            "force": false,
            "notes": "",
            "uncompressed": false
        }
    },
    "Fragment": {
        "in": 81,
        "out": 81,
        "basepairs_in": 43983,
        "basepairs_out": 43983
    },
    "Single_end": {
        "in": 0,
        "out": 0,
        "basepairs_in": 0,
        "basepairs_out": 0,
        "rightTrim": 0,
        "leftTrim": 0,
        "discarded": 0
    },
    "Paired_end": {
        "in": 81,
        "out": 81,
        "discarded": 0,
        "Read1": {
            "basepairs_in": 21384,
            "basepairs_out": 21384,
            "leftTrim": 0,
            "rightTrim": 0
        },
        "Read2": {
            "basepairs_in": 22599,
            "basepairs_out": 22599,
            "leftTrim": 0,
            "rightTrim": 0
        }
    }
  }, {
    "Program_details": {
        "program": "hts_SeqScreener",
        "version": "1.3.2",
        "options": {
            "append-stats-file": "/nmspipeline//01-Processing/TRIMMER0091_P80/01-PrimerTrim/41-SMARTindex_LC_primers.log",
            "check-read-2": true,
            "force": false,
            "inverse": false,
            "kmer": 21,
            "notes": "",
            "percentage-hits": 0.01,
            "record": true,
            "seq": "../aberrant_LC.fasta",
            "uncompressed": false
        },
        "screen_info": {
            "screenBP": 96,
            "lookupKmers": 8
        }
    },
    "Fragment": {
        "in": 81,
        "out": 81,
        "basepairs_in": 43983,
        "basepairs_out": 43983
    },
    "Single_end": {
        "in": 0,
        "out": 0,
        "basepairs_in": 0,
        "basepairs_out": 0,
        "hits": 0
    },
    "Paired_end": {
        "in": 81,
        "out": 81,
        "hits": 16,
        "Read1": {
            "basepairs_in": 21384,
            "basepairs_out": 21384
        },
        "Read2": {
            "basepairs_in": 22599,
            "basepairs_out": 22599
        }
    }
  }, {
    "Program_details": {
        "program": "hts_QWindowTrim",
        "version": "1.3.2",
        "options": {
            "append-stats-file": "/nmspipeline//01-Processing/TRIMMER0091_P80/01-PrimerTrim/41-SMARTindex_LC_primers.log",
            "avg-qual-score": 10,
            "force": false,
            "no-left": true,
            "no-right": false,
            "notes": "",
            "qual-offset": 33,
            "uncompressed": false,
            "window-size": 10
        }
    },
    "Fragment": {
        "in": 81,
        "out": 81,
        "basepairs_in": 43983,
        "basepairs_out": 43858
    },
    "Single_end": {
        "in": 0,
        "out": 0,
        "basepairs_in": 0,
        "basepairs_out": 0,
        "rightTrim": 0,
        "leftTrim": 0
    },
    "Paired_end": {
        "in": 81,
        "out": 81,
        "Read1": {
            "basepairs_in": 21384,
            "basepairs_out": 21334,
            "leftTrim": 0,
            "rightTrim": 50
        },
        "Read2": {
            "basepairs_in": 22599,
            "basepairs_out": 22524,
            "leftTrim": 0,
            "rightTrim": 75
        }
    }
  }, {
    "Program_details": {
        "program": "hts_Overlapper",
        "version": "1.3.2",
        "options": {
            "append-stats-file": "/nmspipeline//01-Processing/TRIMMER0091_P80/01-PrimerTrim/41-SMARTindex_LC_primers.log",
            "check-lengths": 20,
            "force": false,
            "force-pairs": false,
            "kmer": 8,
            "kmer-offset": 1,
            "max-mismatch": 100,
            "max-mismatch-errorDensity": 0.25,
            "min-overlap": 8,
            "notes": "",
            "number-of-threads": 1,
            "uncompressed": false
        }
    },
    "Fragment": {
        "in": 81,
        "out": 81,
        "basepairs_in": 43858,
        "basepairs_out": 34989,
        "inserts": {
            "short": 2,
            "medium": 74,
            "long": 5
        },
        "overlap_histogram": [ [29,1], [247,1], [330,1], [341,1], [381,2], [382,1], [396,1], [398,1], [399,1], [418,6], [420,1], [421,1], [423,2], [424,1], [439,1], [440,2], [441,5], [442,6], [444,30], [445,11] ]
    },
    "Single_end": {
        "in": 0,
        "out": 76,
        "basepairs_in": 0,
        "basepairs_out": 32294
    },
    "Paired_end": {
        "in": 81,
        "out": 5,
        "Read1": {
            "basepairs_in": 21334,
            "basepairs_out": 1305
        },
        "Read2": {
            "basepairs_in": 22524,
            "basepairs_out": 1390
        }
    }
  }, {
    "Program_details": {
        "program": "hts_LengthFilter",
        "version": "1.3.2",
        "options": {
            "append-stats-file": "/nmspipeline//01-Processing/TRIMMER0091_P80/01-PrimerTrim/41-SMARTindex_LC_primers.log",
            "fastq-output": "/nmspipeline//01-Processing/TRIMMER0091_P80/01-PrimerTrim/41-SMARTindex_LC_primers",
            "force": true,
            "max-length": 0,
            "min-length": 385,
            "no-orphans": false,
            "notes": "",
            "stranded": false,
            "uncompressed": false
        }
    },
    "Fragment": {
        "in": 81,
        "out": 69,
        "basepairs_in": 34989,
        "basepairs_out": 30203
    },
    "Single_end": {
        "in": 76,
        "out": 69,
        "basepairs_in": 32294,
        "basepairs_out": 30203,
        "discarded": 7
    },
    "Paired_end": {
        "in": 5,
        "out": 0,
        "discarded": 5,
        "Read1": {
            "basepairs_in": 1305,
            "basepairs_out": 0,
            "discarded": 0
        },
        "Read2": {
            "basepairs_in": 1390,
            "basepairs_out": 0,
            "discarded": 0
        }
    }
  }
]
