[ {
    "Program_details": {
        "program": "hts_Primers",
        "version": "1.3.2",
        "options": {
            "flip": true,
            "float": 0,
            "force": false,
            "keep": false,
            "min_primer_matches": 2,
            "notes": "",
            "primer_end_mismatches": 0,
            "primer_mismatches": 0,
            "primers_3p": "../hc_primers.fasta",
            "primers_5p": "CTCTCGATCAGTGGTATCAACGCAGAGTACATGGGG",
            "read1-input": [ "/nmspipeline//01-Processing/TRIMMER0091_P80/00-RawData/TRIMMER_Plate80_S2_L001_R1_001_sub.fastq.gz"],
            "read2-input": [ "/nmspipeline//01-Processing/TRIMMER0091_P80/00-RawData/TRIMMER_Plate80_S2_L001_R2_001_sub.fastq.gz"],
            "stats-file": "/nmspipeline//01-Processing/TRIMMER0091_P80/01-PrimerTrim/41-SMARTindex_HC_primers.log",
            "uncompressed": false
        },
        "primers": [ ["p5primer1","CTCTCGATCAGTGGTATCAACGCAGAGTACATGGGG"], ["Ga3.10for_mIGH3","GGATAGACAGATGGGGCTGTTGTTGT"], ["Ga12HC.10_REV_CHI","ATAGACAGATGGGGGTGTCGTTTTGG"], ["p5primer1","CTCTCGATCAGTGGTATCAACGCAGAGTACATGGGG"], ["Ga3.10for_mIGH3","GGATAGACAGATGGGGCTGTTGTTGT"], ["Ga12HC.10_REV_CHI","ATAGACAGATGGGGGTGTCGTTTTGG"] ]
    },
    "Fragment": {
        "in": 100000,
        "out": 30,
        "basepairs_in": 60000000,
        "basepairs_out": 16140,
        "flipped": 14,
        "primers_counts": [ ["p5primer1","Ga12HC.10_REV_CHI",29], ["p5primer1","None",114], ["p5primer1","Ga3.10for_mIGH3",1], ["None","Ga3.10for_mIGH3",1141], ["None","Ga12HC.10_REV_CHI",28118], ["None","None",70597] ]
    },
    "Single_end": {
        "in": 0,
        "out": 0,
        "basepairs_in": 0,
        "basepairs_out": 0,
        "primerTrim": 0,
        "primerBpTrim": 0,
        "discarded": 0
    },
    "Paired_end": {
        "in": 100000,
        "out": 30,
        "discarded": 99970,
        "Read1": {
            "basepairs_in": 30000000,
            "basepairs_out": 7920,
            "primerTrim": 30,
            "primerBpTrim": 1080
        },
        "Read2": {
            "basepairs_in": 30000000,
            "basepairs_out": 8220,
            "primerTrim": 30,
            "primerBpTrim": 780
        }
    }
  }, {
    "Program_details": {
        "program": "hts_NTrimmer",
        "version": "1.3.2",
        "options": {
            "append-stats-file": "/nmspipeline//01-Processing/TRIMMER0091_P80/01-PrimerTrim/41-SMARTindex_HC_primers.log",
            "exclude": true,
            "force": false,
            "notes": "",
            "uncompressed": false
        }
    },
    "Fragment": {
        "in": 30,
        "out": 30,
        "basepairs_in": 16140,
        "basepairs_out": 16140
    },
    "Single_end": {
        "in": 0,
        "out": 0,
        "basepairs_in": 0,
        "basepairs_out": 0,
        "rightTrim": 0,
        "leftTrim": 0,
        "discarded": 0
    },
    "Paired_end": {
        "in": 30,
        "out": 30,
        "discarded": 0,
        "Read1": {
            "basepairs_in": 7920,
            "basepairs_out": 7920,
            "leftTrim": 0,
            "rightTrim": 0
        },
        "Read2": {
            "basepairs_in": 8220,
            "basepairs_out": 8220,
            "leftTrim": 0,
            "rightTrim": 0
        }
    }
  }, {
    "Program_details": {
        "program": "hts_SeqScreener",
        "version": "1.3.2",
        "options": {
            "append-stats-file": "/nmspipeline//01-Processing/TRIMMER0091_P80/01-PrimerTrim/41-SMARTindex_HC_primers.log",
            "check-read-2": true,
            "force": false,
            "inverse": false,
            "kmer": 21,
            "notes": "",
            "percentage-hits": 0.01,
            "record": true,
            "seq": "../aberrant_LC.fasta",
            "uncompressed": false
        },
        "screen_info": {
            "screenBP": 96,
            "lookupKmers": 8
        }
    },
    "Fragment": {
        "in": 30,
        "out": 30,
        "basepairs_in": 16140,
        "basepairs_out": 16140
    },
    "Single_end": {
        "in": 0,
        "out": 0,
        "basepairs_in": 0,
        "basepairs_out": 0,
        "hits": 0
    },
    "Paired_end": {
        "in": 30,
        "out": 30,
        "hits": 0,
        "Read1": {
            "basepairs_in": 7920,
            "basepairs_out": 7920
        },
        "Read2": {
            "basepairs_in": 8220,
            "basepairs_out": 8220
        }
    }
  }, {
    "Program_details": {
        "program": "hts_QWindowTrim",
        "version": "1.3.2",
        "options": {
            "append-stats-file": "/nmspipeline//01-Processing/TRIMMER0091_P80/01-PrimerTrim/41-SMARTindex_HC_primers.log",
            "avg-qual-score": 10,
            "force": false,
            "no-left": true,
            "no-right": false,
            "notes": "",
            "qual-offset": 33,
            "uncompressed": false,
            "window-size": 10
        }
    },
    "Fragment": {
        "in": 30,
        "out": 30,
        "basepairs_in": 16140,
        "basepairs_out": 16079
    },
    "Single_end": {
        "in": 0,
        "out": 0,
        "basepairs_in": 0,
        "basepairs_out": 0,
        "rightTrim": 0,
        "leftTrim": 0
    },
    "Paired_end": {
        "in": 30,
        "out": 30,
        "Read1": {
            "basepairs_in": 7920,
            "basepairs_out": 7899,
            "leftTrim": 0,
            "rightTrim": 21
        },
        "Read2": {
            "basepairs_in": 8220,
            "basepairs_out": 8180,
            "leftTrim": 0,
            "rightTrim": 40
        }
    }
  }, {
    "Program_details": {
        "program": "hts_Overlapper",
        "version": "1.3.2",
        "options": {
            "append-stats-file": "/nmspipeline//01-Processing/TRIMMER0091_P80/01-PrimerTrim/41-SMARTindex_HC_primers.log",
            "check-lengths": 20,
            "force": false,
            "force-pairs": false,
            "kmer": 8,
            "kmer-offset": 1,
            "max-mismatch": 100,
            "max-mismatch-errorDensity": 0.25,
            "min-overlap": 8,
            "notes": "",
            "number-of-threads": 1,
            "uncompressed": false
        }
    },
    "Fragment": {
        "in": 30,
        "out": 30,
        "basepairs_in": 16079,
        "basepairs_out": 12737,
        "inserts": {
            "short": 3,
            "medium": 24,
            "long": 3
        },
        "overlap_histogram": [ [82,1], [95,1], [198,1], [295,1], [402,1], [432,1], [454,1], [457,10], [458,2], [460,1], [461,6], [462,1] ]
    },
    "Single_end": {
        "in": 0,
        "out": 27,
        "basepairs_in": 0,
        "basepairs_out": 11132
    },
    "Paired_end": {
        "in": 30,
        "out": 3,
        "Read1": {
            "basepairs_in": 7899,
            "basepairs_out": 786
        },
        "Read2": {
            "basepairs_in": 8180,
            "basepairs_out": 819
        }
    }
  }, {
    "Program_details": {
        "program": "hts_LengthFilter",
        "version": "1.3.2",
        "options": {
            "append-stats-file": "/nmspipeline//01-Processing/TRIMMER0091_P80/01-PrimerTrim/41-SMARTindex_HC_primers.log",
            "fastq-output": "/nmspipeline//01-Processing/TRIMMER0091_P80/01-PrimerTrim/41-SMARTindex_HC_primers",
            "force": true,
            "max-length": 0,
            "min-length": 385,
            "no-orphans": false,
            "notes": "",
            "stranded": false,
            "uncompressed": false
        }
    },
    "Fragment": {
        "in": 30,
        "out": 23,
        "basepairs_in": 12737,
        "basepairs_out": 10462
    },
    "Single_end": {
        "in": 27,
        "out": 23,
        "basepairs_in": 11132,
        "basepairs_out": 10462,
        "discarded": 4
    },
    "Paired_end": {
        "in": 3,
        "out": 0,
        "discarded": 3,
        "Read1": {
            "basepairs_in": 786,
            "basepairs_out": 0,
            "discarded": 0
        },
        "Read2": {
            "basepairs_in": 819,
            "basepairs_out": 0,
            "discarded": 0
        }
    }
  }
]
