[ {
    "Program_details": {
        "program": "hts_Primers",
        "version": "1.3.2",
        "options": {
            "flip": true,
            "float": 0,
            "force": false,
            "keep": false,
            "min_primer_matches": 2,
            "notes": "",
            "primer_end_mismatches": 0,
            "primer_mismatches": 0,
            "primers_3p": "../lc_primers.fasta",
            "primers_5p": "TGACACATCAGTGGTATCAACGCAGAGTACATGGGG",
            "read1-input": [ "/nmspipeline//01-Processing/TRIMMER0091_P80/00-RawData/TRIMMER_Plate80_S2_L001_R1_001_sub.fastq.gz"],
            "read2-input": [ "/nmspipeline//01-Processing/TRIMMER0091_P80/00-RawData/TRIMMER_Plate80_S2_L001_R2_001_sub.fastq.gz"],
            "stats-file": "/nmspipeline//01-Processing/TRIMMER0091_P80/01-PrimerTrim/42-SMARTindex_LC_primers.log",
            "uncompressed": false
        },
        "primers": [ ["p5primer1","TGACACATCAGTGGTATCAACGCAGAGTACATGGGG"], ["KaLC.6_REV_LC","GGATACAGTTGGTGCAGCATC"], ["LaLC.R-mIGL","ATCGTACACACCAGTGTGGC"], ["p5primer1","TGACACATCAGTGGTATCAACGCAGAGTACATGGGG"], ["KaLC.6_REV_LC","GGATACAGTTGGTGCAGCATC"], ["LaLC.R-mIGL","ATCGTACACACCAGTGTGGC"] ]
    },
    "Fragment": {
        "in": 100000,
        "out": 414,
        "basepairs_in": 60000000,
        "basepairs_out": 224808,
        "flipped": 159,
        "primers_counts": [ ["p5primer1","LaLC.R-mIGL",6], ["None","LaLC.R-mIGL",598], ["p5primer1","KaLC.6_REV_LC",408], ["p5primer1","None",555], ["None","None",47911], ["None","KaLC.6_REV_LC",50522] ]
    },
    "Single_end": {
        "in": 0,
        "out": 0,
        "basepairs_in": 0,
        "basepairs_out": 0,
        "primerTrim": 0,
        "primerBpTrim": 0,
        "discarded": 0
    },
    "Paired_end": {
        "in": 100000,
        "out": 414,
        "discarded": 99586,
        "Read1": {
            "basepairs_in": 30000000,
            "basepairs_out": 109296,
            "primerTrim": 414,
            "primerBpTrim": 14904
        },
        "Read2": {
            "basepairs_in": 30000000,
            "basepairs_out": 115512,
            "primerTrim": 414,
            "primerBpTrim": 8688
        }
    }
  }, {
    "Program_details": {
        "program": "hts_NTrimmer",
        "version": "1.3.2",
        "options": {
            "append-stats-file": "/nmspipeline//01-Processing/TRIMMER0091_P80/01-PrimerTrim/42-SMARTindex_LC_primers.log",
            "exclude": true,
            "force": false,
            "notes": "",
            "uncompressed": false
        }
    },
    "Fragment": {
        "in": 414,
        "out": 414,
        "basepairs_in": 224808,
        "basepairs_out": 224808
    },
    "Single_end": {
        "in": 0,
        "out": 0,
        "basepairs_in": 0,
        "basepairs_out": 0,
        "rightTrim": 0,
        "leftTrim": 0,
        "discarded": 0
    },
    "Paired_end": {
        "in": 414,
        "out": 414,
        "discarded": 0,
        "Read1": {
            "basepairs_in": 109296,
            "basepairs_out": 109296,
            "leftTrim": 0,
            "rightTrim": 0
        },
        "Read2": {
            "basepairs_in": 115512,
            "basepairs_out": 115512,
            "leftTrim": 0,
            "rightTrim": 0
        }
    }
  }, {
    "Program_details": {
        "program": "hts_SeqScreener",
        "version": "1.3.2",
        "options": {
            "append-stats-file": "/nmspipeline//01-Processing/TRIMMER0091_P80/01-PrimerTrim/42-SMARTindex_LC_primers.log",
            "check-read-2": true,
            "force": false,
            "inverse": false,
            "kmer": 21,
            "notes": "",
            "percentage-hits": 0.01,
            "record": true,
            "seq": "../aberrant_LC.fasta",
            "uncompressed": false
        },
        "screen_info": {
            "screenBP": 96,
            "lookupKmers": 8
        }
    },
    "Fragment": {
        "in": 414,
        "out": 414,
        "basepairs_in": 224808,
        "basepairs_out": 224808
    },
    "Single_end": {
        "in": 0,
        "out": 0,
        "basepairs_in": 0,
        "basepairs_out": 0,
        "hits": 0
    },
    "Paired_end": {
        "in": 414,
        "out": 414,
        "hits": 41,
        "Read1": {
            "basepairs_in": 109296,
            "basepairs_out": 109296
        },
        "Read2": {
            "basepairs_in": 115512,
            "basepairs_out": 115512
        }
    }
  }, {
    "Program_details": {
        "program": "hts_QWindowTrim",
        "version": "1.3.2",
        "options": {
            "append-stats-file": "/nmspipeline//01-Processing/TRIMMER0091_P80/01-PrimerTrim/42-SMARTindex_LC_primers.log",
            "avg-qual-score": 10,
            "force": false,
            "no-left": true,
            "no-right": false,
            "notes": "",
            "qual-offset": 33,
            "uncompressed": false,
            "window-size": 10
        }
    },
    "Fragment": {
        "in": 414,
        "out": 414,
        "basepairs_in": 224808,
        "basepairs_out": 223907
    },
    "Single_end": {
        "in": 0,
        "out": 0,
        "basepairs_in": 0,
        "basepairs_out": 0,
        "rightTrim": 0,
        "leftTrim": 0
    },
    "Paired_end": {
        "in": 414,
        "out": 414,
        "Read1": {
            "basepairs_in": 109296,
            "basepairs_out": 109071,
            "leftTrim": 0,
            "rightTrim": 225
        },
        "Read2": {
            "basepairs_in": 115512,
            "basepairs_out": 114836,
            "leftTrim": 0,
            "rightTrim": 676
        }
    }
  }, {
    "Program_details": {
        "program": "hts_Overlapper",
        "version": "1.3.2",
        "options": {
            "append-stats-file": "/nmspipeline//01-Processing/TRIMMER0091_P80/01-PrimerTrim/42-SMARTindex_LC_primers.log",
            "check-lengths": 20,
            "force": false,
            "force-pairs": false,
            "kmer": 8,
            "kmer-offset": 1,
            "max-mismatch": 100,
            "max-mismatch-errorDensity": 0.25,
            "min-overlap": 8,
            "notes": "",
            "number-of-threads": 1,
            "uncompressed": false
        }
    },
    "Fragment": {
        "in": 414,
        "out": 414,
        "basepairs_in": 223907,
        "basepairs_out": 167739,
        "inserts": {
            "short": 32,
            "medium": 365,
            "long": 17
        },
        "overlap_histogram": [ [15,1], [26,1], [29,1], [34,1], [49,1], [62,1], [63,1], [71,1], [75,1], [79,1], [92,1], [113,1], [121,1], [122,2], [127,1], [128,1], [133,1], [136,1], [154,1], [166,1], [167,1], [169,1], [172,2], [180,1], [183,1], [189,1], [194,1], [222,1], [250,1], [269,1], [290,1], [298,1], [324,1], [332,1], [337,1], [348,1], [350,1], [352,1], [356,1], [360,1], [368,1], [374,2], [379,1], [381,1], [382,1], [385,1], [386,1], [397,2], [398,2], [399,2], [400,1], [401,1], [403,3], [404,16], [409,2], [410,1], [411,1], [413,1], [414,1], [415,8], [416,1], [417,2], [418,17], [419,1], [421,3], [422,7], [423,6], [424,1], [427,1], [428,2], [429,192], [430,18], [431,2], [432,24], [433,5], [434,1], [439,1], [440,2], [441,1], [442,2], [443,1], [445,4], [448,1], [450,6], [453,1], [460,1], [463,1], [469,1], [471,1] ]
    },
    "Single_end": {
        "in": 0,
        "out": 397,
        "basepairs_in": 0,
        "basepairs_out": 158613
    },
    "Paired_end": {
        "in": 414,
        "out": 17,
        "Read1": {
            "basepairs_in": 109071,
            "basepairs_out": 4447
        },
        "Read2": {
            "basepairs_in": 114836,
            "basepairs_out": 4679
        }
    }
  }, {
    "Program_details": {
        "program": "hts_LengthFilter",
        "version": "1.3.2",
        "options": {
            "append-stats-file": "/nmspipeline//01-Processing/TRIMMER0091_P80/01-PrimerTrim/42-SMARTindex_LC_primers.log",
            "fastq-output": "/nmspipeline//01-Processing/TRIMMER0091_P80/01-PrimerTrim/42-SMARTindex_LC_primers",
            "force": true,
            "max-length": 0,
            "min-length": 385,
            "no-orphans": false,
            "notes": "",
            "stranded": false,
            "uncompressed": false
        }
    },
    "Fragment": {
        "in": 414,
        "out": 349,
        "basepairs_in": 167739,
        "basepairs_out": 148924
    },
    "Single_end": {
        "in": 397,
        "out": 349,
        "basepairs_in": 158613,
        "basepairs_out": 148924,
        "discarded": 48
    },
    "Paired_end": {
        "in": 17,
        "out": 0,
        "discarded": 17,
        "Read1": {
            "basepairs_in": 4447,
            "basepairs_out": 0,
            "discarded": 0
        },
        "Read2": {
            "basepairs_in": 4679,
            "basepairs_out": 0,
            "discarded": 0
        }
    }
  }
]
