[ {
    "Program_details": {
        "program": "hts_Primers",
        "version": "1.3.2",
        "options": {
            "flip": true,
            "float": 0,
            "force": false,
            "keep": false,
            "min_primer_matches": 2,
            "notes": "",
            "primer_end_mismatches": 0,
            "primer_mismatches": 0,
            "primers_3p": "../hc_primers.fasta",
            "primers_5p": "TGACACATCAGTGGTATCAACGCAGAGTACATGGGG",
            "read1-input": [ "/nmspipeline//01-Processing/TRIMMER0091_P80/00-RawData/TRIMMER_Plate80_S2_L001_R1_001_sub.fastq.gz"],
            "read2-input": [ "/nmspipeline//01-Processing/TRIMMER0091_P80/00-RawData/TRIMMER_Plate80_S2_L001_R2_001_sub.fastq.gz"],
            "stats-file": "/nmspipeline//01-Processing/TRIMMER0091_P80/01-PrimerTrim/42-SMARTindex_HC_primers.log",
            "uncompressed": false
        },
        "primers": [ ["p5primer1","TGACACATCAGTGGTATCAACGCAGAGTACATGGGG"], ["Ga3.10for_mIGH3","GGATAGACAGATGGGGCTGTTGTTGT"], ["Ga12HC.10_REV_CHI","ATAGACAGATGGGGGTGTCGTTTTGG"], ["p5primer1","TGACACATCAGTGGTATCAACGCAGAGTACATGGGG"], ["Ga3.10for_mIGH3","GGATAGACAGATGGGGCTGTTGTTGT"], ["Ga12HC.10_REV_CHI","ATAGACAGATGGGGGTGTCGTTTTGG"] ]
    },
    "Fragment": {
        "in": 100000,
        "out": 399,
        "basepairs_in": 60000000,
        "basepairs_out": 214662,
        "flipped": 164,
        "primers_counts": [ ["p5primer1","None",570], ["p5primer1","Ga3.10for_mIGH3",1], ["None","Ga3.10for_mIGH3",1141], ["p5primer1","Ga12HC.10_REV_CHI",398], ["None","Ga12HC.10_REV_CHI",27749], ["None","None",70141] ]
    },
    "Single_end": {
        "in": 0,
        "out": 0,
        "basepairs_in": 0,
        "basepairs_out": 0,
        "primerTrim": 0,
        "primerBpTrim": 0,
        "discarded": 0
    },
    "Paired_end": {
        "in": 100000,
        "out": 399,
        "discarded": 99601,
        "Read1": {
            "basepairs_in": 30000000,
            "basepairs_out": 105336,
            "primerTrim": 399,
            "primerBpTrim": 14364
        },
        "Read2": {
            "basepairs_in": 30000000,
            "basepairs_out": 109326,
            "primerTrim": 399,
            "primerBpTrim": 10374
        }
    }
  }, {
    "Program_details": {
        "program": "hts_NTrimmer",
        "version": "1.3.2",
        "options": {
            "append-stats-file": "/nmspipeline//01-Processing/TRIMMER0091_P80/01-PrimerTrim/42-SMARTindex_HC_primers.log",
            "exclude": true,
            "force": false,
            "notes": "",
            "uncompressed": false
        }
    },
    "Fragment": {
        "in": 399,
        "out": 399,
        "basepairs_in": 214662,
        "basepairs_out": 214662
    },
    "Single_end": {
        "in": 0,
        "out": 0,
        "basepairs_in": 0,
        "basepairs_out": 0,
        "rightTrim": 0,
        "leftTrim": 0,
        "discarded": 0
    },
    "Paired_end": {
        "in": 399,
        "out": 399,
        "discarded": 0,
        "Read1": {
            "basepairs_in": 105336,
            "basepairs_out": 105336,
            "leftTrim": 0,
            "rightTrim": 0
        },
        "Read2": {
            "basepairs_in": 109326,
            "basepairs_out": 109326,
            "leftTrim": 0,
            "rightTrim": 0
        }
    }
  }, {
    "Program_details": {
        "program": "hts_SeqScreener",
        "version": "1.3.2",
        "options": {
            "append-stats-file": "/nmspipeline//01-Processing/TRIMMER0091_P80/01-PrimerTrim/42-SMARTindex_HC_primers.log",
            "check-read-2": true,
            "force": false,
            "inverse": false,
            "kmer": 21,
            "notes": "",
            "percentage-hits": 0.01,
            "record": true,
            "seq": "../aberrant_LC.fasta",
            "uncompressed": false
        },
        "screen_info": {
            "screenBP": 96,
            "lookupKmers": 8
        }
    },
    "Fragment": {
        "in": 399,
        "out": 399,
        "basepairs_in": 214662,
        "basepairs_out": 214662
    },
    "Single_end": {
        "in": 0,
        "out": 0,
        "basepairs_in": 0,
        "basepairs_out": 0,
        "hits": 0
    },
    "Paired_end": {
        "in": 399,
        "out": 399,
        "hits": 0,
        "Read1": {
            "basepairs_in": 105336,
            "basepairs_out": 105336
        },
        "Read2": {
            "basepairs_in": 109326,
            "basepairs_out": 109326
        }
    }
  }, {
    "Program_details": {
        "program": "hts_QWindowTrim",
        "version": "1.3.2",
        "options": {
            "append-stats-file": "/nmspipeline//01-Processing/TRIMMER0091_P80/01-PrimerTrim/42-SMARTindex_HC_primers.log",
            "avg-qual-score": 10,
            "force": false,
            "no-left": true,
            "no-right": false,
            "notes": "",
            "qual-offset": 33,
            "uncompressed": false,
            "window-size": 10
        }
    },
    "Fragment": {
        "in": 399,
        "out": 399,
        "basepairs_in": 214662,
        "basepairs_out": 214109
    },
    "Single_end": {
        "in": 0,
        "out": 0,
        "basepairs_in": 0,
        "basepairs_out": 0,
        "rightTrim": 0,
        "leftTrim": 0
    },
    "Paired_end": {
        "in": 399,
        "out": 399,
        "Read1": {
            "basepairs_in": 105336,
            "basepairs_out": 104970,
            "leftTrim": 0,
            "rightTrim": 366
        },
        "Read2": {
            "basepairs_in": 109326,
            "basepairs_out": 109139,
            "leftTrim": 0,
            "rightTrim": 187
        }
    }
  }, {
    "Program_details": {
        "program": "hts_Overlapper",
        "version": "1.3.2",
        "options": {
            "append-stats-file": "/nmspipeline//01-Processing/TRIMMER0091_P80/01-PrimerTrim/42-SMARTindex_HC_primers.log",
            "check-lengths": 20,
            "force": false,
            "force-pairs": false,
            "kmer": 8,
            "kmer-offset": 1,
            "max-mismatch": 100,
            "max-mismatch-errorDensity": 0.25,
            "min-overlap": 8,
            "notes": "",
            "number-of-threads": 1,
            "uncompressed": false
        }
    },
    "Fragment": {
        "in": 399,
        "out": 399,
        "basepairs_in": 214109,
        "basepairs_out": 189036,
        "inserts": {
            "short": 14,
            "medium": 341,
            "long": 44
        },
        "overlap_histogram": [ [30,1], [40,1], [47,1], [67,1], [88,2], [95,1], [98,1], [101,1], [155,1], [182,1], [210,1], [226,1], [251,1], [298,1], [315,1], [323,1], [331,2], [339,1], [418,1], [435,1], [452,1], [466,1], [467,1], [469,1], [472,2], [474,1], [476,1], [477,15], [478,1], [479,24], [480,58], [482,10], [483,30], [484,12], [485,27], [486,131], [487,10], [504,2], [505,2], [508,1], [510,2] ]
    },
    "Single_end": {
        "in": 0,
        "out": 355,
        "basepairs_in": 0,
        "basepairs_out": 165480
    },
    "Paired_end": {
        "in": 399,
        "out": 44,
        "Read1": {
            "basepairs_in": 104970,
            "basepairs_out": 11554
        },
        "Read2": {
            "basepairs_in": 109139,
            "basepairs_out": 12002
        }
    }
  }, {
    "Program_details": {
        "program": "hts_LengthFilter",
        "version": "1.3.2",
        "options": {
            "append-stats-file": "/nmspipeline//01-Processing/TRIMMER0091_P80/01-PrimerTrim/42-SMARTindex_HC_primers.log",
            "fastq-output": "/nmspipeline//01-Processing/TRIMMER0091_P80/01-PrimerTrim/42-SMARTindex_HC_primers",
            "force": true,
            "max-length": 0,
            "min-length": 385,
            "no-orphans": false,
            "notes": "",
            "stranded": false,
            "uncompressed": false
        }
    },
    "Fragment": {
        "in": 399,
        "out": 335,
        "basepairs_in": 189036,
        "basepairs_out": 161865
    },
    "Single_end": {
        "in": 355,
        "out": 335,
        "basepairs_in": 165480,
        "basepairs_out": 161865,
        "discarded": 20
    },
    "Paired_end": {
        "in": 44,
        "out": 0,
        "discarded": 44,
        "Read1": {
            "basepairs_in": 11554,
            "basepairs_out": 0,
            "discarded": 0
        },
        "Read2": {
            "basepairs_in": 12002,
            "basepairs_out": 0,
            "discarded": 0
        }
    }
  }
]
