[ {
    "Program_details": {
        "program": "hts_Primers",
        "version": "1.3.2",
        "options": {
            "flip": true,
            "float": 0,
            "force": false,
            "keep": false,
            "min_primer_matches": 2,
            "notes": "",
            "primer_end_mismatches": 0,
            "primer_mismatches": 0,
            "primers_3p": "../hc_primers.fasta",
            "primers_5p": "AAGACAATCAGTGGTATCAACGCAGAGTACATGGGG",
            "read1-input": [ "/nmspipeline//01-Processing/TRIMMER0091_P80/00-RawData/TRIMMER_Plate80_S2_L001_R1_001_sub.fastq.gz"],
            "read2-input": [ "/nmspipeline//01-Processing/TRIMMER0091_P80/00-RawData/TRIMMER_Plate80_S2_L001_R2_001_sub.fastq.gz"],
            "stats-file": "/nmspipeline//01-Processing/TRIMMER0091_P80/01-PrimerTrim/43-SMARTindex_HC_primers.log",
            "uncompressed": false
        },
        "primers": [ ["p5primer1","AAGACAATCAGTGGTATCAACGCAGAGTACATGGGG"], ["Ga3.10for_mIGH3","GGATAGACAGATGGGGCTGTTGTTGT"], ["Ga12HC.10_REV_CHI","ATAGACAGATGGGGGTGTCGTTTTGG"], ["p5primer1","AAGACAATCAGTGGTATCAACGCAGAGTACATGGGG"], ["Ga3.10for_mIGH3","GGATAGACAGATGGGGCTGTTGTTGT"], ["Ga12HC.10_REV_CHI","ATAGACAGATGGGGGTGTCGTTTTGG"] ]
    },
    "Fragment": {
        "in": 100000,
        "out": 40,
        "basepairs_in": 60000000,
        "basepairs_out": 21520,
        "flipped": 15,
        "primers_counts": [ ["p5primer1","Ga12HC.10_REV_CHI",40], ["p5primer1","None",694], ["None","Ga3.10for_mIGH3",1142], ["None","Ga12HC.10_REV_CHI",28107], ["None","None",70017] ]
    },
    "Single_end": {
        "in": 0,
        "out": 0,
        "basepairs_in": 0,
        "basepairs_out": 0,
        "primerTrim": 0,
        "primerBpTrim": 0,
        "discarded": 0
    },
    "Paired_end": {
        "in": 100000,
        "out": 40,
        "discarded": 99960,
        "Read1": {
            "basepairs_in": 30000000,
            "basepairs_out": 10560,
            "primerTrim": 40,
            "primerBpTrim": 1440
        },
        "Read2": {
            "basepairs_in": 30000000,
            "basepairs_out": 10960,
            "primerTrim": 40,
            "primerBpTrim": 1040
        }
    }
  }, {
    "Program_details": {
        "program": "hts_NTrimmer",
        "version": "1.3.2",
        "options": {
            "append-stats-file": "/nmspipeline//01-Processing/TRIMMER0091_P80/01-PrimerTrim/43-SMARTindex_HC_primers.log",
            "exclude": true,
            "force": false,
            "notes": "",
            "uncompressed": false
        }
    },
    "Fragment": {
        "in": 40,
        "out": 40,
        "basepairs_in": 21520,
        "basepairs_out": 21520
    },
    "Single_end": {
        "in": 0,
        "out": 0,
        "basepairs_in": 0,
        "basepairs_out": 0,
        "rightTrim": 0,
        "leftTrim": 0,
        "discarded": 0
    },
    "Paired_end": {
        "in": 40,
        "out": 40,
        "discarded": 0,
        "Read1": {
            "basepairs_in": 10560,
            "basepairs_out": 10560,
            "leftTrim": 0,
            "rightTrim": 0
        },
        "Read2": {
            "basepairs_in": 10960,
            "basepairs_out": 10960,
            "leftTrim": 0,
            "rightTrim": 0
        }
    }
  }, {
    "Program_details": {
        "program": "hts_SeqScreener",
        "version": "1.3.2",
        "options": {
            "append-stats-file": "/nmspipeline//01-Processing/TRIMMER0091_P80/01-PrimerTrim/43-SMARTindex_HC_primers.log",
            "check-read-2": true,
            "force": false,
            "inverse": false,
            "kmer": 21,
            "notes": "",
            "percentage-hits": 0.01,
            "record": true,
            "seq": "../aberrant_LC.fasta",
            "uncompressed": false
        },
        "screen_info": {
            "screenBP": 96,
            "lookupKmers": 8
        }
    },
    "Fragment": {
        "in": 40,
        "out": 40,
        "basepairs_in": 21520,
        "basepairs_out": 21520
    },
    "Single_end": {
        "in": 0,
        "out": 0,
        "basepairs_in": 0,
        "basepairs_out": 0,
        "hits": 0
    },
    "Paired_end": {
        "in": 40,
        "out": 40,
        "hits": 0,
        "Read1": {
            "basepairs_in": 10560,
            "basepairs_out": 10560
        },
        "Read2": {
            "basepairs_in": 10960,
            "basepairs_out": 10960
        }
    }
  }, {
    "Program_details": {
        "program": "hts_QWindowTrim",
        "version": "1.3.2",
        "options": {
            "append-stats-file": "/nmspipeline//01-Processing/TRIMMER0091_P80/01-PrimerTrim/43-SMARTindex_HC_primers.log",
            "avg-qual-score": 10,
            "force": false,
            "no-left": true,
            "no-right": false,
            "notes": "",
            "qual-offset": 33,
            "uncompressed": false,
            "window-size": 10
        }
    },
    "Fragment": {
        "in": 40,
        "out": 40,
        "basepairs_in": 21520,
        "basepairs_out": 21380
    },
    "Single_end": {
        "in": 0,
        "out": 0,
        "basepairs_in": 0,
        "basepairs_out": 0,
        "rightTrim": 0,
        "leftTrim": 0
    },
    "Paired_end": {
        "in": 40,
        "out": 40,
        "Read1": {
            "basepairs_in": 10560,
            "basepairs_out": 10505,
            "leftTrim": 0,
            "rightTrim": 55
        },
        "Read2": {
            "basepairs_in": 10960,
            "basepairs_out": 10875,
            "leftTrim": 0,
            "rightTrim": 85
        }
    }
  }, {
    "Program_details": {
        "program": "hts_Overlapper",
        "version": "1.3.2",
        "options": {
            "append-stats-file": "/nmspipeline//01-Processing/TRIMMER0091_P80/01-PrimerTrim/43-SMARTindex_HC_primers.log",
            "check-lengths": 20,
            "force": false,
            "force-pairs": false,
            "kmer": 8,
            "kmer-offset": 1,
            "max-mismatch": 100,
            "max-mismatch-errorDensity": 0.25,
            "min-overlap": 8,
            "notes": "",
            "number-of-threads": 1,
            "uncompressed": false
        }
    },
    "Fragment": {
        "in": 40,
        "out": 40,
        "basepairs_in": 21380,
        "basepairs_out": 12028,
        "inserts": {
            "short": 17,
            "medium": 20,
            "long": 3
        },
        "overlap_histogram": [ [29,1], [69,1], [73,2], [87,1], [88,1], [90,1], [101,1], [106,1], [118,1], [149,1], [153,1], [160,1], [161,1], [190,1], [241,1], [268,1], [274,1], [275,1], [276,1], [437,14], [438,2], [440,1] ]
    },
    "Single_end": {
        "in": 0,
        "out": 37,
        "basepairs_in": 0,
        "basepairs_out": 10415
    },
    "Paired_end": {
        "in": 40,
        "out": 3,
        "Read1": {
            "basepairs_in": 10505,
            "basepairs_out": 791
        },
        "Read2": {
            "basepairs_in": 10875,
            "basepairs_out": 822
        }
    }
  }, {
    "Program_details": {
        "program": "hts_LengthFilter",
        "version": "1.3.2",
        "options": {
            "append-stats-file": "/nmspipeline//01-Processing/TRIMMER0091_P80/01-PrimerTrim/43-SMARTindex_HC_primers.log",
            "fastq-output": "/nmspipeline//01-Processing/TRIMMER0091_P80/01-PrimerTrim/43-SMARTindex_HC_primers",
            "force": true,
            "max-length": 0,
            "min-length": 385,
            "no-orphans": false,
            "notes": "",
            "stranded": false,
            "uncompressed": false
        }
    },
    "Fragment": {
        "in": 40,
        "out": 17,
        "basepairs_in": 12028,
        "basepairs_out": 7434
    },
    "Single_end": {
        "in": 37,
        "out": 17,
        "basepairs_in": 10415,
        "basepairs_out": 7434,
        "discarded": 20
    },
    "Paired_end": {
        "in": 3,
        "out": 0,
        "discarded": 3,
        "Read1": {
            "basepairs_in": 791,
            "basepairs_out": 0,
            "discarded": 0
        },
        "Read2": {
            "basepairs_in": 822,
            "basepairs_out": 0,
            "discarded": 0
        }
    }
  }
]
