[ {
    "Program_details": {
        "program": "hts_Primers",
        "version": "1.3.2",
        "options": {
            "flip": true,
            "float": 0,
            "force": false,
            "keep": false,
            "min_primer_matches": 2,
            "notes": "",
            "primer_end_mismatches": 0,
            "primer_mismatches": 0,
            "primers_3p": "../lc_primers.fasta",
            "primers_5p": "ACAGATATCAGTGGTATCAACGCAGAGTACATGGGG",
            "read1-input": [ "/nmspipeline//01-Processing/TRIMMER0091_P80/00-RawData/TRIMMER_Plate80_S2_L001_R1_001_sub.fastq.gz"],
            "read2-input": [ "/nmspipeline//01-Processing/TRIMMER0091_P80/00-RawData/TRIMMER_Plate80_S2_L001_R2_001_sub.fastq.gz"],
            "stats-file": "/nmspipeline//01-Processing/TRIMMER0091_P80/01-PrimerTrim/44-SMARTindex_LC_primers.log",
            "uncompressed": false
        },
        "primers": [ ["p5primer1","ACAGATATCAGTGGTATCAACGCAGAGTACATGGGG"], ["KaLC.6_REV_LC","GGATACAGTTGGTGCAGCATC"], ["LaLC.R-mIGL","ATCGTACACACCAGTGTGGC"], ["p5primer1","ACAGATATCAGTGGTATCAACGCAGAGTACATGGGG"], ["KaLC.6_REV_LC","GGATACAGTTGGTGCAGCATC"], ["LaLC.R-mIGL","ATCGTACACACCAGTGTGGC"] ]
    },
    "Fragment": {
        "in": 100000,
        "out": 445,
        "basepairs_in": 60000000,
        "basepairs_out": 241636,
        "flipped": 186,
        "primers_counts": [ ["p5primer1","LaLC.R-mIGL",1], ["p5primer1","KaLC.6_REV_LC",444], ["p5primer1","None",285], ["None","LaLC.R-mIGL",603], ["None","None",48181], ["None","KaLC.6_REV_LC",50486] ]
    },
    "Single_end": {
        "in": 0,
        "out": 0,
        "basepairs_in": 0,
        "basepairs_out": 0,
        "primerTrim": 0,
        "primerBpTrim": 0,
        "discarded": 0
    },
    "Paired_end": {
        "in": 100000,
        "out": 445,
        "discarded": 99555,
        "Read1": {
            "basepairs_in": 30000000,
            "basepairs_out": 117480,
            "primerTrim": 445,
            "primerBpTrim": 16020
        },
        "Read2": {
            "basepairs_in": 30000000,
            "basepairs_out": 124156,
            "primerTrim": 445,
            "primerBpTrim": 9344
        }
    }
  }, {
    "Program_details": {
        "program": "hts_NTrimmer",
        "version": "1.3.2",
        "options": {
            "append-stats-file": "/nmspipeline//01-Processing/TRIMMER0091_P80/01-PrimerTrim/44-SMARTindex_LC_primers.log",
            "exclude": true,
            "force": false,
            "notes": "",
            "uncompressed": false
        }
    },
    "Fragment": {
        "in": 445,
        "out": 445,
        "basepairs_in": 241636,
        "basepairs_out": 241636
    },
    "Single_end": {
        "in": 0,
        "out": 0,
        "basepairs_in": 0,
        "basepairs_out": 0,
        "rightTrim": 0,
        "leftTrim": 0,
        "discarded": 0
    },
    "Paired_end": {
        "in": 445,
        "out": 445,
        "discarded": 0,
        "Read1": {
            "basepairs_in": 117480,
            "basepairs_out": 117480,
            "leftTrim": 0,
            "rightTrim": 0
        },
        "Read2": {
            "basepairs_in": 124156,
            "basepairs_out": 124156,
            "leftTrim": 0,
            "rightTrim": 0
        }
    }
  }, {
    "Program_details": {
        "program": "hts_SeqScreener",
        "version": "1.3.2",
        "options": {
            "append-stats-file": "/nmspipeline//01-Processing/TRIMMER0091_P80/01-PrimerTrim/44-SMARTindex_LC_primers.log",
            "check-read-2": true,
            "force": false,
            "inverse": false,
            "kmer": 21,
            "notes": "",
            "percentage-hits": 0.01,
            "record": true,
            "seq": "../aberrant_LC.fasta",
            "uncompressed": false
        },
        "screen_info": {
            "screenBP": 96,
            "lookupKmers": 8
        }
    },
    "Fragment": {
        "in": 445,
        "out": 445,
        "basepairs_in": 241636,
        "basepairs_out": 241636
    },
    "Single_end": {
        "in": 0,
        "out": 0,
        "basepairs_in": 0,
        "basepairs_out": 0,
        "hits": 0
    },
    "Paired_end": {
        "in": 445,
        "out": 445,
        "hits": 94,
        "Read1": {
            "basepairs_in": 117480,
            "basepairs_out": 117480
        },
        "Read2": {
            "basepairs_in": 124156,
            "basepairs_out": 124156
        }
    }
  }, {
    "Program_details": {
        "program": "hts_QWindowTrim",
        "version": "1.3.2",
        "options": {
            "append-stats-file": "/nmspipeline//01-Processing/TRIMMER0091_P80/01-PrimerTrim/44-SMARTindex_LC_primers.log",
            "avg-qual-score": 10,
            "force": false,
            "no-left": true,
            "no-right": false,
            "notes": "",
            "qual-offset": 33,
            "uncompressed": false,
            "window-size": 10
        }
    },
    "Fragment": {
        "in": 445,
        "out": 445,
        "basepairs_in": 241636,
        "basepairs_out": 240870
    },
    "Single_end": {
        "in": 0,
        "out": 0,
        "basepairs_in": 0,
        "basepairs_out": 0,
        "rightTrim": 0,
        "leftTrim": 0
    },
    "Paired_end": {
        "in": 445,
        "out": 445,
        "Read1": {
            "basepairs_in": 117480,
            "basepairs_out": 117173,
            "leftTrim": 0,
            "rightTrim": 307
        },
        "Read2": {
            "basepairs_in": 124156,
            "basepairs_out": 123697,
            "leftTrim": 0,
            "rightTrim": 459
        }
    }
  }, {
    "Program_details": {
        "program": "hts_Overlapper",
        "version": "1.3.2",
        "options": {
            "append-stats-file": "/nmspipeline//01-Processing/TRIMMER0091_P80/01-PrimerTrim/44-SMARTindex_LC_primers.log",
            "check-lengths": 20,
            "force": false,
            "force-pairs": false,
            "kmer": 8,
            "kmer-offset": 1,
            "max-mismatch": 100,
            "max-mismatch-errorDensity": 0.25,
            "min-overlap": 8,
            "notes": "",
            "number-of-threads": 1,
            "uncompressed": false
        }
    },
    "Fragment": {
        "in": 445,
        "out": 445,
        "basepairs_in": 240870,
        "basepairs_out": 184260,
        "inserts": {
            "short": 16,
            "medium": 409,
            "long": 20
        },
        "overlap_histogram": [ [15,1], [34,1], [36,1], [48,1], [50,1], [60,1], [80,1], [89,1], [95,1], [115,1], [140,1], [153,1], [175,1], [181,1], [213,1], [264,1], [298,1], [328,1], [357,1], [375,1], [383,1], [384,1], [390,3], [392,5], [393,2], [394,20], [397,3], [398,2], [399,7], [409,1], [412,1], [416,1], [417,4], [418,32], [419,6], [420,3], [421,35], [422,9], [423,24], [424,6], [425,195], [426,22], [427,3], [428,14], [431,1], [434,1], [440,1], [445,1], [446,1] ]
    },
    "Single_end": {
        "in": 0,
        "out": 425,
        "basepairs_in": 0,
        "basepairs_out": 173449
    },
    "Paired_end": {
        "in": 445,
        "out": 20,
        "Read1": {
            "basepairs_in": 117173,
            "basepairs_out": 5249
        },
        "Read2": {
            "basepairs_in": 123697,
            "basepairs_out": 5562
        }
    }
  }, {
    "Program_details": {
        "program": "hts_LengthFilter",
        "version": "1.3.2",
        "options": {
            "append-stats-file": "/nmspipeline//01-Processing/TRIMMER0091_P80/01-PrimerTrim/44-SMARTindex_LC_primers.log",
            "fastq-output": "/nmspipeline//01-Processing/TRIMMER0091_P80/01-PrimerTrim/44-SMARTindex_LC_primers",
            "force": true,
            "max-length": 0,
            "min-length": 385,
            "no-orphans": false,
            "notes": "",
            "stranded": false,
            "uncompressed": false
        }
    },
    "Fragment": {
        "in": 445,
        "out": 403,
        "basepairs_in": 184260,
        "basepairs_out": 169576
    },
    "Single_end": {
        "in": 425,
        "out": 403,
        "basepairs_in": 173449,
        "basepairs_out": 169576,
        "discarded": 22
    },
    "Paired_end": {
        "in": 20,
        "out": 0,
        "discarded": 20,
        "Read1": {
            "basepairs_in": 5249,
            "basepairs_out": 0,
            "discarded": 0
        },
        "Read2": {
            "basepairs_in": 5562,
            "basepairs_out": 0,
            "discarded": 0
        }
    }
  }
]
