[ {
    "Program_details": {
        "program": "hts_Primers",
        "version": "1.3.2",
        "options": {
            "flip": true,
            "float": 0,
            "force": false,
            "keep": false,
            "min_primer_matches": 2,
            "notes": "",
            "primer_end_mismatches": 0,
            "primer_mismatches": 0,
            "primers_3p": "../hc_primers.fasta",
            "primers_5p": "ACAGATATCAGTGGTATCAACGCAGAGTACATGGGG",
            "read1-input": [ "/nmspipeline//01-Processing/TRIMMER0091_P80/00-RawData/TRIMMER_Plate80_S2_L001_R1_001_sub.fastq.gz"],
            "read2-input": [ "/nmspipeline//01-Processing/TRIMMER0091_P80/00-RawData/TRIMMER_Plate80_S2_L001_R2_001_sub.fastq.gz"],
            "stats-file": "/nmspipeline//01-Processing/TRIMMER0091_P80/01-PrimerTrim/44-SMARTindex_HC_primers.log",
            "uncompressed": false
        },
        "primers": [ ["p5primer1","ACAGATATCAGTGGTATCAACGCAGAGTACATGGGG"], ["Ga3.10for_mIGH3","GGATAGACAGATGGGGCTGTTGTTGT"], ["Ga12HC.10_REV_CHI","ATAGACAGATGGGGGTGTCGTTTTGG"], ["p5primer1","ACAGATATCAGTGGTATCAACGCAGAGTACATGGGG"], ["Ga3.10for_mIGH3","GGATAGACAGATGGGGCTGTTGTTGT"], ["Ga12HC.10_REV_CHI","ATAGACAGATGGGGGTGTCGTTTTGG"] ]
    },
    "Fragment": {
        "in": 100000,
        "out": 202,
        "basepairs_in": 60000000,
        "basepairs_out": 108676,
        "flipped": 85,
        "primers_counts": [ ["p5primer1","Ga12HC.10_REV_CHI",202], ["None","Ga3.10for_mIGH3",1142], ["p5primer1","None",528], ["None","Ga12HC.10_REV_CHI",27945], ["None","None",70183] ]
    },
    "Single_end": {
        "in": 0,
        "out": 0,
        "basepairs_in": 0,
        "basepairs_out": 0,
        "primerTrim": 0,
        "primerBpTrim": 0,
        "discarded": 0
    },
    "Paired_end": {
        "in": 100000,
        "out": 202,
        "discarded": 99798,
        "Read1": {
            "basepairs_in": 30000000,
            "basepairs_out": 53328,
            "primerTrim": 202,
            "primerBpTrim": 7272
        },
        "Read2": {
            "basepairs_in": 30000000,
            "basepairs_out": 55348,
            "primerTrim": 202,
            "primerBpTrim": 5252
        }
    }
  }, {
    "Program_details": {
        "program": "hts_NTrimmer",
        "version": "1.3.2",
        "options": {
            "append-stats-file": "/nmspipeline//01-Processing/TRIMMER0091_P80/01-PrimerTrim/44-SMARTindex_HC_primers.log",
            "exclude": true,
            "force": false,
            "notes": "",
            "uncompressed": false
        }
    },
    "Fragment": {
        "in": 202,
        "out": 202,
        "basepairs_in": 108676,
        "basepairs_out": 108676
    },
    "Single_end": {
        "in": 0,
        "out": 0,
        "basepairs_in": 0,
        "basepairs_out": 0,
        "rightTrim": 0,
        "leftTrim": 0,
        "discarded": 0
    },
    "Paired_end": {
        "in": 202,
        "out": 202,
        "discarded": 0,
        "Read1": {
            "basepairs_in": 53328,
            "basepairs_out": 53328,
            "leftTrim": 0,
            "rightTrim": 0
        },
        "Read2": {
            "basepairs_in": 55348,
            "basepairs_out": 55348,
            "leftTrim": 0,
            "rightTrim": 0
        }
    }
  }, {
    "Program_details": {
        "program": "hts_SeqScreener",
        "version": "1.3.2",
        "options": {
            "append-stats-file": "/nmspipeline//01-Processing/TRIMMER0091_P80/01-PrimerTrim/44-SMARTindex_HC_primers.log",
            "check-read-2": true,
            "force": false,
            "inverse": false,
            "kmer": 21,
            "notes": "",
            "percentage-hits": 0.01,
            "record": true,
            "seq": "../aberrant_LC.fasta",
            "uncompressed": false
        },
        "screen_info": {
            "screenBP": 96,
            "lookupKmers": 8
        }
    },
    "Fragment": {
        "in": 202,
        "out": 202,
        "basepairs_in": 108676,
        "basepairs_out": 108676
    },
    "Single_end": {
        "in": 0,
        "out": 0,
        "basepairs_in": 0,
        "basepairs_out": 0,
        "hits": 0
    },
    "Paired_end": {
        "in": 202,
        "out": 202,
        "hits": 0,
        "Read1": {
            "basepairs_in": 53328,
            "basepairs_out": 53328
        },
        "Read2": {
            "basepairs_in": 55348,
            "basepairs_out": 55348
        }
    }
  }, {
    "Program_details": {
        "program": "hts_QWindowTrim",
        "version": "1.3.2",
        "options": {
            "append-stats-file": "/nmspipeline//01-Processing/TRIMMER0091_P80/01-PrimerTrim/44-SMARTindex_HC_primers.log",
            "avg-qual-score": 10,
            "force": false,
            "no-left": true,
            "no-right": false,
            "notes": "",
            "qual-offset": 33,
            "uncompressed": false,
            "window-size": 10
        }
    },
    "Fragment": {
        "in": 202,
        "out": 202,
        "basepairs_in": 108676,
        "basepairs_out": 108388
    },
    "Single_end": {
        "in": 0,
        "out": 0,
        "basepairs_in": 0,
        "basepairs_out": 0,
        "rightTrim": 0,
        "leftTrim": 0
    },
    "Paired_end": {
        "in": 202,
        "out": 202,
        "Read1": {
            "basepairs_in": 53328,
            "basepairs_out": 53215,
            "leftTrim": 0,
            "rightTrim": 113
        },
        "Read2": {
            "basepairs_in": 55348,
            "basepairs_out": 55173,
            "leftTrim": 0,
            "rightTrim": 175
        }
    }
  }, {
    "Program_details": {
        "program": "hts_Overlapper",
        "version": "1.3.2",
        "options": {
            "append-stats-file": "/nmspipeline//01-Processing/TRIMMER0091_P80/01-PrimerTrim/44-SMARTindex_HC_primers.log",
            "check-lengths": 20,
            "force": false,
            "force-pairs": false,
            "kmer": 8,
            "kmer-offset": 1,
            "max-mismatch": 100,
            "max-mismatch-errorDensity": 0.25,
            "min-overlap": 8,
            "notes": "",
            "number-of-threads": 1,
            "uncompressed": false
        }
    },
    "Fragment": {
        "in": 202,
        "out": 202,
        "basepairs_in": 108388,
        "basepairs_out": 84193,
        "inserts": {
            "short": 36,
            "medium": 158,
            "long": 8
        },
        "overlap_histogram": [ [24,1], [45,1], [50,1], [59,1], [112,1], [115,2], [166,2], [209,6], [210,3], [231,1], [232,1], [246,1], [248,1], [253,4], [256,7], [258,1], [259,1], [272,1], [298,1], [322,1], [324,1], [353,1], [375,1], [431,3], [436,1], [448,1], [452,3], [453,1], [458,1], [460,12], [462,2], [463,59], [464,5], [465,9], [466,5], [467,25], [468,16], [469,6], [474,1], [484,1], [488,1], [489,1] ]
    },
    "Single_end": {
        "in": 0,
        "out": 194,
        "basepairs_in": 0,
        "basepairs_out": 79910
    },
    "Paired_end": {
        "in": 202,
        "out": 8,
        "Read1": {
            "basepairs_in": 53215,
            "basepairs_out": 2110
        },
        "Read2": {
            "basepairs_in": 55173,
            "basepairs_out": 2173
        }
    }
  }, {
    "Program_details": {
        "program": "hts_LengthFilter",
        "version": "1.3.2",
        "options": {
            "append-stats-file": "/nmspipeline//01-Processing/TRIMMER0091_P80/01-PrimerTrim/44-SMARTindex_HC_primers.log",
            "fastq-output": "/nmspipeline//01-Processing/TRIMMER0091_P80/01-PrimerTrim/44-SMARTindex_HC_primers",
            "force": true,
            "max-length": 0,
            "min-length": 385,
            "no-orphans": false,
            "notes": "",
            "stranded": false,
            "uncompressed": false
        }
    },
    "Fragment": {
        "in": 202,
        "out": 153,
        "basepairs_in": 84193,
        "basepairs_out": 70952
    },
    "Single_end": {
        "in": 194,
        "out": 153,
        "basepairs_in": 79910,
        "basepairs_out": 70952,
        "discarded": 41
    },
    "Paired_end": {
        "in": 8,
        "out": 0,
        "discarded": 8,
        "Read1": {
            "basepairs_in": 2110,
            "basepairs_out": 0,
            "discarded": 0
        },
        "Read2": {
            "basepairs_in": 2173,
            "basepairs_out": 0,
            "discarded": 0
        }
    }
  }
]
