[ {
    "Program_details": {
        "program": "hts_Primers",
        "version": "1.3.2",
        "options": {
            "flip": true,
            "float": 0,
            "force": false,
            "keep": false,
            "min_primer_matches": 2,
            "notes": "",
            "primer_end_mismatches": 0,
            "primer_mismatches": 0,
            "primers_3p": "../hc_primers.fasta",
            "primers_5p": "TAGGCTATCAGTGGTATCAACGCAGAGTACATGGGG",
            "read1-input": [ "/nmspipeline//01-Processing/TRIMMER0091_P80/00-RawData/TRIMMER_Plate80_S2_L001_R1_001_sub.fastq.gz"],
            "read2-input": [ "/nmspipeline//01-Processing/TRIMMER0091_P80/00-RawData/TRIMMER_Plate80_S2_L001_R2_001_sub.fastq.gz"],
            "stats-file": "/nmspipeline//01-Processing/TRIMMER0091_P80/01-PrimerTrim/45-SMARTindex_HC_primers.log",
            "uncompressed": false
        },
        "primers": [ ["p5primer1","TAGGCTATCAGTGGTATCAACGCAGAGTACATGGGG"], ["Ga3.10for_mIGH3","GGATAGACAGATGGGGCTGTTGTTGT"], ["Ga12HC.10_REV_CHI","ATAGACAGATGGGGGTGTCGTTTTGG"], ["p5primer1","TAGGCTATCAGTGGTATCAACGCAGAGTACATGGGG"], ["Ga3.10for_mIGH3","GGATAGACAGATGGGGCTGTTGTTGT"], ["Ga12HC.10_REV_CHI","ATAGACAGATGGGGGTGTCGTTTTGG"] ]
    },
    "Fragment": {
        "in": 100000,
        "out": 50,
        "basepairs_in": 60000000,
        "basepairs_out": 26900,
        "flipped": 24,
        "primers_counts": [ ["p5primer1","Ga12HC.10_REV_CHI",50], ["p5primer1","None",160], ["None","Ga3.10for_mIGH3",1142], ["None","Ga12HC.10_REV_CHI",28097], ["None","None",70551] ]
    },
    "Single_end": {
        "in": 0,
        "out": 0,
        "basepairs_in": 0,
        "basepairs_out": 0,
        "primerTrim": 0,
        "primerBpTrim": 0,
        "discarded": 0
    },
    "Paired_end": {
        "in": 100000,
        "out": 50,
        "discarded": 99950,
        "Read1": {
            "basepairs_in": 30000000,
            "basepairs_out": 13200,
            "primerTrim": 50,
            "primerBpTrim": 1800
        },
        "Read2": {
            "basepairs_in": 30000000,
            "basepairs_out": 13700,
            "primerTrim": 50,
            "primerBpTrim": 1300
        }
    }
  }, {
    "Program_details": {
        "program": "hts_NTrimmer",
        "version": "1.3.2",
        "options": {
            "append-stats-file": "/nmspipeline//01-Processing/TRIMMER0091_P80/01-PrimerTrim/45-SMARTindex_HC_primers.log",
            "exclude": true,
            "force": false,
            "notes": "",
            "uncompressed": false
        }
    },
    "Fragment": {
        "in": 50,
        "out": 50,
        "basepairs_in": 26900,
        "basepairs_out": 26900
    },
    "Single_end": {
        "in": 0,
        "out": 0,
        "basepairs_in": 0,
        "basepairs_out": 0,
        "rightTrim": 0,
        "leftTrim": 0,
        "discarded": 0
    },
    "Paired_end": {
        "in": 50,
        "out": 50,
        "discarded": 0,
        "Read1": {
            "basepairs_in": 13200,
            "basepairs_out": 13200,
            "leftTrim": 0,
            "rightTrim": 0
        },
        "Read2": {
            "basepairs_in": 13700,
            "basepairs_out": 13700,
            "leftTrim": 0,
            "rightTrim": 0
        }
    }
  }, {
    "Program_details": {
        "program": "hts_SeqScreener",
        "version": "1.3.2",
        "options": {
            "append-stats-file": "/nmspipeline//01-Processing/TRIMMER0091_P80/01-PrimerTrim/45-SMARTindex_HC_primers.log",
            "check-read-2": true,
            "force": false,
            "inverse": false,
            "kmer": 21,
            "notes": "",
            "percentage-hits": 0.01,
            "record": true,
            "seq": "../aberrant_LC.fasta",
            "uncompressed": false
        },
        "screen_info": {
            "screenBP": 96,
            "lookupKmers": 8
        }
    },
    "Fragment": {
        "in": 50,
        "out": 50,
        "basepairs_in": 26900,
        "basepairs_out": 26900
    },
    "Single_end": {
        "in": 0,
        "out": 0,
        "basepairs_in": 0,
        "basepairs_out": 0,
        "hits": 0
    },
    "Paired_end": {
        "in": 50,
        "out": 50,
        "hits": 0,
        "Read1": {
            "basepairs_in": 13200,
            "basepairs_out": 13200
        },
        "Read2": {
            "basepairs_in": 13700,
            "basepairs_out": 13700
        }
    }
  }, {
    "Program_details": {
        "program": "hts_QWindowTrim",
        "version": "1.3.2",
        "options": {
            "append-stats-file": "/nmspipeline//01-Processing/TRIMMER0091_P80/01-PrimerTrim/45-SMARTindex_HC_primers.log",
            "avg-qual-score": 10,
            "force": false,
            "no-left": true,
            "no-right": false,
            "notes": "",
            "qual-offset": 33,
            "uncompressed": false,
            "window-size": 10
        }
    },
    "Fragment": {
        "in": 50,
        "out": 50,
        "basepairs_in": 26900,
        "basepairs_out": 26847
    },
    "Single_end": {
        "in": 0,
        "out": 0,
        "basepairs_in": 0,
        "basepairs_out": 0,
        "rightTrim": 0,
        "leftTrim": 0
    },
    "Paired_end": {
        "in": 50,
        "out": 50,
        "Read1": {
            "basepairs_in": 13200,
            "basepairs_out": 13178,
            "leftTrim": 0,
            "rightTrim": 22
        },
        "Read2": {
            "basepairs_in": 13700,
            "basepairs_out": 13669,
            "leftTrim": 0,
            "rightTrim": 31
        }
    }
  }, {
    "Program_details": {
        "program": "hts_Overlapper",
        "version": "1.3.2",
        "options": {
            "append-stats-file": "/nmspipeline//01-Processing/TRIMMER0091_P80/01-PrimerTrim/45-SMARTindex_HC_primers.log",
            "check-lengths": 20,
            "force": false,
            "force-pairs": false,
            "kmer": 8,
            "kmer-offset": 1,
            "max-mismatch": 100,
            "max-mismatch-errorDensity": 0.25,
            "min-overlap": 8,
            "notes": "",
            "number-of-threads": 1,
            "uncompressed": false
        }
    },
    "Fragment": {
        "in": 50,
        "out": 50,
        "basepairs_in": 26847,
        "basepairs_out": 22321,
        "inserts": {
            "short": 3,
            "medium": 42,
            "long": 5
        },
        "overlap_histogram": [ [164,1], [169,1], [205,1], [426,1], [434,1], [440,10], [441,1], [442,1], [458,1], [460,2], [461,4], [462,14], [465,3], [467,4] ]
    },
    "Single_end": {
        "in": 0,
        "out": 45,
        "basepairs_in": 0,
        "basepairs_out": 19634
    },
    "Paired_end": {
        "in": 50,
        "out": 5,
        "Read1": {
            "basepairs_in": 13178,
            "basepairs_out": 1318
        },
        "Read2": {
            "basepairs_in": 13669,
            "basepairs_out": 1369
        }
    }
  }, {
    "Program_details": {
        "program": "hts_LengthFilter",
        "version": "1.3.2",
        "options": {
            "append-stats-file": "/nmspipeline//01-Processing/TRIMMER0091_P80/01-PrimerTrim/45-SMARTindex_HC_primers.log",
            "fastq-output": "/nmspipeline//01-Processing/TRIMMER0091_P80/01-PrimerTrim/45-SMARTindex_HC_primers",
            "force": true,
            "max-length": 0,
            "min-length": 385,
            "no-orphans": false,
            "notes": "",
            "stranded": false,
            "uncompressed": false
        }
    },
    "Fragment": {
        "in": 50,
        "out": 42,
        "basepairs_in": 22321,
        "basepairs_out": 19096
    },
    "Single_end": {
        "in": 45,
        "out": 42,
        "basepairs_in": 19634,
        "basepairs_out": 19096,
        "discarded": 3
    },
    "Paired_end": {
        "in": 5,
        "out": 0,
        "discarded": 5,
        "Read1": {
            "basepairs_in": 1318,
            "basepairs_out": 0,
            "discarded": 0
        },
        "Read2": {
            "basepairs_in": 1369,
            "basepairs_out": 0,
            "discarded": 0
        }
    }
  }
]
