[ {
    "Program_details": {
        "program": "hts_Primers",
        "version": "1.3.2",
        "options": {
            "flip": true,
            "float": 0,
            "force": false,
            "keep": false,
            "min_primer_matches": 2,
            "notes": "",
            "primer_end_mismatches": 0,
            "primer_mismatches": 0,
            "primers_3p": "../lc_primers.fasta",
            "primers_5p": "CTCCATATCAGTGGTATCAACGCAGAGTACATGGGG",
            "read1-input": [ "/nmspipeline//01-Processing/TRIMMER0091_P80/00-RawData/TRIMMER_Plate80_S2_L001_R1_001_sub.fastq.gz"],
            "read2-input": [ "/nmspipeline//01-Processing/TRIMMER0091_P80/00-RawData/TRIMMER_Plate80_S2_L001_R2_001_sub.fastq.gz"],
            "stats-file": "/nmspipeline//01-Processing/TRIMMER0091_P80/01-PrimerTrim/46-SMARTindex_LC_primers.log",
            "uncompressed": false
        },
        "primers": [ ["p5primer1","CTCCATATCAGTGGTATCAACGCAGAGTACATGGGG"], ["KaLC.6_REV_LC","GGATACAGTTGGTGCAGCATC"], ["LaLC.R-mIGL","ATCGTACACACCAGTGTGGC"], ["p5primer1","CTCCATATCAGTGGTATCAACGCAGAGTACATGGGG"], ["KaLC.6_REV_LC","GGATACAGTTGGTGCAGCATC"], ["LaLC.R-mIGL","ATCGTACACACCAGTGTGGC"] ]
    },
    "Fragment": {
        "in": 100000,
        "out": 447,
        "basepairs_in": 60000000,
        "basepairs_out": 242727,
        "flipped": 206,
        "primers_counts": [ ["p5primer1","LaLC.R-mIGL",6], ["p5primer1","KaLC.6_REV_LC",441], ["p5primer1","None",369], ["None","LaLC.R-mIGL",598], ["None","None",48097], ["None","KaLC.6_REV_LC",50489] ]
    },
    "Single_end": {
        "in": 0,
        "out": 0,
        "basepairs_in": 0,
        "basepairs_out": 0,
        "primerTrim": 0,
        "primerBpTrim": 0,
        "discarded": 0
    },
    "Paired_end": {
        "in": 100000,
        "out": 447,
        "discarded": 99553,
        "Read1": {
            "basepairs_in": 30000000,
            "basepairs_out": 118008,
            "primerTrim": 447,
            "primerBpTrim": 16092
        },
        "Read2": {
            "basepairs_in": 30000000,
            "basepairs_out": 124719,
            "primerTrim": 447,
            "primerBpTrim": 9381
        }
    }
  }, {
    "Program_details": {
        "program": "hts_NTrimmer",
        "version": "1.3.2",
        "options": {
            "append-stats-file": "/nmspipeline//01-Processing/TRIMMER0091_P80/01-PrimerTrim/46-SMARTindex_LC_primers.log",
            "exclude": true,
            "force": false,
            "notes": "",
            "uncompressed": false
        }
    },
    "Fragment": {
        "in": 447,
        "out": 447,
        "basepairs_in": 242727,
        "basepairs_out": 242727
    },
    "Single_end": {
        "in": 0,
        "out": 0,
        "basepairs_in": 0,
        "basepairs_out": 0,
        "rightTrim": 0,
        "leftTrim": 0,
        "discarded": 0
    },
    "Paired_end": {
        "in": 447,
        "out": 447,
        "discarded": 0,
        "Read1": {
            "basepairs_in": 118008,
            "basepairs_out": 118008,
            "leftTrim": 0,
            "rightTrim": 0
        },
        "Read2": {
            "basepairs_in": 124719,
            "basepairs_out": 124719,
            "leftTrim": 0,
            "rightTrim": 0
        }
    }
  }, {
    "Program_details": {
        "program": "hts_SeqScreener",
        "version": "1.3.2",
        "options": {
            "append-stats-file": "/nmspipeline//01-Processing/TRIMMER0091_P80/01-PrimerTrim/46-SMARTindex_LC_primers.log",
            "check-read-2": true,
            "force": false,
            "inverse": false,
            "kmer": 21,
            "notes": "",
            "percentage-hits": 0.01,
            "record": true,
            "seq": "../aberrant_LC.fasta",
            "uncompressed": false
        },
        "screen_info": {
            "screenBP": 96,
            "lookupKmers": 8
        }
    },
    "Fragment": {
        "in": 447,
        "out": 447,
        "basepairs_in": 242727,
        "basepairs_out": 242727
    },
    "Single_end": {
        "in": 0,
        "out": 0,
        "basepairs_in": 0,
        "basepairs_out": 0,
        "hits": 0
    },
    "Paired_end": {
        "in": 447,
        "out": 447,
        "hits": 176,
        "Read1": {
            "basepairs_in": 118008,
            "basepairs_out": 118008
        },
        "Read2": {
            "basepairs_in": 124719,
            "basepairs_out": 124719
        }
    }
  }, {
    "Program_details": {
        "program": "hts_QWindowTrim",
        "version": "1.3.2",
        "options": {
            "append-stats-file": "/nmspipeline//01-Processing/TRIMMER0091_P80/01-PrimerTrim/46-SMARTindex_LC_primers.log",
            "avg-qual-score": 10,
            "force": false,
            "no-left": true,
            "no-right": false,
            "notes": "",
            "qual-offset": 33,
            "uncompressed": false,
            "window-size": 10
        }
    },
    "Fragment": {
        "in": 447,
        "out": 447,
        "basepairs_in": 242727,
        "basepairs_out": 241793
    },
    "Single_end": {
        "in": 0,
        "out": 0,
        "basepairs_in": 0,
        "basepairs_out": 0,
        "rightTrim": 0,
        "leftTrim": 0
    },
    "Paired_end": {
        "in": 447,
        "out": 447,
        "Read1": {
            "basepairs_in": 118008,
            "basepairs_out": 117611,
            "leftTrim": 0,
            "rightTrim": 397
        },
        "Read2": {
            "basepairs_in": 124719,
            "basepairs_out": 124182,
            "leftTrim": 0,
            "rightTrim": 537
        }
    }
  }, {
    "Program_details": {
        "program": "hts_Overlapper",
        "version": "1.3.2",
        "options": {
            "append-stats-file": "/nmspipeline//01-Processing/TRIMMER0091_P80/01-PrimerTrim/46-SMARTindex_LC_primers.log",
            "check-lengths": 20,
            "force": false,
            "force-pairs": false,
            "kmer": 8,
            "kmer-offset": 1,
            "max-mismatch": 100,
            "max-mismatch-errorDensity": 0.25,
            "min-overlap": 8,
            "notes": "",
            "number-of-threads": 1,
            "uncompressed": false
        }
    },
    "Fragment": {
        "in": 447,
        "out": 447,
        "basepairs_in": 241793,
        "basepairs_out": 173648,
        "inserts": {
            "short": 45,
            "medium": 380,
            "long": 22
        },
        "overlap_histogram": [ [21,1], [27,1], [31,1], [32,1], [36,1], [40,1], [48,1], [49,1], [52,1], [56,1], [59,1], [61,1], [64,1], [67,1], [73,1], [77,1], [79,1], [80,2], [86,1], [89,1], [91,3], [100,1], [101,1], [107,1], [119,1], [129,1], [130,1], [147,1], [148,2], [152,1], [156,1], [160,1], [161,1], [169,1], [177,1], [185,1], [203,1], [224,1], [227,1], [242,1], [265,1], [281,1], [282,3], [290,1], [315,1], [326,1], [334,1], [340,1], [354,1], [361,1], [369,1], [381,1], [382,1], [387,2], [390,1], [394,1], [395,2], [396,1], [397,2], [398,7], [399,13], [407,1], [408,2], [409,12], [410,1], [411,2], [412,15], [413,60], [414,35], [415,58], [416,1], [417,1], [418,64], [419,1], [420,6], [421,9], [422,23], [423,21], [424,2], [425,1], [427,1], [432,1], [433,2], [434,1], [436,1], [437,1], [439,2], [440,8], [441,1], [442,2], [444,1], [511,1] ]
    },
    "Single_end": {
        "in": 0,
        "out": 425,
        "basepairs_in": 0,
        "basepairs_out": 161788
    },
    "Paired_end": {
        "in": 447,
        "out": 22,
        "Read1": {
            "basepairs_in": 117611,
            "basepairs_out": 5750
        },
        "Read2": {
            "basepairs_in": 124182,
            "basepairs_out": 6110
        }
    }
  }, {
    "Program_details": {
        "program": "hts_LengthFilter",
        "version": "1.3.2",
        "options": {
            "append-stats-file": "/nmspipeline//01-Processing/TRIMMER0091_P80/01-PrimerTrim/46-SMARTindex_LC_primers.log",
            "fastq-output": "/nmspipeline//01-Processing/TRIMMER0091_P80/01-PrimerTrim/46-SMARTindex_LC_primers",
            "force": true,
            "max-length": 0,
            "min-length": 385,
            "no-orphans": false,
            "notes": "",
            "stranded": false,
            "uncompressed": false
        }
    },
    "Fragment": {
        "in": 447,
        "out": 366,
        "basepairs_in": 173648,
        "basepairs_out": 152279
    },
    "Single_end": {
        "in": 425,
        "out": 366,
        "basepairs_in": 161788,
        "basepairs_out": 152279,
        "discarded": 59
    },
    "Paired_end": {
        "in": 22,
        "out": 0,
        "discarded": 22,
        "Read1": {
            "basepairs_in": 5750,
            "basepairs_out": 0,
            "discarded": 0
        },
        "Read2": {
            "basepairs_in": 6110,
            "basepairs_out": 0,
            "discarded": 0
        }
    }
  }
]
