[ {
    "Program_details": {
        "program": "hts_Primers",
        "version": "1.3.2",
        "options": {
            "flip": true,
            "float": 0,
            "force": false,
            "keep": false,
            "min_primer_matches": 2,
            "notes": "",
            "primer_end_mismatches": 0,
            "primer_mismatches": 0,
            "primers_3p": "../hc_primers.fasta",
            "primers_5p": "CTCCATATCAGTGGTATCAACGCAGAGTACATGGGG",
            "read1-input": [ "/nmspipeline//01-Processing/TRIMMER0091_P80/00-RawData/TRIMMER_Plate80_S2_L001_R1_001_sub.fastq.gz"],
            "read2-input": [ "/nmspipeline//01-Processing/TRIMMER0091_P80/00-RawData/TRIMMER_Plate80_S2_L001_R2_001_sub.fastq.gz"],
            "stats-file": "/nmspipeline//01-Processing/TRIMMER0091_P80/01-PrimerTrim/46-SMARTindex_HC_primers.log",
            "uncompressed": false
        },
        "primers": [ ["p5primer1","CTCCATATCAGTGGTATCAACGCAGAGTACATGGGG"], ["Ga3.10for_mIGH3","GGATAGACAGATGGGGCTGTTGTTGT"], ["Ga12HC.10_REV_CHI","ATAGACAGATGGGGGTGTCGTTTTGG"], ["p5primer1","CTCCATATCAGTGGTATCAACGCAGAGTACATGGGG"], ["Ga3.10for_mIGH3","GGATAGACAGATGGGGCTGTTGTTGT"], ["Ga12HC.10_REV_CHI","ATAGACAGATGGGGGTGTCGTTTTGG"] ]
    },
    "Fragment": {
        "in": 100000,
        "out": 213,
        "basepairs_in": 60000000,
        "basepairs_out": 114594,
        "flipped": 100,
        "primers_counts": [ ["p5primer1","None",603], ["p5primer1","Ga12HC.10_REV_CHI",213], ["None","Ga3.10for_mIGH3",1142], ["None","Ga12HC.10_REV_CHI",27934], ["None","None",70108] ]
    },
    "Single_end": {
        "in": 0,
        "out": 0,
        "basepairs_in": 0,
        "basepairs_out": 0,
        "primerTrim": 0,
        "primerBpTrim": 0,
        "discarded": 0
    },
    "Paired_end": {
        "in": 100000,
        "out": 213,
        "discarded": 99787,
        "Read1": {
            "basepairs_in": 30000000,
            "basepairs_out": 56232,
            "primerTrim": 213,
            "primerBpTrim": 7668
        },
        "Read2": {
            "basepairs_in": 30000000,
            "basepairs_out": 58362,
            "primerTrim": 213,
            "primerBpTrim": 5538
        }
    }
  }, {
    "Program_details": {
        "program": "hts_NTrimmer",
        "version": "1.3.2",
        "options": {
            "append-stats-file": "/nmspipeline//01-Processing/TRIMMER0091_P80/01-PrimerTrim/46-SMARTindex_HC_primers.log",
            "exclude": true,
            "force": false,
            "notes": "",
            "uncompressed": false
        }
    },
    "Fragment": {
        "in": 213,
        "out": 213,
        "basepairs_in": 114594,
        "basepairs_out": 114594
    },
    "Single_end": {
        "in": 0,
        "out": 0,
        "basepairs_in": 0,
        "basepairs_out": 0,
        "rightTrim": 0,
        "leftTrim": 0,
        "discarded": 0
    },
    "Paired_end": {
        "in": 213,
        "out": 213,
        "discarded": 0,
        "Read1": {
            "basepairs_in": 56232,
            "basepairs_out": 56232,
            "leftTrim": 0,
            "rightTrim": 0
        },
        "Read2": {
            "basepairs_in": 58362,
            "basepairs_out": 58362,
            "leftTrim": 0,
            "rightTrim": 0
        }
    }
  }, {
    "Program_details": {
        "program": "hts_SeqScreener",
        "version": "1.3.2",
        "options": {
            "append-stats-file": "/nmspipeline//01-Processing/TRIMMER0091_P80/01-PrimerTrim/46-SMARTindex_HC_primers.log",
            "check-read-2": true,
            "force": false,
            "inverse": false,
            "kmer": 21,
            "notes": "",
            "percentage-hits": 0.01,
            "record": true,
            "seq": "../aberrant_LC.fasta",
            "uncompressed": false
        },
        "screen_info": {
            "screenBP": 96,
            "lookupKmers": 8
        }
    },
    "Fragment": {
        "in": 213,
        "out": 213,
        "basepairs_in": 114594,
        "basepairs_out": 114594
    },
    "Single_end": {
        "in": 0,
        "out": 0,
        "basepairs_in": 0,
        "basepairs_out": 0,
        "hits": 0
    },
    "Paired_end": {
        "in": 213,
        "out": 213,
        "hits": 0,
        "Read1": {
            "basepairs_in": 56232,
            "basepairs_out": 56232
        },
        "Read2": {
            "basepairs_in": 58362,
            "basepairs_out": 58362
        }
    }
  }, {
    "Program_details": {
        "program": "hts_QWindowTrim",
        "version": "1.3.2",
        "options": {
            "append-stats-file": "/nmspipeline//01-Processing/TRIMMER0091_P80/01-PrimerTrim/46-SMARTindex_HC_primers.log",
            "avg-qual-score": 10,
            "force": false,
            "no-left": true,
            "no-right": false,
            "notes": "",
            "qual-offset": 33,
            "uncompressed": false,
            "window-size": 10
        }
    },
    "Fragment": {
        "in": 213,
        "out": 213,
        "basepairs_in": 114594,
        "basepairs_out": 114066
    },
    "Single_end": {
        "in": 0,
        "out": 0,
        "basepairs_in": 0,
        "basepairs_out": 0,
        "rightTrim": 0,
        "leftTrim": 0
    },
    "Paired_end": {
        "in": 213,
        "out": 213,
        "Read1": {
            "basepairs_in": 56232,
            "basepairs_out": 55990,
            "leftTrim": 0,
            "rightTrim": 242
        },
        "Read2": {
            "basepairs_in": 58362,
            "basepairs_out": 58076,
            "leftTrim": 0,
            "rightTrim": 286
        }
    }
  }, {
    "Program_details": {
        "program": "hts_Overlapper",
        "version": "1.3.2",
        "options": {
            "append-stats-file": "/nmspipeline//01-Processing/TRIMMER0091_P80/01-PrimerTrim/46-SMARTindex_HC_primers.log",
            "check-lengths": 20,
            "force": false,
            "force-pairs": false,
            "kmer": 8,
            "kmer-offset": 1,
            "max-mismatch": 100,
            "max-mismatch-errorDensity": 0.25,
            "min-overlap": 8,
            "notes": "",
            "number-of-threads": 1,
            "uncompressed": false
        }
    },
    "Fragment": {
        "in": 213,
        "out": 213,
        "basepairs_in": 114066,
        "basepairs_out": 87585,
        "inserts": {
            "short": 25,
            "medium": 177,
            "long": 11
        },
        "overlap_histogram": [ [12,1], [22,1], [23,1], [24,1], [29,1], [32,2], [48,1], [67,1], [84,2], [86,1], [87,1], [101,1], [105,1], [106,1], [169,1], [179,1], [186,3], [212,1], [222,1], [238,1], [273,1], [281,1], [295,1], [300,1], [319,1], [322,1], [326,1], [328,5], [333,2], [335,1], [341,1], [401,1], [427,1], [431,1], [433,1], [434,1], [437,4], [439,13], [441,1], [451,1], [454,1], [456,1], [457,53], [458,4], [459,16], [461,5], [462,14], [463,2], [464,3], [465,1], [466,19], [467,18], [468,1] ]
    },
    "Single_end": {
        "in": 0,
        "out": 202,
        "basepairs_in": 0,
        "basepairs_out": 81682
    },
    "Paired_end": {
        "in": 213,
        "out": 11,
        "Read1": {
            "basepairs_in": 55990,
            "basepairs_out": 2901
        },
        "Read2": {
            "basepairs_in": 58076,
            "basepairs_out": 3002
        }
    }
  }, {
    "Program_details": {
        "program": "hts_LengthFilter",
        "version": "1.3.2",
        "options": {
            "append-stats-file": "/nmspipeline//01-Processing/TRIMMER0091_P80/01-PrimerTrim/46-SMARTindex_HC_primers.log",
            "fastq-output": "/nmspipeline//01-Processing/TRIMMER0091_P80/01-PrimerTrim/46-SMARTindex_HC_primers",
            "force": true,
            "max-length": 0,
            "min-length": 385,
            "no-orphans": false,
            "notes": "",
            "stranded": false,
            "uncompressed": false
        }
    },
    "Fragment": {
        "in": 213,
        "out": 162,
        "basepairs_in": 87585,
        "basepairs_out": 74064
    },
    "Single_end": {
        "in": 202,
        "out": 162,
        "basepairs_in": 81682,
        "basepairs_out": 74064,
        "discarded": 40
    },
    "Paired_end": {
        "in": 11,
        "out": 0,
        "discarded": 11,
        "Read1": {
            "basepairs_in": 2901,
            "basepairs_out": 0,
            "discarded": 0
        },
        "Read2": {
            "basepairs_in": 3002,
            "basepairs_out": 0,
            "discarded": 0
        }
    }
  }
]
