[ {
    "Program_details": {
        "program": "hts_Primers",
        "version": "1.3.2",
        "options": {
            "flip": true,
            "float": 0,
            "force": false,
            "keep": false,
            "min_primer_matches": 2,
            "notes": "",
            "primer_end_mismatches": 0,
            "primer_mismatches": 0,
            "primers_3p": "../lc_primers.fasta",
            "primers_5p": "GCATGGATCAGTGGTATCAACGCAGAGTACATGGGG",
            "read1-input": [ "/nmspipeline//01-Processing/TRIMMER0091_P80/00-RawData/TRIMMER_Plate80_S2_L001_R1_001_sub.fastq.gz"],
            "read2-input": [ "/nmspipeline//01-Processing/TRIMMER0091_P80/00-RawData/TRIMMER_Plate80_S2_L001_R2_001_sub.fastq.gz"],
            "stats-file": "/nmspipeline//01-Processing/TRIMMER0091_P80/01-PrimerTrim/47-SMARTindex_LC_primers.log",
            "uncompressed": false
        },
        "primers": [ ["p5primer1","GCATGGATCAGTGGTATCAACGCAGAGTACATGGGG"], ["KaLC.6_REV_LC","GGATACAGTTGGTGCAGCATC"], ["LaLC.R-mIGL","ATCGTACACACCAGTGTGGC"], ["p5primer1","GCATGGATCAGTGGTATCAACGCAGAGTACATGGGG"], ["KaLC.6_REV_LC","GGATACAGTTGGTGCAGCATC"], ["LaLC.R-mIGL","ATCGTACACACCAGTGTGGC"] ]
    },
    "Fragment": {
        "in": 100000,
        "out": 291,
        "basepairs_in": 60000000,
        "basepairs_out": 158018,
        "flipped": 108,
        "primers_counts": [ ["p5primer1","LaLC.R-mIGL",5], ["None","LaLC.R-mIGL",599], ["p5primer1","None",209], ["p5primer1","KaLC.6_REV_LC",286], ["None","None",48257], ["None","KaLC.6_REV_LC",50644] ]
    },
    "Single_end": {
        "in": 0,
        "out": 0,
        "basepairs_in": 0,
        "basepairs_out": 0,
        "primerTrim": 0,
        "primerBpTrim": 0,
        "discarded": 0
    },
    "Paired_end": {
        "in": 100000,
        "out": 291,
        "discarded": 99709,
        "Read1": {
            "basepairs_in": 30000000,
            "basepairs_out": 76824,
            "primerTrim": 291,
            "primerBpTrim": 10476
        },
        "Read2": {
            "basepairs_in": 30000000,
            "basepairs_out": 81194,
            "primerTrim": 291,
            "primerBpTrim": 6106
        }
    }
  }, {
    "Program_details": {
        "program": "hts_NTrimmer",
        "version": "1.3.2",
        "options": {
            "append-stats-file": "/nmspipeline//01-Processing/TRIMMER0091_P80/01-PrimerTrim/47-SMARTindex_LC_primers.log",
            "exclude": true,
            "force": false,
            "notes": "",
            "uncompressed": false
        }
    },
    "Fragment": {
        "in": 291,
        "out": 290,
        "basepairs_in": 158018,
        "basepairs_out": 157475
    },
    "Single_end": {
        "in": 0,
        "out": 0,
        "basepairs_in": 0,
        "basepairs_out": 0,
        "rightTrim": 0,
        "leftTrim": 0,
        "discarded": 0
    },
    "Paired_end": {
        "in": 291,
        "out": 290,
        "discarded": 1,
        "Read1": {
            "basepairs_in": 76824,
            "basepairs_out": 76560,
            "leftTrim": 0,
            "rightTrim": 0
        },
        "Read2": {
            "basepairs_in": 81194,
            "basepairs_out": 80915,
            "leftTrim": 0,
            "rightTrim": 0
        }
    }
  }, {
    "Program_details": {
        "program": "hts_SeqScreener",
        "version": "1.3.2",
        "options": {
            "append-stats-file": "/nmspipeline//01-Processing/TRIMMER0091_P80/01-PrimerTrim/47-SMARTindex_LC_primers.log",
            "check-read-2": true,
            "force": false,
            "inverse": false,
            "kmer": 21,
            "notes": "",
            "percentage-hits": 0.01,
            "record": true,
            "seq": "../aberrant_LC.fasta",
            "uncompressed": false
        },
        "screen_info": {
            "screenBP": 96,
            "lookupKmers": 8
        }
    },
    "Fragment": {
        "in": 290,
        "out": 290,
        "basepairs_in": 157475,
        "basepairs_out": 157475
    },
    "Single_end": {
        "in": 0,
        "out": 0,
        "basepairs_in": 0,
        "basepairs_out": 0,
        "hits": 0
    },
    "Paired_end": {
        "in": 290,
        "out": 290,
        "hits": 32,
        "Read1": {
            "basepairs_in": 76560,
            "basepairs_out": 76560
        },
        "Read2": {
            "basepairs_in": 80915,
            "basepairs_out": 80915
        }
    }
  }, {
    "Program_details": {
        "program": "hts_QWindowTrim",
        "version": "1.3.2",
        "options": {
            "append-stats-file": "/nmspipeline//01-Processing/TRIMMER0091_P80/01-PrimerTrim/47-SMARTindex_LC_primers.log",
            "avg-qual-score": 10,
            "force": false,
            "no-left": true,
            "no-right": false,
            "notes": "",
            "qual-offset": 33,
            "uncompressed": false,
            "window-size": 10
        }
    },
    "Fragment": {
        "in": 290,
        "out": 290,
        "basepairs_in": 157475,
        "basepairs_out": 156726
    },
    "Single_end": {
        "in": 0,
        "out": 0,
        "basepairs_in": 0,
        "basepairs_out": 0,
        "rightTrim": 0,
        "leftTrim": 0
    },
    "Paired_end": {
        "in": 290,
        "out": 290,
        "Read1": {
            "basepairs_in": 76560,
            "basepairs_out": 76278,
            "leftTrim": 0,
            "rightTrim": 282
        },
        "Read2": {
            "basepairs_in": 80915,
            "basepairs_out": 80448,
            "leftTrim": 0,
            "rightTrim": 467
        }
    }
  }, {
    "Program_details": {
        "program": "hts_Overlapper",
        "version": "1.3.2",
        "options": {
            "append-stats-file": "/nmspipeline//01-Processing/TRIMMER0091_P80/01-PrimerTrim/47-SMARTindex_LC_primers.log",
            "check-lengths": 20,
            "force": false,
            "force-pairs": false,
            "kmer": 8,
            "kmer-offset": 1,
            "max-mismatch": 100,
            "max-mismatch-errorDensity": 0.25,
            "min-overlap": 8,
            "notes": "",
            "number-of-threads": 1,
            "uncompressed": false
        }
    },
    "Fragment": {
        "in": 290,
        "out": 290,
        "basepairs_in": 156726,
        "basepairs_out": 113767,
        "inserts": {
            "short": 32,
            "medium": 242,
            "long": 16
        },
        "overlap_histogram": [ [15,1], [18,1], [21,1], [23,1], [28,2], [29,2], [36,1], [40,1], [51,1], [52,3], [71,1], [88,1], [89,2], [93,2], [134,1], [144,1], [150,1], [151,1], [156,2], [158,1], [161,3], [176,1], [180,1], [317,1], [326,1], [345,1], [381,1], [390,1], [398,3], [400,3], [402,3], [403,11], [411,1], [413,1], [414,13], [415,5], [417,3], [418,26], [419,1], [420,1], [421,2], [422,33], [423,9], [424,4], [425,13], [426,15], [427,10], [428,7], [429,44], [430,4], [431,6], [440,2], [441,1], [442,1], [444,6], [445,1], [447,2], [449,3], [451,1], [481,1], [533,1] ]
    },
    "Single_end": {
        "in": 0,
        "out": 274,
        "basepairs_in": 0,
        "basepairs_out": 105128
    },
    "Paired_end": {
        "in": 290,
        "out": 16,
        "Read1": {
            "basepairs_in": 76278,
            "basepairs_out": 4205
        },
        "Read2": {
            "basepairs_in": 80448,
            "basepairs_out": 4434
        }
    }
  }, {
    "Program_details": {
        "program": "hts_LengthFilter",
        "version": "1.3.2",
        "options": {
            "append-stats-file": "/nmspipeline//01-Processing/TRIMMER0091_P80/01-PrimerTrim/47-SMARTindex_LC_primers.log",
            "fastq-output": "/nmspipeline//01-Processing/TRIMMER0091_P80/01-PrimerTrim/47-SMARTindex_LC_primers",
            "force": true,
            "max-length": 0,
            "min-length": 385,
            "no-orphans": false,
            "notes": "",
            "stranded": false,
            "uncompressed": false
        }
    },
    "Fragment": {
        "in": 290,
        "out": 238,
        "basepairs_in": 113767,
        "basepairs_out": 100874
    },
    "Single_end": {
        "in": 274,
        "out": 238,
        "basepairs_in": 105128,
        "basepairs_out": 100874,
        "discarded": 36
    },
    "Paired_end": {
        "in": 16,
        "out": 0,
        "discarded": 16,
        "Read1": {
            "basepairs_in": 4205,
            "basepairs_out": 0,
            "discarded": 0
        },
        "Read2": {
            "basepairs_in": 4434,
            "basepairs_out": 0,
            "discarded": 0
        }
    }
  }
]
