[ {
    "Program_details": {
        "program": "hts_Primers",
        "version": "1.3.2",
        "options": {
            "flip": true,
            "float": 0,
            "force": false,
            "keep": false,
            "min_primer_matches": 2,
            "notes": "",
            "primer_end_mismatches": 0,
            "primer_mismatches": 0,
            "primers_3p": "../hc_primers.fasta",
            "primers_5p": "GCATGGATCAGTGGTATCAACGCAGAGTACATGGGG",
            "read1-input": [ "/nmspipeline//01-Processing/TRIMMER0091_P80/00-RawData/TRIMMER_Plate80_S2_L001_R1_001_sub.fastq.gz"],
            "read2-input": [ "/nmspipeline//01-Processing/TRIMMER0091_P80/00-RawData/TRIMMER_Plate80_S2_L001_R2_001_sub.fastq.gz"],
            "stats-file": "/nmspipeline//01-Processing/TRIMMER0091_P80/01-PrimerTrim/47-SMARTindex_HC_primers.log",
            "uncompressed": false
        },
        "primers": [ ["p5primer1","GCATGGATCAGTGGTATCAACGCAGAGTACATGGGG"], ["Ga3.10for_mIGH3","GGATAGACAGATGGGGCTGTTGTTGT"], ["Ga12HC.10_REV_CHI","ATAGACAGATGGGGGTGTCGTTTTGG"], ["p5primer1","GCATGGATCAGTGGTATCAACGCAGAGTACATGGGG"], ["Ga3.10for_mIGH3","GGATAGACAGATGGGGCTGTTGTTGT"], ["Ga12HC.10_REV_CHI","ATAGACAGATGGGGGTGTCGTTTTGG"] ]
    },
    "Fragment": {
        "in": 100000,
        "out": 140,
        "basepairs_in": 60000000,
        "basepairs_out": 75320,
        "flipped": 60,
        "primers_counts": [ ["p5primer1","Ga12HC.10_REV_CHI",140], ["None","Ga3.10for_mIGH3",1142], ["p5primer1","None",360], ["None","Ga12HC.10_REV_CHI",28007], ["None","None",70351] ]
    },
    "Single_end": {
        "in": 0,
        "out": 0,
        "basepairs_in": 0,
        "basepairs_out": 0,
        "primerTrim": 0,
        "primerBpTrim": 0,
        "discarded": 0
    },
    "Paired_end": {
        "in": 100000,
        "out": 140,
        "discarded": 99860,
        "Read1": {
            "basepairs_in": 30000000,
            "basepairs_out": 36960,
            "primerTrim": 140,
            "primerBpTrim": 5040
        },
        "Read2": {
            "basepairs_in": 30000000,
            "basepairs_out": 38360,
            "primerTrim": 140,
            "primerBpTrim": 3640
        }
    }
  }, {
    "Program_details": {
        "program": "hts_NTrimmer",
        "version": "1.3.2",
        "options": {
            "append-stats-file": "/nmspipeline//01-Processing/TRIMMER0091_P80/01-PrimerTrim/47-SMARTindex_HC_primers.log",
            "exclude": true,
            "force": false,
            "notes": "",
            "uncompressed": false
        }
    },
    "Fragment": {
        "in": 140,
        "out": 140,
        "basepairs_in": 75320,
        "basepairs_out": 75320
    },
    "Single_end": {
        "in": 0,
        "out": 0,
        "basepairs_in": 0,
        "basepairs_out": 0,
        "rightTrim": 0,
        "leftTrim": 0,
        "discarded": 0
    },
    "Paired_end": {
        "in": 140,
        "out": 140,
        "discarded": 0,
        "Read1": {
            "basepairs_in": 36960,
            "basepairs_out": 36960,
            "leftTrim": 0,
            "rightTrim": 0
        },
        "Read2": {
            "basepairs_in": 38360,
            "basepairs_out": 38360,
            "leftTrim": 0,
            "rightTrim": 0
        }
    }
  }, {
    "Program_details": {
        "program": "hts_SeqScreener",
        "version": "1.3.2",
        "options": {
            "append-stats-file": "/nmspipeline//01-Processing/TRIMMER0091_P80/01-PrimerTrim/47-SMARTindex_HC_primers.log",
            "check-read-2": true,
            "force": false,
            "inverse": false,
            "kmer": 21,
            "notes": "",
            "percentage-hits": 0.01,
            "record": true,
            "seq": "../aberrant_LC.fasta",
            "uncompressed": false
        },
        "screen_info": {
            "screenBP": 96,
            "lookupKmers": 8
        }
    },
    "Fragment": {
        "in": 140,
        "out": 140,
        "basepairs_in": 75320,
        "basepairs_out": 75320
    },
    "Single_end": {
        "in": 0,
        "out": 0,
        "basepairs_in": 0,
        "basepairs_out": 0,
        "hits": 0
    },
    "Paired_end": {
        "in": 140,
        "out": 140,
        "hits": 0,
        "Read1": {
            "basepairs_in": 36960,
            "basepairs_out": 36960
        },
        "Read2": {
            "basepairs_in": 38360,
            "basepairs_out": 38360
        }
    }
  }, {
    "Program_details": {
        "program": "hts_QWindowTrim",
        "version": "1.3.2",
        "options": {
            "append-stats-file": "/nmspipeline//01-Processing/TRIMMER0091_P80/01-PrimerTrim/47-SMARTindex_HC_primers.log",
            "avg-qual-score": 10,
            "force": false,
            "no-left": true,
            "no-right": false,
            "notes": "",
            "qual-offset": 33,
            "uncompressed": false,
            "window-size": 10
        }
    },
    "Fragment": {
        "in": 140,
        "out": 140,
        "basepairs_in": 75320,
        "basepairs_out": 75104
    },
    "Single_end": {
        "in": 0,
        "out": 0,
        "basepairs_in": 0,
        "basepairs_out": 0,
        "rightTrim": 0,
        "leftTrim": 0
    },
    "Paired_end": {
        "in": 140,
        "out": 140,
        "Read1": {
            "basepairs_in": 36960,
            "basepairs_out": 36830,
            "leftTrim": 0,
            "rightTrim": 130
        },
        "Read2": {
            "basepairs_in": 38360,
            "basepairs_out": 38274,
            "leftTrim": 0,
            "rightTrim": 86
        }
    }
  }, {
    "Program_details": {
        "program": "hts_Overlapper",
        "version": "1.3.2",
        "options": {
            "append-stats-file": "/nmspipeline//01-Processing/TRIMMER0091_P80/01-PrimerTrim/47-SMARTindex_HC_primers.log",
            "check-lengths": 20,
            "force": false,
            "force-pairs": false,
            "kmer": 8,
            "kmer-offset": 1,
            "max-mismatch": 100,
            "max-mismatch-errorDensity": 0.25,
            "min-overlap": 8,
            "notes": "",
            "number-of-threads": 1,
            "uncompressed": false
        }
    },
    "Fragment": {
        "in": 140,
        "out": 140,
        "basepairs_in": 75104,
        "basepairs_out": 59528,
        "inserts": {
            "short": 13,
            "medium": 119,
            "long": 8
        },
        "overlap_histogram": [ [15,1], [27,1], [71,1], [86,1], [106,1], [125,1], [152,1], [154,1], [200,1], [216,1], [232,2], [258,1], [289,1], [357,1], [385,1], [392,1], [400,1], [403,1], [424,1], [425,1], [439,1], [449,4], [450,17], [452,7], [454,76], [455,2], [456,1], [457,2], [461,1] ]
    },
    "Single_end": {
        "in": 0,
        "out": 132,
        "basepairs_in": 0,
        "basepairs_out": 55243
    },
    "Paired_end": {
        "in": 140,
        "out": 8,
        "Read1": {
            "basepairs_in": 36830,
            "basepairs_out": 2102
        },
        "Read2": {
            "basepairs_in": 38274,
            "basepairs_out": 2183
        }
    }
  }, {
    "Program_details": {
        "program": "hts_LengthFilter",
        "version": "1.3.2",
        "options": {
            "append-stats-file": "/nmspipeline//01-Processing/TRIMMER0091_P80/01-PrimerTrim/47-SMARTindex_HC_primers.log",
            "fastq-output": "/nmspipeline//01-Processing/TRIMMER0091_P80/01-PrimerTrim/47-SMARTindex_HC_primers",
            "force": true,
            "max-length": 0,
            "min-length": 385,
            "no-orphans": false,
            "notes": "",
            "stranded": false,
            "uncompressed": false
        }
    },
    "Fragment": {
        "in": 140,
        "out": 117,
        "basepairs_in": 59528,
        "basepairs_out": 52723
    },
    "Single_end": {
        "in": 132,
        "out": 117,
        "basepairs_in": 55243,
        "basepairs_out": 52723,
        "discarded": 15
    },
    "Paired_end": {
        "in": 8,
        "out": 0,
        "discarded": 8,
        "Read1": {
            "basepairs_in": 2102,
            "basepairs_out": 0,
            "discarded": 0
        },
        "Read2": {
            "basepairs_in": 2183,
            "basepairs_out": 0,
            "discarded": 0
        }
    }
  }
]
