[ {
    "Program_details": {
        "program": "hts_Primers",
        "version": "1.3.2",
        "options": {
            "flip": true,
            "float": 0,
            "force": false,
            "keep": false,
            "min_primer_matches": 2,
            "notes": "",
            "primer_end_mismatches": 0,
            "primer_mismatches": 0,
            "primers_3p": "../lc_primers.fasta",
            "primers_5p": "AATAGCATCAGTGGTATCAACGCAGAGTACATGGGG",
            "read1-input": [ "/nmspipeline//01-Processing/TRIMMER0091_P80/00-RawData/TRIMMER_Plate80_S2_L001_R1_001_sub.fastq.gz"],
            "read2-input": [ "/nmspipeline//01-Processing/TRIMMER0091_P80/00-RawData/TRIMMER_Plate80_S2_L001_R2_001_sub.fastq.gz"],
            "stats-file": "/nmspipeline//01-Processing/TRIMMER0091_P80/01-PrimerTrim/48-SMARTindex_LC_primers.log",
            "uncompressed": false
        },
        "primers": [ ["p5primer1","AATAGCATCAGTGGTATCAACGCAGAGTACATGGGG"], ["KaLC.6_REV_LC","GGATACAGTTGGTGCAGCATC"], ["LaLC.R-mIGL","ATCGTACACACCAGTGTGGC"], ["p5primer1","AATAGCATCAGTGGTATCAACGCAGAGTACATGGGG"], ["KaLC.6_REV_LC","GGATACAGTTGGTGCAGCATC"], ["LaLC.R-mIGL","ATCGTACACACCAGTGTGGC"] ]
    },
    "Fragment": {
        "in": 100000,
        "out": 154,
        "basepairs_in": 60000000,
        "basepairs_out": 83624,
        "flipped": 69,
        "primers_counts": [ ["p5primer1","LaLC.R-mIGL",2], ["p5primer1","KaLC.6_REV_LC",152], ["p5primer1","None",134], ["None","LaLC.R-mIGL",602], ["None","None",48332], ["None","KaLC.6_REV_LC",50778] ]
    },
    "Single_end": {
        "in": 0,
        "out": 0,
        "basepairs_in": 0,
        "basepairs_out": 0,
        "primerTrim": 0,
        "primerBpTrim": 0,
        "discarded": 0
    },
    "Paired_end": {
        "in": 100000,
        "out": 154,
        "discarded": 99846,
        "Read1": {
            "basepairs_in": 30000000,
            "basepairs_out": 40656,
            "primerTrim": 154,
            "primerBpTrim": 5544
        },
        "Read2": {
            "basepairs_in": 30000000,
            "basepairs_out": 42968,
            "primerTrim": 154,
            "primerBpTrim": 3232
        }
    }
  }, {
    "Program_details": {
        "program": "hts_NTrimmer",
        "version": "1.3.2",
        "options": {
            "append-stats-file": "/nmspipeline//01-Processing/TRIMMER0091_P80/01-PrimerTrim/48-SMARTindex_LC_primers.log",
            "exclude": true,
            "force": false,
            "notes": "",
            "uncompressed": false
        }
    },
    "Fragment": {
        "in": 154,
        "out": 154,
        "basepairs_in": 83624,
        "basepairs_out": 83624
    },
    "Single_end": {
        "in": 0,
        "out": 0,
        "basepairs_in": 0,
        "basepairs_out": 0,
        "rightTrim": 0,
        "leftTrim": 0,
        "discarded": 0
    },
    "Paired_end": {
        "in": 154,
        "out": 154,
        "discarded": 0,
        "Read1": {
            "basepairs_in": 40656,
            "basepairs_out": 40656,
            "leftTrim": 0,
            "rightTrim": 0
        },
        "Read2": {
            "basepairs_in": 42968,
            "basepairs_out": 42968,
            "leftTrim": 0,
            "rightTrim": 0
        }
    }
  }, {
    "Program_details": {
        "program": "hts_SeqScreener",
        "version": "1.3.2",
        "options": {
            "append-stats-file": "/nmspipeline//01-Processing/TRIMMER0091_P80/01-PrimerTrim/48-SMARTindex_LC_primers.log",
            "check-read-2": true,
            "force": false,
            "inverse": false,
            "kmer": 21,
            "notes": "",
            "percentage-hits": 0.01,
            "record": true,
            "seq": "../aberrant_LC.fasta",
            "uncompressed": false
        },
        "screen_info": {
            "screenBP": 96,
            "lookupKmers": 8
        }
    },
    "Fragment": {
        "in": 154,
        "out": 154,
        "basepairs_in": 83624,
        "basepairs_out": 83624
    },
    "Single_end": {
        "in": 0,
        "out": 0,
        "basepairs_in": 0,
        "basepairs_out": 0,
        "hits": 0
    },
    "Paired_end": {
        "in": 154,
        "out": 154,
        "hits": 104,
        "Read1": {
            "basepairs_in": 40656,
            "basepairs_out": 40656
        },
        "Read2": {
            "basepairs_in": 42968,
            "basepairs_out": 42968
        }
    }
  }, {
    "Program_details": {
        "program": "hts_QWindowTrim",
        "version": "1.3.2",
        "options": {
            "append-stats-file": "/nmspipeline//01-Processing/TRIMMER0091_P80/01-PrimerTrim/48-SMARTindex_LC_primers.log",
            "avg-qual-score": 10,
            "force": false,
            "no-left": true,
            "no-right": false,
            "notes": "",
            "qual-offset": 33,
            "uncompressed": false,
            "window-size": 10
        }
    },
    "Fragment": {
        "in": 154,
        "out": 154,
        "basepairs_in": 83624,
        "basepairs_out": 82814
    },
    "Single_end": {
        "in": 0,
        "out": 0,
        "basepairs_in": 0,
        "basepairs_out": 0,
        "rightTrim": 0,
        "leftTrim": 0
    },
    "Paired_end": {
        "in": 154,
        "out": 154,
        "Read1": {
            "basepairs_in": 40656,
            "basepairs_out": 40222,
            "leftTrim": 0,
            "rightTrim": 434
        },
        "Read2": {
            "basepairs_in": 42968,
            "basepairs_out": 42592,
            "leftTrim": 0,
            "rightTrim": 376
        }
    }
  }, {
    "Program_details": {
        "program": "hts_Overlapper",
        "version": "1.3.2",
        "options": {
            "append-stats-file": "/nmspipeline//01-Processing/TRIMMER0091_P80/01-PrimerTrim/48-SMARTindex_LC_primers.log",
            "check-lengths": 20,
            "force": false,
            "force-pairs": false,
            "kmer": 8,
            "kmer-offset": 1,
            "max-mismatch": 100,
            "max-mismatch-errorDensity": 0.25,
            "min-overlap": 8,
            "notes": "",
            "number-of-threads": 1,
            "uncompressed": false
        }
    },
    "Fragment": {
        "in": 154,
        "out": 154,
        "basepairs_in": 82814,
        "basepairs_out": 47672,
        "inserts": {
            "short": 56,
            "medium": 92,
            "long": 6
        },
        "overlap_histogram": [ [18,1], [30,1], [31,1], [36,1], [48,1], [61,1], [67,1], [82,4], [83,6], [84,1], [86,19], [87,2], [89,1], [90,1], [92,1], [97,1], [131,2], [137,1], [145,1], [151,1], [161,1], [164,1], [177,2], [195,1], [209,1], [224,1], [269,1], [363,1], [366,1], [386,1], [393,1], [396,2], [397,1], [398,4], [399,5], [415,1], [416,1], [418,18], [419,1], [420,1], [421,2], [422,3], [423,5], [426,1], [430,1], [431,8], [434,31], [440,1], [445,1], [446,1] ]
    },
    "Single_end": {
        "in": 0,
        "out": 148,
        "basepairs_in": 0,
        "basepairs_out": 44438
    },
    "Paired_end": {
        "in": 154,
        "out": 6,
        "Read1": {
            "basepairs_in": 40222,
            "basepairs_out": 1577
        },
        "Read2": {
            "basepairs_in": 42592,
            "basepairs_out": 1657
        }
    }
  }, {
    "Program_details": {
        "program": "hts_LengthFilter",
        "version": "1.3.2",
        "options": {
            "append-stats-file": "/nmspipeline//01-Processing/TRIMMER0091_P80/01-PrimerTrim/48-SMARTindex_LC_primers.log",
            "fastq-output": "/nmspipeline//01-Processing/TRIMMER0091_P80/01-PrimerTrim/48-SMARTindex_LC_primers",
            "force": true,
            "max-length": 0,
            "min-length": 385,
            "no-orphans": false,
            "notes": "",
            "stranded": false,
            "uncompressed": false
        }
    },
    "Fragment": {
        "in": 154,
        "out": 90,
        "basepairs_in": 47672,
        "basepairs_out": 38061
    },
    "Single_end": {
        "in": 148,
        "out": 90,
        "basepairs_in": 44438,
        "basepairs_out": 38061,
        "discarded": 58
    },
    "Paired_end": {
        "in": 6,
        "out": 0,
        "discarded": 6,
        "Read1": {
            "basepairs_in": 1577,
            "basepairs_out": 0,
            "discarded": 0
        },
        "Read2": {
            "basepairs_in": 1657,
            "basepairs_out": 0,
            "discarded": 0
        }
    }
  }
]
