[ {
    "Program_details": {
        "program": "hts_Primers",
        "version": "1.3.2",
        "options": {
            "flip": true,
            "float": 0,
            "force": false,
            "keep": false,
            "min_primer_matches": 2,
            "notes": "",
            "primer_end_mismatches": 0,
            "primer_mismatches": 0,
            "primers_3p": "../hc_primers.fasta",
            "primers_5p": "TCGAGGTACAGTGGTATCAACGCAGAGTACATGGGG",
            "read1-input": [ "/nmspipeline//01-Processing/TRIMMER0091_P80/00-RawData/TRIMMER_Plate80_S2_L001_R1_001_sub.fastq.gz"],
            "read2-input": [ "/nmspipeline//01-Processing/TRIMMER0091_P80/00-RawData/TRIMMER_Plate80_S2_L001_R2_001_sub.fastq.gz"],
            "stats-file": "/nmspipeline//01-Processing/TRIMMER0091_P80/01-PrimerTrim/50-SMARTindex_HC_primers.log",
            "uncompressed": false
        },
        "primers": [ ["p5primer1","TCGAGGTACAGTGGTATCAACGCAGAGTACATGGGG"], ["Ga3.10for_mIGH3","GGATAGACAGATGGGGCTGTTGTTGT"], ["Ga12HC.10_REV_CHI","ATAGACAGATGGGGGTGTCGTTTTGG"], ["p5primer1","TCGAGGTACAGTGGTATCAACGCAGAGTACATGGGG"], ["Ga3.10for_mIGH3","GGATAGACAGATGGGGCTGTTGTTGT"], ["Ga12HC.10_REV_CHI","ATAGACAGATGGGGGTGTCGTTTTGG"] ]
    },
    "Fragment": {
        "in": 100000,
        "out": 121,
        "basepairs_in": 60000000,
        "basepairs_out": 65098,
        "flipped": 49,
        "primers_counts": [ ["p5primer1","Ga12HC.10_REV_CHI",120], ["p5primer1","None",204], ["p5primer1","Ga3.10for_mIGH3",1], ["None","Ga3.10for_mIGH3",1141], ["None","Ga12HC.10_REV_CHI",28027], ["None","None",70507] ]
    },
    "Single_end": {
        "in": 0,
        "out": 0,
        "basepairs_in": 0,
        "basepairs_out": 0,
        "primerTrim": 0,
        "primerBpTrim": 0,
        "discarded": 0
    },
    "Paired_end": {
        "in": 100000,
        "out": 121,
        "discarded": 99879,
        "Read1": {
            "basepairs_in": 30000000,
            "basepairs_out": 31944,
            "primerTrim": 121,
            "primerBpTrim": 4356
        },
        "Read2": {
            "basepairs_in": 30000000,
            "basepairs_out": 33154,
            "primerTrim": 121,
            "primerBpTrim": 3146
        }
    }
  }, {
    "Program_details": {
        "program": "hts_NTrimmer",
        "version": "1.3.2",
        "options": {
            "append-stats-file": "/nmspipeline//01-Processing/TRIMMER0091_P80/01-PrimerTrim/50-SMARTindex_HC_primers.log",
            "exclude": true,
            "force": false,
            "notes": "",
            "uncompressed": false
        }
    },
    "Fragment": {
        "in": 121,
        "out": 121,
        "basepairs_in": 65098,
        "basepairs_out": 65098
    },
    "Single_end": {
        "in": 0,
        "out": 0,
        "basepairs_in": 0,
        "basepairs_out": 0,
        "rightTrim": 0,
        "leftTrim": 0,
        "discarded": 0
    },
    "Paired_end": {
        "in": 121,
        "out": 121,
        "discarded": 0,
        "Read1": {
            "basepairs_in": 31944,
            "basepairs_out": 31944,
            "leftTrim": 0,
            "rightTrim": 0
        },
        "Read2": {
            "basepairs_in": 33154,
            "basepairs_out": 33154,
            "leftTrim": 0,
            "rightTrim": 0
        }
    }
  }, {
    "Program_details": {
        "program": "hts_SeqScreener",
        "version": "1.3.2",
        "options": {
            "append-stats-file": "/nmspipeline//01-Processing/TRIMMER0091_P80/01-PrimerTrim/50-SMARTindex_HC_primers.log",
            "check-read-2": true,
            "force": false,
            "inverse": false,
            "kmer": 21,
            "notes": "",
            "percentage-hits": 0.01,
            "record": true,
            "seq": "../aberrant_LC.fasta",
            "uncompressed": false
        },
        "screen_info": {
            "screenBP": 96,
            "lookupKmers": 8
        }
    },
    "Fragment": {
        "in": 121,
        "out": 121,
        "basepairs_in": 65098,
        "basepairs_out": 65098
    },
    "Single_end": {
        "in": 0,
        "out": 0,
        "basepairs_in": 0,
        "basepairs_out": 0,
        "hits": 0
    },
    "Paired_end": {
        "in": 121,
        "out": 121,
        "hits": 0,
        "Read1": {
            "basepairs_in": 31944,
            "basepairs_out": 31944
        },
        "Read2": {
            "basepairs_in": 33154,
            "basepairs_out": 33154
        }
    }
  }, {
    "Program_details": {
        "program": "hts_QWindowTrim",
        "version": "1.3.2",
        "options": {
            "append-stats-file": "/nmspipeline//01-Processing/TRIMMER0091_P80/01-PrimerTrim/50-SMARTindex_HC_primers.log",
            "avg-qual-score": 10,
            "force": false,
            "no-left": true,
            "no-right": false,
            "notes": "",
            "qual-offset": 33,
            "uncompressed": false,
            "window-size": 10
        }
    },
    "Fragment": {
        "in": 121,
        "out": 121,
        "basepairs_in": 65098,
        "basepairs_out": 64856
    },
    "Single_end": {
        "in": 0,
        "out": 0,
        "basepairs_in": 0,
        "basepairs_out": 0,
        "rightTrim": 0,
        "leftTrim": 0
    },
    "Paired_end": {
        "in": 121,
        "out": 121,
        "Read1": {
            "basepairs_in": 31944,
            "basepairs_out": 31849,
            "leftTrim": 0,
            "rightTrim": 95
        },
        "Read2": {
            "basepairs_in": 33154,
            "basepairs_out": 33007,
            "leftTrim": 0,
            "rightTrim": 147
        }
    }
  }, {
    "Program_details": {
        "program": "hts_Overlapper",
        "version": "1.3.2",
        "options": {
            "append-stats-file": "/nmspipeline//01-Processing/TRIMMER0091_P80/01-PrimerTrim/50-SMARTindex_HC_primers.log",
            "check-lengths": 20,
            "force": false,
            "force-pairs": false,
            "kmer": 8,
            "kmer-offset": 1,
            "max-mismatch": 100,
            "max-mismatch-errorDensity": 0.25,
            "min-overlap": 8,
            "notes": "",
            "number-of-threads": 1,
            "uncompressed": false
        }
    },
    "Fragment": {
        "in": 121,
        "out": 121,
        "basepairs_in": 64856,
        "basepairs_out": 56409,
        "inserts": {
            "short": 8,
            "medium": 94,
            "long": 19
        },
        "overlap_histogram": [ [27,1], [82,1], [100,1], [113,1], [125,1], [132,1], [133,1], [184,1], [396,1], [456,1], [477,8], [479,1], [480,18], [481,1], [482,1], [483,10], [484,3], [485,11], [486,36], [487,2], [508,1] ]
    },
    "Single_end": {
        "in": 0,
        "out": 102,
        "basepairs_in": 0,
        "basepairs_out": 46241
    },
    "Paired_end": {
        "in": 121,
        "out": 19,
        "Read1": {
            "basepairs_in": 31849,
            "basepairs_out": 4984
        },
        "Read2": {
            "basepairs_in": 33007,
            "basepairs_out": 5184
        }
    }
  }, {
    "Program_details": {
        "program": "hts_LengthFilter",
        "version": "1.3.2",
        "options": {
            "append-stats-file": "/nmspipeline//01-Processing/TRIMMER0091_P80/01-PrimerTrim/50-SMARTindex_HC_primers.log",
            "fastq-output": "/nmspipeline//01-Processing/TRIMMER0091_P80/01-PrimerTrim/50-SMARTindex_HC_primers",
            "force": true,
            "max-length": 0,
            "min-length": 385,
            "no-orphans": false,
            "notes": "",
            "stranded": false,
            "uncompressed": false
        }
    },
    "Fragment": {
        "in": 121,
        "out": 94,
        "basepairs_in": 56409,
        "basepairs_out": 45345
    },
    "Single_end": {
        "in": 102,
        "out": 94,
        "basepairs_in": 46241,
        "basepairs_out": 45345,
        "discarded": 8
    },
    "Paired_end": {
        "in": 19,
        "out": 0,
        "discarded": 19,
        "Read1": {
            "basepairs_in": 4984,
            "basepairs_out": 0,
            "discarded": 0
        },
        "Read2": {
            "basepairs_in": 5184,
            "basepairs_out": 0,
            "discarded": 0
        }
    }
  }
]
