[ {
    "Program_details": {
        "program": "hts_Primers",
        "version": "1.3.2",
        "options": {
            "flip": true,
            "float": 0,
            "force": false,
            "keep": false,
            "min_primer_matches": 2,
            "notes": "",
            "primer_end_mismatches": 0,
            "primer_mismatches": 0,
            "primers_3p": "../lc_primers.fasta",
            "primers_5p": "TCGAGGTACAGTGGTATCAACGCAGAGTACATGGGG",
            "read1-input": [ "/nmspipeline//01-Processing/TRIMMER0091_P80/00-RawData/TRIMMER_Plate80_S2_L001_R1_001_sub.fastq.gz"],
            "read2-input": [ "/nmspipeline//01-Processing/TRIMMER0091_P80/00-RawData/TRIMMER_Plate80_S2_L001_R2_001_sub.fastq.gz"],
            "stats-file": "/nmspipeline//01-Processing/TRIMMER0091_P80/01-PrimerTrim/50-SMARTindex_LC_primers.log",
            "uncompressed": false
        },
        "primers": [ ["p5primer1","TCGAGGTACAGTGGTATCAACGCAGAGTACATGGGG"], ["KaLC.6_REV_LC","GGATACAGTTGGTGCAGCATC"], ["LaLC.R-mIGL","ATCGTACACACCAGTGTGGC"], ["p5primer1","TCGAGGTACAGTGGTATCAACGCAGAGTACATGGGG"], ["KaLC.6_REV_LC","GGATACAGTTGGTGCAGCATC"], ["LaLC.R-mIGL","ATCGTACACACCAGTGTGGC"] ]
    },
    "Fragment": {
        "in": 100000,
        "out": 126,
        "basepairs_in": 60000000,
        "basepairs_out": 68419,
        "flipped": 50,
        "primers_counts": [ ["p5primer1","LaLC.R-mIGL",1], ["p5primer1","KaLC.6_REV_LC",125], ["p5primer1","None",199], ["None","LaLC.R-mIGL",603], ["None","None",48267], ["None","KaLC.6_REV_LC",50805] ]
    },
    "Single_end": {
        "in": 0,
        "out": 0,
        "basepairs_in": 0,
        "basepairs_out": 0,
        "primerTrim": 0,
        "primerBpTrim": 0,
        "discarded": 0
    },
    "Paired_end": {
        "in": 100000,
        "out": 126,
        "discarded": 99874,
        "Read1": {
            "basepairs_in": 30000000,
            "basepairs_out": 33264,
            "primerTrim": 126,
            "primerBpTrim": 4536
        },
        "Read2": {
            "basepairs_in": 30000000,
            "basepairs_out": 35155,
            "primerTrim": 126,
            "primerBpTrim": 2645
        }
    }
  }, {
    "Program_details": {
        "program": "hts_NTrimmer",
        "version": "1.3.2",
        "options": {
            "append-stats-file": "/nmspipeline//01-Processing/TRIMMER0091_P80/01-PrimerTrim/50-SMARTindex_LC_primers.log",
            "exclude": true,
            "force": false,
            "notes": "",
            "uncompressed": false
        }
    },
    "Fragment": {
        "in": 126,
        "out": 126,
        "basepairs_in": 68419,
        "basepairs_out": 68419
    },
    "Single_end": {
        "in": 0,
        "out": 0,
        "basepairs_in": 0,
        "basepairs_out": 0,
        "rightTrim": 0,
        "leftTrim": 0,
        "discarded": 0
    },
    "Paired_end": {
        "in": 126,
        "out": 126,
        "discarded": 0,
        "Read1": {
            "basepairs_in": 33264,
            "basepairs_out": 33264,
            "leftTrim": 0,
            "rightTrim": 0
        },
        "Read2": {
            "basepairs_in": 35155,
            "basepairs_out": 35155,
            "leftTrim": 0,
            "rightTrim": 0
        }
    }
  }, {
    "Program_details": {
        "program": "hts_SeqScreener",
        "version": "1.3.2",
        "options": {
            "append-stats-file": "/nmspipeline//01-Processing/TRIMMER0091_P80/01-PrimerTrim/50-SMARTindex_LC_primers.log",
            "check-read-2": true,
            "force": false,
            "inverse": false,
            "kmer": 21,
            "notes": "",
            "percentage-hits": 0.01,
            "record": true,
            "seq": "../aberrant_LC.fasta",
            "uncompressed": false
        },
        "screen_info": {
            "screenBP": 96,
            "lookupKmers": 8
        }
    },
    "Fragment": {
        "in": 126,
        "out": 126,
        "basepairs_in": 68419,
        "basepairs_out": 68419
    },
    "Single_end": {
        "in": 0,
        "out": 0,
        "basepairs_in": 0,
        "basepairs_out": 0,
        "hits": 0
    },
    "Paired_end": {
        "in": 126,
        "out": 126,
        "hits": 17,
        "Read1": {
            "basepairs_in": 33264,
            "basepairs_out": 33264
        },
        "Read2": {
            "basepairs_in": 35155,
            "basepairs_out": 35155
        }
    }
  }, {
    "Program_details": {
        "program": "hts_QWindowTrim",
        "version": "1.3.2",
        "options": {
            "append-stats-file": "/nmspipeline//01-Processing/TRIMMER0091_P80/01-PrimerTrim/50-SMARTindex_LC_primers.log",
            "avg-qual-score": 10,
            "force": false,
            "no-left": true,
            "no-right": false,
            "notes": "",
            "qual-offset": 33,
            "uncompressed": false,
            "window-size": 10
        }
    },
    "Fragment": {
        "in": 126,
        "out": 126,
        "basepairs_in": 68419,
        "basepairs_out": 68224
    },
    "Single_end": {
        "in": 0,
        "out": 0,
        "basepairs_in": 0,
        "basepairs_out": 0,
        "rightTrim": 0,
        "leftTrim": 0
    },
    "Paired_end": {
        "in": 126,
        "out": 126,
        "Read1": {
            "basepairs_in": 33264,
            "basepairs_out": 33200,
            "leftTrim": 0,
            "rightTrim": 64
        },
        "Read2": {
            "basepairs_in": 35155,
            "basepairs_out": 35024,
            "leftTrim": 0,
            "rightTrim": 131
        }
    }
  }, {
    "Program_details": {
        "program": "hts_Overlapper",
        "version": "1.3.2",
        "options": {
            "append-stats-file": "/nmspipeline//01-Processing/TRIMMER0091_P80/01-PrimerTrim/50-SMARTindex_LC_primers.log",
            "check-lengths": 20,
            "force": false,
            "force-pairs": false,
            "kmer": 8,
            "kmer-offset": 1,
            "max-mismatch": 100,
            "max-mismatch-errorDensity": 0.25,
            "min-overlap": 8,
            "notes": "",
            "number-of-threads": 1,
            "uncompressed": false
        }
    },
    "Fragment": {
        "in": 126,
        "out": 126,
        "basepairs_in": 68224,
        "basepairs_out": 53289,
        "inserts": {
            "short": 3,
            "medium": 117,
            "long": 6
        },
        "overlap_histogram": [ [61,1], [122,1], [161,1], [352,1], [381,1], [384,1], [385,1], [387,1], [396,1], [399,4], [403,3], [404,6], [411,1], [415,1], [416,1], [418,4], [421,1], [422,3], [423,2], [424,1], [429,53], [430,6], [431,1], [432,10], [433,2], [438,1], [440,2], [447,1], [450,6], [451,1], [472,1] ]
    },
    "Single_end": {
        "in": 0,
        "out": 120,
        "basepairs_in": 0,
        "basepairs_out": 50051
    },
    "Paired_end": {
        "in": 126,
        "out": 6,
        "Read1": {
            "basepairs_in": 33200,
            "basepairs_out": 1571
        },
        "Read2": {
            "basepairs_in": 35024,
            "basepairs_out": 1667
        }
    }
  }, {
    "Program_details": {
        "program": "hts_LengthFilter",
        "version": "1.3.2",
        "options": {
            "append-stats-file": "/nmspipeline//01-Processing/TRIMMER0091_P80/01-PrimerTrim/50-SMARTindex_LC_primers.log",
            "fastq-output": "/nmspipeline//01-Processing/TRIMMER0091_P80/01-PrimerTrim/50-SMARTindex_LC_primers",
            "force": true,
            "max-length": 0,
            "min-length": 385,
            "no-orphans": false,
            "notes": "",
            "stranded": false,
            "uncompressed": false
        }
    },
    "Fragment": {
        "in": 126,
        "out": 114,
        "basepairs_in": 53289,
        "basepairs_out": 48590
    },
    "Single_end": {
        "in": 120,
        "out": 114,
        "basepairs_in": 50051,
        "basepairs_out": 48590,
        "discarded": 6
    },
    "Paired_end": {
        "in": 6,
        "out": 0,
        "discarded": 6,
        "Read1": {
            "basepairs_in": 1571,
            "basepairs_out": 0,
            "discarded": 0
        },
        "Read2": {
            "basepairs_in": 1667,
            "basepairs_out": 0,
            "discarded": 0
        }
    }
  }
]
