[ {
    "Program_details": {
        "program": "hts_Primers",
        "version": "1.3.2",
        "options": {
            "flip": true,
            "float": 0,
            "force": false,
            "keep": false,
            "min_primer_matches": 2,
            "notes": "",
            "primer_end_mismatches": 0,
            "primer_mismatches": 0,
            "primers_3p": "../lc_primers.fasta",
            "primers_5p": "CGCCTGTACAGTGGTATCAACGCAGAGTACATGGGG",
            "read1-input": [ "/nmspipeline//01-Processing/TRIMMER0091_P80/00-RawData/TRIMMER_Plate80_S2_L001_R1_001_sub.fastq.gz"],
            "read2-input": [ "/nmspipeline//01-Processing/TRIMMER0091_P80/00-RawData/TRIMMER_Plate80_S2_L001_R2_001_sub.fastq.gz"],
            "stats-file": "/nmspipeline//01-Processing/TRIMMER0091_P80/01-PrimerTrim/53-SMARTindex_LC_primers.log",
            "uncompressed": false
        },
        "primers": [ ["p5primer1","CGCCTGTACAGTGGTATCAACGCAGAGTACATGGGG"], ["KaLC.6_REV_LC","GGATACAGTTGGTGCAGCATC"], ["LaLC.R-mIGL","ATCGTACACACCAGTGTGGC"], ["p5primer1","CGCCTGTACAGTGGTATCAACGCAGAGTACATGGGG"], ["KaLC.6_REV_LC","GGATACAGTTGGTGCAGCATC"], ["LaLC.R-mIGL","ATCGTACACACCAGTGTGGC"] ]
    },
    "Fragment": {
        "in": 100000,
        "out": 621,
        "basepairs_in": 60000000,
        "basepairs_out": 337208,
        "flipped": 269,
        "primers_counts": [ ["p5primer1","LaLC.R-mIGL",5], ["p5primer1","None",283], ["p5primer1","KaLC.6_REV_LC",616], ["None","LaLC.R-mIGL",599], ["None","None",48183], ["None","KaLC.6_REV_LC",50314] ]
    },
    "Single_end": {
        "in": 0,
        "out": 0,
        "basepairs_in": 0,
        "basepairs_out": 0,
        "primerTrim": 0,
        "primerBpTrim": 0,
        "discarded": 0
    },
    "Paired_end": {
        "in": 100000,
        "out": 621,
        "discarded": 99379,
        "Read1": {
            "basepairs_in": 30000000,
            "basepairs_out": 163944,
            "primerTrim": 621,
            "primerBpTrim": 22356
        },
        "Read2": {
            "basepairs_in": 30000000,
            "basepairs_out": 173264,
            "primerTrim": 621,
            "primerBpTrim": 13036
        }
    }
  }, {
    "Program_details": {
        "program": "hts_NTrimmer",
        "version": "1.3.2",
        "options": {
            "append-stats-file": "/nmspipeline//01-Processing/TRIMMER0091_P80/01-PrimerTrim/53-SMARTindex_LC_primers.log",
            "exclude": true,
            "force": false,
            "notes": "",
            "uncompressed": false
        }
    },
    "Fragment": {
        "in": 621,
        "out": 621,
        "basepairs_in": 337208,
        "basepairs_out": 337208
    },
    "Single_end": {
        "in": 0,
        "out": 0,
        "basepairs_in": 0,
        "basepairs_out": 0,
        "rightTrim": 0,
        "leftTrim": 0,
        "discarded": 0
    },
    "Paired_end": {
        "in": 621,
        "out": 621,
        "discarded": 0,
        "Read1": {
            "basepairs_in": 163944,
            "basepairs_out": 163944,
            "leftTrim": 0,
            "rightTrim": 0
        },
        "Read2": {
            "basepairs_in": 173264,
            "basepairs_out": 173264,
            "leftTrim": 0,
            "rightTrim": 0
        }
    }
  }, {
    "Program_details": {
        "program": "hts_SeqScreener",
        "version": "1.3.2",
        "options": {
            "append-stats-file": "/nmspipeline//01-Processing/TRIMMER0091_P80/01-PrimerTrim/53-SMARTindex_LC_primers.log",
            "check-read-2": true,
            "force": false,
            "inverse": false,
            "kmer": 21,
            "notes": "",
            "percentage-hits": 0.01,
            "record": true,
            "seq": "../aberrant_LC.fasta",
            "uncompressed": false
        },
        "screen_info": {
            "screenBP": 96,
            "lookupKmers": 8
        }
    },
    "Fragment": {
        "in": 621,
        "out": 621,
        "basepairs_in": 337208,
        "basepairs_out": 337208
    },
    "Single_end": {
        "in": 0,
        "out": 0,
        "basepairs_in": 0,
        "basepairs_out": 0,
        "hits": 0
    },
    "Paired_end": {
        "in": 621,
        "out": 621,
        "hits": 147,
        "Read1": {
            "basepairs_in": 163944,
            "basepairs_out": 163944
        },
        "Read2": {
            "basepairs_in": 173264,
            "basepairs_out": 173264
        }
    }
  }, {
    "Program_details": {
        "program": "hts_QWindowTrim",
        "version": "1.3.2",
        "options": {
            "append-stats-file": "/nmspipeline//01-Processing/TRIMMER0091_P80/01-PrimerTrim/53-SMARTindex_LC_primers.log",
            "avg-qual-score": 10,
            "force": false,
            "no-left": true,
            "no-right": false,
            "notes": "",
            "qual-offset": 33,
            "uncompressed": false,
            "window-size": 10
        }
    },
    "Fragment": {
        "in": 621,
        "out": 621,
        "basepairs_in": 337208,
        "basepairs_out": 336198
    },
    "Single_end": {
        "in": 0,
        "out": 0,
        "basepairs_in": 0,
        "basepairs_out": 0,
        "rightTrim": 0,
        "leftTrim": 0
    },
    "Paired_end": {
        "in": 621,
        "out": 621,
        "Read1": {
            "basepairs_in": 163944,
            "basepairs_out": 163497,
            "leftTrim": 0,
            "rightTrim": 447
        },
        "Read2": {
            "basepairs_in": 173264,
            "basepairs_out": 172701,
            "leftTrim": 0,
            "rightTrim": 563
        }
    }
  }, {
    "Program_details": {
        "program": "hts_Overlapper",
        "version": "1.3.2",
        "options": {
            "append-stats-file": "/nmspipeline//01-Processing/TRIMMER0091_P80/01-PrimerTrim/53-SMARTindex_LC_primers.log",
            "check-lengths": 20,
            "force": false,
            "force-pairs": false,
            "kmer": 8,
            "kmer-offset": 1,
            "max-mismatch": 100,
            "max-mismatch-errorDensity": 0.25,
            "min-overlap": 8,
            "notes": "",
            "number-of-threads": 1,
            "uncompressed": false
        }
    },
    "Fragment": {
        "in": 621,
        "out": 621,
        "basepairs_in": 336198,
        "basepairs_out": 255698,
        "inserts": {
            "short": 32,
            "medium": 555,
            "long": 34
        },
        "overlap_histogram": [ [9,1], [26,1], [28,1], [29,2], [30,1], [31,1], [36,1], [50,1], [60,1], [72,1], [77,1], [89,2], [92,1], [95,1], [113,1], [114,1], [119,1], [125,1], [127,1], [131,1], [137,2], [153,1], [166,1], [168,1], [172,1], [178,1], [186,1], [200,1], [265,1], [283,1], [347,1], [355,1], [381,1], [390,2], [394,11], [395,1], [396,2], [398,4], [399,6], [403,2], [412,1], [413,8], [414,1], [415,3], [416,3], [417,49], [418,36], [419,10], [420,2], [421,33], [422,9], [423,31], [424,10], [425,264], [426,32], [427,2], [428,8], [429,3], [431,2], [432,1], [434,1], [440,6], [442,1], [443,1], [444,2], [445,1], [446,1], [450,2] ]
    },
    "Single_end": {
        "in": 0,
        "out": 587,
        "basepairs_in": 0,
        "basepairs_out": 237299
    },
    "Paired_end": {
        "in": 621,
        "out": 34,
        "Read1": {
            "basepairs_in": 163497,
            "basepairs_out": 8953
        },
        "Read2": {
            "basepairs_in": 172701,
            "basepairs_out": 9446
        }
    }
  }, {
    "Program_details": {
        "program": "hts_LengthFilter",
        "version": "1.3.2",
        "options": {
            "append-stats-file": "/nmspipeline//01-Processing/TRIMMER0091_P80/01-PrimerTrim/53-SMARTindex_LC_primers.log",
            "fastq-output": "/nmspipeline//01-Processing/TRIMMER0091_P80/01-PrimerTrim/53-SMARTindex_LC_primers",
            "force": true,
            "max-length": 0,
            "min-length": 385,
            "no-orphans": false,
            "notes": "",
            "stranded": false,
            "uncompressed": false
        }
    },
    "Fragment": {
        "in": 621,
        "out": 551,
        "basepairs_in": 255698,
        "basepairs_out": 232600
    },
    "Single_end": {
        "in": 587,
        "out": 551,
        "basepairs_in": 237299,
        "basepairs_out": 232600,
        "discarded": 36
    },
    "Paired_end": {
        "in": 34,
        "out": 0,
        "discarded": 34,
        "Read1": {
            "basepairs_in": 8953,
            "basepairs_out": 0,
            "discarded": 0
        },
        "Read2": {
            "basepairs_in": 9446,
            "basepairs_out": 0,
            "discarded": 0
        }
    }
  }
]
