[ {
    "Program_details": {
        "program": "hts_Primers",
        "version": "1.3.2",
        "options": {
            "flip": true,
            "float": 0,
            "force": false,
            "keep": false,
            "min_primer_matches": 2,
            "notes": "",
            "primer_end_mismatches": 0,
            "primer_mismatches": 0,
            "primers_3p": "../lc_primers.fasta",
            "primers_5p": "AATGAATACAGTGGTATCAACGCAGAGTACATGGGG",
            "read1-input": [ "/nmspipeline//01-Processing/TRIMMER0091_P80/00-RawData/TRIMMER_Plate80_S2_L001_R1_001_sub.fastq.gz"],
            "read2-input": [ "/nmspipeline//01-Processing/TRIMMER0091_P80/00-RawData/TRIMMER_Plate80_S2_L001_R2_001_sub.fastq.gz"],
            "stats-file": "/nmspipeline//01-Processing/TRIMMER0091_P80/01-PrimerTrim/54-SMARTindex_LC_primers.log",
            "uncompressed": false
        },
        "primers": [ ["p5primer1","AATGAATACAGTGGTATCAACGCAGAGTACATGGGG"], ["KaLC.6_REV_LC","GGATACAGTTGGTGCAGCATC"], ["LaLC.R-mIGL","ATCGTACACACCAGTGTGGC"], ["p5primer1","AATGAATACAGTGGTATCAACGCAGAGTACATGGGG"], ["KaLC.6_REV_LC","GGATACAGTTGGTGCAGCATC"], ["LaLC.R-mIGL","ATCGTACACACCAGTGTGGC"] ]
    },
    "Fragment": {
        "in": 100000,
        "out": 662,
        "basepairs_in": 60000000,
        "basepairs_out": 359475,
        "flipped": 310,
        "primers_counts": [ ["p5primer1","LaLC.R-mIGL",9], ["p5primer1","KaLC.6_REV_LC",653], ["p5primer1","None",368], ["None","LaLC.R-mIGL",595], ["None","None",48098], ["None","KaLC.6_REV_LC",50277] ]
    },
    "Single_end": {
        "in": 0,
        "out": 0,
        "basepairs_in": 0,
        "basepairs_out": 0,
        "primerTrim": 0,
        "primerBpTrim": 0,
        "discarded": 0
    },
    "Paired_end": {
        "in": 100000,
        "out": 662,
        "discarded": 99338,
        "Read1": {
            "basepairs_in": 30000000,
            "basepairs_out": 174768,
            "primerTrim": 662,
            "primerBpTrim": 23832
        },
        "Read2": {
            "basepairs_in": 30000000,
            "basepairs_out": 184707,
            "primerTrim": 662,
            "primerBpTrim": 13893
        }
    }
  }, {
    "Program_details": {
        "program": "hts_NTrimmer",
        "version": "1.3.2",
        "options": {
            "append-stats-file": "/nmspipeline//01-Processing/TRIMMER0091_P80/01-PrimerTrim/54-SMARTindex_LC_primers.log",
            "exclude": true,
            "force": false,
            "notes": "",
            "uncompressed": false
        }
    },
    "Fragment": {
        "in": 662,
        "out": 661,
        "basepairs_in": 359475,
        "basepairs_out": 358932
    },
    "Single_end": {
        "in": 0,
        "out": 0,
        "basepairs_in": 0,
        "basepairs_out": 0,
        "rightTrim": 0,
        "leftTrim": 0,
        "discarded": 0
    },
    "Paired_end": {
        "in": 662,
        "out": 661,
        "discarded": 1,
        "Read1": {
            "basepairs_in": 174768,
            "basepairs_out": 174504,
            "leftTrim": 0,
            "rightTrim": 0
        },
        "Read2": {
            "basepairs_in": 184707,
            "basepairs_out": 184428,
            "leftTrim": 0,
            "rightTrim": 0
        }
    }
  }, {
    "Program_details": {
        "program": "hts_SeqScreener",
        "version": "1.3.2",
        "options": {
            "append-stats-file": "/nmspipeline//01-Processing/TRIMMER0091_P80/01-PrimerTrim/54-SMARTindex_LC_primers.log",
            "check-read-2": true,
            "force": false,
            "inverse": false,
            "kmer": 21,
            "notes": "",
            "percentage-hits": 0.01,
            "record": true,
            "seq": "../aberrant_LC.fasta",
            "uncompressed": false
        },
        "screen_info": {
            "screenBP": 96,
            "lookupKmers": 8
        }
    },
    "Fragment": {
        "in": 661,
        "out": 661,
        "basepairs_in": 358932,
        "basepairs_out": 358932
    },
    "Single_end": {
        "in": 0,
        "out": 0,
        "basepairs_in": 0,
        "basepairs_out": 0,
        "hits": 0
    },
    "Paired_end": {
        "in": 661,
        "out": 661,
        "hits": 121,
        "Read1": {
            "basepairs_in": 174504,
            "basepairs_out": 174504
        },
        "Read2": {
            "basepairs_in": 184428,
            "basepairs_out": 184428
        }
    }
  }, {
    "Program_details": {
        "program": "hts_QWindowTrim",
        "version": "1.3.2",
        "options": {
            "append-stats-file": "/nmspipeline//01-Processing/TRIMMER0091_P80/01-PrimerTrim/54-SMARTindex_LC_primers.log",
            "avg-qual-score": 10,
            "force": false,
            "no-left": true,
            "no-right": false,
            "notes": "",
            "qual-offset": 33,
            "uncompressed": false,
            "window-size": 10
        }
    },
    "Fragment": {
        "in": 661,
        "out": 661,
        "basepairs_in": 358932,
        "basepairs_out": 357882
    },
    "Single_end": {
        "in": 0,
        "out": 0,
        "basepairs_in": 0,
        "basepairs_out": 0,
        "rightTrim": 0,
        "leftTrim": 0
    },
    "Paired_end": {
        "in": 661,
        "out": 661,
        "Read1": {
            "basepairs_in": 174504,
            "basepairs_out": 174116,
            "leftTrim": 0,
            "rightTrim": 388
        },
        "Read2": {
            "basepairs_in": 184428,
            "basepairs_out": 183766,
            "leftTrim": 0,
            "rightTrim": 662
        }
    }
  }, {
    "Program_details": {
        "program": "hts_Overlapper",
        "version": "1.3.2",
        "options": {
            "append-stats-file": "/nmspipeline//01-Processing/TRIMMER0091_P80/01-PrimerTrim/54-SMARTindex_LC_primers.log",
            "check-lengths": 20,
            "force": false,
            "force-pairs": false,
            "kmer": 8,
            "kmer-offset": 1,
            "max-mismatch": 100,
            "max-mismatch-errorDensity": 0.25,
            "min-overlap": 8,
            "notes": "",
            "number-of-threads": 1,
            "uncompressed": false
        }
    },
    "Fragment": {
        "in": 661,
        "out": 661,
        "basepairs_in": 357882,
        "basepairs_out": 266446,
        "inserts": {
            "short": 51,
            "medium": 576,
            "long": 34
        },
        "overlap_histogram": [ [18,1], [25,2], [27,1], [28,1], [40,1], [42,1], [44,1], [47,1], [48,1], [49,2], [59,1], [69,1], [71,1], [77,1], [83,1], [86,1], [89,1], [91,1], [99,1], [102,1], [103,1], [108,1], [115,1], [122,2], [124,2], [127,1], [131,6], [132,1], [133,1], [147,1], [176,2], [185,1], [191,1], [213,2], [223,1], [230,1], [240,1], [259,1], [262,1], [265,1], [289,1], [294,1], [302,1], [315,1], [318,1], [326,1], [329,1], [332,1], [337,1], [345,1], [381,2], [382,1], [383,1], [385,6], [386,23], [387,2], [393,1], [395,1], [397,1], [398,3], [399,9], [400,2], [406,1], [407,1], [410,1], [412,3], [413,1], [414,6], [415,9], [416,28], [417,142], [418,27], [419,4], [420,3], [421,7], [422,18], [423,18], [424,5], [427,2], [430,15], [431,36], [432,10], [433,3], [434,153], [435,5], [436,1], [439,2], [440,5], [441,2], [442,1], [446,1], [451,1], [452,1], [454,1], [488,1] ]
    },
    "Single_end": {
        "in": 0,
        "out": 627,
        "basepairs_in": 0,
        "basepairs_out": 248087
    },
    "Paired_end": {
        "in": 661,
        "out": 34,
        "Read1": {
            "basepairs_in": 174116,
            "basepairs_out": 8943
        },
        "Read2": {
            "basepairs_in": 183766,
            "basepairs_out": 9416
        }
    }
  }, {
    "Program_details": {
        "program": "hts_LengthFilter",
        "version": "1.3.2",
        "options": {
            "append-stats-file": "/nmspipeline//01-Processing/TRIMMER0091_P80/01-PrimerTrim/54-SMARTindex_LC_primers.log",
            "fastq-output": "/nmspipeline//01-Processing/TRIMMER0091_P80/01-PrimerTrim/54-SMARTindex_LC_primers",
            "force": true,
            "max-length": 0,
            "min-length": 385,
            "no-orphans": false,
            "notes": "",
            "stranded": false,
            "uncompressed": false
        }
    },
    "Fragment": {
        "in": 661,
        "out": 562,
        "basepairs_in": 266446,
        "basepairs_out": 237329
    },
    "Single_end": {
        "in": 627,
        "out": 562,
        "basepairs_in": 248087,
        "basepairs_out": 237329,
        "discarded": 65
    },
    "Paired_end": {
        "in": 34,
        "out": 0,
        "discarded": 34,
        "Read1": {
            "basepairs_in": 8943,
            "basepairs_out": 0,
            "discarded": 0
        },
        "Read2": {
            "basepairs_in": 9416,
            "basepairs_out": 0,
            "discarded": 0
        }
    }
  }
]
