[ {
    "Program_details": {
        "program": "hts_Primers",
        "version": "1.3.2",
        "options": {
            "flip": true,
            "float": 0,
            "force": false,
            "keep": false,
            "min_primer_matches": 2,
            "notes": "",
            "primer_end_mismatches": 0,
            "primer_mismatches": 0,
            "primers_3p": "../lc_primers.fasta",
            "primers_5p": "ACAACGTACAGTGGTATCAACGCAGAGTACATGGGG",
            "read1-input": [ "/nmspipeline//01-Processing/TRIMMER0091_P80/00-RawData/TRIMMER_Plate80_S2_L001_R1_001_sub.fastq.gz"],
            "read2-input": [ "/nmspipeline//01-Processing/TRIMMER0091_P80/00-RawData/TRIMMER_Plate80_S2_L001_R2_001_sub.fastq.gz"],
            "stats-file": "/nmspipeline//01-Processing/TRIMMER0091_P80/01-PrimerTrim/55-SMARTindex_LC_primers.log",
            "uncompressed": false
        },
        "primers": [ ["p5primer1","ACAACGTACAGTGGTATCAACGCAGAGTACATGGGG"], ["KaLC.6_REV_LC","GGATACAGTTGGTGCAGCATC"], ["LaLC.R-mIGL","ATCGTACACACCAGTGTGGC"], ["p5primer1","ACAACGTACAGTGGTATCAACGCAGAGTACATGGGG"], ["KaLC.6_REV_LC","GGATACAGTTGGTGCAGCATC"], ["LaLC.R-mIGL","ATCGTACACACCAGTGTGGC"] ]
    },
    "Fragment": {
        "in": 100000,
        "out": 437,
        "basepairs_in": 60000000,
        "basepairs_out": 237305,
        "flipped": 201,
        "primers_counts": [ ["p5primer1","LaLC.R-mIGL",14], ["p5primer1","KaLC.6_REV_LC",423], ["p5primer1","None",652], ["None","LaLC.R-mIGL",590], ["None","None",47814], ["None","KaLC.6_REV_LC",50507] ]
    },
    "Single_end": {
        "in": 0,
        "out": 0,
        "basepairs_in": 0,
        "basepairs_out": 0,
        "primerTrim": 0,
        "primerBpTrim": 0,
        "discarded": 0
    },
    "Paired_end": {
        "in": 100000,
        "out": 437,
        "discarded": 99563,
        "Read1": {
            "basepairs_in": 30000000,
            "basepairs_out": 115368,
            "primerTrim": 437,
            "primerBpTrim": 15732
        },
        "Read2": {
            "basepairs_in": 30000000,
            "basepairs_out": 121937,
            "primerTrim": 437,
            "primerBpTrim": 9163
        }
    }
  }, {
    "Program_details": {
        "program": "hts_NTrimmer",
        "version": "1.3.2",
        "options": {
            "append-stats-file": "/nmspipeline//01-Processing/TRIMMER0091_P80/01-PrimerTrim/55-SMARTindex_LC_primers.log",
            "exclude": true,
            "force": false,
            "notes": "",
            "uncompressed": false
        }
    },
    "Fragment": {
        "in": 437,
        "out": 437,
        "basepairs_in": 237305,
        "basepairs_out": 237305
    },
    "Single_end": {
        "in": 0,
        "out": 0,
        "basepairs_in": 0,
        "basepairs_out": 0,
        "rightTrim": 0,
        "leftTrim": 0,
        "discarded": 0
    },
    "Paired_end": {
        "in": 437,
        "out": 437,
        "discarded": 0,
        "Read1": {
            "basepairs_in": 115368,
            "basepairs_out": 115368,
            "leftTrim": 0,
            "rightTrim": 0
        },
        "Read2": {
            "basepairs_in": 121937,
            "basepairs_out": 121937,
            "leftTrim": 0,
            "rightTrim": 0
        }
    }
  }, {
    "Program_details": {
        "program": "hts_SeqScreener",
        "version": "1.3.2",
        "options": {
            "append-stats-file": "/nmspipeline//01-Processing/TRIMMER0091_P80/01-PrimerTrim/55-SMARTindex_LC_primers.log",
            "check-read-2": true,
            "force": false,
            "inverse": false,
            "kmer": 21,
            "notes": "",
            "percentage-hits": 0.01,
            "record": true,
            "seq": "../aberrant_LC.fasta",
            "uncompressed": false
        },
        "screen_info": {
            "screenBP": 96,
            "lookupKmers": 8
        }
    },
    "Fragment": {
        "in": 437,
        "out": 437,
        "basepairs_in": 237305,
        "basepairs_out": 237305
    },
    "Single_end": {
        "in": 0,
        "out": 0,
        "basepairs_in": 0,
        "basepairs_out": 0,
        "hits": 0
    },
    "Paired_end": {
        "in": 437,
        "out": 437,
        "hits": 128,
        "Read1": {
            "basepairs_in": 115368,
            "basepairs_out": 115368
        },
        "Read2": {
            "basepairs_in": 121937,
            "basepairs_out": 121937
        }
    }
  }, {
    "Program_details": {
        "program": "hts_QWindowTrim",
        "version": "1.3.2",
        "options": {
            "append-stats-file": "/nmspipeline//01-Processing/TRIMMER0091_P80/01-PrimerTrim/55-SMARTindex_LC_primers.log",
            "avg-qual-score": 10,
            "force": false,
            "no-left": true,
            "no-right": false,
            "notes": "",
            "qual-offset": 33,
            "uncompressed": false,
            "window-size": 10
        }
    },
    "Fragment": {
        "in": 437,
        "out": 437,
        "basepairs_in": 237305,
        "basepairs_out": 236218
    },
    "Single_end": {
        "in": 0,
        "out": 0,
        "basepairs_in": 0,
        "basepairs_out": 0,
        "rightTrim": 0,
        "leftTrim": 0
    },
    "Paired_end": {
        "in": 437,
        "out": 437,
        "Read1": {
            "basepairs_in": 115368,
            "basepairs_out": 114912,
            "leftTrim": 0,
            "rightTrim": 456
        },
        "Read2": {
            "basepairs_in": 121937,
            "basepairs_out": 121306,
            "leftTrim": 0,
            "rightTrim": 631
        }
    }
  }, {
    "Program_details": {
        "program": "hts_Overlapper",
        "version": "1.3.2",
        "options": {
            "append-stats-file": "/nmspipeline//01-Processing/TRIMMER0091_P80/01-PrimerTrim/55-SMARTindex_LC_primers.log",
            "check-lengths": 20,
            "force": false,
            "force-pairs": false,
            "kmer": 8,
            "kmer-offset": 1,
            "max-mismatch": 100,
            "max-mismatch-errorDensity": 0.25,
            "min-overlap": 8,
            "notes": "",
            "number-of-threads": 1,
            "uncompressed": false
        }
    },
    "Fragment": {
        "in": 437,
        "out": 437,
        "basepairs_in": 236218,
        "basepairs_out": 169950,
        "inserts": {
            "short": 53,
            "medium": 362,
            "long": 22
        },
        "overlap_histogram": [ [14,1], [15,2], [25,1], [26,3], [29,1], [31,1], [36,1], [49,1], [50,1], [57,1], [64,1], [67,1], [71,1], [73,1], [76,1], [83,1], [88,1], [89,3], [97,1], [100,2], [117,1], [122,1], [133,2], [135,1], [137,1], [144,1], [145,2], [154,1], [158,1], [159,1], [160,3], [164,1], [166,1], [177,1], [186,2], [206,1], [231,2], [232,1], [236,2], [250,1], [294,1], [301,1], [326,1], [338,1], [350,1], [352,1], [361,1], [369,1], [375,1], [376,1], [381,1], [382,1], [387,1], [389,1], [393,2], [395,1], [396,1], [399,6], [400,4], [402,1], [403,2], [404,1], [405,1], [406,1], [407,15], [408,1], [413,20], [414,3], [415,2], [416,2], [417,20], [418,44], [419,16], [420,5], [421,21], [422,16], [423,44], [424,7], [427,23], [429,2], [430,5], [431,2], [432,50], [433,3], [436,4], [438,1], [439,2], [440,12], [441,1], [442,1], [444,2], [445,1], [446,1], [451,1], [498,1] ]
    },
    "Single_end": {
        "in": 0,
        "out": 415,
        "basepairs_in": 0,
        "basepairs_out": 158050
    },
    "Paired_end": {
        "in": 437,
        "out": 22,
        "Read1": {
            "basepairs_in": 114912,
            "basepairs_out": 5787
        },
        "Read2": {
            "basepairs_in": 121306,
            "basepairs_out": 6113
        }
    }
  }, {
    "Program_details": {
        "program": "hts_LengthFilter",
        "version": "1.3.2",
        "options": {
            "append-stats-file": "/nmspipeline//01-Processing/TRIMMER0091_P80/01-PrimerTrim/55-SMARTindex_LC_primers.log",
            "fastq-output": "/nmspipeline//01-Processing/TRIMMER0091_P80/01-PrimerTrim/55-SMARTindex_LC_primers",
            "force": true,
            "max-length": 0,
            "min-length": 385,
            "no-orphans": false,
            "notes": "",
            "stranded": false,
            "uncompressed": false
        }
    },
    "Fragment": {
        "in": 437,
        "out": 350,
        "basepairs_in": 169950,
        "basepairs_out": 147697
    },
    "Single_end": {
        "in": 415,
        "out": 350,
        "basepairs_in": 158050,
        "basepairs_out": 147697,
        "discarded": 65
    },
    "Paired_end": {
        "in": 22,
        "out": 0,
        "discarded": 22,
        "Read1": {
            "basepairs_in": 5787,
            "basepairs_out": 0,
            "discarded": 0
        },
        "Read2": {
            "basepairs_in": 6113,
            "basepairs_out": 0,
            "discarded": 0
        }
    }
  }
]
