[ {
    "Program_details": {
        "program": "hts_Primers",
        "version": "1.3.2",
        "options": {
            "flip": true,
            "float": 0,
            "force": false,
            "keep": false,
            "min_primer_matches": 2,
            "notes": "",
            "primer_end_mismatches": 0,
            "primer_mismatches": 0,
            "primers_3p": "../hc_primers.fasta",
            "primers_5p": "ATATCCTACAGTGGTATCAACGCAGAGTACATGGGG",
            "read1-input": [ "/nmspipeline//01-Processing/TRIMMER0091_P80/00-RawData/TRIMMER_Plate80_S2_L001_R1_001_sub.fastq.gz"],
            "read2-input": [ "/nmspipeline//01-Processing/TRIMMER0091_P80/00-RawData/TRIMMER_Plate80_S2_L001_R2_001_sub.fastq.gz"],
            "stats-file": "/nmspipeline//01-Processing/TRIMMER0091_P80/01-PrimerTrim/56-SMARTindex_HC_primers.log",
            "uncompressed": false
        },
        "primers": [ ["p5primer1","ATATCCTACAGTGGTATCAACGCAGAGTACATGGGG"], ["Ga3.10for_mIGH3","GGATAGACAGATGGGGCTGTTGTTGT"], ["Ga12HC.10_REV_CHI","ATAGACAGATGGGGGTGTCGTTTTGG"], ["p5primer1","ATATCCTACAGTGGTATCAACGCAGAGTACATGGGG"], ["Ga3.10for_mIGH3","GGATAGACAGATGGGGCTGTTGTTGT"], ["Ga12HC.10_REV_CHI","ATAGACAGATGGGGGTGTCGTTTTGG"] ]
    },
    "Fragment": {
        "in": 100000,
        "out": 172,
        "basepairs_in": 60000000,
        "basepairs_out": 92536,
        "flipped": 75,
        "primers_counts": [ ["p5primer1","Ga12HC.10_REV_CHI",171], ["p5primer1","Ga3.10for_mIGH3",1], ["None","Ga3.10for_mIGH3",1141], ["p5primer1","None",414], ["None","Ga12HC.10_REV_CHI",27976], ["None","None",70297] ]
    },
    "Single_end": {
        "in": 0,
        "out": 0,
        "basepairs_in": 0,
        "basepairs_out": 0,
        "primerTrim": 0,
        "primerBpTrim": 0,
        "discarded": 0
    },
    "Paired_end": {
        "in": 100000,
        "out": 172,
        "discarded": 99828,
        "Read1": {
            "basepairs_in": 30000000,
            "basepairs_out": 45408,
            "primerTrim": 172,
            "primerBpTrim": 6192
        },
        "Read2": {
            "basepairs_in": 30000000,
            "basepairs_out": 47128,
            "primerTrim": 172,
            "primerBpTrim": 4472
        }
    }
  }, {
    "Program_details": {
        "program": "hts_NTrimmer",
        "version": "1.3.2",
        "options": {
            "append-stats-file": "/nmspipeline//01-Processing/TRIMMER0091_P80/01-PrimerTrim/56-SMARTindex_HC_primers.log",
            "exclude": true,
            "force": false,
            "notes": "",
            "uncompressed": false
        }
    },
    "Fragment": {
        "in": 172,
        "out": 171,
        "basepairs_in": 92536,
        "basepairs_out": 91998
    },
    "Single_end": {
        "in": 0,
        "out": 0,
        "basepairs_in": 0,
        "basepairs_out": 0,
        "rightTrim": 0,
        "leftTrim": 0,
        "discarded": 0
    },
    "Paired_end": {
        "in": 172,
        "out": 171,
        "discarded": 1,
        "Read1": {
            "basepairs_in": 45408,
            "basepairs_out": 45144,
            "leftTrim": 0,
            "rightTrim": 0
        },
        "Read2": {
            "basepairs_in": 47128,
            "basepairs_out": 46854,
            "leftTrim": 0,
            "rightTrim": 0
        }
    }
  }, {
    "Program_details": {
        "program": "hts_SeqScreener",
        "version": "1.3.2",
        "options": {
            "append-stats-file": "/nmspipeline//01-Processing/TRIMMER0091_P80/01-PrimerTrim/56-SMARTindex_HC_primers.log",
            "check-read-2": true,
            "force": false,
            "inverse": false,
            "kmer": 21,
            "notes": "",
            "percentage-hits": 0.01,
            "record": true,
            "seq": "../aberrant_LC.fasta",
            "uncompressed": false
        },
        "screen_info": {
            "screenBP": 96,
            "lookupKmers": 8
        }
    },
    "Fragment": {
        "in": 171,
        "out": 171,
        "basepairs_in": 91998,
        "basepairs_out": 91998
    },
    "Single_end": {
        "in": 0,
        "out": 0,
        "basepairs_in": 0,
        "basepairs_out": 0,
        "hits": 0
    },
    "Paired_end": {
        "in": 171,
        "out": 171,
        "hits": 0,
        "Read1": {
            "basepairs_in": 45144,
            "basepairs_out": 45144
        },
        "Read2": {
            "basepairs_in": 46854,
            "basepairs_out": 46854
        }
    }
  }, {
    "Program_details": {
        "program": "hts_QWindowTrim",
        "version": "1.3.2",
        "options": {
            "append-stats-file": "/nmspipeline//01-Processing/TRIMMER0091_P80/01-PrimerTrim/56-SMARTindex_HC_primers.log",
            "avg-qual-score": 10,
            "force": false,
            "no-left": true,
            "no-right": false,
            "notes": "",
            "qual-offset": 33,
            "uncompressed": false,
            "window-size": 10
        }
    },
    "Fragment": {
        "in": 171,
        "out": 171,
        "basepairs_in": 91998,
        "basepairs_out": 91465
    },
    "Single_end": {
        "in": 0,
        "out": 0,
        "basepairs_in": 0,
        "basepairs_out": 0,
        "rightTrim": 0,
        "leftTrim": 0
    },
    "Paired_end": {
        "in": 171,
        "out": 171,
        "Read1": {
            "basepairs_in": 45144,
            "basepairs_out": 44978,
            "leftTrim": 0,
            "rightTrim": 166
        },
        "Read2": {
            "basepairs_in": 46854,
            "basepairs_out": 46487,
            "leftTrim": 0,
            "rightTrim": 367
        }
    }
  }, {
    "Program_details": {
        "program": "hts_Overlapper",
        "version": "1.3.2",
        "options": {
            "append-stats-file": "/nmspipeline//01-Processing/TRIMMER0091_P80/01-PrimerTrim/56-SMARTindex_HC_primers.log",
            "check-lengths": 20,
            "force": false,
            "force-pairs": false,
            "kmer": 8,
            "kmer-offset": 1,
            "max-mismatch": 100,
            "max-mismatch-errorDensity": 0.25,
            "min-overlap": 8,
            "notes": "",
            "number-of-threads": 1,
            "uncompressed": false
        }
    },
    "Fragment": {
        "in": 171,
        "out": 171,
        "basepairs_in": 91465,
        "basepairs_out": 66895,
        "inserts": {
            "short": 24,
            "medium": 132,
            "long": 15
        },
        "overlap_histogram": [ [25,1], [35,1], [41,1], [53,1], [54,1], [60,1], [71,2], [89,1], [102,1], [104,2], [112,1], [113,1], [116,1], [124,1], [131,1], [196,1], [225,1], [227,1], [247,1], [259,1], [264,2], [283,1], [285,1], [314,1], [316,1], [322,1], [331,2], [369,2], [390,1], [398,1], [407,1], [422,1], [423,1], [424,3], [425,1], [426,16], [427,1], [428,2], [429,1], [430,10], [431,2], [432,77], [433,1], [434,2], [441,1], [463,1] ]
    },
    "Single_end": {
        "in": 0,
        "out": 156,
        "basepairs_in": 0,
        "basepairs_out": 58903
    },
    "Paired_end": {
        "in": 171,
        "out": 15,
        "Read1": {
            "basepairs_in": 44978,
            "basepairs_out": 3930
        },
        "Read2": {
            "basepairs_in": 46487,
            "basepairs_out": 4062
        }
    }
  }, {
    "Program_details": {
        "program": "hts_LengthFilter",
        "version": "1.3.2",
        "options": {
            "append-stats-file": "/nmspipeline//01-Processing/TRIMMER0091_P80/01-PrimerTrim/56-SMARTindex_HC_primers.log",
            "fastq-output": "/nmspipeline//01-Processing/TRIMMER0091_P80/01-PrimerTrim/56-SMARTindex_HC_primers",
            "force": true,
            "max-length": 0,
            "min-length": 385,
            "no-orphans": false,
            "notes": "",
            "stranded": false,
            "uncompressed": false
        }
    },
    "Fragment": {
        "in": 171,
        "out": 123,
        "basepairs_in": 66895,
        "basepairs_out": 52896
    },
    "Single_end": {
        "in": 156,
        "out": 123,
        "basepairs_in": 58903,
        "basepairs_out": 52896,
        "discarded": 33
    },
    "Paired_end": {
        "in": 15,
        "out": 0,
        "discarded": 15,
        "Read1": {
            "basepairs_in": 3930,
            "basepairs_out": 0,
            "discarded": 0
        },
        "Read2": {
            "basepairs_in": 4062,
            "basepairs_out": 0,
            "discarded": 0
        }
    }
  }
]
