[ {
    "Program_details": {
        "program": "hts_Primers",
        "version": "1.3.2",
        "options": {
            "flip": true,
            "float": 0,
            "force": false,
            "keep": false,
            "min_primer_matches": 2,
            "notes": "",
            "primer_end_mismatches": 0,
            "primer_mismatches": 0,
            "primers_3p": "../lc_primers.fasta",
            "primers_5p": "ATATCCTACAGTGGTATCAACGCAGAGTACATGGGG",
            "read1-input": [ "/nmspipeline//01-Processing/TRIMMER0091_P80/00-RawData/TRIMMER_Plate80_S2_L001_R1_001_sub.fastq.gz"],
            "read2-input": [ "/nmspipeline//01-Processing/TRIMMER0091_P80/00-RawData/TRIMMER_Plate80_S2_L001_R2_001_sub.fastq.gz"],
            "stats-file": "/nmspipeline//01-Processing/TRIMMER0091_P80/01-PrimerTrim/56-SMARTindex_LC_primers.log",
            "uncompressed": false
        },
        "primers": [ ["p5primer1","ATATCCTACAGTGGTATCAACGCAGAGTACATGGGG"], ["KaLC.6_REV_LC","GGATACAGTTGGTGCAGCATC"], ["LaLC.R-mIGL","ATCGTACACACCAGTGTGGC"], ["p5primer1","ATATCCTACAGTGGTATCAACGCAGAGTACATGGGG"], ["KaLC.6_REV_LC","GGATACAGTTGGTGCAGCATC"], ["LaLC.R-mIGL","ATCGTACACACCAGTGTGGC"] ]
    },
    "Fragment": {
        "in": 100000,
        "out": 304,
        "basepairs_in": 60000000,
        "basepairs_out": 165073,
        "flipped": 127,
        "primers_counts": [ ["p5primer1","LaLC.R-mIGL",1], ["p5primer1","None",282], ["p5primer1","KaLC.6_REV_LC",303], ["None","LaLC.R-mIGL",603], ["None","None",48184], ["None","KaLC.6_REV_LC",50627] ]
    },
    "Single_end": {
        "in": 0,
        "out": 0,
        "basepairs_in": 0,
        "basepairs_out": 0,
        "primerTrim": 0,
        "primerBpTrim": 0,
        "discarded": 0
    },
    "Paired_end": {
        "in": 100000,
        "out": 304,
        "discarded": 99696,
        "Read1": {
            "basepairs_in": 30000000,
            "basepairs_out": 80256,
            "primerTrim": 304,
            "primerBpTrim": 10944
        },
        "Read2": {
            "basepairs_in": 30000000,
            "basepairs_out": 84817,
            "primerTrim": 304,
            "primerBpTrim": 6383
        }
    }
  }, {
    "Program_details": {
        "program": "hts_NTrimmer",
        "version": "1.3.2",
        "options": {
            "append-stats-file": "/nmspipeline//01-Processing/TRIMMER0091_P80/01-PrimerTrim/56-SMARTindex_LC_primers.log",
            "exclude": true,
            "force": false,
            "notes": "",
            "uncompressed": false
        }
    },
    "Fragment": {
        "in": 304,
        "out": 304,
        "basepairs_in": 165073,
        "basepairs_out": 165073
    },
    "Single_end": {
        "in": 0,
        "out": 0,
        "basepairs_in": 0,
        "basepairs_out": 0,
        "rightTrim": 0,
        "leftTrim": 0,
        "discarded": 0
    },
    "Paired_end": {
        "in": 304,
        "out": 304,
        "discarded": 0,
        "Read1": {
            "basepairs_in": 80256,
            "basepairs_out": 80256,
            "leftTrim": 0,
            "rightTrim": 0
        },
        "Read2": {
            "basepairs_in": 84817,
            "basepairs_out": 84817,
            "leftTrim": 0,
            "rightTrim": 0
        }
    }
  }, {
    "Program_details": {
        "program": "hts_SeqScreener",
        "version": "1.3.2",
        "options": {
            "append-stats-file": "/nmspipeline//01-Processing/TRIMMER0091_P80/01-PrimerTrim/56-SMARTindex_LC_primers.log",
            "check-read-2": true,
            "force": false,
            "inverse": false,
            "kmer": 21,
            "notes": "",
            "percentage-hits": 0.01,
            "record": true,
            "seq": "../aberrant_LC.fasta",
            "uncompressed": false
        },
        "screen_info": {
            "screenBP": 96,
            "lookupKmers": 8
        }
    },
    "Fragment": {
        "in": 304,
        "out": 304,
        "basepairs_in": 165073,
        "basepairs_out": 165073
    },
    "Single_end": {
        "in": 0,
        "out": 0,
        "basepairs_in": 0,
        "basepairs_out": 0,
        "hits": 0
    },
    "Paired_end": {
        "in": 304,
        "out": 304,
        "hits": 241,
        "Read1": {
            "basepairs_in": 80256,
            "basepairs_out": 80256
        },
        "Read2": {
            "basepairs_in": 84817,
            "basepairs_out": 84817
        }
    }
  }, {
    "Program_details": {
        "program": "hts_QWindowTrim",
        "version": "1.3.2",
        "options": {
            "append-stats-file": "/nmspipeline//01-Processing/TRIMMER0091_P80/01-PrimerTrim/56-SMARTindex_LC_primers.log",
            "avg-qual-score": 10,
            "force": false,
            "no-left": true,
            "no-right": false,
            "notes": "",
            "qual-offset": 33,
            "uncompressed": false,
            "window-size": 10
        }
    },
    "Fragment": {
        "in": 304,
        "out": 304,
        "basepairs_in": 165073,
        "basepairs_out": 164075
    },
    "Single_end": {
        "in": 0,
        "out": 0,
        "basepairs_in": 0,
        "basepairs_out": 0,
        "rightTrim": 0,
        "leftTrim": 0
    },
    "Paired_end": {
        "in": 304,
        "out": 304,
        "Read1": {
            "basepairs_in": 80256,
            "basepairs_out": 79757,
            "leftTrim": 0,
            "rightTrim": 499
        },
        "Read2": {
            "basepairs_in": 84817,
            "basepairs_out": 84318,
            "leftTrim": 0,
            "rightTrim": 499
        }
    }
  }, {
    "Program_details": {
        "program": "hts_Overlapper",
        "version": "1.3.2",
        "options": {
            "append-stats-file": "/nmspipeline//01-Processing/TRIMMER0091_P80/01-PrimerTrim/56-SMARTindex_LC_primers.log",
            "check-lengths": 20,
            "force": false,
            "force-pairs": false,
            "kmer": 8,
            "kmer-offset": 1,
            "max-mismatch": 100,
            "max-mismatch-errorDensity": 0.25,
            "min-overlap": 8,
            "notes": "",
            "number-of-threads": 1,
            "uncompressed": false
        }
    },
    "Fragment": {
        "in": 304,
        "out": 304,
        "basepairs_in": 164075,
        "basepairs_out": 109200,
        "inserts": {
            "short": 64,
            "medium": 229,
            "long": 11
        },
        "overlap_histogram": [ [8,1], [25,1], [30,2], [32,1], [47,1], [49,1], [50,1], [56,1], [64,1], [77,1], [80,1], [82,1], [83,5], [84,3], [86,23], [113,1], [123,1], [131,5], [143,1], [145,1], [156,1], [163,1], [165,1], [173,1], [178,1], [189,1], [212,1], [231,2], [250,1], [273,1], [281,1], [298,1], [309,1], [332,1], [333,2], [354,1], [366,1], [369,1], [375,1], [382,1], [397,3], [398,5], [399,8], [413,1], [416,1], [418,45], [419,6], [420,2], [421,5], [422,13], [423,7], [424,1], [430,10], [431,15], [432,6], [433,1], [434,76], [435,2], [439,1], [440,6], [441,1], [442,3] ]
    },
    "Single_end": {
        "in": 0,
        "out": 293,
        "basepairs_in": 0,
        "basepairs_out": 103239
    },
    "Paired_end": {
        "in": 304,
        "out": 11,
        "Read1": {
            "basepairs_in": 79757,
            "basepairs_out": 2898
        },
        "Read2": {
            "basepairs_in": 84318,
            "basepairs_out": 3063
        }
    }
  }, {
    "Program_details": {
        "program": "hts_LengthFilter",
        "version": "1.3.2",
        "options": {
            "append-stats-file": "/nmspipeline//01-Processing/TRIMMER0091_P80/01-PrimerTrim/56-SMARTindex_LC_primers.log",
            "fastq-output": "/nmspipeline//01-Processing/TRIMMER0091_P80/01-PrimerTrim/56-SMARTindex_LC_primers",
            "force": true,
            "max-length": 0,
            "min-length": 385,
            "no-orphans": false,
            "notes": "",
            "stranded": false,
            "uncompressed": false
        }
    },
    "Fragment": {
        "in": 304,
        "out": 218,
        "basepairs_in": 109200,
        "basepairs_out": 92832
    },
    "Single_end": {
        "in": 293,
        "out": 218,
        "basepairs_in": 103239,
        "basepairs_out": 92832,
        "discarded": 75
    },
    "Paired_end": {
        "in": 11,
        "out": 0,
        "discarded": 11,
        "Read1": {
            "basepairs_in": 2898,
            "basepairs_out": 0,
            "discarded": 0
        },
        "Read2": {
            "basepairs_in": 3063,
            "basepairs_out": 0,
            "discarded": 0
        }
    }
  }
]
