[ {
    "Program_details": {
        "program": "hts_Primers",
        "version": "1.3.2",
        "options": {
            "flip": true,
            "float": 0,
            "force": false,
            "keep": false,
            "min_primer_matches": 2,
            "notes": "",
            "primer_end_mismatches": 0,
            "primer_mismatches": 0,
            "primers_3p": "../hc_primers.fasta",
            "primers_5p": "AGTACTCAGTGGTATCAACGCAGAGTACATGGGG",
            "read1-input": [ "/nmspipeline//01-Processing/TRIMMER0091_P80/00-RawData/TRIMMER_Plate80_S2_L001_R1_001_sub.fastq.gz"],
            "read2-input": [ "/nmspipeline//01-Processing/TRIMMER0091_P80/00-RawData/TRIMMER_Plate80_S2_L001_R2_001_sub.fastq.gz"],
            "stats-file": "/nmspipeline//01-Processing/TRIMMER0091_P80/01-PrimerTrim/57-SMARTindex_HC_primers.log",
            "uncompressed": false
        },
        "primers": [ ["p5primer1","AGTACTCAGTGGTATCAACGCAGAGTACATGGGG"], ["Ga3.10for_mIGH3","GGATAGACAGATGGGGCTGTTGTTGT"], ["Ga12HC.10_REV_CHI","ATAGACAGATGGGGGTGTCGTTTTGG"], ["p5primer1","AGTACTCAGTGGTATCAACGCAGAGTACATGGGG"], ["Ga3.10for_mIGH3","GGATAGACAGATGGGGCTGTTGTTGT"], ["Ga12HC.10_REV_CHI","ATAGACAGATGGGGGTGTCGTTTTGG"] ]
    },
    "Fragment": {
        "in": 100000,
        "out": 335,
        "basepairs_in": 60000000,
        "basepairs_out": 180900,
        "flipped": 140,
        "primers_counts": [ ["p5primer1","Ga12HC.10_REV_CHI",331], ["p5primer1","None",775], ["p5primer1","Ga3.10for_mIGH3",4], ["None","Ga3.10for_mIGH3",1138], ["None","Ga12HC.10_REV_CHI",27816], ["None","None",69936] ]
    },
    "Single_end": {
        "in": 0,
        "out": 0,
        "basepairs_in": 0,
        "basepairs_out": 0,
        "primerTrim": 0,
        "primerBpTrim": 0,
        "discarded": 0
    },
    "Paired_end": {
        "in": 100000,
        "out": 335,
        "discarded": 99665,
        "Read1": {
            "basepairs_in": 30000000,
            "basepairs_out": 89110,
            "primerTrim": 335,
            "primerBpTrim": 11390
        },
        "Read2": {
            "basepairs_in": 30000000,
            "basepairs_out": 91790,
            "primerTrim": 335,
            "primerBpTrim": 8710
        }
    }
  }, {
    "Program_details": {
        "program": "hts_NTrimmer",
        "version": "1.3.2",
        "options": {
            "append-stats-file": "/nmspipeline//01-Processing/TRIMMER0091_P80/01-PrimerTrim/57-SMARTindex_HC_primers.log",
            "exclude": true,
            "force": false,
            "notes": "",
            "uncompressed": false
        }
    },
    "Fragment": {
        "in": 335,
        "out": 335,
        "basepairs_in": 180900,
        "basepairs_out": 180900
    },
    "Single_end": {
        "in": 0,
        "out": 0,
        "basepairs_in": 0,
        "basepairs_out": 0,
        "rightTrim": 0,
        "leftTrim": 0,
        "discarded": 0
    },
    "Paired_end": {
        "in": 335,
        "out": 335,
        "discarded": 0,
        "Read1": {
            "basepairs_in": 89110,
            "basepairs_out": 89110,
            "leftTrim": 0,
            "rightTrim": 0
        },
        "Read2": {
            "basepairs_in": 91790,
            "basepairs_out": 91790,
            "leftTrim": 0,
            "rightTrim": 0
        }
    }
  }, {
    "Program_details": {
        "program": "hts_SeqScreener",
        "version": "1.3.2",
        "options": {
            "append-stats-file": "/nmspipeline//01-Processing/TRIMMER0091_P80/01-PrimerTrim/57-SMARTindex_HC_primers.log",
            "check-read-2": true,
            "force": false,
            "inverse": false,
            "kmer": 21,
            "notes": "",
            "percentage-hits": 0.01,
            "record": true,
            "seq": "../aberrant_LC.fasta",
            "uncompressed": false
        },
        "screen_info": {
            "screenBP": 96,
            "lookupKmers": 8
        }
    },
    "Fragment": {
        "in": 335,
        "out": 335,
        "basepairs_in": 180900,
        "basepairs_out": 180900
    },
    "Single_end": {
        "in": 0,
        "out": 0,
        "basepairs_in": 0,
        "basepairs_out": 0,
        "hits": 0
    },
    "Paired_end": {
        "in": 335,
        "out": 335,
        "hits": 0,
        "Read1": {
            "basepairs_in": 89110,
            "basepairs_out": 89110
        },
        "Read2": {
            "basepairs_in": 91790,
            "basepairs_out": 91790
        }
    }
  }, {
    "Program_details": {
        "program": "hts_QWindowTrim",
        "version": "1.3.2",
        "options": {
            "append-stats-file": "/nmspipeline//01-Processing/TRIMMER0091_P80/01-PrimerTrim/57-SMARTindex_HC_primers.log",
            "avg-qual-score": 10,
            "force": false,
            "no-left": true,
            "no-right": false,
            "notes": "",
            "qual-offset": 33,
            "uncompressed": false,
            "window-size": 10
        }
    },
    "Fragment": {
        "in": 335,
        "out": 335,
        "basepairs_in": 180900,
        "basepairs_out": 180284
    },
    "Single_end": {
        "in": 0,
        "out": 0,
        "basepairs_in": 0,
        "basepairs_out": 0,
        "rightTrim": 0,
        "leftTrim": 0
    },
    "Paired_end": {
        "in": 335,
        "out": 335,
        "Read1": {
            "basepairs_in": 89110,
            "basepairs_out": 88822,
            "leftTrim": 0,
            "rightTrim": 288
        },
        "Read2": {
            "basepairs_in": 91790,
            "basepairs_out": 91462,
            "leftTrim": 0,
            "rightTrim": 328
        }
    }
  }, {
    "Program_details": {
        "program": "hts_Overlapper",
        "version": "1.3.2",
        "options": {
            "append-stats-file": "/nmspipeline//01-Processing/TRIMMER0091_P80/01-PrimerTrim/57-SMARTindex_HC_primers.log",
            "check-lengths": 20,
            "force": false,
            "force-pairs": false,
            "kmer": 8,
            "kmer-offset": 1,
            "max-mismatch": 100,
            "max-mismatch-errorDensity": 0.25,
            "min-overlap": 8,
            "notes": "",
            "number-of-threads": 1,
            "uncompressed": false
        }
    },
    "Fragment": {
        "in": 335,
        "out": 335,
        "basepairs_in": 180284,
        "basepairs_out": 159799,
        "inserts": {
            "short": 18,
            "medium": 272,
            "long": 45
        },
        "overlap_histogram": [ [14,1], [38,1], [39,1], [50,1], [63,1], [70,1], [76,1], [79,1], [85,1], [89,1], [91,1], [103,1], [158,1], [195,1], [203,1], [217,1], [251,1], [272,1], [287,1], [304,1], [311,1], [328,1], [340,1], [405,1], [431,1], [445,1], [448,1], [449,1], [450,1], [452,2], [453,1], [457,1], [460,1], [462,1], [470,1], [489,5], [491,4], [492,25], [493,1], [494,13], [495,28], [496,11], [497,30], [498,117], [499,15], [501,1], [502,1], [508,2], [522,1] ]
    },
    "Single_end": {
        "in": 0,
        "out": 290,
        "basepairs_in": 0,
        "basepairs_out": 135639
    },
    "Paired_end": {
        "in": 335,
        "out": 45,
        "Read1": {
            "basepairs_in": 88822,
            "basepairs_out": 11936
        },
        "Read2": {
            "basepairs_in": 91462,
            "basepairs_out": 12224
        }
    }
  }, {
    "Program_details": {
        "program": "hts_LengthFilter",
        "version": "1.3.2",
        "options": {
            "append-stats-file": "/nmspipeline//01-Processing/TRIMMER0091_P80/01-PrimerTrim/57-SMARTindex_HC_primers.log",
            "fastq-output": "/nmspipeline//01-Processing/TRIMMER0091_P80/01-PrimerTrim/57-SMARTindex_HC_primers",
            "force": true,
            "max-length": 0,
            "min-length": 385,
            "no-orphans": false,
            "notes": "",
            "stranded": false,
            "uncompressed": false
        }
    },
    "Fragment": {
        "in": 335,
        "out": 267,
        "basepairs_in": 159799,
        "basepairs_out": 131976
    },
    "Single_end": {
        "in": 290,
        "out": 267,
        "basepairs_in": 135639,
        "basepairs_out": 131976,
        "discarded": 23
    },
    "Paired_end": {
        "in": 45,
        "out": 0,
        "discarded": 45,
        "Read1": {
            "basepairs_in": 11936,
            "basepairs_out": 0,
            "discarded": 0
        },
        "Read2": {
            "basepairs_in": 12224,
            "basepairs_out": 0,
            "discarded": 0
        }
    }
  }
]
