[ {
    "Program_details": {
        "program": "hts_Primers",
        "version": "1.3.2",
        "options": {
            "flip": true,
            "float": 0,
            "force": false,
            "keep": false,
            "min_primer_matches": 2,
            "notes": "",
            "primer_end_mismatches": 0,
            "primer_mismatches": 0,
            "primers_3p": "../lc_primers.fasta",
            "primers_5p": "ATAAGACAGTGGTATCAACGCAGAGTACATGGGG",
            "read1-input": [ "/nmspipeline//01-Processing/TRIMMER0091_P80/00-RawData/TRIMMER_Plate80_S2_L001_R1_001_sub.fastq.gz"],
            "read2-input": [ "/nmspipeline//01-Processing/TRIMMER0091_P80/00-RawData/TRIMMER_Plate80_S2_L001_R2_001_sub.fastq.gz"],
            "stats-file": "/nmspipeline//01-Processing/TRIMMER0091_P80/01-PrimerTrim/58-SMARTindex_LC_primers.log",
            "uncompressed": false
        },
        "primers": [ ["p5primer1","ATAAGACAGTGGTATCAACGCAGAGTACATGGGG"], ["KaLC.6_REV_LC","GGATACAGTTGGTGCAGCATC"], ["LaLC.R-mIGL","ATCGTACACACCAGTGTGGC"], ["p5primer1","ATAAGACAGTGGTATCAACGCAGAGTACATGGGG"], ["KaLC.6_REV_LC","GGATACAGTTGGTGCAGCATC"], ["LaLC.R-mIGL","ATCGTACACACCAGTGTGGC"] ]
    },
    "Fragment": {
        "in": 100000,
        "out": 213,
        "basepairs_in": 60000000,
        "basepairs_out": 116087,
        "flipped": 99,
        "primers_counts": [ ["p5primer1","LaLC.R-mIGL",2], ["None","LaLC.R-mIGL",602], ["None","None",47967], ["p5primer1","None",499], ["p5primer1","KaLC.6_REV_LC",211], ["None","KaLC.6_REV_LC",50719] ]
    },
    "Single_end": {
        "in": 0,
        "out": 0,
        "basepairs_in": 0,
        "basepairs_out": 0,
        "primerTrim": 0,
        "primerBpTrim": 0,
        "discarded": 0
    },
    "Paired_end": {
        "in": 100000,
        "out": 213,
        "discarded": 99787,
        "Read1": {
            "basepairs_in": 30000000,
            "basepairs_out": 56658,
            "primerTrim": 213,
            "primerBpTrim": 7242
        },
        "Read2": {
            "basepairs_in": 30000000,
            "basepairs_out": 59429,
            "primerTrim": 213,
            "primerBpTrim": 4471
        }
    }
  }, {
    "Program_details": {
        "program": "hts_NTrimmer",
        "version": "1.3.2",
        "options": {
            "append-stats-file": "/nmspipeline//01-Processing/TRIMMER0091_P80/01-PrimerTrim/58-SMARTindex_LC_primers.log",
            "exclude": true,
            "force": false,
            "notes": "",
            "uncompressed": false
        }
    },
    "Fragment": {
        "in": 213,
        "out": 213,
        "basepairs_in": 116087,
        "basepairs_out": 116087
    },
    "Single_end": {
        "in": 0,
        "out": 0,
        "basepairs_in": 0,
        "basepairs_out": 0,
        "rightTrim": 0,
        "leftTrim": 0,
        "discarded": 0
    },
    "Paired_end": {
        "in": 213,
        "out": 213,
        "discarded": 0,
        "Read1": {
            "basepairs_in": 56658,
            "basepairs_out": 56658,
            "leftTrim": 0,
            "rightTrim": 0
        },
        "Read2": {
            "basepairs_in": 59429,
            "basepairs_out": 59429,
            "leftTrim": 0,
            "rightTrim": 0
        }
    }
  }, {
    "Program_details": {
        "program": "hts_SeqScreener",
        "version": "1.3.2",
        "options": {
            "append-stats-file": "/nmspipeline//01-Processing/TRIMMER0091_P80/01-PrimerTrim/58-SMARTindex_LC_primers.log",
            "check-read-2": true,
            "force": false,
            "inverse": false,
            "kmer": 21,
            "notes": "",
            "percentage-hits": 0.01,
            "record": true,
            "seq": "../aberrant_LC.fasta",
            "uncompressed": false
        },
        "screen_info": {
            "screenBP": 96,
            "lookupKmers": 8
        }
    },
    "Fragment": {
        "in": 213,
        "out": 213,
        "basepairs_in": 116087,
        "basepairs_out": 116087
    },
    "Single_end": {
        "in": 0,
        "out": 0,
        "basepairs_in": 0,
        "basepairs_out": 0,
        "hits": 0
    },
    "Paired_end": {
        "in": 213,
        "out": 213,
        "hits": 61,
        "Read1": {
            "basepairs_in": 56658,
            "basepairs_out": 56658
        },
        "Read2": {
            "basepairs_in": 59429,
            "basepairs_out": 59429
        }
    }
  }, {
    "Program_details": {
        "program": "hts_QWindowTrim",
        "version": "1.3.2",
        "options": {
            "append-stats-file": "/nmspipeline//01-Processing/TRIMMER0091_P80/01-PrimerTrim/58-SMARTindex_LC_primers.log",
            "avg-qual-score": 10,
            "force": false,
            "no-left": true,
            "no-right": false,
            "notes": "",
            "qual-offset": 33,
            "uncompressed": false,
            "window-size": 10
        }
    },
    "Fragment": {
        "in": 213,
        "out": 213,
        "basepairs_in": 116087,
        "basepairs_out": 115813
    },
    "Single_end": {
        "in": 0,
        "out": 0,
        "basepairs_in": 0,
        "basepairs_out": 0,
        "rightTrim": 0,
        "leftTrim": 0
    },
    "Paired_end": {
        "in": 213,
        "out": 213,
        "Read1": {
            "basepairs_in": 56658,
            "basepairs_out": 56533,
            "leftTrim": 0,
            "rightTrim": 125
        },
        "Read2": {
            "basepairs_in": 59429,
            "basepairs_out": 59280,
            "leftTrim": 0,
            "rightTrim": 149
        }
    }
  }, {
    "Program_details": {
        "program": "hts_Overlapper",
        "version": "1.3.2",
        "options": {
            "append-stats-file": "/nmspipeline//01-Processing/TRIMMER0091_P80/01-PrimerTrim/58-SMARTindex_LC_primers.log",
            "check-lengths": 20,
            "force": false,
            "force-pairs": false,
            "kmer": 8,
            "kmer-offset": 1,
            "max-mismatch": 100,
            "max-mismatch-errorDensity": 0.25,
            "min-overlap": 8,
            "notes": "",
            "number-of-threads": 1,
            "uncompressed": false
        }
    },
    "Fragment": {
        "in": 213,
        "out": 213,
        "basepairs_in": 115813,
        "basepairs_out": 90416,
        "inserts": {
            "short": 12,
            "medium": 183,
            "long": 18
        },
        "overlap_histogram": [ [15,1], [36,1], [45,1], [47,1], [76,1], [95,1], [173,1], [176,1], [199,1], [222,1], [254,1], [263,1], [306,1], [337,1], [361,1], [369,1], [382,2], [387,1], [395,1], [396,2], [398,2], [399,8], [403,1], [417,1], [418,15], [420,1], [421,6], [422,6], [423,8], [429,1], [433,1], [436,1], [437,1], [440,11], [441,14], [442,10], [443,5], [444,60], [445,17], [446,3], [472,1] ]
    },
    "Single_end": {
        "in": 0,
        "out": 195,
        "basepairs_in": 0,
        "basepairs_out": 80651
    },
    "Paired_end": {
        "in": 213,
        "out": 18,
        "Read1": {
            "basepairs_in": 56533,
            "basepairs_out": 4757
        },
        "Read2": {
            "basepairs_in": 59280,
            "basepairs_out": 5008
        }
    }
  }, {
    "Program_details": {
        "program": "hts_LengthFilter",
        "version": "1.3.2",
        "options": {
            "append-stats-file": "/nmspipeline//01-Processing/TRIMMER0091_P80/01-PrimerTrim/58-SMARTindex_LC_primers.log",
            "fastq-output": "/nmspipeline//01-Processing/TRIMMER0091_P80/01-PrimerTrim/58-SMARTindex_LC_primers",
            "force": true,
            "max-length": 0,
            "min-length": 385,
            "no-orphans": false,
            "notes": "",
            "stranded": false,
            "uncompressed": false
        }
    },
    "Fragment": {
        "in": 213,
        "out": 177,
        "basepairs_in": 90416,
        "basepairs_out": 76913
    },
    "Single_end": {
        "in": 195,
        "out": 177,
        "basepairs_in": 80651,
        "basepairs_out": 76913,
        "discarded": 18
    },
    "Paired_end": {
        "in": 18,
        "out": 0,
        "discarded": 18,
        "Read1": {
            "basepairs_in": 4757,
            "basepairs_out": 0,
            "discarded": 0
        },
        "Read2": {
            "basepairs_in": 5008,
            "basepairs_out": 0,
            "discarded": 0
        }
    }
  }
]
