[ {
    "Program_details": {
        "program": "hts_Primers",
        "version": "1.3.2",
        "options": {
            "flip": true,
            "float": 0,
            "force": false,
            "keep": false,
            "min_primer_matches": 2,
            "notes": "",
            "primer_end_mismatches": 0,
            "primer_mismatches": 0,
            "primers_3p": "../hc_primers.fasta",
            "primers_5p": "ATAAGACAGTGGTATCAACGCAGAGTACATGGGG",
            "read1-input": [ "/nmspipeline//01-Processing/TRIMMER0091_P80/00-RawData/TRIMMER_Plate80_S2_L001_R1_001_sub.fastq.gz"],
            "read2-input": [ "/nmspipeline//01-Processing/TRIMMER0091_P80/00-RawData/TRIMMER_Plate80_S2_L001_R2_001_sub.fastq.gz"],
            "stats-file": "/nmspipeline//01-Processing/TRIMMER0091_P80/01-PrimerTrim/58-SMARTindex_HC_primers.log",
            "uncompressed": false
        },
        "primers": [ ["p5primer1","ATAAGACAGTGGTATCAACGCAGAGTACATGGGG"], ["Ga3.10for_mIGH3","GGATAGACAGATGGGGCTGTTGTTGT"], ["Ga12HC.10_REV_CHI","ATAGACAGATGGGGGTGTCGTTTTGG"], ["p5primer1","ATAAGACAGTGGTATCAACGCAGAGTACATGGGG"], ["Ga3.10for_mIGH3","GGATAGACAGATGGGGCTGTTGTTGT"], ["Ga12HC.10_REV_CHI","ATAGACAGATGGGGGTGTCGTTTTGG"] ]
    },
    "Fragment": {
        "in": 100000,
        "out": 379,
        "basepairs_in": 60000000,
        "basepairs_out": 204660,
        "flipped": 152,
        "primers_counts": [ ["p5primer1","Ga12HC.10_REV_CHI",379], ["None","Ga3.10for_mIGH3",1142], ["None","Ga12HC.10_REV_CHI",27768], ["p5primer1","None",333], ["None","None",70378] ]
    },
    "Single_end": {
        "in": 0,
        "out": 0,
        "basepairs_in": 0,
        "basepairs_out": 0,
        "primerTrim": 0,
        "primerBpTrim": 0,
        "discarded": 0
    },
    "Paired_end": {
        "in": 100000,
        "out": 379,
        "discarded": 99621,
        "Read1": {
            "basepairs_in": 30000000,
            "basepairs_out": 100814,
            "primerTrim": 379,
            "primerBpTrim": 12886
        },
        "Read2": {
            "basepairs_in": 30000000,
            "basepairs_out": 103846,
            "primerTrim": 379,
            "primerBpTrim": 9854
        }
    }
  }, {
    "Program_details": {
        "program": "hts_NTrimmer",
        "version": "1.3.2",
        "options": {
            "append-stats-file": "/nmspipeline//01-Processing/TRIMMER0091_P80/01-PrimerTrim/58-SMARTindex_HC_primers.log",
            "exclude": true,
            "force": false,
            "notes": "",
            "uncompressed": false
        }
    },
    "Fragment": {
        "in": 379,
        "out": 379,
        "basepairs_in": 204660,
        "basepairs_out": 204660
    },
    "Single_end": {
        "in": 0,
        "out": 0,
        "basepairs_in": 0,
        "basepairs_out": 0,
        "rightTrim": 0,
        "leftTrim": 0,
        "discarded": 0
    },
    "Paired_end": {
        "in": 379,
        "out": 379,
        "discarded": 0,
        "Read1": {
            "basepairs_in": 100814,
            "basepairs_out": 100814,
            "leftTrim": 0,
            "rightTrim": 0
        },
        "Read2": {
            "basepairs_in": 103846,
            "basepairs_out": 103846,
            "leftTrim": 0,
            "rightTrim": 0
        }
    }
  }, {
    "Program_details": {
        "program": "hts_SeqScreener",
        "version": "1.3.2",
        "options": {
            "append-stats-file": "/nmspipeline//01-Processing/TRIMMER0091_P80/01-PrimerTrim/58-SMARTindex_HC_primers.log",
            "check-read-2": true,
            "force": false,
            "inverse": false,
            "kmer": 21,
            "notes": "",
            "percentage-hits": 0.01,
            "record": true,
            "seq": "../aberrant_LC.fasta",
            "uncompressed": false
        },
        "screen_info": {
            "screenBP": 96,
            "lookupKmers": 8
        }
    },
    "Fragment": {
        "in": 379,
        "out": 379,
        "basepairs_in": 204660,
        "basepairs_out": 204660
    },
    "Single_end": {
        "in": 0,
        "out": 0,
        "basepairs_in": 0,
        "basepairs_out": 0,
        "hits": 0
    },
    "Paired_end": {
        "in": 379,
        "out": 379,
        "hits": 0,
        "Read1": {
            "basepairs_in": 100814,
            "basepairs_out": 100814
        },
        "Read2": {
            "basepairs_in": 103846,
            "basepairs_out": 103846
        }
    }
  }, {
    "Program_details": {
        "program": "hts_QWindowTrim",
        "version": "1.3.2",
        "options": {
            "append-stats-file": "/nmspipeline//01-Processing/TRIMMER0091_P80/01-PrimerTrim/58-SMARTindex_HC_primers.log",
            "avg-qual-score": 10,
            "force": false,
            "no-left": true,
            "no-right": false,
            "notes": "",
            "qual-offset": 33,
            "uncompressed": false,
            "window-size": 10
        }
    },
    "Fragment": {
        "in": 379,
        "out": 379,
        "basepairs_in": 204660,
        "basepairs_out": 204228
    },
    "Single_end": {
        "in": 0,
        "out": 0,
        "basepairs_in": 0,
        "basepairs_out": 0,
        "rightTrim": 0,
        "leftTrim": 0
    },
    "Paired_end": {
        "in": 379,
        "out": 379,
        "Read1": {
            "basepairs_in": 100814,
            "basepairs_out": 100519,
            "leftTrim": 0,
            "rightTrim": 295
        },
        "Read2": {
            "basepairs_in": 103846,
            "basepairs_out": 103709,
            "leftTrim": 0,
            "rightTrim": 137
        }
    }
  }, {
    "Program_details": {
        "program": "hts_Overlapper",
        "version": "1.3.2",
        "options": {
            "append-stats-file": "/nmspipeline//01-Processing/TRIMMER0091_P80/01-PrimerTrim/58-SMARTindex_HC_primers.log",
            "check-lengths": 20,
            "force": false,
            "force-pairs": false,
            "kmer": 8,
            "kmer-offset": 1,
            "max-mismatch": 100,
            "max-mismatch-errorDensity": 0.25,
            "min-overlap": 8,
            "notes": "",
            "number-of-threads": 1,
            "uncompressed": false
        }
    },
    "Fragment": {
        "in": 379,
        "out": 379,
        "basepairs_in": 204228,
        "basepairs_out": 170720,
        "inserts": {
            "short": 14,
            "medium": 334,
            "long": 31
        },
        "overlap_histogram": [ [27,1], [32,1], [39,1], [48,1], [81,1], [90,1], [130,2], [145,1], [191,1], [224,1], [230,1], [245,1], [265,1], [334,1], [370,1], [373,1], [376,2], [391,1], [406,2], [408,1], [409,1], [421,1], [431,1], [440,1], [445,1], [449,1], [451,1], [452,1], [453,3], [454,1], [455,4], [456,230], [457,8], [458,8], [459,6], [460,1], [461,1], [464,13], [465,2], [466,25], [467,1], [468,8], [473,1], [478,1], [481,2], [484,1], [503,1] ]
    },
    "Single_end": {
        "in": 0,
        "out": 348,
        "basepairs_in": 0,
        "basepairs_out": 154046
    },
    "Paired_end": {
        "in": 379,
        "out": 31,
        "Read1": {
            "basepairs_in": 100519,
            "basepairs_out": 8180
        },
        "Read2": {
            "basepairs_in": 103709,
            "basepairs_out": 8494
        }
    }
  }, {
    "Program_details": {
        "program": "hts_LengthFilter",
        "version": "1.3.2",
        "options": {
            "append-stats-file": "/nmspipeline//01-Processing/TRIMMER0091_P80/01-PrimerTrim/58-SMARTindex_HC_primers.log",
            "fastq-output": "/nmspipeline//01-Processing/TRIMMER0091_P80/01-PrimerTrim/58-SMARTindex_HC_primers",
            "force": true,
            "max-length": 0,
            "min-length": 385,
            "no-orphans": false,
            "notes": "",
            "stranded": false,
            "uncompressed": false
        }
    },
    "Fragment": {
        "in": 379,
        "out": 329,
        "basepairs_in": 170720,
        "basepairs_out": 150340
    },
    "Single_end": {
        "in": 348,
        "out": 329,
        "basepairs_in": 154046,
        "basepairs_out": 150340,
        "discarded": 19
    },
    "Paired_end": {
        "in": 31,
        "out": 0,
        "discarded": 31,
        "Read1": {
            "basepairs_in": 8180,
            "basepairs_out": 0,
            "discarded": 0
        },
        "Read2": {
            "basepairs_in": 8494,
            "basepairs_out": 0,
            "discarded": 0
        }
    }
  }
]
