[ {
    "Program_details": {
        "program": "hts_Primers",
        "version": "1.3.2",
        "options": {
            "flip": true,
            "float": 0,
            "force": false,
            "keep": false,
            "min_primer_matches": 2,
            "notes": "",
            "primer_end_mismatches": 0,
            "primer_mismatches": 0,
            "primers_3p": "../lc_primers.fasta",
            "primers_5p": "GGTGAGCAGTGGTATCAACGCAGAGTACATGGGG",
            "read1-input": [ "/nmspipeline//01-Processing/TRIMMER0091_P80/00-RawData/TRIMMER_Plate80_S2_L001_R1_001_sub.fastq.gz"],
            "read2-input": [ "/nmspipeline//01-Processing/TRIMMER0091_P80/00-RawData/TRIMMER_Plate80_S2_L001_R2_001_sub.fastq.gz"],
            "stats-file": "/nmspipeline//01-Processing/TRIMMER0091_P80/01-PrimerTrim/59-SMARTindex_LC_primers.log",
            "uncompressed": false
        },
        "primers": [ ["p5primer1","GGTGAGCAGTGGTATCAACGCAGAGTACATGGGG"], ["KaLC.6_REV_LC","GGATACAGTTGGTGCAGCATC"], ["LaLC.R-mIGL","ATCGTACACACCAGTGTGGC"], ["p5primer1","GGTGAGCAGTGGTATCAACGCAGAGTACATGGGG"], ["KaLC.6_REV_LC","GGATACAGTTGGTGCAGCATC"], ["LaLC.R-mIGL","ATCGTACACACCAGTGTGGC"] ]
    },
    "Fragment": {
        "in": 100000,
        "out": 352,
        "basepairs_in": 60000000,
        "basepairs_out": 191853,
        "flipped": 166,
        "primers_counts": [ ["p5primer1","LaLC.R-mIGL",13], ["p5primer1","KaLC.6_REV_LC",339], ["p5primer1","None",363], ["None","LaLC.R-mIGL",591], ["None","None",48103], ["None","KaLC.6_REV_LC",50591] ]
    },
    "Single_end": {
        "in": 0,
        "out": 0,
        "basepairs_in": 0,
        "basepairs_out": 0,
        "primerTrim": 0,
        "primerBpTrim": 0,
        "discarded": 0
    },
    "Paired_end": {
        "in": 100000,
        "out": 352,
        "discarded": 99648,
        "Read1": {
            "basepairs_in": 30000000,
            "basepairs_out": 93632,
            "primerTrim": 352,
            "primerBpTrim": 11968
        },
        "Read2": {
            "basepairs_in": 30000000,
            "basepairs_out": 98221,
            "primerTrim": 352,
            "primerBpTrim": 7379
        }
    }
  }, {
    "Program_details": {
        "program": "hts_NTrimmer",
        "version": "1.3.2",
        "options": {
            "append-stats-file": "/nmspipeline//01-Processing/TRIMMER0091_P80/01-PrimerTrim/59-SMARTindex_LC_primers.log",
            "exclude": true,
            "force": false,
            "notes": "",
            "uncompressed": false
        }
    },
    "Fragment": {
        "in": 352,
        "out": 351,
        "basepairs_in": 191853,
        "basepairs_out": 191308
    },
    "Single_end": {
        "in": 0,
        "out": 0,
        "basepairs_in": 0,
        "basepairs_out": 0,
        "rightTrim": 0,
        "leftTrim": 0,
        "discarded": 0
    },
    "Paired_end": {
        "in": 352,
        "out": 351,
        "discarded": 1,
        "Read1": {
            "basepairs_in": 93632,
            "basepairs_out": 93366,
            "leftTrim": 0,
            "rightTrim": 0
        },
        "Read2": {
            "basepairs_in": 98221,
            "basepairs_out": 97942,
            "leftTrim": 0,
            "rightTrim": 0
        }
    }
  }, {
    "Program_details": {
        "program": "hts_SeqScreener",
        "version": "1.3.2",
        "options": {
            "append-stats-file": "/nmspipeline//01-Processing/TRIMMER0091_P80/01-PrimerTrim/59-SMARTindex_LC_primers.log",
            "check-read-2": true,
            "force": false,
            "inverse": false,
            "kmer": 21,
            "notes": "",
            "percentage-hits": 0.01,
            "record": true,
            "seq": "../aberrant_LC.fasta",
            "uncompressed": false
        },
        "screen_info": {
            "screenBP": 96,
            "lookupKmers": 8
        }
    },
    "Fragment": {
        "in": 351,
        "out": 351,
        "basepairs_in": 191308,
        "basepairs_out": 191308
    },
    "Single_end": {
        "in": 0,
        "out": 0,
        "basepairs_in": 0,
        "basepairs_out": 0,
        "hits": 0
    },
    "Paired_end": {
        "in": 351,
        "out": 351,
        "hits": 299,
        "Read1": {
            "basepairs_in": 93366,
            "basepairs_out": 93366
        },
        "Read2": {
            "basepairs_in": 97942,
            "basepairs_out": 97942
        }
    }
  }, {
    "Program_details": {
        "program": "hts_QWindowTrim",
        "version": "1.3.2",
        "options": {
            "append-stats-file": "/nmspipeline//01-Processing/TRIMMER0091_P80/01-PrimerTrim/59-SMARTindex_LC_primers.log",
            "avg-qual-score": 10,
            "force": false,
            "no-left": true,
            "no-right": false,
            "notes": "",
            "qual-offset": 33,
            "uncompressed": false,
            "window-size": 10
        }
    },
    "Fragment": {
        "in": 351,
        "out": 351,
        "basepairs_in": 191308,
        "basepairs_out": 190677
    },
    "Single_end": {
        "in": 0,
        "out": 0,
        "basepairs_in": 0,
        "basepairs_out": 0,
        "rightTrim": 0,
        "leftTrim": 0
    },
    "Paired_end": {
        "in": 351,
        "out": 351,
        "Read1": {
            "basepairs_in": 93366,
            "basepairs_out": 93046,
            "leftTrim": 0,
            "rightTrim": 320
        },
        "Read2": {
            "basepairs_in": 97942,
            "basepairs_out": 97631,
            "leftTrim": 0,
            "rightTrim": 311
        }
    }
  }, {
    "Program_details": {
        "program": "hts_Overlapper",
        "version": "1.3.2",
        "options": {
            "append-stats-file": "/nmspipeline//01-Processing/TRIMMER0091_P80/01-PrimerTrim/59-SMARTindex_LC_primers.log",
            "check-lengths": 20,
            "force": false,
            "force-pairs": false,
            "kmer": 8,
            "kmer-offset": 1,
            "max-mismatch": 100,
            "max-mismatch-errorDensity": 0.25,
            "min-overlap": 8,
            "notes": "",
            "number-of-threads": 1,
            "uncompressed": false
        }
    },
    "Fragment": {
        "in": 351,
        "out": 351,
        "basepairs_in": 190677,
        "basepairs_out": 141752,
        "inserts": {
            "short": 35,
            "medium": 292,
            "long": 24
        },
        "overlap_histogram": [ [17,1], [46,1], [49,1], [58,1], [62,1], [67,1], [68,1], [73,1], [83,1], [87,2], [91,1], [94,1], [101,1], [104,2], [108,1], [113,1], [114,1], [133,1], [160,1], [161,1], [163,2], [168,1], [170,1], [177,1], [185,1], [213,1], [223,1], [228,2], [237,1], [266,1], [267,1], [311,1], [325,1], [336,1], [341,1], [342,1], [344,1], [351,1], [375,1], [376,1], [381,1], [382,1], [386,1], [395,1], [396,1], [397,1], [398,4], [399,10], [402,1], [412,1], [414,1], [415,1], [418,34], [420,4], [421,3], [422,19], [423,13], [426,2], [427,2], [429,2], [430,8], [431,15], [432,5], [433,1], [434,126], [435,1], [436,3], [440,12], [441,1], [443,2], [444,1], [445,2], [446,1], [458,1], [462,1] ]
    },
    "Single_end": {
        "in": 0,
        "out": 327,
        "basepairs_in": 0,
        "basepairs_out": 128799
    },
    "Paired_end": {
        "in": 351,
        "out": 24,
        "Read1": {
            "basepairs_in": 93046,
            "basepairs_out": 6347
        },
        "Read2": {
            "basepairs_in": 97631,
            "basepairs_out": 6606
        }
    }
  }, {
    "Program_details": {
        "program": "hts_LengthFilter",
        "version": "1.3.2",
        "options": {
            "append-stats-file": "/nmspipeline//01-Processing/TRIMMER0091_P80/01-PrimerTrim/59-SMARTindex_LC_primers.log",
            "fastq-output": "/nmspipeline//01-Processing/TRIMMER0091_P80/01-PrimerTrim/59-SMARTindex_LC_primers",
            "force": true,
            "max-length": 0,
            "min-length": 385,
            "no-orphans": false,
            "notes": "",
            "stranded": false,
            "uncompressed": false
        }
    },
    "Fragment": {
        "in": 351,
        "out": 281,
        "basepairs_in": 141752,
        "basepairs_out": 120267
    },
    "Single_end": {
        "in": 327,
        "out": 281,
        "basepairs_in": 128799,
        "basepairs_out": 120267,
        "discarded": 46
    },
    "Paired_end": {
        "in": 24,
        "out": 0,
        "discarded": 24,
        "Read1": {
            "basepairs_in": 6347,
            "basepairs_out": 0,
            "discarded": 0
        },
        "Read2": {
            "basepairs_in": 6606,
            "basepairs_out": 0,
            "discarded": 0
        }
    }
  }
]
