[ {
    "Program_details": {
        "program": "hts_Primers",
        "version": "1.3.2",
        "options": {
            "flip": true,
            "float": 0,
            "force": false,
            "keep": false,
            "min_primer_matches": 2,
            "notes": "",
            "primer_end_mismatches": 0,
            "primer_mismatches": 0,
            "primers_3p": "../hc_primers.fasta",
            "primers_5p": "TTCCGCCAGTGGTATCAACGCAGAGTACATGGGG",
            "read1-input": [ "/nmspipeline//01-Processing/TRIMMER0091_P80/00-RawData/TRIMMER_Plate80_S2_L001_R1_001_sub.fastq.gz"],
            "read2-input": [ "/nmspipeline//01-Processing/TRIMMER0091_P80/00-RawData/TRIMMER_Plate80_S2_L001_R2_001_sub.fastq.gz"],
            "stats-file": "/nmspipeline//01-Processing/TRIMMER0091_P80/01-PrimerTrim/60-SMARTindex_HC_primers.log",
            "uncompressed": false
        },
        "primers": [ ["p5primer1","TTCCGCCAGTGGTATCAACGCAGAGTACATGGGG"], ["Ga3.10for_mIGH3","GGATAGACAGATGGGGCTGTTGTTGT"], ["Ga12HC.10_REV_CHI","ATAGACAGATGGGGGTGTCGTTTTGG"], ["p5primer1","TTCCGCCAGTGGTATCAACGCAGAGTACATGGGG"], ["Ga3.10for_mIGH3","GGATAGACAGATGGGGCTGTTGTTGT"], ["Ga12HC.10_REV_CHI","ATAGACAGATGGGGGTGTCGTTTTGG"] ]
    },
    "Fragment": {
        "in": 100000,
        "out": 83,
        "basepairs_in": 60000000,
        "basepairs_out": 44820,
        "flipped": 36,
        "primers_counts": [ ["p5primer1","Ga12HC.10_REV_CHI",82], ["p5primer1","None",300], ["p5primer1","Ga3.10for_mIGH3",1], ["None","Ga3.10for_mIGH3",1141], ["None","Ga12HC.10_REV_CHI",28065], ["None","None",70411] ]
    },
    "Single_end": {
        "in": 0,
        "out": 0,
        "basepairs_in": 0,
        "basepairs_out": 0,
        "primerTrim": 0,
        "primerBpTrim": 0,
        "discarded": 0
    },
    "Paired_end": {
        "in": 100000,
        "out": 83,
        "discarded": 99917,
        "Read1": {
            "basepairs_in": 30000000,
            "basepairs_out": 22078,
            "primerTrim": 83,
            "primerBpTrim": 2822
        },
        "Read2": {
            "basepairs_in": 30000000,
            "basepairs_out": 22742,
            "primerTrim": 83,
            "primerBpTrim": 2158
        }
    }
  }, {
    "Program_details": {
        "program": "hts_NTrimmer",
        "version": "1.3.2",
        "options": {
            "append-stats-file": "/nmspipeline//01-Processing/TRIMMER0091_P80/01-PrimerTrim/60-SMARTindex_HC_primers.log",
            "exclude": true,
            "force": false,
            "notes": "",
            "uncompressed": false
        }
    },
    "Fragment": {
        "in": 83,
        "out": 83,
        "basepairs_in": 44820,
        "basepairs_out": 44820
    },
    "Single_end": {
        "in": 0,
        "out": 0,
        "basepairs_in": 0,
        "basepairs_out": 0,
        "rightTrim": 0,
        "leftTrim": 0,
        "discarded": 0
    },
    "Paired_end": {
        "in": 83,
        "out": 83,
        "discarded": 0,
        "Read1": {
            "basepairs_in": 22078,
            "basepairs_out": 22078,
            "leftTrim": 0,
            "rightTrim": 0
        },
        "Read2": {
            "basepairs_in": 22742,
            "basepairs_out": 22742,
            "leftTrim": 0,
            "rightTrim": 0
        }
    }
  }, {
    "Program_details": {
        "program": "hts_SeqScreener",
        "version": "1.3.2",
        "options": {
            "append-stats-file": "/nmspipeline//01-Processing/TRIMMER0091_P80/01-PrimerTrim/60-SMARTindex_HC_primers.log",
            "check-read-2": true,
            "force": false,
            "inverse": false,
            "kmer": 21,
            "notes": "",
            "percentage-hits": 0.01,
            "record": true,
            "seq": "../aberrant_LC.fasta",
            "uncompressed": false
        },
        "screen_info": {
            "screenBP": 96,
            "lookupKmers": 8
        }
    },
    "Fragment": {
        "in": 83,
        "out": 83,
        "basepairs_in": 44820,
        "basepairs_out": 44820
    },
    "Single_end": {
        "in": 0,
        "out": 0,
        "basepairs_in": 0,
        "basepairs_out": 0,
        "hits": 0
    },
    "Paired_end": {
        "in": 83,
        "out": 83,
        "hits": 0,
        "Read1": {
            "basepairs_in": 22078,
            "basepairs_out": 22078
        },
        "Read2": {
            "basepairs_in": 22742,
            "basepairs_out": 22742
        }
    }
  }, {
    "Program_details": {
        "program": "hts_QWindowTrim",
        "version": "1.3.2",
        "options": {
            "append-stats-file": "/nmspipeline//01-Processing/TRIMMER0091_P80/01-PrimerTrim/60-SMARTindex_HC_primers.log",
            "avg-qual-score": 10,
            "force": false,
            "no-left": true,
            "no-right": false,
            "notes": "",
            "qual-offset": 33,
            "uncompressed": false,
            "window-size": 10
        }
    },
    "Fragment": {
        "in": 83,
        "out": 83,
        "basepairs_in": 44820,
        "basepairs_out": 44734
    },
    "Single_end": {
        "in": 0,
        "out": 0,
        "basepairs_in": 0,
        "basepairs_out": 0,
        "rightTrim": 0,
        "leftTrim": 0
    },
    "Paired_end": {
        "in": 83,
        "out": 83,
        "Read1": {
            "basepairs_in": 22078,
            "basepairs_out": 22028,
            "leftTrim": 0,
            "rightTrim": 50
        },
        "Read2": {
            "basepairs_in": 22742,
            "basepairs_out": 22706,
            "leftTrim": 0,
            "rightTrim": 36
        }
    }
  }, {
    "Program_details": {
        "program": "hts_Overlapper",
        "version": "1.3.2",
        "options": {
            "append-stats-file": "/nmspipeline//01-Processing/TRIMMER0091_P80/01-PrimerTrim/60-SMARTindex_HC_primers.log",
            "check-lengths": 20,
            "force": false,
            "force-pairs": false,
            "kmer": 8,
            "kmer-offset": 1,
            "max-mismatch": 100,
            "max-mismatch-errorDensity": 0.25,
            "min-overlap": 8,
            "notes": "",
            "number-of-threads": 1,
            "uncompressed": false
        }
    },
    "Fragment": {
        "in": 83,
        "out": 83,
        "basepairs_in": 44734,
        "basepairs_out": 33477,
        "inserts": {
            "short": 10,
            "medium": 70,
            "long": 3
        },
        "overlap_histogram": [ [18,1], [26,1], [68,1], [82,1], [86,1], [89,1], [92,1], [97,1], [138,1], [272,1], [280,1], [295,1], [310,1], [384,1], [416,1], [425,1], [435,1], [441,1], [445,5], [447,3], [448,28], [449,2], [450,3], [451,1], [452,12], [453,3], [454,2], [455,1], [459,1], [495,1] ]
    },
    "Single_end": {
        "in": 0,
        "out": 80,
        "basepairs_in": 0,
        "basepairs_out": 31863
    },
    "Paired_end": {
        "in": 83,
        "out": 3,
        "Read1": {
            "basepairs_in": 22028,
            "basepairs_out": 795
        },
        "Read2": {
            "basepairs_in": 22706,
            "basepairs_out": 819
        }
    }
  }, {
    "Program_details": {
        "program": "hts_LengthFilter",
        "version": "1.3.2",
        "options": {
            "append-stats-file": "/nmspipeline//01-Processing/TRIMMER0091_P80/01-PrimerTrim/60-SMARTindex_HC_primers.log",
            "fastq-output": "/nmspipeline//01-Processing/TRIMMER0091_P80/01-PrimerTrim/60-SMARTindex_HC_primers",
            "force": true,
            "max-length": 0,
            "min-length": 385,
            "no-orphans": false,
            "notes": "",
            "stranded": false,
            "uncompressed": false
        }
    },
    "Fragment": {
        "in": 83,
        "out": 66,
        "basepairs_in": 33477,
        "basepairs_out": 29626
    },
    "Single_end": {
        "in": 80,
        "out": 66,
        "basepairs_in": 31863,
        "basepairs_out": 29626,
        "discarded": 14
    },
    "Paired_end": {
        "in": 3,
        "out": 0,
        "discarded": 3,
        "Read1": {
            "basepairs_in": 795,
            "basepairs_out": 0,
            "discarded": 0
        },
        "Read2": {
            "basepairs_in": 819,
            "basepairs_out": 0,
            "discarded": 0
        }
    }
  }
]
