[ {
    "Program_details": {
        "program": "hts_Primers",
        "version": "1.3.2",
        "options": {
            "flip": true,
            "float": 0,
            "force": false,
            "keep": false,
            "min_primer_matches": 2,
            "notes": "",
            "primer_end_mismatches": 0,
            "primer_mismatches": 0,
            "primers_3p": "../lc_primers.fasta",
            "primers_5p": "TTCCGCCAGTGGTATCAACGCAGAGTACATGGGG",
            "read1-input": [ "/nmspipeline//01-Processing/TRIMMER0091_P80/00-RawData/TRIMMER_Plate80_S2_L001_R1_001_sub.fastq.gz"],
            "read2-input": [ "/nmspipeline//01-Processing/TRIMMER0091_P80/00-RawData/TRIMMER_Plate80_S2_L001_R2_001_sub.fastq.gz"],
            "stats-file": "/nmspipeline//01-Processing/TRIMMER0091_P80/01-PrimerTrim/60-SMARTindex_LC_primers.log",
            "uncompressed": false
        },
        "primers": [ ["p5primer1","TTCCGCCAGTGGTATCAACGCAGAGTACATGGGG"], ["KaLC.6_REV_LC","GGATACAGTTGGTGCAGCATC"], ["LaLC.R-mIGL","ATCGTACACACCAGTGTGGC"], ["p5primer1","TTCCGCCAGTGGTATCAACGCAGAGTACATGGGG"], ["KaLC.6_REV_LC","GGATACAGTTGGTGCAGCATC"], ["LaLC.R-mIGL","ATCGTACACACCAGTGTGGC"] ]
    },
    "Fragment": {
        "in": 100000,
        "out": 184,
        "basepairs_in": 60000000,
        "basepairs_out": 100283,
        "flipped": 82,
        "primers_counts": [ ["p5primer1","LaLC.R-mIGL",3], ["p5primer1","KaLC.6_REV_LC",181], ["p5primer1","None",199], ["None","LaLC.R-mIGL",601], ["None","None",48267], ["None","KaLC.6_REV_LC",50749] ]
    },
    "Single_end": {
        "in": 0,
        "out": 0,
        "basepairs_in": 0,
        "basepairs_out": 0,
        "primerTrim": 0,
        "primerBpTrim": 0,
        "discarded": 0
    },
    "Paired_end": {
        "in": 100000,
        "out": 184,
        "discarded": 99816,
        "Read1": {
            "basepairs_in": 30000000,
            "basepairs_out": 48944,
            "primerTrim": 184,
            "primerBpTrim": 6256
        },
        "Read2": {
            "basepairs_in": 30000000,
            "basepairs_out": 51339,
            "primerTrim": 184,
            "primerBpTrim": 3861
        }
    }
  }, {
    "Program_details": {
        "program": "hts_NTrimmer",
        "version": "1.3.2",
        "options": {
            "append-stats-file": "/nmspipeline//01-Processing/TRIMMER0091_P80/01-PrimerTrim/60-SMARTindex_LC_primers.log",
            "exclude": true,
            "force": false,
            "notes": "",
            "uncompressed": false
        }
    },
    "Fragment": {
        "in": 184,
        "out": 183,
        "basepairs_in": 100283,
        "basepairs_out": 99738
    },
    "Single_end": {
        "in": 0,
        "out": 0,
        "basepairs_in": 0,
        "basepairs_out": 0,
        "rightTrim": 0,
        "leftTrim": 0,
        "discarded": 0
    },
    "Paired_end": {
        "in": 184,
        "out": 183,
        "discarded": 1,
        "Read1": {
            "basepairs_in": 48944,
            "basepairs_out": 48678,
            "leftTrim": 0,
            "rightTrim": 0
        },
        "Read2": {
            "basepairs_in": 51339,
            "basepairs_out": 51060,
            "leftTrim": 0,
            "rightTrim": 0
        }
    }
  }, {
    "Program_details": {
        "program": "hts_SeqScreener",
        "version": "1.3.2",
        "options": {
            "append-stats-file": "/nmspipeline//01-Processing/TRIMMER0091_P80/01-PrimerTrim/60-SMARTindex_LC_primers.log",
            "check-read-2": true,
            "force": false,
            "inverse": false,
            "kmer": 21,
            "notes": "",
            "percentage-hits": 0.01,
            "record": true,
            "seq": "../aberrant_LC.fasta",
            "uncompressed": false
        },
        "screen_info": {
            "screenBP": 96,
            "lookupKmers": 8
        }
    },
    "Fragment": {
        "in": 183,
        "out": 183,
        "basepairs_in": 99738,
        "basepairs_out": 99738
    },
    "Single_end": {
        "in": 0,
        "out": 0,
        "basepairs_in": 0,
        "basepairs_out": 0,
        "hits": 0
    },
    "Paired_end": {
        "in": 183,
        "out": 183,
        "hits": 124,
        "Read1": {
            "basepairs_in": 48678,
            "basepairs_out": 48678
        },
        "Read2": {
            "basepairs_in": 51060,
            "basepairs_out": 51060
        }
    }
  }, {
    "Program_details": {
        "program": "hts_QWindowTrim",
        "version": "1.3.2",
        "options": {
            "append-stats-file": "/nmspipeline//01-Processing/TRIMMER0091_P80/01-PrimerTrim/60-SMARTindex_LC_primers.log",
            "avg-qual-score": 10,
            "force": false,
            "no-left": true,
            "no-right": false,
            "notes": "",
            "qual-offset": 33,
            "uncompressed": false,
            "window-size": 10
        }
    },
    "Fragment": {
        "in": 183,
        "out": 183,
        "basepairs_in": 99738,
        "basepairs_out": 99311
    },
    "Single_end": {
        "in": 0,
        "out": 0,
        "basepairs_in": 0,
        "basepairs_out": 0,
        "rightTrim": 0,
        "leftTrim": 0
    },
    "Paired_end": {
        "in": 183,
        "out": 183,
        "Read1": {
            "basepairs_in": 48678,
            "basepairs_out": 48493,
            "leftTrim": 0,
            "rightTrim": 185
        },
        "Read2": {
            "basepairs_in": 51060,
            "basepairs_out": 50818,
            "leftTrim": 0,
            "rightTrim": 242
        }
    }
  }, {
    "Program_details": {
        "program": "hts_Overlapper",
        "version": "1.3.2",
        "options": {
            "append-stats-file": "/nmspipeline//01-Processing/TRIMMER0091_P80/01-PrimerTrim/60-SMARTindex_LC_primers.log",
            "check-lengths": 20,
            "force": false,
            "force-pairs": false,
            "kmer": 8,
            "kmer-offset": 1,
            "max-mismatch": 100,
            "max-mismatch-errorDensity": 0.25,
            "min-overlap": 8,
            "notes": "",
            "number-of-threads": 1,
            "uncompressed": false
        }
    },
    "Fragment": {
        "in": 183,
        "out": 183,
        "basepairs_in": 99311,
        "basepairs_out": 73928,
        "inserts": {
            "short": 17,
            "medium": 153,
            "long": 13
        },
        "overlap_histogram": [ [56,1], [58,1], [60,1], [67,1], [72,1], [76,1], [89,1], [110,1], [112,1], [117,1], [121,1], [127,1], [169,1], [190,1], [201,1], [224,1], [272,1], [282,1], [318,1], [325,1], [369,1], [376,1], [381,1], [391,1], [398,5], [399,12], [403,1], [409,1], [412,1], [415,2], [416,1], [417,1], [418,49], [419,2], [420,4], [421,14], [422,14], [423,9], [424,2], [426,1], [436,1], [438,1], [444,1], [465,1], [477,1], [478,1], [479,18], [480,3] ]
    },
    "Single_end": {
        "in": 0,
        "out": 170,
        "basepairs_in": 0,
        "basepairs_out": 66911
    },
    "Paired_end": {
        "in": 183,
        "out": 13,
        "Read1": {
            "basepairs_in": 48493,
            "basepairs_out": 3419
        },
        "Read2": {
            "basepairs_in": 50818,
            "basepairs_out": 3598
        }
    }
  }, {
    "Program_details": {
        "program": "hts_LengthFilter",
        "version": "1.3.2",
        "options": {
            "append-stats-file": "/nmspipeline//01-Processing/TRIMMER0091_P80/01-PrimerTrim/60-SMARTindex_LC_primers.log",
            "fastq-output": "/nmspipeline//01-Processing/TRIMMER0091_P80/01-PrimerTrim/60-SMARTindex_LC_primers",
            "force": true,
            "max-length": 0,
            "min-length": 385,
            "no-orphans": false,
            "notes": "",
            "stranded": false,
            "uncompressed": false
        }
    },
    "Fragment": {
        "in": 183,
        "out": 147,
        "basepairs_in": 73928,
        "basepairs_out": 62739
    },
    "Single_end": {
        "in": 170,
        "out": 147,
        "basepairs_in": 66911,
        "basepairs_out": 62739,
        "discarded": 23
    },
    "Paired_end": {
        "in": 13,
        "out": 0,
        "discarded": 13,
        "Read1": {
            "basepairs_in": 3419,
            "basepairs_out": 0,
            "discarded": 0
        },
        "Read2": {
            "basepairs_in": 3598,
            "basepairs_out": 0,
            "discarded": 0
        }
    }
  }
]
