[ {
    "Program_details": {
        "program": "hts_Primers",
        "version": "1.3.2",
        "options": {
            "flip": true,
            "float": 0,
            "force": false,
            "keep": false,
            "min_primer_matches": 2,
            "notes": "",
            "primer_end_mismatches": 0,
            "primer_mismatches": 0,
            "primers_3p": "../lc_primers.fasta",
            "primers_5p": "GAAGTGCAGTGGTATCAACGCAGAGTACATGGGG",
            "read1-input": [ "/nmspipeline//01-Processing/TRIMMER0091_P80/00-RawData/TRIMMER_Plate80_S2_L001_R1_001_sub.fastq.gz"],
            "read2-input": [ "/nmspipeline//01-Processing/TRIMMER0091_P80/00-RawData/TRIMMER_Plate80_S2_L001_R2_001_sub.fastq.gz"],
            "stats-file": "/nmspipeline//01-Processing/TRIMMER0091_P80/01-PrimerTrim/61-SMARTindex_LC_primers.log",
            "uncompressed": false
        },
        "primers": [ ["p5primer1","GAAGTGCAGTGGTATCAACGCAGAGTACATGGGG"], ["KaLC.6_REV_LC","GGATACAGTTGGTGCAGCATC"], ["LaLC.R-mIGL","ATCGTACACACCAGTGTGGC"], ["p5primer1","GAAGTGCAGTGGTATCAACGCAGAGTACATGGGG"], ["KaLC.6_REV_LC","GGATACAGTTGGTGCAGCATC"], ["LaLC.R-mIGL","ATCGTACACACCAGTGTGGC"] ]
    },
    "Fragment": {
        "in": 100000,
        "out": 502,
        "basepairs_in": 60000000,
        "basepairs_out": 273594,
        "flipped": 214,
        "primers_counts": [ ["p5primer1","LaLC.R-mIGL",4], ["p5primer1","None",233], ["p5primer1","KaLC.6_REV_LC",498], ["None","LaLC.R-mIGL",600], ["None","None",48233], ["None","KaLC.6_REV_LC",50432] ]
    },
    "Single_end": {
        "in": 0,
        "out": 0,
        "basepairs_in": 0,
        "basepairs_out": 0,
        "primerTrim": 0,
        "primerBpTrim": 0,
        "discarded": 0
    },
    "Paired_end": {
        "in": 100000,
        "out": 502,
        "discarded": 99498,
        "Read1": {
            "basepairs_in": 30000000,
            "basepairs_out": 133532,
            "primerTrim": 502,
            "primerBpTrim": 17068
        },
        "Read2": {
            "basepairs_in": 30000000,
            "basepairs_out": 140062,
            "primerTrim": 502,
            "primerBpTrim": 10538
        }
    }
  }, {
    "Program_details": {
        "program": "hts_NTrimmer",
        "version": "1.3.2",
        "options": {
            "append-stats-file": "/nmspipeline//01-Processing/TRIMMER0091_P80/01-PrimerTrim/61-SMARTindex_LC_primers.log",
            "exclude": true,
            "force": false,
            "notes": "",
            "uncompressed": false
        }
    },
    "Fragment": {
        "in": 502,
        "out": 502,
        "basepairs_in": 273594,
        "basepairs_out": 273594
    },
    "Single_end": {
        "in": 0,
        "out": 0,
        "basepairs_in": 0,
        "basepairs_out": 0,
        "rightTrim": 0,
        "leftTrim": 0,
        "discarded": 0
    },
    "Paired_end": {
        "in": 502,
        "out": 502,
        "discarded": 0,
        "Read1": {
            "basepairs_in": 133532,
            "basepairs_out": 133532,
            "leftTrim": 0,
            "rightTrim": 0
        },
        "Read2": {
            "basepairs_in": 140062,
            "basepairs_out": 140062,
            "leftTrim": 0,
            "rightTrim": 0
        }
    }
  }, {
    "Program_details": {
        "program": "hts_SeqScreener",
        "version": "1.3.2",
        "options": {
            "append-stats-file": "/nmspipeline//01-Processing/TRIMMER0091_P80/01-PrimerTrim/61-SMARTindex_LC_primers.log",
            "check-read-2": true,
            "force": false,
            "inverse": false,
            "kmer": 21,
            "notes": "",
            "percentage-hits": 0.01,
            "record": true,
            "seq": "../aberrant_LC.fasta",
            "uncompressed": false
        },
        "screen_info": {
            "screenBP": 96,
            "lookupKmers": 8
        }
    },
    "Fragment": {
        "in": 502,
        "out": 502,
        "basepairs_in": 273594,
        "basepairs_out": 273594
    },
    "Single_end": {
        "in": 0,
        "out": 0,
        "basepairs_in": 0,
        "basepairs_out": 0,
        "hits": 0
    },
    "Paired_end": {
        "in": 502,
        "out": 502,
        "hits": 140,
        "Read1": {
            "basepairs_in": 133532,
            "basepairs_out": 133532
        },
        "Read2": {
            "basepairs_in": 140062,
            "basepairs_out": 140062
        }
    }
  }, {
    "Program_details": {
        "program": "hts_QWindowTrim",
        "version": "1.3.2",
        "options": {
            "append-stats-file": "/nmspipeline//01-Processing/TRIMMER0091_P80/01-PrimerTrim/61-SMARTindex_LC_primers.log",
            "avg-qual-score": 10,
            "force": false,
            "no-left": true,
            "no-right": false,
            "notes": "",
            "qual-offset": 33,
            "uncompressed": false,
            "window-size": 10
        }
    },
    "Fragment": {
        "in": 502,
        "out": 502,
        "basepairs_in": 273594,
        "basepairs_out": 272576
    },
    "Single_end": {
        "in": 0,
        "out": 0,
        "basepairs_in": 0,
        "basepairs_out": 0,
        "rightTrim": 0,
        "leftTrim": 0
    },
    "Paired_end": {
        "in": 502,
        "out": 502,
        "Read1": {
            "basepairs_in": 133532,
            "basepairs_out": 133141,
            "leftTrim": 0,
            "rightTrim": 391
        },
        "Read2": {
            "basepairs_in": 140062,
            "basepairs_out": 139435,
            "leftTrim": 0,
            "rightTrim": 627
        }
    }
  }, {
    "Program_details": {
        "program": "hts_Overlapper",
        "version": "1.3.2",
        "options": {
            "append-stats-file": "/nmspipeline//01-Processing/TRIMMER0091_P80/01-PrimerTrim/61-SMARTindex_LC_primers.log",
            "check-lengths": 20,
            "force": false,
            "force-pairs": false,
            "kmer": 8,
            "kmer-offset": 1,
            "max-mismatch": 100,
            "max-mismatch-errorDensity": 0.25,
            "min-overlap": 8,
            "notes": "",
            "number-of-threads": 1,
            "uncompressed": false
        }
    },
    "Fragment": {
        "in": 502,
        "out": 502,
        "basepairs_in": 272576,
        "basepairs_out": 197785,
        "inserts": {
            "short": 54,
            "medium": 419,
            "long": 29
        },
        "overlap_histogram": [ [12,1], [25,3], [26,1], [27,2], [28,1], [36,1], [42,2], [47,1], [52,1], [54,2], [55,1], [57,1], [78,1], [80,1], [88,1], [89,1], [90,2], [91,1], [93,1], [100,4], [107,1], [119,1], [120,1], [122,1], [131,1], [132,1], [133,1], [135,1], [137,1], [144,1], [155,1], [164,1], [165,2], [166,1], [174,1], [178,1], [179,1], [205,1], [206,1], [216,1], [228,1], [250,1], [259,1], [277,1], [313,1], [337,1], [338,1], [366,1], [376,1], [381,1], [383,1], [394,19], [395,1], [398,4], [399,5], [403,1], [404,1], [413,4], [415,5], [417,35], [418,34], [419,6], [420,4], [421,30], [422,15], [423,23], [424,6], [425,180], [426,15], [427,1], [428,8], [429,1], [430,2], [432,2], [434,2], [437,1], [440,2], [442,1], [444,1], [446,2], [453,1] ]
    },
    "Single_end": {
        "in": 0,
        "out": 473,
        "basepairs_in": 0,
        "basepairs_out": 182040
    },
    "Paired_end": {
        "in": 502,
        "out": 29,
        "Read1": {
            "basepairs_in": 133141,
            "basepairs_out": 7676
        },
        "Read2": {
            "basepairs_in": 139435,
            "basepairs_out": 8069
        }
    }
  }, {
    "Program_details": {
        "program": "hts_LengthFilter",
        "version": "1.3.2",
        "options": {
            "append-stats-file": "/nmspipeline//01-Processing/TRIMMER0091_P80/01-PrimerTrim/61-SMARTindex_LC_primers.log",
            "fastq-output": "/nmspipeline//01-Processing/TRIMMER0091_P80/01-PrimerTrim/61-SMARTindex_LC_primers",
            "force": true,
            "max-length": 0,
            "min-length": 385,
            "no-orphans": false,
            "notes": "",
            "stranded": false,
            "uncompressed": false
        }
    },
    "Fragment": {
        "in": 502,
        "out": 412,
        "basepairs_in": 197785,
        "basepairs_out": 173546
    },
    "Single_end": {
        "in": 473,
        "out": 412,
        "basepairs_in": 182040,
        "basepairs_out": 173546,
        "discarded": 61
    },
    "Paired_end": {
        "in": 29,
        "out": 0,
        "discarded": 29,
        "Read1": {
            "basepairs_in": 7676,
            "basepairs_out": 0,
            "discarded": 0
        },
        "Read2": {
            "basepairs_in": 8069,
            "basepairs_out": 0,
            "discarded": 0
        }
    }
  }
]
