[ {
    "Program_details": {
        "program": "hts_Primers",
        "version": "1.3.2",
        "options": {
            "flip": true,
            "float": 0,
            "force": false,
            "keep": false,
            "min_primer_matches": 2,
            "notes": "",
            "primer_end_mismatches": 0,
            "primer_mismatches": 0,
            "primers_3p": "../hc_primers.fasta",
            "primers_5p": "GAAGTGCAGTGGTATCAACGCAGAGTACATGGGG",
            "read1-input": [ "/nmspipeline//01-Processing/TRIMMER0091_P80/00-RawData/TRIMMER_Plate80_S2_L001_R1_001_sub.fastq.gz"],
            "read2-input": [ "/nmspipeline//01-Processing/TRIMMER0091_P80/00-RawData/TRIMMER_Plate80_S2_L001_R2_001_sub.fastq.gz"],
            "stats-file": "/nmspipeline//01-Processing/TRIMMER0091_P80/01-PrimerTrim/61-SMARTindex_HC_primers.log",
            "uncompressed": false
        },
        "primers": [ ["p5primer1","GAAGTGCAGTGGTATCAACGCAGAGTACATGGGG"], ["Ga3.10for_mIGH3","GGATAGACAGATGGGGCTGTTGTTGT"], ["Ga12HC.10_REV_CHI","ATAGACAGATGGGGGTGTCGTTTTGG"], ["p5primer1","GAAGTGCAGTGGTATCAACGCAGAGTACATGGGG"], ["Ga3.10for_mIGH3","GGATAGACAGATGGGGCTGTTGTTGT"], ["Ga12HC.10_REV_CHI","ATAGACAGATGGGGGTGTCGTTTTGG"] ]
    },
    "Fragment": {
        "in": 100000,
        "out": 124,
        "basepairs_in": 60000000,
        "basepairs_out": 66960,
        "flipped": 63,
        "primers_counts": [ ["p5primer1","Ga12HC.10_REV_CHI",123], ["p5primer1","Ga3.10for_mIGH3",1], ["None","Ga3.10for_mIGH3",1141], ["p5primer1","None",611], ["None","Ga12HC.10_REV_CHI",28024], ["None","None",70100] ]
    },
    "Single_end": {
        "in": 0,
        "out": 0,
        "basepairs_in": 0,
        "basepairs_out": 0,
        "primerTrim": 0,
        "primerBpTrim": 0,
        "discarded": 0
    },
    "Paired_end": {
        "in": 100000,
        "out": 124,
        "discarded": 99876,
        "Read1": {
            "basepairs_in": 30000000,
            "basepairs_out": 32984,
            "primerTrim": 124,
            "primerBpTrim": 4216
        },
        "Read2": {
            "basepairs_in": 30000000,
            "basepairs_out": 33976,
            "primerTrim": 124,
            "primerBpTrim": 3224
        }
    }
  }, {
    "Program_details": {
        "program": "hts_NTrimmer",
        "version": "1.3.2",
        "options": {
            "append-stats-file": "/nmspipeline//01-Processing/TRIMMER0091_P80/01-PrimerTrim/61-SMARTindex_HC_primers.log",
            "exclude": true,
            "force": false,
            "notes": "",
            "uncompressed": false
        }
    },
    "Fragment": {
        "in": 124,
        "out": 124,
        "basepairs_in": 66960,
        "basepairs_out": 66960
    },
    "Single_end": {
        "in": 0,
        "out": 0,
        "basepairs_in": 0,
        "basepairs_out": 0,
        "rightTrim": 0,
        "leftTrim": 0,
        "discarded": 0
    },
    "Paired_end": {
        "in": 124,
        "out": 124,
        "discarded": 0,
        "Read1": {
            "basepairs_in": 32984,
            "basepairs_out": 32984,
            "leftTrim": 0,
            "rightTrim": 0
        },
        "Read2": {
            "basepairs_in": 33976,
            "basepairs_out": 33976,
            "leftTrim": 0,
            "rightTrim": 0
        }
    }
  }, {
    "Program_details": {
        "program": "hts_SeqScreener",
        "version": "1.3.2",
        "options": {
            "append-stats-file": "/nmspipeline//01-Processing/TRIMMER0091_P80/01-PrimerTrim/61-SMARTindex_HC_primers.log",
            "check-read-2": true,
            "force": false,
            "inverse": false,
            "kmer": 21,
            "notes": "",
            "percentage-hits": 0.01,
            "record": true,
            "seq": "../aberrant_LC.fasta",
            "uncompressed": false
        },
        "screen_info": {
            "screenBP": 96,
            "lookupKmers": 8
        }
    },
    "Fragment": {
        "in": 124,
        "out": 124,
        "basepairs_in": 66960,
        "basepairs_out": 66960
    },
    "Single_end": {
        "in": 0,
        "out": 0,
        "basepairs_in": 0,
        "basepairs_out": 0,
        "hits": 0
    },
    "Paired_end": {
        "in": 124,
        "out": 124,
        "hits": 0,
        "Read1": {
            "basepairs_in": 32984,
            "basepairs_out": 32984
        },
        "Read2": {
            "basepairs_in": 33976,
            "basepairs_out": 33976
        }
    }
  }, {
    "Program_details": {
        "program": "hts_QWindowTrim",
        "version": "1.3.2",
        "options": {
            "append-stats-file": "/nmspipeline//01-Processing/TRIMMER0091_P80/01-PrimerTrim/61-SMARTindex_HC_primers.log",
            "avg-qual-score": 10,
            "force": false,
            "no-left": true,
            "no-right": false,
            "notes": "",
            "qual-offset": 33,
            "uncompressed": false,
            "window-size": 10
        }
    },
    "Fragment": {
        "in": 124,
        "out": 124,
        "basepairs_in": 66960,
        "basepairs_out": 66568
    },
    "Single_end": {
        "in": 0,
        "out": 0,
        "basepairs_in": 0,
        "basepairs_out": 0,
        "rightTrim": 0,
        "leftTrim": 0
    },
    "Paired_end": {
        "in": 124,
        "out": 124,
        "Read1": {
            "basepairs_in": 32984,
            "basepairs_out": 32800,
            "leftTrim": 0,
            "rightTrim": 184
        },
        "Read2": {
            "basepairs_in": 33976,
            "basepairs_out": 33768,
            "leftTrim": 0,
            "rightTrim": 208
        }
    }
  }, {
    "Program_details": {
        "program": "hts_Overlapper",
        "version": "1.3.2",
        "options": {
            "append-stats-file": "/nmspipeline//01-Processing/TRIMMER0091_P80/01-PrimerTrim/61-SMARTindex_HC_primers.log",
            "check-lengths": 20,
            "force": false,
            "force-pairs": false,
            "kmer": 8,
            "kmer-offset": 1,
            "max-mismatch": 100,
            "max-mismatch-errorDensity": 0.25,
            "min-overlap": 8,
            "notes": "",
            "number-of-threads": 1,
            "uncompressed": false
        }
    },
    "Fragment": {
        "in": 124,
        "out": 124,
        "basepairs_in": 66568,
        "basepairs_out": 45701,
        "inserts": {
            "short": 28,
            "medium": 83,
            "long": 13
        },
        "overlap_histogram": [ [9,1], [21,1], [23,1], [27,1], [28,1], [32,1], [44,1], [45,1], [56,1], [59,1], [68,1], [79,1], [87,2], [96,2], [100,1], [106,1], [122,1], [124,1], [126,1], [135,1], [140,1], [148,1], [152,1], [153,1], [230,1], [264,1], [344,1], [345,1], [433,1], [434,1], [435,1], [436,49], [437,11], [438,12], [439,4], [440,1], [442,1] ]
    },
    "Single_end": {
        "in": 0,
        "out": 111,
        "basepairs_in": 0,
        "basepairs_out": 38713
    },
    "Paired_end": {
        "in": 124,
        "out": 13,
        "Read1": {
            "basepairs_in": 32800,
            "basepairs_out": 3439
        },
        "Read2": {
            "basepairs_in": 33768,
            "basepairs_out": 3549
        }
    }
  }, {
    "Program_details": {
        "program": "hts_LengthFilter",
        "version": "1.3.2",
        "options": {
            "append-stats-file": "/nmspipeline//01-Processing/TRIMMER0091_P80/01-PrimerTrim/61-SMARTindex_HC_primers.log",
            "fastq-output": "/nmspipeline//01-Processing/TRIMMER0091_P80/01-PrimerTrim/61-SMARTindex_HC_primers",
            "force": true,
            "max-length": 0,
            "min-length": 385,
            "no-orphans": false,
            "notes": "",
            "stranded": false,
            "uncompressed": false
        }
    },
    "Fragment": {
        "in": 124,
        "out": 81,
        "basepairs_in": 45701,
        "basepairs_out": 35367
    },
    "Single_end": {
        "in": 111,
        "out": 81,
        "basepairs_in": 38713,
        "basepairs_out": 35367,
        "discarded": 30
    },
    "Paired_end": {
        "in": 13,
        "out": 0,
        "discarded": 13,
        "Read1": {
            "basepairs_in": 3439,
            "basepairs_out": 0,
            "discarded": 0
        },
        "Read2": {
            "basepairs_in": 3549,
            "basepairs_out": 0,
            "discarded": 0
        }
    }
  }
]
