[ {
    "Program_details": {
        "program": "hts_Primers",
        "version": "1.3.2",
        "options": {
            "flip": true,
            "float": 0,
            "force": false,
            "keep": false,
            "min_primer_matches": 2,
            "notes": "",
            "primer_end_mismatches": 0,
            "primer_mismatches": 0,
            "primers_3p": "../lc_primers.fasta",
            "primers_5p": "CAATGCCAGTGGTATCAACGCAGAGTACATGGGG",
            "read1-input": [ "/nmspipeline//01-Processing/TRIMMER0091_P80/00-RawData/TRIMMER_Plate80_S2_L001_R1_001_sub.fastq.gz"],
            "read2-input": [ "/nmspipeline//01-Processing/TRIMMER0091_P80/00-RawData/TRIMMER_Plate80_S2_L001_R2_001_sub.fastq.gz"],
            "stats-file": "/nmspipeline//01-Processing/TRIMMER0091_P80/01-PrimerTrim/62-SMARTindex_LC_primers.log",
            "uncompressed": false
        },
        "primers": [ ["p5primer1","CAATGCCAGTGGTATCAACGCAGAGTACATGGGG"], ["KaLC.6_REV_LC","GGATACAGTTGGTGCAGCATC"], ["LaLC.R-mIGL","ATCGTACACACCAGTGTGGC"], ["p5primer1","CAATGCCAGTGGTATCAACGCAGAGTACATGGGG"], ["KaLC.6_REV_LC","GGATACAGTTGGTGCAGCATC"], ["LaLC.R-mIGL","ATCGTACACACCAGTGTGGC"] ]
    },
    "Fragment": {
        "in": 100000,
        "out": 250,
        "basepairs_in": 60000000,
        "basepairs_out": 136250,
        "flipped": 116,
        "primers_counts": [ ["None","LaLC.R-mIGL",604], ["p5primer1","None",104], ["p5primer1","KaLC.6_REV_LC",250], ["None","None",48362], ["None","KaLC.6_REV_LC",50680] ]
    },
    "Single_end": {
        "in": 0,
        "out": 0,
        "basepairs_in": 0,
        "basepairs_out": 0,
        "primerTrim": 0,
        "primerBpTrim": 0,
        "discarded": 0
    },
    "Paired_end": {
        "in": 100000,
        "out": 250,
        "discarded": 99750,
        "Read1": {
            "basepairs_in": 30000000,
            "basepairs_out": 66500,
            "primerTrim": 250,
            "primerBpTrim": 8500
        },
        "Read2": {
            "basepairs_in": 30000000,
            "basepairs_out": 69750,
            "primerTrim": 250,
            "primerBpTrim": 5250
        }
    }
  }, {
    "Program_details": {
        "program": "hts_NTrimmer",
        "version": "1.3.2",
        "options": {
            "append-stats-file": "/nmspipeline//01-Processing/TRIMMER0091_P80/01-PrimerTrim/62-SMARTindex_LC_primers.log",
            "exclude": true,
            "force": false,
            "notes": "",
            "uncompressed": false
        }
    },
    "Fragment": {
        "in": 250,
        "out": 250,
        "basepairs_in": 136250,
        "basepairs_out": 136250
    },
    "Single_end": {
        "in": 0,
        "out": 0,
        "basepairs_in": 0,
        "basepairs_out": 0,
        "rightTrim": 0,
        "leftTrim": 0,
        "discarded": 0
    },
    "Paired_end": {
        "in": 250,
        "out": 250,
        "discarded": 0,
        "Read1": {
            "basepairs_in": 66500,
            "basepairs_out": 66500,
            "leftTrim": 0,
            "rightTrim": 0
        },
        "Read2": {
            "basepairs_in": 69750,
            "basepairs_out": 69750,
            "leftTrim": 0,
            "rightTrim": 0
        }
    }
  }, {
    "Program_details": {
        "program": "hts_SeqScreener",
        "version": "1.3.2",
        "options": {
            "append-stats-file": "/nmspipeline//01-Processing/TRIMMER0091_P80/01-PrimerTrim/62-SMARTindex_LC_primers.log",
            "check-read-2": true,
            "force": false,
            "inverse": false,
            "kmer": 21,
            "notes": "",
            "percentage-hits": 0.01,
            "record": true,
            "seq": "../aberrant_LC.fasta",
            "uncompressed": false
        },
        "screen_info": {
            "screenBP": 96,
            "lookupKmers": 8
        }
    },
    "Fragment": {
        "in": 250,
        "out": 250,
        "basepairs_in": 136250,
        "basepairs_out": 136250
    },
    "Single_end": {
        "in": 0,
        "out": 0,
        "basepairs_in": 0,
        "basepairs_out": 0,
        "hits": 0
    },
    "Paired_end": {
        "in": 250,
        "out": 250,
        "hits": 61,
        "Read1": {
            "basepairs_in": 66500,
            "basepairs_out": 66500
        },
        "Read2": {
            "basepairs_in": 69750,
            "basepairs_out": 69750
        }
    }
  }, {
    "Program_details": {
        "program": "hts_QWindowTrim",
        "version": "1.3.2",
        "options": {
            "append-stats-file": "/nmspipeline//01-Processing/TRIMMER0091_P80/01-PrimerTrim/62-SMARTindex_LC_primers.log",
            "avg-qual-score": 10,
            "force": false,
            "no-left": true,
            "no-right": false,
            "notes": "",
            "qual-offset": 33,
            "uncompressed": false,
            "window-size": 10
        }
    },
    "Fragment": {
        "in": 250,
        "out": 250,
        "basepairs_in": 136250,
        "basepairs_out": 135713
    },
    "Single_end": {
        "in": 0,
        "out": 0,
        "basepairs_in": 0,
        "basepairs_out": 0,
        "rightTrim": 0,
        "leftTrim": 0
    },
    "Paired_end": {
        "in": 250,
        "out": 250,
        "Read1": {
            "basepairs_in": 66500,
            "basepairs_out": 66321,
            "leftTrim": 0,
            "rightTrim": 179
        },
        "Read2": {
            "basepairs_in": 69750,
            "basepairs_out": 69392,
            "leftTrim": 0,
            "rightTrim": 358
        }
    }
  }, {
    "Program_details": {
        "program": "hts_Overlapper",
        "version": "1.3.2",
        "options": {
            "append-stats-file": "/nmspipeline//01-Processing/TRIMMER0091_P80/01-PrimerTrim/62-SMARTindex_LC_primers.log",
            "check-lengths": 20,
            "force": false,
            "force-pairs": false,
            "kmer": 8,
            "kmer-offset": 1,
            "max-mismatch": 100,
            "max-mismatch-errorDensity": 0.25,
            "min-overlap": 8,
            "notes": "",
            "number-of-threads": 1,
            "uncompressed": false
        }
    },
    "Fragment": {
        "in": 250,
        "out": 250,
        "basepairs_in": 135713,
        "basepairs_out": 97473,
        "inserts": {
            "short": 24,
            "medium": 211,
            "long": 15
        },
        "overlap_histogram": [ [25,1], [28,1], [39,1], [49,1], [63,1], [67,1], [71,1], [81,1], [83,1], [88,1], [89,1], [95,1], [101,1], [103,1], [113,2], [131,1], [158,1], [161,1], [214,1], [245,1], [252,1], [261,1], [272,1], [291,1], [304,1], [309,1], [315,1], [323,1], [342,1], [362,1], [366,1], [382,1], [383,1], [384,2], [385,3], [386,23], [394,1], [397,2], [398,1], [399,6], [400,2], [412,2], [414,2], [415,2], [416,17], [417,81], [418,21], [419,5], [420,1], [421,3], [422,6], [423,6], [424,1], [425,3], [427,1], [431,1], [439,1], [440,4], [441,1], [442,1], [443,1], [451,1] ]
    },
    "Single_end": {
        "in": 0,
        "out": 235,
        "basepairs_in": 0,
        "basepairs_out": 89350
    },
    "Paired_end": {
        "in": 250,
        "out": 15,
        "Read1": {
            "basepairs_in": 66321,
            "basepairs_out": 3953
        },
        "Read2": {
            "basepairs_in": 69392,
            "basepairs_out": 4170
        }
    }
  }, {
    "Program_details": {
        "program": "hts_LengthFilter",
        "version": "1.3.2",
        "options": {
            "append-stats-file": "/nmspipeline//01-Processing/TRIMMER0091_P80/01-PrimerTrim/62-SMARTindex_LC_primers.log",
            "fastq-output": "/nmspipeline//01-Processing/TRIMMER0091_P80/01-PrimerTrim/62-SMARTindex_LC_primers",
            "force": true,
            "max-length": 0,
            "min-length": 385,
            "no-orphans": false,
            "notes": "",
            "stranded": false,
            "uncompressed": false
        }
    },
    "Fragment": {
        "in": 250,
        "out": 199,
        "basepairs_in": 97473,
        "basepairs_out": 82303
    },
    "Single_end": {
        "in": 235,
        "out": 199,
        "basepairs_in": 89350,
        "basepairs_out": 82303,
        "discarded": 36
    },
    "Paired_end": {
        "in": 15,
        "out": 0,
        "discarded": 15,
        "Read1": {
            "basepairs_in": 3953,
            "basepairs_out": 0,
            "discarded": 0
        },
        "Read2": {
            "basepairs_in": 4170,
            "basepairs_out": 0,
            "discarded": 0
        }
    }
  }
]
