[ {
    "Program_details": {
        "program": "hts_Primers",
        "version": "1.3.2",
        "options": {
            "flip": true,
            "float": 0,
            "force": false,
            "keep": false,
            "min_primer_matches": 2,
            "notes": "",
            "primer_end_mismatches": 0,
            "primer_mismatches": 0,
            "primers_3p": "../hc_primers.fasta",
            "primers_5p": "CAGGACCAGTGGTATCAACGCAGAGTACATGGGG",
            "read1-input": [ "/nmspipeline//01-Processing/TRIMMER0091_P80/00-RawData/TRIMMER_Plate80_S2_L001_R1_001_sub.fastq.gz"],
            "read2-input": [ "/nmspipeline//01-Processing/TRIMMER0091_P80/00-RawData/TRIMMER_Plate80_S2_L001_R2_001_sub.fastq.gz"],
            "stats-file": "/nmspipeline//01-Processing/TRIMMER0091_P80/01-PrimerTrim/64-SMARTindex_HC_primers.log",
            "uncompressed": false
        },
        "primers": [ ["p5primer1","CAGGACCAGTGGTATCAACGCAGAGTACATGGGG"], ["Ga3.10for_mIGH3","GGATAGACAGATGGGGCTGTTGTTGT"], ["Ga12HC.10_REV_CHI","ATAGACAGATGGGGGTGTCGTTTTGG"], ["p5primer1","CAGGACCAGTGGTATCAACGCAGAGTACATGGGG"], ["Ga3.10for_mIGH3","GGATAGACAGATGGGGCTGTTGTTGT"], ["Ga12HC.10_REV_CHI","ATAGACAGATGGGGGTGTCGTTTTGG"] ]
    },
    "Fragment": {
        "in": 100000,
        "out": 422,
        "basepairs_in": 60000000,
        "basepairs_out": 227880,
        "flipped": 198,
        "primers_counts": [ ["p5primer1","None",644], ["p5primer1","Ga12HC.10_REV_CHI",420], ["p5primer1","Ga3.10for_mIGH3",2], ["None","Ga3.10for_mIGH3",1140], ["None","Ga12HC.10_REV_CHI",27727], ["None","None",70067] ]
    },
    "Single_end": {
        "in": 0,
        "out": 0,
        "basepairs_in": 0,
        "basepairs_out": 0,
        "primerTrim": 0,
        "primerBpTrim": 0,
        "discarded": 0
    },
    "Paired_end": {
        "in": 100000,
        "out": 422,
        "discarded": 99578,
        "Read1": {
            "basepairs_in": 30000000,
            "basepairs_out": 112252,
            "primerTrim": 422,
            "primerBpTrim": 14348
        },
        "Read2": {
            "basepairs_in": 30000000,
            "basepairs_out": 115628,
            "primerTrim": 422,
            "primerBpTrim": 10972
        }
    }
  }, {
    "Program_details": {
        "program": "hts_NTrimmer",
        "version": "1.3.2",
        "options": {
            "append-stats-file": "/nmspipeline//01-Processing/TRIMMER0091_P80/01-PrimerTrim/64-SMARTindex_HC_primers.log",
            "exclude": true,
            "force": false,
            "notes": "",
            "uncompressed": false
        }
    },
    "Fragment": {
        "in": 422,
        "out": 422,
        "basepairs_in": 227880,
        "basepairs_out": 227880
    },
    "Single_end": {
        "in": 0,
        "out": 0,
        "basepairs_in": 0,
        "basepairs_out": 0,
        "rightTrim": 0,
        "leftTrim": 0,
        "discarded": 0
    },
    "Paired_end": {
        "in": 422,
        "out": 422,
        "discarded": 0,
        "Read1": {
            "basepairs_in": 112252,
            "basepairs_out": 112252,
            "leftTrim": 0,
            "rightTrim": 0
        },
        "Read2": {
            "basepairs_in": 115628,
            "basepairs_out": 115628,
            "leftTrim": 0,
            "rightTrim": 0
        }
    }
  }, {
    "Program_details": {
        "program": "hts_SeqScreener",
        "version": "1.3.2",
        "options": {
            "append-stats-file": "/nmspipeline//01-Processing/TRIMMER0091_P80/01-PrimerTrim/64-SMARTindex_HC_primers.log",
            "check-read-2": true,
            "force": false,
            "inverse": false,
            "kmer": 21,
            "notes": "",
            "percentage-hits": 0.01,
            "record": true,
            "seq": "../aberrant_LC.fasta",
            "uncompressed": false
        },
        "screen_info": {
            "screenBP": 96,
            "lookupKmers": 8
        }
    },
    "Fragment": {
        "in": 422,
        "out": 422,
        "basepairs_in": 227880,
        "basepairs_out": 227880
    },
    "Single_end": {
        "in": 0,
        "out": 0,
        "basepairs_in": 0,
        "basepairs_out": 0,
        "hits": 0
    },
    "Paired_end": {
        "in": 422,
        "out": 422,
        "hits": 0,
        "Read1": {
            "basepairs_in": 112252,
            "basepairs_out": 112252
        },
        "Read2": {
            "basepairs_in": 115628,
            "basepairs_out": 115628
        }
    }
  }, {
    "Program_details": {
        "program": "hts_QWindowTrim",
        "version": "1.3.2",
        "options": {
            "append-stats-file": "/nmspipeline//01-Processing/TRIMMER0091_P80/01-PrimerTrim/64-SMARTindex_HC_primers.log",
            "avg-qual-score": 10,
            "force": false,
            "no-left": true,
            "no-right": false,
            "notes": "",
            "qual-offset": 33,
            "uncompressed": false,
            "window-size": 10
        }
    },
    "Fragment": {
        "in": 422,
        "out": 422,
        "basepairs_in": 227880,
        "basepairs_out": 227367
    },
    "Single_end": {
        "in": 0,
        "out": 0,
        "basepairs_in": 0,
        "basepairs_out": 0,
        "rightTrim": 0,
        "leftTrim": 0
    },
    "Paired_end": {
        "in": 422,
        "out": 422,
        "Read1": {
            "basepairs_in": 112252,
            "basepairs_out": 111949,
            "leftTrim": 0,
            "rightTrim": 303
        },
        "Read2": {
            "basepairs_in": 115628,
            "basepairs_out": 115418,
            "leftTrim": 0,
            "rightTrim": 210
        }
    }
  }, {
    "Program_details": {
        "program": "hts_Overlapper",
        "version": "1.3.2",
        "options": {
            "append-stats-file": "/nmspipeline//01-Processing/TRIMMER0091_P80/01-PrimerTrim/64-SMARTindex_HC_primers.log",
            "check-lengths": 20,
            "force": false,
            "force-pairs": false,
            "kmer": 8,
            "kmer-offset": 1,
            "max-mismatch": 100,
            "max-mismatch-errorDensity": 0.25,
            "min-overlap": 8,
            "notes": "",
            "number-of-threads": 1,
            "uncompressed": false
        }
    },
    "Fragment": {
        "in": 422,
        "out": 422,
        "basepairs_in": 227367,
        "basepairs_out": 196467,
        "inserts": {
            "short": 13,
            "medium": 379,
            "long": 30
        },
        "overlap_histogram": [ [24,1], [25,1], [45,1], [48,1], [50,1], [83,2], [108,1], [116,1], [121,1], [262,1], [268,1], [273,1], [312,1], [387,1], [403,1], [420,2], [432,1], [441,1], [449,3], [456,1], [462,1], [466,1], [467,2], [468,5], [469,5], [470,6], [471,214], [472,19], [473,12], [474,7], [475,10], [477,2], [478,1], [479,17], [480,1], [481,57], [482,3], [483,4], [498,1] ]
    },
    "Single_end": {
        "in": 0,
        "out": 392,
        "basepairs_in": 0,
        "basepairs_out": 180345
    },
    "Paired_end": {
        "in": 422,
        "out": 30,
        "Read1": {
            "basepairs_in": 111949,
            "basepairs_out": 7931
        },
        "Read2": {
            "basepairs_in": 115418,
            "basepairs_out": 8191
        }
    }
  }, {
    "Program_details": {
        "program": "hts_LengthFilter",
        "version": "1.3.2",
        "options": {
            "append-stats-file": "/nmspipeline//01-Processing/TRIMMER0091_P80/01-PrimerTrim/64-SMARTindex_HC_primers.log",
            "fastq-output": "/nmspipeline//01-Processing/TRIMMER0091_P80/01-PrimerTrim/64-SMARTindex_HC_primers",
            "force": true,
            "max-length": 0,
            "min-length": 385,
            "no-orphans": false,
            "notes": "",
            "stranded": false,
            "uncompressed": false
        }
    },
    "Fragment": {
        "in": 422,
        "out": 378,
        "basepairs_in": 196467,
        "basepairs_out": 178527
    },
    "Single_end": {
        "in": 392,
        "out": 378,
        "basepairs_in": 180345,
        "basepairs_out": 178527,
        "discarded": 14
    },
    "Paired_end": {
        "in": 30,
        "out": 0,
        "discarded": 30,
        "Read1": {
            "basepairs_in": 7931,
            "basepairs_out": 0,
            "discarded": 0
        },
        "Read2": {
            "basepairs_in": 8191,
            "basepairs_out": 0,
            "discarded": 0
        }
    }
  }
]
