[ {
    "Program_details": {
        "program": "hts_Primers",
        "version": "1.3.2",
        "options": {
            "flip": true,
            "float": 0,
            "force": false,
            "keep": false,
            "min_primer_matches": 2,
            "notes": "",
            "primer_end_mismatches": 0,
            "primer_mismatches": 0,
            "primers_3p": "../lc_primers.fasta",
            "primers_5p": "AAGCTCCAGTGGTATCAACGCAGAGTACATGGGG",
            "read1-input": [ "/nmspipeline//01-Processing/TRIMMER0091_P80/00-RawData/TRIMMER_Plate80_S2_L001_R1_001_sub.fastq.gz"],
            "read2-input": [ "/nmspipeline//01-Processing/TRIMMER0091_P80/00-RawData/TRIMMER_Plate80_S2_L001_R2_001_sub.fastq.gz"],
            "stats-file": "/nmspipeline//01-Processing/TRIMMER0091_P80/01-PrimerTrim/65-SMARTindex_LC_primers.log",
            "uncompressed": false
        },
        "primers": [ ["p5primer1","AAGCTCCAGTGGTATCAACGCAGAGTACATGGGG"], ["KaLC.6_REV_LC","GGATACAGTTGGTGCAGCATC"], ["LaLC.R-mIGL","ATCGTACACACCAGTGTGGC"], ["p5primer1","AAGCTCCAGTGGTATCAACGCAGAGTACATGGGG"], ["KaLC.6_REV_LC","GGATACAGTTGGTGCAGCATC"], ["LaLC.R-mIGL","ATCGTACACACCAGTGTGGC"] ]
    },
    "Fragment": {
        "in": 100000,
        "out": 198,
        "basepairs_in": 60000000,
        "basepairs_out": 107910,
        "flipped": 93,
        "primers_counts": [ ["p5primer1","None",143], ["p5primer1","KaLC.6_REV_LC",198], ["None","LaLC.R-mIGL",604], ["None","None",48323], ["None","KaLC.6_REV_LC",50732] ]
    },
    "Single_end": {
        "in": 0,
        "out": 0,
        "basepairs_in": 0,
        "basepairs_out": 0,
        "primerTrim": 0,
        "primerBpTrim": 0,
        "discarded": 0
    },
    "Paired_end": {
        "in": 100000,
        "out": 198,
        "discarded": 99802,
        "Read1": {
            "basepairs_in": 30000000,
            "basepairs_out": 52668,
            "primerTrim": 198,
            "primerBpTrim": 6732
        },
        "Read2": {
            "basepairs_in": 30000000,
            "basepairs_out": 55242,
            "primerTrim": 198,
            "primerBpTrim": 4158
        }
    }
  }, {
    "Program_details": {
        "program": "hts_NTrimmer",
        "version": "1.3.2",
        "options": {
            "append-stats-file": "/nmspipeline//01-Processing/TRIMMER0091_P80/01-PrimerTrim/65-SMARTindex_LC_primers.log",
            "exclude": true,
            "force": false,
            "notes": "",
            "uncompressed": false
        }
    },
    "Fragment": {
        "in": 198,
        "out": 198,
        "basepairs_in": 107910,
        "basepairs_out": 107910
    },
    "Single_end": {
        "in": 0,
        "out": 0,
        "basepairs_in": 0,
        "basepairs_out": 0,
        "rightTrim": 0,
        "leftTrim": 0,
        "discarded": 0
    },
    "Paired_end": {
        "in": 198,
        "out": 198,
        "discarded": 0,
        "Read1": {
            "basepairs_in": 52668,
            "basepairs_out": 52668,
            "leftTrim": 0,
            "rightTrim": 0
        },
        "Read2": {
            "basepairs_in": 55242,
            "basepairs_out": 55242,
            "leftTrim": 0,
            "rightTrim": 0
        }
    }
  }, {
    "Program_details": {
        "program": "hts_SeqScreener",
        "version": "1.3.2",
        "options": {
            "append-stats-file": "/nmspipeline//01-Processing/TRIMMER0091_P80/01-PrimerTrim/65-SMARTindex_LC_primers.log",
            "check-read-2": true,
            "force": false,
            "inverse": false,
            "kmer": 21,
            "notes": "",
            "percentage-hits": 0.01,
            "record": true,
            "seq": "../aberrant_LC.fasta",
            "uncompressed": false
        },
        "screen_info": {
            "screenBP": 96,
            "lookupKmers": 8
        }
    },
    "Fragment": {
        "in": 198,
        "out": 198,
        "basepairs_in": 107910,
        "basepairs_out": 107910
    },
    "Single_end": {
        "in": 0,
        "out": 0,
        "basepairs_in": 0,
        "basepairs_out": 0,
        "hits": 0
    },
    "Paired_end": {
        "in": 198,
        "out": 198,
        "hits": 69,
        "Read1": {
            "basepairs_in": 52668,
            "basepairs_out": 52668
        },
        "Read2": {
            "basepairs_in": 55242,
            "basepairs_out": 55242
        }
    }
  }, {
    "Program_details": {
        "program": "hts_QWindowTrim",
        "version": "1.3.2",
        "options": {
            "append-stats-file": "/nmspipeline//01-Processing/TRIMMER0091_P80/01-PrimerTrim/65-SMARTindex_LC_primers.log",
            "avg-qual-score": 10,
            "force": false,
            "no-left": true,
            "no-right": false,
            "notes": "",
            "qual-offset": 33,
            "uncompressed": false,
            "window-size": 10
        }
    },
    "Fragment": {
        "in": 198,
        "out": 198,
        "basepairs_in": 107910,
        "basepairs_out": 107594
    },
    "Single_end": {
        "in": 0,
        "out": 0,
        "basepairs_in": 0,
        "basepairs_out": 0,
        "rightTrim": 0,
        "leftTrim": 0
    },
    "Paired_end": {
        "in": 198,
        "out": 198,
        "Read1": {
            "basepairs_in": 52668,
            "basepairs_out": 52506,
            "leftTrim": 0,
            "rightTrim": 162
        },
        "Read2": {
            "basepairs_in": 55242,
            "basepairs_out": 55088,
            "leftTrim": 0,
            "rightTrim": 154
        }
    }
  }, {
    "Program_details": {
        "program": "hts_Overlapper",
        "version": "1.3.2",
        "options": {
            "append-stats-file": "/nmspipeline//01-Processing/TRIMMER0091_P80/01-PrimerTrim/65-SMARTindex_LC_primers.log",
            "check-lengths": 20,
            "force": false,
            "force-pairs": false,
            "kmer": 8,
            "kmer-offset": 1,
            "max-mismatch": 100,
            "max-mismatch-errorDensity": 0.25,
            "min-overlap": 8,
            "notes": "",
            "number-of-threads": 1,
            "uncompressed": false
        }
    },
    "Fragment": {
        "in": 198,
        "out": 198,
        "basepairs_in": 107594,
        "basepairs_out": 81488,
        "inserts": {
            "short": 16,
            "medium": 168,
            "long": 14
        },
        "overlap_histogram": [ [14,1], [49,1], [70,1], [73,1], [86,1], [108,1], [113,2], [128,1], [149,1], [158,1], [177,1], [184,1], [208,1], [219,1], [221,1], [334,1], [381,1], [395,1], [399,6], [414,1], [415,1], [418,22], [420,2], [421,2], [422,7], [423,8], [424,3], [427,1], [429,2], [430,6], [431,16], [432,3], [433,3], [434,72], [435,2], [440,4], [442,1], [445,2], [456,1] ]
    },
    "Single_end": {
        "in": 0,
        "out": 184,
        "basepairs_in": 0,
        "basepairs_out": 73913
    },
    "Paired_end": {
        "in": 198,
        "out": 14,
        "Read1": {
            "basepairs_in": 52506,
            "basepairs_out": 3682
        },
        "Read2": {
            "basepairs_in": 55088,
            "basepairs_out": 3893
        }
    }
  }, {
    "Program_details": {
        "program": "hts_LengthFilter",
        "version": "1.3.2",
        "options": {
            "append-stats-file": "/nmspipeline//01-Processing/TRIMMER0091_P80/01-PrimerTrim/65-SMARTindex_LC_primers.log",
            "fastq-output": "/nmspipeline//01-Processing/TRIMMER0091_P80/01-PrimerTrim/65-SMARTindex_LC_primers",
            "force": true,
            "max-length": 0,
            "min-length": 385,
            "no-orphans": false,
            "notes": "",
            "stranded": false,
            "uncompressed": false
        }
    },
    "Fragment": {
        "in": 198,
        "out": 166,
        "basepairs_in": 81488,
        "basepairs_out": 71128
    },
    "Single_end": {
        "in": 184,
        "out": 166,
        "basepairs_in": 73913,
        "basepairs_out": 71128,
        "discarded": 18
    },
    "Paired_end": {
        "in": 14,
        "out": 0,
        "discarded": 14,
        "Read1": {
            "basepairs_in": 3682,
            "basepairs_out": 0,
            "discarded": 0
        },
        "Read2": {
            "basepairs_in": 3893,
            "basepairs_out": 0,
            "discarded": 0
        }
    }
  }
]
