[ {
    "Program_details": {
        "program": "hts_Primers",
        "version": "1.3.2",
        "options": {
            "flip": true,
            "float": 0,
            "force": false,
            "keep": false,
            "min_primer_matches": 2,
            "notes": "",
            "primer_end_mismatches": 0,
            "primer_mismatches": 0,
            "primers_3p": "../lc_primers.fasta",
            "primers_5p": "GACGATCAGTGGTATCAACGCAGAGTACATGGGG",
            "read1-input": [ "/nmspipeline//01-Processing/TRIMMER0091_P80/00-RawData/TRIMMER_Plate80_S2_L001_R1_001_sub.fastq.gz"],
            "read2-input": [ "/nmspipeline//01-Processing/TRIMMER0091_P80/00-RawData/TRIMMER_Plate80_S2_L001_R2_001_sub.fastq.gz"],
            "stats-file": "/nmspipeline//01-Processing/TRIMMER0091_P80/01-PrimerTrim/66-SMARTindex_LC_primers.log",
            "uncompressed": false
        },
        "primers": [ ["p5primer1","GACGATCAGTGGTATCAACGCAGAGTACATGGGG"], ["KaLC.6_REV_LC","GGATACAGTTGGTGCAGCATC"], ["LaLC.R-mIGL","ATCGTACACACCAGTGTGGC"], ["p5primer1","GACGATCAGTGGTATCAACGCAGAGTACATGGGG"], ["KaLC.6_REV_LC","GGATACAGTTGGTGCAGCATC"], ["LaLC.R-mIGL","ATCGTACACACCAGTGTGGC"] ]
    },
    "Fragment": {
        "in": 100000,
        "out": 157,
        "basepairs_in": 60000000,
        "basepairs_out": 85565,
        "flipped": 52,
        "primers_counts": [ ["p5primer1","None",311], ["p5primer1","KaLC.6_REV_LC",157], ["None","LaLC.R-mIGL",604], ["None","None",48155], ["None","KaLC.6_REV_LC",50773] ]
    },
    "Single_end": {
        "in": 0,
        "out": 0,
        "basepairs_in": 0,
        "basepairs_out": 0,
        "primerTrim": 0,
        "primerBpTrim": 0,
        "discarded": 0
    },
    "Paired_end": {
        "in": 100000,
        "out": 157,
        "discarded": 99843,
        "Read1": {
            "basepairs_in": 30000000,
            "basepairs_out": 41762,
            "primerTrim": 157,
            "primerBpTrim": 5338
        },
        "Read2": {
            "basepairs_in": 30000000,
            "basepairs_out": 43803,
            "primerTrim": 157,
            "primerBpTrim": 3297
        }
    }
  }, {
    "Program_details": {
        "program": "hts_NTrimmer",
        "version": "1.3.2",
        "options": {
            "append-stats-file": "/nmspipeline//01-Processing/TRIMMER0091_P80/01-PrimerTrim/66-SMARTindex_LC_primers.log",
            "exclude": true,
            "force": false,
            "notes": "",
            "uncompressed": false
        }
    },
    "Fragment": {
        "in": 157,
        "out": 157,
        "basepairs_in": 85565,
        "basepairs_out": 85565
    },
    "Single_end": {
        "in": 0,
        "out": 0,
        "basepairs_in": 0,
        "basepairs_out": 0,
        "rightTrim": 0,
        "leftTrim": 0,
        "discarded": 0
    },
    "Paired_end": {
        "in": 157,
        "out": 157,
        "discarded": 0,
        "Read1": {
            "basepairs_in": 41762,
            "basepairs_out": 41762,
            "leftTrim": 0,
            "rightTrim": 0
        },
        "Read2": {
            "basepairs_in": 43803,
            "basepairs_out": 43803,
            "leftTrim": 0,
            "rightTrim": 0
        }
    }
  }, {
    "Program_details": {
        "program": "hts_SeqScreener",
        "version": "1.3.2",
        "options": {
            "append-stats-file": "/nmspipeline//01-Processing/TRIMMER0091_P80/01-PrimerTrim/66-SMARTindex_LC_primers.log",
            "check-read-2": true,
            "force": false,
            "inverse": false,
            "kmer": 21,
            "notes": "",
            "percentage-hits": 0.01,
            "record": true,
            "seq": "../aberrant_LC.fasta",
            "uncompressed": false
        },
        "screen_info": {
            "screenBP": 96,
            "lookupKmers": 8
        }
    },
    "Fragment": {
        "in": 157,
        "out": 157,
        "basepairs_in": 85565,
        "basepairs_out": 85565
    },
    "Single_end": {
        "in": 0,
        "out": 0,
        "basepairs_in": 0,
        "basepairs_out": 0,
        "hits": 0
    },
    "Paired_end": {
        "in": 157,
        "out": 157,
        "hits": 49,
        "Read1": {
            "basepairs_in": 41762,
            "basepairs_out": 41762
        },
        "Read2": {
            "basepairs_in": 43803,
            "basepairs_out": 43803
        }
    }
  }, {
    "Program_details": {
        "program": "hts_QWindowTrim",
        "version": "1.3.2",
        "options": {
            "append-stats-file": "/nmspipeline//01-Processing/TRIMMER0091_P80/01-PrimerTrim/66-SMARTindex_LC_primers.log",
            "avg-qual-score": 10,
            "force": false,
            "no-left": true,
            "no-right": false,
            "notes": "",
            "qual-offset": 33,
            "uncompressed": false,
            "window-size": 10
        }
    },
    "Fragment": {
        "in": 157,
        "out": 157,
        "basepairs_in": 85565,
        "basepairs_out": 85221
    },
    "Single_end": {
        "in": 0,
        "out": 0,
        "basepairs_in": 0,
        "basepairs_out": 0,
        "rightTrim": 0,
        "leftTrim": 0
    },
    "Paired_end": {
        "in": 157,
        "out": 157,
        "Read1": {
            "basepairs_in": 41762,
            "basepairs_out": 41616,
            "leftTrim": 0,
            "rightTrim": 146
        },
        "Read2": {
            "basepairs_in": 43803,
            "basepairs_out": 43605,
            "leftTrim": 0,
            "rightTrim": 198
        }
    }
  }, {
    "Program_details": {
        "program": "hts_Overlapper",
        "version": "1.3.2",
        "options": {
            "append-stats-file": "/nmspipeline//01-Processing/TRIMMER0091_P80/01-PrimerTrim/66-SMARTindex_LC_primers.log",
            "check-lengths": 20,
            "force": false,
            "force-pairs": false,
            "kmer": 8,
            "kmer-offset": 1,
            "max-mismatch": 100,
            "max-mismatch-errorDensity": 0.25,
            "min-overlap": 8,
            "notes": "",
            "number-of-threads": 1,
            "uncompressed": false
        }
    },
    "Fragment": {
        "in": 157,
        "out": 157,
        "basepairs_in": 85221,
        "basepairs_out": 63566,
        "inserts": {
            "short": 12,
            "medium": 136,
            "long": 9
        },
        "overlap_histogram": [ [29,1], [86,1], [87,1], [91,1], [103,1], [113,1], [121,1], [127,1], [140,1], [157,1], [166,1], [219,1], [320,1], [324,1], [326,2], [370,1], [375,1], [386,1], [389,1], [390,1], [393,1], [398,2], [399,2], [400,4], [405,1], [407,4], [409,1], [416,4], [417,1], [418,15], [419,3], [420,2], [421,5], [422,8], [423,3], [425,2], [429,1], [432,46], [433,5], [435,6], [436,2], [438,1], [439,1], [440,2], [442,1], [453,3], [455,1] ]
    },
    "Single_end": {
        "in": 0,
        "out": 148,
        "basepairs_in": 0,
        "basepairs_out": 58683
    },
    "Paired_end": {
        "in": 157,
        "out": 9,
        "Read1": {
            "basepairs_in": 41616,
            "basepairs_out": 2375
        },
        "Read2": {
            "basepairs_in": 43605,
            "basepairs_out": 2508
        }
    }
  }, {
    "Program_details": {
        "program": "hts_LengthFilter",
        "version": "1.3.2",
        "options": {
            "append-stats-file": "/nmspipeline//01-Processing/TRIMMER0091_P80/01-PrimerTrim/66-SMARTindex_LC_primers.log",
            "fastq-output": "/nmspipeline//01-Processing/TRIMMER0091_P80/01-PrimerTrim/66-SMARTindex_LC_primers",
            "force": true,
            "max-length": 0,
            "min-length": 385,
            "no-orphans": false,
            "notes": "",
            "stranded": false,
            "uncompressed": false
        }
    },
    "Fragment": {
        "in": 157,
        "out": 130,
        "basepairs_in": 63566,
        "basepairs_out": 55203
    },
    "Single_end": {
        "in": 148,
        "out": 130,
        "basepairs_in": 58683,
        "basepairs_out": 55203,
        "discarded": 18
    },
    "Paired_end": {
        "in": 9,
        "out": 0,
        "discarded": 9,
        "Read1": {
            "basepairs_in": 2375,
            "basepairs_out": 0,
            "discarded": 0
        },
        "Read2": {
            "basepairs_in": 2508,
            "basepairs_out": 0,
            "discarded": 0
        }
    }
  }
]
