[ {
    "Program_details": {
        "program": "hts_Primers",
        "version": "1.3.2",
        "options": {
            "flip": true,
            "float": 0,
            "force": false,
            "keep": false,
            "min_primer_matches": 2,
            "notes": "",
            "primer_end_mismatches": 0,
            "primer_mismatches": 0,
            "primers_3p": "../hc_primers.fasta",
            "primers_5p": "GACGATCAGTGGTATCAACGCAGAGTACATGGGG",
            "read1-input": [ "/nmspipeline//01-Processing/TRIMMER0091_P80/00-RawData/TRIMMER_Plate80_S2_L001_R1_001_sub.fastq.gz"],
            "read2-input": [ "/nmspipeline//01-Processing/TRIMMER0091_P80/00-RawData/TRIMMER_Plate80_S2_L001_R2_001_sub.fastq.gz"],
            "stats-file": "/nmspipeline//01-Processing/TRIMMER0091_P80/01-PrimerTrim/66-SMARTindex_HC_primers.log",
            "uncompressed": false
        },
        "primers": [ ["p5primer1","GACGATCAGTGGTATCAACGCAGAGTACATGGGG"], ["Ga3.10for_mIGH3","GGATAGACAGATGGGGCTGTTGTTGT"], ["Ga12HC.10_REV_CHI","ATAGACAGATGGGGGTGTCGTTTTGG"], ["p5primer1","GACGATCAGTGGTATCAACGCAGAGTACATGGGG"], ["Ga3.10for_mIGH3","GGATAGACAGATGGGGCTGTTGTTGT"], ["Ga12HC.10_REV_CHI","ATAGACAGATGGGGGTGTCGTTTTGG"] ]
    },
    "Fragment": {
        "in": 100000,
        "out": 237,
        "basepairs_in": 60000000,
        "basepairs_out": 127980,
        "flipped": 93,
        "primers_counts": [ ["p5primer1","Ga12HC.10_REV_CHI",237], ["None","Ga3.10for_mIGH3",1142], ["p5primer1","None",231], ["None","Ga12HC.10_REV_CHI",27910], ["None","None",70480] ]
    },
    "Single_end": {
        "in": 0,
        "out": 0,
        "basepairs_in": 0,
        "basepairs_out": 0,
        "primerTrim": 0,
        "primerBpTrim": 0,
        "discarded": 0
    },
    "Paired_end": {
        "in": 100000,
        "out": 237,
        "discarded": 99763,
        "Read1": {
            "basepairs_in": 30000000,
            "basepairs_out": 63042,
            "primerTrim": 237,
            "primerBpTrim": 8058
        },
        "Read2": {
            "basepairs_in": 30000000,
            "basepairs_out": 64938,
            "primerTrim": 237,
            "primerBpTrim": 6162
        }
    }
  }, {
    "Program_details": {
        "program": "hts_NTrimmer",
        "version": "1.3.2",
        "options": {
            "append-stats-file": "/nmspipeline//01-Processing/TRIMMER0091_P80/01-PrimerTrim/66-SMARTindex_HC_primers.log",
            "exclude": true,
            "force": false,
            "notes": "",
            "uncompressed": false
        }
    },
    "Fragment": {
        "in": 237,
        "out": 237,
        "basepairs_in": 127980,
        "basepairs_out": 127980
    },
    "Single_end": {
        "in": 0,
        "out": 0,
        "basepairs_in": 0,
        "basepairs_out": 0,
        "rightTrim": 0,
        "leftTrim": 0,
        "discarded": 0
    },
    "Paired_end": {
        "in": 237,
        "out": 237,
        "discarded": 0,
        "Read1": {
            "basepairs_in": 63042,
            "basepairs_out": 63042,
            "leftTrim": 0,
            "rightTrim": 0
        },
        "Read2": {
            "basepairs_in": 64938,
            "basepairs_out": 64938,
            "leftTrim": 0,
            "rightTrim": 0
        }
    }
  }, {
    "Program_details": {
        "program": "hts_SeqScreener",
        "version": "1.3.2",
        "options": {
            "append-stats-file": "/nmspipeline//01-Processing/TRIMMER0091_P80/01-PrimerTrim/66-SMARTindex_HC_primers.log",
            "check-read-2": true,
            "force": false,
            "inverse": false,
            "kmer": 21,
            "notes": "",
            "percentage-hits": 0.01,
            "record": true,
            "seq": "../aberrant_LC.fasta",
            "uncompressed": false
        },
        "screen_info": {
            "screenBP": 96,
            "lookupKmers": 8
        }
    },
    "Fragment": {
        "in": 237,
        "out": 237,
        "basepairs_in": 127980,
        "basepairs_out": 127980
    },
    "Single_end": {
        "in": 0,
        "out": 0,
        "basepairs_in": 0,
        "basepairs_out": 0,
        "hits": 0
    },
    "Paired_end": {
        "in": 237,
        "out": 237,
        "hits": 0,
        "Read1": {
            "basepairs_in": 63042,
            "basepairs_out": 63042
        },
        "Read2": {
            "basepairs_in": 64938,
            "basepairs_out": 64938
        }
    }
  }, {
    "Program_details": {
        "program": "hts_QWindowTrim",
        "version": "1.3.2",
        "options": {
            "append-stats-file": "/nmspipeline//01-Processing/TRIMMER0091_P80/01-PrimerTrim/66-SMARTindex_HC_primers.log",
            "avg-qual-score": 10,
            "force": false,
            "no-left": true,
            "no-right": false,
            "notes": "",
            "qual-offset": 33,
            "uncompressed": false,
            "window-size": 10
        }
    },
    "Fragment": {
        "in": 237,
        "out": 237,
        "basepairs_in": 127980,
        "basepairs_out": 127731
    },
    "Single_end": {
        "in": 0,
        "out": 0,
        "basepairs_in": 0,
        "basepairs_out": 0,
        "rightTrim": 0,
        "leftTrim": 0
    },
    "Paired_end": {
        "in": 237,
        "out": 237,
        "Read1": {
            "basepairs_in": 63042,
            "basepairs_out": 62896,
            "leftTrim": 0,
            "rightTrim": 146
        },
        "Read2": {
            "basepairs_in": 64938,
            "basepairs_out": 64835,
            "leftTrim": 0,
            "rightTrim": 103
        }
    }
  }, {
    "Program_details": {
        "program": "hts_Overlapper",
        "version": "1.3.2",
        "options": {
            "append-stats-file": "/nmspipeline//01-Processing/TRIMMER0091_P80/01-PrimerTrim/66-SMARTindex_HC_primers.log",
            "check-lengths": 20,
            "force": false,
            "force-pairs": false,
            "kmer": 8,
            "kmer-offset": 1,
            "max-mismatch": 100,
            "max-mismatch-errorDensity": 0.25,
            "min-overlap": 8,
            "notes": "",
            "number-of-threads": 1,
            "uncompressed": false
        }
    },
    "Fragment": {
        "in": 237,
        "out": 237,
        "basepairs_in": 127731,
        "basepairs_out": 104786,
        "inserts": {
            "short": 11,
            "medium": 205,
            "long": 21
        },
        "overlap_histogram": [ [9,1], [32,1], [45,1], [50,1], [100,1], [115,1], [125,1], [146,1], [148,1], [243,1], [272,1], [288,1], [302,1], [332,1], [359,1], [401,2], [403,1], [407,1], [429,1], [433,1], [442,3], [443,67], [444,23], [445,6], [446,6], [447,3], [449,1], [453,1], [463,4], [464,15], [465,31], [466,4], [467,1], [468,11], [469,3], [470,10], [471,5], [472,1] ]
    },
    "Single_end": {
        "in": 0,
        "out": 216,
        "basepairs_in": 0,
        "basepairs_out": 93488
    },
    "Paired_end": {
        "in": 237,
        "out": 21,
        "Read1": {
            "basepairs_in": 62896,
            "basepairs_out": 5556
        },
        "Read2": {
            "basepairs_in": 64835,
            "basepairs_out": 5742
        }
    }
  }, {
    "Program_details": {
        "program": "hts_LengthFilter",
        "version": "1.3.2",
        "options": {
            "append-stats-file": "/nmspipeline//01-Processing/TRIMMER0091_P80/01-PrimerTrim/66-SMARTindex_HC_primers.log",
            "fastq-output": "/nmspipeline//01-Processing/TRIMMER0091_P80/01-PrimerTrim/66-SMARTindex_HC_primers",
            "force": true,
            "max-length": 0,
            "min-length": 385,
            "no-orphans": false,
            "notes": "",
            "stranded": false,
            "uncompressed": false
        }
    },
    "Fragment": {
        "in": 237,
        "out": 201,
        "basepairs_in": 104786,
        "basepairs_out": 90922
    },
    "Single_end": {
        "in": 216,
        "out": 201,
        "basepairs_in": 93488,
        "basepairs_out": 90922,
        "discarded": 15
    },
    "Paired_end": {
        "in": 21,
        "out": 0,
        "discarded": 21,
        "Read1": {
            "basepairs_in": 5556,
            "basepairs_out": 0,
            "discarded": 0
        },
        "Read2": {
            "basepairs_in": 5742,
            "basepairs_out": 0,
            "discarded": 0
        }
    }
  }
]
