[ {
    "Program_details": {
        "program": "hts_Primers",
        "version": "1.3.2",
        "options": {
            "flip": true,
            "float": 0,
            "force": false,
            "keep": false,
            "min_primer_matches": 2,
            "notes": "",
            "primer_end_mismatches": 0,
            "primer_mismatches": 0,
            "primers_3p": "../hc_primers.fasta",
            "primers_5p": "TCGTTCCAGTGGTATCAACGCAGAGTACATGGGG",
            "read1-input": [ "/nmspipeline//01-Processing/TRIMMER0091_P80/00-RawData/TRIMMER_Plate80_S2_L001_R1_001_sub.fastq.gz"],
            "read2-input": [ "/nmspipeline//01-Processing/TRIMMER0091_P80/00-RawData/TRIMMER_Plate80_S2_L001_R2_001_sub.fastq.gz"],
            "stats-file": "/nmspipeline//01-Processing/TRIMMER0091_P80/01-PrimerTrim/67-SMARTindex_HC_primers.log",
            "uncompressed": false
        },
        "primers": [ ["p5primer1","TCGTTCCAGTGGTATCAACGCAGAGTACATGGGG"], ["Ga3.10for_mIGH3","GGATAGACAGATGGGGCTGTTGTTGT"], ["Ga12HC.10_REV_CHI","ATAGACAGATGGGGGTGTCGTTTTGG"], ["p5primer1","TCGTTCCAGTGGTATCAACGCAGAGTACATGGGG"], ["Ga3.10for_mIGH3","GGATAGACAGATGGGGCTGTTGTTGT"], ["Ga12HC.10_REV_CHI","ATAGACAGATGGGGGTGTCGTTTTGG"] ]
    },
    "Fragment": {
        "in": 100000,
        "out": 145,
        "basepairs_in": 60000000,
        "basepairs_out": 78300,
        "flipped": 77,
        "primers_counts": [ ["p5primer1","None",334], ["None","Ga3.10for_mIGH3",1142], ["p5primer1","Ga12HC.10_REV_CHI",145], ["None","Ga12HC.10_REV_CHI",28002], ["None","None",70377] ]
    },
    "Single_end": {
        "in": 0,
        "out": 0,
        "basepairs_in": 0,
        "basepairs_out": 0,
        "primerTrim": 0,
        "primerBpTrim": 0,
        "discarded": 0
    },
    "Paired_end": {
        "in": 100000,
        "out": 145,
        "discarded": 99855,
        "Read1": {
            "basepairs_in": 30000000,
            "basepairs_out": 38570,
            "primerTrim": 145,
            "primerBpTrim": 4930
        },
        "Read2": {
            "basepairs_in": 30000000,
            "basepairs_out": 39730,
            "primerTrim": 145,
            "primerBpTrim": 3770
        }
    }
  }, {
    "Program_details": {
        "program": "hts_NTrimmer",
        "version": "1.3.2",
        "options": {
            "append-stats-file": "/nmspipeline//01-Processing/TRIMMER0091_P80/01-PrimerTrim/67-SMARTindex_HC_primers.log",
            "exclude": true,
            "force": false,
            "notes": "",
            "uncompressed": false
        }
    },
    "Fragment": {
        "in": 145,
        "out": 145,
        "basepairs_in": 78300,
        "basepairs_out": 78300
    },
    "Single_end": {
        "in": 0,
        "out": 0,
        "basepairs_in": 0,
        "basepairs_out": 0,
        "rightTrim": 0,
        "leftTrim": 0,
        "discarded": 0
    },
    "Paired_end": {
        "in": 145,
        "out": 145,
        "discarded": 0,
        "Read1": {
            "basepairs_in": 38570,
            "basepairs_out": 38570,
            "leftTrim": 0,
            "rightTrim": 0
        },
        "Read2": {
            "basepairs_in": 39730,
            "basepairs_out": 39730,
            "leftTrim": 0,
            "rightTrim": 0
        }
    }
  }, {
    "Program_details": {
        "program": "hts_SeqScreener",
        "version": "1.3.2",
        "options": {
            "append-stats-file": "/nmspipeline//01-Processing/TRIMMER0091_P80/01-PrimerTrim/67-SMARTindex_HC_primers.log",
            "check-read-2": true,
            "force": false,
            "inverse": false,
            "kmer": 21,
            "notes": "",
            "percentage-hits": 0.01,
            "record": true,
            "seq": "../aberrant_LC.fasta",
            "uncompressed": false
        },
        "screen_info": {
            "screenBP": 96,
            "lookupKmers": 8
        }
    },
    "Fragment": {
        "in": 145,
        "out": 145,
        "basepairs_in": 78300,
        "basepairs_out": 78300
    },
    "Single_end": {
        "in": 0,
        "out": 0,
        "basepairs_in": 0,
        "basepairs_out": 0,
        "hits": 0
    },
    "Paired_end": {
        "in": 145,
        "out": 145,
        "hits": 0,
        "Read1": {
            "basepairs_in": 38570,
            "basepairs_out": 38570
        },
        "Read2": {
            "basepairs_in": 39730,
            "basepairs_out": 39730
        }
    }
  }, {
    "Program_details": {
        "program": "hts_QWindowTrim",
        "version": "1.3.2",
        "options": {
            "append-stats-file": "/nmspipeline//01-Processing/TRIMMER0091_P80/01-PrimerTrim/67-SMARTindex_HC_primers.log",
            "avg-qual-score": 10,
            "force": false,
            "no-left": true,
            "no-right": false,
            "notes": "",
            "qual-offset": 33,
            "uncompressed": false,
            "window-size": 10
        }
    },
    "Fragment": {
        "in": 145,
        "out": 145,
        "basepairs_in": 78300,
        "basepairs_out": 77889
    },
    "Single_end": {
        "in": 0,
        "out": 0,
        "basepairs_in": 0,
        "basepairs_out": 0,
        "rightTrim": 0,
        "leftTrim": 0
    },
    "Paired_end": {
        "in": 145,
        "out": 145,
        "Read1": {
            "basepairs_in": 38570,
            "basepairs_out": 38405,
            "leftTrim": 0,
            "rightTrim": 165
        },
        "Read2": {
            "basepairs_in": 39730,
            "basepairs_out": 39484,
            "leftTrim": 0,
            "rightTrim": 246
        }
    }
  }, {
    "Program_details": {
        "program": "hts_Overlapper",
        "version": "1.3.2",
        "options": {
            "append-stats-file": "/nmspipeline//01-Processing/TRIMMER0091_P80/01-PrimerTrim/67-SMARTindex_HC_primers.log",
            "check-lengths": 20,
            "force": false,
            "force-pairs": false,
            "kmer": 8,
            "kmer-offset": 1,
            "max-mismatch": 100,
            "max-mismatch-errorDensity": 0.25,
            "min-overlap": 8,
            "notes": "",
            "number-of-threads": 1,
            "uncompressed": false
        }
    },
    "Fragment": {
        "in": 145,
        "out": 145,
        "basepairs_in": 77889,
        "basepairs_out": 56750,
        "inserts": {
            "short": 24,
            "medium": 108,
            "long": 13
        },
        "overlap_histogram": [ [13,1], [41,1], [44,1], [46,1], [61,1], [63,1], [69,1], [72,3], [81,1], [120,1], [122,1], [137,1], [140,1], [173,1], [177,1], [199,4], [227,1], [232,1], [261,1], [283,1], [310,1], [316,1], [325,1], [332,1], [340,1], [347,1], [368,3], [379,1], [417,3], [419,1], [425,1], [440,2], [443,21], [445,56], [446,6], [447,6], [450,1] ]
    },
    "Single_end": {
        "in": 0,
        "out": 132,
        "basepairs_in": 0,
        "basepairs_out": 49761
    },
    "Paired_end": {
        "in": 145,
        "out": 13,
        "Read1": {
            "basepairs_in": 38405,
            "basepairs_out": 3441
        },
        "Read2": {
            "basepairs_in": 39484,
            "basepairs_out": 3548
        }
    }
  }, {
    "Program_details": {
        "program": "hts_LengthFilter",
        "version": "1.3.2",
        "options": {
            "append-stats-file": "/nmspipeline//01-Processing/TRIMMER0091_P80/01-PrimerTrim/67-SMARTindex_HC_primers.log",
            "fastq-output": "/nmspipeline//01-Processing/TRIMMER0091_P80/01-PrimerTrim/67-SMARTindex_HC_primers",
            "force": true,
            "max-length": 0,
            "min-length": 385,
            "no-orphans": false,
            "notes": "",
            "stranded": false,
            "uncompressed": false
        }
    },
    "Fragment": {
        "in": 145,
        "out": 97,
        "basepairs_in": 56750,
        "basepairs_out": 43006
    },
    "Single_end": {
        "in": 132,
        "out": 97,
        "basepairs_in": 49761,
        "basepairs_out": 43006,
        "discarded": 35
    },
    "Paired_end": {
        "in": 13,
        "out": 0,
        "discarded": 13,
        "Read1": {
            "basepairs_in": 3441,
            "basepairs_out": 0,
            "discarded": 0
        },
        "Read2": {
            "basepairs_in": 3548,
            "basepairs_out": 0,
            "discarded": 0
        }
    }
  }
]
