[ {
    "Program_details": {
        "program": "hts_Primers",
        "version": "1.3.2",
        "options": {
            "flip": true,
            "float": 0,
            "force": false,
            "keep": false,
            "min_primer_matches": 2,
            "notes": "",
            "primer_end_mismatches": 0,
            "primer_mismatches": 0,
            "primers_3p": "../lc_primers.fasta",
            "primers_5p": "TCGTTCCAGTGGTATCAACGCAGAGTACATGGGG",
            "read1-input": [ "/nmspipeline//01-Processing/TRIMMER0091_P80/00-RawData/TRIMMER_Plate80_S2_L001_R1_001_sub.fastq.gz"],
            "read2-input": [ "/nmspipeline//01-Processing/TRIMMER0091_P80/00-RawData/TRIMMER_Plate80_S2_L001_R2_001_sub.fastq.gz"],
            "stats-file": "/nmspipeline//01-Processing/TRIMMER0091_P80/01-PrimerTrim/67-SMARTindex_LC_primers.log",
            "uncompressed": false
        },
        "primers": [ ["p5primer1","TCGTTCCAGTGGTATCAACGCAGAGTACATGGGG"], ["KaLC.6_REV_LC","GGATACAGTTGGTGCAGCATC"], ["LaLC.R-mIGL","ATCGTACACACCAGTGTGGC"], ["p5primer1","TCGTTCCAGTGGTATCAACGCAGAGTACATGGGG"], ["KaLC.6_REV_LC","GGATACAGTTGGTGCAGCATC"], ["LaLC.R-mIGL","ATCGTACACACCAGTGTGGC"] ]
    },
    "Fragment": {
        "in": 100000,
        "out": 251,
        "basepairs_in": 60000000,
        "basepairs_out": 136799,
        "flipped": 113,
        "primers_counts": [ ["p5primer1","LaLC.R-mIGL",4], ["p5primer1","KaLC.6_REV_LC",247], ["p5primer1","None",228], ["None","LaLC.R-mIGL",600], ["None","None",48238], ["None","KaLC.6_REV_LC",50683] ]
    },
    "Single_end": {
        "in": 0,
        "out": 0,
        "basepairs_in": 0,
        "basepairs_out": 0,
        "primerTrim": 0,
        "primerBpTrim": 0,
        "discarded": 0
    },
    "Paired_end": {
        "in": 100000,
        "out": 251,
        "discarded": 99749,
        "Read1": {
            "basepairs_in": 30000000,
            "basepairs_out": 66766,
            "primerTrim": 251,
            "primerBpTrim": 8534
        },
        "Read2": {
            "basepairs_in": 30000000,
            "basepairs_out": 70033,
            "primerTrim": 251,
            "primerBpTrim": 5267
        }
    }
  }, {
    "Program_details": {
        "program": "hts_NTrimmer",
        "version": "1.3.2",
        "options": {
            "append-stats-file": "/nmspipeline//01-Processing/TRIMMER0091_P80/01-PrimerTrim/67-SMARTindex_LC_primers.log",
            "exclude": true,
            "force": false,
            "notes": "",
            "uncompressed": false
        }
    },
    "Fragment": {
        "in": 251,
        "out": 251,
        "basepairs_in": 136799,
        "basepairs_out": 136799
    },
    "Single_end": {
        "in": 0,
        "out": 0,
        "basepairs_in": 0,
        "basepairs_out": 0,
        "rightTrim": 0,
        "leftTrim": 0,
        "discarded": 0
    },
    "Paired_end": {
        "in": 251,
        "out": 251,
        "discarded": 0,
        "Read1": {
            "basepairs_in": 66766,
            "basepairs_out": 66766,
            "leftTrim": 0,
            "rightTrim": 0
        },
        "Read2": {
            "basepairs_in": 70033,
            "basepairs_out": 70033,
            "leftTrim": 0,
            "rightTrim": 0
        }
    }
  }, {
    "Program_details": {
        "program": "hts_SeqScreener",
        "version": "1.3.2",
        "options": {
            "append-stats-file": "/nmspipeline//01-Processing/TRIMMER0091_P80/01-PrimerTrim/67-SMARTindex_LC_primers.log",
            "check-read-2": true,
            "force": false,
            "inverse": false,
            "kmer": 21,
            "notes": "",
            "percentage-hits": 0.01,
            "record": true,
            "seq": "../aberrant_LC.fasta",
            "uncompressed": false
        },
        "screen_info": {
            "screenBP": 96,
            "lookupKmers": 8
        }
    },
    "Fragment": {
        "in": 251,
        "out": 251,
        "basepairs_in": 136799,
        "basepairs_out": 136799
    },
    "Single_end": {
        "in": 0,
        "out": 0,
        "basepairs_in": 0,
        "basepairs_out": 0,
        "hits": 0
    },
    "Paired_end": {
        "in": 251,
        "out": 251,
        "hits": 218,
        "Read1": {
            "basepairs_in": 66766,
            "basepairs_out": 66766
        },
        "Read2": {
            "basepairs_in": 70033,
            "basepairs_out": 70033
        }
    }
  }, {
    "Program_details": {
        "program": "hts_QWindowTrim",
        "version": "1.3.2",
        "options": {
            "append-stats-file": "/nmspipeline//01-Processing/TRIMMER0091_P80/01-PrimerTrim/67-SMARTindex_LC_primers.log",
            "avg-qual-score": 10,
            "force": false,
            "no-left": true,
            "no-right": false,
            "notes": "",
            "qual-offset": 33,
            "uncompressed": false,
            "window-size": 10
        }
    },
    "Fragment": {
        "in": 251,
        "out": 251,
        "basepairs_in": 136799,
        "basepairs_out": 136452
    },
    "Single_end": {
        "in": 0,
        "out": 0,
        "basepairs_in": 0,
        "basepairs_out": 0,
        "rightTrim": 0,
        "leftTrim": 0
    },
    "Paired_end": {
        "in": 251,
        "out": 251,
        "Read1": {
            "basepairs_in": 66766,
            "basepairs_out": 66580,
            "leftTrim": 0,
            "rightTrim": 186
        },
        "Read2": {
            "basepairs_in": 70033,
            "basepairs_out": 69872,
            "leftTrim": 0,
            "rightTrim": 161
        }
    }
  }, {
    "Program_details": {
        "program": "hts_Overlapper",
        "version": "1.3.2",
        "options": {
            "append-stats-file": "/nmspipeline//01-Processing/TRIMMER0091_P80/01-PrimerTrim/67-SMARTindex_LC_primers.log",
            "check-lengths": 20,
            "force": false,
            "force-pairs": false,
            "kmer": 8,
            "kmer-offset": 1,
            "max-mismatch": 100,
            "max-mismatch-errorDensity": 0.25,
            "min-overlap": 8,
            "notes": "",
            "number-of-threads": 1,
            "uncompressed": false
        }
    },
    "Fragment": {
        "in": 251,
        "out": 251,
        "basepairs_in": 136452,
        "basepairs_out": 102404,
        "inserts": {
            "short": 21,
            "medium": 215,
            "long": 15
        },
        "overlap_histogram": [ [25,1], [29,2], [49,2], [56,1], [59,1], [61,2], [64,1], [73,1], [82,1], [97,1], [102,1], [105,1], [108,1], [121,1], [145,1], [161,1], [177,1], [267,1], [332,1], [350,1], [363,1], [381,1], [382,1], [383,1], [390,1], [398,1], [399,1], [403,1], [407,1], [410,1], [415,1], [418,10], [419,1], [421,1], [422,1], [423,1], [425,2], [427,2], [430,9], [431,34], [432,8], [433,1], [434,124], [435,1], [440,1], [442,1], [444,2], [445,1], [452,1], [460,1] ]
    },
    "Single_end": {
        "in": 0,
        "out": 236,
        "basepairs_in": 0,
        "basepairs_out": 94293
    },
    "Paired_end": {
        "in": 251,
        "out": 15,
        "Read1": {
            "basepairs_in": 66580,
            "basepairs_out": 3967
        },
        "Read2": {
            "basepairs_in": 69872,
            "basepairs_out": 4144
        }
    }
  }, {
    "Program_details": {
        "program": "hts_LengthFilter",
        "version": "1.3.2",
        "options": {
            "append-stats-file": "/nmspipeline//01-Processing/TRIMMER0091_P80/01-PrimerTrim/67-SMARTindex_LC_primers.log",
            "fastq-output": "/nmspipeline//01-Processing/TRIMMER0091_P80/01-PrimerTrim/67-SMARTindex_LC_primers",
            "force": true,
            "max-length": 0,
            "min-length": 385,
            "no-orphans": false,
            "notes": "",
            "stranded": false,
            "uncompressed": false
        }
    },
    "Fragment": {
        "in": 251,
        "out": 209,
        "basepairs_in": 102404,
        "basepairs_out": 90182
    },
    "Single_end": {
        "in": 236,
        "out": 209,
        "basepairs_in": 94293,
        "basepairs_out": 90182,
        "discarded": 27
    },
    "Paired_end": {
        "in": 15,
        "out": 0,
        "discarded": 15,
        "Read1": {
            "basepairs_in": 3967,
            "basepairs_out": 0,
            "discarded": 0
        },
        "Read2": {
            "basepairs_in": 4144,
            "basepairs_out": 0,
            "discarded": 0
        }
    }
  }
]
