[ {
    "Program_details": {
        "program": "hts_Primers",
        "version": "1.3.2",
        "options": {
            "flip": true,
            "float": 0,
            "force": false,
            "keep": false,
            "min_primer_matches": 2,
            "notes": "",
            "primer_end_mismatches": 0,
            "primer_mismatches": 0,
            "primers_3p": "../lc_primers.fasta",
            "primers_5p": "CCAATTCAGTGGTATCAACGCAGAGTACATGGGG",
            "read1-input": [ "/nmspipeline//01-Processing/TRIMMER0091_P80/00-RawData/TRIMMER_Plate80_S2_L001_R1_001_sub.fastq.gz"],
            "read2-input": [ "/nmspipeline//01-Processing/TRIMMER0091_P80/00-RawData/TRIMMER_Plate80_S2_L001_R2_001_sub.fastq.gz"],
            "stats-file": "/nmspipeline//01-Processing/TRIMMER0091_P80/01-PrimerTrim/68-SMARTindex_LC_primers.log",
            "uncompressed": false
        },
        "primers": [ ["p5primer1","CCAATTCAGTGGTATCAACGCAGAGTACATGGGG"], ["KaLC.6_REV_LC","GGATACAGTTGGTGCAGCATC"], ["LaLC.R-mIGL","ATCGTACACACCAGTGTGGC"], ["p5primer1","CCAATTCAGTGGTATCAACGCAGAGTACATGGGG"], ["KaLC.6_REV_LC","GGATACAGTTGGTGCAGCATC"], ["LaLC.R-mIGL","ATCGTACACACCAGTGTGGC"] ]
    },
    "Fragment": {
        "in": 100000,
        "out": 2,
        "basepairs_in": 60000000,
        "basepairs_out": 1090,
        "flipped": 0,
        "primers_counts": [ ["p5primer1","KaLC.6_REV_LC",2], ["p5primer1","None",3], ["None","LaLC.R-mIGL",604], ["None","None",48463], ["None","KaLC.6_REV_LC",50928] ]
    },
    "Single_end": {
        "in": 0,
        "out": 0,
        "basepairs_in": 0,
        "basepairs_out": 0,
        "primerTrim": 0,
        "primerBpTrim": 0,
        "discarded": 0
    },
    "Paired_end": {
        "in": 100000,
        "out": 2,
        "discarded": 99998,
        "Read1": {
            "basepairs_in": 30000000,
            "basepairs_out": 532,
            "primerTrim": 2,
            "primerBpTrim": 68
        },
        "Read2": {
            "basepairs_in": 30000000,
            "basepairs_out": 558,
            "primerTrim": 2,
            "primerBpTrim": 42
        }
    }
  }, {
    "Program_details": {
        "program": "hts_NTrimmer",
        "version": "1.3.2",
        "options": {
            "append-stats-file": "/nmspipeline//01-Processing/TRIMMER0091_P80/01-PrimerTrim/68-SMARTindex_LC_primers.log",
            "exclude": true,
            "force": false,
            "notes": "",
            "uncompressed": false
        }
    },
    "Fragment": {
        "in": 2,
        "out": 2,
        "basepairs_in": 1090,
        "basepairs_out": 1090
    },
    "Single_end": {
        "in": 0,
        "out": 0,
        "basepairs_in": 0,
        "basepairs_out": 0,
        "rightTrim": 0,
        "leftTrim": 0,
        "discarded": 0
    },
    "Paired_end": {
        "in": 2,
        "out": 2,
        "discarded": 0,
        "Read1": {
            "basepairs_in": 532,
            "basepairs_out": 532,
            "leftTrim": 0,
            "rightTrim": 0
        },
        "Read2": {
            "basepairs_in": 558,
            "basepairs_out": 558,
            "leftTrim": 0,
            "rightTrim": 0
        }
    }
  }, {
    "Program_details": {
        "program": "hts_SeqScreener",
        "version": "1.3.2",
        "options": {
            "append-stats-file": "/nmspipeline//01-Processing/TRIMMER0091_P80/01-PrimerTrim/68-SMARTindex_LC_primers.log",
            "check-read-2": true,
            "force": false,
            "inverse": false,
            "kmer": 21,
            "notes": "",
            "percentage-hits": 0.01,
            "record": true,
            "seq": "../aberrant_LC.fasta",
            "uncompressed": false
        },
        "screen_info": {
            "screenBP": 96,
            "lookupKmers": 8
        }
    },
    "Fragment": {
        "in": 2,
        "out": 2,
        "basepairs_in": 1090,
        "basepairs_out": 1090
    },
    "Single_end": {
        "in": 0,
        "out": 0,
        "basepairs_in": 0,
        "basepairs_out": 0,
        "hits": 0
    },
    "Paired_end": {
        "in": 2,
        "out": 2,
        "hits": 2,
        "Read1": {
            "basepairs_in": 532,
            "basepairs_out": 532
        },
        "Read2": {
            "basepairs_in": 558,
            "basepairs_out": 558
        }
    }
  }, {
    "Program_details": {
        "program": "hts_QWindowTrim",
        "version": "1.3.2",
        "options": {
            "append-stats-file": "/nmspipeline//01-Processing/TRIMMER0091_P80/01-PrimerTrim/68-SMARTindex_LC_primers.log",
            "avg-qual-score": 10,
            "force": false,
            "no-left": true,
            "no-right": false,
            "notes": "",
            "qual-offset": 33,
            "uncompressed": false,
            "window-size": 10
        }
    },
    "Fragment": {
        "in": 2,
        "out": 2,
        "basepairs_in": 1090,
        "basepairs_out": 1090
    },
    "Single_end": {
        "in": 0,
        "out": 0,
        "basepairs_in": 0,
        "basepairs_out": 0,
        "rightTrim": 0,
        "leftTrim": 0
    },
    "Paired_end": {
        "in": 2,
        "out": 2,
        "Read1": {
            "basepairs_in": 532,
            "basepairs_out": 532,
            "leftTrim": 0,
            "rightTrim": 0
        },
        "Read2": {
            "basepairs_in": 558,
            "basepairs_out": 558,
            "leftTrim": 0,
            "rightTrim": 0
        }
    }
  }, {
    "Program_details": {
        "program": "hts_Overlapper",
        "version": "1.3.2",
        "options": {
            "append-stats-file": "/nmspipeline//01-Processing/TRIMMER0091_P80/01-PrimerTrim/68-SMARTindex_LC_primers.log",
            "check-lengths": 20,
            "force": false,
            "force-pairs": false,
            "kmer": 8,
            "kmer-offset": 1,
            "max-mismatch": 100,
            "max-mismatch-errorDensity": 0.25,
            "min-overlap": 8,
            "notes": "",
            "number-of-threads": 1,
            "uncompressed": false
        }
    },
    "Fragment": {
        "in": 2,
        "out": 2,
        "basepairs_in": 1090,
        "basepairs_out": 831,
        "inserts": {
            "short": 0,
            "medium": 2,
            "long": 0
        },
        "overlap_histogram": [ [413,1], [418,1] ]
    },
    "Single_end": {
        "in": 0,
        "out": 2,
        "basepairs_in": 0,
        "basepairs_out": 831
    },
    "Paired_end": {
        "in": 2,
        "out": 0,
        "Read1": {
            "basepairs_in": 532,
            "basepairs_out": 0
        },
        "Read2": {
            "basepairs_in": 558,
            "basepairs_out": 0
        }
    }
  }, {
    "Program_details": {
        "program": "hts_LengthFilter",
        "version": "1.3.2",
        "options": {
            "append-stats-file": "/nmspipeline//01-Processing/TRIMMER0091_P80/01-PrimerTrim/68-SMARTindex_LC_primers.log",
            "fastq-output": "/nmspipeline//01-Processing/TRIMMER0091_P80/01-PrimerTrim/68-SMARTindex_LC_primers",
            "force": true,
            "max-length": 0,
            "min-length": 385,
            "no-orphans": false,
            "notes": "",
            "stranded": false,
            "uncompressed": false
        }
    },
    "Fragment": {
        "in": 2,
        "out": 2,
        "basepairs_in": 831,
        "basepairs_out": 831
    },
    "Single_end": {
        "in": 2,
        "out": 2,
        "basepairs_in": 831,
        "basepairs_out": 831,
        "discarded": 0
    },
    "Paired_end": {
        "in": 0,
        "out": 0,
        "discarded": 0,
        "Read1": {
            "basepairs_in": 0,
            "basepairs_out": 0,
            "discarded": 0
        },
        "Read2": {
            "basepairs_in": 0,
            "basepairs_out": 0,
            "discarded": 0
        }
    }
  }
]
