[ {
    "Program_details": {
        "program": "hts_Primers",
        "version": "1.3.2",
        "options": {
            "flip": true,
            "float": 0,
            "force": false,
            "keep": false,
            "min_primer_matches": 2,
            "notes": "",
            "primer_end_mismatches": 0,
            "primer_mismatches": 0,
            "primers_3p": "../lc_primers.fasta",
            "primers_5p": "AGTTGACAGTGGTATCAACGCAGAGTACATGGGG",
            "read1-input": [ "/nmspipeline//01-Processing/TRIMMER0091_P80/00-RawData/TRIMMER_Plate80_S2_L001_R1_001_sub.fastq.gz"],
            "read2-input": [ "/nmspipeline//01-Processing/TRIMMER0091_P80/00-RawData/TRIMMER_Plate80_S2_L001_R2_001_sub.fastq.gz"],
            "stats-file": "/nmspipeline//01-Processing/TRIMMER0091_P80/01-PrimerTrim/69-SMARTindex_LC_primers.log",
            "uncompressed": false
        },
        "primers": [ ["p5primer1","AGTTGACAGTGGTATCAACGCAGAGTACATGGGG"], ["KaLC.6_REV_LC","GGATACAGTTGGTGCAGCATC"], ["LaLC.R-mIGL","ATCGTACACACCAGTGTGGC"], ["p5primer1","AGTTGACAGTGGTATCAACGCAGAGTACATGGGG"], ["KaLC.6_REV_LC","GGATACAGTTGGTGCAGCATC"], ["LaLC.R-mIGL","ATCGTACACACCAGTGTGGC"] ]
    },
    "Fragment": {
        "in": 100000,
        "out": 1303,
        "basepairs_in": 60000000,
        "basepairs_out": 710155,
        "flipped": 556,
        "primers_counts": [ ["p5primer1","LaLC.R-mIGL",20], ["None","LaLC.R-mIGL",584], ["p5primer1","None",954], ["p5primer1","KaLC.6_REV_LC",1283], ["None","None",47512], ["None","KaLC.6_REV_LC",49647] ]
    },
    "Single_end": {
        "in": 0,
        "out": 0,
        "basepairs_in": 0,
        "basepairs_out": 0,
        "primerTrim": 0,
        "primerBpTrim": 0,
        "discarded": 0
    },
    "Paired_end": {
        "in": 100000,
        "out": 1303,
        "discarded": 98697,
        "Read1": {
            "basepairs_in": 30000000,
            "basepairs_out": 346598,
            "primerTrim": 1303,
            "primerBpTrim": 44302
        },
        "Read2": {
            "basepairs_in": 30000000,
            "basepairs_out": 363557,
            "primerTrim": 1303,
            "primerBpTrim": 27343
        }
    }
  }, {
    "Program_details": {
        "program": "hts_NTrimmer",
        "version": "1.3.2",
        "options": {
            "append-stats-file": "/nmspipeline//01-Processing/TRIMMER0091_P80/01-PrimerTrim/69-SMARTindex_LC_primers.log",
            "exclude": true,
            "force": false,
            "notes": "",
            "uncompressed": false
        }
    },
    "Fragment": {
        "in": 1303,
        "out": 1302,
        "basepairs_in": 710155,
        "basepairs_out": 709610
    },
    "Single_end": {
        "in": 0,
        "out": 0,
        "basepairs_in": 0,
        "basepairs_out": 0,
        "rightTrim": 0,
        "leftTrim": 0,
        "discarded": 0
    },
    "Paired_end": {
        "in": 1303,
        "out": 1302,
        "discarded": 1,
        "Read1": {
            "basepairs_in": 346598,
            "basepairs_out": 346332,
            "leftTrim": 0,
            "rightTrim": 0
        },
        "Read2": {
            "basepairs_in": 363557,
            "basepairs_out": 363278,
            "leftTrim": 0,
            "rightTrim": 0
        }
    }
  }, {
    "Program_details": {
        "program": "hts_SeqScreener",
        "version": "1.3.2",
        "options": {
            "append-stats-file": "/nmspipeline//01-Processing/TRIMMER0091_P80/01-PrimerTrim/69-SMARTindex_LC_primers.log",
            "check-read-2": true,
            "force": false,
            "inverse": false,
            "kmer": 21,
            "notes": "",
            "percentage-hits": 0.01,
            "record": true,
            "seq": "../aberrant_LC.fasta",
            "uncompressed": false
        },
        "screen_info": {
            "screenBP": 96,
            "lookupKmers": 8
        }
    },
    "Fragment": {
        "in": 1302,
        "out": 1302,
        "basepairs_in": 709610,
        "basepairs_out": 709610
    },
    "Single_end": {
        "in": 0,
        "out": 0,
        "basepairs_in": 0,
        "basepairs_out": 0,
        "hits": 0
    },
    "Paired_end": {
        "in": 1302,
        "out": 1302,
        "hits": 183,
        "Read1": {
            "basepairs_in": 346332,
            "basepairs_out": 346332
        },
        "Read2": {
            "basepairs_in": 363278,
            "basepairs_out": 363278
        }
    }
  }, {
    "Program_details": {
        "program": "hts_QWindowTrim",
        "version": "1.3.2",
        "options": {
            "append-stats-file": "/nmspipeline//01-Processing/TRIMMER0091_P80/01-PrimerTrim/69-SMARTindex_LC_primers.log",
            "avg-qual-score": 10,
            "force": false,
            "no-left": true,
            "no-right": false,
            "notes": "",
            "qual-offset": 33,
            "uncompressed": false,
            "window-size": 10
        }
    },
    "Fragment": {
        "in": 1302,
        "out": 1302,
        "basepairs_in": 709610,
        "basepairs_out": 707044
    },
    "Single_end": {
        "in": 0,
        "out": 0,
        "basepairs_in": 0,
        "basepairs_out": 0,
        "rightTrim": 0,
        "leftTrim": 0
    },
    "Paired_end": {
        "in": 1302,
        "out": 1302,
        "Read1": {
            "basepairs_in": 346332,
            "basepairs_out": 345596,
            "leftTrim": 0,
            "rightTrim": 736
        },
        "Read2": {
            "basepairs_in": 363278,
            "basepairs_out": 361448,
            "leftTrim": 0,
            "rightTrim": 1830
        }
    }
  }, {
    "Program_details": {
        "program": "hts_Overlapper",
        "version": "1.3.2",
        "options": {
            "append-stats-file": "/nmspipeline//01-Processing/TRIMMER0091_P80/01-PrimerTrim/69-SMARTindex_LC_primers.log",
            "check-lengths": 20,
            "force": false,
            "force-pairs": false,
            "kmer": 8,
            "kmer-offset": 1,
            "max-mismatch": 100,
            "max-mismatch-errorDensity": 0.25,
            "min-overlap": 8,
            "notes": "",
            "number-of-threads": 1,
            "uncompressed": false
        }
    },
    "Fragment": {
        "in": 1302,
        "out": 1302,
        "basepairs_in": 707044,
        "basepairs_out": 520264,
        "inserts": {
            "short": 89,
            "medium": 1157,
            "long": 56
        },
        "overlap_histogram": [ [9,1], [15,3], [21,1], [25,2], [27,1], [30,1], [31,1], [33,1], [35,1], [40,1], [47,2], [48,4], [49,8], [53,2], [57,1], [58,1], [60,4], [62,1], [65,1], [67,3], [70,1], [71,2], [72,1], [75,1], [76,1], [77,2], [79,1], [82,1], [83,1], [85,2], [86,1], [88,2], [94,2], [95,2], [97,1], [117,2], [119,1], [128,1], [131,1], [133,1], [135,1], [137,1], [139,1], [156,2], [158,1], [160,1], [162,3], [167,1], [193,1], [199,1], [204,1], [213,2], [217,1], [222,1], [232,1], [233,1], [250,1], [266,1], [284,2], [292,1], [302,1], [308,1], [318,1], [338,1], [342,1], [365,1], [369,1], [379,1], [384,1], [385,3], [386,4], [387,2], [390,1], [393,1], [395,1], [398,6], [399,17], [403,1], [407,3], [408,5], [409,3], [410,5], [412,13], [413,6], [414,11], [415,11], [416,122], [417,704], [418,81], [419,5], [420,31], [421,21], [422,27], [423,23], [425,2], [426,1], [427,1], [431,1], [432,1], [433,1], [434,2], [438,10], [439,3], [440,8], [441,1], [442,3], [443,1], [444,1], [446,1], [453,1] ]
    },
    "Single_end": {
        "in": 0,
        "out": 1246,
        "basepairs_in": 0,
        "basepairs_out": 489984
    },
    "Paired_end": {
        "in": 1302,
        "out": 56,
        "Read1": {
            "basepairs_in": 345596,
            "basepairs_out": 14848
        },
        "Read2": {
            "basepairs_in": 361448,
            "basepairs_out": 15432
        }
    }
  }, {
    "Program_details": {
        "program": "hts_LengthFilter",
        "version": "1.3.2",
        "options": {
            "append-stats-file": "/nmspipeline//01-Processing/TRIMMER0091_P80/01-PrimerTrim/69-SMARTindex_LC_primers.log",
            "fastq-output": "/nmspipeline//01-Processing/TRIMMER0091_P80/01-PrimerTrim/69-SMARTindex_LC_primers",
            "force": true,
            "max-length": 0,
            "min-length": 385,
            "no-orphans": false,
            "notes": "",
            "stranded": false,
            "uncompressed": false
        }
    },
    "Fragment": {
        "in": 1302,
        "out": 1145,
        "basepairs_in": 520264,
        "basepairs_out": 477610
    },
    "Single_end": {
        "in": 1246,
        "out": 1145,
        "basepairs_in": 489984,
        "basepairs_out": 477610,
        "discarded": 101
    },
    "Paired_end": {
        "in": 56,
        "out": 0,
        "discarded": 56,
        "Read1": {
            "basepairs_in": 14848,
            "basepairs_out": 0,
            "discarded": 0
        },
        "Read2": {
            "basepairs_in": 15432,
            "basepairs_out": 0,
            "discarded": 0
        }
    }
  }
]
