[ {
    "Program_details": {
        "program": "hts_Primers",
        "version": "1.3.2",
        "options": {
            "flip": true,
            "float": 0,
            "force": false,
            "keep": false,
            "min_primer_matches": 2,
            "notes": "",
            "primer_end_mismatches": 0,
            "primer_mismatches": 0,
            "primers_3p": "../hc_primers.fasta",
            "primers_5p": "AGTTGACAGTGGTATCAACGCAGAGTACATGGGG",
            "read1-input": [ "/nmspipeline//01-Processing/TRIMMER0091_P80/00-RawData/TRIMMER_Plate80_S2_L001_R1_001_sub.fastq.gz"],
            "read2-input": [ "/nmspipeline//01-Processing/TRIMMER0091_P80/00-RawData/TRIMMER_Plate80_S2_L001_R2_001_sub.fastq.gz"],
            "stats-file": "/nmspipeline//01-Processing/TRIMMER0091_P80/01-PrimerTrim/69-SMARTindex_HC_primers.log",
            "uncompressed": false
        },
        "primers": [ ["p5primer1","AGTTGACAGTGGTATCAACGCAGAGTACATGGGG"], ["Ga3.10for_mIGH3","GGATAGACAGATGGGGCTGTTGTTGT"], ["Ga12HC.10_REV_CHI","ATAGACAGATGGGGGTGTCGTTTTGG"], ["p5primer1","AGTTGACAGTGGTATCAACGCAGAGTACATGGGG"], ["Ga3.10for_mIGH3","GGATAGACAGATGGGGCTGTTGTTGT"], ["Ga12HC.10_REV_CHI","ATAGACAGATGGGGGTGTCGTTTTGG"] ]
    },
    "Fragment": {
        "in": 100000,
        "out": 706,
        "basepairs_in": 60000000,
        "basepairs_out": 381240,
        "flipped": 349,
        "primers_counts": [ ["p5primer1","Ga12HC.10_REV_CHI",17], ["None","Ga3.10for_mIGH3",453], ["p5primer1","Ga3.10for_mIGH3",689], ["p5primer1","None",1551], ["None","Ga12HC.10_REV_CHI",28130], ["None","None",69160] ]
    },
    "Single_end": {
        "in": 0,
        "out": 0,
        "basepairs_in": 0,
        "basepairs_out": 0,
        "primerTrim": 0,
        "primerBpTrim": 0,
        "discarded": 0
    },
    "Paired_end": {
        "in": 100000,
        "out": 706,
        "discarded": 99294,
        "Read1": {
            "basepairs_in": 30000000,
            "basepairs_out": 187796,
            "primerTrim": 706,
            "primerBpTrim": 24004
        },
        "Read2": {
            "basepairs_in": 30000000,
            "basepairs_out": 193444,
            "primerTrim": 706,
            "primerBpTrim": 18356
        }
    }
  }, {
    "Program_details": {
        "program": "hts_NTrimmer",
        "version": "1.3.2",
        "options": {
            "append-stats-file": "/nmspipeline//01-Processing/TRIMMER0091_P80/01-PrimerTrim/69-SMARTindex_HC_primers.log",
            "exclude": true,
            "force": false,
            "notes": "",
            "uncompressed": false
        }
    },
    "Fragment": {
        "in": 706,
        "out": 706,
        "basepairs_in": 381240,
        "basepairs_out": 381240
    },
    "Single_end": {
        "in": 0,
        "out": 0,
        "basepairs_in": 0,
        "basepairs_out": 0,
        "rightTrim": 0,
        "leftTrim": 0,
        "discarded": 0
    },
    "Paired_end": {
        "in": 706,
        "out": 706,
        "discarded": 0,
        "Read1": {
            "basepairs_in": 187796,
            "basepairs_out": 187796,
            "leftTrim": 0,
            "rightTrim": 0
        },
        "Read2": {
            "basepairs_in": 193444,
            "basepairs_out": 193444,
            "leftTrim": 0,
            "rightTrim": 0
        }
    }
  }, {
    "Program_details": {
        "program": "hts_SeqScreener",
        "version": "1.3.2",
        "options": {
            "append-stats-file": "/nmspipeline//01-Processing/TRIMMER0091_P80/01-PrimerTrim/69-SMARTindex_HC_primers.log",
            "check-read-2": true,
            "force": false,
            "inverse": false,
            "kmer": 21,
            "notes": "",
            "percentage-hits": 0.01,
            "record": true,
            "seq": "../aberrant_LC.fasta",
            "uncompressed": false
        },
        "screen_info": {
            "screenBP": 96,
            "lookupKmers": 8
        }
    },
    "Fragment": {
        "in": 706,
        "out": 706,
        "basepairs_in": 381240,
        "basepairs_out": 381240
    },
    "Single_end": {
        "in": 0,
        "out": 0,
        "basepairs_in": 0,
        "basepairs_out": 0,
        "hits": 0
    },
    "Paired_end": {
        "in": 706,
        "out": 706,
        "hits": 0,
        "Read1": {
            "basepairs_in": 187796,
            "basepairs_out": 187796
        },
        "Read2": {
            "basepairs_in": 193444,
            "basepairs_out": 193444
        }
    }
  }, {
    "Program_details": {
        "program": "hts_QWindowTrim",
        "version": "1.3.2",
        "options": {
            "append-stats-file": "/nmspipeline//01-Processing/TRIMMER0091_P80/01-PrimerTrim/69-SMARTindex_HC_primers.log",
            "avg-qual-score": 10,
            "force": false,
            "no-left": true,
            "no-right": false,
            "notes": "",
            "qual-offset": 33,
            "uncompressed": false,
            "window-size": 10
        }
    },
    "Fragment": {
        "in": 706,
        "out": 706,
        "basepairs_in": 381240,
        "basepairs_out": 379826
    },
    "Single_end": {
        "in": 0,
        "out": 0,
        "basepairs_in": 0,
        "basepairs_out": 0,
        "rightTrim": 0,
        "leftTrim": 0
    },
    "Paired_end": {
        "in": 706,
        "out": 706,
        "Read1": {
            "basepairs_in": 187796,
            "basepairs_out": 186948,
            "leftTrim": 0,
            "rightTrim": 848
        },
        "Read2": {
            "basepairs_in": 193444,
            "basepairs_out": 192878,
            "leftTrim": 0,
            "rightTrim": 566
        }
    }
  }, {
    "Program_details": {
        "program": "hts_Overlapper",
        "version": "1.3.2",
        "options": {
            "append-stats-file": "/nmspipeline//01-Processing/TRIMMER0091_P80/01-PrimerTrim/69-SMARTindex_HC_primers.log",
            "check-lengths": 20,
            "force": false,
            "force-pairs": false,
            "kmer": 8,
            "kmer-offset": 1,
            "max-mismatch": 100,
            "max-mismatch-errorDensity": 0.25,
            "min-overlap": 8,
            "notes": "",
            "number-of-threads": 1,
            "uncompressed": false
        }
    },
    "Fragment": {
        "in": 706,
        "out": 706,
        "basepairs_in": 379826,
        "basepairs_out": 340352,
        "inserts": {
            "short": 47,
            "medium": 536,
            "long": 123
        },
        "overlap_histogram": [ [11,1], [14,1], [20,1], [24,1], [26,2], [27,1], [28,1], [31,1], [32,1], [38,1], [43,1], [46,1], [47,1], [49,2], [50,1], [53,1], [62,1], [65,1], [68,1], [70,1], [73,1], [94,3], [99,1], [102,1], [110,1], [111,2], [124,1], [132,2], [142,1], [173,1], [177,1], [179,2], [184,1], [185,1], [191,1], [192,1], [201,1], [210,1], [244,1], [273,1], [311,1], [319,1], [327,1], [343,1], [351,1], [357,1], [368,1], [374,1], [395,1], [400,1], [405,1], [423,1], [440,1], [453,1], [455,1], [463,2], [471,1], [472,1], [483,1], [493,1], [496,1], [498,1], [499,1], [500,12], [501,2], [502,20], [503,73], [504,4], [505,39], [506,81], [507,12], [508,30], [509,216], [510,22], [528,1] ]
    },
    "Single_end": {
        "in": 0,
        "out": 583,
        "basepairs_in": 0,
        "basepairs_out": 274218
    },
    "Paired_end": {
        "in": 706,
        "out": 123,
        "Read1": {
            "basepairs_in": 186948,
            "basepairs_out": 32525
        },
        "Read2": {
            "basepairs_in": 192878,
            "basepairs_out": 33609
        }
    }
  }, {
    "Program_details": {
        "program": "hts_LengthFilter",
        "version": "1.3.2",
        "options": {
            "append-stats-file": "/nmspipeline//01-Processing/TRIMMER0091_P80/01-PrimerTrim/69-SMARTindex_HC_primers.log",
            "fastq-output": "/nmspipeline//01-Processing/TRIMMER0091_P80/01-PrimerTrim/69-SMARTindex_HC_primers",
            "force": true,
            "max-length": 0,
            "min-length": 385,
            "no-orphans": false,
            "notes": "",
            "stranded": false,
            "uncompressed": false
        }
    },
    "Fragment": {
        "in": 706,
        "out": 528,
        "basepairs_in": 340352,
        "basepairs_out": 266783
    },
    "Single_end": {
        "in": 583,
        "out": 528,
        "basepairs_in": 274218,
        "basepairs_out": 266783,
        "discarded": 55
    },
    "Paired_end": {
        "in": 123,
        "out": 0,
        "discarded": 123,
        "Read1": {
            "basepairs_in": 32525,
            "basepairs_out": 0,
            "discarded": 0
        },
        "Read2": {
            "basepairs_in": 33609,
            "basepairs_out": 0,
            "discarded": 0
        }
    }
  }
]
