[ {
    "Program_details": {
        "program": "hts_Primers",
        "version": "1.3.2",
        "options": {
            "flip": true,
            "float": 0,
            "force": false,
            "keep": false,
            "min_primer_matches": 2,
            "notes": "",
            "primer_end_mismatches": 0,
            "primer_mismatches": 0,
            "primers_3p": "../hc_primers.fasta",
            "primers_5p": "AACCGACAGTGGTATCAACGCAGAGTACATGGGG",
            "read1-input": [ "/nmspipeline//01-Processing/TRIMMER0091_P80/00-RawData/TRIMMER_Plate80_S2_L001_R1_001_sub.fastq.gz"],
            "read2-input": [ "/nmspipeline//01-Processing/TRIMMER0091_P80/00-RawData/TRIMMER_Plate80_S2_L001_R2_001_sub.fastq.gz"],
            "stats-file": "/nmspipeline//01-Processing/TRIMMER0091_P80/01-PrimerTrim/70-SMARTindex_HC_primers.log",
            "uncompressed": false
        },
        "primers": [ ["p5primer1","AACCGACAGTGGTATCAACGCAGAGTACATGGGG"], ["Ga3.10for_mIGH3","GGATAGACAGATGGGGCTGTTGTTGT"], ["Ga12HC.10_REV_CHI","ATAGACAGATGGGGGTGTCGTTTTGG"], ["p5primer1","AACCGACAGTGGTATCAACGCAGAGTACATGGGG"], ["Ga3.10for_mIGH3","GGATAGACAGATGGGGCTGTTGTTGT"], ["Ga12HC.10_REV_CHI","ATAGACAGATGGGGGTGTCGTTTTGG"] ]
    },
    "Fragment": {
        "in": 100000,
        "out": 157,
        "basepairs_in": 60000000,
        "basepairs_out": 84780,
        "flipped": 68,
        "primers_counts": [ ["p5primer1","Ga12HC.10_REV_CHI",157], ["p5primer1","None",562], ["None","Ga3.10for_mIGH3",1142], ["None","Ga12HC.10_REV_CHI",27990], ["None","None",70149] ]
    },
    "Single_end": {
        "in": 0,
        "out": 0,
        "basepairs_in": 0,
        "basepairs_out": 0,
        "primerTrim": 0,
        "primerBpTrim": 0,
        "discarded": 0
    },
    "Paired_end": {
        "in": 100000,
        "out": 157,
        "discarded": 99843,
        "Read1": {
            "basepairs_in": 30000000,
            "basepairs_out": 41762,
            "primerTrim": 157,
            "primerBpTrim": 5338
        },
        "Read2": {
            "basepairs_in": 30000000,
            "basepairs_out": 43018,
            "primerTrim": 157,
            "primerBpTrim": 4082
        }
    }
  }, {
    "Program_details": {
        "program": "hts_NTrimmer",
        "version": "1.3.2",
        "options": {
            "append-stats-file": "/nmspipeline//01-Processing/TRIMMER0091_P80/01-PrimerTrim/70-SMARTindex_HC_primers.log",
            "exclude": true,
            "force": false,
            "notes": "",
            "uncompressed": false
        }
    },
    "Fragment": {
        "in": 157,
        "out": 157,
        "basepairs_in": 84780,
        "basepairs_out": 84780
    },
    "Single_end": {
        "in": 0,
        "out": 0,
        "basepairs_in": 0,
        "basepairs_out": 0,
        "rightTrim": 0,
        "leftTrim": 0,
        "discarded": 0
    },
    "Paired_end": {
        "in": 157,
        "out": 157,
        "discarded": 0,
        "Read1": {
            "basepairs_in": 41762,
            "basepairs_out": 41762,
            "leftTrim": 0,
            "rightTrim": 0
        },
        "Read2": {
            "basepairs_in": 43018,
            "basepairs_out": 43018,
            "leftTrim": 0,
            "rightTrim": 0
        }
    }
  }, {
    "Program_details": {
        "program": "hts_SeqScreener",
        "version": "1.3.2",
        "options": {
            "append-stats-file": "/nmspipeline//01-Processing/TRIMMER0091_P80/01-PrimerTrim/70-SMARTindex_HC_primers.log",
            "check-read-2": true,
            "force": false,
            "inverse": false,
            "kmer": 21,
            "notes": "",
            "percentage-hits": 0.01,
            "record": true,
            "seq": "../aberrant_LC.fasta",
            "uncompressed": false
        },
        "screen_info": {
            "screenBP": 96,
            "lookupKmers": 8
        }
    },
    "Fragment": {
        "in": 157,
        "out": 157,
        "basepairs_in": 84780,
        "basepairs_out": 84780
    },
    "Single_end": {
        "in": 0,
        "out": 0,
        "basepairs_in": 0,
        "basepairs_out": 0,
        "hits": 0
    },
    "Paired_end": {
        "in": 157,
        "out": 157,
        "hits": 0,
        "Read1": {
            "basepairs_in": 41762,
            "basepairs_out": 41762
        },
        "Read2": {
            "basepairs_in": 43018,
            "basepairs_out": 43018
        }
    }
  }, {
    "Program_details": {
        "program": "hts_QWindowTrim",
        "version": "1.3.2",
        "options": {
            "append-stats-file": "/nmspipeline//01-Processing/TRIMMER0091_P80/01-PrimerTrim/70-SMARTindex_HC_primers.log",
            "avg-qual-score": 10,
            "force": false,
            "no-left": true,
            "no-right": false,
            "notes": "",
            "qual-offset": 33,
            "uncompressed": false,
            "window-size": 10
        }
    },
    "Fragment": {
        "in": 157,
        "out": 157,
        "basepairs_in": 84780,
        "basepairs_out": 84498
    },
    "Single_end": {
        "in": 0,
        "out": 0,
        "basepairs_in": 0,
        "basepairs_out": 0,
        "rightTrim": 0,
        "leftTrim": 0
    },
    "Paired_end": {
        "in": 157,
        "out": 157,
        "Read1": {
            "basepairs_in": 41762,
            "basepairs_out": 41645,
            "leftTrim": 0,
            "rightTrim": 117
        },
        "Read2": {
            "basepairs_in": 43018,
            "basepairs_out": 42853,
            "leftTrim": 0,
            "rightTrim": 165
        }
    }
  }, {
    "Program_details": {
        "program": "hts_Overlapper",
        "version": "1.3.2",
        "options": {
            "append-stats-file": "/nmspipeline//01-Processing/TRIMMER0091_P80/01-PrimerTrim/70-SMARTindex_HC_primers.log",
            "check-lengths": 20,
            "force": false,
            "force-pairs": false,
            "kmer": 8,
            "kmer-offset": 1,
            "max-mismatch": 100,
            "max-mismatch-errorDensity": 0.25,
            "min-overlap": 8,
            "notes": "",
            "number-of-threads": 1,
            "uncompressed": false
        }
    },
    "Fragment": {
        "in": 157,
        "out": 157,
        "basepairs_in": 84498,
        "basepairs_out": 65546,
        "inserts": {
            "short": 23,
            "medium": 122,
            "long": 12
        },
        "overlap_histogram": [ [9,2], [30,1], [32,1], [54,1], [76,2], [83,1], [85,1], [93,1], [96,1], [100,1], [107,1], [172,1], [231,1], [235,1], [239,1], [254,4], [258,1], [263,1], [279,1], [304,1], [314,1], [328,2], [338,1], [352,1], [373,1], [388,2], [409,1], [440,1], [442,8], [444,1], [445,2], [463,1], [469,3], [470,14], [471,29], [472,22], [473,11], [474,15], [475,2], [476,1], [510,1] ]
    },
    "Single_end": {
        "in": 0,
        "out": 145,
        "basepairs_in": 0,
        "basepairs_out": 59117
    },
    "Paired_end": {
        "in": 157,
        "out": 12,
        "Read1": {
            "basepairs_in": 41645,
            "basepairs_out": 3159
        },
        "Read2": {
            "basepairs_in": 42853,
            "basepairs_out": 3270
        }
    }
  }, {
    "Program_details": {
        "program": "hts_LengthFilter",
        "version": "1.3.2",
        "options": {
            "append-stats-file": "/nmspipeline//01-Processing/TRIMMER0091_P80/01-PrimerTrim/70-SMARTindex_HC_primers.log",
            "fastq-output": "/nmspipeline//01-Processing/TRIMMER0091_P80/01-PrimerTrim/70-SMARTindex_HC_primers",
            "force": true,
            "max-length": 0,
            "min-length": 385,
            "no-orphans": false,
            "notes": "",
            "stranded": false,
            "uncompressed": false
        }
    },
    "Fragment": {
        "in": 157,
        "out": 114,
        "basepairs_in": 65546,
        "basepairs_out": 53237
    },
    "Single_end": {
        "in": 145,
        "out": 114,
        "basepairs_in": 59117,
        "basepairs_out": 53237,
        "discarded": 31
    },
    "Paired_end": {
        "in": 12,
        "out": 0,
        "discarded": 12,
        "Read1": {
            "basepairs_in": 3159,
            "basepairs_out": 0,
            "discarded": 0
        },
        "Read2": {
            "basepairs_in": 3270,
            "basepairs_out": 0,
            "discarded": 0
        }
    }
  }
]
