[ {
    "Program_details": {
        "program": "hts_Primers",
        "version": "1.3.2",
        "options": {
            "flip": true,
            "float": 0,
            "force": false,
            "keep": false,
            "min_primer_matches": 2,
            "notes": "",
            "primer_end_mismatches": 0,
            "primer_mismatches": 0,
            "primers_3p": "../lc_primers.fasta",
            "primers_5p": "AACCGACAGTGGTATCAACGCAGAGTACATGGGG",
            "read1-input": [ "/nmspipeline//01-Processing/TRIMMER0091_P80/00-RawData/TRIMMER_Plate80_S2_L001_R1_001_sub.fastq.gz"],
            "read2-input": [ "/nmspipeline//01-Processing/TRIMMER0091_P80/00-RawData/TRIMMER_Plate80_S2_L001_R2_001_sub.fastq.gz"],
            "stats-file": "/nmspipeline//01-Processing/TRIMMER0091_P80/01-PrimerTrim/70-SMARTindex_LC_primers.log",
            "uncompressed": false
        },
        "primers": [ ["p5primer1","AACCGACAGTGGTATCAACGCAGAGTACATGGGG"], ["KaLC.6_REV_LC","GGATACAGTTGGTGCAGCATC"], ["LaLC.R-mIGL","ATCGTACACACCAGTGTGGC"], ["p5primer1","AACCGACAGTGGTATCAACGCAGAGTACATGGGG"], ["KaLC.6_REV_LC","GGATACAGTTGGTGCAGCATC"], ["LaLC.R-mIGL","ATCGTACACACCAGTGTGGC"] ]
    },
    "Fragment": {
        "in": 100000,
        "out": 428,
        "basepairs_in": 60000000,
        "basepairs_out": 233265,
        "flipped": 169,
        "primers_counts": [ ["p5primer1","LaLC.R-mIGL",5], ["p5primer1","None",291], ["p5primer1","KaLC.6_REV_LC",423], ["None","LaLC.R-mIGL",599], ["None","None",48175], ["None","KaLC.6_REV_LC",50507] ]
    },
    "Single_end": {
        "in": 0,
        "out": 0,
        "basepairs_in": 0,
        "basepairs_out": 0,
        "primerTrim": 0,
        "primerBpTrim": 0,
        "discarded": 0
    },
    "Paired_end": {
        "in": 100000,
        "out": 428,
        "discarded": 99572,
        "Read1": {
            "basepairs_in": 30000000,
            "basepairs_out": 113848,
            "primerTrim": 428,
            "primerBpTrim": 14552
        },
        "Read2": {
            "basepairs_in": 30000000,
            "basepairs_out": 119417,
            "primerTrim": 428,
            "primerBpTrim": 8983
        }
    }
  }, {
    "Program_details": {
        "program": "hts_NTrimmer",
        "version": "1.3.2",
        "options": {
            "append-stats-file": "/nmspipeline//01-Processing/TRIMMER0091_P80/01-PrimerTrim/70-SMARTindex_LC_primers.log",
            "exclude": true,
            "force": false,
            "notes": "",
            "uncompressed": false
        }
    },
    "Fragment": {
        "in": 428,
        "out": 428,
        "basepairs_in": 233265,
        "basepairs_out": 233265
    },
    "Single_end": {
        "in": 0,
        "out": 0,
        "basepairs_in": 0,
        "basepairs_out": 0,
        "rightTrim": 0,
        "leftTrim": 0,
        "discarded": 0
    },
    "Paired_end": {
        "in": 428,
        "out": 428,
        "discarded": 0,
        "Read1": {
            "basepairs_in": 113848,
            "basepairs_out": 113848,
            "leftTrim": 0,
            "rightTrim": 0
        },
        "Read2": {
            "basepairs_in": 119417,
            "basepairs_out": 119417,
            "leftTrim": 0,
            "rightTrim": 0
        }
    }
  }, {
    "Program_details": {
        "program": "hts_SeqScreener",
        "version": "1.3.2",
        "options": {
            "append-stats-file": "/nmspipeline//01-Processing/TRIMMER0091_P80/01-PrimerTrim/70-SMARTindex_LC_primers.log",
            "check-read-2": true,
            "force": false,
            "inverse": false,
            "kmer": 21,
            "notes": "",
            "percentage-hits": 0.01,
            "record": true,
            "seq": "../aberrant_LC.fasta",
            "uncompressed": false
        },
        "screen_info": {
            "screenBP": 96,
            "lookupKmers": 8
        }
    },
    "Fragment": {
        "in": 428,
        "out": 428,
        "basepairs_in": 233265,
        "basepairs_out": 233265
    },
    "Single_end": {
        "in": 0,
        "out": 0,
        "basepairs_in": 0,
        "basepairs_out": 0,
        "hits": 0
    },
    "Paired_end": {
        "in": 428,
        "out": 428,
        "hits": 82,
        "Read1": {
            "basepairs_in": 113848,
            "basepairs_out": 113848
        },
        "Read2": {
            "basepairs_in": 119417,
            "basepairs_out": 119417
        }
    }
  }, {
    "Program_details": {
        "program": "hts_QWindowTrim",
        "version": "1.3.2",
        "options": {
            "append-stats-file": "/nmspipeline//01-Processing/TRIMMER0091_P80/01-PrimerTrim/70-SMARTindex_LC_primers.log",
            "avg-qual-score": 10,
            "force": false,
            "no-left": true,
            "no-right": false,
            "notes": "",
            "qual-offset": 33,
            "uncompressed": false,
            "window-size": 10
        }
    },
    "Fragment": {
        "in": 428,
        "out": 428,
        "basepairs_in": 233265,
        "basepairs_out": 232172
    },
    "Single_end": {
        "in": 0,
        "out": 0,
        "basepairs_in": 0,
        "basepairs_out": 0,
        "rightTrim": 0,
        "leftTrim": 0
    },
    "Paired_end": {
        "in": 428,
        "out": 428,
        "Read1": {
            "basepairs_in": 113848,
            "basepairs_out": 113352,
            "leftTrim": 0,
            "rightTrim": 496
        },
        "Read2": {
            "basepairs_in": 119417,
            "basepairs_out": 118820,
            "leftTrim": 0,
            "rightTrim": 597
        }
    }
  }, {
    "Program_details": {
        "program": "hts_Overlapper",
        "version": "1.3.2",
        "options": {
            "append-stats-file": "/nmspipeline//01-Processing/TRIMMER0091_P80/01-PrimerTrim/70-SMARTindex_LC_primers.log",
            "check-lengths": 20,
            "force": false,
            "force-pairs": false,
            "kmer": 8,
            "kmer-offset": 1,
            "max-mismatch": 100,
            "max-mismatch-errorDensity": 0.25,
            "min-overlap": 8,
            "notes": "",
            "number-of-threads": 1,
            "uncompressed": false
        }
    },
    "Fragment": {
        "in": 428,
        "out": 428,
        "basepairs_in": 232172,
        "basepairs_out": 167881,
        "inserts": {
            "short": 54,
            "medium": 359,
            "long": 15
        },
        "overlap_histogram": [ [14,1], [15,2], [16,1], [25,2], [26,2], [27,1], [28,1], [32,1], [36,1], [49,1], [62,1], [72,1], [77,1], [81,1], [89,3], [91,2], [92,1], [93,1], [107,1], [112,1], [124,1], [125,2], [127,1], [131,3], [132,1], [137,1], [145,1], [149,1], [154,1], [158,1], [159,1], [161,1], [162,1], [176,1], [179,1], [188,1], [192,1], [193,1], [209,1], [219,1], [222,1], [223,1], [224,1], [228,1], [254,1], [279,1], [298,2], [302,1], [308,1], [328,1], [333,1], [361,1], [366,1], [373,1], [382,1], [393,2], [396,1], [398,2], [399,3], [401,2], [403,2], [404,2], [406,2], [407,1], [408,2], [409,11], [410,3], [412,3], [413,2], [414,1], [415,11], [416,4], [417,4], [418,32], [419,2], [420,7], [421,18], [422,24], [423,9], [424,1], [425,2], [426,6], [427,20], [428,3], [429,1], [430,1], [437,2], [438,2], [439,18], [440,7], [441,4], [442,3], [443,3], [444,15], [445,68], [446,4], [447,7], [448,8], [449,3], [450,18], [470,2] ]
    },
    "Single_end": {
        "in": 0,
        "out": 413,
        "basepairs_in": 0,
        "basepairs_out": 159728
    },
    "Paired_end": {
        "in": 428,
        "out": 15,
        "Read1": {
            "basepairs_in": 113352,
            "basepairs_out": 3973
        },
        "Read2": {
            "basepairs_in": 118820,
            "basepairs_out": 4180
        }
    }
  }, {
    "Program_details": {
        "program": "hts_LengthFilter",
        "version": "1.3.2",
        "options": {
            "append-stats-file": "/nmspipeline//01-Processing/TRIMMER0091_P80/01-PrimerTrim/70-SMARTindex_LC_primers.log",
            "fastq-output": "/nmspipeline//01-Processing/TRIMMER0091_P80/01-PrimerTrim/70-SMARTindex_LC_primers",
            "force": true,
            "max-length": 0,
            "min-length": 385,
            "no-orphans": false,
            "notes": "",
            "stranded": false,
            "uncompressed": false
        }
    },
    "Fragment": {
        "in": 428,
        "out": 348,
        "basepairs_in": 167881,
        "basepairs_out": 149863
    },
    "Single_end": {
        "in": 413,
        "out": 348,
        "basepairs_in": 159728,
        "basepairs_out": 149863,
        "discarded": 65
    },
    "Paired_end": {
        "in": 15,
        "out": 0,
        "discarded": 15,
        "Read1": {
            "basepairs_in": 3973,
            "basepairs_out": 0,
            "discarded": 0
        },
        "Read2": {
            "basepairs_in": 4180,
            "basepairs_out": 0,
            "discarded": 0
        }
    }
  }
]
