[ {
    "Program_details": {
        "program": "hts_Primers",
        "version": "1.3.2",
        "options": {
            "flip": true,
            "float": 0,
            "force": false,
            "keep": false,
            "min_primer_matches": 2,
            "notes": "",
            "primer_end_mismatches": 0,
            "primer_mismatches": 0,
            "primers_3p": "../lc_primers.fasta",
            "primers_5p": "CAGATGCAGTGGTATCAACGCAGAGTACATGGGG",
            "read1-input": [ "/nmspipeline//01-Processing/TRIMMER0091_P80/00-RawData/TRIMMER_Plate80_S2_L001_R1_001_sub.fastq.gz"],
            "read2-input": [ "/nmspipeline//01-Processing/TRIMMER0091_P80/00-RawData/TRIMMER_Plate80_S2_L001_R2_001_sub.fastq.gz"],
            "stats-file": "/nmspipeline//01-Processing/TRIMMER0091_P80/01-PrimerTrim/71-SMARTindex_LC_primers.log",
            "uncompressed": false
        },
        "primers": [ ["p5primer1","CAGATGCAGTGGTATCAACGCAGAGTACATGGGG"], ["KaLC.6_REV_LC","GGATACAGTTGGTGCAGCATC"], ["LaLC.R-mIGL","ATCGTACACACCAGTGTGGC"], ["p5primer1","CAGATGCAGTGGTATCAACGCAGAGTACATGGGG"], ["KaLC.6_REV_LC","GGATACAGTTGGTGCAGCATC"], ["LaLC.R-mIGL","ATCGTACACACCAGTGTGGC"] ]
    },
    "Fragment": {
        "in": 100000,
        "out": 568,
        "basepairs_in": 60000000,
        "basepairs_out": 309567,
        "flipped": 265,
        "primers_counts": [ ["p5primer1","LaLC.R-mIGL",7], ["p5primer1","None",369], ["p5primer1","KaLC.6_REV_LC",561], ["None","LaLC.R-mIGL",597], ["None","None",48097], ["None","KaLC.6_REV_LC",50369] ]
    },
    "Single_end": {
        "in": 0,
        "out": 0,
        "basepairs_in": 0,
        "basepairs_out": 0,
        "primerTrim": 0,
        "primerBpTrim": 0,
        "discarded": 0
    },
    "Paired_end": {
        "in": 100000,
        "out": 568,
        "discarded": 99432,
        "Read1": {
            "basepairs_in": 30000000,
            "basepairs_out": 151088,
            "primerTrim": 568,
            "primerBpTrim": 19312
        },
        "Read2": {
            "basepairs_in": 30000000,
            "basepairs_out": 158479,
            "primerTrim": 568,
            "primerBpTrim": 11921
        }
    }
  }, {
    "Program_details": {
        "program": "hts_NTrimmer",
        "version": "1.3.2",
        "options": {
            "append-stats-file": "/nmspipeline//01-Processing/TRIMMER0091_P80/01-PrimerTrim/71-SMARTindex_LC_primers.log",
            "exclude": true,
            "force": false,
            "notes": "",
            "uncompressed": false
        }
    },
    "Fragment": {
        "in": 568,
        "out": 568,
        "basepairs_in": 309567,
        "basepairs_out": 309567
    },
    "Single_end": {
        "in": 0,
        "out": 0,
        "basepairs_in": 0,
        "basepairs_out": 0,
        "rightTrim": 0,
        "leftTrim": 0,
        "discarded": 0
    },
    "Paired_end": {
        "in": 568,
        "out": 568,
        "discarded": 0,
        "Read1": {
            "basepairs_in": 151088,
            "basepairs_out": 151088,
            "leftTrim": 0,
            "rightTrim": 0
        },
        "Read2": {
            "basepairs_in": 158479,
            "basepairs_out": 158479,
            "leftTrim": 0,
            "rightTrim": 0
        }
    }
  }, {
    "Program_details": {
        "program": "hts_SeqScreener",
        "version": "1.3.2",
        "options": {
            "append-stats-file": "/nmspipeline//01-Processing/TRIMMER0091_P80/01-PrimerTrim/71-SMARTindex_LC_primers.log",
            "check-read-2": true,
            "force": false,
            "inverse": false,
            "kmer": 21,
            "notes": "",
            "percentage-hits": 0.01,
            "record": true,
            "seq": "../aberrant_LC.fasta",
            "uncompressed": false
        },
        "screen_info": {
            "screenBP": 96,
            "lookupKmers": 8
        }
    },
    "Fragment": {
        "in": 568,
        "out": 568,
        "basepairs_in": 309567,
        "basepairs_out": 309567
    },
    "Single_end": {
        "in": 0,
        "out": 0,
        "basepairs_in": 0,
        "basepairs_out": 0,
        "hits": 0
    },
    "Paired_end": {
        "in": 568,
        "out": 568,
        "hits": 144,
        "Read1": {
            "basepairs_in": 151088,
            "basepairs_out": 151088
        },
        "Read2": {
            "basepairs_in": 158479,
            "basepairs_out": 158479
        }
    }
  }, {
    "Program_details": {
        "program": "hts_QWindowTrim",
        "version": "1.3.2",
        "options": {
            "append-stats-file": "/nmspipeline//01-Processing/TRIMMER0091_P80/01-PrimerTrim/71-SMARTindex_LC_primers.log",
            "avg-qual-score": 10,
            "force": false,
            "no-left": true,
            "no-right": false,
            "notes": "",
            "qual-offset": 33,
            "uncompressed": false,
            "window-size": 10
        }
    },
    "Fragment": {
        "in": 568,
        "out": 568,
        "basepairs_in": 309567,
        "basepairs_out": 308509
    },
    "Single_end": {
        "in": 0,
        "out": 0,
        "basepairs_in": 0,
        "basepairs_out": 0,
        "rightTrim": 0,
        "leftTrim": 0
    },
    "Paired_end": {
        "in": 568,
        "out": 568,
        "Read1": {
            "basepairs_in": 151088,
            "basepairs_out": 150629,
            "leftTrim": 0,
            "rightTrim": 459
        },
        "Read2": {
            "basepairs_in": 158479,
            "basepairs_out": 157880,
            "leftTrim": 0,
            "rightTrim": 599
        }
    }
  }, {
    "Program_details": {
        "program": "hts_Overlapper",
        "version": "1.3.2",
        "options": {
            "append-stats-file": "/nmspipeline//01-Processing/TRIMMER0091_P80/01-PrimerTrim/71-SMARTindex_LC_primers.log",
            "check-lengths": 20,
            "force": false,
            "force-pairs": false,
            "kmer": 8,
            "kmer-offset": 1,
            "max-mismatch": 100,
            "max-mismatch-errorDensity": 0.25,
            "min-overlap": 8,
            "notes": "",
            "number-of-threads": 1,
            "uncompressed": false
        }
    },
    "Fragment": {
        "in": 568,
        "out": 568,
        "basepairs_in": 308509,
        "basepairs_out": 227481,
        "inserts": {
            "short": 50,
            "medium": 484,
            "long": 34
        },
        "overlap_histogram": [ [14,1], [15,3], [25,1], [28,1], [29,1], [31,1], [32,1], [36,1], [48,1], [49,1], [56,1], [60,2], [67,2], [77,1], [83,1], [85,1], [86,1], [89,2], [90,1], [97,3], [98,1], [99,1], [101,1], [104,1], [109,2], [114,1], [123,1], [132,1], [140,1], [141,2], [147,1], [213,2], [223,1], [229,1], [250,1], [263,2], [264,1], [265,1], [274,1], [301,1], [304,1], [324,1], [329,1], [336,1], [338,1], [342,1], [343,1], [344,1], [363,1], [381,2], [385,1], [386,15], [387,3], [393,2], [396,1], [397,2], [398,4], [399,17], [411,2], [412,4], [414,7], [415,4], [416,16], [417,96], [418,46], [419,3], [420,2], [421,11], [422,12], [423,16], [424,2], [427,2], [429,2], [430,11], [431,41], [432,10], [433,5], [434,120], [435,1], [436,1], [438,2], [439,1], [440,4], [441,1], [448,1], [456,1], [458,1], [461,1], [503,1] ]
    },
    "Single_end": {
        "in": 0,
        "out": 534,
        "basepairs_in": 0,
        "basepairs_out": 209068
    },
    "Paired_end": {
        "in": 568,
        "out": 34,
        "Read1": {
            "basepairs_in": 150629,
            "basepairs_out": 8983
        },
        "Read2": {
            "basepairs_in": 157880,
            "basepairs_out": 9430
        }
    }
  }, {
    "Program_details": {
        "program": "hts_LengthFilter",
        "version": "1.3.2",
        "options": {
            "append-stats-file": "/nmspipeline//01-Processing/TRIMMER0091_P80/01-PrimerTrim/71-SMARTindex_LC_primers.log",
            "fastq-output": "/nmspipeline//01-Processing/TRIMMER0091_P80/01-PrimerTrim/71-SMARTindex_LC_primers",
            "force": true,
            "max-length": 0,
            "min-length": 385,
            "no-orphans": false,
            "notes": "",
            "stranded": false,
            "uncompressed": false
        }
    },
    "Fragment": {
        "in": 568,
        "out": 472,
        "basepairs_in": 227481,
        "basepairs_out": 199430
    },
    "Single_end": {
        "in": 534,
        "out": 472,
        "basepairs_in": 209068,
        "basepairs_out": 199430,
        "discarded": 62
    },
    "Paired_end": {
        "in": 34,
        "out": 0,
        "discarded": 34,
        "Read1": {
            "basepairs_in": 8983,
            "basepairs_out": 0,
            "discarded": 0
        },
        "Read2": {
            "basepairs_in": 9430,
            "basepairs_out": 0,
            "discarded": 0
        }
    }
  }
]
