[ {
    "Program_details": {
        "program": "hts_Primers",
        "version": "1.3.2",
        "options": {
            "flip": true,
            "float": 0,
            "force": false,
            "keep": false,
            "min_primer_matches": 2,
            "notes": "",
            "primer_end_mismatches": 0,
            "primer_mismatches": 0,
            "primers_3p": "../hc_primers.fasta",
            "primers_5p": "GTAGAACAGTGGTATCAACGCAGAGTACATGGGG",
            "read1-input": [ "/nmspipeline//01-Processing/TRIMMER0091_P80/00-RawData/TRIMMER_Plate80_S2_L001_R1_001_sub.fastq.gz"],
            "read2-input": [ "/nmspipeline//01-Processing/TRIMMER0091_P80/00-RawData/TRIMMER_Plate80_S2_L001_R2_001_sub.fastq.gz"],
            "stats-file": "/nmspipeline//01-Processing/TRIMMER0091_P80/01-PrimerTrim/72-SMARTindex_HC_primers.log",
            "uncompressed": false
        },
        "primers": [ ["p5primer1","GTAGAACAGTGGTATCAACGCAGAGTACATGGGG"], ["Ga3.10for_mIGH3","GGATAGACAGATGGGGCTGTTGTTGT"], ["Ga12HC.10_REV_CHI","ATAGACAGATGGGGGTGTCGTTTTGG"], ["p5primer1","GTAGAACAGTGGTATCAACGCAGAGTACATGGGG"], ["Ga3.10for_mIGH3","GGATAGACAGATGGGGCTGTTGTTGT"], ["Ga12HC.10_REV_CHI","ATAGACAGATGGGGGTGTCGTTTTGG"] ]
    },
    "Fragment": {
        "in": 100000,
        "out": 197,
        "basepairs_in": 60000000,
        "basepairs_out": 106380,
        "flipped": 79,
        "primers_counts": [ ["p5primer1","Ga12HC.10_REV_CHI",197], ["None","Ga3.10for_mIGH3",1142], ["p5primer1","None",873], ["None","Ga12HC.10_REV_CHI",27950], ["None","None",69838] ]
    },
    "Single_end": {
        "in": 0,
        "out": 0,
        "basepairs_in": 0,
        "basepairs_out": 0,
        "primerTrim": 0,
        "primerBpTrim": 0,
        "discarded": 0
    },
    "Paired_end": {
        "in": 100000,
        "out": 197,
        "discarded": 99803,
        "Read1": {
            "basepairs_in": 30000000,
            "basepairs_out": 52402,
            "primerTrim": 197,
            "primerBpTrim": 6698
        },
        "Read2": {
            "basepairs_in": 30000000,
            "basepairs_out": 53978,
            "primerTrim": 197,
            "primerBpTrim": 5122
        }
    }
  }, {
    "Program_details": {
        "program": "hts_NTrimmer",
        "version": "1.3.2",
        "options": {
            "append-stats-file": "/nmspipeline//01-Processing/TRIMMER0091_P80/01-PrimerTrim/72-SMARTindex_HC_primers.log",
            "exclude": true,
            "force": false,
            "notes": "",
            "uncompressed": false
        }
    },
    "Fragment": {
        "in": 197,
        "out": 197,
        "basepairs_in": 106380,
        "basepairs_out": 106380
    },
    "Single_end": {
        "in": 0,
        "out": 0,
        "basepairs_in": 0,
        "basepairs_out": 0,
        "rightTrim": 0,
        "leftTrim": 0,
        "discarded": 0
    },
    "Paired_end": {
        "in": 197,
        "out": 197,
        "discarded": 0,
        "Read1": {
            "basepairs_in": 52402,
            "basepairs_out": 52402,
            "leftTrim": 0,
            "rightTrim": 0
        },
        "Read2": {
            "basepairs_in": 53978,
            "basepairs_out": 53978,
            "leftTrim": 0,
            "rightTrim": 0
        }
    }
  }, {
    "Program_details": {
        "program": "hts_SeqScreener",
        "version": "1.3.2",
        "options": {
            "append-stats-file": "/nmspipeline//01-Processing/TRIMMER0091_P80/01-PrimerTrim/72-SMARTindex_HC_primers.log",
            "check-read-2": true,
            "force": false,
            "inverse": false,
            "kmer": 21,
            "notes": "",
            "percentage-hits": 0.01,
            "record": true,
            "seq": "../aberrant_LC.fasta",
            "uncompressed": false
        },
        "screen_info": {
            "screenBP": 96,
            "lookupKmers": 8
        }
    },
    "Fragment": {
        "in": 197,
        "out": 197,
        "basepairs_in": 106380,
        "basepairs_out": 106380
    },
    "Single_end": {
        "in": 0,
        "out": 0,
        "basepairs_in": 0,
        "basepairs_out": 0,
        "hits": 0
    },
    "Paired_end": {
        "in": 197,
        "out": 197,
        "hits": 0,
        "Read1": {
            "basepairs_in": 52402,
            "basepairs_out": 52402
        },
        "Read2": {
            "basepairs_in": 53978,
            "basepairs_out": 53978
        }
    }
  }, {
    "Program_details": {
        "program": "hts_QWindowTrim",
        "version": "1.3.2",
        "options": {
            "append-stats-file": "/nmspipeline//01-Processing/TRIMMER0091_P80/01-PrimerTrim/72-SMARTindex_HC_primers.log",
            "avg-qual-score": 10,
            "force": false,
            "no-left": true,
            "no-right": false,
            "notes": "",
            "qual-offset": 33,
            "uncompressed": false,
            "window-size": 10
        }
    },
    "Fragment": {
        "in": 197,
        "out": 197,
        "basepairs_in": 106380,
        "basepairs_out": 106047
    },
    "Single_end": {
        "in": 0,
        "out": 0,
        "basepairs_in": 0,
        "basepairs_out": 0,
        "rightTrim": 0,
        "leftTrim": 0
    },
    "Paired_end": {
        "in": 197,
        "out": 197,
        "Read1": {
            "basepairs_in": 52402,
            "basepairs_out": 52351,
            "leftTrim": 0,
            "rightTrim": 51
        },
        "Read2": {
            "basepairs_in": 53978,
            "basepairs_out": 53696,
            "leftTrim": 0,
            "rightTrim": 282
        }
    }
  }, {
    "Program_details": {
        "program": "hts_Overlapper",
        "version": "1.3.2",
        "options": {
            "append-stats-file": "/nmspipeline//01-Processing/TRIMMER0091_P80/01-PrimerTrim/72-SMARTindex_HC_primers.log",
            "check-lengths": 20,
            "force": false,
            "force-pairs": false,
            "kmer": 8,
            "kmer-offset": 1,
            "max-mismatch": 100,
            "max-mismatch-errorDensity": 0.25,
            "min-overlap": 8,
            "notes": "",
            "number-of-threads": 1,
            "uncompressed": false
        }
    },
    "Fragment": {
        "in": 197,
        "out": 197,
        "basepairs_in": 106047,
        "basepairs_out": 86193,
        "inserts": {
            "short": 17,
            "medium": 168,
            "long": 12
        },
        "overlap_histogram": [ [36,1], [41,1], [49,1], [53,2], [65,1], [66,1], [80,1], [81,1], [127,2], [140,1], [144,1], [157,1], [205,1], [239,1], [256,1], [275,1], [279,1], [281,1], [324,1], [433,2], [447,1], [452,1], [453,2], [454,11], [455,37], [456,7], [457,1], [464,1], [469,1], [471,2], [473,6], [475,11], [476,77], [477,4] ]
    },
    "Single_end": {
        "in": 0,
        "out": 185,
        "basepairs_in": 0,
        "basepairs_out": 79725
    },
    "Paired_end": {
        "in": 197,
        "out": 12,
        "Read1": {
            "basepairs_in": 52351,
            "basepairs_out": 3186
        },
        "Read2": {
            "basepairs_in": 53696,
            "basepairs_out": 3282
        }
    }
  }, {
    "Program_details": {
        "program": "hts_LengthFilter",
        "version": "1.3.2",
        "options": {
            "append-stats-file": "/nmspipeline//01-Processing/TRIMMER0091_P80/01-PrimerTrim/72-SMARTindex_HC_primers.log",
            "fastq-output": "/nmspipeline//01-Processing/TRIMMER0091_P80/01-PrimerTrim/72-SMARTindex_HC_primers",
            "force": true,
            "max-length": 0,
            "min-length": 385,
            "no-orphans": false,
            "notes": "",
            "stranded": false,
            "uncompressed": false
        }
    },
    "Fragment": {
        "in": 197,
        "out": 164,
        "basepairs_in": 86193,
        "basepairs_out": 76647
    },
    "Single_end": {
        "in": 185,
        "out": 164,
        "basepairs_in": 79725,
        "basepairs_out": 76647,
        "discarded": 21
    },
    "Paired_end": {
        "in": 12,
        "out": 0,
        "discarded": 12,
        "Read1": {
            "basepairs_in": 3186,
            "basepairs_out": 0,
            "discarded": 0
        },
        "Read2": {
            "basepairs_in": 3282,
            "basepairs_out": 0,
            "discarded": 0
        }
    }
  }
]
