[ {
    "Program_details": {
        "program": "hts_Primers",
        "version": "1.3.2",
        "options": {
            "flip": true,
            "float": 0,
            "force": false,
            "keep": false,
            "min_primer_matches": 2,
            "notes": "",
            "primer_end_mismatches": 0,
            "primer_mismatches": 0,
            "primers_3p": "../lc_primers.fasta",
            "primers_5p": "GACATCACAGTGGTATCAACGCAGAGTACATGGGG",
            "read1-input": [ "/nmspipeline//01-Processing/TRIMMER0091_P80/00-RawData/TRIMMER_Plate80_S2_L001_R1_001_sub.fastq.gz"],
            "read2-input": [ "/nmspipeline//01-Processing/TRIMMER0091_P80/00-RawData/TRIMMER_Plate80_S2_L001_R2_001_sub.fastq.gz"],
            "stats-file": "/nmspipeline//01-Processing/TRIMMER0091_P80/01-PrimerTrim/73-SMARTindex_LC_primers.log",
            "uncompressed": false
        },
        "primers": [ ["p5primer1","GACATCACAGTGGTATCAACGCAGAGTACATGGGG"], ["KaLC.6_REV_LC","GGATACAGTTGGTGCAGCATC"], ["LaLC.R-mIGL","ATCGTACACACCAGTGTGGC"], ["p5primer1","GACATCACAGTGGTATCAACGCAGAGTACATGGGG"], ["KaLC.6_REV_LC","GGATACAGTTGGTGCAGCATC"], ["LaLC.R-mIGL","ATCGTACACACCAGTGTGGC"] ]
    },
    "Fragment": {
        "in": 100000,
        "out": 444,
        "basepairs_in": 60000000,
        "basepairs_out": 241536,
        "flipped": 194,
        "primers_counts": [ ["p5primer1","None",289], ["p5primer1","KaLC.6_REV_LC",444], ["None","LaLC.R-mIGL",604], ["None","None",48177], ["None","KaLC.6_REV_LC",50486] ]
    },
    "Single_end": {
        "in": 0,
        "out": 0,
        "basepairs_in": 0,
        "basepairs_out": 0,
        "primerTrim": 0,
        "primerBpTrim": 0,
        "discarded": 0
    },
    "Paired_end": {
        "in": 100000,
        "out": 444,
        "discarded": 99556,
        "Read1": {
            "basepairs_in": 30000000,
            "basepairs_out": 117660,
            "primerTrim": 444,
            "primerBpTrim": 15540
        },
        "Read2": {
            "basepairs_in": 30000000,
            "basepairs_out": 123876,
            "primerTrim": 444,
            "primerBpTrim": 9324
        }
    }
  }, {
    "Program_details": {
        "program": "hts_NTrimmer",
        "version": "1.3.2",
        "options": {
            "append-stats-file": "/nmspipeline//01-Processing/TRIMMER0091_P80/01-PrimerTrim/73-SMARTindex_LC_primers.log",
            "exclude": true,
            "force": false,
            "notes": "",
            "uncompressed": false
        }
    },
    "Fragment": {
        "in": 444,
        "out": 444,
        "basepairs_in": 241536,
        "basepairs_out": 241536
    },
    "Single_end": {
        "in": 0,
        "out": 0,
        "basepairs_in": 0,
        "basepairs_out": 0,
        "rightTrim": 0,
        "leftTrim": 0,
        "discarded": 0
    },
    "Paired_end": {
        "in": 444,
        "out": 444,
        "discarded": 0,
        "Read1": {
            "basepairs_in": 117660,
            "basepairs_out": 117660,
            "leftTrim": 0,
            "rightTrim": 0
        },
        "Read2": {
            "basepairs_in": 123876,
            "basepairs_out": 123876,
            "leftTrim": 0,
            "rightTrim": 0
        }
    }
  }, {
    "Program_details": {
        "program": "hts_SeqScreener",
        "version": "1.3.2",
        "options": {
            "append-stats-file": "/nmspipeline//01-Processing/TRIMMER0091_P80/01-PrimerTrim/73-SMARTindex_LC_primers.log",
            "check-read-2": true,
            "force": false,
            "inverse": false,
            "kmer": 21,
            "notes": "",
            "percentage-hits": 0.01,
            "record": true,
            "seq": "../aberrant_LC.fasta",
            "uncompressed": false
        },
        "screen_info": {
            "screenBP": 96,
            "lookupKmers": 8
        }
    },
    "Fragment": {
        "in": 444,
        "out": 444,
        "basepairs_in": 241536,
        "basepairs_out": 241536
    },
    "Single_end": {
        "in": 0,
        "out": 0,
        "basepairs_in": 0,
        "basepairs_out": 0,
        "hits": 0
    },
    "Paired_end": {
        "in": 444,
        "out": 444,
        "hits": 162,
        "Read1": {
            "basepairs_in": 117660,
            "basepairs_out": 117660
        },
        "Read2": {
            "basepairs_in": 123876,
            "basepairs_out": 123876
        }
    }
  }, {
    "Program_details": {
        "program": "hts_QWindowTrim",
        "version": "1.3.2",
        "options": {
            "append-stats-file": "/nmspipeline//01-Processing/TRIMMER0091_P80/01-PrimerTrim/73-SMARTindex_LC_primers.log",
            "avg-qual-score": 10,
            "force": false,
            "no-left": true,
            "no-right": false,
            "notes": "",
            "qual-offset": 33,
            "uncompressed": false,
            "window-size": 10
        }
    },
    "Fragment": {
        "in": 444,
        "out": 444,
        "basepairs_in": 241536,
        "basepairs_out": 241015
    },
    "Single_end": {
        "in": 0,
        "out": 0,
        "basepairs_in": 0,
        "basepairs_out": 0,
        "rightTrim": 0,
        "leftTrim": 0
    },
    "Paired_end": {
        "in": 444,
        "out": 444,
        "Read1": {
            "basepairs_in": 117660,
            "basepairs_out": 117377,
            "leftTrim": 0,
            "rightTrim": 283
        },
        "Read2": {
            "basepairs_in": 123876,
            "basepairs_out": 123638,
            "leftTrim": 0,
            "rightTrim": 238
        }
    }
  }, {
    "Program_details": {
        "program": "hts_Overlapper",
        "version": "1.3.2",
        "options": {
            "append-stats-file": "/nmspipeline//01-Processing/TRIMMER0091_P80/01-PrimerTrim/73-SMARTindex_LC_primers.log",
            "check-lengths": 20,
            "force": false,
            "force-pairs": false,
            "kmer": 8,
            "kmer-offset": 1,
            "max-mismatch": 100,
            "max-mismatch-errorDensity": 0.25,
            "min-overlap": 8,
            "notes": "",
            "number-of-threads": 1,
            "uncompressed": false
        }
    },
    "Fragment": {
        "in": 444,
        "out": 444,
        "basepairs_in": 241015,
        "basepairs_out": 187715,
        "inserts": {
            "short": 21,
            "medium": 383,
            "long": 40
        },
        "overlap_histogram": [ [15,1], [55,1], [84,1], [86,4], [88,1], [103,1], [108,1], [121,1], [123,1], [133,2], [213,1], [222,2], [223,1], [250,1], [254,1], [259,1], [302,1], [306,1], [327,1], [338,1], [354,1], [368,1], [383,1], [395,2], [396,1], [397,1], [398,7], [399,9], [400,1], [407,1], [412,1], [413,1], [416,1], [417,3], [418,48], [419,2], [420,4], [421,7], [422,21], [423,18], [424,3], [425,1], [426,1], [427,1], [429,1], [430,16], [431,45], [432,11], [433,7], [434,143], [435,6], [440,11], [442,1], [444,1] ]
    },
    "Single_end": {
        "in": 0,
        "out": 404,
        "basepairs_in": 0,
        "basepairs_out": 166027
    },
    "Paired_end": {
        "in": 444,
        "out": 40,
        "Read1": {
            "basepairs_in": 117377,
            "basepairs_out": 10560
        },
        "Read2": {
            "basepairs_in": 123638,
            "basepairs_out": 11128
        }
    }
  }, {
    "Program_details": {
        "program": "hts_LengthFilter",
        "version": "1.3.2",
        "options": {
            "append-stats-file": "/nmspipeline//01-Processing/TRIMMER0091_P80/01-PrimerTrim/73-SMARTindex_LC_primers.log",
            "fastq-output": "/nmspipeline//01-Processing/TRIMMER0091_P80/01-PrimerTrim/73-SMARTindex_LC_primers",
            "force": true,
            "max-length": 0,
            "min-length": 385,
            "no-orphans": false,
            "notes": "",
            "stranded": false,
            "uncompressed": false
        }
    },
    "Fragment": {
        "in": 444,
        "out": 376,
        "basepairs_in": 187715,
        "basepairs_out": 160699
    },
    "Single_end": {
        "in": 404,
        "out": 376,
        "basepairs_in": 166027,
        "basepairs_out": 160699,
        "discarded": 28
    },
    "Paired_end": {
        "in": 40,
        "out": 0,
        "discarded": 40,
        "Read1": {
            "basepairs_in": 10560,
            "basepairs_out": 0,
            "discarded": 0
        },
        "Read2": {
            "basepairs_in": 11128,
            "basepairs_out": 0,
            "discarded": 0
        }
    }
  }
]
