[ {
    "Program_details": {
        "program": "hts_Primers",
        "version": "1.3.2",
        "options": {
            "flip": true,
            "float": 0,
            "force": false,
            "keep": false,
            "min_primer_matches": 2,
            "notes": "",
            "primer_end_mismatches": 0,
            "primer_mismatches": 0,
            "primers_3p": "../hc_primers.fasta",
            "primers_5p": "GACATCACAGTGGTATCAACGCAGAGTACATGGGG",
            "read1-input": [ "/nmspipeline//01-Processing/TRIMMER0091_P80/00-RawData/TRIMMER_Plate80_S2_L001_R1_001_sub.fastq.gz"],
            "read2-input": [ "/nmspipeline//01-Processing/TRIMMER0091_P80/00-RawData/TRIMMER_Plate80_S2_L001_R2_001_sub.fastq.gz"],
            "stats-file": "/nmspipeline//01-Processing/TRIMMER0091_P80/01-PrimerTrim/73-SMARTindex_HC_primers.log",
            "uncompressed": false
        },
        "primers": [ ["p5primer1","GACATCACAGTGGTATCAACGCAGAGTACATGGGG"], ["Ga3.10for_mIGH3","GGATAGACAGATGGGGCTGTTGTTGT"], ["Ga12HC.10_REV_CHI","ATAGACAGATGGGGGTGTCGTTTTGG"], ["p5primer1","GACATCACAGTGGTATCAACGCAGAGTACATGGGG"], ["Ga3.10for_mIGH3","GGATAGACAGATGGGGCTGTTGTTGT"], ["Ga12HC.10_REV_CHI","ATAGACAGATGGGGGTGTCGTTTTGG"] ]
    },
    "Fragment": {
        "in": 100000,
        "out": 157,
        "basepairs_in": 60000000,
        "basepairs_out": 84623,
        "flipped": 80,
        "primers_counts": [ ["p5primer1","Ga12HC.10_REV_CHI",150], ["p5primer1","None",576], ["p5primer1","Ga3.10for_mIGH3",7], ["None","Ga3.10for_mIGH3",1135], ["None","Ga12HC.10_REV_CHI",27997], ["None","None",70135] ]
    },
    "Single_end": {
        "in": 0,
        "out": 0,
        "basepairs_in": 0,
        "basepairs_out": 0,
        "primerTrim": 0,
        "primerBpTrim": 0,
        "discarded": 0
    },
    "Paired_end": {
        "in": 100000,
        "out": 157,
        "discarded": 99843,
        "Read1": {
            "basepairs_in": 30000000,
            "basepairs_out": 41605,
            "primerTrim": 157,
            "primerBpTrim": 5495
        },
        "Read2": {
            "basepairs_in": 30000000,
            "basepairs_out": 43018,
            "primerTrim": 157,
            "primerBpTrim": 4082
        }
    }
  }, {
    "Program_details": {
        "program": "hts_NTrimmer",
        "version": "1.3.2",
        "options": {
            "append-stats-file": "/nmspipeline//01-Processing/TRIMMER0091_P80/01-PrimerTrim/73-SMARTindex_HC_primers.log",
            "exclude": true,
            "force": false,
            "notes": "",
            "uncompressed": false
        }
    },
    "Fragment": {
        "in": 157,
        "out": 157,
        "basepairs_in": 84623,
        "basepairs_out": 84623
    },
    "Single_end": {
        "in": 0,
        "out": 0,
        "basepairs_in": 0,
        "basepairs_out": 0,
        "rightTrim": 0,
        "leftTrim": 0,
        "discarded": 0
    },
    "Paired_end": {
        "in": 157,
        "out": 157,
        "discarded": 0,
        "Read1": {
            "basepairs_in": 41605,
            "basepairs_out": 41605,
            "leftTrim": 0,
            "rightTrim": 0
        },
        "Read2": {
            "basepairs_in": 43018,
            "basepairs_out": 43018,
            "leftTrim": 0,
            "rightTrim": 0
        }
    }
  }, {
    "Program_details": {
        "program": "hts_SeqScreener",
        "version": "1.3.2",
        "options": {
            "append-stats-file": "/nmspipeline//01-Processing/TRIMMER0091_P80/01-PrimerTrim/73-SMARTindex_HC_primers.log",
            "check-read-2": true,
            "force": false,
            "inverse": false,
            "kmer": 21,
            "notes": "",
            "percentage-hits": 0.01,
            "record": true,
            "seq": "../aberrant_LC.fasta",
            "uncompressed": false
        },
        "screen_info": {
            "screenBP": 96,
            "lookupKmers": 8
        }
    },
    "Fragment": {
        "in": 157,
        "out": 157,
        "basepairs_in": 84623,
        "basepairs_out": 84623
    },
    "Single_end": {
        "in": 0,
        "out": 0,
        "basepairs_in": 0,
        "basepairs_out": 0,
        "hits": 0
    },
    "Paired_end": {
        "in": 157,
        "out": 157,
        "hits": 0,
        "Read1": {
            "basepairs_in": 41605,
            "basepairs_out": 41605
        },
        "Read2": {
            "basepairs_in": 43018,
            "basepairs_out": 43018
        }
    }
  }, {
    "Program_details": {
        "program": "hts_QWindowTrim",
        "version": "1.3.2",
        "options": {
            "append-stats-file": "/nmspipeline//01-Processing/TRIMMER0091_P80/01-PrimerTrim/73-SMARTindex_HC_primers.log",
            "avg-qual-score": 10,
            "force": false,
            "no-left": true,
            "no-right": false,
            "notes": "",
            "qual-offset": 33,
            "uncompressed": false,
            "window-size": 10
        }
    },
    "Fragment": {
        "in": 157,
        "out": 157,
        "basepairs_in": 84623,
        "basepairs_out": 84164
    },
    "Single_end": {
        "in": 0,
        "out": 0,
        "basepairs_in": 0,
        "basepairs_out": 0,
        "rightTrim": 0,
        "leftTrim": 0
    },
    "Paired_end": {
        "in": 157,
        "out": 157,
        "Read1": {
            "basepairs_in": 41605,
            "basepairs_out": 41462,
            "leftTrim": 0,
            "rightTrim": 143
        },
        "Read2": {
            "basepairs_in": 43018,
            "basepairs_out": 42702,
            "leftTrim": 0,
            "rightTrim": 316
        }
    }
  }, {
    "Program_details": {
        "program": "hts_Overlapper",
        "version": "1.3.2",
        "options": {
            "append-stats-file": "/nmspipeline//01-Processing/TRIMMER0091_P80/01-PrimerTrim/73-SMARTindex_HC_primers.log",
            "check-lengths": 20,
            "force": false,
            "force-pairs": false,
            "kmer": 8,
            "kmer-offset": 1,
            "max-mismatch": 100,
            "max-mismatch-errorDensity": 0.25,
            "min-overlap": 8,
            "notes": "",
            "number-of-threads": 1,
            "uncompressed": false
        }
    },
    "Fragment": {
        "in": 157,
        "out": 157,
        "basepairs_in": 84164,
        "basepairs_out": 66788,
        "inserts": {
            "short": 13,
            "medium": 130,
            "long": 14
        },
        "overlap_histogram": [ [31,1], [54,1], [60,1], [66,1], [68,1], [92,1], [118,1], [120,1], [124,1], [137,1], [174,1], [227,1], [229,1], [322,1], [394,1], [412,1], [416,2], [417,1], [430,1], [437,1], [439,1], [441,1], [442,1], [443,26], [444,3], [445,65], [446,5], [447,9], [448,1], [451,1], [466,1], [468,1], [470,1], [471,1], [472,2], [480,2], [504,1] ]
    },
    "Single_end": {
        "in": 0,
        "out": 143,
        "basepairs_in": 0,
        "basepairs_out": 59276
    },
    "Paired_end": {
        "in": 157,
        "out": 14,
        "Read1": {
            "basepairs_in": 41462,
            "basepairs_out": 3697
        },
        "Read2": {
            "basepairs_in": 42702,
            "basepairs_out": 3815
        }
    }
  }, {
    "Program_details": {
        "program": "hts_LengthFilter",
        "version": "1.3.2",
        "options": {
            "append-stats-file": "/nmspipeline//01-Processing/TRIMMER0091_P80/01-PrimerTrim/73-SMARTindex_HC_primers.log",
            "fastq-output": "/nmspipeline//01-Processing/TRIMMER0091_P80/01-PrimerTrim/73-SMARTindex_HC_primers",
            "force": true,
            "max-length": 0,
            "min-length": 385,
            "no-orphans": false,
            "notes": "",
            "stranded": false,
            "uncompressed": false
        }
    },
    "Fragment": {
        "in": 157,
        "out": 129,
        "basepairs_in": 66788,
        "basepairs_out": 57454
    },
    "Single_end": {
        "in": 143,
        "out": 129,
        "basepairs_in": 59276,
        "basepairs_out": 57454,
        "discarded": 14
    },
    "Paired_end": {
        "in": 14,
        "out": 0,
        "discarded": 14,
        "Read1": {
            "basepairs_in": 3697,
            "basepairs_out": 0,
            "discarded": 0
        },
        "Read2": {
            "basepairs_in": 3815,
            "basepairs_out": 0,
            "discarded": 0
        }
    }
  }
]
