[ {
    "Program_details": {
        "program": "hts_Primers",
        "version": "1.3.2",
        "options": {
            "flip": true,
            "float": 0,
            "force": false,
            "keep": false,
            "min_primer_matches": 2,
            "notes": "",
            "primer_end_mismatches": 0,
            "primer_mismatches": 0,
            "primers_3p": "../lc_primers.fasta",
            "primers_5p": "CGATCTACAGTGGTATCAACGCAGAGTACATGGGG",
            "read1-input": [ "/nmspipeline//01-Processing/TRIMMER0091_P80/00-RawData/TRIMMER_Plate80_S2_L001_R1_001_sub.fastq.gz"],
            "read2-input": [ "/nmspipeline//01-Processing/TRIMMER0091_P80/00-RawData/TRIMMER_Plate80_S2_L001_R2_001_sub.fastq.gz"],
            "stats-file": "/nmspipeline//01-Processing/TRIMMER0091_P80/01-PrimerTrim/74-SMARTindex_LC_primers.log",
            "uncompressed": false
        },
        "primers": [ ["p5primer1","CGATCTACAGTGGTATCAACGCAGAGTACATGGGG"], ["KaLC.6_REV_LC","GGATACAGTTGGTGCAGCATC"], ["LaLC.R-mIGL","ATCGTACACACCAGTGTGGC"], ["p5primer1","CGATCTACAGTGGTATCAACGCAGAGTACATGGGG"], ["KaLC.6_REV_LC","GGATACAGTTGGTGCAGCATC"], ["LaLC.R-mIGL","ATCGTACACACCAGTGTGGC"] ]
    },
    "Fragment": {
        "in": 100000,
        "out": 363,
        "basepairs_in": 60000000,
        "basepairs_out": 197473,
        "flipped": 140,
        "primers_counts": [ ["p5primer1","LaLC.R-mIGL",1], ["p5primer1","KaLC.6_REV_LC",362], ["p5primer1","None",629], ["None","LaLC.R-mIGL",603], ["None","None",47837], ["None","KaLC.6_REV_LC",50568] ]
    },
    "Single_end": {
        "in": 0,
        "out": 0,
        "basepairs_in": 0,
        "basepairs_out": 0,
        "primerTrim": 0,
        "primerBpTrim": 0,
        "discarded": 0
    },
    "Paired_end": {
        "in": 100000,
        "out": 363,
        "discarded": 99637,
        "Read1": {
            "basepairs_in": 30000000,
            "basepairs_out": 96195,
            "primerTrim": 363,
            "primerBpTrim": 12705
        },
        "Read2": {
            "basepairs_in": 30000000,
            "basepairs_out": 101278,
            "primerTrim": 363,
            "primerBpTrim": 7622
        }
    }
  }, {
    "Program_details": {
        "program": "hts_NTrimmer",
        "version": "1.3.2",
        "options": {
            "append-stats-file": "/nmspipeline//01-Processing/TRIMMER0091_P80/01-PrimerTrim/74-SMARTindex_LC_primers.log",
            "exclude": true,
            "force": false,
            "notes": "",
            "uncompressed": false
        }
    },
    "Fragment": {
        "in": 363,
        "out": 363,
        "basepairs_in": 197473,
        "basepairs_out": 197473
    },
    "Single_end": {
        "in": 0,
        "out": 0,
        "basepairs_in": 0,
        "basepairs_out": 0,
        "rightTrim": 0,
        "leftTrim": 0,
        "discarded": 0
    },
    "Paired_end": {
        "in": 363,
        "out": 363,
        "discarded": 0,
        "Read1": {
            "basepairs_in": 96195,
            "basepairs_out": 96195,
            "leftTrim": 0,
            "rightTrim": 0
        },
        "Read2": {
            "basepairs_in": 101278,
            "basepairs_out": 101278,
            "leftTrim": 0,
            "rightTrim": 0
        }
    }
  }, {
    "Program_details": {
        "program": "hts_SeqScreener",
        "version": "1.3.2",
        "options": {
            "append-stats-file": "/nmspipeline//01-Processing/TRIMMER0091_P80/01-PrimerTrim/74-SMARTindex_LC_primers.log",
            "check-read-2": true,
            "force": false,
            "inverse": false,
            "kmer": 21,
            "notes": "",
            "percentage-hits": 0.01,
            "record": true,
            "seq": "../aberrant_LC.fasta",
            "uncompressed": false
        },
        "screen_info": {
            "screenBP": 96,
            "lookupKmers": 8
        }
    },
    "Fragment": {
        "in": 363,
        "out": 363,
        "basepairs_in": 197473,
        "basepairs_out": 197473
    },
    "Single_end": {
        "in": 0,
        "out": 0,
        "basepairs_in": 0,
        "basepairs_out": 0,
        "hits": 0
    },
    "Paired_end": {
        "in": 363,
        "out": 363,
        "hits": 99,
        "Read1": {
            "basepairs_in": 96195,
            "basepairs_out": 96195
        },
        "Read2": {
            "basepairs_in": 101278,
            "basepairs_out": 101278
        }
    }
  }, {
    "Program_details": {
        "program": "hts_QWindowTrim",
        "version": "1.3.2",
        "options": {
            "append-stats-file": "/nmspipeline//01-Processing/TRIMMER0091_P80/01-PrimerTrim/74-SMARTindex_LC_primers.log",
            "avg-qual-score": 10,
            "force": false,
            "no-left": true,
            "no-right": false,
            "notes": "",
            "qual-offset": 33,
            "uncompressed": false,
            "window-size": 10
        }
    },
    "Fragment": {
        "in": 363,
        "out": 363,
        "basepairs_in": 197473,
        "basepairs_out": 196751
    },
    "Single_end": {
        "in": 0,
        "out": 0,
        "basepairs_in": 0,
        "basepairs_out": 0,
        "rightTrim": 0,
        "leftTrim": 0
    },
    "Paired_end": {
        "in": 363,
        "out": 363,
        "Read1": {
            "basepairs_in": 96195,
            "basepairs_out": 95916,
            "leftTrim": 0,
            "rightTrim": 279
        },
        "Read2": {
            "basepairs_in": 101278,
            "basepairs_out": 100835,
            "leftTrim": 0,
            "rightTrim": 443
        }
    }
  }, {
    "Program_details": {
        "program": "hts_Overlapper",
        "version": "1.3.2",
        "options": {
            "append-stats-file": "/nmspipeline//01-Processing/TRIMMER0091_P80/01-PrimerTrim/74-SMARTindex_LC_primers.log",
            "check-lengths": 20,
            "force": false,
            "force-pairs": false,
            "kmer": 8,
            "kmer-offset": 1,
            "max-mismatch": 100,
            "max-mismatch-errorDensity": 0.25,
            "min-overlap": 8,
            "notes": "",
            "number-of-threads": 1,
            "uncompressed": false
        }
    },
    "Fragment": {
        "in": 363,
        "out": 363,
        "basepairs_in": 196751,
        "basepairs_out": 142741,
        "inserts": {
            "short": 41,
            "medium": 302,
            "long": 20
        },
        "overlap_histogram": [ [15,1], [27,1], [32,3], [39,1], [48,1], [49,2], [63,1], [64,1], [74,1], [84,1], [86,1], [93,1], [99,1], [101,1], [108,1], [110,1], [112,1], [132,1], [140,1], [141,2], [142,1], [160,1], [162,1], [171,4], [172,1], [174,1], [204,1], [209,2], [225,1], [228,1], [231,1], [248,1], [264,1], [294,1], [295,3], [296,2], [324,1], [326,1], [330,1], [333,1], [350,1], [353,5], [378,1], [388,2], [389,1], [390,2], [391,1], [396,1], [397,1], [398,5], [399,9], [400,3], [403,1], [404,2], [405,1], [406,3], [407,6], [408,2], [412,2], [413,1], [416,7], [417,1], [418,34], [419,2], [420,1], [421,9], [422,11], [423,10], [424,2], [425,1], [426,1], [427,1], [429,1], [430,1], [432,99], [433,14], [435,21], [436,6], [437,1], [438,2], [439,1], [440,4], [441,2], [445,1], [448,1], [453,7], [457,1] ]
    },
    "Single_end": {
        "in": 0,
        "out": 343,
        "basepairs_in": 0,
        "basepairs_out": 131940
    },
    "Paired_end": {
        "in": 363,
        "out": 20,
        "Read1": {
            "basepairs_in": 95916,
            "basepairs_out": 5271
        },
        "Read2": {
            "basepairs_in": 100835,
            "basepairs_out": 5530
        }
    }
  }, {
    "Program_details": {
        "program": "hts_LengthFilter",
        "version": "1.3.2",
        "options": {
            "append-stats-file": "/nmspipeline//01-Processing/TRIMMER0091_P80/01-PrimerTrim/74-SMARTindex_LC_primers.log",
            "fastq-output": "/nmspipeline//01-Processing/TRIMMER0091_P80/01-PrimerTrim/74-SMARTindex_LC_primers",
            "force": true,
            "max-length": 0,
            "min-length": 385,
            "no-orphans": false,
            "notes": "",
            "stranded": false,
            "uncompressed": false
        }
    },
    "Fragment": {
        "in": 363,
        "out": 285,
        "basepairs_in": 142741,
        "basepairs_out": 121180
    },
    "Single_end": {
        "in": 343,
        "out": 285,
        "basepairs_in": 131940,
        "basepairs_out": 121180,
        "discarded": 58
    },
    "Paired_end": {
        "in": 20,
        "out": 0,
        "discarded": 20,
        "Read1": {
            "basepairs_in": 5271,
            "basepairs_out": 0,
            "discarded": 0
        },
        "Read2": {
            "basepairs_in": 5530,
            "basepairs_out": 0,
            "discarded": 0
        }
    }
  }
]
