[ {
    "Program_details": {
        "program": "hts_Primers",
        "version": "1.3.2",
        "options": {
            "flip": true,
            "float": 0,
            "force": false,
            "keep": false,
            "min_primer_matches": 2,
            "notes": "",
            "primer_end_mismatches": 0,
            "primer_mismatches": 0,
            "primers_3p": "../hc_primers.fasta",
            "primers_5p": "CGATCTACAGTGGTATCAACGCAGAGTACATGGGG",
            "read1-input": [ "/nmspipeline//01-Processing/TRIMMER0091_P80/00-RawData/TRIMMER_Plate80_S2_L001_R1_001_sub.fastq.gz"],
            "read2-input": [ "/nmspipeline//01-Processing/TRIMMER0091_P80/00-RawData/TRIMMER_Plate80_S2_L001_R2_001_sub.fastq.gz"],
            "stats-file": "/nmspipeline//01-Processing/TRIMMER0091_P80/01-PrimerTrim/74-SMARTindex_HC_primers.log",
            "uncompressed": false
        },
        "primers": [ ["p5primer1","CGATCTACAGTGGTATCAACGCAGAGTACATGGGG"], ["Ga3.10for_mIGH3","GGATAGACAGATGGGGCTGTTGTTGT"], ["Ga12HC.10_REV_CHI","ATAGACAGATGGGGGTGTCGTTTTGG"], ["p5primer1","CGATCTACAGTGGTATCAACGCAGAGTACATGGGG"], ["Ga3.10for_mIGH3","GGATAGACAGATGGGGCTGTTGTTGT"], ["Ga12HC.10_REV_CHI","ATAGACAGATGGGGGTGTCGTTTTGG"] ]
    },
    "Fragment": {
        "in": 100000,
        "out": 457,
        "basepairs_in": 60000000,
        "basepairs_out": 246323,
        "flipped": 216,
        "primers_counts": [ ["p5primer1","Ga12HC.10_REV_CHI",456], ["p5primer1","Ga3.10for_mIGH3",1], ["None","Ga3.10for_mIGH3",1141], ["p5primer1","None",535], ["None","Ga12HC.10_REV_CHI",27691], ["None","None",70176] ]
    },
    "Single_end": {
        "in": 0,
        "out": 0,
        "basepairs_in": 0,
        "basepairs_out": 0,
        "primerTrim": 0,
        "primerBpTrim": 0,
        "discarded": 0
    },
    "Paired_end": {
        "in": 100000,
        "out": 457,
        "discarded": 99543,
        "Read1": {
            "basepairs_in": 30000000,
            "basepairs_out": 121105,
            "primerTrim": 457,
            "primerBpTrim": 15995
        },
        "Read2": {
            "basepairs_in": 30000000,
            "basepairs_out": 125218,
            "primerTrim": 457,
            "primerBpTrim": 11882
        }
    }
  }, {
    "Program_details": {
        "program": "hts_NTrimmer",
        "version": "1.3.2",
        "options": {
            "append-stats-file": "/nmspipeline//01-Processing/TRIMMER0091_P80/01-PrimerTrim/74-SMARTindex_HC_primers.log",
            "exclude": true,
            "force": false,
            "notes": "",
            "uncompressed": false
        }
    },
    "Fragment": {
        "in": 457,
        "out": 457,
        "basepairs_in": 246323,
        "basepairs_out": 246323
    },
    "Single_end": {
        "in": 0,
        "out": 0,
        "basepairs_in": 0,
        "basepairs_out": 0,
        "rightTrim": 0,
        "leftTrim": 0,
        "discarded": 0
    },
    "Paired_end": {
        "in": 457,
        "out": 457,
        "discarded": 0,
        "Read1": {
            "basepairs_in": 121105,
            "basepairs_out": 121105,
            "leftTrim": 0,
            "rightTrim": 0
        },
        "Read2": {
            "basepairs_in": 125218,
            "basepairs_out": 125218,
            "leftTrim": 0,
            "rightTrim": 0
        }
    }
  }, {
    "Program_details": {
        "program": "hts_SeqScreener",
        "version": "1.3.2",
        "options": {
            "append-stats-file": "/nmspipeline//01-Processing/TRIMMER0091_P80/01-PrimerTrim/74-SMARTindex_HC_primers.log",
            "check-read-2": true,
            "force": false,
            "inverse": false,
            "kmer": 21,
            "notes": "",
            "percentage-hits": 0.01,
            "record": true,
            "seq": "../aberrant_LC.fasta",
            "uncompressed": false
        },
        "screen_info": {
            "screenBP": 96,
            "lookupKmers": 8
        }
    },
    "Fragment": {
        "in": 457,
        "out": 457,
        "basepairs_in": 246323,
        "basepairs_out": 246323
    },
    "Single_end": {
        "in": 0,
        "out": 0,
        "basepairs_in": 0,
        "basepairs_out": 0,
        "hits": 0
    },
    "Paired_end": {
        "in": 457,
        "out": 457,
        "hits": 0,
        "Read1": {
            "basepairs_in": 121105,
            "basepairs_out": 121105
        },
        "Read2": {
            "basepairs_in": 125218,
            "basepairs_out": 125218
        }
    }
  }, {
    "Program_details": {
        "program": "hts_QWindowTrim",
        "version": "1.3.2",
        "options": {
            "append-stats-file": "/nmspipeline//01-Processing/TRIMMER0091_P80/01-PrimerTrim/74-SMARTindex_HC_primers.log",
            "avg-qual-score": 10,
            "force": false,
            "no-left": true,
            "no-right": false,
            "notes": "",
            "qual-offset": 33,
            "uncompressed": false,
            "window-size": 10
        }
    },
    "Fragment": {
        "in": 457,
        "out": 457,
        "basepairs_in": 246323,
        "basepairs_out": 245786
    },
    "Single_end": {
        "in": 0,
        "out": 0,
        "basepairs_in": 0,
        "basepairs_out": 0,
        "rightTrim": 0,
        "leftTrim": 0
    },
    "Paired_end": {
        "in": 457,
        "out": 457,
        "Read1": {
            "basepairs_in": 121105,
            "basepairs_out": 120798,
            "leftTrim": 0,
            "rightTrim": 307
        },
        "Read2": {
            "basepairs_in": 125218,
            "basepairs_out": 124988,
            "leftTrim": 0,
            "rightTrim": 230
        }
    }
  }, {
    "Program_details": {
        "program": "hts_Overlapper",
        "version": "1.3.2",
        "options": {
            "append-stats-file": "/nmspipeline//01-Processing/TRIMMER0091_P80/01-PrimerTrim/74-SMARTindex_HC_primers.log",
            "check-lengths": 20,
            "force": false,
            "force-pairs": false,
            "kmer": 8,
            "kmer-offset": 1,
            "max-mismatch": 100,
            "max-mismatch-errorDensity": 0.25,
            "min-overlap": 8,
            "notes": "",
            "number-of-threads": 1,
            "uncompressed": false
        }
    },
    "Fragment": {
        "in": 457,
        "out": 457,
        "basepairs_in": 245786,
        "basepairs_out": 202774,
        "inserts": {
            "short": 20,
            "medium": 401,
            "long": 36
        },
        "overlap_histogram": [ [16,1], [32,1], [48,1], [52,1], [61,1], [71,1], [82,1], [84,1], [85,1], [111,1], [115,2], [156,1], [163,1], [171,1], [191,1], [198,1], [213,1], [251,1], [256,1], [304,1], [307,1], [313,1], [315,2], [323,1], [361,1], [400,1], [401,3], [402,1], [407,2], [413,1], [419,1], [434,1], [441,1], [442,1], [443,117], [444,40], [445,21], [446,10], [447,5], [453,2], [455,1], [456,1], [459,1], [463,6], [464,12], [465,85], [466,8], [467,1], [468,37], [469,6], [470,20], [471,5], [472,2], [474,1], [476,1] ]
    },
    "Single_end": {
        "in": 0,
        "out": 421,
        "basepairs_in": 0,
        "basepairs_out": 183429
    },
    "Paired_end": {
        "in": 457,
        "out": 36,
        "Read1": {
            "basepairs_in": 120798,
            "basepairs_out": 9504
        },
        "Read2": {
            "basepairs_in": 124988,
            "basepairs_out": 9841
        }
    }
  }, {
    "Program_details": {
        "program": "hts_LengthFilter",
        "version": "1.3.2",
        "options": {
            "append-stats-file": "/nmspipeline//01-Processing/TRIMMER0091_P80/01-PrimerTrim/74-SMARTindex_HC_primers.log",
            "fastq-output": "/nmspipeline//01-Processing/TRIMMER0091_P80/01-PrimerTrim/74-SMARTindex_HC_primers",
            "force": true,
            "max-length": 0,
            "min-length": 385,
            "no-orphans": false,
            "notes": "",
            "stranded": false,
            "uncompressed": false
        }
    },
    "Fragment": {
        "in": 457,
        "out": 394,
        "basepairs_in": 202774,
        "basepairs_out": 178720
    },
    "Single_end": {
        "in": 421,
        "out": 394,
        "basepairs_in": 183429,
        "basepairs_out": 178720,
        "discarded": 27
    },
    "Paired_end": {
        "in": 36,
        "out": 0,
        "discarded": 36,
        "Read1": {
            "basepairs_in": 9504,
            "basepairs_out": 0,
            "discarded": 0
        },
        "Read2": {
            "basepairs_in": 9841,
            "basepairs_out": 0,
            "discarded": 0
        }
    }
  }
]
