[ {
    "Program_details": {
        "program": "hts_Primers",
        "version": "1.3.2",
        "options": {
            "flip": true,
            "float": 0,
            "force": false,
            "keep": false,
            "min_primer_matches": 2,
            "notes": "",
            "primer_end_mismatches": 0,
            "primer_mismatches": 0,
            "primers_3p": "../lc_primers.fasta",
            "primers_5p": "CGTCGCACAGTGGTATCAACGCAGAGTACATGGGG",
            "read1-input": [ "/nmspipeline//01-Processing/TRIMMER0091_P80/00-RawData/TRIMMER_Plate80_S2_L001_R1_001_sub.fastq.gz"],
            "read2-input": [ "/nmspipeline//01-Processing/TRIMMER0091_P80/00-RawData/TRIMMER_Plate80_S2_L001_R2_001_sub.fastq.gz"],
            "stats-file": "/nmspipeline//01-Processing/TRIMMER0091_P80/01-PrimerTrim/75-SMARTindex_LC_primers.log",
            "uncompressed": false
        },
        "primers": [ ["p5primer1","CGTCGCACAGTGGTATCAACGCAGAGTACATGGGG"], ["KaLC.6_REV_LC","GGATACAGTTGGTGCAGCATC"], ["LaLC.R-mIGL","ATCGTACACACCAGTGTGGC"], ["p5primer1","CGTCGCACAGTGGTATCAACGCAGAGTACATGGGG"], ["KaLC.6_REV_LC","GGATACAGTTGGTGCAGCATC"], ["LaLC.R-mIGL","ATCGTACACACCAGTGTGGC"] ]
    },
    "Fragment": {
        "in": 100000,
        "out": 795,
        "basepairs_in": 60000000,
        "basepairs_out": 432483,
        "flipped": 386,
        "primers_counts": [ ["p5primer1","LaLC.R-mIGL",3], ["p5primer1","None",843], ["p5primer1","KaLC.6_REV_LC",792], ["None","LaLC.R-mIGL",601], ["None","None",47623], ["None","KaLC.6_REV_LC",50138] ]
    },
    "Single_end": {
        "in": 0,
        "out": 0,
        "basepairs_in": 0,
        "basepairs_out": 0,
        "primerTrim": 0,
        "primerBpTrim": 0,
        "discarded": 0
    },
    "Paired_end": {
        "in": 100000,
        "out": 795,
        "discarded": 99205,
        "Read1": {
            "basepairs_in": 30000000,
            "basepairs_out": 210675,
            "primerTrim": 795,
            "primerBpTrim": 27825
        },
        "Read2": {
            "basepairs_in": 30000000,
            "basepairs_out": 221808,
            "primerTrim": 795,
            "primerBpTrim": 16692
        }
    }
  }, {
    "Program_details": {
        "program": "hts_NTrimmer",
        "version": "1.3.2",
        "options": {
            "append-stats-file": "/nmspipeline//01-Processing/TRIMMER0091_P80/01-PrimerTrim/75-SMARTindex_LC_primers.log",
            "exclude": true,
            "force": false,
            "notes": "",
            "uncompressed": false
        }
    },
    "Fragment": {
        "in": 795,
        "out": 795,
        "basepairs_in": 432483,
        "basepairs_out": 432483
    },
    "Single_end": {
        "in": 0,
        "out": 0,
        "basepairs_in": 0,
        "basepairs_out": 0,
        "rightTrim": 0,
        "leftTrim": 0,
        "discarded": 0
    },
    "Paired_end": {
        "in": 795,
        "out": 795,
        "discarded": 0,
        "Read1": {
            "basepairs_in": 210675,
            "basepairs_out": 210675,
            "leftTrim": 0,
            "rightTrim": 0
        },
        "Read2": {
            "basepairs_in": 221808,
            "basepairs_out": 221808,
            "leftTrim": 0,
            "rightTrim": 0
        }
    }
  }, {
    "Program_details": {
        "program": "hts_SeqScreener",
        "version": "1.3.2",
        "options": {
            "append-stats-file": "/nmspipeline//01-Processing/TRIMMER0091_P80/01-PrimerTrim/75-SMARTindex_LC_primers.log",
            "check-read-2": true,
            "force": false,
            "inverse": false,
            "kmer": 21,
            "notes": "",
            "percentage-hits": 0.01,
            "record": true,
            "seq": "../aberrant_LC.fasta",
            "uncompressed": false
        },
        "screen_info": {
            "screenBP": 96,
            "lookupKmers": 8
        }
    },
    "Fragment": {
        "in": 795,
        "out": 795,
        "basepairs_in": 432483,
        "basepairs_out": 432483
    },
    "Single_end": {
        "in": 0,
        "out": 0,
        "basepairs_in": 0,
        "basepairs_out": 0,
        "hits": 0
    },
    "Paired_end": {
        "in": 795,
        "out": 795,
        "hits": 208,
        "Read1": {
            "basepairs_in": 210675,
            "basepairs_out": 210675
        },
        "Read2": {
            "basepairs_in": 221808,
            "basepairs_out": 221808
        }
    }
  }, {
    "Program_details": {
        "program": "hts_QWindowTrim",
        "version": "1.3.2",
        "options": {
            "append-stats-file": "/nmspipeline//01-Processing/TRIMMER0091_P80/01-PrimerTrim/75-SMARTindex_LC_primers.log",
            "avg-qual-score": 10,
            "force": false,
            "no-left": true,
            "no-right": false,
            "notes": "",
            "qual-offset": 33,
            "uncompressed": false,
            "window-size": 10
        }
    },
    "Fragment": {
        "in": 795,
        "out": 795,
        "basepairs_in": 432483,
        "basepairs_out": 429628
    },
    "Single_end": {
        "in": 0,
        "out": 0,
        "basepairs_in": 0,
        "basepairs_out": 0,
        "rightTrim": 0,
        "leftTrim": 0
    },
    "Paired_end": {
        "in": 795,
        "out": 795,
        "Read1": {
            "basepairs_in": 210675,
            "basepairs_out": 209556,
            "leftTrim": 0,
            "rightTrim": 1119
        },
        "Read2": {
            "basepairs_in": 221808,
            "basepairs_out": 220072,
            "leftTrim": 0,
            "rightTrim": 1736
        }
    }
  }, {
    "Program_details": {
        "program": "hts_Overlapper",
        "version": "1.3.2",
        "options": {
            "append-stats-file": "/nmspipeline//01-Processing/TRIMMER0091_P80/01-PrimerTrim/75-SMARTindex_LC_primers.log",
            "check-lengths": 20,
            "force": false,
            "force-pairs": false,
            "kmer": 8,
            "kmer-offset": 1,
            "max-mismatch": 100,
            "max-mismatch-errorDensity": 0.25,
            "min-overlap": 8,
            "notes": "",
            "number-of-threads": 1,
            "uncompressed": false
        }
    },
    "Fragment": {
        "in": 795,
        "out": 795,
        "basepairs_in": 429628,
        "basepairs_out": 306170,
        "inserts": {
            "short": 133,
            "medium": 588,
            "long": 74
        },
        "overlap_histogram": [ [15,1], [17,1], [19,1], [25,1], [26,1], [27,1], [28,3], [31,1], [32,1], [36,1], [40,2], [42,3], [44,1], [45,1], [46,1], [47,1], [48,3], [49,3], [50,4], [51,1], [55,1], [56,1], [62,1], [65,1], [66,1], [67,6], [68,2], [70,1], [73,1], [77,1], [79,1], [82,3], [83,6], [86,2], [87,1], [88,3], [89,1], [90,2], [91,3], [95,1], [99,2], [100,4], [101,3], [107,1], [112,1], [113,2], [117,1], [127,2], [136,1], [144,1], [147,1], [149,1], [153,2], [157,3], [160,1], [164,1], [197,1], [201,3], [205,1], [213,1], [224,1], [228,1], [231,1], [236,2], [238,1], [239,1], [241,3], [242,3], [247,1], [248,1], [250,2], [255,3], [258,4], [259,4], [268,1], [297,1], [300,2], [302,1], [323,1], [338,1], [349,1], [355,1], [356,1], [359,1], [361,1], [381,1], [387,1], [391,1], [395,1], [396,1], [397,1], [398,7], [399,16], [400,11], [401,2], [402,5], [403,14], [406,1], [408,1], [412,1], [417,1], [418,33], [420,5], [421,9], [422,72], [423,39], [424,15], [425,16], [426,19], [427,108], [428,33], [430,1], [431,1], [433,1], [436,1], [437,2], [438,1], [440,8], [441,35], [442,2], [443,2], [444,18], [445,79], [446,5], [447,5], [516,1], [534,1] ]
    },
    "Single_end": {
        "in": 0,
        "out": 721,
        "basepairs_in": 0,
        "basepairs_out": 266217
    },
    "Paired_end": {
        "in": 795,
        "out": 74,
        "Read1": {
            "basepairs_in": 209556,
            "basepairs_out": 19535
        },
        "Read2": {
            "basepairs_in": 220072,
            "basepairs_out": 20418
        }
    }
  }, {
    "Program_details": {
        "program": "hts_LengthFilter",
        "version": "1.3.2",
        "options": {
            "append-stats-file": "/nmspipeline//01-Processing/TRIMMER0091_P80/01-PrimerTrim/75-SMARTindex_LC_primers.log",
            "fastq-output": "/nmspipeline//01-Processing/TRIMMER0091_P80/01-PrimerTrim/75-SMARTindex_LC_primers",
            "force": true,
            "max-length": 0,
            "min-length": 385,
            "no-orphans": false,
            "notes": "",
            "stranded": false,
            "uncompressed": false
        }
    },
    "Fragment": {
        "in": 795,
        "out": 576,
        "basepairs_in": 306170,
        "basepairs_out": 246120
    },
    "Single_end": {
        "in": 721,
        "out": 576,
        "basepairs_in": 266217,
        "basepairs_out": 246120,
        "discarded": 145
    },
    "Paired_end": {
        "in": 74,
        "out": 0,
        "discarded": 74,
        "Read1": {
            "basepairs_in": 19535,
            "basepairs_out": 0,
            "discarded": 0
        },
        "Read2": {
            "basepairs_in": 20418,
            "basepairs_out": 0,
            "discarded": 0
        }
    }
  }
]
