[ {
    "Program_details": {
        "program": "hts_Primers",
        "version": "1.3.2",
        "options": {
            "flip": true,
            "float": 0,
            "force": false,
            "keep": false,
            "min_primer_matches": 2,
            "notes": "",
            "primer_end_mismatches": 0,
            "primer_mismatches": 0,
            "primers_3p": "../hc_primers.fasta",
            "primers_5p": "CGTCGCACAGTGGTATCAACGCAGAGTACATGGGG",
            "read1-input": [ "/nmspipeline//01-Processing/TRIMMER0091_P80/00-RawData/TRIMMER_Plate80_S2_L001_R1_001_sub.fastq.gz"],
            "read2-input": [ "/nmspipeline//01-Processing/TRIMMER0091_P80/00-RawData/TRIMMER_Plate80_S2_L001_R2_001_sub.fastq.gz"],
            "stats-file": "/nmspipeline//01-Processing/TRIMMER0091_P80/01-PrimerTrim/75-SMARTindex_HC_primers.log",
            "uncompressed": false
        },
        "primers": [ ["p5primer1","CGTCGCACAGTGGTATCAACGCAGAGTACATGGGG"], ["Ga3.10for_mIGH3","GGATAGACAGATGGGGCTGTTGTTGT"], ["Ga12HC.10_REV_CHI","ATAGACAGATGGGGGTGTCGTTTTGG"], ["p5primer1","CGTCGCACAGTGGTATCAACGCAGAGTACATGGGG"], ["Ga3.10for_mIGH3","GGATAGACAGATGGGGCTGTTGTTGT"], ["Ga12HC.10_REV_CHI","ATAGACAGATGGGGGTGTCGTTTTGG"] ]
    },
    "Fragment": {
        "in": 100000,
        "out": 588,
        "basepairs_in": 60000000,
        "basepairs_out": 316932,
        "flipped": 305,
        "primers_counts": [ ["p5primer1","Ga3.10for_mIGH3",1], ["None","Ga3.10for_mIGH3",1141], ["p5primer1","Ga12HC.10_REV_CHI",587], ["p5primer1","None",1050], ["None","Ga12HC.10_REV_CHI",27560], ["None","None",69661] ]
    },
    "Single_end": {
        "in": 0,
        "out": 0,
        "basepairs_in": 0,
        "basepairs_out": 0,
        "primerTrim": 0,
        "primerBpTrim": 0,
        "discarded": 0
    },
    "Paired_end": {
        "in": 100000,
        "out": 588,
        "discarded": 99412,
        "Read1": {
            "basepairs_in": 30000000,
            "basepairs_out": 155820,
            "primerTrim": 588,
            "primerBpTrim": 20580
        },
        "Read2": {
            "basepairs_in": 30000000,
            "basepairs_out": 161112,
            "primerTrim": 588,
            "primerBpTrim": 15288
        }
    }
  }, {
    "Program_details": {
        "program": "hts_NTrimmer",
        "version": "1.3.2",
        "options": {
            "append-stats-file": "/nmspipeline//01-Processing/TRIMMER0091_P80/01-PrimerTrim/75-SMARTindex_HC_primers.log",
            "exclude": true,
            "force": false,
            "notes": "",
            "uncompressed": false
        }
    },
    "Fragment": {
        "in": 588,
        "out": 588,
        "basepairs_in": 316932,
        "basepairs_out": 316932
    },
    "Single_end": {
        "in": 0,
        "out": 0,
        "basepairs_in": 0,
        "basepairs_out": 0,
        "rightTrim": 0,
        "leftTrim": 0,
        "discarded": 0
    },
    "Paired_end": {
        "in": 588,
        "out": 588,
        "discarded": 0,
        "Read1": {
            "basepairs_in": 155820,
            "basepairs_out": 155820,
            "leftTrim": 0,
            "rightTrim": 0
        },
        "Read2": {
            "basepairs_in": 161112,
            "basepairs_out": 161112,
            "leftTrim": 0,
            "rightTrim": 0
        }
    }
  }, {
    "Program_details": {
        "program": "hts_SeqScreener",
        "version": "1.3.2",
        "options": {
            "append-stats-file": "/nmspipeline//01-Processing/TRIMMER0091_P80/01-PrimerTrim/75-SMARTindex_HC_primers.log",
            "check-read-2": true,
            "force": false,
            "inverse": false,
            "kmer": 21,
            "notes": "",
            "percentage-hits": 0.01,
            "record": true,
            "seq": "../aberrant_LC.fasta",
            "uncompressed": false
        },
        "screen_info": {
            "screenBP": 96,
            "lookupKmers": 8
        }
    },
    "Fragment": {
        "in": 588,
        "out": 588,
        "basepairs_in": 316932,
        "basepairs_out": 316932
    },
    "Single_end": {
        "in": 0,
        "out": 0,
        "basepairs_in": 0,
        "basepairs_out": 0,
        "hits": 0
    },
    "Paired_end": {
        "in": 588,
        "out": 588,
        "hits": 0,
        "Read1": {
            "basepairs_in": 155820,
            "basepairs_out": 155820
        },
        "Read2": {
            "basepairs_in": 161112,
            "basepairs_out": 161112
        }
    }
  }, {
    "Program_details": {
        "program": "hts_QWindowTrim",
        "version": "1.3.2",
        "options": {
            "append-stats-file": "/nmspipeline//01-Processing/TRIMMER0091_P80/01-PrimerTrim/75-SMARTindex_HC_primers.log",
            "avg-qual-score": 10,
            "force": false,
            "no-left": true,
            "no-right": false,
            "notes": "",
            "qual-offset": 33,
            "uncompressed": false,
            "window-size": 10
        }
    },
    "Fragment": {
        "in": 588,
        "out": 588,
        "basepairs_in": 316932,
        "basepairs_out": 315965
    },
    "Single_end": {
        "in": 0,
        "out": 0,
        "basepairs_in": 0,
        "basepairs_out": 0,
        "rightTrim": 0,
        "leftTrim": 0
    },
    "Paired_end": {
        "in": 588,
        "out": 588,
        "Read1": {
            "basepairs_in": 155820,
            "basepairs_out": 155167,
            "leftTrim": 0,
            "rightTrim": 653
        },
        "Read2": {
            "basepairs_in": 161112,
            "basepairs_out": 160798,
            "leftTrim": 0,
            "rightTrim": 314
        }
    }
  }, {
    "Program_details": {
        "program": "hts_Overlapper",
        "version": "1.3.2",
        "options": {
            "append-stats-file": "/nmspipeline//01-Processing/TRIMMER0091_P80/01-PrimerTrim/75-SMARTindex_HC_primers.log",
            "check-lengths": 20,
            "force": false,
            "force-pairs": false,
            "kmer": 8,
            "kmer-offset": 1,
            "max-mismatch": 100,
            "max-mismatch-errorDensity": 0.25,
            "min-overlap": 8,
            "notes": "",
            "number-of-threads": 1,
            "uncompressed": false
        }
    },
    "Fragment": {
        "in": 588,
        "out": 588,
        "basepairs_in": 315965,
        "basepairs_out": 254172,
        "inserts": {
            "short": 48,
            "medium": 504,
            "long": 36
        },
        "overlap_histogram": [ [13,1], [18,1], [23,1], [24,1], [32,1], [35,1], [43,1], [44,1], [47,1], [48,2], [49,1], [59,1], [65,3], [67,1], [68,1], [72,1], [78,1], [84,1], [85,2], [87,1], [89,1], [92,1], [98,1], [106,1], [107,1], [109,3], [116,1], [121,1], [125,1], [130,1], [142,1], [156,1], [177,2], [186,1], [193,1], [214,1], [223,1], [228,1], [235,1], [245,1], [272,1], [276,4], [277,1], [309,1], [319,1], [324,1], [330,1], [360,1], [363,1], [366,1], [369,1], [371,2], [394,1], [395,1], [400,1], [401,2], [418,1], [422,1], [425,1], [427,1], [428,4], [431,8], [433,1], [435,1], [437,1], [438,1], [448,1], [449,3], [452,1], [454,1], [455,4], [456,2], [457,56], [458,1], [459,8], [460,96], [461,8], [462,44], [463,29], [464,121], [465,70], [466,10], [467,2], [468,1], [469,3], [470,1], [471,1], [490,1] ]
    },
    "Single_end": {
        "in": 0,
        "out": 552,
        "basepairs_in": 0,
        "basepairs_out": 234864
    },
    "Paired_end": {
        "in": 588,
        "out": 36,
        "Read1": {
            "basepairs_in": 155167,
            "basepairs_out": 9459
        },
        "Read2": {
            "basepairs_in": 160798,
            "basepairs_out": 9849
        }
    }
  }, {
    "Program_details": {
        "program": "hts_LengthFilter",
        "version": "1.3.2",
        "options": {
            "append-stats-file": "/nmspipeline//01-Processing/TRIMMER0091_P80/01-PrimerTrim/75-SMARTindex_HC_primers.log",
            "fastq-output": "/nmspipeline//01-Processing/TRIMMER0091_P80/01-PrimerTrim/75-SMARTindex_HC_primers",
            "force": true,
            "max-length": 0,
            "min-length": 385,
            "no-orphans": false,
            "notes": "",
            "stranded": false,
            "uncompressed": false
        }
    },
    "Fragment": {
        "in": 588,
        "out": 489,
        "basepairs_in": 254172,
        "basepairs_out": 224938
    },
    "Single_end": {
        "in": 552,
        "out": 489,
        "basepairs_in": 234864,
        "basepairs_out": 224938,
        "discarded": 63
    },
    "Paired_end": {
        "in": 36,
        "out": 0,
        "discarded": 36,
        "Read1": {
            "basepairs_in": 9459,
            "basepairs_out": 0,
            "discarded": 0
        },
        "Read2": {
            "basepairs_in": 9849,
            "basepairs_out": 0,
            "discarded": 0
        }
    }
  }
]
