[ {
    "Program_details": {
        "program": "hts_Primers",
        "version": "1.3.2",
        "options": {
            "flip": true,
            "float": 0,
            "force": false,
            "keep": false,
            "min_primer_matches": 2,
            "notes": "",
            "primer_end_mismatches": 0,
            "primer_mismatches": 0,
            "primers_3p": "../hc_primers.fasta",
            "primers_5p": "ATGGCGACAGTGGTATCAACGCAGAGTACATGGGG",
            "read1-input": [ "/nmspipeline//01-Processing/TRIMMER0091_P80/00-RawData/TRIMMER_Plate80_S2_L001_R1_001_sub.fastq.gz"],
            "read2-input": [ "/nmspipeline//01-Processing/TRIMMER0091_P80/00-RawData/TRIMMER_Plate80_S2_L001_R2_001_sub.fastq.gz"],
            "stats-file": "/nmspipeline//01-Processing/TRIMMER0091_P80/01-PrimerTrim/76-SMARTindex_HC_primers.log",
            "uncompressed": false
        },
        "primers": [ ["p5primer1","ATGGCGACAGTGGTATCAACGCAGAGTACATGGGG"], ["Ga3.10for_mIGH3","GGATAGACAGATGGGGCTGTTGTTGT"], ["Ga12HC.10_REV_CHI","ATAGACAGATGGGGGTGTCGTTTTGG"], ["p5primer1","ATGGCGACAGTGGTATCAACGCAGAGTACATGGGG"], ["Ga3.10for_mIGH3","GGATAGACAGATGGGGCTGTTGTTGT"], ["Ga12HC.10_REV_CHI","ATAGACAGATGGGGGTGTCGTTTTGG"] ]
    },
    "Fragment": {
        "in": 100000,
        "out": 169,
        "basepairs_in": 60000000,
        "basepairs_out": 91091,
        "flipped": 82,
        "primers_counts": [ ["p5primer1","Ga12HC.10_REV_CHI",168], ["p5primer1","Ga3.10for_mIGH3",1], ["None","Ga3.10for_mIGH3",1141], ["p5primer1","None",423], ["None","Ga12HC.10_REV_CHI",27979], ["None","None",70288] ]
    },
    "Single_end": {
        "in": 0,
        "out": 0,
        "basepairs_in": 0,
        "basepairs_out": 0,
        "primerTrim": 0,
        "primerBpTrim": 0,
        "discarded": 0
    },
    "Paired_end": {
        "in": 100000,
        "out": 169,
        "discarded": 99831,
        "Read1": {
            "basepairs_in": 30000000,
            "basepairs_out": 44785,
            "primerTrim": 169,
            "primerBpTrim": 5915
        },
        "Read2": {
            "basepairs_in": 30000000,
            "basepairs_out": 46306,
            "primerTrim": 169,
            "primerBpTrim": 4394
        }
    }
  }, {
    "Program_details": {
        "program": "hts_NTrimmer",
        "version": "1.3.2",
        "options": {
            "append-stats-file": "/nmspipeline//01-Processing/TRIMMER0091_P80/01-PrimerTrim/76-SMARTindex_HC_primers.log",
            "exclude": true,
            "force": false,
            "notes": "",
            "uncompressed": false
        }
    },
    "Fragment": {
        "in": 169,
        "out": 169,
        "basepairs_in": 91091,
        "basepairs_out": 91091
    },
    "Single_end": {
        "in": 0,
        "out": 0,
        "basepairs_in": 0,
        "basepairs_out": 0,
        "rightTrim": 0,
        "leftTrim": 0,
        "discarded": 0
    },
    "Paired_end": {
        "in": 169,
        "out": 169,
        "discarded": 0,
        "Read1": {
            "basepairs_in": 44785,
            "basepairs_out": 44785,
            "leftTrim": 0,
            "rightTrim": 0
        },
        "Read2": {
            "basepairs_in": 46306,
            "basepairs_out": 46306,
            "leftTrim": 0,
            "rightTrim": 0
        }
    }
  }, {
    "Program_details": {
        "program": "hts_SeqScreener",
        "version": "1.3.2",
        "options": {
            "append-stats-file": "/nmspipeline//01-Processing/TRIMMER0091_P80/01-PrimerTrim/76-SMARTindex_HC_primers.log",
            "check-read-2": true,
            "force": false,
            "inverse": false,
            "kmer": 21,
            "notes": "",
            "percentage-hits": 0.01,
            "record": true,
            "seq": "../aberrant_LC.fasta",
            "uncompressed": false
        },
        "screen_info": {
            "screenBP": 96,
            "lookupKmers": 8
        }
    },
    "Fragment": {
        "in": 169,
        "out": 169,
        "basepairs_in": 91091,
        "basepairs_out": 91091
    },
    "Single_end": {
        "in": 0,
        "out": 0,
        "basepairs_in": 0,
        "basepairs_out": 0,
        "hits": 0
    },
    "Paired_end": {
        "in": 169,
        "out": 169,
        "hits": 0,
        "Read1": {
            "basepairs_in": 44785,
            "basepairs_out": 44785
        },
        "Read2": {
            "basepairs_in": 46306,
            "basepairs_out": 46306
        }
    }
  }, {
    "Program_details": {
        "program": "hts_QWindowTrim",
        "version": "1.3.2",
        "options": {
            "append-stats-file": "/nmspipeline//01-Processing/TRIMMER0091_P80/01-PrimerTrim/76-SMARTindex_HC_primers.log",
            "avg-qual-score": 10,
            "force": false,
            "no-left": true,
            "no-right": false,
            "notes": "",
            "qual-offset": 33,
            "uncompressed": false,
            "window-size": 10
        }
    },
    "Fragment": {
        "in": 169,
        "out": 169,
        "basepairs_in": 91091,
        "basepairs_out": 90799
    },
    "Single_end": {
        "in": 0,
        "out": 0,
        "basepairs_in": 0,
        "basepairs_out": 0,
        "rightTrim": 0,
        "leftTrim": 0
    },
    "Paired_end": {
        "in": 169,
        "out": 169,
        "Read1": {
            "basepairs_in": 44785,
            "basepairs_out": 44688,
            "leftTrim": 0,
            "rightTrim": 97
        },
        "Read2": {
            "basepairs_in": 46306,
            "basepairs_out": 46111,
            "leftTrim": 0,
            "rightTrim": 195
        }
    }
  }, {
    "Program_details": {
        "program": "hts_Overlapper",
        "version": "1.3.2",
        "options": {
            "append-stats-file": "/nmspipeline//01-Processing/TRIMMER0091_P80/01-PrimerTrim/76-SMARTindex_HC_primers.log",
            "check-lengths": 20,
            "force": false,
            "force-pairs": false,
            "kmer": 8,
            "kmer-offset": 1,
            "max-mismatch": 100,
            "max-mismatch-errorDensity": 0.25,
            "min-overlap": 8,
            "notes": "",
            "number-of-threads": 1,
            "uncompressed": false
        }
    },
    "Fragment": {
        "in": 169,
        "out": 169,
        "basepairs_in": 90799,
        "basepairs_out": 75973,
        "inserts": {
            "short": 10,
            "medium": 141,
            "long": 18
        },
        "overlap_histogram": [ [10,1], [26,1], [72,2], [87,1], [96,1], [109,1], [226,1], [243,1], [248,1], [291,1], [325,1], [388,1], [426,1], [434,1], [435,2], [436,5], [439,1], [445,4], [446,1], [447,1], [462,2], [463,16], [464,1], [465,17], [466,1], [467,17], [468,3], [469,21], [470,13], [471,17], [472,13], [497,1] ]
    },
    "Single_end": {
        "in": 0,
        "out": 151,
        "basepairs_in": 0,
        "basepairs_out": 66324
    },
    "Paired_end": {
        "in": 169,
        "out": 18,
        "Read1": {
            "basepairs_in": 44688,
            "basepairs_out": 4747
        },
        "Read2": {
            "basepairs_in": 46111,
            "basepairs_out": 4902
        }
    }
  }, {
    "Program_details": {
        "program": "hts_LengthFilter",
        "version": "1.3.2",
        "options": {
            "append-stats-file": "/nmspipeline//01-Processing/TRIMMER0091_P80/01-PrimerTrim/76-SMARTindex_HC_primers.log",
            "fastq-output": "/nmspipeline//01-Processing/TRIMMER0091_P80/01-PrimerTrim/76-SMARTindex_HC_primers",
            "force": true,
            "max-length": 0,
            "min-length": 385,
            "no-orphans": false,
            "notes": "",
            "stranded": false,
            "uncompressed": false
        }
    },
    "Fragment": {
        "in": 169,
        "out": 139,
        "basepairs_in": 75973,
        "basepairs_out": 64519
    },
    "Single_end": {
        "in": 151,
        "out": 139,
        "basepairs_in": 66324,
        "basepairs_out": 64519,
        "discarded": 12
    },
    "Paired_end": {
        "in": 18,
        "out": 0,
        "discarded": 18,
        "Read1": {
            "basepairs_in": 4747,
            "basepairs_out": 0,
            "discarded": 0
        },
        "Read2": {
            "basepairs_in": 4902,
            "basepairs_out": 0,
            "discarded": 0
        }
    }
  }
]
