[ {
    "Program_details": {
        "program": "hts_Primers",
        "version": "1.3.2",
        "options": {
            "flip": true,
            "float": 0,
            "force": false,
            "keep": false,
            "min_primer_matches": 2,
            "notes": "",
            "primer_end_mismatches": 0,
            "primer_mismatches": 0,
            "primers_3p": "../hc_primers.fasta",
            "primers_5p": "ATTGGTACAGTGGTATCAACGCAGAGTACATGGGG",
            "read1-input": [ "/nmspipeline//01-Processing/TRIMMER0091_P80/00-RawData/TRIMMER_Plate80_S2_L001_R1_001_sub.fastq.gz"],
            "read2-input": [ "/nmspipeline//01-Processing/TRIMMER0091_P80/00-RawData/TRIMMER_Plate80_S2_L001_R2_001_sub.fastq.gz"],
            "stats-file": "/nmspipeline//01-Processing/TRIMMER0091_P80/01-PrimerTrim/77-SMARTindex_HC_primers.log",
            "uncompressed": false
        },
        "primers": [ ["p5primer1","ATTGGTACAGTGGTATCAACGCAGAGTACATGGGG"], ["Ga3.10for_mIGH3","GGATAGACAGATGGGGCTGTTGTTGT"], ["Ga12HC.10_REV_CHI","ATAGACAGATGGGGGTGTCGTTTTGG"], ["p5primer1","ATTGGTACAGTGGTATCAACGCAGAGTACATGGGG"], ["Ga3.10for_mIGH3","GGATAGACAGATGGGGCTGTTGTTGT"], ["Ga12HC.10_REV_CHI","ATAGACAGATGGGGGTGTCGTTTTGG"] ]
    },
    "Fragment": {
        "in": 100000,
        "out": 17,
        "basepairs_in": 60000000,
        "basepairs_out": 9163,
        "flipped": 9,
        "primers_counts": [ ["p5primer1","Ga12HC.10_REV_CHI",13], ["p5primer1","None",345], ["p5primer1","Ga3.10for_mIGH3",4], ["None","Ga3.10for_mIGH3",1138], ["None","Ga12HC.10_REV_CHI",28134], ["None","None",70366] ]
    },
    "Single_end": {
        "in": 0,
        "out": 0,
        "basepairs_in": 0,
        "basepairs_out": 0,
        "primerTrim": 0,
        "primerBpTrim": 0,
        "discarded": 0
    },
    "Paired_end": {
        "in": 100000,
        "out": 17,
        "discarded": 99983,
        "Read1": {
            "basepairs_in": 30000000,
            "basepairs_out": 4505,
            "primerTrim": 17,
            "primerBpTrim": 595
        },
        "Read2": {
            "basepairs_in": 30000000,
            "basepairs_out": 4658,
            "primerTrim": 17,
            "primerBpTrim": 442
        }
    }
  }, {
    "Program_details": {
        "program": "hts_NTrimmer",
        "version": "1.3.2",
        "options": {
            "append-stats-file": "/nmspipeline//01-Processing/TRIMMER0091_P80/01-PrimerTrim/77-SMARTindex_HC_primers.log",
            "exclude": true,
            "force": false,
            "notes": "",
            "uncompressed": false
        }
    },
    "Fragment": {
        "in": 17,
        "out": 17,
        "basepairs_in": 9163,
        "basepairs_out": 9163
    },
    "Single_end": {
        "in": 0,
        "out": 0,
        "basepairs_in": 0,
        "basepairs_out": 0,
        "rightTrim": 0,
        "leftTrim": 0,
        "discarded": 0
    },
    "Paired_end": {
        "in": 17,
        "out": 17,
        "discarded": 0,
        "Read1": {
            "basepairs_in": 4505,
            "basepairs_out": 4505,
            "leftTrim": 0,
            "rightTrim": 0
        },
        "Read2": {
            "basepairs_in": 4658,
            "basepairs_out": 4658,
            "leftTrim": 0,
            "rightTrim": 0
        }
    }
  }, {
    "Program_details": {
        "program": "hts_SeqScreener",
        "version": "1.3.2",
        "options": {
            "append-stats-file": "/nmspipeline//01-Processing/TRIMMER0091_P80/01-PrimerTrim/77-SMARTindex_HC_primers.log",
            "check-read-2": true,
            "force": false,
            "inverse": false,
            "kmer": 21,
            "notes": "",
            "percentage-hits": 0.01,
            "record": true,
            "seq": "../aberrant_LC.fasta",
            "uncompressed": false
        },
        "screen_info": {
            "screenBP": 96,
            "lookupKmers": 8
        }
    },
    "Fragment": {
        "in": 17,
        "out": 17,
        "basepairs_in": 9163,
        "basepairs_out": 9163
    },
    "Single_end": {
        "in": 0,
        "out": 0,
        "basepairs_in": 0,
        "basepairs_out": 0,
        "hits": 0
    },
    "Paired_end": {
        "in": 17,
        "out": 17,
        "hits": 0,
        "Read1": {
            "basepairs_in": 4505,
            "basepairs_out": 4505
        },
        "Read2": {
            "basepairs_in": 4658,
            "basepairs_out": 4658
        }
    }
  }, {
    "Program_details": {
        "program": "hts_QWindowTrim",
        "version": "1.3.2",
        "options": {
            "append-stats-file": "/nmspipeline//01-Processing/TRIMMER0091_P80/01-PrimerTrim/77-SMARTindex_HC_primers.log",
            "avg-qual-score": 10,
            "force": false,
            "no-left": true,
            "no-right": false,
            "notes": "",
            "qual-offset": 33,
            "uncompressed": false,
            "window-size": 10
        }
    },
    "Fragment": {
        "in": 17,
        "out": 17,
        "basepairs_in": 9163,
        "basepairs_out": 9055
    },
    "Single_end": {
        "in": 0,
        "out": 0,
        "basepairs_in": 0,
        "basepairs_out": 0,
        "rightTrim": 0,
        "leftTrim": 0
    },
    "Paired_end": {
        "in": 17,
        "out": 17,
        "Read1": {
            "basepairs_in": 4505,
            "basepairs_out": 4458,
            "leftTrim": 0,
            "rightTrim": 47
        },
        "Read2": {
            "basepairs_in": 4658,
            "basepairs_out": 4597,
            "leftTrim": 0,
            "rightTrim": 61
        }
    }
  }, {
    "Program_details": {
        "program": "hts_Overlapper",
        "version": "1.3.2",
        "options": {
            "append-stats-file": "/nmspipeline//01-Processing/TRIMMER0091_P80/01-PrimerTrim/77-SMARTindex_HC_primers.log",
            "check-lengths": 20,
            "force": false,
            "force-pairs": false,
            "kmer": 8,
            "kmer-offset": 1,
            "max-mismatch": 100,
            "max-mismatch-errorDensity": 0.25,
            "min-overlap": 8,
            "notes": "",
            "number-of-threads": 1,
            "uncompressed": false
        }
    },
    "Fragment": {
        "in": 17,
        "out": 17,
        "basepairs_in": 9055,
        "basepairs_out": 2741,
        "inserts": {
            "short": 14,
            "medium": 2,
            "long": 1
        },
        "overlap_histogram": [ [25,1], [36,1], [37,1], [55,1], [82,1], [87,1], [94,2], [114,1], [122,1], [157,1], [177,1], [195,1], [205,1], [278,1], [445,1] ]
    },
    "Single_end": {
        "in": 0,
        "out": 16,
        "basepairs_in": 0,
        "basepairs_out": 2203
    },
    "Paired_end": {
        "in": 17,
        "out": 1,
        "Read1": {
            "basepairs_in": 4458,
            "basepairs_out": 264
        },
        "Read2": {
            "basepairs_in": 4597,
            "basepairs_out": 274
        }
    }
  }, {
    "Program_details": {
        "program": "hts_LengthFilter",
        "version": "1.3.2",
        "options": {
            "append-stats-file": "/nmspipeline//01-Processing/TRIMMER0091_P80/01-PrimerTrim/77-SMARTindex_HC_primers.log",
            "fastq-output": "/nmspipeline//01-Processing/TRIMMER0091_P80/01-PrimerTrim/77-SMARTindex_HC_primers",
            "force": true,
            "max-length": 0,
            "min-length": 385,
            "no-orphans": false,
            "notes": "",
            "stranded": false,
            "uncompressed": false
        }
    },
    "Fragment": {
        "in": 17,
        "out": 1,
        "basepairs_in": 2741,
        "basepairs_out": 445
    },
    "Single_end": {
        "in": 16,
        "out": 1,
        "basepairs_in": 2203,
        "basepairs_out": 445,
        "discarded": 15
    },
    "Paired_end": {
        "in": 1,
        "out": 0,
        "discarded": 1,
        "Read1": {
            "basepairs_in": 264,
            "basepairs_out": 0,
            "discarded": 0
        },
        "Read2": {
            "basepairs_in": 274,
            "basepairs_out": 0,
            "discarded": 0
        }
    }
  }
]
