[ {
    "Program_details": {
        "program": "hts_Primers",
        "version": "1.3.2",
        "options": {
            "flip": true,
            "float": 0,
            "force": false,
            "keep": false,
            "min_primer_matches": 2,
            "notes": "",
            "primer_end_mismatches": 0,
            "primer_mismatches": 0,
            "primers_3p": "../hc_primers.fasta",
            "primers_5p": "GCCACAACAGTGGTATCAACGCAGAGTACATGGGG",
            "read1-input": [ "/nmspipeline//01-Processing/TRIMMER0091_P80/00-RawData/TRIMMER_Plate80_S2_L001_R1_001_sub.fastq.gz"],
            "read2-input": [ "/nmspipeline//01-Processing/TRIMMER0091_P80/00-RawData/TRIMMER_Plate80_S2_L001_R2_001_sub.fastq.gz"],
            "stats-file": "/nmspipeline//01-Processing/TRIMMER0091_P80/01-PrimerTrim/78-SMARTindex_HC_primers.log",
            "uncompressed": false
        },
        "primers": [ ["p5primer1","GCCACAACAGTGGTATCAACGCAGAGTACATGGGG"], ["Ga3.10for_mIGH3","GGATAGACAGATGGGGCTGTTGTTGT"], ["Ga12HC.10_REV_CHI","ATAGACAGATGGGGGTGTCGTTTTGG"], ["p5primer1","GCCACAACAGTGGTATCAACGCAGAGTACATGGGG"], ["Ga3.10for_mIGH3","GGATAGACAGATGGGGCTGTTGTTGT"], ["Ga12HC.10_REV_CHI","ATAGACAGATGGGGGTGTCGTTTTGG"] ]
    },
    "Fragment": {
        "in": 100000,
        "out": 86,
        "basepairs_in": 60000000,
        "basepairs_out": 46354,
        "flipped": 33,
        "primers_counts": [ ["p5primer1","Ga12HC.10_REV_CHI",85], ["p5primer1","Ga3.10for_mIGH3",1], ["None","Ga3.10for_mIGH3",1141], ["p5primer1","None",448], ["None","Ga12HC.10_REV_CHI",28062], ["None","None",70263] ]
    },
    "Single_end": {
        "in": 0,
        "out": 0,
        "basepairs_in": 0,
        "basepairs_out": 0,
        "primerTrim": 0,
        "primerBpTrim": 0,
        "discarded": 0
    },
    "Paired_end": {
        "in": 100000,
        "out": 86,
        "discarded": 99914,
        "Read1": {
            "basepairs_in": 30000000,
            "basepairs_out": 22790,
            "primerTrim": 86,
            "primerBpTrim": 3010
        },
        "Read2": {
            "basepairs_in": 30000000,
            "basepairs_out": 23564,
            "primerTrim": 86,
            "primerBpTrim": 2236
        }
    }
  }, {
    "Program_details": {
        "program": "hts_NTrimmer",
        "version": "1.3.2",
        "options": {
            "append-stats-file": "/nmspipeline//01-Processing/TRIMMER0091_P80/01-PrimerTrim/78-SMARTindex_HC_primers.log",
            "exclude": true,
            "force": false,
            "notes": "",
            "uncompressed": false
        }
    },
    "Fragment": {
        "in": 86,
        "out": 86,
        "basepairs_in": 46354,
        "basepairs_out": 46354
    },
    "Single_end": {
        "in": 0,
        "out": 0,
        "basepairs_in": 0,
        "basepairs_out": 0,
        "rightTrim": 0,
        "leftTrim": 0,
        "discarded": 0
    },
    "Paired_end": {
        "in": 86,
        "out": 86,
        "discarded": 0,
        "Read1": {
            "basepairs_in": 22790,
            "basepairs_out": 22790,
            "leftTrim": 0,
            "rightTrim": 0
        },
        "Read2": {
            "basepairs_in": 23564,
            "basepairs_out": 23564,
            "leftTrim": 0,
            "rightTrim": 0
        }
    }
  }, {
    "Program_details": {
        "program": "hts_SeqScreener",
        "version": "1.3.2",
        "options": {
            "append-stats-file": "/nmspipeline//01-Processing/TRIMMER0091_P80/01-PrimerTrim/78-SMARTindex_HC_primers.log",
            "check-read-2": true,
            "force": false,
            "inverse": false,
            "kmer": 21,
            "notes": "",
            "percentage-hits": 0.01,
            "record": true,
            "seq": "../aberrant_LC.fasta",
            "uncompressed": false
        },
        "screen_info": {
            "screenBP": 96,
            "lookupKmers": 8
        }
    },
    "Fragment": {
        "in": 86,
        "out": 86,
        "basepairs_in": 46354,
        "basepairs_out": 46354
    },
    "Single_end": {
        "in": 0,
        "out": 0,
        "basepairs_in": 0,
        "basepairs_out": 0,
        "hits": 0
    },
    "Paired_end": {
        "in": 86,
        "out": 86,
        "hits": 0,
        "Read1": {
            "basepairs_in": 22790,
            "basepairs_out": 22790
        },
        "Read2": {
            "basepairs_in": 23564,
            "basepairs_out": 23564
        }
    }
  }, {
    "Program_details": {
        "program": "hts_QWindowTrim",
        "version": "1.3.2",
        "options": {
            "append-stats-file": "/nmspipeline//01-Processing/TRIMMER0091_P80/01-PrimerTrim/78-SMARTindex_HC_primers.log",
            "avg-qual-score": 10,
            "force": false,
            "no-left": true,
            "no-right": false,
            "notes": "",
            "qual-offset": 33,
            "uncompressed": false,
            "window-size": 10
        }
    },
    "Fragment": {
        "in": 86,
        "out": 86,
        "basepairs_in": 46354,
        "basepairs_out": 46009
    },
    "Single_end": {
        "in": 0,
        "out": 0,
        "basepairs_in": 0,
        "basepairs_out": 0,
        "rightTrim": 0,
        "leftTrim": 0
    },
    "Paired_end": {
        "in": 86,
        "out": 86,
        "Read1": {
            "basepairs_in": 22790,
            "basepairs_out": 22653,
            "leftTrim": 0,
            "rightTrim": 137
        },
        "Read2": {
            "basepairs_in": 23564,
            "basepairs_out": 23356,
            "leftTrim": 0,
            "rightTrim": 208
        }
    }
  }, {
    "Program_details": {
        "program": "hts_Overlapper",
        "version": "1.3.2",
        "options": {
            "append-stats-file": "/nmspipeline//01-Processing/TRIMMER0091_P80/01-PrimerTrim/78-SMARTindex_HC_primers.log",
            "check-lengths": 20,
            "force": false,
            "force-pairs": false,
            "kmer": 8,
            "kmer-offset": 1,
            "max-mismatch": 100,
            "max-mismatch-errorDensity": 0.25,
            "min-overlap": 8,
            "notes": "",
            "number-of-threads": 1,
            "uncompressed": false
        }
    },
    "Fragment": {
        "in": 86,
        "out": 86,
        "basepairs_in": 46009,
        "basepairs_out": 33775,
        "inserts": {
            "short": 18,
            "medium": 62,
            "long": 6
        },
        "overlap_histogram": [ [23,1], [32,1], [62,1], [68,2], [72,1], [84,1], [85,1], [99,1], [112,1], [125,1], [150,1], [166,1], [170,1], [190,1], [207,1], [209,1], [273,1], [294,1], [301,1], [322,1], [452,1], [455,1], [460,4], [462,4], [463,16], [464,6], [465,4], [466,3], [467,8], [468,5], [470,1], [480,3], [482,1], [483,1], [484,1] ]
    },
    "Single_end": {
        "in": 0,
        "out": 80,
        "basepairs_in": 0,
        "basepairs_out": 30592
    },
    "Paired_end": {
        "in": 86,
        "out": 6,
        "Read1": {
            "basepairs_in": 22653,
            "basepairs_out": 1578
        },
        "Read2": {
            "basepairs_in": 23356,
            "basepairs_out": 1605
        }
    }
  }, {
    "Program_details": {
        "program": "hts_LengthFilter",
        "version": "1.3.2",
        "options": {
            "append-stats-file": "/nmspipeline//01-Processing/TRIMMER0091_P80/01-PrimerTrim/78-SMARTindex_HC_primers.log",
            "fastq-output": "/nmspipeline//01-Processing/TRIMMER0091_P80/01-PrimerTrim/78-SMARTindex_HC_primers",
            "force": true,
            "max-length": 0,
            "min-length": 385,
            "no-orphans": false,
            "notes": "",
            "stranded": false,
            "uncompressed": false
        }
    },
    "Fragment": {
        "in": 86,
        "out": 59,
        "basepairs_in": 33775,
        "basepairs_out": 27480
    },
    "Single_end": {
        "in": 80,
        "out": 59,
        "basepairs_in": 30592,
        "basepairs_out": 27480,
        "discarded": 21
    },
    "Paired_end": {
        "in": 6,
        "out": 0,
        "discarded": 6,
        "Read1": {
            "basepairs_in": 1578,
            "basepairs_out": 0,
            "discarded": 0
        },
        "Read2": {
            "basepairs_in": 1605,
            "basepairs_out": 0,
            "discarded": 0
        }
    }
  }
]
