[ {
    "Program_details": {
        "program": "hts_Primers",
        "version": "1.3.2",
        "options": {
            "flip": true,
            "float": 0,
            "force": false,
            "keep": false,
            "min_primer_matches": 2,
            "notes": "",
            "primer_end_mismatches": 0,
            "primer_mismatches": 0,
            "primers_3p": "../lc_primers.fasta",
            "primers_5p": "GCCACAACAGTGGTATCAACGCAGAGTACATGGGG",
            "read1-input": [ "/nmspipeline//01-Processing/TRIMMER0091_P80/00-RawData/TRIMMER_Plate80_S2_L001_R1_001_sub.fastq.gz"],
            "read2-input": [ "/nmspipeline//01-Processing/TRIMMER0091_P80/00-RawData/TRIMMER_Plate80_S2_L001_R2_001_sub.fastq.gz"],
            "stats-file": "/nmspipeline//01-Processing/TRIMMER0091_P80/01-PrimerTrim/78-SMARTindex_LC_primers.log",
            "uncompressed": false
        },
        "primers": [ ["p5primer1","GCCACAACAGTGGTATCAACGCAGAGTACATGGGG"], ["KaLC.6_REV_LC","GGATACAGTTGGTGCAGCATC"], ["LaLC.R-mIGL","ATCGTACACACCAGTGTGGC"], ["p5primer1","GCCACAACAGTGGTATCAACGCAGAGTACATGGGG"], ["KaLC.6_REV_LC","GGATACAGTTGGTGCAGCATC"], ["LaLC.R-mIGL","ATCGTACACACCAGTGTGGC"] ]
    },
    "Fragment": {
        "in": 100000,
        "out": 377,
        "basepairs_in": 60000000,
        "basepairs_out": 205094,
        "flipped": 165,
        "primers_counts": [ ["p5primer1","LaLC.R-mIGL",6], ["p5primer1","None",157], ["p5primer1","KaLC.6_REV_LC",371], ["None","LaLC.R-mIGL",598], ["None","None",48309], ["None","KaLC.6_REV_LC",50559] ]
    },
    "Single_end": {
        "in": 0,
        "out": 0,
        "basepairs_in": 0,
        "basepairs_out": 0,
        "primerTrim": 0,
        "primerBpTrim": 0,
        "discarded": 0
    },
    "Paired_end": {
        "in": 100000,
        "out": 377,
        "discarded": 99623,
        "Read1": {
            "basepairs_in": 30000000,
            "basepairs_out": 99905,
            "primerTrim": 377,
            "primerBpTrim": 13195
        },
        "Read2": {
            "basepairs_in": 30000000,
            "basepairs_out": 105189,
            "primerTrim": 377,
            "primerBpTrim": 7911
        }
    }
  }, {
    "Program_details": {
        "program": "hts_NTrimmer",
        "version": "1.3.2",
        "options": {
            "append-stats-file": "/nmspipeline//01-Processing/TRIMMER0091_P80/01-PrimerTrim/78-SMARTindex_LC_primers.log",
            "exclude": true,
            "force": false,
            "notes": "",
            "uncompressed": false
        }
    },
    "Fragment": {
        "in": 377,
        "out": 376,
        "basepairs_in": 205094,
        "basepairs_out": 204550
    },
    "Single_end": {
        "in": 0,
        "out": 0,
        "basepairs_in": 0,
        "basepairs_out": 0,
        "rightTrim": 0,
        "leftTrim": 0,
        "discarded": 0
    },
    "Paired_end": {
        "in": 377,
        "out": 376,
        "discarded": 1,
        "Read1": {
            "basepairs_in": 99905,
            "basepairs_out": 99640,
            "leftTrim": 0,
            "rightTrim": 0
        },
        "Read2": {
            "basepairs_in": 105189,
            "basepairs_out": 104910,
            "leftTrim": 0,
            "rightTrim": 0
        }
    }
  }, {
    "Program_details": {
        "program": "hts_SeqScreener",
        "version": "1.3.2",
        "options": {
            "append-stats-file": "/nmspipeline//01-Processing/TRIMMER0091_P80/01-PrimerTrim/78-SMARTindex_LC_primers.log",
            "check-read-2": true,
            "force": false,
            "inverse": false,
            "kmer": 21,
            "notes": "",
            "percentage-hits": 0.01,
            "record": true,
            "seq": "../aberrant_LC.fasta",
            "uncompressed": false
        },
        "screen_info": {
            "screenBP": 96,
            "lookupKmers": 8
        }
    },
    "Fragment": {
        "in": 376,
        "out": 376,
        "basepairs_in": 204550,
        "basepairs_out": 204550
    },
    "Single_end": {
        "in": 0,
        "out": 0,
        "basepairs_in": 0,
        "basepairs_out": 0,
        "hits": 0
    },
    "Paired_end": {
        "in": 376,
        "out": 376,
        "hits": 172,
        "Read1": {
            "basepairs_in": 99640,
            "basepairs_out": 99640
        },
        "Read2": {
            "basepairs_in": 104910,
            "basepairs_out": 104910
        }
    }
  }, {
    "Program_details": {
        "program": "hts_QWindowTrim",
        "version": "1.3.2",
        "options": {
            "append-stats-file": "/nmspipeline//01-Processing/TRIMMER0091_P80/01-PrimerTrim/78-SMARTindex_LC_primers.log",
            "avg-qual-score": 10,
            "force": false,
            "no-left": true,
            "no-right": false,
            "notes": "",
            "qual-offset": 33,
            "uncompressed": false,
            "window-size": 10
        }
    },
    "Fragment": {
        "in": 376,
        "out": 376,
        "basepairs_in": 204550,
        "basepairs_out": 203502
    },
    "Single_end": {
        "in": 0,
        "out": 0,
        "basepairs_in": 0,
        "basepairs_out": 0,
        "rightTrim": 0,
        "leftTrim": 0
    },
    "Paired_end": {
        "in": 376,
        "out": 376,
        "Read1": {
            "basepairs_in": 99640,
            "basepairs_out": 99158,
            "leftTrim": 0,
            "rightTrim": 482
        },
        "Read2": {
            "basepairs_in": 104910,
            "basepairs_out": 104344,
            "leftTrim": 0,
            "rightTrim": 566
        }
    }
  }, {
    "Program_details": {
        "program": "hts_Overlapper",
        "version": "1.3.2",
        "options": {
            "append-stats-file": "/nmspipeline//01-Processing/TRIMMER0091_P80/01-PrimerTrim/78-SMARTindex_LC_primers.log",
            "check-lengths": 20,
            "force": false,
            "force-pairs": false,
            "kmer": 8,
            "kmer-offset": 1,
            "max-mismatch": 100,
            "max-mismatch-errorDensity": 0.25,
            "min-overlap": 8,
            "notes": "",
            "number-of-threads": 1,
            "uncompressed": false
        }
    },
    "Fragment": {
        "in": 376,
        "out": 376,
        "basepairs_in": 203502,
        "basepairs_out": 144337,
        "inserts": {
            "short": 58,
            "medium": 301,
            "long": 17
        },
        "overlap_histogram": [ [24,1], [27,1], [31,1], [47,1], [48,1], [49,3], [55,1], [67,2], [70,2], [73,1], [76,1], [82,1], [87,1], [88,1], [91,2], [94,2], [95,1], [98,1], [101,1], [113,3], [117,1], [127,1], [130,1], [131,1], [133,1], [144,1], [148,1], [149,2], [154,2], [157,2], [158,4], [165,1], [166,1], [180,1], [212,1], [217,1], [223,2], [230,1], [242,1], [267,1], [271,1], [273,1], [276,1], [281,1], [289,1], [298,3], [301,1], [318,1], [334,1], [337,2], [341,2], [366,1], [375,1], [376,1], [378,1], [380,1], [381,1], [393,1], [394,1], [396,1], [398,3], [399,11], [403,1], [405,1], [410,1], [412,1], [414,1], [415,4], [416,2], [417,1], [418,51], [419,4], [420,5], [421,14], [422,18], [423,21], [424,1], [426,1], [428,1], [433,3], [437,1], [439,2], [440,12], [441,11], [442,10], [443,4], [444,71], [445,21], [446,1], [453,1], [468,1] ]
    },
    "Single_end": {
        "in": 0,
        "out": 359,
        "basepairs_in": 0,
        "basepairs_out": 135155
    },
    "Paired_end": {
        "in": 376,
        "out": 17,
        "Read1": {
            "basepairs_in": 99158,
            "basepairs_out": 4484
        },
        "Read2": {
            "basepairs_in": 104344,
            "basepairs_out": 4698
        }
    }
  }, {
    "Program_details": {
        "program": "hts_LengthFilter",
        "version": "1.3.2",
        "options": {
            "append-stats-file": "/nmspipeline//01-Processing/TRIMMER0091_P80/01-PrimerTrim/78-SMARTindex_LC_primers.log",
            "fastq-output": "/nmspipeline//01-Processing/TRIMMER0091_P80/01-PrimerTrim/78-SMARTindex_LC_primers",
            "force": true,
            "max-length": 0,
            "min-length": 385,
            "no-orphans": false,
            "notes": "",
            "stranded": false,
            "uncompressed": false
        }
    },
    "Fragment": {
        "in": 376,
        "out": 283,
        "basepairs_in": 144337,
        "basepairs_out": 121637
    },
    "Single_end": {
        "in": 359,
        "out": 283,
        "basepairs_in": 135155,
        "basepairs_out": 121637,
        "discarded": 76
    },
    "Paired_end": {
        "in": 17,
        "out": 0,
        "discarded": 17,
        "Read1": {
            "basepairs_in": 4484,
            "basepairs_out": 0,
            "discarded": 0
        },
        "Read2": {
            "basepairs_in": 4698,
            "basepairs_out": 0,
            "discarded": 0
        }
    }
  }
]
