[ {
    "Program_details": {
        "program": "hts_Primers",
        "version": "1.3.2",
        "options": {
            "flip": true,
            "float": 0,
            "force": false,
            "keep": false,
            "min_primer_matches": 2,
            "notes": "",
            "primer_end_mismatches": 0,
            "primer_mismatches": 0,
            "primers_3p": "../lc_primers.fasta",
            "primers_5p": "CATCTAACAGTGGTATCAACGCAGAGTACATGGGG",
            "read1-input": [ "/nmspipeline//01-Processing/TRIMMER0091_P80/00-RawData/TRIMMER_Plate80_S2_L001_R1_001_sub.fastq.gz"],
            "read2-input": [ "/nmspipeline//01-Processing/TRIMMER0091_P80/00-RawData/TRIMMER_Plate80_S2_L001_R2_001_sub.fastq.gz"],
            "stats-file": "/nmspipeline//01-Processing/TRIMMER0091_P80/01-PrimerTrim/79-SMARTindex_LC_primers.log",
            "uncompressed": false
        },
        "primers": [ ["p5primer1","CATCTAACAGTGGTATCAACGCAGAGTACATGGGG"], ["KaLC.6_REV_LC","GGATACAGTTGGTGCAGCATC"], ["LaLC.R-mIGL","ATCGTACACACCAGTGTGGC"], ["p5primer1","CATCTAACAGTGGTATCAACGCAGAGTACATGGGG"], ["KaLC.6_REV_LC","GGATACAGTTGGTGCAGCATC"], ["LaLC.R-mIGL","ATCGTACACACCAGTGTGGC"] ]
    },
    "Fragment": {
        "in": 100000,
        "out": 665,
        "basepairs_in": 60000000,
        "basepairs_out": 361777,
        "flipped": 282,
        "primers_counts": [ ["p5primer1","LaLC.R-mIGL",17], ["p5primer1","None",189], ["p5primer1","KaLC.6_REV_LC",648], ["None","LaLC.R-mIGL",587], ["None","None",48277], ["None","KaLC.6_REV_LC",50282] ]
    },
    "Single_end": {
        "in": 0,
        "out": 0,
        "basepairs_in": 0,
        "basepairs_out": 0,
        "primerTrim": 0,
        "primerBpTrim": 0,
        "discarded": 0
    },
    "Paired_end": {
        "in": 100000,
        "out": 665,
        "discarded": 99335,
        "Read1": {
            "basepairs_in": 30000000,
            "basepairs_out": 176225,
            "primerTrim": 665,
            "primerBpTrim": 23275
        },
        "Read2": {
            "basepairs_in": 30000000,
            "basepairs_out": 185552,
            "primerTrim": 665,
            "primerBpTrim": 13948
        }
    }
  }, {
    "Program_details": {
        "program": "hts_NTrimmer",
        "version": "1.3.2",
        "options": {
            "append-stats-file": "/nmspipeline//01-Processing/TRIMMER0091_P80/01-PrimerTrim/79-SMARTindex_LC_primers.log",
            "exclude": true,
            "force": false,
            "notes": "",
            "uncompressed": false
        }
    },
    "Fragment": {
        "in": 665,
        "out": 665,
        "basepairs_in": 361777,
        "basepairs_out": 361777
    },
    "Single_end": {
        "in": 0,
        "out": 0,
        "basepairs_in": 0,
        "basepairs_out": 0,
        "rightTrim": 0,
        "leftTrim": 0,
        "discarded": 0
    },
    "Paired_end": {
        "in": 665,
        "out": 665,
        "discarded": 0,
        "Read1": {
            "basepairs_in": 176225,
            "basepairs_out": 176225,
            "leftTrim": 0,
            "rightTrim": 0
        },
        "Read2": {
            "basepairs_in": 185552,
            "basepairs_out": 185552,
            "leftTrim": 0,
            "rightTrim": 0
        }
    }
  }, {
    "Program_details": {
        "program": "hts_SeqScreener",
        "version": "1.3.2",
        "options": {
            "append-stats-file": "/nmspipeline//01-Processing/TRIMMER0091_P80/01-PrimerTrim/79-SMARTindex_LC_primers.log",
            "check-read-2": true,
            "force": false,
            "inverse": false,
            "kmer": 21,
            "notes": "",
            "percentage-hits": 0.01,
            "record": true,
            "seq": "../aberrant_LC.fasta",
            "uncompressed": false
        },
        "screen_info": {
            "screenBP": 96,
            "lookupKmers": 8
        }
    },
    "Fragment": {
        "in": 665,
        "out": 665,
        "basepairs_in": 361777,
        "basepairs_out": 361777
    },
    "Single_end": {
        "in": 0,
        "out": 0,
        "basepairs_in": 0,
        "basepairs_out": 0,
        "hits": 0
    },
    "Paired_end": {
        "in": 665,
        "out": 665,
        "hits": 585,
        "Read1": {
            "basepairs_in": 176225,
            "basepairs_out": 176225
        },
        "Read2": {
            "basepairs_in": 185552,
            "basepairs_out": 185552
        }
    }
  }, {
    "Program_details": {
        "program": "hts_QWindowTrim",
        "version": "1.3.2",
        "options": {
            "append-stats-file": "/nmspipeline//01-Processing/TRIMMER0091_P80/01-PrimerTrim/79-SMARTindex_LC_primers.log",
            "avg-qual-score": 10,
            "force": false,
            "no-left": true,
            "no-right": false,
            "notes": "",
            "qual-offset": 33,
            "uncompressed": false,
            "window-size": 10
        }
    },
    "Fragment": {
        "in": 665,
        "out": 665,
        "basepairs_in": 361777,
        "basepairs_out": 360574
    },
    "Single_end": {
        "in": 0,
        "out": 0,
        "basepairs_in": 0,
        "basepairs_out": 0,
        "rightTrim": 0,
        "leftTrim": 0
    },
    "Paired_end": {
        "in": 665,
        "out": 665,
        "Read1": {
            "basepairs_in": 176225,
            "basepairs_out": 175695,
            "leftTrim": 0,
            "rightTrim": 530
        },
        "Read2": {
            "basepairs_in": 185552,
            "basepairs_out": 184879,
            "leftTrim": 0,
            "rightTrim": 673
        }
    }
  }, {
    "Program_details": {
        "program": "hts_Overlapper",
        "version": "1.3.2",
        "options": {
            "append-stats-file": "/nmspipeline//01-Processing/TRIMMER0091_P80/01-PrimerTrim/79-SMARTindex_LC_primers.log",
            "check-lengths": 20,
            "force": false,
            "force-pairs": false,
            "kmer": 8,
            "kmer-offset": 1,
            "max-mismatch": 100,
            "max-mismatch-errorDensity": 0.25,
            "min-overlap": 8,
            "notes": "",
            "number-of-threads": 1,
            "uncompressed": false
        }
    },
    "Fragment": {
        "in": 665,
        "out": 665,
        "basepairs_in": 360574,
        "basepairs_out": 256792,
        "inserts": {
            "short": 65,
            "medium": 565,
            "long": 35
        },
        "overlap_histogram": [ [11,1], [25,2], [28,2], [30,1], [31,2], [32,1], [36,3], [41,1], [47,1], [49,2], [53,1], [57,1], [58,3], [60,1], [77,1], [80,2], [81,1], [83,1], [84,1], [87,2], [88,1], [89,4], [90,1], [94,1], [97,1], [99,1], [113,3], [119,1], [122,1], [125,1], [133,1], [134,1], [143,1], [154,1], [156,1], [160,2], [161,1], [201,1], [206,1], [219,1], [222,1], [223,3], [258,1], [259,1], [263,1], [264,1], [267,1], [282,2], [283,1], [299,1], [304,1], [307,1], [310,1], [320,7], [321,3], [323,1], [324,24], [325,2], [326,1], [328,1], [332,2], [338,1], [341,1], [360,1], [362,1], [366,1], [367,1], [369,1], [376,1], [380,1], [381,1], [396,1], [397,1], [398,7], [399,15], [401,1], [403,2], [405,1], [406,2], [407,1], [409,1], [410,1], [413,46], [414,3], [415,1], [416,10], [417,249], [418,61], [419,14], [420,2], [421,15], [422,16], [423,18], [424,3], [425,1], [426,1], [428,1], [431,2], [434,1], [435,4], [436,4], [439,1], [440,11], [442,6], [444,1], [446,1], [465,1], [467,1] ]
    },
    "Single_end": {
        "in": 0,
        "out": 630,
        "basepairs_in": 0,
        "basepairs_out": 237904
    },
    "Paired_end": {
        "in": 665,
        "out": 35,
        "Read1": {
            "basepairs_in": 175695,
            "basepairs_out": 9193
        },
        "Read2": {
            "basepairs_in": 184879,
            "basepairs_out": 9695
        }
    }
  }, {
    "Program_details": {
        "program": "hts_LengthFilter",
        "version": "1.3.2",
        "options": {
            "append-stats-file": "/nmspipeline//01-Processing/TRIMMER0091_P80/01-PrimerTrim/79-SMARTindex_LC_primers.log",
            "fastq-output": "/nmspipeline//01-Processing/TRIMMER0091_P80/01-PrimerTrim/79-SMARTindex_LC_primers",
            "force": true,
            "max-length": 0,
            "min-length": 385,
            "no-orphans": false,
            "notes": "",
            "stranded": false,
            "uncompressed": false
        }
    },
    "Fragment": {
        "in": 665,
        "out": 507,
        "basepairs_in": 256792,
        "basepairs_out": 211831
    },
    "Single_end": {
        "in": 630,
        "out": 507,
        "basepairs_in": 237904,
        "basepairs_out": 211831,
        "discarded": 123
    },
    "Paired_end": {
        "in": 35,
        "out": 0,
        "discarded": 35,
        "Read1": {
            "basepairs_in": 9193,
            "basepairs_out": 0,
            "discarded": 0
        },
        "Read2": {
            "basepairs_in": 9695,
            "basepairs_out": 0,
            "discarded": 0
        }
    }
  }
]
