[ {
    "Program_details": {
        "program": "hts_Primers",
        "version": "1.3.2",
        "options": {
            "flip": true,
            "float": 0,
            "force": false,
            "keep": false,
            "min_primer_matches": 2,
            "notes": "",
            "primer_end_mismatches": 0,
            "primer_mismatches": 0,
            "primers_3p": "../hc_primers.fasta",
            "primers_5p": "CATCTAACAGTGGTATCAACGCAGAGTACATGGGG",
            "read1-input": [ "/nmspipeline//01-Processing/TRIMMER0091_P80/00-RawData/TRIMMER_Plate80_S2_L001_R1_001_sub.fastq.gz"],
            "read2-input": [ "/nmspipeline//01-Processing/TRIMMER0091_P80/00-RawData/TRIMMER_Plate80_S2_L001_R2_001_sub.fastq.gz"],
            "stats-file": "/nmspipeline//01-Processing/TRIMMER0091_P80/01-PrimerTrim/79-SMARTindex_HC_primers.log",
            "uncompressed": false
        },
        "primers": [ ["p5primer1","CATCTAACAGTGGTATCAACGCAGAGTACATGGGG"], ["Ga3.10for_mIGH3","GGATAGACAGATGGGGCTGTTGTTGT"], ["Ga12HC.10_REV_CHI","ATAGACAGATGGGGGTGTCGTTTTGG"], ["p5primer1","CATCTAACAGTGGTATCAACGCAGAGTACATGGGG"], ["Ga3.10for_mIGH3","GGATAGACAGATGGGGCTGTTGTTGT"], ["Ga12HC.10_REV_CHI","ATAGACAGATGGGGGTGTCGTTTTGG"] ]
    },
    "Fragment": {
        "in": 100000,
        "out": 25,
        "basepairs_in": 60000000,
        "basepairs_out": 13475,
        "flipped": 11,
        "primers_counts": [ ["p5primer1","Ga12HC.10_REV_CHI",21], ["p5primer1","Ga3.10for_mIGH3",4], ["None","Ga3.10for_mIGH3",1138], ["p5primer1","None",829], ["None","Ga12HC.10_REV_CHI",28126], ["None","None",69882] ]
    },
    "Single_end": {
        "in": 0,
        "out": 0,
        "basepairs_in": 0,
        "basepairs_out": 0,
        "primerTrim": 0,
        "primerBpTrim": 0,
        "discarded": 0
    },
    "Paired_end": {
        "in": 100000,
        "out": 25,
        "discarded": 99975,
        "Read1": {
            "basepairs_in": 30000000,
            "basepairs_out": 6625,
            "primerTrim": 25,
            "primerBpTrim": 875
        },
        "Read2": {
            "basepairs_in": 30000000,
            "basepairs_out": 6850,
            "primerTrim": 25,
            "primerBpTrim": 650
        }
    }
  }, {
    "Program_details": {
        "program": "hts_NTrimmer",
        "version": "1.3.2",
        "options": {
            "append-stats-file": "/nmspipeline//01-Processing/TRIMMER0091_P80/01-PrimerTrim/79-SMARTindex_HC_primers.log",
            "exclude": true,
            "force": false,
            "notes": "",
            "uncompressed": false
        }
    },
    "Fragment": {
        "in": 25,
        "out": 25,
        "basepairs_in": 13475,
        "basepairs_out": 13475
    },
    "Single_end": {
        "in": 0,
        "out": 0,
        "basepairs_in": 0,
        "basepairs_out": 0,
        "rightTrim": 0,
        "leftTrim": 0,
        "discarded": 0
    },
    "Paired_end": {
        "in": 25,
        "out": 25,
        "discarded": 0,
        "Read1": {
            "basepairs_in": 6625,
            "basepairs_out": 6625,
            "leftTrim": 0,
            "rightTrim": 0
        },
        "Read2": {
            "basepairs_in": 6850,
            "basepairs_out": 6850,
            "leftTrim": 0,
            "rightTrim": 0
        }
    }
  }, {
    "Program_details": {
        "program": "hts_SeqScreener",
        "version": "1.3.2",
        "options": {
            "append-stats-file": "/nmspipeline//01-Processing/TRIMMER0091_P80/01-PrimerTrim/79-SMARTindex_HC_primers.log",
            "check-read-2": true,
            "force": false,
            "inverse": false,
            "kmer": 21,
            "notes": "",
            "percentage-hits": 0.01,
            "record": true,
            "seq": "../aberrant_LC.fasta",
            "uncompressed": false
        },
        "screen_info": {
            "screenBP": 96,
            "lookupKmers": 8
        }
    },
    "Fragment": {
        "in": 25,
        "out": 25,
        "basepairs_in": 13475,
        "basepairs_out": 13475
    },
    "Single_end": {
        "in": 0,
        "out": 0,
        "basepairs_in": 0,
        "basepairs_out": 0,
        "hits": 0
    },
    "Paired_end": {
        "in": 25,
        "out": 25,
        "hits": 0,
        "Read1": {
            "basepairs_in": 6625,
            "basepairs_out": 6625
        },
        "Read2": {
            "basepairs_in": 6850,
            "basepairs_out": 6850
        }
    }
  }, {
    "Program_details": {
        "program": "hts_QWindowTrim",
        "version": "1.3.2",
        "options": {
            "append-stats-file": "/nmspipeline//01-Processing/TRIMMER0091_P80/01-PrimerTrim/79-SMARTindex_HC_primers.log",
            "avg-qual-score": 10,
            "force": false,
            "no-left": true,
            "no-right": false,
            "notes": "",
            "qual-offset": 33,
            "uncompressed": false,
            "window-size": 10
        }
    },
    "Fragment": {
        "in": 25,
        "out": 25,
        "basepairs_in": 13475,
        "basepairs_out": 13220
    },
    "Single_end": {
        "in": 0,
        "out": 0,
        "basepairs_in": 0,
        "basepairs_out": 0,
        "rightTrim": 0,
        "leftTrim": 0
    },
    "Paired_end": {
        "in": 25,
        "out": 25,
        "Read1": {
            "basepairs_in": 6625,
            "basepairs_out": 6524,
            "leftTrim": 0,
            "rightTrim": 101
        },
        "Read2": {
            "basepairs_in": 6850,
            "basepairs_out": 6696,
            "leftTrim": 0,
            "rightTrim": 154
        }
    }
  }, {
    "Program_details": {
        "program": "hts_Overlapper",
        "version": "1.3.2",
        "options": {
            "append-stats-file": "/nmspipeline//01-Processing/TRIMMER0091_P80/01-PrimerTrim/79-SMARTindex_HC_primers.log",
            "check-lengths": 20,
            "force": false,
            "force-pairs": false,
            "kmer": 8,
            "kmer-offset": 1,
            "max-mismatch": 100,
            "max-mismatch-errorDensity": 0.25,
            "min-overlap": 8,
            "notes": "",
            "number-of-threads": 1,
            "uncompressed": false
        }
    },
    "Fragment": {
        "in": 25,
        "out": 25,
        "basepairs_in": 13220,
        "basepairs_out": 4030,
        "inserts": {
            "short": 20,
            "medium": 5,
            "long": 0
        },
        "overlap_histogram": [ [16,2], [22,1], [25,1], [27,1], [32,1], [50,1], [51,1], [69,1], [72,2], [79,2], [84,1], [91,1], [149,1], [184,1], [194,1], [200,1], [248,1], [438,1], [445,1], [461,1], [463,2] ]
    },
    "Single_end": {
        "in": 0,
        "out": 25,
        "basepairs_in": 0,
        "basepairs_out": 4030
    },
    "Paired_end": {
        "in": 25,
        "out": 0,
        "Read1": {
            "basepairs_in": 6524,
            "basepairs_out": 0
        },
        "Read2": {
            "basepairs_in": 6696,
            "basepairs_out": 0
        }
    }
  }, {
    "Program_details": {
        "program": "hts_LengthFilter",
        "version": "1.3.2",
        "options": {
            "append-stats-file": "/nmspipeline//01-Processing/TRIMMER0091_P80/01-PrimerTrim/79-SMARTindex_HC_primers.log",
            "fastq-output": "/nmspipeline//01-Processing/TRIMMER0091_P80/01-PrimerTrim/79-SMARTindex_HC_primers",
            "force": true,
            "max-length": 0,
            "min-length": 385,
            "no-orphans": false,
            "notes": "",
            "stranded": false,
            "uncompressed": false
        }
    },
    "Fragment": {
        "in": 25,
        "out": 5,
        "basepairs_in": 4030,
        "basepairs_out": 2270
    },
    "Single_end": {
        "in": 25,
        "out": 5,
        "basepairs_in": 4030,
        "basepairs_out": 2270,
        "discarded": 20
    },
    "Paired_end": {
        "in": 0,
        "out": 0,
        "discarded": 0,
        "Read1": {
            "basepairs_in": 0,
            "basepairs_out": 0,
            "discarded": 0
        },
        "Read2": {
            "basepairs_in": 0,
            "basepairs_out": 0,
            "discarded": 0
        }
    }
  }
]
