[ {
    "Program_details": {
        "program": "hts_Primers",
        "version": "1.3.2",
        "options": {
            "flip": true,
            "float": 0,
            "force": false,
            "keep": false,
            "min_primer_matches": 2,
            "notes": "",
            "primer_end_mismatches": 0,
            "primer_mismatches": 0,
            "primers_3p": "../lc_primers.fasta",
            "primers_5p": "AACAAGACAGTGGTATCAACGCAGAGTACATGGGG",
            "read1-input": [ "/nmspipeline//01-Processing/TRIMMER0091_P80/00-RawData/TRIMMER_Plate80_S2_L001_R1_001_sub.fastq.gz"],
            "read2-input": [ "/nmspipeline//01-Processing/TRIMMER0091_P80/00-RawData/TRIMMER_Plate80_S2_L001_R2_001_sub.fastq.gz"],
            "stats-file": "/nmspipeline//01-Processing/TRIMMER0091_P80/01-PrimerTrim/80-SMARTindex_LC_primers.log",
            "uncompressed": false
        },
        "primers": [ ["p5primer1","AACAAGACAGTGGTATCAACGCAGAGTACATGGGG"], ["KaLC.6_REV_LC","GGATACAGTTGGTGCAGCATC"], ["LaLC.R-mIGL","ATCGTACACACCAGTGTGGC"], ["p5primer1","AACAAGACAGTGGTATCAACGCAGAGTACATGGGG"], ["KaLC.6_REV_LC","GGATACAGTTGGTGCAGCATC"], ["LaLC.R-mIGL","ATCGTACACACCAGTGTGGC"] ]
    },
    "Fragment": {
        "in": 100000,
        "out": 188,
        "basepairs_in": 60000000,
        "basepairs_out": 102277,
        "flipped": 78,
        "primers_counts": [ ["p5primer1","LaLC.R-mIGL",5], ["p5primer1","KaLC.6_REV_LC",183], ["p5primer1","None",192], ["None","LaLC.R-mIGL",599], ["None","None",48274], ["None","KaLC.6_REV_LC",50747] ]
    },
    "Single_end": {
        "in": 0,
        "out": 0,
        "basepairs_in": 0,
        "basepairs_out": 0,
        "primerTrim": 0,
        "primerBpTrim": 0,
        "discarded": 0
    },
    "Paired_end": {
        "in": 100000,
        "out": 188,
        "discarded": 99812,
        "Read1": {
            "basepairs_in": 30000000,
            "basepairs_out": 49820,
            "primerTrim": 188,
            "primerBpTrim": 6580
        },
        "Read2": {
            "basepairs_in": 30000000,
            "basepairs_out": 52457,
            "primerTrim": 188,
            "primerBpTrim": 3943
        }
    }
  }, {
    "Program_details": {
        "program": "hts_NTrimmer",
        "version": "1.3.2",
        "options": {
            "append-stats-file": "/nmspipeline//01-Processing/TRIMMER0091_P80/01-PrimerTrim/80-SMARTindex_LC_primers.log",
            "exclude": true,
            "force": false,
            "notes": "",
            "uncompressed": false
        }
    },
    "Fragment": {
        "in": 188,
        "out": 187,
        "basepairs_in": 102277,
        "basepairs_out": 101733
    },
    "Single_end": {
        "in": 0,
        "out": 0,
        "basepairs_in": 0,
        "basepairs_out": 0,
        "rightTrim": 0,
        "leftTrim": 0,
        "discarded": 0
    },
    "Paired_end": {
        "in": 188,
        "out": 187,
        "discarded": 1,
        "Read1": {
            "basepairs_in": 49820,
            "basepairs_out": 49555,
            "leftTrim": 0,
            "rightTrim": 0
        },
        "Read2": {
            "basepairs_in": 52457,
            "basepairs_out": 52178,
            "leftTrim": 0,
            "rightTrim": 0
        }
    }
  }, {
    "Program_details": {
        "program": "hts_SeqScreener",
        "version": "1.3.2",
        "options": {
            "append-stats-file": "/nmspipeline//01-Processing/TRIMMER0091_P80/01-PrimerTrim/80-SMARTindex_LC_primers.log",
            "check-read-2": true,
            "force": false,
            "inverse": false,
            "kmer": 21,
            "notes": "",
            "percentage-hits": 0.01,
            "record": true,
            "seq": "../aberrant_LC.fasta",
            "uncompressed": false
        },
        "screen_info": {
            "screenBP": 96,
            "lookupKmers": 8
        }
    },
    "Fragment": {
        "in": 187,
        "out": 187,
        "basepairs_in": 101733,
        "basepairs_out": 101733
    },
    "Single_end": {
        "in": 0,
        "out": 0,
        "basepairs_in": 0,
        "basepairs_out": 0,
        "hits": 0
    },
    "Paired_end": {
        "in": 187,
        "out": 187,
        "hits": 10,
        "Read1": {
            "basepairs_in": 49555,
            "basepairs_out": 49555
        },
        "Read2": {
            "basepairs_in": 52178,
            "basepairs_out": 52178
        }
    }
  }, {
    "Program_details": {
        "program": "hts_QWindowTrim",
        "version": "1.3.2",
        "options": {
            "append-stats-file": "/nmspipeline//01-Processing/TRIMMER0091_P80/01-PrimerTrim/80-SMARTindex_LC_primers.log",
            "avg-qual-score": 10,
            "force": false,
            "no-left": true,
            "no-right": false,
            "notes": "",
            "qual-offset": 33,
            "uncompressed": false,
            "window-size": 10
        }
    },
    "Fragment": {
        "in": 187,
        "out": 187,
        "basepairs_in": 101733,
        "basepairs_out": 100988
    },
    "Single_end": {
        "in": 0,
        "out": 0,
        "basepairs_in": 0,
        "basepairs_out": 0,
        "rightTrim": 0,
        "leftTrim": 0
    },
    "Paired_end": {
        "in": 187,
        "out": 187,
        "Read1": {
            "basepairs_in": 49555,
            "basepairs_out": 49170,
            "leftTrim": 0,
            "rightTrim": 385
        },
        "Read2": {
            "basepairs_in": 52178,
            "basepairs_out": 51818,
            "leftTrim": 0,
            "rightTrim": 360
        }
    }
  }, {
    "Program_details": {
        "program": "hts_Overlapper",
        "version": "1.3.2",
        "options": {
            "append-stats-file": "/nmspipeline//01-Processing/TRIMMER0091_P80/01-PrimerTrim/80-SMARTindex_LC_primers.log",
            "check-lengths": 20,
            "force": false,
            "force-pairs": false,
            "kmer": 8,
            "kmer-offset": 1,
            "max-mismatch": 100,
            "max-mismatch-errorDensity": 0.25,
            "min-overlap": 8,
            "notes": "",
            "number-of-threads": 1,
            "uncompressed": false
        }
    },
    "Fragment": {
        "in": 187,
        "out": 187,
        "basepairs_in": 100988,
        "basepairs_out": 66590,
        "inserts": {
            "short": 45,
            "medium": 133,
            "long": 9
        },
        "overlap_histogram": [ [14,1], [15,2], [25,2], [26,2], [32,1], [36,1], [48,1], [56,1], [60,1], [76,1], [86,2], [93,2], [95,1], [101,1], [104,1], [115,1], [121,1], [123,2], [131,1], [134,1], [142,1], [145,2], [148,1], [149,1], [154,1], [155,3], [158,1], [162,1], [163,1], [166,1], [190,1], [225,2], [238,1], [239,1], [268,1], [298,1], [300,1], [330,2], [332,1], [353,1], [385,1], [389,1], [390,2], [399,1], [411,8], [413,1], [414,15], [415,20], [416,1], [417,3], [418,3], [422,3], [439,1], [440,2], [441,8], [442,4], [443,2], [444,44], [445,5], [449,1], [531,1] ]
    },
    "Single_end": {
        "in": 0,
        "out": 178,
        "basepairs_in": 0,
        "basepairs_out": 61777
    },
    "Paired_end": {
        "in": 187,
        "out": 9,
        "Read1": {
            "basepairs_in": 49170,
            "basepairs_out": 2310
        },
        "Read2": {
            "basepairs_in": 51818,
            "basepairs_out": 2503
        }
    }
  }, {
    "Program_details": {
        "program": "hts_LengthFilter",
        "version": "1.3.2",
        "options": {
            "append-stats-file": "/nmspipeline//01-Processing/TRIMMER0091_P80/01-PrimerTrim/80-SMARTindex_LC_primers.log",
            "fastq-output": "/nmspipeline//01-Processing/TRIMMER0091_P80/01-PrimerTrim/80-SMARTindex_LC_primers",
            "force": true,
            "max-length": 0,
            "min-length": 385,
            "no-orphans": false,
            "notes": "",
            "stranded": false,
            "uncompressed": false
        }
    },
    "Fragment": {
        "in": 187,
        "out": 127,
        "basepairs_in": 66590,
        "basepairs_out": 54593
    },
    "Single_end": {
        "in": 178,
        "out": 127,
        "basepairs_in": 61777,
        "basepairs_out": 54593,
        "discarded": 51
    },
    "Paired_end": {
        "in": 9,
        "out": 0,
        "discarded": 9,
        "Read1": {
            "basepairs_in": 2310,
            "basepairs_out": 0,
            "discarded": 0
        },
        "Read2": {
            "basepairs_in": 2503,
            "basepairs_out": 0,
            "discarded": 0
        }
    }
  }
]
