[ {
    "Program_details": {
        "program": "hts_Primers",
        "version": "1.3.2",
        "options": {
            "flip": true,
            "float": 0,
            "force": false,
            "keep": false,
            "min_primer_matches": 2,
            "notes": "",
            "primer_end_mismatches": 0,
            "primer_mismatches": 0,
            "primers_3p": "../hc_primers.fasta",
            "primers_5p": "AACAAGACAGTGGTATCAACGCAGAGTACATGGGG",
            "read1-input": [ "/nmspipeline//01-Processing/TRIMMER0091_P80/00-RawData/TRIMMER_Plate80_S2_L001_R1_001_sub.fastq.gz"],
            "read2-input": [ "/nmspipeline//01-Processing/TRIMMER0091_P80/00-RawData/TRIMMER_Plate80_S2_L001_R2_001_sub.fastq.gz"],
            "stats-file": "/nmspipeline//01-Processing/TRIMMER0091_P80/01-PrimerTrim/80-SMARTindex_HC_primers.log",
            "uncompressed": false
        },
        "primers": [ ["p5primer1","AACAAGACAGTGGTATCAACGCAGAGTACATGGGG"], ["Ga3.10for_mIGH3","GGATAGACAGATGGGGCTGTTGTTGT"], ["Ga12HC.10_REV_CHI","ATAGACAGATGGGGGTGTCGTTTTGG"], ["p5primer1","AACAAGACAGTGGTATCAACGCAGAGTACATGGGG"], ["Ga3.10for_mIGH3","GGATAGACAGATGGGGCTGTTGTTGT"], ["Ga12HC.10_REV_CHI","ATAGACAGATGGGGGTGTCGTTTTGG"] ]
    },
    "Fragment": {
        "in": 100000,
        "out": 104,
        "basepairs_in": 60000000,
        "basepairs_out": 56056,
        "flipped": 49,
        "primers_counts": [ ["p5primer1","Ga12HC.10_REV_CHI",104], ["p5primer1","None",276], ["None","Ga3.10for_mIGH3",1142], ["None","Ga12HC.10_REV_CHI",28043], ["None","None",70435] ]
    },
    "Single_end": {
        "in": 0,
        "out": 0,
        "basepairs_in": 0,
        "basepairs_out": 0,
        "primerTrim": 0,
        "primerBpTrim": 0,
        "discarded": 0
    },
    "Paired_end": {
        "in": 100000,
        "out": 104,
        "discarded": 99896,
        "Read1": {
            "basepairs_in": 30000000,
            "basepairs_out": 27560,
            "primerTrim": 104,
            "primerBpTrim": 3640
        },
        "Read2": {
            "basepairs_in": 30000000,
            "basepairs_out": 28496,
            "primerTrim": 104,
            "primerBpTrim": 2704
        }
    }
  }, {
    "Program_details": {
        "program": "hts_NTrimmer",
        "version": "1.3.2",
        "options": {
            "append-stats-file": "/nmspipeline//01-Processing/TRIMMER0091_P80/01-PrimerTrim/80-SMARTindex_HC_primers.log",
            "exclude": true,
            "force": false,
            "notes": "",
            "uncompressed": false
        }
    },
    "Fragment": {
        "in": 104,
        "out": 104,
        "basepairs_in": 56056,
        "basepairs_out": 56056
    },
    "Single_end": {
        "in": 0,
        "out": 0,
        "basepairs_in": 0,
        "basepairs_out": 0,
        "rightTrim": 0,
        "leftTrim": 0,
        "discarded": 0
    },
    "Paired_end": {
        "in": 104,
        "out": 104,
        "discarded": 0,
        "Read1": {
            "basepairs_in": 27560,
            "basepairs_out": 27560,
            "leftTrim": 0,
            "rightTrim": 0
        },
        "Read2": {
            "basepairs_in": 28496,
            "basepairs_out": 28496,
            "leftTrim": 0,
            "rightTrim": 0
        }
    }
  }, {
    "Program_details": {
        "program": "hts_SeqScreener",
        "version": "1.3.2",
        "options": {
            "append-stats-file": "/nmspipeline//01-Processing/TRIMMER0091_P80/01-PrimerTrim/80-SMARTindex_HC_primers.log",
            "check-read-2": true,
            "force": false,
            "inverse": false,
            "kmer": 21,
            "notes": "",
            "percentage-hits": 0.01,
            "record": true,
            "seq": "../aberrant_LC.fasta",
            "uncompressed": false
        },
        "screen_info": {
            "screenBP": 96,
            "lookupKmers": 8
        }
    },
    "Fragment": {
        "in": 104,
        "out": 104,
        "basepairs_in": 56056,
        "basepairs_out": 56056
    },
    "Single_end": {
        "in": 0,
        "out": 0,
        "basepairs_in": 0,
        "basepairs_out": 0,
        "hits": 0
    },
    "Paired_end": {
        "in": 104,
        "out": 104,
        "hits": 0,
        "Read1": {
            "basepairs_in": 27560,
            "basepairs_out": 27560
        },
        "Read2": {
            "basepairs_in": 28496,
            "basepairs_out": 28496
        }
    }
  }, {
    "Program_details": {
        "program": "hts_QWindowTrim",
        "version": "1.3.2",
        "options": {
            "append-stats-file": "/nmspipeline//01-Processing/TRIMMER0091_P80/01-PrimerTrim/80-SMARTindex_HC_primers.log",
            "avg-qual-score": 10,
            "force": false,
            "no-left": true,
            "no-right": false,
            "notes": "",
            "qual-offset": 33,
            "uncompressed": false,
            "window-size": 10
        }
    },
    "Fragment": {
        "in": 104,
        "out": 104,
        "basepairs_in": 56056,
        "basepairs_out": 55827
    },
    "Single_end": {
        "in": 0,
        "out": 0,
        "basepairs_in": 0,
        "basepairs_out": 0,
        "rightTrim": 0,
        "leftTrim": 0
    },
    "Paired_end": {
        "in": 104,
        "out": 104,
        "Read1": {
            "basepairs_in": 27560,
            "basepairs_out": 27396,
            "leftTrim": 0,
            "rightTrim": 164
        },
        "Read2": {
            "basepairs_in": 28496,
            "basepairs_out": 28431,
            "leftTrim": 0,
            "rightTrim": 65
        }
    }
  }, {
    "Program_details": {
        "program": "hts_Overlapper",
        "version": "1.3.2",
        "options": {
            "append-stats-file": "/nmspipeline//01-Processing/TRIMMER0091_P80/01-PrimerTrim/80-SMARTindex_HC_primers.log",
            "check-lengths": 20,
            "force": false,
            "force-pairs": false,
            "kmer": 8,
            "kmer-offset": 1,
            "max-mismatch": 100,
            "max-mismatch-errorDensity": 0.25,
            "min-overlap": 8,
            "notes": "",
            "number-of-threads": 1,
            "uncompressed": false
        }
    },
    "Fragment": {
        "in": 104,
        "out": 104,
        "basepairs_in": 55827,
        "basepairs_out": 41173,
        "inserts": {
            "short": 15,
            "medium": 83,
            "long": 6
        },
        "overlap_histogram": [ [9,1], [16,1], [18,1], [32,2], [33,1], [50,1], [56,2], [85,1], [90,1], [105,1], [164,1], [207,1], [216,1], [275,1], [332,1], [387,1], [418,2], [428,10], [430,3], [440,1], [444,2], [445,1], [446,2], [448,2], [449,1], [450,8], [451,9], [452,4], [453,4], [454,1], [455,14], [456,12], [457,4] ]
    },
    "Single_end": {
        "in": 0,
        "out": 98,
        "basepairs_in": 0,
        "basepairs_out": 37982
    },
    "Paired_end": {
        "in": 104,
        "out": 6,
        "Read1": {
            "basepairs_in": 27396,
            "basepairs_out": 1558
        },
        "Read2": {
            "basepairs_in": 28431,
            "basepairs_out": 1633
        }
    }
  }, {
    "Program_details": {
        "program": "hts_LengthFilter",
        "version": "1.3.2",
        "options": {
            "append-stats-file": "/nmspipeline//01-Processing/TRIMMER0091_P80/01-PrimerTrim/80-SMARTindex_HC_primers.log",
            "fastq-output": "/nmspipeline//01-Processing/TRIMMER0091_P80/01-PrimerTrim/80-SMARTindex_HC_primers",
            "force": true,
            "max-length": 0,
            "min-length": 385,
            "no-orphans": false,
            "notes": "",
            "stranded": false,
            "uncompressed": false
        }
    },
    "Fragment": {
        "in": 104,
        "out": 81,
        "basepairs_in": 41173,
        "basepairs_out": 36206
    },
    "Single_end": {
        "in": 98,
        "out": 81,
        "basepairs_in": 37982,
        "basepairs_out": 36206,
        "discarded": 17
    },
    "Paired_end": {
        "in": 6,
        "out": 0,
        "discarded": 6,
        "Read1": {
            "basepairs_in": 1558,
            "basepairs_out": 0,
            "discarded": 0
        },
        "Read2": {
            "basepairs_in": 1633,
            "basepairs_out": 0,
            "discarded": 0
        }
    }
  }
]
