[ {
    "Program_details": {
        "program": "hts_Primers",
        "version": "1.3.2",
        "options": {
            "flip": true,
            "float": 0,
            "force": false,
            "keep": false,
            "min_primer_matches": 2,
            "notes": "",
            "primer_end_mismatches": 0,
            "primer_mismatches": 0,
            "primers_3p": "../hc_primers.fasta",
            "primers_5p": "ACTCTTTCAGTGGTATCAACGCAGAGTACATGGGG",
            "read1-input": [ "/nmspipeline//01-Processing/TRIMMER0091_P80/00-RawData/TRIMMER_Plate80_S2_L001_R1_001_sub.fastq.gz"],
            "read2-input": [ "/nmspipeline//01-Processing/TRIMMER0091_P80/00-RawData/TRIMMER_Plate80_S2_L001_R2_001_sub.fastq.gz"],
            "stats-file": "/nmspipeline//01-Processing/TRIMMER0091_P80/01-PrimerTrim/82-SMARTindex_HC_primers.log",
            "uncompressed": false
        },
        "primers": [ ["p5primer1","ACTCTTTCAGTGGTATCAACGCAGAGTACATGGGG"], ["Ga3.10for_mIGH3","GGATAGACAGATGGGGCTGTTGTTGT"], ["Ga12HC.10_REV_CHI","ATAGACAGATGGGGGTGTCGTTTTGG"], ["p5primer1","ACTCTTTCAGTGGTATCAACGCAGAGTACATGGGG"], ["Ga3.10for_mIGH3","GGATAGACAGATGGGGCTGTTGTTGT"], ["Ga12HC.10_REV_CHI","ATAGACAGATGGGGGTGTCGTTTTGG"] ]
    },
    "Fragment": {
        "in": 100000,
        "out": 99,
        "basepairs_in": 60000000,
        "basepairs_out": 53361,
        "flipped": 47,
        "primers_counts": [ ["None","Ga3.10for_mIGH3",1142], ["p5primer1","Ga12HC.10_REV_CHI",99], ["p5primer1","None",480], ["None","Ga12HC.10_REV_CHI",28048], ["None","None",70231] ]
    },
    "Single_end": {
        "in": 0,
        "out": 0,
        "basepairs_in": 0,
        "basepairs_out": 0,
        "primerTrim": 0,
        "primerBpTrim": 0,
        "discarded": 0
    },
    "Paired_end": {
        "in": 100000,
        "out": 99,
        "discarded": 99901,
        "Read1": {
            "basepairs_in": 30000000,
            "basepairs_out": 26235,
            "primerTrim": 99,
            "primerBpTrim": 3465
        },
        "Read2": {
            "basepairs_in": 30000000,
            "basepairs_out": 27126,
            "primerTrim": 99,
            "primerBpTrim": 2574
        }
    }
  }, {
    "Program_details": {
        "program": "hts_NTrimmer",
        "version": "1.3.2",
        "options": {
            "append-stats-file": "/nmspipeline//01-Processing/TRIMMER0091_P80/01-PrimerTrim/82-SMARTindex_HC_primers.log",
            "exclude": true,
            "force": false,
            "notes": "",
            "uncompressed": false
        }
    },
    "Fragment": {
        "in": 99,
        "out": 99,
        "basepairs_in": 53361,
        "basepairs_out": 53361
    },
    "Single_end": {
        "in": 0,
        "out": 0,
        "basepairs_in": 0,
        "basepairs_out": 0,
        "rightTrim": 0,
        "leftTrim": 0,
        "discarded": 0
    },
    "Paired_end": {
        "in": 99,
        "out": 99,
        "discarded": 0,
        "Read1": {
            "basepairs_in": 26235,
            "basepairs_out": 26235,
            "leftTrim": 0,
            "rightTrim": 0
        },
        "Read2": {
            "basepairs_in": 27126,
            "basepairs_out": 27126,
            "leftTrim": 0,
            "rightTrim": 0
        }
    }
  }, {
    "Program_details": {
        "program": "hts_SeqScreener",
        "version": "1.3.2",
        "options": {
            "append-stats-file": "/nmspipeline//01-Processing/TRIMMER0091_P80/01-PrimerTrim/82-SMARTindex_HC_primers.log",
            "check-read-2": true,
            "force": false,
            "inverse": false,
            "kmer": 21,
            "notes": "",
            "percentage-hits": 0.01,
            "record": true,
            "seq": "../aberrant_LC.fasta",
            "uncompressed": false
        },
        "screen_info": {
            "screenBP": 96,
            "lookupKmers": 8
        }
    },
    "Fragment": {
        "in": 99,
        "out": 99,
        "basepairs_in": 53361,
        "basepairs_out": 53361
    },
    "Single_end": {
        "in": 0,
        "out": 0,
        "basepairs_in": 0,
        "basepairs_out": 0,
        "hits": 0
    },
    "Paired_end": {
        "in": 99,
        "out": 99,
        "hits": 0,
        "Read1": {
            "basepairs_in": 26235,
            "basepairs_out": 26235
        },
        "Read2": {
            "basepairs_in": 27126,
            "basepairs_out": 27126
        }
    }
  }, {
    "Program_details": {
        "program": "hts_QWindowTrim",
        "version": "1.3.2",
        "options": {
            "append-stats-file": "/nmspipeline//01-Processing/TRIMMER0091_P80/01-PrimerTrim/82-SMARTindex_HC_primers.log",
            "avg-qual-score": 10,
            "force": false,
            "no-left": true,
            "no-right": false,
            "notes": "",
            "qual-offset": 33,
            "uncompressed": false,
            "window-size": 10
        }
    },
    "Fragment": {
        "in": 99,
        "out": 99,
        "basepairs_in": 53361,
        "basepairs_out": 53135
    },
    "Single_end": {
        "in": 0,
        "out": 0,
        "basepairs_in": 0,
        "basepairs_out": 0,
        "rightTrim": 0,
        "leftTrim": 0
    },
    "Paired_end": {
        "in": 99,
        "out": 99,
        "Read1": {
            "basepairs_in": 26235,
            "basepairs_out": 26149,
            "leftTrim": 0,
            "rightTrim": 86
        },
        "Read2": {
            "basepairs_in": 27126,
            "basepairs_out": 26986,
            "leftTrim": 0,
            "rightTrim": 140
        }
    }
  }, {
    "Program_details": {
        "program": "hts_Overlapper",
        "version": "1.3.2",
        "options": {
            "append-stats-file": "/nmspipeline//01-Processing/TRIMMER0091_P80/01-PrimerTrim/82-SMARTindex_HC_primers.log",
            "check-lengths": 20,
            "force": false,
            "force-pairs": false,
            "kmer": 8,
            "kmer-offset": 1,
            "max-mismatch": 100,
            "max-mismatch-errorDensity": 0.25,
            "min-overlap": 8,
            "notes": "",
            "number-of-threads": 1,
            "uncompressed": false
        }
    },
    "Fragment": {
        "in": 99,
        "out": 99,
        "basepairs_in": 53135,
        "basepairs_out": 41177,
        "inserts": {
            "short": 6,
            "medium": 87,
            "long": 6
        },
        "overlap_histogram": [ [18,1], [31,1], [48,1], [63,1], [90,1], [230,1], [296,1], [312,1], [357,2], [360,1], [361,4], [374,1], [412,1], [437,3], [438,15], [439,1], [441,1], [442,51], [443,1], [444,1], [445,1], [460,1], [464,1] ]
    },
    "Single_end": {
        "in": 0,
        "out": 93,
        "basepairs_in": 0,
        "basepairs_out": 37951
    },
    "Paired_end": {
        "in": 99,
        "out": 6,
        "Read1": {
            "basepairs_in": 26149,
            "basepairs_out": 1587
        },
        "Read2": {
            "basepairs_in": 26986,
            "basepairs_out": 1639
        }
    }
  }, {
    "Program_details": {
        "program": "hts_LengthFilter",
        "version": "1.3.2",
        "options": {
            "append-stats-file": "/nmspipeline//01-Processing/TRIMMER0091_P80/01-PrimerTrim/82-SMARTindex_HC_primers.log",
            "fastq-output": "/nmspipeline//01-Processing/TRIMMER0091_P80/01-PrimerTrim/82-SMARTindex_HC_primers",
            "force": true,
            "max-length": 0,
            "min-length": 385,
            "no-orphans": false,
            "notes": "",
            "stranded": false,
            "uncompressed": false
        }
    },
    "Fragment": {
        "in": 99,
        "out": 77,
        "basepairs_in": 41177,
        "basepairs_out": 33971
    },
    "Single_end": {
        "in": 93,
        "out": 77,
        "basepairs_in": 37951,
        "basepairs_out": 33971,
        "discarded": 16
    },
    "Paired_end": {
        "in": 6,
        "out": 0,
        "discarded": 6,
        "Read1": {
            "basepairs_in": 1587,
            "basepairs_out": 0,
            "discarded": 0
        },
        "Read2": {
            "basepairs_in": 1639,
            "basepairs_out": 0,
            "discarded": 0
        }
    }
  }
]
