[ {
    "Program_details": {
        "program": "hts_Primers",
        "version": "1.3.2",
        "options": {
            "flip": true,
            "float": 0,
            "force": false,
            "keep": false,
            "min_primer_matches": 2,
            "notes": "",
            "primer_end_mismatches": 0,
            "primer_mismatches": 0,
            "primers_3p": "../lc_primers.fasta",
            "primers_5p": "ACTCTTTCAGTGGTATCAACGCAGAGTACATGGGG",
            "read1-input": [ "/nmspipeline//01-Processing/TRIMMER0091_P80/00-RawData/TRIMMER_Plate80_S2_L001_R1_001_sub.fastq.gz"],
            "read2-input": [ "/nmspipeline//01-Processing/TRIMMER0091_P80/00-RawData/TRIMMER_Plate80_S2_L001_R2_001_sub.fastq.gz"],
            "stats-file": "/nmspipeline//01-Processing/TRIMMER0091_P80/01-PrimerTrim/82-SMARTindex_LC_primers.log",
            "uncompressed": false
        },
        "primers": [ ["p5primer1","ACTCTTTCAGTGGTATCAACGCAGAGTACATGGGG"], ["KaLC.6_REV_LC","GGATACAGTTGGTGCAGCATC"], ["LaLC.R-mIGL","ATCGTACACACCAGTGTGGC"], ["p5primer1","ACTCTTTCAGTGGTATCAACGCAGAGTACATGGGG"], ["KaLC.6_REV_LC","GGATACAGTTGGTGCAGCATC"], ["LaLC.R-mIGL","ATCGTACACACCAGTGTGGC"] ]
    },
    "Fragment": {
        "in": 100000,
        "out": 386,
        "basepairs_in": 60000000,
        "basepairs_out": 209986,
        "flipped": 180,
        "primers_counts": [ ["p5primer1","LaLC.R-mIGL",2], ["p5primer1","KaLC.6_REV_LC",384], ["p5primer1","None",193], ["None","LaLC.R-mIGL",602], ["None","None",48273], ["None","KaLC.6_REV_LC",50546] ]
    },
    "Single_end": {
        "in": 0,
        "out": 0,
        "basepairs_in": 0,
        "basepairs_out": 0,
        "primerTrim": 0,
        "primerBpTrim": 0,
        "discarded": 0
    },
    "Paired_end": {
        "in": 100000,
        "out": 386,
        "discarded": 99614,
        "Read1": {
            "basepairs_in": 30000000,
            "basepairs_out": 102290,
            "primerTrim": 386,
            "primerBpTrim": 13510
        },
        "Read2": {
            "basepairs_in": 30000000,
            "basepairs_out": 107696,
            "primerTrim": 386,
            "primerBpTrim": 8104
        }
    }
  }, {
    "Program_details": {
        "program": "hts_NTrimmer",
        "version": "1.3.2",
        "options": {
            "append-stats-file": "/nmspipeline//01-Processing/TRIMMER0091_P80/01-PrimerTrim/82-SMARTindex_LC_primers.log",
            "exclude": true,
            "force": false,
            "notes": "",
            "uncompressed": false
        }
    },
    "Fragment": {
        "in": 386,
        "out": 386,
        "basepairs_in": 209986,
        "basepairs_out": 209986
    },
    "Single_end": {
        "in": 0,
        "out": 0,
        "basepairs_in": 0,
        "basepairs_out": 0,
        "rightTrim": 0,
        "leftTrim": 0,
        "discarded": 0
    },
    "Paired_end": {
        "in": 386,
        "out": 386,
        "discarded": 0,
        "Read1": {
            "basepairs_in": 102290,
            "basepairs_out": 102290,
            "leftTrim": 0,
            "rightTrim": 0
        },
        "Read2": {
            "basepairs_in": 107696,
            "basepairs_out": 107696,
            "leftTrim": 0,
            "rightTrim": 0
        }
    }
  }, {
    "Program_details": {
        "program": "hts_SeqScreener",
        "version": "1.3.2",
        "options": {
            "append-stats-file": "/nmspipeline//01-Processing/TRIMMER0091_P80/01-PrimerTrim/82-SMARTindex_LC_primers.log",
            "check-read-2": true,
            "force": false,
            "inverse": false,
            "kmer": 21,
            "notes": "",
            "percentage-hits": 0.01,
            "record": true,
            "seq": "../aberrant_LC.fasta",
            "uncompressed": false
        },
        "screen_info": {
            "screenBP": 96,
            "lookupKmers": 8
        }
    },
    "Fragment": {
        "in": 386,
        "out": 386,
        "basepairs_in": 209986,
        "basepairs_out": 209986
    },
    "Single_end": {
        "in": 0,
        "out": 0,
        "basepairs_in": 0,
        "basepairs_out": 0,
        "hits": 0
    },
    "Paired_end": {
        "in": 386,
        "out": 386,
        "hits": 43,
        "Read1": {
            "basepairs_in": 102290,
            "basepairs_out": 102290
        },
        "Read2": {
            "basepairs_in": 107696,
            "basepairs_out": 107696
        }
    }
  }, {
    "Program_details": {
        "program": "hts_QWindowTrim",
        "version": "1.3.2",
        "options": {
            "append-stats-file": "/nmspipeline//01-Processing/TRIMMER0091_P80/01-PrimerTrim/82-SMARTindex_LC_primers.log",
            "avg-qual-score": 10,
            "force": false,
            "no-left": true,
            "no-right": false,
            "notes": "",
            "qual-offset": 33,
            "uncompressed": false,
            "window-size": 10
        }
    },
    "Fragment": {
        "in": 386,
        "out": 386,
        "basepairs_in": 209986,
        "basepairs_out": 209424
    },
    "Single_end": {
        "in": 0,
        "out": 0,
        "basepairs_in": 0,
        "basepairs_out": 0,
        "rightTrim": 0,
        "leftTrim": 0
    },
    "Paired_end": {
        "in": 386,
        "out": 386,
        "Read1": {
            "basepairs_in": 102290,
            "basepairs_out": 102173,
            "leftTrim": 0,
            "rightTrim": 117
        },
        "Read2": {
            "basepairs_in": 107696,
            "basepairs_out": 107251,
            "leftTrim": 0,
            "rightTrim": 445
        }
    }
  }, {
    "Program_details": {
        "program": "hts_Overlapper",
        "version": "1.3.2",
        "options": {
            "append-stats-file": "/nmspipeline//01-Processing/TRIMMER0091_P80/01-PrimerTrim/82-SMARTindex_LC_primers.log",
            "check-lengths": 20,
            "force": false,
            "force-pairs": false,
            "kmer": 8,
            "kmer-offset": 1,
            "max-mismatch": 100,
            "max-mismatch-errorDensity": 0.25,
            "min-overlap": 8,
            "notes": "",
            "number-of-threads": 1,
            "uncompressed": false
        }
    },
    "Fragment": {
        "in": 386,
        "out": 386,
        "basepairs_in": 209424,
        "basepairs_out": 159129,
        "inserts": {
            "short": 15,
            "medium": 350,
            "long": 21
        },
        "overlap_histogram": [ [39,1], [67,1], [80,1], [83,1], [100,1], [157,1], [160,1], [161,1], [172,1], [177,1], [222,1], [230,1], [259,1], [263,2], [300,1], [318,1], [321,1], [325,1], [369,1], [386,1], [388,1], [395,1], [398,3], [399,6], [400,1], [403,1], [407,2], [411,1], [412,3], [414,1], [415,2], [416,43], [417,233], [418,22], [419,1], [421,4], [422,5], [423,7], [424,1], [425,1], [427,1], [430,1], [435,1], [440,2] ]
    },
    "Single_end": {
        "in": 0,
        "out": 365,
        "basepairs_in": 0,
        "basepairs_out": 147771
    },
    "Paired_end": {
        "in": 386,
        "out": 21,
        "Read1": {
            "basepairs_in": 102173,
            "basepairs_out": 5529
        },
        "Read2": {
            "basepairs_in": 107251,
            "basepairs_out": 5829
        }
    }
  }, {
    "Program_details": {
        "program": "hts_LengthFilter",
        "version": "1.3.2",
        "options": {
            "append-stats-file": "/nmspipeline//01-Processing/TRIMMER0091_P80/01-PrimerTrim/82-SMARTindex_LC_primers.log",
            "fastq-output": "/nmspipeline//01-Processing/TRIMMER0091_P80/01-PrimerTrim/82-SMARTindex_LC_primers",
            "force": true,
            "max-length": 0,
            "min-length": 385,
            "no-orphans": false,
            "notes": "",
            "stranded": false,
            "uncompressed": false
        }
    },
    "Fragment": {
        "in": 386,
        "out": 345,
        "basepairs_in": 159129,
        "basepairs_out": 143705
    },
    "Single_end": {
        "in": 365,
        "out": 345,
        "basepairs_in": 147771,
        "basepairs_out": 143705,
        "discarded": 20
    },
    "Paired_end": {
        "in": 21,
        "out": 0,
        "discarded": 21,
        "Read1": {
            "basepairs_in": 5529,
            "basepairs_out": 0,
            "discarded": 0
        },
        "Read2": {
            "basepairs_in": 5829,
            "basepairs_out": 0,
            "discarded": 0
        }
    }
  }
]
