[ {
    "Program_details": {
        "program": "hts_Primers",
        "version": "1.3.2",
        "options": {
            "flip": true,
            "float": 0,
            "force": false,
            "keep": false,
            "min_primer_matches": 2,
            "notes": "",
            "primer_end_mismatches": 0,
            "primer_mismatches": 0,
            "primers_3p": "../hc_primers.fasta",
            "primers_5p": "TGCTATTCAGTGGTATCAACGCAGAGTACATGGGG",
            "read1-input": [ "/nmspipeline//01-Processing/TRIMMER0091_P80/00-RawData/TRIMMER_Plate80_S2_L001_R1_001_sub.fastq.gz"],
            "read2-input": [ "/nmspipeline//01-Processing/TRIMMER0091_P80/00-RawData/TRIMMER_Plate80_S2_L001_R2_001_sub.fastq.gz"],
            "stats-file": "/nmspipeline//01-Processing/TRIMMER0091_P80/01-PrimerTrim/83-SMARTindex_HC_primers.log",
            "uncompressed": false
        },
        "primers": [ ["p5primer1","TGCTATTCAGTGGTATCAACGCAGAGTACATGGGG"], ["Ga3.10for_mIGH3","GGATAGACAGATGGGGCTGTTGTTGT"], ["Ga12HC.10_REV_CHI","ATAGACAGATGGGGGTGTCGTTTTGG"], ["p5primer1","TGCTATTCAGTGGTATCAACGCAGAGTACATGGGG"], ["Ga3.10for_mIGH3","GGATAGACAGATGGGGCTGTTGTTGT"], ["Ga12HC.10_REV_CHI","ATAGACAGATGGGGGTGTCGTTTTGG"] ]
    },
    "Fragment": {
        "in": 100000,
        "out": 411,
        "basepairs_in": 60000000,
        "basepairs_out": 221529,
        "flipped": 184,
        "primers_counts": [ ["p5primer1","None",376], ["p5primer1","Ga3.10for_mIGH3",1], ["None","Ga3.10for_mIGH3",1141], ["p5primer1","Ga12HC.10_REV_CHI",410], ["None","Ga12HC.10_REV_CHI",27737], ["None","None",70335] ]
    },
    "Single_end": {
        "in": 0,
        "out": 0,
        "basepairs_in": 0,
        "basepairs_out": 0,
        "primerTrim": 0,
        "primerBpTrim": 0,
        "discarded": 0
    },
    "Paired_end": {
        "in": 100000,
        "out": 411,
        "discarded": 99589,
        "Read1": {
            "basepairs_in": 30000000,
            "basepairs_out": 108915,
            "primerTrim": 411,
            "primerBpTrim": 14385
        },
        "Read2": {
            "basepairs_in": 30000000,
            "basepairs_out": 112614,
            "primerTrim": 411,
            "primerBpTrim": 10686
        }
    }
  }, {
    "Program_details": {
        "program": "hts_NTrimmer",
        "version": "1.3.2",
        "options": {
            "append-stats-file": "/nmspipeline//01-Processing/TRIMMER0091_P80/01-PrimerTrim/83-SMARTindex_HC_primers.log",
            "exclude": true,
            "force": false,
            "notes": "",
            "uncompressed": false
        }
    },
    "Fragment": {
        "in": 411,
        "out": 411,
        "basepairs_in": 221529,
        "basepairs_out": 221529
    },
    "Single_end": {
        "in": 0,
        "out": 0,
        "basepairs_in": 0,
        "basepairs_out": 0,
        "rightTrim": 0,
        "leftTrim": 0,
        "discarded": 0
    },
    "Paired_end": {
        "in": 411,
        "out": 411,
        "discarded": 0,
        "Read1": {
            "basepairs_in": 108915,
            "basepairs_out": 108915,
            "leftTrim": 0,
            "rightTrim": 0
        },
        "Read2": {
            "basepairs_in": 112614,
            "basepairs_out": 112614,
            "leftTrim": 0,
            "rightTrim": 0
        }
    }
  }, {
    "Program_details": {
        "program": "hts_SeqScreener",
        "version": "1.3.2",
        "options": {
            "append-stats-file": "/nmspipeline//01-Processing/TRIMMER0091_P80/01-PrimerTrim/83-SMARTindex_HC_primers.log",
            "check-read-2": true,
            "force": false,
            "inverse": false,
            "kmer": 21,
            "notes": "",
            "percentage-hits": 0.01,
            "record": true,
            "seq": "../aberrant_LC.fasta",
            "uncompressed": false
        },
        "screen_info": {
            "screenBP": 96,
            "lookupKmers": 8
        }
    },
    "Fragment": {
        "in": 411,
        "out": 411,
        "basepairs_in": 221529,
        "basepairs_out": 221529
    },
    "Single_end": {
        "in": 0,
        "out": 0,
        "basepairs_in": 0,
        "basepairs_out": 0,
        "hits": 0
    },
    "Paired_end": {
        "in": 411,
        "out": 411,
        "hits": 0,
        "Read1": {
            "basepairs_in": 108915,
            "basepairs_out": 108915
        },
        "Read2": {
            "basepairs_in": 112614,
            "basepairs_out": 112614
        }
    }
  }, {
    "Program_details": {
        "program": "hts_QWindowTrim",
        "version": "1.3.2",
        "options": {
            "append-stats-file": "/nmspipeline//01-Processing/TRIMMER0091_P80/01-PrimerTrim/83-SMARTindex_HC_primers.log",
            "avg-qual-score": 10,
            "force": false,
            "no-left": true,
            "no-right": false,
            "notes": "",
            "qual-offset": 33,
            "uncompressed": false,
            "window-size": 10
        }
    },
    "Fragment": {
        "in": 411,
        "out": 411,
        "basepairs_in": 221529,
        "basepairs_out": 220654
    },
    "Single_end": {
        "in": 0,
        "out": 0,
        "basepairs_in": 0,
        "basepairs_out": 0,
        "rightTrim": 0,
        "leftTrim": 0
    },
    "Paired_end": {
        "in": 411,
        "out": 411,
        "Read1": {
            "basepairs_in": 108915,
            "basepairs_out": 108681,
            "leftTrim": 0,
            "rightTrim": 234
        },
        "Read2": {
            "basepairs_in": 112614,
            "basepairs_out": 111973,
            "leftTrim": 0,
            "rightTrim": 641
        }
    }
  }, {
    "Program_details": {
        "program": "hts_Overlapper",
        "version": "1.3.2",
        "options": {
            "append-stats-file": "/nmspipeline//01-Processing/TRIMMER0091_P80/01-PrimerTrim/83-SMARTindex_HC_primers.log",
            "check-lengths": 20,
            "force": false,
            "force-pairs": false,
            "kmer": 8,
            "kmer-offset": 1,
            "max-mismatch": 100,
            "max-mismatch-errorDensity": 0.25,
            "min-overlap": 8,
            "notes": "",
            "number-of-threads": 1,
            "uncompressed": false
        }
    },
    "Fragment": {
        "in": 411,
        "out": 411,
        "basepairs_in": 220654,
        "basepairs_out": 177449,
        "inserts": {
            "short": 22,
            "medium": 359,
            "long": 30
        },
        "overlap_histogram": [ [15,1], [17,1], [22,1], [29,1], [34,1], [51,2], [58,1], [62,1], [65,1], [68,1], [87,1], [104,1], [109,1], [122,1], [125,1], [182,1], [187,1], [214,1], [251,1], [261,1], [262,1], [337,1], [397,1], [404,3], [409,1], [421,2], [422,5], [425,1], [431,3], [432,2], [440,11], [442,2], [443,12], [444,235], [445,9], [446,41], [447,11], [448,17], [454,1], [462,1] ]
    },
    "Single_end": {
        "in": 0,
        "out": 381,
        "basepairs_in": 0,
        "basepairs_out": 161385
    },
    "Paired_end": {
        "in": 411,
        "out": 30,
        "Read1": {
            "basepairs_in": 108681,
            "basepairs_out": 7909
        },
        "Read2": {
            "basepairs_in": 111973,
            "basepairs_out": 8155
        }
    }
  }, {
    "Program_details": {
        "program": "hts_LengthFilter",
        "version": "1.3.2",
        "options": {
            "append-stats-file": "/nmspipeline//01-Processing/TRIMMER0091_P80/01-PrimerTrim/83-SMARTindex_HC_primers.log",
            "fastq-output": "/nmspipeline//01-Processing/TRIMMER0091_P80/01-PrimerTrim/83-SMARTindex_HC_primers",
            "force": true,
            "max-length": 0,
            "min-length": 385,
            "no-orphans": false,
            "notes": "",
            "stranded": false,
            "uncompressed": false
        }
    },
    "Fragment": {
        "in": 411,
        "out": 358,
        "basepairs_in": 177449,
        "basepairs_out": 158672
    },
    "Single_end": {
        "in": 381,
        "out": 358,
        "basepairs_in": 161385,
        "basepairs_out": 158672,
        "discarded": 23
    },
    "Paired_end": {
        "in": 30,
        "out": 0,
        "discarded": 30,
        "Read1": {
            "basepairs_in": 7909,
            "basepairs_out": 0,
            "discarded": 0
        },
        "Read2": {
            "basepairs_in": 8155,
            "basepairs_out": 0,
            "discarded": 0
        }
    }
  }
]
