[ {
    "Program_details": {
        "program": "hts_Primers",
        "version": "1.3.2",
        "options": {
            "flip": true,
            "float": 0,
            "force": false,
            "keep": false,
            "min_primer_matches": 2,
            "notes": "",
            "primer_end_mismatches": 0,
            "primer_mismatches": 0,
            "primers_3p": "../lc_primers.fasta",
            "primers_5p": "AAGTGGTCAGTGGTATCAACGCAGAGTACATGGGG",
            "read1-input": [ "/nmspipeline//01-Processing/TRIMMER0091_P80/00-RawData/TRIMMER_Plate80_S2_L001_R1_001_sub.fastq.gz"],
            "read2-input": [ "/nmspipeline//01-Processing/TRIMMER0091_P80/00-RawData/TRIMMER_Plate80_S2_L001_R2_001_sub.fastq.gz"],
            "stats-file": "/nmspipeline//01-Processing/TRIMMER0091_P80/01-PrimerTrim/84-SMARTindex_LC_primers.log",
            "uncompressed": false
        },
        "primers": [ ["p5primer1","AAGTGGTCAGTGGTATCAACGCAGAGTACATGGGG"], ["KaLC.6_REV_LC","GGATACAGTTGGTGCAGCATC"], ["LaLC.R-mIGL","ATCGTACACACCAGTGTGGC"], ["p5primer1","AAGTGGTCAGTGGTATCAACGCAGAGTACATGGGG"], ["KaLC.6_REV_LC","GGATACAGTTGGTGCAGCATC"], ["LaLC.R-mIGL","ATCGTACACACCAGTGTGGC"] ]
    },
    "Fragment": {
        "in": 100000,
        "out": 182,
        "basepairs_in": 60000000,
        "basepairs_out": 99009,
        "flipped": 83,
        "primers_counts": [ ["p5primer1","LaLC.R-mIGL",1], ["p5primer1","KaLC.6_REV_LC",181], ["p5primer1","None",132], ["None","LaLC.R-mIGL",603], ["None","None",48334], ["None","KaLC.6_REV_LC",50749] ]
    },
    "Single_end": {
        "in": 0,
        "out": 0,
        "basepairs_in": 0,
        "basepairs_out": 0,
        "primerTrim": 0,
        "primerBpTrim": 0,
        "discarded": 0
    },
    "Paired_end": {
        "in": 100000,
        "out": 182,
        "discarded": 99818,
        "Read1": {
            "basepairs_in": 30000000,
            "basepairs_out": 48230,
            "primerTrim": 182,
            "primerBpTrim": 6370
        },
        "Read2": {
            "basepairs_in": 30000000,
            "basepairs_out": 50779,
            "primerTrim": 182,
            "primerBpTrim": 3821
        }
    }
  }, {
    "Program_details": {
        "program": "hts_NTrimmer",
        "version": "1.3.2",
        "options": {
            "append-stats-file": "/nmspipeline//01-Processing/TRIMMER0091_P80/01-PrimerTrim/84-SMARTindex_LC_primers.log",
            "exclude": true,
            "force": false,
            "notes": "",
            "uncompressed": false
        }
    },
    "Fragment": {
        "in": 182,
        "out": 182,
        "basepairs_in": 99009,
        "basepairs_out": 99009
    },
    "Single_end": {
        "in": 0,
        "out": 0,
        "basepairs_in": 0,
        "basepairs_out": 0,
        "rightTrim": 0,
        "leftTrim": 0,
        "discarded": 0
    },
    "Paired_end": {
        "in": 182,
        "out": 182,
        "discarded": 0,
        "Read1": {
            "basepairs_in": 48230,
            "basepairs_out": 48230,
            "leftTrim": 0,
            "rightTrim": 0
        },
        "Read2": {
            "basepairs_in": 50779,
            "basepairs_out": 50779,
            "leftTrim": 0,
            "rightTrim": 0
        }
    }
  }, {
    "Program_details": {
        "program": "hts_SeqScreener",
        "version": "1.3.2",
        "options": {
            "append-stats-file": "/nmspipeline//01-Processing/TRIMMER0091_P80/01-PrimerTrim/84-SMARTindex_LC_primers.log",
            "check-read-2": true,
            "force": false,
            "inverse": false,
            "kmer": 21,
            "notes": "",
            "percentage-hits": 0.01,
            "record": true,
            "seq": "../aberrant_LC.fasta",
            "uncompressed": false
        },
        "screen_info": {
            "screenBP": 96,
            "lookupKmers": 8
        }
    },
    "Fragment": {
        "in": 182,
        "out": 182,
        "basepairs_in": 99009,
        "basepairs_out": 99009
    },
    "Single_end": {
        "in": 0,
        "out": 0,
        "basepairs_in": 0,
        "basepairs_out": 0,
        "hits": 0
    },
    "Paired_end": {
        "in": 182,
        "out": 182,
        "hits": 141,
        "Read1": {
            "basepairs_in": 48230,
            "basepairs_out": 48230
        },
        "Read2": {
            "basepairs_in": 50779,
            "basepairs_out": 50779
        }
    }
  }, {
    "Program_details": {
        "program": "hts_QWindowTrim",
        "version": "1.3.2",
        "options": {
            "append-stats-file": "/nmspipeline//01-Processing/TRIMMER0091_P80/01-PrimerTrim/84-SMARTindex_LC_primers.log",
            "avg-qual-score": 10,
            "force": false,
            "no-left": true,
            "no-right": false,
            "notes": "",
            "qual-offset": 33,
            "uncompressed": false,
            "window-size": 10
        }
    },
    "Fragment": {
        "in": 182,
        "out": 182,
        "basepairs_in": 99009,
        "basepairs_out": 98633
    },
    "Single_end": {
        "in": 0,
        "out": 0,
        "basepairs_in": 0,
        "basepairs_out": 0,
        "rightTrim": 0,
        "leftTrim": 0
    },
    "Paired_end": {
        "in": 182,
        "out": 182,
        "Read1": {
            "basepairs_in": 48230,
            "basepairs_out": 48047,
            "leftTrim": 0,
            "rightTrim": 183
        },
        "Read2": {
            "basepairs_in": 50779,
            "basepairs_out": 50586,
            "leftTrim": 0,
            "rightTrim": 193
        }
    }
  }, {
    "Program_details": {
        "program": "hts_Overlapper",
        "version": "1.3.2",
        "options": {
            "append-stats-file": "/nmspipeline//01-Processing/TRIMMER0091_P80/01-PrimerTrim/84-SMARTindex_LC_primers.log",
            "check-lengths": 20,
            "force": false,
            "force-pairs": false,
            "kmer": 8,
            "kmer-offset": 1,
            "max-mismatch": 100,
            "max-mismatch-errorDensity": 0.25,
            "min-overlap": 8,
            "notes": "",
            "number-of-threads": 1,
            "uncompressed": false
        }
    },
    "Fragment": {
        "in": 182,
        "out": 182,
        "basepairs_in": 98633,
        "basepairs_out": 66367,
        "inserts": {
            "short": 40,
            "medium": 134,
            "long": 8
        },
        "overlap_histogram": [ [23,1], [25,1], [29,1], [36,1], [38,1], [82,2], [84,1], [86,9], [105,1], [113,1], [124,1], [155,1], [164,2], [165,4], [166,1], [168,8], [184,1], [209,1], [267,1], [270,1], [284,1], [292,1], [351,1], [376,1], [395,1], [396,1], [397,1], [398,2], [399,2], [403,1], [418,14], [419,4], [420,1], [421,3], [422,5], [423,5], [424,1], [427,1], [430,6], [431,18], [432,5], [433,7], [434,43], [435,1], [438,1], [440,5], [442,1], [452,1] ]
    },
    "Single_end": {
        "in": 0,
        "out": 174,
        "basepairs_in": 0,
        "basepairs_out": 62031
    },
    "Paired_end": {
        "in": 182,
        "out": 8,
        "Read1": {
            "basepairs_in": 48047,
            "basepairs_out": 2119
        },
        "Read2": {
            "basepairs_in": 50586,
            "basepairs_out": 2217
        }
    }
  }, {
    "Program_details": {
        "program": "hts_LengthFilter",
        "version": "1.3.2",
        "options": {
            "append-stats-file": "/nmspipeline//01-Processing/TRIMMER0091_P80/01-PrimerTrim/84-SMARTindex_LC_primers.log",
            "fastq-output": "/nmspipeline//01-Processing/TRIMMER0091_P80/01-PrimerTrim/84-SMARTindex_LC_primers",
            "force": true,
            "max-length": 0,
            "min-length": 385,
            "no-orphans": false,
            "notes": "",
            "stranded": false,
            "uncompressed": false
        }
    },
    "Fragment": {
        "in": 182,
        "out": 130,
        "basepairs_in": 66367,
        "basepairs_out": 55630
    },
    "Single_end": {
        "in": 174,
        "out": 130,
        "basepairs_in": 62031,
        "basepairs_out": 55630,
        "discarded": 44
    },
    "Paired_end": {
        "in": 8,
        "out": 0,
        "discarded": 8,
        "Read1": {
            "basepairs_in": 2119,
            "basepairs_out": 0,
            "discarded": 0
        },
        "Read2": {
            "basepairs_in": 2217,
            "basepairs_out": 0,
            "discarded": 0
        }
    }
  }
]
