[ {
    "Program_details": {
        "program": "hts_Primers",
        "version": "1.3.2",
        "options": {
            "flip": true,
            "float": 0,
            "force": false,
            "keep": false,
            "min_primer_matches": 2,
            "notes": "",
            "primer_end_mismatches": 0,
            "primer_mismatches": 0,
            "primers_3p": "../hc_primers.fasta",
            "primers_5p": "AAGTGGTCAGTGGTATCAACGCAGAGTACATGGGG",
            "read1-input": [ "/nmspipeline//01-Processing/TRIMMER0091_P80/00-RawData/TRIMMER_Plate80_S2_L001_R1_001_sub.fastq.gz"],
            "read2-input": [ "/nmspipeline//01-Processing/TRIMMER0091_P80/00-RawData/TRIMMER_Plate80_S2_L001_R2_001_sub.fastq.gz"],
            "stats-file": "/nmspipeline//01-Processing/TRIMMER0091_P80/01-PrimerTrim/84-SMARTindex_HC_primers.log",
            "uncompressed": false
        },
        "primers": [ ["p5primer1","AAGTGGTCAGTGGTATCAACGCAGAGTACATGGGG"], ["Ga3.10for_mIGH3","GGATAGACAGATGGGGCTGTTGTTGT"], ["Ga12HC.10_REV_CHI","ATAGACAGATGGGGGTGTCGTTTTGG"], ["p5primer1","AAGTGGTCAGTGGTATCAACGCAGAGTACATGGGG"], ["Ga3.10for_mIGH3","GGATAGACAGATGGGGCTGTTGTTGT"], ["Ga12HC.10_REV_CHI","ATAGACAGATGGGGGTGTCGTTTTGG"] ]
    },
    "Fragment": {
        "in": 100000,
        "out": 71,
        "basepairs_in": 60000000,
        "basepairs_out": 38269,
        "flipped": 28,
        "primers_counts": [ ["p5primer1","None",243], ["p5primer1","Ga12HC.10_REV_CHI",70], ["p5primer1","Ga3.10for_mIGH3",1], ["None","Ga3.10for_mIGH3",1141], ["None","Ga12HC.10_REV_CHI",28077], ["None","None",70468] ]
    },
    "Single_end": {
        "in": 0,
        "out": 0,
        "basepairs_in": 0,
        "basepairs_out": 0,
        "primerTrim": 0,
        "primerBpTrim": 0,
        "discarded": 0
    },
    "Paired_end": {
        "in": 100000,
        "out": 71,
        "discarded": 99929,
        "Read1": {
            "basepairs_in": 30000000,
            "basepairs_out": 18815,
            "primerTrim": 71,
            "primerBpTrim": 2485
        },
        "Read2": {
            "basepairs_in": 30000000,
            "basepairs_out": 19454,
            "primerTrim": 71,
            "primerBpTrim": 1846
        }
    }
  }, {
    "Program_details": {
        "program": "hts_NTrimmer",
        "version": "1.3.2",
        "options": {
            "append-stats-file": "/nmspipeline//01-Processing/TRIMMER0091_P80/01-PrimerTrim/84-SMARTindex_HC_primers.log",
            "exclude": true,
            "force": false,
            "notes": "",
            "uncompressed": false
        }
    },
    "Fragment": {
        "in": 71,
        "out": 71,
        "basepairs_in": 38269,
        "basepairs_out": 38269
    },
    "Single_end": {
        "in": 0,
        "out": 0,
        "basepairs_in": 0,
        "basepairs_out": 0,
        "rightTrim": 0,
        "leftTrim": 0,
        "discarded": 0
    },
    "Paired_end": {
        "in": 71,
        "out": 71,
        "discarded": 0,
        "Read1": {
            "basepairs_in": 18815,
            "basepairs_out": 18815,
            "leftTrim": 0,
            "rightTrim": 0
        },
        "Read2": {
            "basepairs_in": 19454,
            "basepairs_out": 19454,
            "leftTrim": 0,
            "rightTrim": 0
        }
    }
  }, {
    "Program_details": {
        "program": "hts_SeqScreener",
        "version": "1.3.2",
        "options": {
            "append-stats-file": "/nmspipeline//01-Processing/TRIMMER0091_P80/01-PrimerTrim/84-SMARTindex_HC_primers.log",
            "check-read-2": true,
            "force": false,
            "inverse": false,
            "kmer": 21,
            "notes": "",
            "percentage-hits": 0.01,
            "record": true,
            "seq": "../aberrant_LC.fasta",
            "uncompressed": false
        },
        "screen_info": {
            "screenBP": 96,
            "lookupKmers": 8
        }
    },
    "Fragment": {
        "in": 71,
        "out": 71,
        "basepairs_in": 38269,
        "basepairs_out": 38269
    },
    "Single_end": {
        "in": 0,
        "out": 0,
        "basepairs_in": 0,
        "basepairs_out": 0,
        "hits": 0
    },
    "Paired_end": {
        "in": 71,
        "out": 71,
        "hits": 0,
        "Read1": {
            "basepairs_in": 18815,
            "basepairs_out": 18815
        },
        "Read2": {
            "basepairs_in": 19454,
            "basepairs_out": 19454
        }
    }
  }, {
    "Program_details": {
        "program": "hts_QWindowTrim",
        "version": "1.3.2",
        "options": {
            "append-stats-file": "/nmspipeline//01-Processing/TRIMMER0091_P80/01-PrimerTrim/84-SMARTindex_HC_primers.log",
            "avg-qual-score": 10,
            "force": false,
            "no-left": true,
            "no-right": false,
            "notes": "",
            "qual-offset": 33,
            "uncompressed": false,
            "window-size": 10
        }
    },
    "Fragment": {
        "in": 71,
        "out": 71,
        "basepairs_in": 38269,
        "basepairs_out": 38066
    },
    "Single_end": {
        "in": 0,
        "out": 0,
        "basepairs_in": 0,
        "basepairs_out": 0,
        "rightTrim": 0,
        "leftTrim": 0
    },
    "Paired_end": {
        "in": 71,
        "out": 71,
        "Read1": {
            "basepairs_in": 18815,
            "basepairs_out": 18697,
            "leftTrim": 0,
            "rightTrim": 118
        },
        "Read2": {
            "basepairs_in": 19454,
            "basepairs_out": 19369,
            "leftTrim": 0,
            "rightTrim": 85
        }
    }
  }, {
    "Program_details": {
        "program": "hts_Overlapper",
        "version": "1.3.2",
        "options": {
            "append-stats-file": "/nmspipeline//01-Processing/TRIMMER0091_P80/01-PrimerTrim/84-SMARTindex_HC_primers.log",
            "check-lengths": 20,
            "force": false,
            "force-pairs": false,
            "kmer": 8,
            "kmer-offset": 1,
            "max-mismatch": 100,
            "max-mismatch-errorDensity": 0.25,
            "min-overlap": 8,
            "notes": "",
            "number-of-threads": 1,
            "uncompressed": false
        }
    },
    "Fragment": {
        "in": 71,
        "out": 71,
        "basepairs_in": 38066,
        "basepairs_out": 28628,
        "inserts": {
            "short": 6,
            "medium": 63,
            "long": 2
        },
        "overlap_histogram": [ [19,1], [49,1], [65,1], [72,1], [262,1], [263,1], [312,1], [420,1], [427,45], [428,6], [429,7], [430,1], [438,1], [450,1] ]
    },
    "Single_end": {
        "in": 0,
        "out": 69,
        "basepairs_in": 0,
        "basepairs_out": 27566
    },
    "Paired_end": {
        "in": 71,
        "out": 2,
        "Read1": {
            "basepairs_in": 18697,
            "basepairs_out": 529
        },
        "Read2": {
            "basepairs_in": 19369,
            "basepairs_out": 533
        }
    }
  }, {
    "Program_details": {
        "program": "hts_LengthFilter",
        "version": "1.3.2",
        "options": {
            "append-stats-file": "/nmspipeline//01-Processing/TRIMMER0091_P80/01-PrimerTrim/84-SMARTindex_HC_primers.log",
            "fastq-output": "/nmspipeline//01-Processing/TRIMMER0091_P80/01-PrimerTrim/84-SMARTindex_HC_primers",
            "force": true,
            "max-length": 0,
            "min-length": 385,
            "no-orphans": false,
            "notes": "",
            "stranded": false,
            "uncompressed": false
        }
    },
    "Fragment": {
        "in": 71,
        "out": 62,
        "basepairs_in": 28628,
        "basepairs_out": 26524
    },
    "Single_end": {
        "in": 69,
        "out": 62,
        "basepairs_in": 27566,
        "basepairs_out": 26524,
        "discarded": 7
    },
    "Paired_end": {
        "in": 2,
        "out": 0,
        "discarded": 2,
        "Read1": {
            "basepairs_in": 529,
            "basepairs_out": 0,
            "discarded": 0
        },
        "Read2": {
            "basepairs_in": 533,
            "basepairs_out": 0,
            "discarded": 0
        }
    }
  }
]
