[ {
    "Program_details": {
        "program": "hts_Primers",
        "version": "1.3.2",
        "options": {
            "flip": true,
            "float": 0,
            "force": false,
            "keep": false,
            "min_primer_matches": 2,
            "notes": "",
            "primer_end_mismatches": 0,
            "primer_mismatches": 0,
            "primers_3p": "../lc_primers.fasta",
            "primers_5p": "CTCATATCAGTGGTATCAACGCAGAGTACATGGGG",
            "read1-input": [ "/nmspipeline//01-Processing/TRIMMER0091_P80/00-RawData/TRIMMER_Plate80_S2_L001_R1_001_sub.fastq.gz"],
            "read2-input": [ "/nmspipeline//01-Processing/TRIMMER0091_P80/00-RawData/TRIMMER_Plate80_S2_L001_R2_001_sub.fastq.gz"],
            "stats-file": "/nmspipeline//01-Processing/TRIMMER0091_P80/01-PrimerTrim/85-SMARTindex_LC_primers.log",
            "uncompressed": false
        },
        "primers": [ ["p5primer1","CTCATATCAGTGGTATCAACGCAGAGTACATGGGG"], ["KaLC.6_REV_LC","GGATACAGTTGGTGCAGCATC"], ["LaLC.R-mIGL","ATCGTACACACCAGTGTGGC"], ["p5primer1","CTCATATCAGTGGTATCAACGCAGAGTACATGGGG"], ["KaLC.6_REV_LC","GGATACAGTTGGTGCAGCATC"], ["LaLC.R-mIGL","ATCGTACACACCAGTGTGGC"] ]
    },
    "Fragment": {
        "in": 100000,
        "out": 349,
        "basepairs_in": 60000000,
        "basepairs_out": 189858,
        "flipped": 135,
        "primers_counts": [ ["p5primer1","LaLC.R-mIGL",2], ["None","LaLC.R-mIGL",602], ["p5primer1","None",306], ["p5primer1","KaLC.6_REV_LC",347], ["None","None",48160], ["None","KaLC.6_REV_LC",50583] ]
    },
    "Single_end": {
        "in": 0,
        "out": 0,
        "basepairs_in": 0,
        "basepairs_out": 0,
        "primerTrim": 0,
        "primerBpTrim": 0,
        "discarded": 0
    },
    "Paired_end": {
        "in": 100000,
        "out": 349,
        "discarded": 99651,
        "Read1": {
            "basepairs_in": 30000000,
            "basepairs_out": 92485,
            "primerTrim": 349,
            "primerBpTrim": 12215
        },
        "Read2": {
            "basepairs_in": 30000000,
            "basepairs_out": 97373,
            "primerTrim": 349,
            "primerBpTrim": 7327
        }
    }
  }, {
    "Program_details": {
        "program": "hts_NTrimmer",
        "version": "1.3.2",
        "options": {
            "append-stats-file": "/nmspipeline//01-Processing/TRIMMER0091_P80/01-PrimerTrim/85-SMARTindex_LC_primers.log",
            "exclude": true,
            "force": false,
            "notes": "",
            "uncompressed": false
        }
    },
    "Fragment": {
        "in": 349,
        "out": 349,
        "basepairs_in": 189858,
        "basepairs_out": 189858
    },
    "Single_end": {
        "in": 0,
        "out": 0,
        "basepairs_in": 0,
        "basepairs_out": 0,
        "rightTrim": 0,
        "leftTrim": 0,
        "discarded": 0
    },
    "Paired_end": {
        "in": 349,
        "out": 349,
        "discarded": 0,
        "Read1": {
            "basepairs_in": 92485,
            "basepairs_out": 92485,
            "leftTrim": 0,
            "rightTrim": 0
        },
        "Read2": {
            "basepairs_in": 97373,
            "basepairs_out": 97373,
            "leftTrim": 0,
            "rightTrim": 0
        }
    }
  }, {
    "Program_details": {
        "program": "hts_SeqScreener",
        "version": "1.3.2",
        "options": {
            "append-stats-file": "/nmspipeline//01-Processing/TRIMMER0091_P80/01-PrimerTrim/85-SMARTindex_LC_primers.log",
            "check-read-2": true,
            "force": false,
            "inverse": false,
            "kmer": 21,
            "notes": "",
            "percentage-hits": 0.01,
            "record": true,
            "seq": "../aberrant_LC.fasta",
            "uncompressed": false
        },
        "screen_info": {
            "screenBP": 96,
            "lookupKmers": 8
        }
    },
    "Fragment": {
        "in": 349,
        "out": 349,
        "basepairs_in": 189858,
        "basepairs_out": 189858
    },
    "Single_end": {
        "in": 0,
        "out": 0,
        "basepairs_in": 0,
        "basepairs_out": 0,
        "hits": 0
    },
    "Paired_end": {
        "in": 349,
        "out": 349,
        "hits": 53,
        "Read1": {
            "basepairs_in": 92485,
            "basepairs_out": 92485
        },
        "Read2": {
            "basepairs_in": 97373,
            "basepairs_out": 97373
        }
    }
  }, {
    "Program_details": {
        "program": "hts_QWindowTrim",
        "version": "1.3.2",
        "options": {
            "append-stats-file": "/nmspipeline//01-Processing/TRIMMER0091_P80/01-PrimerTrim/85-SMARTindex_LC_primers.log",
            "avg-qual-score": 10,
            "force": false,
            "no-left": true,
            "no-right": false,
            "notes": "",
            "qual-offset": 33,
            "uncompressed": false,
            "window-size": 10
        }
    },
    "Fragment": {
        "in": 349,
        "out": 349,
        "basepairs_in": 189858,
        "basepairs_out": 189087
    },
    "Single_end": {
        "in": 0,
        "out": 0,
        "basepairs_in": 0,
        "basepairs_out": 0,
        "rightTrim": 0,
        "leftTrim": 0
    },
    "Paired_end": {
        "in": 349,
        "out": 349,
        "Read1": {
            "basepairs_in": 92485,
            "basepairs_out": 92330,
            "leftTrim": 0,
            "rightTrim": 155
        },
        "Read2": {
            "basepairs_in": 97373,
            "basepairs_out": 96757,
            "leftTrim": 0,
            "rightTrim": 616
        }
    }
  }, {
    "Program_details": {
        "program": "hts_Overlapper",
        "version": "1.3.2",
        "options": {
            "append-stats-file": "/nmspipeline//01-Processing/TRIMMER0091_P80/01-PrimerTrim/85-SMARTindex_LC_primers.log",
            "check-lengths": 20,
            "force": false,
            "force-pairs": false,
            "kmer": 8,
            "kmer-offset": 1,
            "max-mismatch": 100,
            "max-mismatch-errorDensity": 0.25,
            "min-overlap": 8,
            "notes": "",
            "number-of-threads": 1,
            "uncompressed": false
        }
    },
    "Fragment": {
        "in": 349,
        "out": 349,
        "basepairs_in": 189087,
        "basepairs_out": 141694,
        "inserts": {
            "short": 24,
            "medium": 307,
            "long": 18
        },
        "overlap_histogram": [ [15,2], [25,1], [28,1], [42,1], [89,2], [91,1], [99,1], [111,1], [113,1], [117,1], [127,1], [140,4], [147,1], [162,1], [166,1], [175,1], [238,1], [261,1], [273,1], [279,1], [299,1], [319,1], [387,1], [389,1], [391,2], [396,1], [398,1], [399,2], [403,1], [414,1], [415,1], [417,2], [418,28], [419,1], [420,18], [421,15], [422,180], [423,30], [424,1], [425,7], [426,1], [432,1], [433,1], [437,1], [438,1], [440,1], [442,2], [444,1], [447,1], [491,1] ]
    },
    "Single_end": {
        "in": 0,
        "out": 331,
        "basepairs_in": 0,
        "basepairs_out": 131975
    },
    "Paired_end": {
        "in": 349,
        "out": 18,
        "Read1": {
            "basepairs_in": 92330,
            "basepairs_out": 4762
        },
        "Read2": {
            "basepairs_in": 96757,
            "basepairs_out": 4957
        }
    }
  }, {
    "Program_details": {
        "program": "hts_LengthFilter",
        "version": "1.3.2",
        "options": {
            "append-stats-file": "/nmspipeline//01-Processing/TRIMMER0091_P80/01-PrimerTrim/85-SMARTindex_LC_primers.log",
            "fastq-output": "/nmspipeline//01-Processing/TRIMMER0091_P80/01-PrimerTrim/85-SMARTindex_LC_primers",
            "force": true,
            "max-length": 0,
            "min-length": 385,
            "no-orphans": false,
            "notes": "",
            "stranded": false,
            "uncompressed": false
        }
    },
    "Fragment": {
        "in": 349,
        "out": 304,
        "basepairs_in": 141694,
        "basepairs_out": 128135
    },
    "Single_end": {
        "in": 331,
        "out": 304,
        "basepairs_in": 131975,
        "basepairs_out": 128135,
        "discarded": 27
    },
    "Paired_end": {
        "in": 18,
        "out": 0,
        "discarded": 18,
        "Read1": {
            "basepairs_in": 4762,
            "basepairs_out": 0,
            "discarded": 0
        },
        "Read2": {
            "basepairs_in": 4957,
            "basepairs_out": 0,
            "discarded": 0
        }
    }
  }
]
