[ {
    "Program_details": {
        "program": "hts_Primers",
        "version": "1.3.2",
        "options": {
            "flip": true,
            "float": 0,
            "force": false,
            "keep": false,
            "min_primer_matches": 2,
            "notes": "",
            "primer_end_mismatches": 0,
            "primer_mismatches": 0,
            "primers_3p": "../hc_primers.fasta",
            "primers_5p": "CTCATATCAGTGGTATCAACGCAGAGTACATGGGG",
            "read1-input": [ "/nmspipeline//01-Processing/TRIMMER0091_P80/00-RawData/TRIMMER_Plate80_S2_L001_R1_001_sub.fastq.gz"],
            "read2-input": [ "/nmspipeline//01-Processing/TRIMMER0091_P80/00-RawData/TRIMMER_Plate80_S2_L001_R2_001_sub.fastq.gz"],
            "stats-file": "/nmspipeline//01-Processing/TRIMMER0091_P80/01-PrimerTrim/85-SMARTindex_HC_primers.log",
            "uncompressed": false
        },
        "primers": [ ["p5primer1","CTCATATCAGTGGTATCAACGCAGAGTACATGGGG"], ["Ga3.10for_mIGH3","GGATAGACAGATGGGGCTGTTGTTGT"], ["Ga12HC.10_REV_CHI","ATAGACAGATGGGGGTGTCGTTTTGG"], ["p5primer1","CTCATATCAGTGGTATCAACGCAGAGTACATGGGG"], ["Ga3.10for_mIGH3","GGATAGACAGATGGGGCTGTTGTTGT"], ["Ga12HC.10_REV_CHI","ATAGACAGATGGGGGTGTCGTTTTGG"] ]
    },
    "Fragment": {
        "in": 100000,
        "out": 178,
        "basepairs_in": 60000000,
        "basepairs_out": 95942,
        "flipped": 87,
        "primers_counts": [ ["p5primer1","Ga12HC.10_REV_CHI",177], ["p5primer1","Ga3.10for_mIGH3",1], ["None","Ga3.10for_mIGH3",1141], ["p5primer1","None",477], ["None","Ga12HC.10_REV_CHI",27970], ["None","None",70234] ]
    },
    "Single_end": {
        "in": 0,
        "out": 0,
        "basepairs_in": 0,
        "basepairs_out": 0,
        "primerTrim": 0,
        "primerBpTrim": 0,
        "discarded": 0
    },
    "Paired_end": {
        "in": 100000,
        "out": 178,
        "discarded": 99822,
        "Read1": {
            "basepairs_in": 30000000,
            "basepairs_out": 47170,
            "primerTrim": 178,
            "primerBpTrim": 6230
        },
        "Read2": {
            "basepairs_in": 30000000,
            "basepairs_out": 48772,
            "primerTrim": 178,
            "primerBpTrim": 4628
        }
    }
  }, {
    "Program_details": {
        "program": "hts_NTrimmer",
        "version": "1.3.2",
        "options": {
            "append-stats-file": "/nmspipeline//01-Processing/TRIMMER0091_P80/01-PrimerTrim/85-SMARTindex_HC_primers.log",
            "exclude": true,
            "force": false,
            "notes": "",
            "uncompressed": false
        }
    },
    "Fragment": {
        "in": 178,
        "out": 178,
        "basepairs_in": 95942,
        "basepairs_out": 95942
    },
    "Single_end": {
        "in": 0,
        "out": 0,
        "basepairs_in": 0,
        "basepairs_out": 0,
        "rightTrim": 0,
        "leftTrim": 0,
        "discarded": 0
    },
    "Paired_end": {
        "in": 178,
        "out": 178,
        "discarded": 0,
        "Read1": {
            "basepairs_in": 47170,
            "basepairs_out": 47170,
            "leftTrim": 0,
            "rightTrim": 0
        },
        "Read2": {
            "basepairs_in": 48772,
            "basepairs_out": 48772,
            "leftTrim": 0,
            "rightTrim": 0
        }
    }
  }, {
    "Program_details": {
        "program": "hts_SeqScreener",
        "version": "1.3.2",
        "options": {
            "append-stats-file": "/nmspipeline//01-Processing/TRIMMER0091_P80/01-PrimerTrim/85-SMARTindex_HC_primers.log",
            "check-read-2": true,
            "force": false,
            "inverse": false,
            "kmer": 21,
            "notes": "",
            "percentage-hits": 0.01,
            "record": true,
            "seq": "../aberrant_LC.fasta",
            "uncompressed": false
        },
        "screen_info": {
            "screenBP": 96,
            "lookupKmers": 8
        }
    },
    "Fragment": {
        "in": 178,
        "out": 178,
        "basepairs_in": 95942,
        "basepairs_out": 95942
    },
    "Single_end": {
        "in": 0,
        "out": 0,
        "basepairs_in": 0,
        "basepairs_out": 0,
        "hits": 0
    },
    "Paired_end": {
        "in": 178,
        "out": 178,
        "hits": 0,
        "Read1": {
            "basepairs_in": 47170,
            "basepairs_out": 47170
        },
        "Read2": {
            "basepairs_in": 48772,
            "basepairs_out": 48772
        }
    }
  }, {
    "Program_details": {
        "program": "hts_QWindowTrim",
        "version": "1.3.2",
        "options": {
            "append-stats-file": "/nmspipeline//01-Processing/TRIMMER0091_P80/01-PrimerTrim/85-SMARTindex_HC_primers.log",
            "avg-qual-score": 10,
            "force": false,
            "no-left": true,
            "no-right": false,
            "notes": "",
            "qual-offset": 33,
            "uncompressed": false,
            "window-size": 10
        }
    },
    "Fragment": {
        "in": 178,
        "out": 178,
        "basepairs_in": 95942,
        "basepairs_out": 95531
    },
    "Single_end": {
        "in": 0,
        "out": 0,
        "basepairs_in": 0,
        "basepairs_out": 0,
        "rightTrim": 0,
        "leftTrim": 0
    },
    "Paired_end": {
        "in": 178,
        "out": 178,
        "Read1": {
            "basepairs_in": 47170,
            "basepairs_out": 46897,
            "leftTrim": 0,
            "rightTrim": 273
        },
        "Read2": {
            "basepairs_in": 48772,
            "basepairs_out": 48634,
            "leftTrim": 0,
            "rightTrim": 138
        }
    }
  }, {
    "Program_details": {
        "program": "hts_Overlapper",
        "version": "1.3.2",
        "options": {
            "append-stats-file": "/nmspipeline//01-Processing/TRIMMER0091_P80/01-PrimerTrim/85-SMARTindex_HC_primers.log",
            "check-lengths": 20,
            "force": false,
            "force-pairs": false,
            "kmer": 8,
            "kmer-offset": 1,
            "max-mismatch": 100,
            "max-mismatch-errorDensity": 0.25,
            "min-overlap": 8,
            "notes": "",
            "number-of-threads": 1,
            "uncompressed": false
        }
    },
    "Fragment": {
        "in": 178,
        "out": 178,
        "basepairs_in": 95531,
        "basepairs_out": 72605,
        "inserts": {
            "short": 18,
            "medium": 151,
            "long": 9
        },
        "overlap_histogram": [ [15,1], [24,1], [31,1], [40,1], [43,1], [58,1], [67,1], [78,1], [80,1], [102,1], [121,1], [124,1], [131,1], [134,1], [141,1], [151,1], [260,1], [273,1], [289,1], [292,1], [295,1], [314,1], [358,1], [433,2], [435,6], [439,20], [440,1], [441,101], [442,5], [443,8], [447,1], [453,1], [461,1] ]
    },
    "Single_end": {
        "in": 0,
        "out": 169,
        "basepairs_in": 0,
        "basepairs_out": 67773
    },
    "Paired_end": {
        "in": 178,
        "out": 9,
        "Read1": {
            "basepairs_in": 46897,
            "basepairs_out": 2367
        },
        "Read2": {
            "basepairs_in": 48634,
            "basepairs_out": 2465
        }
    }
  }, {
    "Program_details": {
        "program": "hts_LengthFilter",
        "version": "1.3.2",
        "options": {
            "append-stats-file": "/nmspipeline//01-Processing/TRIMMER0091_P80/01-PrimerTrim/85-SMARTindex_HC_primers.log",
            "fastq-output": "/nmspipeline//01-Processing/TRIMMER0091_P80/01-PrimerTrim/85-SMARTindex_HC_primers",
            "force": true,
            "max-length": 0,
            "min-length": 385,
            "no-orphans": false,
            "notes": "",
            "stranded": false,
            "uncompressed": false
        }
    },
    "Fragment": {
        "in": 178,
        "out": 146,
        "basepairs_in": 72605,
        "basepairs_out": 64352
    },
    "Single_end": {
        "in": 169,
        "out": 146,
        "basepairs_in": 67773,
        "basepairs_out": 64352,
        "discarded": 23
    },
    "Paired_end": {
        "in": 9,
        "out": 0,
        "discarded": 9,
        "Read1": {
            "basepairs_in": 2367,
            "basepairs_out": 0,
            "discarded": 0
        },
        "Read2": {
            "basepairs_in": 2465,
            "basepairs_out": 0,
            "discarded": 0
        }
    }
  }
]
