[ {
    "Program_details": {
        "program": "hts_Primers",
        "version": "1.3.2",
        "options": {
            "flip": true,
            "float": 0,
            "force": false,
            "keep": false,
            "min_primer_matches": 2,
            "notes": "",
            "primer_end_mismatches": 0,
            "primer_mismatches": 0,
            "primers_3p": "../hc_primers.fasta",
            "primers_5p": "CCGACCTCAGTGGTATCAACGCAGAGTACATGGGG",
            "read1-input": [ "/nmspipeline//01-Processing/TRIMMER0091_P80/00-RawData/TRIMMER_Plate80_S2_L001_R1_001_sub.fastq.gz"],
            "read2-input": [ "/nmspipeline//01-Processing/TRIMMER0091_P80/00-RawData/TRIMMER_Plate80_S2_L001_R2_001_sub.fastq.gz"],
            "stats-file": "/nmspipeline//01-Processing/TRIMMER0091_P80/01-PrimerTrim/86-SMARTindex_HC_primers.log",
            "uncompressed": false
        },
        "primers": [ ["p5primer1","CCGACCTCAGTGGTATCAACGCAGAGTACATGGGG"], ["Ga3.10for_mIGH3","GGATAGACAGATGGGGCTGTTGTTGT"], ["Ga12HC.10_REV_CHI","ATAGACAGATGGGGGTGTCGTTTTGG"], ["p5primer1","CCGACCTCAGTGGTATCAACGCAGAGTACATGGGG"], ["Ga3.10for_mIGH3","GGATAGACAGATGGGGCTGTTGTTGT"], ["Ga12HC.10_REV_CHI","ATAGACAGATGGGGGTGTCGTTTTGG"] ]
    },
    "Fragment": {
        "in": 100000,
        "out": 53,
        "basepairs_in": 60000000,
        "basepairs_out": 28567,
        "flipped": 17,
        "primers_counts": [ ["p5primer1","Ga12HC.10_REV_CHI",53], ["p5primer1","None",246], ["None","Ga3.10for_mIGH3",1142], ["None","Ga12HC.10_REV_CHI",28094], ["None","None",70465] ]
    },
    "Single_end": {
        "in": 0,
        "out": 0,
        "basepairs_in": 0,
        "basepairs_out": 0,
        "primerTrim": 0,
        "primerBpTrim": 0,
        "discarded": 0
    },
    "Paired_end": {
        "in": 100000,
        "out": 53,
        "discarded": 99947,
        "Read1": {
            "basepairs_in": 30000000,
            "basepairs_out": 14045,
            "primerTrim": 53,
            "primerBpTrim": 1855
        },
        "Read2": {
            "basepairs_in": 30000000,
            "basepairs_out": 14522,
            "primerTrim": 53,
            "primerBpTrim": 1378
        }
    }
  }, {
    "Program_details": {
        "program": "hts_NTrimmer",
        "version": "1.3.2",
        "options": {
            "append-stats-file": "/nmspipeline//01-Processing/TRIMMER0091_P80/01-PrimerTrim/86-SMARTindex_HC_primers.log",
            "exclude": true,
            "force": false,
            "notes": "",
            "uncompressed": false
        }
    },
    "Fragment": {
        "in": 53,
        "out": 53,
        "basepairs_in": 28567,
        "basepairs_out": 28567
    },
    "Single_end": {
        "in": 0,
        "out": 0,
        "basepairs_in": 0,
        "basepairs_out": 0,
        "rightTrim": 0,
        "leftTrim": 0,
        "discarded": 0
    },
    "Paired_end": {
        "in": 53,
        "out": 53,
        "discarded": 0,
        "Read1": {
            "basepairs_in": 14045,
            "basepairs_out": 14045,
            "leftTrim": 0,
            "rightTrim": 0
        },
        "Read2": {
            "basepairs_in": 14522,
            "basepairs_out": 14522,
            "leftTrim": 0,
            "rightTrim": 0
        }
    }
  }, {
    "Program_details": {
        "program": "hts_SeqScreener",
        "version": "1.3.2",
        "options": {
            "append-stats-file": "/nmspipeline//01-Processing/TRIMMER0091_P80/01-PrimerTrim/86-SMARTindex_HC_primers.log",
            "check-read-2": true,
            "force": false,
            "inverse": false,
            "kmer": 21,
            "notes": "",
            "percentage-hits": 0.01,
            "record": true,
            "seq": "../aberrant_LC.fasta",
            "uncompressed": false
        },
        "screen_info": {
            "screenBP": 96,
            "lookupKmers": 8
        }
    },
    "Fragment": {
        "in": 53,
        "out": 53,
        "basepairs_in": 28567,
        "basepairs_out": 28567
    },
    "Single_end": {
        "in": 0,
        "out": 0,
        "basepairs_in": 0,
        "basepairs_out": 0,
        "hits": 0
    },
    "Paired_end": {
        "in": 53,
        "out": 53,
        "hits": 0,
        "Read1": {
            "basepairs_in": 14045,
            "basepairs_out": 14045
        },
        "Read2": {
            "basepairs_in": 14522,
            "basepairs_out": 14522
        }
    }
  }, {
    "Program_details": {
        "program": "hts_QWindowTrim",
        "version": "1.3.2",
        "options": {
            "append-stats-file": "/nmspipeline//01-Processing/TRIMMER0091_P80/01-PrimerTrim/86-SMARTindex_HC_primers.log",
            "avg-qual-score": 10,
            "force": false,
            "no-left": true,
            "no-right": false,
            "notes": "",
            "qual-offset": 33,
            "uncompressed": false,
            "window-size": 10
        }
    },
    "Fragment": {
        "in": 53,
        "out": 53,
        "basepairs_in": 28567,
        "basepairs_out": 28399
    },
    "Single_end": {
        "in": 0,
        "out": 0,
        "basepairs_in": 0,
        "basepairs_out": 0,
        "rightTrim": 0,
        "leftTrim": 0
    },
    "Paired_end": {
        "in": 53,
        "out": 53,
        "Read1": {
            "basepairs_in": 14045,
            "basepairs_out": 13981,
            "leftTrim": 0,
            "rightTrim": 64
        },
        "Read2": {
            "basepairs_in": 14522,
            "basepairs_out": 14418,
            "leftTrim": 0,
            "rightTrim": 104
        }
    }
  }, {
    "Program_details": {
        "program": "hts_Overlapper",
        "version": "1.3.2",
        "options": {
            "append-stats-file": "/nmspipeline//01-Processing/TRIMMER0091_P80/01-PrimerTrim/86-SMARTindex_HC_primers.log",
            "check-lengths": 20,
            "force": false,
            "force-pairs": false,
            "kmer": 8,
            "kmer-offset": 1,
            "max-mismatch": 100,
            "max-mismatch-errorDensity": 0.25,
            "min-overlap": 8,
            "notes": "",
            "number-of-threads": 1,
            "uncompressed": false
        }
    },
    "Fragment": {
        "in": 53,
        "out": 53,
        "basepairs_in": 28399,
        "basepairs_out": 19010,
        "inserts": {
            "short": 18,
            "medium": 27,
            "long": 8
        },
        "overlap_histogram": [ [13,1], [32,4], [39,1], [43,1], [100,1], [151,1], [155,1], [180,1], [196,2], [201,1], [218,1], [235,1], [248,1], [258,1], [288,1], [324,1], [449,1], [451,5], [453,1], [462,1], [463,1], [464,1], [466,1], [479,2], [480,4], [483,8] ]
    },
    "Single_end": {
        "in": 0,
        "out": 45,
        "basepairs_in": 0,
        "basepairs_out": 14727
    },
    "Paired_end": {
        "in": 53,
        "out": 8,
        "Read1": {
            "basepairs_in": 13981,
            "basepairs_out": 2106
        },
        "Read2": {
            "basepairs_in": 14418,
            "basepairs_out": 2177
        }
    }
  }, {
    "Program_details": {
        "program": "hts_LengthFilter",
        "version": "1.3.2",
        "options": {
            "append-stats-file": "/nmspipeline//01-Processing/TRIMMER0091_P80/01-PrimerTrim/86-SMARTindex_HC_primers.log",
            "fastq-output": "/nmspipeline//01-Processing/TRIMMER0091_P80/01-PrimerTrim/86-SMARTindex_HC_primers",
            "force": true,
            "max-length": 0,
            "min-length": 385,
            "no-orphans": false,
            "notes": "",
            "stranded": false,
            "uncompressed": false
        }
    },
    "Fragment": {
        "in": 53,
        "out": 25,
        "basepairs_in": 19010,
        "basepairs_out": 11754
    },
    "Single_end": {
        "in": 45,
        "out": 25,
        "basepairs_in": 14727,
        "basepairs_out": 11754,
        "discarded": 20
    },
    "Paired_end": {
        "in": 8,
        "out": 0,
        "discarded": 8,
        "Read1": {
            "basepairs_in": 2106,
            "basepairs_out": 0,
            "discarded": 0
        },
        "Read2": {
            "basepairs_in": 2177,
            "basepairs_out": 0,
            "discarded": 0
        }
    }
  }
]
