[ {
    "Program_details": {
        "program": "hts_Primers",
        "version": "1.3.2",
        "options": {
            "flip": true,
            "float": 0,
            "force": false,
            "keep": false,
            "min_primer_matches": 2,
            "notes": "",
            "primer_end_mismatches": 0,
            "primer_mismatches": 0,
            "primers_3p": "../lc_primers.fasta",
            "primers_5p": "GGCCAATCAGTGGTATCAACGCAGAGTACATGGGG",
            "read1-input": [ "/nmspipeline//01-Processing/TRIMMER0091_P80/00-RawData/TRIMMER_Plate80_S2_L001_R1_001_sub.fastq.gz"],
            "read2-input": [ "/nmspipeline//01-Processing/TRIMMER0091_P80/00-RawData/TRIMMER_Plate80_S2_L001_R2_001_sub.fastq.gz"],
            "stats-file": "/nmspipeline//01-Processing/TRIMMER0091_P80/01-PrimerTrim/87-SMARTindex_LC_primers.log",
            "uncompressed": false
        },
        "primers": [ ["p5primer1","GGCCAATCAGTGGTATCAACGCAGAGTACATGGGG"], ["KaLC.6_REV_LC","GGATACAGTTGGTGCAGCATC"], ["LaLC.R-mIGL","ATCGTACACACCAGTGTGGC"], ["p5primer1","GGCCAATCAGTGGTATCAACGCAGAGTACATGGGG"], ["KaLC.6_REV_LC","GGATACAGTTGGTGCAGCATC"], ["LaLC.R-mIGL","ATCGTACACACCAGTGTGGC"] ]
    },
    "Fragment": {
        "in": 100000,
        "out": 294,
        "basepairs_in": 60000000,
        "basepairs_out": 159946,
        "flipped": 122,
        "primers_counts": [ ["p5primer1","LaLC.R-mIGL",10], ["p5primer1","None",90], ["p5primer1","KaLC.6_REV_LC",284], ["None","LaLC.R-mIGL",594], ["None","None",48376], ["None","KaLC.6_REV_LC",50646] ]
    },
    "Single_end": {
        "in": 0,
        "out": 0,
        "basepairs_in": 0,
        "basepairs_out": 0,
        "primerTrim": 0,
        "primerBpTrim": 0,
        "discarded": 0
    },
    "Paired_end": {
        "in": 100000,
        "out": 294,
        "discarded": 99706,
        "Read1": {
            "basepairs_in": 30000000,
            "basepairs_out": 77910,
            "primerTrim": 294,
            "primerBpTrim": 10290
        },
        "Read2": {
            "basepairs_in": 30000000,
            "basepairs_out": 82036,
            "primerTrim": 294,
            "primerBpTrim": 6164
        }
    }
  }, {
    "Program_details": {
        "program": "hts_NTrimmer",
        "version": "1.3.2",
        "options": {
            "append-stats-file": "/nmspipeline//01-Processing/TRIMMER0091_P80/01-PrimerTrim/87-SMARTindex_LC_primers.log",
            "exclude": true,
            "force": false,
            "notes": "",
            "uncompressed": false
        }
    },
    "Fragment": {
        "in": 294,
        "out": 294,
        "basepairs_in": 159946,
        "basepairs_out": 159946
    },
    "Single_end": {
        "in": 0,
        "out": 0,
        "basepairs_in": 0,
        "basepairs_out": 0,
        "rightTrim": 0,
        "leftTrim": 0,
        "discarded": 0
    },
    "Paired_end": {
        "in": 294,
        "out": 294,
        "discarded": 0,
        "Read1": {
            "basepairs_in": 77910,
            "basepairs_out": 77910,
            "leftTrim": 0,
            "rightTrim": 0
        },
        "Read2": {
            "basepairs_in": 82036,
            "basepairs_out": 82036,
            "leftTrim": 0,
            "rightTrim": 0
        }
    }
  }, {
    "Program_details": {
        "program": "hts_SeqScreener",
        "version": "1.3.2",
        "options": {
            "append-stats-file": "/nmspipeline//01-Processing/TRIMMER0091_P80/01-PrimerTrim/87-SMARTindex_LC_primers.log",
            "check-read-2": true,
            "force": false,
            "inverse": false,
            "kmer": 21,
            "notes": "",
            "percentage-hits": 0.01,
            "record": true,
            "seq": "../aberrant_LC.fasta",
            "uncompressed": false
        },
        "screen_info": {
            "screenBP": 96,
            "lookupKmers": 8
        }
    },
    "Fragment": {
        "in": 294,
        "out": 294,
        "basepairs_in": 159946,
        "basepairs_out": 159946
    },
    "Single_end": {
        "in": 0,
        "out": 0,
        "basepairs_in": 0,
        "basepairs_out": 0,
        "hits": 0
    },
    "Paired_end": {
        "in": 294,
        "out": 294,
        "hits": 261,
        "Read1": {
            "basepairs_in": 77910,
            "basepairs_out": 77910
        },
        "Read2": {
            "basepairs_in": 82036,
            "basepairs_out": 82036
        }
    }
  }, {
    "Program_details": {
        "program": "hts_QWindowTrim",
        "version": "1.3.2",
        "options": {
            "append-stats-file": "/nmspipeline//01-Processing/TRIMMER0091_P80/01-PrimerTrim/87-SMARTindex_LC_primers.log",
            "avg-qual-score": 10,
            "force": false,
            "no-left": true,
            "no-right": false,
            "notes": "",
            "qual-offset": 33,
            "uncompressed": false,
            "window-size": 10
        }
    },
    "Fragment": {
        "in": 294,
        "out": 294,
        "basepairs_in": 159946,
        "basepairs_out": 159490
    },
    "Single_end": {
        "in": 0,
        "out": 0,
        "basepairs_in": 0,
        "basepairs_out": 0,
        "rightTrim": 0,
        "leftTrim": 0
    },
    "Paired_end": {
        "in": 294,
        "out": 294,
        "Read1": {
            "basepairs_in": 77910,
            "basepairs_out": 77733,
            "leftTrim": 0,
            "rightTrim": 177
        },
        "Read2": {
            "basepairs_in": 82036,
            "basepairs_out": 81757,
            "leftTrim": 0,
            "rightTrim": 279
        }
    }
  }, {
    "Program_details": {
        "program": "hts_Overlapper",
        "version": "1.3.2",
        "options": {
            "append-stats-file": "/nmspipeline//01-Processing/TRIMMER0091_P80/01-PrimerTrim/87-SMARTindex_LC_primers.log",
            "check-lengths": 20,
            "force": false,
            "force-pairs": false,
            "kmer": 8,
            "kmer-offset": 1,
            "max-mismatch": 100,
            "max-mismatch-errorDensity": 0.25,
            "min-overlap": 8,
            "notes": "",
            "number-of-threads": 1,
            "uncompressed": false
        }
    },
    "Fragment": {
        "in": 294,
        "out": 294,
        "basepairs_in": 159490,
        "basepairs_out": 117468,
        "inserts": {
            "short": 24,
            "medium": 247,
            "long": 23
        },
        "overlap_histogram": [ [49,1], [52,1], [71,1], [75,1], [76,1], [100,1], [115,1], [116,1], [131,2], [156,1], [158,1], [159,1], [160,2], [162,1], [172,1], [190,1], [203,1], [219,1], [222,1], [236,1], [239,1], [255,1], [290,1], [320,4], [323,1], [324,10], [325,1], [326,1], [363,1], [366,1], [395,1], [396,1], [397,1], [398,4], [399,2], [406,1], [412,1], [413,26], [414,3], [415,1], [416,10], [417,115], [418,18], [419,7], [420,1], [421,4], [422,6], [423,10], [425,1], [431,2], [433,1], [435,2], [436,1], [440,3], [441,2], [442,2], [523,1] ]
    },
    "Single_end": {
        "in": 0,
        "out": 271,
        "basepairs_in": 0,
        "basepairs_out": 104984
    },
    "Paired_end": {
        "in": 294,
        "out": 23,
        "Read1": {
            "basepairs_in": 77733,
            "basepairs_out": 6081
        },
        "Read2": {
            "basepairs_in": 81757,
            "basepairs_out": 6403
        }
    }
  }, {
    "Program_details": {
        "program": "hts_LengthFilter",
        "version": "1.3.2",
        "options": {
            "append-stats-file": "/nmspipeline//01-Processing/TRIMMER0091_P80/01-PrimerTrim/87-SMARTindex_LC_primers.log",
            "fastq-output": "/nmspipeline//01-Processing/TRIMMER0091_P80/01-PrimerTrim/87-SMARTindex_LC_primers",
            "force": true,
            "max-length": 0,
            "min-length": 385,
            "no-orphans": false,
            "notes": "",
            "stranded": false,
            "uncompressed": false
        }
    },
    "Fragment": {
        "in": 294,
        "out": 227,
        "basepairs_in": 117468,
        "basepairs_out": 94864
    },
    "Single_end": {
        "in": 271,
        "out": 227,
        "basepairs_in": 104984,
        "basepairs_out": 94864,
        "discarded": 44
    },
    "Paired_end": {
        "in": 23,
        "out": 0,
        "discarded": 23,
        "Read1": {
            "basepairs_in": 6081,
            "basepairs_out": 0,
            "discarded": 0
        },
        "Read2": {
            "basepairs_in": 6403,
            "basepairs_out": 0,
            "discarded": 0
        }
    }
  }
]
