[ {
    "Program_details": {
        "program": "hts_Primers",
        "version": "1.3.2",
        "options": {
            "flip": true,
            "float": 0,
            "force": false,
            "keep": false,
            "min_primer_matches": 2,
            "notes": "",
            "primer_end_mismatches": 0,
            "primer_mismatches": 0,
            "primers_3p": "../lc_primers.fasta",
            "primers_5p": "AGACCATCAGTGGTATCAACGCAGAGTACATGGGG",
            "read1-input": [ "/nmspipeline/01-Processing/TRIMMER0091_P80/00-RawData/TRIMMER_Plate80_S2_L001_R1_001_sub.fastq.gz"],
            "read2-input": [ "/nmspipeline/01-Processing/TRIMMER0091_P80/00-RawData/TRIMMER_Plate80_S2_L001_R2_001_sub.fastq.gz"],
            "stats-file": "/nmspipeline/01-Processing/TRIMMER0091_P80/01-PrimerTrim/88-SMARTindex_LC_primers.log",
            "uncompressed": false
        },
        "primers": [ ["p5primer1","AGACCATCAGTGGTATCAACGCAGAGTACATGGGG"], ["KaLC.6_REV_LC","GGATACAGTTGGTGCAGCATC"], ["LaLC.R-mIGL","ATCGTACACACCAGTGTGGC"], ["p5primer1","AGACCATCAGTGGTATCAACGCAGAGTACATGGGG"], ["KaLC.6_REV_LC","GGATACAGTTGGTGCAGCATC"], ["LaLC.R-mIGL","ATCGTACACACCAGTGTGGC"] ]
    },
    "Fragment": {
        "in": 100000,
        "out": 1,
        "basepairs_in": 60000000,
        "basepairs_out": 544,
        "flipped": 0,
        "primers_counts": [ ["p5primer1","KaLC.6_REV_LC",1], ["p5primer1","None",21], ["None","LaLC.R-mIGL",604], ["None","None",48445], ["None","KaLC.6_REV_LC",50929] ]
    },
    "Single_end": {
        "in": 0,
        "out": 0,
        "basepairs_in": 0,
        "basepairs_out": 0,
        "primerTrim": 0,
        "primerBpTrim": 0,
        "discarded": 0
    },
    "Paired_end": {
        "in": 100000,
        "out": 1,
        "discarded": 99999,
        "Read1": {
            "basepairs_in": 30000000,
            "basepairs_out": 265,
            "primerTrim": 1,
            "primerBpTrim": 35
        },
        "Read2": {
            "basepairs_in": 30000000,
            "basepairs_out": 279,
            "primerTrim": 1,
            "primerBpTrim": 21
        }
    }
  }, {
    "Program_details": {
        "program": "hts_NTrimmer",
        "version": "1.3.2",
        "options": {
            "append-stats-file": "/nmspipeline/01-Processing/TRIMMER0091_P80/01-PrimerTrim/88-SMARTindex_LC_primers.log",
            "exclude": true,
            "force": false,
            "notes": "",
            "uncompressed": false
        }
    },
    "Fragment": {
        "in": 1,
        "out": 1,
        "basepairs_in": 544,
        "basepairs_out": 544
    },
    "Single_end": {
        "in": 0,
        "out": 0,
        "basepairs_in": 0,
        "basepairs_out": 0,
        "rightTrim": 0,
        "leftTrim": 0,
        "discarded": 0
    },
    "Paired_end": {
        "in": 1,
        "out": 1,
        "discarded": 0,
        "Read1": {
            "basepairs_in": 265,
            "basepairs_out": 265,
            "leftTrim": 0,
            "rightTrim": 0
        },
        "Read2": {
            "basepairs_in": 279,
            "basepairs_out": 279,
            "leftTrim": 0,
            "rightTrim": 0
        }
    }
  }, {
    "Program_details": {
        "program": "hts_SeqScreener",
        "version": "1.3.2",
        "options": {
            "append-stats-file": "/nmspipeline/01-Processing/TRIMMER0091_P80/01-PrimerTrim/88-SMARTindex_LC_primers.log",
            "check-read-2": true,
            "force": false,
            "inverse": false,
            "kmer": 21,
            "notes": "",
            "percentage-hits": 0.01,
            "record": true,
            "seq": "../aberrant_LC.fasta",
            "uncompressed": false
        },
        "screen_info": {
            "screenBP": 96,
            "lookupKmers": 8
        }
    },
    "Fragment": {
        "in": 1,
        "out": 1,
        "basepairs_in": 544,
        "basepairs_out": 544
    },
    "Single_end": {
        "in": 0,
        "out": 0,
        "basepairs_in": 0,
        "basepairs_out": 0,
        "hits": 0
    },
    "Paired_end": {
        "in": 1,
        "out": 1,
        "hits": 0,
        "Read1": {
            "basepairs_in": 265,
            "basepairs_out": 265
        },
        "Read2": {
            "basepairs_in": 279,
            "basepairs_out": 279
        }
    }
  }, {
    "Program_details": {
        "program": "hts_QWindowTrim",
        "version": "1.3.2",
        "options": {
            "append-stats-file": "/nmspipeline/01-Processing/TRIMMER0091_P80/01-PrimerTrim/88-SMARTindex_LC_primers.log",
            "avg-qual-score": 10,
            "force": false,
            "no-left": true,
            "no-right": false,
            "notes": "",
            "qual-offset": 33,
            "uncompressed": false,
            "window-size": 10
        }
    },
    "Fragment": {
        "in": 1,
        "out": 1,
        "basepairs_in": 544,
        "basepairs_out": 531
    },
    "Single_end": {
        "in": 0,
        "out": 0,
        "basepairs_in": 0,
        "basepairs_out": 0,
        "rightTrim": 0,
        "leftTrim": 0
    },
    "Paired_end": {
        "in": 1,
        "out": 1,
        "Read1": {
            "basepairs_in": 265,
            "basepairs_out": 253,
            "leftTrim": 0,
            "rightTrim": 12
        },
        "Read2": {
            "basepairs_in": 279,
            "basepairs_out": 278,
            "leftTrim": 0,
            "rightTrim": 1
        }
    }
  }, {
    "Program_details": {
        "program": "hts_Overlapper",
        "version": "1.3.2",
        "options": {
            "append-stats-file": "/nmspipeline/01-Processing/TRIMMER0091_P80/01-PrimerTrim/88-SMARTindex_LC_primers.log",
            "check-lengths": 20,
            "force": false,
            "force-pairs": false,
            "kmer": 8,
            "kmer-offset": 1,
            "max-mismatch": 100,
            "max-mismatch-errorDensity": 0.25,
            "min-overlap": 8,
            "notes": "",
            "number-of-threads": 1,
            "uncompressed": false
        }
    },
    "Fragment": {
        "in": 1,
        "out": 1,
        "basepairs_in": 531,
        "basepairs_out": 130,
        "inserts": {
            "short": 1,
            "medium": 0,
            "long": 0
        },
        "overlap_histogram": [ [130,1] ]
    },
    "Single_end": {
        "in": 0,
        "out": 1,
        "basepairs_in": 0,
        "basepairs_out": 130
    },
    "Paired_end": {
        "in": 1,
        "out": 0,
        "Read1": {
            "basepairs_in": 253,
            "basepairs_out": 0
        },
        "Read2": {
            "basepairs_in": 278,
            "basepairs_out": 0
        }
    }
  }, {
    "Program_details": {
        "program": "hts_LengthFilter",
        "version": "1.3.2",
        "options": {
            "append-stats-file": "/nmspipeline/01-Processing/TRIMMER0091_P80/01-PrimerTrim/88-SMARTindex_LC_primers.log",
            "fastq-output": "/nmspipeline/01-Processing/TRIMMER0091_P80/01-PrimerTrim/88-SMARTindex_LC_primers",
            "force": true,
            "max-length": 0,
            "min-length": 385,
            "no-orphans": false,
            "notes": "",
            "stranded": false,
            "uncompressed": false
        }
    },
    "Fragment": {
        "in": 1,
        "out": 0,
        "basepairs_in": 130,
        "basepairs_out": 0
    },
    "Single_end": {
        "in": 1,
        "out": 0,
        "basepairs_in": 130,
        "basepairs_out": 0,
        "discarded": 1
    },
    "Paired_end": {
        "in": 0,
        "out": 0,
        "discarded": 0,
        "Read1": {
            "basepairs_in": 0,
            "basepairs_out": 0,
            "discarded": 0
        },
        "Read2": {
            "basepairs_in": 0,
            "basepairs_out": 0,
            "discarded": 0
        }
    }
  }
]
