[ {
    "Program_details": {
        "program": "hts_Primers",
        "version": "1.3.2",
        "options": {
            "flip": true,
            "float": 0,
            "force": false,
            "keep": false,
            "min_primer_matches": 2,
            "notes": "",
            "primer_end_mismatches": 0,
            "primer_mismatches": 0,
            "primers_3p": "../hc_primers.fasta",
            "primers_5p": "CGCGGACAGTGGTATCAACGCAGAGTACATGGGG",
            "read1-input": [ "/nmspipeline//01-Processing/TRIMMER0091_P80/00-RawData/TRIMMER_Plate80_S2_L001_R1_001_sub.fastq.gz"],
            "read2-input": [ "/nmspipeline//01-Processing/TRIMMER0091_P80/00-RawData/TRIMMER_Plate80_S2_L001_R2_001_sub.fastq.gz"],
            "stats-file": "/nmspipeline//01-Processing/TRIMMER0091_P80/01-PrimerTrim/89-SMARTindex_HC_primers.log",
            "uncompressed": false
        },
        "primers": [ ["p5primer1","CGCGGACAGTGGTATCAACGCAGAGTACATGGGG"], ["Ga3.10for_mIGH3","GGATAGACAGATGGGGCTGTTGTTGT"], ["Ga12HC.10_REV_CHI","ATAGACAGATGGGGGTGTCGTTTTGG"], ["p5primer1","CGCGGACAGTGGTATCAACGCAGAGTACATGGGG"], ["Ga3.10for_mIGH3","GGATAGACAGATGGGGCTGTTGTTGT"], ["Ga12HC.10_REV_CHI","ATAGACAGATGGGGGTGTCGTTTTGG"] ]
    },
    "Fragment": {
        "in": 100000,
        "out": 161,
        "basepairs_in": 60000000,
        "basepairs_out": 86940,
        "flipped": 75,
        "primers_counts": [ ["p5primer1","None",380], ["p5primer1","Ga12HC.10_REV_CHI",161], ["None","Ga3.10for_mIGH3",1142], ["None","Ga12HC.10_REV_CHI",27986], ["None","None",70331] ]
    },
    "Single_end": {
        "in": 0,
        "out": 0,
        "basepairs_in": 0,
        "basepairs_out": 0,
        "primerTrim": 0,
        "primerBpTrim": 0,
        "discarded": 0
    },
    "Paired_end": {
        "in": 100000,
        "out": 161,
        "discarded": 99839,
        "Read1": {
            "basepairs_in": 30000000,
            "basepairs_out": 42826,
            "primerTrim": 161,
            "primerBpTrim": 5474
        },
        "Read2": {
            "basepairs_in": 30000000,
            "basepairs_out": 44114,
            "primerTrim": 161,
            "primerBpTrim": 4186
        }
    }
  }, {
    "Program_details": {
        "program": "hts_NTrimmer",
        "version": "1.3.2",
        "options": {
            "append-stats-file": "/nmspipeline//01-Processing/TRIMMER0091_P80/01-PrimerTrim/89-SMARTindex_HC_primers.log",
            "exclude": true,
            "force": false,
            "notes": "",
            "uncompressed": false
        }
    },
    "Fragment": {
        "in": 161,
        "out": 161,
        "basepairs_in": 86940,
        "basepairs_out": 86940
    },
    "Single_end": {
        "in": 0,
        "out": 0,
        "basepairs_in": 0,
        "basepairs_out": 0,
        "rightTrim": 0,
        "leftTrim": 0,
        "discarded": 0
    },
    "Paired_end": {
        "in": 161,
        "out": 161,
        "discarded": 0,
        "Read1": {
            "basepairs_in": 42826,
            "basepairs_out": 42826,
            "leftTrim": 0,
            "rightTrim": 0
        },
        "Read2": {
            "basepairs_in": 44114,
            "basepairs_out": 44114,
            "leftTrim": 0,
            "rightTrim": 0
        }
    }
  }, {
    "Program_details": {
        "program": "hts_SeqScreener",
        "version": "1.3.2",
        "options": {
            "append-stats-file": "/nmspipeline//01-Processing/TRIMMER0091_P80/01-PrimerTrim/89-SMARTindex_HC_primers.log",
            "check-read-2": true,
            "force": false,
            "inverse": false,
            "kmer": 21,
            "notes": "",
            "percentage-hits": 0.01,
            "record": true,
            "seq": "../aberrant_LC.fasta",
            "uncompressed": false
        },
        "screen_info": {
            "screenBP": 96,
            "lookupKmers": 8
        }
    },
    "Fragment": {
        "in": 161,
        "out": 161,
        "basepairs_in": 86940,
        "basepairs_out": 86940
    },
    "Single_end": {
        "in": 0,
        "out": 0,
        "basepairs_in": 0,
        "basepairs_out": 0,
        "hits": 0
    },
    "Paired_end": {
        "in": 161,
        "out": 161,
        "hits": 0,
        "Read1": {
            "basepairs_in": 42826,
            "basepairs_out": 42826
        },
        "Read2": {
            "basepairs_in": 44114,
            "basepairs_out": 44114
        }
    }
  }, {
    "Program_details": {
        "program": "hts_QWindowTrim",
        "version": "1.3.2",
        "options": {
            "append-stats-file": "/nmspipeline//01-Processing/TRIMMER0091_P80/01-PrimerTrim/89-SMARTindex_HC_primers.log",
            "avg-qual-score": 10,
            "force": false,
            "no-left": true,
            "no-right": false,
            "notes": "",
            "qual-offset": 33,
            "uncompressed": false,
            "window-size": 10
        }
    },
    "Fragment": {
        "in": 161,
        "out": 161,
        "basepairs_in": 86940,
        "basepairs_out": 86790
    },
    "Single_end": {
        "in": 0,
        "out": 0,
        "basepairs_in": 0,
        "basepairs_out": 0,
        "rightTrim": 0,
        "leftTrim": 0
    },
    "Paired_end": {
        "in": 161,
        "out": 161,
        "Read1": {
            "basepairs_in": 42826,
            "basepairs_out": 42745,
            "leftTrim": 0,
            "rightTrim": 81
        },
        "Read2": {
            "basepairs_in": 44114,
            "basepairs_out": 44045,
            "leftTrim": 0,
            "rightTrim": 69
        }
    }
  }, {
    "Program_details": {
        "program": "hts_Overlapper",
        "version": "1.3.2",
        "options": {
            "append-stats-file": "/nmspipeline//01-Processing/TRIMMER0091_P80/01-PrimerTrim/89-SMARTindex_HC_primers.log",
            "check-lengths": 20,
            "force": false,
            "force-pairs": false,
            "kmer": 8,
            "kmer-offset": 1,
            "max-mismatch": 100,
            "max-mismatch-errorDensity": 0.25,
            "min-overlap": 8,
            "notes": "",
            "number-of-threads": 1,
            "uncompressed": false
        }
    },
    "Fragment": {
        "in": 161,
        "out": 161,
        "basepairs_in": 86790,
        "basepairs_out": 73496,
        "inserts": {
            "short": 3,
            "medium": 149,
            "long": 9
        },
        "overlap_histogram": [ [24,1], [109,1], [189,1], [279,1], [347,1], [366,1], [376,1], [398,1], [411,1], [422,1], [430,1], [431,1], [434,1], [436,1], [440,2], [449,1], [451,2], [452,2], [458,2], [459,1], [460,10], [461,2], [463,53], [464,5], [465,10], [466,8], [467,15], [468,20], [469,3], [474,1], [485,1] ]
    },
    "Single_end": {
        "in": 0,
        "out": 152,
        "basepairs_in": 0,
        "basepairs_out": 68652
    },
    "Paired_end": {
        "in": 161,
        "out": 9,
        "Read1": {
            "basepairs_in": 42745,
            "basepairs_out": 2385
        },
        "Read2": {
            "basepairs_in": 44045,
            "basepairs_out": 2459
        }
    }
  }, {
    "Program_details": {
        "program": "hts_LengthFilter",
        "version": "1.3.2",
        "options": {
            "append-stats-file": "/nmspipeline//01-Processing/TRIMMER0091_P80/01-PrimerTrim/89-SMARTindex_HC_primers.log",
            "fastq-output": "/nmspipeline//01-Processing/TRIMMER0091_P80/01-PrimerTrim/89-SMARTindex_HC_primers",
            "force": true,
            "max-length": 0,
            "min-length": 385,
            "no-orphans": false,
            "notes": "",
            "stranded": false,
            "uncompressed": false
        }
    },
    "Fragment": {
        "in": 161,
        "out": 145,
        "basepairs_in": 73496,
        "basepairs_out": 66962
    },
    "Single_end": {
        "in": 152,
        "out": 145,
        "basepairs_in": 68652,
        "basepairs_out": 66962,
        "discarded": 7
    },
    "Paired_end": {
        "in": 9,
        "out": 0,
        "discarded": 9,
        "Read1": {
            "basepairs_in": 2385,
            "basepairs_out": 0,
            "discarded": 0
        },
        "Read2": {
            "basepairs_in": 2459,
            "basepairs_out": 0,
            "discarded": 0
        }
    }
  }
]
