[ {
    "Program_details": {
        "program": "hts_Primers",
        "version": "1.3.2",
        "options": {
            "flip": true,
            "float": 0,
            "force": false,
            "keep": false,
            "min_primer_matches": 2,
            "notes": "",
            "primer_end_mismatches": 0,
            "primer_mismatches": 0,
            "primers_3p": "../lc_primers.fasta",
            "primers_5p": "CGCGGACAGTGGTATCAACGCAGAGTACATGGGG",
            "read1-input": [ "/nmspipeline//01-Processing/TRIMMER0091_P80/00-RawData/TRIMMER_Plate80_S2_L001_R1_001_sub.fastq.gz"],
            "read2-input": [ "/nmspipeline//01-Processing/TRIMMER0091_P80/00-RawData/TRIMMER_Plate80_S2_L001_R2_001_sub.fastq.gz"],
            "stats-file": "/nmspipeline//01-Processing/TRIMMER0091_P80/01-PrimerTrim/89-SMARTindex_LC_primers.log",
            "uncompressed": false
        },
        "primers": [ ["p5primer1","CGCGGACAGTGGTATCAACGCAGAGTACATGGGG"], ["KaLC.6_REV_LC","GGATACAGTTGGTGCAGCATC"], ["LaLC.R-mIGL","ATCGTACACACCAGTGTGGC"], ["p5primer1","CGCGGACAGTGGTATCAACGCAGAGTACATGGGG"], ["KaLC.6_REV_LC","GGATACAGTTGGTGCAGCATC"], ["LaLC.R-mIGL","ATCGTACACACCAGTGTGGC"] ]
    },
    "Fragment": {
        "in": 100000,
        "out": 287,
        "basepairs_in": 60000000,
        "basepairs_out": 156417,
        "flipped": 131,
        "primers_counts": [ ["p5primer1","LaLC.R-mIGL",2], ["p5primer1","KaLC.6_REV_LC",285], ["p5primer1","None",254], ["None","LaLC.R-mIGL",602], ["None","None",48212], ["None","KaLC.6_REV_LC",50645] ]
    },
    "Single_end": {
        "in": 0,
        "out": 0,
        "basepairs_in": 0,
        "basepairs_out": 0,
        "primerTrim": 0,
        "primerBpTrim": 0,
        "discarded": 0
    },
    "Paired_end": {
        "in": 100000,
        "out": 287,
        "discarded": 99713,
        "Read1": {
            "basepairs_in": 30000000,
            "basepairs_out": 76342,
            "primerTrim": 287,
            "primerBpTrim": 9758
        },
        "Read2": {
            "basepairs_in": 30000000,
            "basepairs_out": 80075,
            "primerTrim": 287,
            "primerBpTrim": 6025
        }
    }
  }, {
    "Program_details": {
        "program": "hts_NTrimmer",
        "version": "1.3.2",
        "options": {
            "append-stats-file": "/nmspipeline//01-Processing/TRIMMER0091_P80/01-PrimerTrim/89-SMARTindex_LC_primers.log",
            "exclude": true,
            "force": false,
            "notes": "",
            "uncompressed": false
        }
    },
    "Fragment": {
        "in": 287,
        "out": 287,
        "basepairs_in": 156417,
        "basepairs_out": 156417
    },
    "Single_end": {
        "in": 0,
        "out": 0,
        "basepairs_in": 0,
        "basepairs_out": 0,
        "rightTrim": 0,
        "leftTrim": 0,
        "discarded": 0
    },
    "Paired_end": {
        "in": 287,
        "out": 287,
        "discarded": 0,
        "Read1": {
            "basepairs_in": 76342,
            "basepairs_out": 76342,
            "leftTrim": 0,
            "rightTrim": 0
        },
        "Read2": {
            "basepairs_in": 80075,
            "basepairs_out": 80075,
            "leftTrim": 0,
            "rightTrim": 0
        }
    }
  }, {
    "Program_details": {
        "program": "hts_SeqScreener",
        "version": "1.3.2",
        "options": {
            "append-stats-file": "/nmspipeline//01-Processing/TRIMMER0091_P80/01-PrimerTrim/89-SMARTindex_LC_primers.log",
            "check-read-2": true,
            "force": false,
            "inverse": false,
            "kmer": 21,
            "notes": "",
            "percentage-hits": 0.01,
            "record": true,
            "seq": "../aberrant_LC.fasta",
            "uncompressed": false
        },
        "screen_info": {
            "screenBP": 96,
            "lookupKmers": 8
        }
    },
    "Fragment": {
        "in": 287,
        "out": 287,
        "basepairs_in": 156417,
        "basepairs_out": 156417
    },
    "Single_end": {
        "in": 0,
        "out": 0,
        "basepairs_in": 0,
        "basepairs_out": 0,
        "hits": 0
    },
    "Paired_end": {
        "in": 287,
        "out": 287,
        "hits": 33,
        "Read1": {
            "basepairs_in": 76342,
            "basepairs_out": 76342
        },
        "Read2": {
            "basepairs_in": 80075,
            "basepairs_out": 80075
        }
    }
  }, {
    "Program_details": {
        "program": "hts_QWindowTrim",
        "version": "1.3.2",
        "options": {
            "append-stats-file": "/nmspipeline//01-Processing/TRIMMER0091_P80/01-PrimerTrim/89-SMARTindex_LC_primers.log",
            "avg-qual-score": 10,
            "force": false,
            "no-left": true,
            "no-right": false,
            "notes": "",
            "qual-offset": 33,
            "uncompressed": false,
            "window-size": 10
        }
    },
    "Fragment": {
        "in": 287,
        "out": 287,
        "basepairs_in": 156417,
        "basepairs_out": 155907
    },
    "Single_end": {
        "in": 0,
        "out": 0,
        "basepairs_in": 0,
        "basepairs_out": 0,
        "rightTrim": 0,
        "leftTrim": 0
    },
    "Paired_end": {
        "in": 287,
        "out": 287,
        "Read1": {
            "basepairs_in": 76342,
            "basepairs_out": 76138,
            "leftTrim": 0,
            "rightTrim": 204
        },
        "Read2": {
            "basepairs_in": 80075,
            "basepairs_out": 79769,
            "leftTrim": 0,
            "rightTrim": 306
        }
    }
  }, {
    "Program_details": {
        "program": "hts_Overlapper",
        "version": "1.3.2",
        "options": {
            "append-stats-file": "/nmspipeline//01-Processing/TRIMMER0091_P80/01-PrimerTrim/89-SMARTindex_LC_primers.log",
            "check-lengths": 20,
            "force": false,
            "force-pairs": false,
            "kmer": 8,
            "kmer-offset": 1,
            "max-mismatch": 100,
            "max-mismatch-errorDensity": 0.25,
            "min-overlap": 8,
            "notes": "",
            "number-of-threads": 1,
            "uncompressed": false
        }
    },
    "Fragment": {
        "in": 287,
        "out": 287,
        "basepairs_in": 155907,
        "basepairs_out": 115983,
        "inserts": {
            "short": 17,
            "medium": 253,
            "long": 17
        },
        "overlap_histogram": [ [15,1], [32,1], [57,1], [79,3], [99,1], [131,1], [139,2], [175,1], [177,1], [201,1], [223,1], [227,1], [258,1], [277,1], [309,1], [396,1], [398,1], [399,8], [408,1], [410,1], [411,2], [412,153], [413,38], [414,4], [415,8], [416,7], [418,13], [419,1], [421,2], [422,5], [423,4], [440,1], [444,1], [460,1] ]
    },
    "Single_end": {
        "in": 0,
        "out": 270,
        "basepairs_in": 0,
        "basepairs_out": 106781
    },
    "Paired_end": {
        "in": 287,
        "out": 17,
        "Read1": {
            "basepairs_in": 76138,
            "basepairs_out": 4498
        },
        "Read2": {
            "basepairs_in": 79769,
            "basepairs_out": 4704
        }
    }
  }, {
    "Program_details": {
        "program": "hts_LengthFilter",
        "version": "1.3.2",
        "options": {
            "append-stats-file": "/nmspipeline//01-Processing/TRIMMER0091_P80/01-PrimerTrim/89-SMARTindex_LC_primers.log",
            "fastq-output": "/nmspipeline//01-Processing/TRIMMER0091_P80/01-PrimerTrim/89-SMARTindex_LC_primers",
            "force": true,
            "max-length": 0,
            "min-length": 385,
            "no-orphans": false,
            "notes": "",
            "stranded": false,
            "uncompressed": false
        }
    },
    "Fragment": {
        "in": 287,
        "out": 252,
        "basepairs_in": 115983,
        "basepairs_out": 104085
    },
    "Single_end": {
        "in": 270,
        "out": 252,
        "basepairs_in": 106781,
        "basepairs_out": 104085,
        "discarded": 18
    },
    "Paired_end": {
        "in": 17,
        "out": 0,
        "discarded": 17,
        "Read1": {
            "basepairs_in": 4498,
            "basepairs_out": 0,
            "discarded": 0
        },
        "Read2": {
            "basepairs_in": 4704,
            "basepairs_out": 0,
            "discarded": 0
        }
    }
  }
]
