[ {
    "Program_details": {
        "program": "hts_Primers",
        "version": "1.3.2",
        "options": {
            "flip": true,
            "float": 0,
            "force": false,
            "keep": false,
            "min_primer_matches": 2,
            "notes": "",
            "primer_end_mismatches": 0,
            "primer_mismatches": 0,
            "primers_3p": "../lc_primers.fasta",
            "primers_5p": "GCGCTGCAGTGGTATCAACGCAGAGTACATGGGG",
            "read1-input": [ "/nmspipeline//01-Processing/TRIMMER0091_P80/00-RawData/TRIMMER_Plate80_S2_L001_R1_001_sub.fastq.gz"],
            "read2-input": [ "/nmspipeline//01-Processing/TRIMMER0091_P80/00-RawData/TRIMMER_Plate80_S2_L001_R2_001_sub.fastq.gz"],
            "stats-file": "/nmspipeline//01-Processing/TRIMMER0091_P80/01-PrimerTrim/91-SMARTindex_LC_primers.log",
            "uncompressed": false
        },
        "primers": [ ["p5primer1","GCGCTGCAGTGGTATCAACGCAGAGTACATGGGG"], ["KaLC.6_REV_LC","GGATACAGTTGGTGCAGCATC"], ["LaLC.R-mIGL","ATCGTACACACCAGTGTGGC"], ["p5primer1","GCGCTGCAGTGGTATCAACGCAGAGTACATGGGG"], ["KaLC.6_REV_LC","GGATACAGTTGGTGCAGCATC"], ["LaLC.R-mIGL","ATCGTACACACCAGTGTGGC"] ]
    },
    "Fragment": {
        "in": 100000,
        "out": 88,
        "basepairs_in": 60000000,
        "basepairs_out": 47960,
        "flipped": 36,
        "primers_counts": [ ["p5primer1","None",159], ["p5primer1","KaLC.6_REV_LC",88], ["None","LaLC.R-mIGL",604], ["None","None",48307], ["None","KaLC.6_REV_LC",50842] ]
    },
    "Single_end": {
        "in": 0,
        "out": 0,
        "basepairs_in": 0,
        "basepairs_out": 0,
        "primerTrim": 0,
        "primerBpTrim": 0,
        "discarded": 0
    },
    "Paired_end": {
        "in": 100000,
        "out": 88,
        "discarded": 99912,
        "Read1": {
            "basepairs_in": 30000000,
            "basepairs_out": 23408,
            "primerTrim": 88,
            "primerBpTrim": 2992
        },
        "Read2": {
            "basepairs_in": 30000000,
            "basepairs_out": 24552,
            "primerTrim": 88,
            "primerBpTrim": 1848
        }
    }
  }, {
    "Program_details": {
        "program": "hts_NTrimmer",
        "version": "1.3.2",
        "options": {
            "append-stats-file": "/nmspipeline//01-Processing/TRIMMER0091_P80/01-PrimerTrim/91-SMARTindex_LC_primers.log",
            "exclude": true,
            "force": false,
            "notes": "",
            "uncompressed": false
        }
    },
    "Fragment": {
        "in": 88,
        "out": 88,
        "basepairs_in": 47960,
        "basepairs_out": 47960
    },
    "Single_end": {
        "in": 0,
        "out": 0,
        "basepairs_in": 0,
        "basepairs_out": 0,
        "rightTrim": 0,
        "leftTrim": 0,
        "discarded": 0
    },
    "Paired_end": {
        "in": 88,
        "out": 88,
        "discarded": 0,
        "Read1": {
            "basepairs_in": 23408,
            "basepairs_out": 23408,
            "leftTrim": 0,
            "rightTrim": 0
        },
        "Read2": {
            "basepairs_in": 24552,
            "basepairs_out": 24552,
            "leftTrim": 0,
            "rightTrim": 0
        }
    }
  }, {
    "Program_details": {
        "program": "hts_SeqScreener",
        "version": "1.3.2",
        "options": {
            "append-stats-file": "/nmspipeline//01-Processing/TRIMMER0091_P80/01-PrimerTrim/91-SMARTindex_LC_primers.log",
            "check-read-2": true,
            "force": false,
            "inverse": false,
            "kmer": 21,
            "notes": "",
            "percentage-hits": 0.01,
            "record": true,
            "seq": "../aberrant_LC.fasta",
            "uncompressed": false
        },
        "screen_info": {
            "screenBP": 96,
            "lookupKmers": 8
        }
    },
    "Fragment": {
        "in": 88,
        "out": 88,
        "basepairs_in": 47960,
        "basepairs_out": 47960
    },
    "Single_end": {
        "in": 0,
        "out": 0,
        "basepairs_in": 0,
        "basepairs_out": 0,
        "hits": 0
    },
    "Paired_end": {
        "in": 88,
        "out": 88,
        "hits": 79,
        "Read1": {
            "basepairs_in": 23408,
            "basepairs_out": 23408
        },
        "Read2": {
            "basepairs_in": 24552,
            "basepairs_out": 24552
        }
    }
  }, {
    "Program_details": {
        "program": "hts_QWindowTrim",
        "version": "1.3.2",
        "options": {
            "append-stats-file": "/nmspipeline//01-Processing/TRIMMER0091_P80/01-PrimerTrim/91-SMARTindex_LC_primers.log",
            "avg-qual-score": 10,
            "force": false,
            "no-left": true,
            "no-right": false,
            "notes": "",
            "qual-offset": 33,
            "uncompressed": false,
            "window-size": 10
        }
    },
    "Fragment": {
        "in": 88,
        "out": 88,
        "basepairs_in": 47960,
        "basepairs_out": 47811
    },
    "Single_end": {
        "in": 0,
        "out": 0,
        "basepairs_in": 0,
        "basepairs_out": 0,
        "rightTrim": 0,
        "leftTrim": 0
    },
    "Paired_end": {
        "in": 88,
        "out": 88,
        "Read1": {
            "basepairs_in": 23408,
            "basepairs_out": 23343,
            "leftTrim": 0,
            "rightTrim": 65
        },
        "Read2": {
            "basepairs_in": 24552,
            "basepairs_out": 24468,
            "leftTrim": 0,
            "rightTrim": 84
        }
    }
  }, {
    "Program_details": {
        "program": "hts_Overlapper",
        "version": "1.3.2",
        "options": {
            "append-stats-file": "/nmspipeline//01-Processing/TRIMMER0091_P80/01-PrimerTrim/91-SMARTindex_LC_primers.log",
            "check-lengths": 20,
            "force": false,
            "force-pairs": false,
            "kmer": 8,
            "kmer-offset": 1,
            "max-mismatch": 100,
            "max-mismatch-errorDensity": 0.25,
            "min-overlap": 8,
            "notes": "",
            "number-of-threads": 1,
            "uncompressed": false
        }
    },
    "Fragment": {
        "in": 88,
        "out": 88,
        "basepairs_in": 47811,
        "basepairs_out": 35373,
        "inserts": {
            "short": 6,
            "medium": 77,
            "long": 5
        },
        "overlap_histogram": [ [21,1], [49,1], [61,1], [88,1], [188,1], [216,1], [364,1], [398,1], [407,1], [408,2], [409,3], [411,1], [412,4], [413,20], [414,7], [415,15], [418,5], [420,2], [421,2], [422,3], [423,4], [424,1], [434,1], [440,2], [453,1], [463,1] ]
    },
    "Single_end": {
        "in": 0,
        "out": 83,
        "basepairs_in": 0,
        "basepairs_out": 32661
    },
    "Paired_end": {
        "in": 88,
        "out": 5,
        "Read1": {
            "basepairs_in": 23343,
            "basepairs_out": 1329
        },
        "Read2": {
            "basepairs_in": 24468,
            "basepairs_out": 1383
        }
    }
  }, {
    "Program_details": {
        "program": "hts_LengthFilter",
        "version": "1.3.2",
        "options": {
            "append-stats-file": "/nmspipeline//01-Processing/TRIMMER0091_P80/01-PrimerTrim/91-SMARTindex_LC_primers.log",
            "fastq-output": "/nmspipeline//01-Processing/TRIMMER0091_P80/01-PrimerTrim/91-SMARTindex_LC_primers",
            "force": true,
            "max-length": 0,
            "min-length": 385,
            "no-orphans": false,
            "notes": "",
            "stranded": false,
            "uncompressed": false
        }
    },
    "Fragment": {
        "in": 88,
        "out": 76,
        "basepairs_in": 35373,
        "basepairs_out": 31674
    },
    "Single_end": {
        "in": 83,
        "out": 76,
        "basepairs_in": 32661,
        "basepairs_out": 31674,
        "discarded": 7
    },
    "Paired_end": {
        "in": 5,
        "out": 0,
        "discarded": 5,
        "Read1": {
            "basepairs_in": 1329,
            "basepairs_out": 0,
            "discarded": 0
        },
        "Read2": {
            "basepairs_in": 1383,
            "basepairs_out": 0,
            "discarded": 0
        }
    }
  }
]
