[ {
    "Program_details": {
        "program": "hts_Primers",
        "version": "1.3.2",
        "options": {
            "flip": true,
            "float": 0,
            "force": false,
            "keep": false,
            "min_primer_matches": 2,
            "notes": "",
            "primer_end_mismatches": 0,
            "primer_mismatches": 0,
            "primers_3p": "../hc_primers.fasta",
            "primers_5p": "GCGCTGCAGTGGTATCAACGCAGAGTACATGGGG",
            "read1-input": [ "/nmspipeline//01-Processing/TRIMMER0091_P80/00-RawData/TRIMMER_Plate80_S2_L001_R1_001_sub.fastq.gz"],
            "read2-input": [ "/nmspipeline//01-Processing/TRIMMER0091_P80/00-RawData/TRIMMER_Plate80_S2_L001_R2_001_sub.fastq.gz"],
            "stats-file": "/nmspipeline//01-Processing/TRIMMER0091_P80/01-PrimerTrim/91-SMARTindex_HC_primers.log",
            "uncompressed": false
        },
        "primers": [ ["p5primer1","GCGCTGCAGTGGTATCAACGCAGAGTACATGGGG"], ["Ga3.10for_mIGH3","GGATAGACAGATGGGGCTGTTGTTGT"], ["Ga12HC.10_REV_CHI","ATAGACAGATGGGGGTGTCGTTTTGG"], ["p5primer1","GCGCTGCAGTGGTATCAACGCAGAGTACATGGGG"], ["Ga3.10for_mIGH3","GGATAGACAGATGGGGCTGTTGTTGT"], ["Ga12HC.10_REV_CHI","ATAGACAGATGGGGGTGTCGTTTTGG"] ]
    },
    "Fragment": {
        "in": 100000,
        "out": 109,
        "basepairs_in": 60000000,
        "basepairs_out": 58860,
        "flipped": 48,
        "primers_counts": [ ["p5primer1","Ga12HC.10_REV_CHI",109], ["p5primer1","None",138], ["None","Ga3.10for_mIGH3",1142], ["None","Ga12HC.10_REV_CHI",28038], ["None","None",70573] ]
    },
    "Single_end": {
        "in": 0,
        "out": 0,
        "basepairs_in": 0,
        "basepairs_out": 0,
        "primerTrim": 0,
        "primerBpTrim": 0,
        "discarded": 0
    },
    "Paired_end": {
        "in": 100000,
        "out": 109,
        "discarded": 99891,
        "Read1": {
            "basepairs_in": 30000000,
            "basepairs_out": 28994,
            "primerTrim": 109,
            "primerBpTrim": 3706
        },
        "Read2": {
            "basepairs_in": 30000000,
            "basepairs_out": 29866,
            "primerTrim": 109,
            "primerBpTrim": 2834
        }
    }
  }, {
    "Program_details": {
        "program": "hts_NTrimmer",
        "version": "1.3.2",
        "options": {
            "append-stats-file": "/nmspipeline//01-Processing/TRIMMER0091_P80/01-PrimerTrim/91-SMARTindex_HC_primers.log",
            "exclude": true,
            "force": false,
            "notes": "",
            "uncompressed": false
        }
    },
    "Fragment": {
        "in": 109,
        "out": 109,
        "basepairs_in": 58860,
        "basepairs_out": 58860
    },
    "Single_end": {
        "in": 0,
        "out": 0,
        "basepairs_in": 0,
        "basepairs_out": 0,
        "rightTrim": 0,
        "leftTrim": 0,
        "discarded": 0
    },
    "Paired_end": {
        "in": 109,
        "out": 109,
        "discarded": 0,
        "Read1": {
            "basepairs_in": 28994,
            "basepairs_out": 28994,
            "leftTrim": 0,
            "rightTrim": 0
        },
        "Read2": {
            "basepairs_in": 29866,
            "basepairs_out": 29866,
            "leftTrim": 0,
            "rightTrim": 0
        }
    }
  }, {
    "Program_details": {
        "program": "hts_SeqScreener",
        "version": "1.3.2",
        "options": {
            "append-stats-file": "/nmspipeline//01-Processing/TRIMMER0091_P80/01-PrimerTrim/91-SMARTindex_HC_primers.log",
            "check-read-2": true,
            "force": false,
            "inverse": false,
            "kmer": 21,
            "notes": "",
            "percentage-hits": 0.01,
            "record": true,
            "seq": "../aberrant_LC.fasta",
            "uncompressed": false
        },
        "screen_info": {
            "screenBP": 96,
            "lookupKmers": 8
        }
    },
    "Fragment": {
        "in": 109,
        "out": 109,
        "basepairs_in": 58860,
        "basepairs_out": 58860
    },
    "Single_end": {
        "in": 0,
        "out": 0,
        "basepairs_in": 0,
        "basepairs_out": 0,
        "hits": 0
    },
    "Paired_end": {
        "in": 109,
        "out": 109,
        "hits": 0,
        "Read1": {
            "basepairs_in": 28994,
            "basepairs_out": 28994
        },
        "Read2": {
            "basepairs_in": 29866,
            "basepairs_out": 29866
        }
    }
  }, {
    "Program_details": {
        "program": "hts_QWindowTrim",
        "version": "1.3.2",
        "options": {
            "append-stats-file": "/nmspipeline//01-Processing/TRIMMER0091_P80/01-PrimerTrim/91-SMARTindex_HC_primers.log",
            "avg-qual-score": 10,
            "force": false,
            "no-left": true,
            "no-right": false,
            "notes": "",
            "qual-offset": 33,
            "uncompressed": false,
            "window-size": 10
        }
    },
    "Fragment": {
        "in": 109,
        "out": 109,
        "basepairs_in": 58860,
        "basepairs_out": 58610
    },
    "Single_end": {
        "in": 0,
        "out": 0,
        "basepairs_in": 0,
        "basepairs_out": 0,
        "rightTrim": 0,
        "leftTrim": 0
    },
    "Paired_end": {
        "in": 109,
        "out": 109,
        "Read1": {
            "basepairs_in": 28994,
            "basepairs_out": 28846,
            "leftTrim": 0,
            "rightTrim": 148
        },
        "Read2": {
            "basepairs_in": 29866,
            "basepairs_out": 29764,
            "leftTrim": 0,
            "rightTrim": 102
        }
    }
  }, {
    "Program_details": {
        "program": "hts_Overlapper",
        "version": "1.3.2",
        "options": {
            "append-stats-file": "/nmspipeline//01-Processing/TRIMMER0091_P80/01-PrimerTrim/91-SMARTindex_HC_primers.log",
            "check-lengths": 20,
            "force": false,
            "force-pairs": false,
            "kmer": 8,
            "kmer-offset": 1,
            "max-mismatch": 100,
            "max-mismatch-errorDensity": 0.25,
            "min-overlap": 8,
            "notes": "",
            "number-of-threads": 1,
            "uncompressed": false
        }
    },
    "Fragment": {
        "in": 109,
        "out": 109,
        "basepairs_in": 58610,
        "basepairs_out": 47618,
        "inserts": {
            "short": 6,
            "medium": 91,
            "long": 12
        },
        "overlap_histogram": [ [16,1], [21,1], [112,1], [228,1], [234,1], [236,1], [409,1], [422,2], [426,1], [434,2], [440,3], [443,2], [444,58], [445,2], [446,11], [447,1], [448,7], [452,1] ]
    },
    "Single_end": {
        "in": 0,
        "out": 97,
        "basepairs_in": 0,
        "basepairs_out": 41183
    },
    "Paired_end": {
        "in": 109,
        "out": 12,
        "Read1": {
            "basepairs_in": 28846,
            "basepairs_out": 3157
        },
        "Read2": {
            "basepairs_in": 29764,
            "basepairs_out": 3278
        }
    }
  }, {
    "Program_details": {
        "program": "hts_LengthFilter",
        "version": "1.3.2",
        "options": {
            "append-stats-file": "/nmspipeline//01-Processing/TRIMMER0091_P80/01-PrimerTrim/91-SMARTindex_HC_primers.log",
            "fastq-output": "/nmspipeline//01-Processing/TRIMMER0091_P80/01-PrimerTrim/91-SMARTindex_HC_primers",
            "force": true,
            "max-length": 0,
            "min-length": 385,
            "no-orphans": false,
            "notes": "",
            "stranded": false,
            "uncompressed": false
        }
    },
    "Fragment": {
        "in": 109,
        "out": 91,
        "basepairs_in": 47618,
        "basepairs_out": 40336
    },
    "Single_end": {
        "in": 97,
        "out": 91,
        "basepairs_in": 41183,
        "basepairs_out": 40336,
        "discarded": 6
    },
    "Paired_end": {
        "in": 12,
        "out": 0,
        "discarded": 12,
        "Read1": {
            "basepairs_in": 3157,
            "basepairs_out": 0,
            "discarded": 0
        },
        "Read2": {
            "basepairs_in": 3278,
            "basepairs_out": 0,
            "discarded": 0
        }
    }
  }
]
