[ {
    "Program_details": {
        "program": "hts_Primers",
        "version": "1.3.2",
        "options": {
            "flip": true,
            "float": 0,
            "force": false,
            "keep": false,
            "min_primer_matches": 2,
            "notes": "",
            "primer_end_mismatches": 0,
            "primer_mismatches": 0,
            "primers_3p": "../lc_primers.fasta",
            "primers_5p": "GAACCTCAGTGGTATCAACGCAGAGTACATGGGG",
            "read1-input": [ "/nmspipeline//01-Processing/TRIMMER0091_P80/00-RawData/TRIMMER_Plate80_S2_L001_R1_001_sub.fastq.gz"],
            "read2-input": [ "/nmspipeline//01-Processing/TRIMMER0091_P80/00-RawData/TRIMMER_Plate80_S2_L001_R2_001_sub.fastq.gz"],
            "stats-file": "/nmspipeline//01-Processing/TRIMMER0091_P80/01-PrimerTrim/92-SMARTindex_LC_primers.log",
            "uncompressed": false
        },
        "primers": [ ["p5primer1","GAACCTCAGTGGTATCAACGCAGAGTACATGGGG"], ["KaLC.6_REV_LC","GGATACAGTTGGTGCAGCATC"], ["LaLC.R-mIGL","ATCGTACACACCAGTGTGGC"], ["p5primer1","GAACCTCAGTGGTATCAACGCAGAGTACATGGGG"], ["KaLC.6_REV_LC","GGATACAGTTGGTGCAGCATC"], ["LaLC.R-mIGL","ATCGTACACACCAGTGTGGC"] ]
    },
    "Fragment": {
        "in": 100000,
        "out": 452,
        "basepairs_in": 60000000,
        "basepairs_out": 246346,
        "flipped": 189,
        "primers_counts": [ ["p5primer1","LaLC.R-mIGL",6], ["p5primer1","None",560], ["p5primer1","KaLC.6_REV_LC",446], ["None","LaLC.R-mIGL",598], ["None","None",47906], ["None","KaLC.6_REV_LC",50484] ]
    },
    "Single_end": {
        "in": 0,
        "out": 0,
        "basepairs_in": 0,
        "basepairs_out": 0,
        "primerTrim": 0,
        "primerBpTrim": 0,
        "discarded": 0
    },
    "Paired_end": {
        "in": 100000,
        "out": 452,
        "discarded": 99548,
        "Read1": {
            "basepairs_in": 30000000,
            "basepairs_out": 120232,
            "primerTrim": 452,
            "primerBpTrim": 15368
        },
        "Read2": {
            "basepairs_in": 30000000,
            "basepairs_out": 126114,
            "primerTrim": 452,
            "primerBpTrim": 9486
        }
    }
  }, {
    "Program_details": {
        "program": "hts_NTrimmer",
        "version": "1.3.2",
        "options": {
            "append-stats-file": "/nmspipeline//01-Processing/TRIMMER0091_P80/01-PrimerTrim/92-SMARTindex_LC_primers.log",
            "exclude": true,
            "force": false,
            "notes": "",
            "uncompressed": false
        }
    },
    "Fragment": {
        "in": 452,
        "out": 452,
        "basepairs_in": 246346,
        "basepairs_out": 246346
    },
    "Single_end": {
        "in": 0,
        "out": 0,
        "basepairs_in": 0,
        "basepairs_out": 0,
        "rightTrim": 0,
        "leftTrim": 0,
        "discarded": 0
    },
    "Paired_end": {
        "in": 452,
        "out": 452,
        "discarded": 0,
        "Read1": {
            "basepairs_in": 120232,
            "basepairs_out": 120232,
            "leftTrim": 0,
            "rightTrim": 0
        },
        "Read2": {
            "basepairs_in": 126114,
            "basepairs_out": 126114,
            "leftTrim": 0,
            "rightTrim": 0
        }
    }
  }, {
    "Program_details": {
        "program": "hts_SeqScreener",
        "version": "1.3.2",
        "options": {
            "append-stats-file": "/nmspipeline//01-Processing/TRIMMER0091_P80/01-PrimerTrim/92-SMARTindex_LC_primers.log",
            "check-read-2": true,
            "force": false,
            "inverse": false,
            "kmer": 21,
            "notes": "",
            "percentage-hits": 0.01,
            "record": true,
            "seq": "../aberrant_LC.fasta",
            "uncompressed": false
        },
        "screen_info": {
            "screenBP": 96,
            "lookupKmers": 8
        }
    },
    "Fragment": {
        "in": 452,
        "out": 452,
        "basepairs_in": 246346,
        "basepairs_out": 246346
    },
    "Single_end": {
        "in": 0,
        "out": 0,
        "basepairs_in": 0,
        "basepairs_out": 0,
        "hits": 0
    },
    "Paired_end": {
        "in": 452,
        "out": 452,
        "hits": 91,
        "Read1": {
            "basepairs_in": 120232,
            "basepairs_out": 120232
        },
        "Read2": {
            "basepairs_in": 126114,
            "basepairs_out": 126114
        }
    }
  }, {
    "Program_details": {
        "program": "hts_QWindowTrim",
        "version": "1.3.2",
        "options": {
            "append-stats-file": "/nmspipeline//01-Processing/TRIMMER0091_P80/01-PrimerTrim/92-SMARTindex_LC_primers.log",
            "avg-qual-score": 10,
            "force": false,
            "no-left": true,
            "no-right": false,
            "notes": "",
            "qual-offset": 33,
            "uncompressed": false,
            "window-size": 10
        }
    },
    "Fragment": {
        "in": 452,
        "out": 452,
        "basepairs_in": 246346,
        "basepairs_out": 245772
    },
    "Single_end": {
        "in": 0,
        "out": 0,
        "basepairs_in": 0,
        "basepairs_out": 0,
        "rightTrim": 0,
        "leftTrim": 0
    },
    "Paired_end": {
        "in": 452,
        "out": 452,
        "Read1": {
            "basepairs_in": 120232,
            "basepairs_out": 119942,
            "leftTrim": 0,
            "rightTrim": 290
        },
        "Read2": {
            "basepairs_in": 126114,
            "basepairs_out": 125830,
            "leftTrim": 0,
            "rightTrim": 284
        }
    }
  }, {
    "Program_details": {
        "program": "hts_Overlapper",
        "version": "1.3.2",
        "options": {
            "append-stats-file": "/nmspipeline//01-Processing/TRIMMER0091_P80/01-PrimerTrim/92-SMARTindex_LC_primers.log",
            "check-lengths": 20,
            "force": false,
            "force-pairs": false,
            "kmer": 8,
            "kmer-offset": 1,
            "max-mismatch": 100,
            "max-mismatch-errorDensity": 0.25,
            "min-overlap": 8,
            "notes": "",
            "number-of-threads": 1,
            "uncompressed": false
        }
    },
    "Fragment": {
        "in": 452,
        "out": 452,
        "basepairs_in": 245772,
        "basepairs_out": 194269,
        "inserts": {
            "short": 22,
            "medium": 397,
            "long": 33
        },
        "overlap_histogram": [ [14,1], [25,1], [32,1], [56,1], [60,1], [61,1], [89,2], [97,1], [107,1], [117,1], [122,1], [123,1], [125,1], [156,1], [158,1], [172,1], [177,2], [213,1], [238,1], [242,1], [313,1], [341,1], [345,1], [350,1], [366,1], [385,1], [387,1], [389,1], [390,1], [395,1], [396,1], [397,1], [398,3], [399,8], [404,1], [412,1], [415,1], [417,1], [418,17], [419,1], [420,1], [421,6], [422,10], [423,12], [424,1], [426,1], [433,1], [436,1], [437,1], [438,1], [439,1], [440,18], [441,36], [442,9], [443,4], [444,176], [445,58], [446,6], [449,1], [450,1], [453,1], [461,1], [466,1], [467,1], [470,1], [531,1], [535,1] ]
    },
    "Single_end": {
        "in": 0,
        "out": 419,
        "basepairs_in": 0,
        "basepairs_out": 176396
    },
    "Paired_end": {
        "in": 452,
        "out": 33,
        "Read1": {
            "basepairs_in": 119942,
            "basepairs_out": 8754
        },
        "Read2": {
            "basepairs_in": 125830,
            "basepairs_out": 9119
        }
    }
  }, {
    "Program_details": {
        "program": "hts_LengthFilter",
        "version": "1.3.2",
        "options": {
            "append-stats-file": "/nmspipeline//01-Processing/TRIMMER0091_P80/01-PrimerTrim/92-SMARTindex_LC_primers.log",
            "fastq-output": "/nmspipeline//01-Processing/TRIMMER0091_P80/01-PrimerTrim/92-SMARTindex_LC_primers",
            "force": true,
            "max-length": 0,
            "min-length": 385,
            "no-orphans": false,
            "notes": "",
            "stranded": false,
            "uncompressed": false
        }
    },
    "Fragment": {
        "in": 452,
        "out": 392,
        "basepairs_in": 194269,
        "basepairs_out": 172031
    },
    "Single_end": {
        "in": 419,
        "out": 392,
        "basepairs_in": 176396,
        "basepairs_out": 172031,
        "discarded": 27
    },
    "Paired_end": {
        "in": 33,
        "out": 0,
        "discarded": 33,
        "Read1": {
            "basepairs_in": 8754,
            "basepairs_out": 0,
            "discarded": 0
        },
        "Read2": {
            "basepairs_in": 9119,
            "basepairs_out": 0,
            "discarded": 0
        }
    }
  }
]
