[ {
    "Program_details": {
        "program": "hts_Primers",
        "version": "1.3.2",
        "options": {
            "flip": true,
            "float": 0,
            "force": false,
            "keep": false,
            "min_primer_matches": 2,
            "notes": "",
            "primer_end_mismatches": 0,
            "primer_mismatches": 0,
            "primers_3p": "../hc_primers.fasta",
            "primers_5p": "GAACCTCAGTGGTATCAACGCAGAGTACATGGGG",
            "read1-input": [ "/nmspipeline//01-Processing/TRIMMER0091_P80/00-RawData/TRIMMER_Plate80_S2_L001_R1_001_sub.fastq.gz"],
            "read2-input": [ "/nmspipeline//01-Processing/TRIMMER0091_P80/00-RawData/TRIMMER_Plate80_S2_L001_R2_001_sub.fastq.gz"],
            "stats-file": "/nmspipeline//01-Processing/TRIMMER0091_P80/01-PrimerTrim/92-SMARTindex_HC_primers.log",
            "uncompressed": false
        },
        "primers": [ ["p5primer1","GAACCTCAGTGGTATCAACGCAGAGTACATGGGG"], ["Ga3.10for_mIGH3","GGATAGACAGATGGGGCTGTTGTTGT"], ["Ga12HC.10_REV_CHI","ATAGACAGATGGGGGTGTCGTTTTGG"], ["p5primer1","GAACCTCAGTGGTATCAACGCAGAGTACATGGGG"], ["Ga3.10for_mIGH3","GGATAGACAGATGGGGCTGTTGTTGT"], ["Ga12HC.10_REV_CHI","ATAGACAGATGGGGGTGTCGTTTTGG"] ]
    },
    "Fragment": {
        "in": 100000,
        "out": 414,
        "basepairs_in": 60000000,
        "basepairs_out": 223560,
        "flipped": 190,
        "primers_counts": [ ["p5primer1","Ga3.10for_mIGH3",1], ["None","Ga3.10for_mIGH3",1141], ["p5primer1","Ga12HC.10_REV_CHI",413], ["p5primer1","None",598], ["None","Ga12HC.10_REV_CHI",27734], ["None","None",70113] ]
    },
    "Single_end": {
        "in": 0,
        "out": 0,
        "basepairs_in": 0,
        "basepairs_out": 0,
        "primerTrim": 0,
        "primerBpTrim": 0,
        "discarded": 0
    },
    "Paired_end": {
        "in": 100000,
        "out": 414,
        "discarded": 99586,
        "Read1": {
            "basepairs_in": 30000000,
            "basepairs_out": 110124,
            "primerTrim": 414,
            "primerBpTrim": 14076
        },
        "Read2": {
            "basepairs_in": 30000000,
            "basepairs_out": 113436,
            "primerTrim": 414,
            "primerBpTrim": 10764
        }
    }
  }, {
    "Program_details": {
        "program": "hts_NTrimmer",
        "version": "1.3.2",
        "options": {
            "append-stats-file": "/nmspipeline//01-Processing/TRIMMER0091_P80/01-PrimerTrim/92-SMARTindex_HC_primers.log",
            "exclude": true,
            "force": false,
            "notes": "",
            "uncompressed": false
        }
    },
    "Fragment": {
        "in": 414,
        "out": 414,
        "basepairs_in": 223560,
        "basepairs_out": 223560
    },
    "Single_end": {
        "in": 0,
        "out": 0,
        "basepairs_in": 0,
        "basepairs_out": 0,
        "rightTrim": 0,
        "leftTrim": 0,
        "discarded": 0
    },
    "Paired_end": {
        "in": 414,
        "out": 414,
        "discarded": 0,
        "Read1": {
            "basepairs_in": 110124,
            "basepairs_out": 110124,
            "leftTrim": 0,
            "rightTrim": 0
        },
        "Read2": {
            "basepairs_in": 113436,
            "basepairs_out": 113436,
            "leftTrim": 0,
            "rightTrim": 0
        }
    }
  }, {
    "Program_details": {
        "program": "hts_SeqScreener",
        "version": "1.3.2",
        "options": {
            "append-stats-file": "/nmspipeline//01-Processing/TRIMMER0091_P80/01-PrimerTrim/92-SMARTindex_HC_primers.log",
            "check-read-2": true,
            "force": false,
            "inverse": false,
            "kmer": 21,
            "notes": "",
            "percentage-hits": 0.01,
            "record": true,
            "seq": "../aberrant_LC.fasta",
            "uncompressed": false
        },
        "screen_info": {
            "screenBP": 96,
            "lookupKmers": 8
        }
    },
    "Fragment": {
        "in": 414,
        "out": 414,
        "basepairs_in": 223560,
        "basepairs_out": 223560
    },
    "Single_end": {
        "in": 0,
        "out": 0,
        "basepairs_in": 0,
        "basepairs_out": 0,
        "hits": 0
    },
    "Paired_end": {
        "in": 414,
        "out": 414,
        "hits": 0,
        "Read1": {
            "basepairs_in": 110124,
            "basepairs_out": 110124
        },
        "Read2": {
            "basepairs_in": 113436,
            "basepairs_out": 113436
        }
    }
  }, {
    "Program_details": {
        "program": "hts_QWindowTrim",
        "version": "1.3.2",
        "options": {
            "append-stats-file": "/nmspipeline//01-Processing/TRIMMER0091_P80/01-PrimerTrim/92-SMARTindex_HC_primers.log",
            "avg-qual-score": 10,
            "force": false,
            "no-left": true,
            "no-right": false,
            "notes": "",
            "qual-offset": 33,
            "uncompressed": false,
            "window-size": 10
        }
    },
    "Fragment": {
        "in": 414,
        "out": 414,
        "basepairs_in": 223560,
        "basepairs_out": 222918
    },
    "Single_end": {
        "in": 0,
        "out": 0,
        "basepairs_in": 0,
        "basepairs_out": 0,
        "rightTrim": 0,
        "leftTrim": 0
    },
    "Paired_end": {
        "in": 414,
        "out": 414,
        "Read1": {
            "basepairs_in": 110124,
            "basepairs_out": 109654,
            "leftTrim": 0,
            "rightTrim": 470
        },
        "Read2": {
            "basepairs_in": 113436,
            "basepairs_out": 113264,
            "leftTrim": 0,
            "rightTrim": 172
        }
    }
  }, {
    "Program_details": {
        "program": "hts_Overlapper",
        "version": "1.3.2",
        "options": {
            "append-stats-file": "/nmspipeline//01-Processing/TRIMMER0091_P80/01-PrimerTrim/92-SMARTindex_HC_primers.log",
            "check-lengths": 20,
            "force": false,
            "force-pairs": false,
            "kmer": 8,
            "kmer-offset": 1,
            "max-mismatch": 100,
            "max-mismatch-errorDensity": 0.25,
            "min-overlap": 8,
            "notes": "",
            "number-of-threads": 1,
            "uncompressed": false
        }
    },
    "Fragment": {
        "in": 414,
        "out": 414,
        "basepairs_in": 222918,
        "basepairs_out": 182515,
        "inserts": {
            "short": 18,
            "medium": 357,
            "long": 39
        },
        "overlap_histogram": [ [17,1], [22,1], [31,1], [33,1], [44,1], [46,1], [57,1], [69,2], [71,1], [72,1], [101,1], [141,1], [158,1], [195,1], [214,1], [248,1], [267,1], [282,1], [301,1], [373,1], [395,1], [423,1], [424,1], [428,1], [430,2], [433,1], [434,22], [435,2], [437,1], [440,1], [441,13], [442,18], [443,47], [444,1], [449,3], [450,5], [451,35], [452,159], [453,18], [455,11], [456,1], [461,3], [465,1], [466,1], [467,2], [468,1], [481,1], [500,1] ]
    },
    "Single_end": {
        "in": 0,
        "out": 375,
        "basepairs_in": 0,
        "basepairs_out": 161585
    },
    "Paired_end": {
        "in": 414,
        "out": 39,
        "Read1": {
            "basepairs_in": 109654,
            "basepairs_out": 10275
        },
        "Read2": {
            "basepairs_in": 113264,
            "basepairs_out": 10655
        }
    }
  }, {
    "Program_details": {
        "program": "hts_LengthFilter",
        "version": "1.3.2",
        "options": {
            "append-stats-file": "/nmspipeline//01-Processing/TRIMMER0091_P80/01-PrimerTrim/92-SMARTindex_HC_primers.log",
            "fastq-output": "/nmspipeline//01-Processing/TRIMMER0091_P80/01-PrimerTrim/92-SMARTindex_HC_primers",
            "force": true,
            "max-length": 0,
            "min-length": 385,
            "no-orphans": false,
            "notes": "",
            "stranded": false,
            "uncompressed": false
        }
    },
    "Fragment": {
        "in": 414,
        "out": 354,
        "basepairs_in": 182515,
        "basepairs_out": 158774
    },
    "Single_end": {
        "in": 375,
        "out": 354,
        "basepairs_in": 161585,
        "basepairs_out": 158774,
        "discarded": 21
    },
    "Paired_end": {
        "in": 39,
        "out": 0,
        "discarded": 39,
        "Read1": {
            "basepairs_in": 10275,
            "basepairs_out": 0,
            "discarded": 0
        },
        "Read2": {
            "basepairs_in": 10655,
            "basepairs_out": 0,
            "discarded": 0
        }
    }
  }
]
