[ {
    "Program_details": {
        "program": "hts_Primers",
        "version": "1.3.2",
        "options": {
            "flip": true,
            "float": 0,
            "force": false,
            "keep": false,
            "min_primer_matches": 2,
            "notes": "",
            "primer_end_mismatches": 0,
            "primer_mismatches": 0,
            "primers_3p": "../hc_primers.fasta",
            "primers_5p": "TTCGAGCAGTGGTATCAACGCAGAGTACATGGGG",
            "read1-input": [ "/nmspipeline//01-Processing/TRIMMER0091_P80/00-RawData/TRIMMER_Plate80_S2_L001_R1_001_sub.fastq.gz"],
            "read2-input": [ "/nmspipeline//01-Processing/TRIMMER0091_P80/00-RawData/TRIMMER_Plate80_S2_L001_R2_001_sub.fastq.gz"],
            "stats-file": "/nmspipeline//01-Processing/TRIMMER0091_P80/01-PrimerTrim/93-SMARTindex_HC_primers.log",
            "uncompressed": false
        },
        "primers": [ ["p5primer1","TTCGAGCAGTGGTATCAACGCAGAGTACATGGGG"], ["Ga3.10for_mIGH3","GGATAGACAGATGGGGCTGTTGTTGT"], ["Ga12HC.10_REV_CHI","ATAGACAGATGGGGGTGTCGTTTTGG"], ["p5primer1","TTCGAGCAGTGGTATCAACGCAGAGTACATGGGG"], ["Ga3.10for_mIGH3","GGATAGACAGATGGGGCTGTTGTTGT"], ["Ga12HC.10_REV_CHI","ATAGACAGATGGGGGTGTCGTTTTGG"] ]
    },
    "Fragment": {
        "in": 100000,
        "out": 132,
        "basepairs_in": 60000000,
        "basepairs_out": 71280,
        "flipped": 61,
        "primers_counts": [ ["p5primer1","Ga12HC.10_REV_CHI",131], ["p5primer1","Ga3.10for_mIGH3",1], ["None","Ga3.10for_mIGH3",1141], ["p5primer1","None",526], ["None","Ga12HC.10_REV_CHI",28016], ["None","None",70185] ]
    },
    "Single_end": {
        "in": 0,
        "out": 0,
        "basepairs_in": 0,
        "basepairs_out": 0,
        "primerTrim": 0,
        "primerBpTrim": 0,
        "discarded": 0
    },
    "Paired_end": {
        "in": 100000,
        "out": 132,
        "discarded": 99868,
        "Read1": {
            "basepairs_in": 30000000,
            "basepairs_out": 35112,
            "primerTrim": 132,
            "primerBpTrim": 4488
        },
        "Read2": {
            "basepairs_in": 30000000,
            "basepairs_out": 36168,
            "primerTrim": 132,
            "primerBpTrim": 3432
        }
    }
  }, {
    "Program_details": {
        "program": "hts_NTrimmer",
        "version": "1.3.2",
        "options": {
            "append-stats-file": "/nmspipeline//01-Processing/TRIMMER0091_P80/01-PrimerTrim/93-SMARTindex_HC_primers.log",
            "exclude": true,
            "force": false,
            "notes": "",
            "uncompressed": false
        }
    },
    "Fragment": {
        "in": 132,
        "out": 132,
        "basepairs_in": 71280,
        "basepairs_out": 71280
    },
    "Single_end": {
        "in": 0,
        "out": 0,
        "basepairs_in": 0,
        "basepairs_out": 0,
        "rightTrim": 0,
        "leftTrim": 0,
        "discarded": 0
    },
    "Paired_end": {
        "in": 132,
        "out": 132,
        "discarded": 0,
        "Read1": {
            "basepairs_in": 35112,
            "basepairs_out": 35112,
            "leftTrim": 0,
            "rightTrim": 0
        },
        "Read2": {
            "basepairs_in": 36168,
            "basepairs_out": 36168,
            "leftTrim": 0,
            "rightTrim": 0
        }
    }
  }, {
    "Program_details": {
        "program": "hts_SeqScreener",
        "version": "1.3.2",
        "options": {
            "append-stats-file": "/nmspipeline//01-Processing/TRIMMER0091_P80/01-PrimerTrim/93-SMARTindex_HC_primers.log",
            "check-read-2": true,
            "force": false,
            "inverse": false,
            "kmer": 21,
            "notes": "",
            "percentage-hits": 0.01,
            "record": true,
            "seq": "../aberrant_LC.fasta",
            "uncompressed": false
        },
        "screen_info": {
            "screenBP": 96,
            "lookupKmers": 8
        }
    },
    "Fragment": {
        "in": 132,
        "out": 132,
        "basepairs_in": 71280,
        "basepairs_out": 71280
    },
    "Single_end": {
        "in": 0,
        "out": 0,
        "basepairs_in": 0,
        "basepairs_out": 0,
        "hits": 0
    },
    "Paired_end": {
        "in": 132,
        "out": 132,
        "hits": 0,
        "Read1": {
            "basepairs_in": 35112,
            "basepairs_out": 35112
        },
        "Read2": {
            "basepairs_in": 36168,
            "basepairs_out": 36168
        }
    }
  }, {
    "Program_details": {
        "program": "hts_QWindowTrim",
        "version": "1.3.2",
        "options": {
            "append-stats-file": "/nmspipeline//01-Processing/TRIMMER0091_P80/01-PrimerTrim/93-SMARTindex_HC_primers.log",
            "avg-qual-score": 10,
            "force": false,
            "no-left": true,
            "no-right": false,
            "notes": "",
            "qual-offset": 33,
            "uncompressed": false,
            "window-size": 10
        }
    },
    "Fragment": {
        "in": 132,
        "out": 132,
        "basepairs_in": 71280,
        "basepairs_out": 71038
    },
    "Single_end": {
        "in": 0,
        "out": 0,
        "basepairs_in": 0,
        "basepairs_out": 0,
        "rightTrim": 0,
        "leftTrim": 0
    },
    "Paired_end": {
        "in": 132,
        "out": 132,
        "Read1": {
            "basepairs_in": 35112,
            "basepairs_out": 34944,
            "leftTrim": 0,
            "rightTrim": 168
        },
        "Read2": {
            "basepairs_in": 36168,
            "basepairs_out": 36094,
            "leftTrim": 0,
            "rightTrim": 74
        }
    }
  }, {
    "Program_details": {
        "program": "hts_Overlapper",
        "version": "1.3.2",
        "options": {
            "append-stats-file": "/nmspipeline//01-Processing/TRIMMER0091_P80/01-PrimerTrim/93-SMARTindex_HC_primers.log",
            "check-lengths": 20,
            "force": false,
            "force-pairs": false,
            "kmer": 8,
            "kmer-offset": 1,
            "max-mismatch": 100,
            "max-mismatch-errorDensity": 0.25,
            "min-overlap": 8,
            "notes": "",
            "number-of-threads": 1,
            "uncompressed": false
        }
    },
    "Fragment": {
        "in": 132,
        "out": 132,
        "basepairs_in": 71038,
        "basepairs_out": 55297,
        "inserts": {
            "short": 14,
            "medium": 111,
            "long": 7
        },
        "overlap_histogram": [ [23,1], [32,1], [51,1], [59,1], [71,1], [88,2], [124,1], [128,1], [201,1], [221,1], [224,1], [233,1], [263,1], [296,1], [380,1], [400,1], [407,1], [418,2], [421,3], [422,1], [425,2], [429,1], [440,1], [441,2], [443,2], [444,2], [445,12], [446,1], [448,2], [449,1], [451,4], [452,1], [453,3], [454,26], [455,2], [456,10], [457,5], [458,9], [459,9], [460,1], [461,1], [464,1], [465,1], [466,1], [467,1] ]
    },
    "Single_end": {
        "in": 0,
        "out": 125,
        "basepairs_in": 0,
        "basepairs_out": 51526
    },
    "Paired_end": {
        "in": 132,
        "out": 7,
        "Read1": {
            "basepairs_in": 34944,
            "basepairs_out": 1855
        },
        "Read2": {
            "basepairs_in": 36094,
            "basepairs_out": 1916
        }
    }
  }, {
    "Program_details": {
        "program": "hts_LengthFilter",
        "version": "1.3.2",
        "options": {
            "append-stats-file": "/nmspipeline//01-Processing/TRIMMER0091_P80/01-PrimerTrim/93-SMARTindex_HC_primers.log",
            "fastq-output": "/nmspipeline//01-Processing/TRIMMER0091_P80/01-PrimerTrim/93-SMARTindex_HC_primers",
            "force": true,
            "max-length": 0,
            "min-length": 385,
            "no-orphans": false,
            "notes": "",
            "stranded": false,
            "uncompressed": false
        }
    },
    "Fragment": {
        "in": 132,
        "out": 109,
        "basepairs_in": 55297,
        "basepairs_out": 49044
    },
    "Single_end": {
        "in": 125,
        "out": 109,
        "basepairs_in": 51526,
        "basepairs_out": 49044,
        "discarded": 16
    },
    "Paired_end": {
        "in": 7,
        "out": 0,
        "discarded": 7,
        "Read1": {
            "basepairs_in": 1855,
            "basepairs_out": 0,
            "discarded": 0
        },
        "Read2": {
            "basepairs_in": 1916,
            "basepairs_out": 0,
            "discarded": 0
        }
    }
  }
]
