[ {
    "Program_details": {
        "program": "hts_Primers",
        "version": "1.3.2",
        "options": {
            "flip": true,
            "float": 0,
            "force": false,
            "keep": false,
            "min_primer_matches": 2,
            "notes": "",
            "primer_end_mismatches": 0,
            "primer_mismatches": 0,
            "primers_3p": "../hc_primers.fasta",
            "primers_5p": "AGAATCCAGTGGTATCAACGCAGAGTACATGGGG",
            "read1-input": [ "/nmspipeline//01-Processing/TRIMMER0091_P80/00-RawData/TRIMMER_Plate80_S2_L001_R1_001_sub.fastq.gz"],
            "read2-input": [ "/nmspipeline//01-Processing/TRIMMER0091_P80/00-RawData/TRIMMER_Plate80_S2_L001_R2_001_sub.fastq.gz"],
            "stats-file": "/nmspipeline//01-Processing/TRIMMER0091_P80/01-PrimerTrim/94-SMARTindex_HC_primers.log",
            "uncompressed": false
        },
        "primers": [ ["p5primer1","AGAATCCAGTGGTATCAACGCAGAGTACATGGGG"], ["Ga3.10for_mIGH3","GGATAGACAGATGGGGCTGTTGTTGT"], ["Ga12HC.10_REV_CHI","ATAGACAGATGGGGGTGTCGTTTTGG"], ["p5primer1","AGAATCCAGTGGTATCAACGCAGAGTACATGGGG"], ["Ga3.10for_mIGH3","GGATAGACAGATGGGGCTGTTGTTGT"], ["Ga12HC.10_REV_CHI","ATAGACAGATGGGGGTGTCGTTTTGG"] ]
    },
    "Fragment": {
        "in": 100000,
        "out": 173,
        "basepairs_in": 60000000,
        "basepairs_out": 93420,
        "flipped": 76,
        "primers_counts": [ ["p5primer1","Ga12HC.10_REV_CHI",171], ["p5primer1","None",553], ["p5primer1","Ga3.10for_mIGH3",2], ["None","Ga3.10for_mIGH3",1140], ["None","Ga12HC.10_REV_CHI",27976], ["None","None",70158] ]
    },
    "Single_end": {
        "in": 0,
        "out": 0,
        "basepairs_in": 0,
        "basepairs_out": 0,
        "primerTrim": 0,
        "primerBpTrim": 0,
        "discarded": 0
    },
    "Paired_end": {
        "in": 100000,
        "out": 173,
        "discarded": 99827,
        "Read1": {
            "basepairs_in": 30000000,
            "basepairs_out": 46018,
            "primerTrim": 173,
            "primerBpTrim": 5882
        },
        "Read2": {
            "basepairs_in": 30000000,
            "basepairs_out": 47402,
            "primerTrim": 173,
            "primerBpTrim": 4498
        }
    }
  }, {
    "Program_details": {
        "program": "hts_NTrimmer",
        "version": "1.3.2",
        "options": {
            "append-stats-file": "/nmspipeline//01-Processing/TRIMMER0091_P80/01-PrimerTrim/94-SMARTindex_HC_primers.log",
            "exclude": true,
            "force": false,
            "notes": "",
            "uncompressed": false
        }
    },
    "Fragment": {
        "in": 173,
        "out": 173,
        "basepairs_in": 93420,
        "basepairs_out": 93420
    },
    "Single_end": {
        "in": 0,
        "out": 0,
        "basepairs_in": 0,
        "basepairs_out": 0,
        "rightTrim": 0,
        "leftTrim": 0,
        "discarded": 0
    },
    "Paired_end": {
        "in": 173,
        "out": 173,
        "discarded": 0,
        "Read1": {
            "basepairs_in": 46018,
            "basepairs_out": 46018,
            "leftTrim": 0,
            "rightTrim": 0
        },
        "Read2": {
            "basepairs_in": 47402,
            "basepairs_out": 47402,
            "leftTrim": 0,
            "rightTrim": 0
        }
    }
  }, {
    "Program_details": {
        "program": "hts_SeqScreener",
        "version": "1.3.2",
        "options": {
            "append-stats-file": "/nmspipeline//01-Processing/TRIMMER0091_P80/01-PrimerTrim/94-SMARTindex_HC_primers.log",
            "check-read-2": true,
            "force": false,
            "inverse": false,
            "kmer": 21,
            "notes": "",
            "percentage-hits": 0.01,
            "record": true,
            "seq": "../aberrant_LC.fasta",
            "uncompressed": false
        },
        "screen_info": {
            "screenBP": 96,
            "lookupKmers": 8
        }
    },
    "Fragment": {
        "in": 173,
        "out": 173,
        "basepairs_in": 93420,
        "basepairs_out": 93420
    },
    "Single_end": {
        "in": 0,
        "out": 0,
        "basepairs_in": 0,
        "basepairs_out": 0,
        "hits": 0
    },
    "Paired_end": {
        "in": 173,
        "out": 173,
        "hits": 0,
        "Read1": {
            "basepairs_in": 46018,
            "basepairs_out": 46018
        },
        "Read2": {
            "basepairs_in": 47402,
            "basepairs_out": 47402
        }
    }
  }, {
    "Program_details": {
        "program": "hts_QWindowTrim",
        "version": "1.3.2",
        "options": {
            "append-stats-file": "/nmspipeline//01-Processing/TRIMMER0091_P80/01-PrimerTrim/94-SMARTindex_HC_primers.log",
            "avg-qual-score": 10,
            "force": false,
            "no-left": true,
            "no-right": false,
            "notes": "",
            "qual-offset": 33,
            "uncompressed": false,
            "window-size": 10
        }
    },
    "Fragment": {
        "in": 173,
        "out": 173,
        "basepairs_in": 93420,
        "basepairs_out": 92994
    },
    "Single_end": {
        "in": 0,
        "out": 0,
        "basepairs_in": 0,
        "basepairs_out": 0,
        "rightTrim": 0,
        "leftTrim": 0
    },
    "Paired_end": {
        "in": 173,
        "out": 173,
        "Read1": {
            "basepairs_in": 46018,
            "basepairs_out": 45821,
            "leftTrim": 0,
            "rightTrim": 197
        },
        "Read2": {
            "basepairs_in": 47402,
            "basepairs_out": 47173,
            "leftTrim": 0,
            "rightTrim": 229
        }
    }
  }, {
    "Program_details": {
        "program": "hts_Overlapper",
        "version": "1.3.2",
        "options": {
            "append-stats-file": "/nmspipeline//01-Processing/TRIMMER0091_P80/01-PrimerTrim/94-SMARTindex_HC_primers.log",
            "check-lengths": 20,
            "force": false,
            "force-pairs": false,
            "kmer": 8,
            "kmer-offset": 1,
            "max-mismatch": 100,
            "max-mismatch-errorDensity": 0.25,
            "min-overlap": 8,
            "notes": "",
            "number-of-threads": 1,
            "uncompressed": false
        }
    },
    "Fragment": {
        "in": 173,
        "out": 173,
        "basepairs_in": 92994,
        "basepairs_out": 73451,
        "inserts": {
            "short": 22,
            "medium": 139,
            "long": 12
        },
        "overlap_histogram": [ [29,1], [31,1], [32,2], [50,1], [54,1], [72,1], [109,1], [117,1], [145,1], [186,1], [189,4], [190,1], [192,1], [194,1], [218,1], [231,1], [253,2], [275,1], [363,1], [369,1], [374,1], [375,1], [452,7], [453,1], [457,1], [458,1], [460,10], [461,3], [462,6], [463,51], [464,3], [465,10], [466,11], [467,16], [468,10], [469,3], [478,1] ]
    },
    "Single_end": {
        "in": 0,
        "out": 161,
        "basepairs_in": 0,
        "basepairs_out": 67005
    },
    "Paired_end": {
        "in": 173,
        "out": 12,
        "Read1": {
            "basepairs_in": 45821,
            "basepairs_out": 3179
        },
        "Read2": {
            "basepairs_in": 47173,
            "basepairs_out": 3267
        }
    }
  }, {
    "Program_details": {
        "program": "hts_LengthFilter",
        "version": "1.3.2",
        "options": {
            "append-stats-file": "/nmspipeline//01-Processing/TRIMMER0091_P80/01-PrimerTrim/94-SMARTindex_HC_primers.log",
            "fastq-output": "/nmspipeline//01-Processing/TRIMMER0091_P80/01-PrimerTrim/94-SMARTindex_HC_primers",
            "force": true,
            "max-length": 0,
            "min-length": 385,
            "no-orphans": false,
            "notes": "",
            "stranded": false,
            "uncompressed": false
        }
    },
    "Fragment": {
        "in": 173,
        "out": 134,
        "basepairs_in": 73451,
        "basepairs_out": 62105
    },
    "Single_end": {
        "in": 161,
        "out": 134,
        "basepairs_in": 67005,
        "basepairs_out": 62105,
        "discarded": 27
    },
    "Paired_end": {
        "in": 12,
        "out": 0,
        "discarded": 12,
        "Read1": {
            "basepairs_in": 3179,
            "basepairs_out": 0,
            "discarded": 0
        },
        "Read2": {
            "basepairs_in": 3267,
            "basepairs_out": 0,
            "discarded": 0
        }
    }
  }
]
